<?xml version="1.0" encoding="UTF-8"?>
<testsuite xmlns:xsi="http://www.w3.org/2001/XMLSchema-instance" xsi:noNamespaceSchemaLocation="https://maven.apache.org/surefire/maven-surefire-plugin/xsd/surefire-test-report-3.0.xsd" version="3.0" name="TestSuite" time="72.219" tests="9" errors="0" skipped="0" failures="0">
  <properties>
    <property name="java.specification.version" value="20"/>
    <property name="sun.cpu.isalist" value="amd64"/>
    <property name="sun.jnu.encoding" value="Cp1252"/>
    <property name="java.class.path" value="C:\E\workspaces\workSpace_RestAssured_P1\restApi_November\target\test-classes;C:\E\workspaces\workSpace_RestAssured_P1\restApi_November\target\classes;C:\Users\Parag\.m2\repository\org\seleniumhq\selenium\selenium-java\4.9.1\selenium-java-4.9.1.jar;C:\Users\Parag\.m2\repository\org\seleniumhq\selenium\selenium-api\4.9.1\selenium-api-4.9.1.jar;C:\Users\Parag\.m2\repository\org\seleniumhq\selenium\selenium-chrome-driver\4.9.1\selenium-chrome-driver-4.9.1.jar;C:\Users\Parag\.m2\repository\com\google\auto\service\auto-service-annotations\1.0.1\auto-service-annotations-1.0.1.jar;C:\Users\Parag\.m2\repository\com\google\auto\service\auto-service\1.0.1\auto-service-1.0.1.jar;C:\Users\Parag\.m2\repository\com\google\auto\auto-common\1.2\auto-common-1.2.jar;C:\Users\Parag\.m2\repository\org\seleniumhq\selenium\selenium-chromium-driver\4.9.1\selenium-chromium-driver-4.9.1.jar;C:\Users\Parag\.m2\repository\org\seleniumhq\selenium\selenium-json\4.9.1\selenium-json-4.9.1.jar;C:\Users\Parag\.m2\repository\org\seleniumhq\selenium\selenium-manager\4.9.1\selenium-manager-4.9.1.jar;C:\Users\Parag\.m2\repository\org\seleniumhq\selenium\selenium-devtools-v111\4.9.1\selenium-devtools-v111-4.9.1.jar;C:\Users\Parag\.m2\repository\org\seleniumhq\selenium\selenium-devtools-v112\4.9.1\selenium-devtools-v112-4.9.1.jar;C:\Users\Parag\.m2\repository\org\seleniumhq\selenium\selenium-devtools-v113\4.9.1\selenium-devtools-v113-4.9.1.jar;C:\Users\Parag\.m2\repository\org\seleniumhq\selenium\selenium-devtools-v85\4.9.1\selenium-devtools-v85-4.9.1.jar;C:\Users\Parag\.m2\repository\org\seleniumhq\selenium\selenium-edge-driver\4.9.1\selenium-edge-driver-4.9.1.jar;C:\Users\Parag\.m2\repository\org\seleniumhq\selenium\selenium-firefox-driver\4.9.1\selenium-firefox-driver-4.9.1.jar;C:\Users\Parag\.m2\repository\org\seleniumhq\selenium\selenium-http\4.9.1\selenium-http-4.9.1.jar;C:\Users\Parag\.m2\repository\dev\failsafe\failsafe\3.3.1\failsafe-3.3.1.jar;C:\Users\Parag\.m2\repository\org\seleniumhq\selenium\selenium-ie-driver\4.9.1\selenium-ie-driver-4.9.1.jar;C:\Users\Parag\.m2\repository\org\seleniumhq\selenium\selenium-remote-driver\4.9.1\selenium-remote-driver-4.9.1.jar;C:\Users\Parag\.m2\repository\io\netty\netty-buffer\4.1.91.Final\netty-buffer-4.1.91.Final.jar;C:\Users\Parag\.m2\repository\io\netty\netty-codec-http\4.1.91.Final\netty-codec-http-4.1.91.Final.jar;C:\Users\Parag\.m2\repository\io\netty\netty-codec\4.1.91.Final\netty-codec-4.1.91.Final.jar;C:\Users\Parag\.m2\repository\io\netty\netty-handler\4.1.91.Final\netty-handler-4.1.91.Final.jar;C:\Users\Parag\.m2\repository\io\netty\netty-common\4.1.91.Final\netty-common-4.1.91.Final.jar;C:\Users\Parag\.m2\repository\io\netty\netty-transport-classes-epoll\4.1.91.Final\netty-transport-classes-epoll-4.1.91.Final.jar;C:\Users\Parag\.m2\repository\io\netty\netty-transport-classes-kqueue\4.1.91.Final\netty-transport-classes-kqueue-4.1.91.Final.jar;C:\Users\Parag\.m2\repository\io\netty\netty-transport-native-epoll\4.1.91.Final\netty-transport-native-epoll-4.1.91.Final.jar;C:\Users\Parag\.m2\repository\io\netty\netty-transport-native-kqueue\4.1.91.Final\netty-transport-native-kqueue-4.1.91.Final.jar;C:\Users\Parag\.m2\repository\io\netty\netty-transport-native-unix-common\4.1.91.Final\netty-transport-native-unix-common-4.1.91.Final.jar;C:\Users\Parag\.m2\repository\io\netty\netty-transport\4.1.91.Final\netty-transport-4.1.91.Final.jar;C:\Users\Parag\.m2\repository\io\netty\netty-resolver\4.1.91.Final\netty-resolver-4.1.91.Final.jar;C:\Users\Parag\.m2\repository\io\opentelemetry\opentelemetry-api\1.25.0\opentelemetry-api-1.25.0.jar;C:\Users\Parag\.m2\repository\io\opentelemetry\opentelemetry-context\1.25.0\opentelemetry-context-1.25.0.jar;C:\Users\Parag\.m2\repository\io\opentelemetry\opentelemetry-exporter-logging\1.25.0\opentelemetry-exporter-logging-1.25.0.jar;C:\Users\Parag\.m2\repository\io\opentelemetry\opentelemetry-sdk-metrics\1.25.0\opentelemetry-sdk-metrics-1.25.0.jar;C:\Users\Parag\.m2\repository\io\opentelemetry\opentelemetry-sdk-logs\1.25.0-alpha\opentelemetry-sdk-logs-1.25.0-alpha.jar;C:\Users\Parag\.m2\repository\io\opentelemetry\opentelemetry-api-logs\1.25.0-alpha\opentelemetry-api-logs-1.25.0-alpha.jar;C:\Users\Parag\.m2\repository\io\opentelemetry\opentelemetry-api-events\1.25.0-alpha\opentelemetry-api-events-1.25.0-alpha.jar;C:\Users\Parag\.m2\repository\io\opentelemetry\opentelemetry-sdk-common\1.25.0\opentelemetry-sdk-common-1.25.0.jar;C:\Users\Parag\.m2\repository\io\opentelemetry\opentelemetry-sdk-extension-autoconfigure-spi\1.25.0\opentelemetry-sdk-extension-autoconfigure-spi-1.25.0.jar;C:\Users\Parag\.m2\repository\io\opentelemetry\opentelemetry-sdk-extension-autoconfigure\1.25.0-alpha\opentelemetry-sdk-extension-autoconfigure-1.25.0-alpha.jar;C:\Users\Parag\.m2\repository\io\opentelemetry\opentelemetry-sdk-trace\1.25.0\opentelemetry-sdk-trace-1.25.0.jar;C:\Users\Parag\.m2\repository\io\opentelemetry\opentelemetry-sdk\1.25.0\opentelemetry-sdk-1.25.0.jar;C:\Users\Parag\.m2\repository\io\opentelemetry\opentelemetry-semconv\1.25.0-alpha\opentelemetry-semconv-1.25.0-alpha.jar;C:\Users\Parag\.m2\repository\io\ous\jtoml\2.0.0\jtoml-2.0.0.jar;C:\Users\Parag\.m2\repository\net\bytebuddy\byte-buddy\1.14.4\byte-buddy-1.14.4.jar;C:\Users\Parag\.m2\repository\org\apache\commons\commons-exec\1.3\commons-exec-1.3.jar;C:\Users\Parag\.m2\repository\org\asynchttpclient\async-http-client\2.12.3\async-http-client-2.12.3.jar;C:\Users\Parag\.m2\repository\org\asynchttpclient\async-http-client-netty-utils\2.12.3\async-http-client-netty-utils-2.12.3.jar;C:\Users\Parag\.m2\repository\io\netty\netty-codec-socks\4.1.60.Final\netty-codec-socks-4.1.60.Final.jar;C:\Users\Parag\.m2\repository\io\netty\netty-handler-proxy\4.1.60.Final\netty-handler-proxy-4.1.60.Final.jar;C:\Users\Parag\.m2\repository\io\netty\netty-transport-native-epoll\4.1.60.Final\netty-transport-native-epoll-4.1.60.Final-linux-x86_64.jar;C:\Users\Parag\.m2\repository\io\netty\netty-transport-native-kqueue\4.1.60.Final\netty-transport-native-kqueue-4.1.60.Final-osx-x86_64.jar;C:\Users\Parag\.m2\repository\com\typesafe\netty\netty-reactive-streams\2.0.4\netty-reactive-streams-2.0.4.jar;C:\Users\Parag\.m2\repository\com\sun\activation\jakarta.activation\1.2.2\jakarta.activation-1.2.2.jar;C:\Users\Parag\.m2\repository\org\seleniumhq\selenium\selenium-safari-driver\4.9.1\selenium-safari-driver-4.9.1.jar;C:\Users\Parag\.m2\repository\org\seleniumhq\selenium\selenium-support\4.9.1\selenium-support-4.9.1.jar;C:\Users\Parag\.m2\repository\io\github\bonigarcia\webdrivermanager\5.3.3\webdrivermanager-5.3.3.jar;C:\Users\Parag\.m2\repository\org\slf4j\slf4j-api\2.0.7\slf4j-api-2.0.7.jar;C:\Users\Parag\.m2\repository\com\github\docker-java\docker-java\3.3.0\docker-java-3.3.0.jar;C:\Users\Parag\.m2\repository\com\github\docker-java\docker-java-core\3.3.0\docker-java-core-3.3.0.jar;C:\Users\Parag\.m2\repository\com\github\docker-java\docker-java-api\3.3.0\docker-java-api-3.3.0.jar;C:\Users\Parag\.m2\repository\org\bouncycastle\bcpkix-jdk15on\1.64\bcpkix-jdk15on-1.64.jar;C:\Users\Parag\.m2\repository\org\bouncycastle\bcprov-jdk15on\1.64\bcprov-jdk15on-1.64.jar;C:\Users\Parag\.m2\repository\org\slf4j\jcl-over-slf4j\1.7.30\jcl-over-slf4j-1.7.30.jar;C:\Users\Parag\.m2\repository\com\github\docker-java\docker-java-transport-httpclient5\3.3.0\docker-java-transport-httpclient5-3.3.0.jar;C:\Users\Parag\.m2\repository\com\github\docker-java\docker-java-transport\3.3.0\docker-java-transport-3.3.0.jar;C:\Users\Parag\.m2\repository\net\java\dev\jna\jna\5.12.1\jna-5.12.1.jar;C:\Users\Parag\.m2\repository\org\brotli\dec\0.1.2\dec-0.1.2.jar;C:\Users\Parag\.m2\repository\org\apache\commons\commons-lang3\3.12.0\commons-lang3-3.12.0.jar;C:\Users\Parag\.m2\repository\org\apache\httpcomponents\client5\httpclient5\5.2.1\httpclient5-5.2.1.jar;C:\Users\Parag\.m2\repository\org\apache\httpcomponents\core5\httpcore5\5.2\httpcore5-5.2.jar;C:\Users\Parag\.m2\repository\org\apache\httpcomponents\core5\httpcore5-h2\5.2\httpcore5-h2-5.2.jar;C:\Users\Parag\.m2\repository\commons-io\commons-io\2.12.0\commons-io-2.12.0.jar;C:\Users\Parag\.m2\repository\org\testng\testng\7.8.0\testng-7.8.0.jar;C:\Users\Parag\.m2\repository\com\beust\jcommander\1.82\jcommander-1.82.jar;C:\Users\Parag\.m2\repository\org\webjars\jquery\3.6.1\jquery-3.6.1.jar;C:\Users\Parag\.m2\repository\org\apache\poi\poi-ooxml\5.2.3\poi-ooxml-5.2.3.jar;C:\Users\Parag\.m2\repository\org\apache\poi\poi-ooxml-lite\5.2.3\poi-ooxml-lite-5.2.3.jar;C:\Users\Parag\.m2\repository\org\apache\xmlbeans\xmlbeans\5.1.1\xmlbeans-5.1.1.jar;C:\Users\Parag\.m2\repository\org\apache\commons\commons-compress\1.21\commons-compress-1.21.jar;C:\Users\Parag\.m2\repository\com\github\virtuald\curvesapi\1.07\curvesapi-1.07.jar;C:\Users\Parag\.m2\repository\org\apache\commons\commons-collections4\4.4\commons-collections4-4.4.jar;C:\Users\Parag\.m2\repository\org\apache\poi\poi\5.2.3\poi-5.2.3.jar;C:\Users\Parag\.m2\repository\commons-codec\commons-codec\1.15\commons-codec-1.15.jar;C:\Users\Parag\.m2\repository\org\apache\commons\commons-math3\3.6.1\commons-math3-3.6.1.jar;C:\Users\Parag\.m2\repository\com\zaxxer\SparseBitSet\1.2\SparseBitSet-1.2.jar;C:\Users\Parag\.m2\repository\com\guicedee\services\apache-poi-ooxml\62\apache-poi-ooxml-62.jar;C:\Users\Parag\.m2\repository\com\guicedee\services\commons-compress\62\commons-compress-62.jar;C:\Users\Parag\.m2\repository\com\guicedee\services\commons-xmlbeans\62\commons-xmlbeans-62.jar;C:\Users\Parag\.m2\repository\com\guicedee\services\apache-poi\62\apache-poi-62.jar;C:\Users\Parag\.m2\repository\com\guicedee\services\commons-logging\62\commons-logging-62.jar;C:\Users\Parag\.m2\repository\com\guicedee\services\commons-codec\62\commons-codec-62.jar;C:\Users\Parag\.m2\repository\com\guicedee\services\commons-math3\62\commons-math3-62.jar;C:\Users\Parag\.m2\repository\com\guicedee\services\commons-collections4\62\commons-collections4-62.jar;C:\Users\Parag\.m2\repository\com\guicedee\services\jakarta.xml.bind-api\62\jakarta.xml.bind-api-62.jar;C:\Users\Parag\.m2\repository\com\guicedee\services\jakarta.activation\62\jakarta.activation-62.jar;C:\Users\Parag\.m2\repository\com\guicedee\services\jakarta.validation-api\62\jakarta.validation-api-62.jar;C:\Users\Parag\.m2\repository\org\codehaus\woodstox\stax2-api\4.2\stax2-api-4.2.jar;C:\Users\Parag\.m2\repository\org\jvnet\staxex\stax-ex\1.8.2\stax-ex-1.8.2.jar;C:\Users\Parag\.m2\repository\org\apache\logging\log4j\log4j-to-slf4j\2.8.2\log4j-to-slf4j-2.8.2.jar;C:\Users\Parag\.m2\repository\io\rest-assured\rest-assured\5.3.1\rest-assured-5.3.1.jar;C:\Users\Parag\.m2\repository\org\apache\groovy\groovy\4.0.11\groovy-4.0.11.jar;C:\Users\Parag\.m2\repository\org\apache\groovy\groovy-xml\4.0.11\groovy-xml-4.0.11.jar;C:\Users\Parag\.m2\repository\org\apache\httpcomponents\httpclient\4.5.13\httpclient-4.5.13.jar;C:\Users\Parag\.m2\repository\org\apache\httpcomponents\httpcore\4.4.13\httpcore-4.4.13.jar;C:\Users\Parag\.m2\repository\commons-logging\commons-logging\1.2\commons-logging-1.2.jar;C:\Users\Parag\.m2\repository\org\apache\httpcomponents\httpmime\4.5.13\httpmime-4.5.13.jar;C:\Users\Parag\.m2\repository\org\hamcrest\hamcrest\2.2\hamcrest-2.2.jar;C:\Users\Parag\.m2\repository\org\ccil\cowan\tagsoup\tagsoup\1.2.1\tagsoup-1.2.1.jar;C:\Users\Parag\.m2\repository\com\google\code\gson\gson\2.10.1\gson-2.10.1.jar;C:\Users\Parag\.m2\repository\io\rest-assured\json-path\5.3.1\json-path-5.3.1.jar;C:\Users\Parag\.m2\repository\org\apache\groovy\groovy-json\4.0.11\groovy-json-4.0.11.jar;C:\Users\Parag\.m2\repository\io\rest-assured\json-schema-validator\5.3.1\json-schema-validator-5.3.1.jar;C:\Users\Parag\.m2\repository\com\github\java-json-tools\json-schema-validator\2.2.14\json-schema-validator-2.2.14.jar;C:\Users\Parag\.m2\repository\com\github\java-json-tools\jackson-coreutils-equivalence\1.0\jackson-coreutils-equivalence-1.0.jar;C:\Users\Parag\.m2\repository\com\github\java-json-tools\jackson-coreutils\2.0\jackson-coreutils-2.0.jar;C:\Users\Parag\.m2\repository\com\github\java-json-tools\msg-simple\1.2\msg-simple-1.2.jar;C:\Users\Parag\.m2\repository\com\github\java-json-tools\btf\1.3\btf-1.3.jar;C:\Users\Parag\.m2\repository\com\github\java-json-tools\json-schema-core\1.2.14\json-schema-core-1.2.14.jar;C:\Users\Parag\.m2\repository\com\github\java-json-tools\uri-template\0.10\uri-template-0.10.jar;C:\Users\Parag\.m2\repository\org\mozilla\rhino\1.7.7.2\rhino-1.7.7.2.jar;C:\Users\Parag\.m2\repository\com\sun\mail\mailapi\1.6.2\mailapi-1.6.2.jar;C:\Users\Parag\.m2\repository\joda-time\joda-time\2.10.5\joda-time-2.10.5.jar;C:\Users\Parag\.m2\repository\com\googlecode\libphonenumber\libphonenumber\8.11.1\libphonenumber-8.11.1.jar;C:\Users\Parag\.m2\repository\com\google\code\findbugs\jsr305\3.0.2\jsr305-3.0.2.jar;C:\Users\Parag\.m2\repository\net\sf\jopt-simple\jopt-simple\5.0.4\jopt-simple-5.0.4.jar;C:\Users\Parag\.m2\repository\com\google\guava\guava\32.0.1-jre\guava-32.0.1-jre.jar;C:\Users\Parag\.m2\repository\com\google\guava\failureaccess\1.0.1\failureaccess-1.0.1.jar;C:\Users\Parag\.m2\repository\com\google\guava\listenablefuture\9999.0-empty-to-avoid-conflict-with-guava\listenablefuture-9999.0-empty-to-avoid-conflict-with-guava.jar;C:\Users\Parag\.m2\repository\org\checkerframework\checker-qual\3.33.0\checker-qual-3.33.0.jar;C:\Users\Parag\.m2\repository\com\google\errorprone\error_prone_annotations\2.18.0\error_prone_annotations-2.18.0.jar;C:\Users\Parag\.m2\repository\com\google\j2objc\j2objc-annotations\2.8\j2objc-annotations-2.8.jar;C:\Users\Parag\.m2\repository\com\github\scribejava\scribejava-apis\8.3.3\scribejava-apis-8.3.3.jar;C:\Users\Parag\.m2\repository\com\github\scribejava\scribejava-core\8.3.3\scribejava-core-8.3.3.jar;C:\Users\Parag\.m2\repository\com\github\scribejava\scribejava-java8\8.3.3\scribejava-java8-8.3.3.jar;C:\Users\Parag\.m2\repository\com\fasterxml\jackson\core\jackson-databind\2.14.0\jackson-databind-2.14.0.jar;C:\Users\Parag\.m2\repository\com\fasterxml\jackson\core\jackson-annotations\2.14.0\jackson-annotations-2.14.0.jar;C:\Users\Parag\.m2\repository\com\fasterxml\jackson\core\jackson-core\2.14.0\jackson-core-2.14.0.jar;C:\Users\Parag\.m2\repository\org\json\json\20230618\json-20230618.jar;C:\Users\Parag\.m2\repository\io\rest-assured\xml-path\5.3.1\xml-path-5.3.1.jar;C:\Users\Parag\.m2\repository\io\rest-assured\rest-assured-common\5.3.1\rest-assured-common-5.3.1.jar;C:\Users\Parag\.m2\repository\com\github\javafaker\javafaker\1.0.2\javafaker-1.0.2.jar;C:\Users\Parag\.m2\repository\org\yaml\snakeyaml\1.23\snakeyaml-1.23-android.jar;C:\Users\Parag\.m2\repository\com\github\mifmif\generex\1.0.2\generex-1.0.2.jar;C:\Users\Parag\.m2\repository\dk\brics\automaton\automaton\1.11-8\automaton-1.11-8.jar;C:\Users\Parag\.m2\repository\com\aventstack\extentreports\5.1.0\extentreports-5.1.0.jar;C:\Users\Parag\.m2\repository\io\reactivex\rxjava3\rxjava\3.1.6\rxjava-3.1.6.jar;C:\Users\Parag\.m2\repository\org\reactivestreams\reactive-streams\1.0.4\reactive-streams-1.0.4.jar;C:\Users\Parag\.m2\repository\org\freemarker\freemarker\2.3.32\freemarker-2.3.32.jar;C:\Users\Parag\.m2\repository\org\projectlombok\lombok\1.18.26\lombok-1.18.26.jar;C:\Users\Parag\.m2\repository\org\apache\logging\log4j\log4j-api\2.20.0\log4j-api-2.20.0.jar;C:\Users\Parag\.m2\repository\org\apache\logging\log4j\log4j-core\2.20.0\log4j-core-2.20.0.jar;"/>
    <property name="java.vm.vendor" value="Oracle Corporation"/>
    <property name="sun.arch.data.model" value="64"/>
    <property name="user.variant" value=""/>
    <property name="java.vendor.url" value="https://java.oracle.com/"/>
    <property name="user.timezone" value="Asia/Calcutta"/>
    <property name="os.name" value="Windows 11"/>
    <property name="java.vm.specification.version" value="20"/>
    <property name="sun.java.launcher" value="SUN_STANDARD"/>
    <property name="user.country" value="IN"/>
    <property name="sun.boot.library.path" value="C:\Program Files\Java\jdk-20\bin"/>
    <property name="sun.java.command" value="C:\Users\Parag\AppData\Local\Temp\surefire2804002774789717101\surefirebooter-20231218203235727_3.jar C:\Users\Parag\AppData\Local\Temp\surefire2804002774789717101 2023-12-18T20-32-35_616-jvmRun1 surefire-20231218203235727_1tmp surefire_0-20231218203235727_2tmp"/>
    <property name="jdk.debug" value="release"/>
    <property name="surefire.test.class.path" value="C:\E\workspaces\workSpace_RestAssured_P1\restApi_November\target\test-classes;C:\E\workspaces\workSpace_RestAssured_P1\restApi_November\target\classes;C:\Users\Parag\.m2\repository\org\seleniumhq\selenium\selenium-java\4.9.1\selenium-java-4.9.1.jar;C:\Users\Parag\.m2\repository\org\seleniumhq\selenium\selenium-api\4.9.1\selenium-api-4.9.1.jar;C:\Users\Parag\.m2\repository\org\seleniumhq\selenium\selenium-chrome-driver\4.9.1\selenium-chrome-driver-4.9.1.jar;C:\Users\Parag\.m2\repository\com\google\auto\service\auto-service-annotations\1.0.1\auto-service-annotations-1.0.1.jar;C:\Users\Parag\.m2\repository\com\google\auto\service\auto-service\1.0.1\auto-service-1.0.1.jar;C:\Users\Parag\.m2\repository\com\google\auto\auto-common\1.2\auto-common-1.2.jar;C:\Users\Parag\.m2\repository\org\seleniumhq\selenium\selenium-chromium-driver\4.9.1\selenium-chromium-driver-4.9.1.jar;C:\Users\Parag\.m2\repository\org\seleniumhq\selenium\selenium-json\4.9.1\selenium-json-4.9.1.jar;C:\Users\Parag\.m2\repository\org\seleniumhq\selenium\selenium-manager\4.9.1\selenium-manager-4.9.1.jar;C:\Users\Parag\.m2\repository\org\seleniumhq\selenium\selenium-devtools-v111\4.9.1\selenium-devtools-v111-4.9.1.jar;C:\Users\Parag\.m2\repository\org\seleniumhq\selenium\selenium-devtools-v112\4.9.1\selenium-devtools-v112-4.9.1.jar;C:\Users\Parag\.m2\repository\org\seleniumhq\selenium\selenium-devtools-v113\4.9.1\selenium-devtools-v113-4.9.1.jar;C:\Users\Parag\.m2\repository\org\seleniumhq\selenium\selenium-devtools-v85\4.9.1\selenium-devtools-v85-4.9.1.jar;C:\Users\Parag\.m2\repository\org\seleniumhq\selenium\selenium-edge-driver\4.9.1\selenium-edge-driver-4.9.1.jar;C:\Users\Parag\.m2\repository\org\seleniumhq\selenium\selenium-firefox-driver\4.9.1\selenium-firefox-driver-4.9.1.jar;C:\Users\Parag\.m2\repository\org\seleniumhq\selenium\selenium-http\4.9.1\selenium-http-4.9.1.jar;C:\Users\Parag\.m2\repository\dev\failsafe\failsafe\3.3.1\failsafe-3.3.1.jar;C:\Users\Parag\.m2\repository\org\seleniumhq\selenium\selenium-ie-driver\4.9.1\selenium-ie-driver-4.9.1.jar;C:\Users\Parag\.m2\repository\org\seleniumhq\selenium\selenium-remote-driver\4.9.1\selenium-remote-driver-4.9.1.jar;C:\Users\Parag\.m2\repository\io\netty\netty-buffer\4.1.91.Final\netty-buffer-4.1.91.Final.jar;C:\Users\Parag\.m2\repository\io\netty\netty-codec-http\4.1.91.Final\netty-codec-http-4.1.91.Final.jar;C:\Users\Parag\.m2\repository\io\netty\netty-codec\4.1.91.Final\netty-codec-4.1.91.Final.jar;C:\Users\Parag\.m2\repository\io\netty\netty-handler\4.1.91.Final\netty-handler-4.1.91.Final.jar;C:\Users\Parag\.m2\repository\io\netty\netty-common\4.1.91.Final\netty-common-4.1.91.Final.jar;C:\Users\Parag\.m2\repository\io\netty\netty-transport-classes-epoll\4.1.91.Final\netty-transport-classes-epoll-4.1.91.Final.jar;C:\Users\Parag\.m2\repository\io\netty\netty-transport-classes-kqueue\4.1.91.Final\netty-transport-classes-kqueue-4.1.91.Final.jar;C:\Users\Parag\.m2\repository\io\netty\netty-transport-native-epoll\4.1.91.Final\netty-transport-native-epoll-4.1.91.Final.jar;C:\Users\Parag\.m2\repository\io\netty\netty-transport-native-kqueue\4.1.91.Final\netty-transport-native-kqueue-4.1.91.Final.jar;C:\Users\Parag\.m2\repository\io\netty\netty-transport-native-unix-common\4.1.91.Final\netty-transport-native-unix-common-4.1.91.Final.jar;C:\Users\Parag\.m2\repository\io\netty\netty-transport\4.1.91.Final\netty-transport-4.1.91.Final.jar;C:\Users\Parag\.m2\repository\io\netty\netty-resolver\4.1.91.Final\netty-resolver-4.1.91.Final.jar;C:\Users\Parag\.m2\repository\io\opentelemetry\opentelemetry-api\1.25.0\opentelemetry-api-1.25.0.jar;C:\Users\Parag\.m2\repository\io\opentelemetry\opentelemetry-context\1.25.0\opentelemetry-context-1.25.0.jar;C:\Users\Parag\.m2\repository\io\opentelemetry\opentelemetry-exporter-logging\1.25.0\opentelemetry-exporter-logging-1.25.0.jar;C:\Users\Parag\.m2\repository\io\opentelemetry\opentelemetry-sdk-metrics\1.25.0\opentelemetry-sdk-metrics-1.25.0.jar;C:\Users\Parag\.m2\repository\io\opentelemetry\opentelemetry-sdk-logs\1.25.0-alpha\opentelemetry-sdk-logs-1.25.0-alpha.jar;C:\Users\Parag\.m2\repository\io\opentelemetry\opentelemetry-api-logs\1.25.0-alpha\opentelemetry-api-logs-1.25.0-alpha.jar;C:\Users\Parag\.m2\repository\io\opentelemetry\opentelemetry-api-events\1.25.0-alpha\opentelemetry-api-events-1.25.0-alpha.jar;C:\Users\Parag\.m2\repository\io\opentelemetry\opentelemetry-sdk-common\1.25.0\opentelemetry-sdk-common-1.25.0.jar;C:\Users\Parag\.m2\repository\io\opentelemetry\opentelemetry-sdk-extension-autoconfigure-spi\1.25.0\opentelemetry-sdk-extension-autoconfigure-spi-1.25.0.jar;C:\Users\Parag\.m2\repository\io\opentelemetry\opentelemetry-sdk-extension-autoconfigure\1.25.0-alpha\opentelemetry-sdk-extension-autoconfigure-1.25.0-alpha.jar;C:\Users\Parag\.m2\repository\io\opentelemetry\opentelemetry-sdk-trace\1.25.0\opentelemetry-sdk-trace-1.25.0.jar;C:\Users\Parag\.m2\repository\io\opentelemetry\opentelemetry-sdk\1.25.0\opentelemetry-sdk-1.25.0.jar;C:\Users\Parag\.m2\repository\io\opentelemetry\opentelemetry-semconv\1.25.0-alpha\opentelemetry-semconv-1.25.0-alpha.jar;C:\Users\Parag\.m2\repository\io\ous\jtoml\2.0.0\jtoml-2.0.0.jar;C:\Users\Parag\.m2\repository\net\bytebuddy\byte-buddy\1.14.4\byte-buddy-1.14.4.jar;C:\Users\Parag\.m2\repository\org\apache\commons\commons-exec\1.3\commons-exec-1.3.jar;C:\Users\Parag\.m2\repository\org\asynchttpclient\async-http-client\2.12.3\async-http-client-2.12.3.jar;C:\Users\Parag\.m2\repository\org\asynchttpclient\async-http-client-netty-utils\2.12.3\async-http-client-netty-utils-2.12.3.jar;C:\Users\Parag\.m2\repository\io\netty\netty-codec-socks\4.1.60.Final\netty-codec-socks-4.1.60.Final.jar;C:\Users\Parag\.m2\repository\io\netty\netty-handler-proxy\4.1.60.Final\netty-handler-proxy-4.1.60.Final.jar;C:\Users\Parag\.m2\repository\io\netty\netty-transport-native-epoll\4.1.60.Final\netty-transport-native-epoll-4.1.60.Final-linux-x86_64.jar;C:\Users\Parag\.m2\repository\io\netty\netty-transport-native-kqueue\4.1.60.Final\netty-transport-native-kqueue-4.1.60.Final-osx-x86_64.jar;C:\Users\Parag\.m2\repository\com\typesafe\netty\netty-reactive-streams\2.0.4\netty-reactive-streams-2.0.4.jar;C:\Users\Parag\.m2\repository\com\sun\activation\jakarta.activation\1.2.2\jakarta.activation-1.2.2.jar;C:\Users\Parag\.m2\repository\org\seleniumhq\selenium\selenium-safari-driver\4.9.1\selenium-safari-driver-4.9.1.jar;C:\Users\Parag\.m2\repository\org\seleniumhq\selenium\selenium-support\4.9.1\selenium-support-4.9.1.jar;C:\Users\Parag\.m2\repository\io\github\bonigarcia\webdrivermanager\5.3.3\webdrivermanager-5.3.3.jar;C:\Users\Parag\.m2\repository\org\slf4j\slf4j-api\2.0.7\slf4j-api-2.0.7.jar;C:\Users\Parag\.m2\repository\com\github\docker-java\docker-java\3.3.0\docker-java-3.3.0.jar;C:\Users\Parag\.m2\repository\com\github\docker-java\docker-java-core\3.3.0\docker-java-core-3.3.0.jar;C:\Users\Parag\.m2\repository\com\github\docker-java\docker-java-api\3.3.0\docker-java-api-3.3.0.jar;C:\Users\Parag\.m2\repository\org\bouncycastle\bcpkix-jdk15on\1.64\bcpkix-jdk15on-1.64.jar;C:\Users\Parag\.m2\repository\org\bouncycastle\bcprov-jdk15on\1.64\bcprov-jdk15on-1.64.jar;C:\Users\Parag\.m2\repository\org\slf4j\jcl-over-slf4j\1.7.30\jcl-over-slf4j-1.7.30.jar;C:\Users\Parag\.m2\repository\com\github\docker-java\docker-java-transport-httpclient5\3.3.0\docker-java-transport-httpclient5-3.3.0.jar;C:\Users\Parag\.m2\repository\com\github\docker-java\docker-java-transport\3.3.0\docker-java-transport-3.3.0.jar;C:\Users\Parag\.m2\repository\net\java\dev\jna\jna\5.12.1\jna-5.12.1.jar;C:\Users\Parag\.m2\repository\org\brotli\dec\0.1.2\dec-0.1.2.jar;C:\Users\Parag\.m2\repository\org\apache\commons\commons-lang3\3.12.0\commons-lang3-3.12.0.jar;C:\Users\Parag\.m2\repository\org\apache\httpcomponents\client5\httpclient5\5.2.1\httpclient5-5.2.1.jar;C:\Users\Parag\.m2\repository\org\apache\httpcomponents\core5\httpcore5\5.2\httpcore5-5.2.jar;C:\Users\Parag\.m2\repository\org\apache\httpcomponents\core5\httpcore5-h2\5.2\httpcore5-h2-5.2.jar;C:\Users\Parag\.m2\repository\commons-io\commons-io\2.12.0\commons-io-2.12.0.jar;C:\Users\Parag\.m2\repository\org\testng\testng\7.8.0\testng-7.8.0.jar;C:\Users\Parag\.m2\repository\com\beust\jcommander\1.82\jcommander-1.82.jar;C:\Users\Parag\.m2\repository\org\webjars\jquery\3.6.1\jquery-3.6.1.jar;C:\Users\Parag\.m2\repository\org\apache\poi\poi-ooxml\5.2.3\poi-ooxml-5.2.3.jar;C:\Users\Parag\.m2\repository\org\apache\poi\poi-ooxml-lite\5.2.3\poi-ooxml-lite-5.2.3.jar;C:\Users\Parag\.m2\repository\org\apache\xmlbeans\xmlbeans\5.1.1\xmlbeans-5.1.1.jar;C:\Users\Parag\.m2\repository\org\apache\commons\commons-compress\1.21\commons-compress-1.21.jar;C:\Users\Parag\.m2\repository\com\github\virtuald\curvesapi\1.07\curvesapi-1.07.jar;C:\Users\Parag\.m2\repository\org\apache\commons\commons-collections4\4.4\commons-collections4-4.4.jar;C:\Users\Parag\.m2\repository\org\apache\poi\poi\5.2.3\poi-5.2.3.jar;C:\Users\Parag\.m2\repository\commons-codec\commons-codec\1.15\commons-codec-1.15.jar;C:\Users\Parag\.m2\repository\org\apache\commons\commons-math3\3.6.1\commons-math3-3.6.1.jar;C:\Users\Parag\.m2\repository\com\zaxxer\SparseBitSet\1.2\SparseBitSet-1.2.jar;C:\Users\Parag\.m2\repository\com\guicedee\services\apache-poi-ooxml\62\apache-poi-ooxml-62.jar;C:\Users\Parag\.m2\repository\com\guicedee\services\commons-compress\62\commons-compress-62.jar;C:\Users\Parag\.m2\repository\com\guicedee\services\commons-xmlbeans\62\commons-xmlbeans-62.jar;C:\Users\Parag\.m2\repository\com\guicedee\services\apache-poi\62\apache-poi-62.jar;C:\Users\Parag\.m2\repository\com\guicedee\services\commons-logging\62\commons-logging-62.jar;C:\Users\Parag\.m2\repository\com\guicedee\services\commons-codec\62\commons-codec-62.jar;C:\Users\Parag\.m2\repository\com\guicedee\services\commons-math3\62\commons-math3-62.jar;C:\Users\Parag\.m2\repository\com\guicedee\services\commons-collections4\62\commons-collections4-62.jar;C:\Users\Parag\.m2\repository\com\guicedee\services\jakarta.xml.bind-api\62\jakarta.xml.bind-api-62.jar;C:\Users\Parag\.m2\repository\com\guicedee\services\jakarta.activation\62\jakarta.activation-62.jar;C:\Users\Parag\.m2\repository\com\guicedee\services\jakarta.validation-api\62\jakarta.validation-api-62.jar;C:\Users\Parag\.m2\repository\org\codehaus\woodstox\stax2-api\4.2\stax2-api-4.2.jar;C:\Users\Parag\.m2\repository\org\jvnet\staxex\stax-ex\1.8.2\stax-ex-1.8.2.jar;C:\Users\Parag\.m2\repository\org\apache\logging\log4j\log4j-to-slf4j\2.8.2\log4j-to-slf4j-2.8.2.jar;C:\Users\Parag\.m2\repository\io\rest-assured\rest-assured\5.3.1\rest-assured-5.3.1.jar;C:\Users\Parag\.m2\repository\org\apache\groovy\groovy\4.0.11\groovy-4.0.11.jar;C:\Users\Parag\.m2\repository\org\apache\groovy\groovy-xml\4.0.11\groovy-xml-4.0.11.jar;C:\Users\Parag\.m2\repository\org\apache\httpcomponents\httpclient\4.5.13\httpclient-4.5.13.jar;C:\Users\Parag\.m2\repository\org\apache\httpcomponents\httpcore\4.4.13\httpcore-4.4.13.jar;C:\Users\Parag\.m2\repository\commons-logging\commons-logging\1.2\commons-logging-1.2.jar;C:\Users\Parag\.m2\repository\org\apache\httpcomponents\httpmime\4.5.13\httpmime-4.5.13.jar;C:\Users\Parag\.m2\repository\org\hamcrest\hamcrest\2.2\hamcrest-2.2.jar;C:\Users\Parag\.m2\repository\org\ccil\cowan\tagsoup\tagsoup\1.2.1\tagsoup-1.2.1.jar;C:\Users\Parag\.m2\repository\com\google\code\gson\gson\2.10.1\gson-2.10.1.jar;C:\Users\Parag\.m2\repository\io\rest-assured\json-path\5.3.1\json-path-5.3.1.jar;C:\Users\Parag\.m2\repository\org\apache\groovy\groovy-json\4.0.11\groovy-json-4.0.11.jar;C:\Users\Parag\.m2\repository\io\rest-assured\json-schema-validator\5.3.1\json-schema-validator-5.3.1.jar;C:\Users\Parag\.m2\repository\com\github\java-json-tools\json-schema-validator\2.2.14\json-schema-validator-2.2.14.jar;C:\Users\Parag\.m2\repository\com\github\java-json-tools\jackson-coreutils-equivalence\1.0\jackson-coreutils-equivalence-1.0.jar;C:\Users\Parag\.m2\repository\com\github\java-json-tools\jackson-coreutils\2.0\jackson-coreutils-2.0.jar;C:\Users\Parag\.m2\repository\com\github\java-json-tools\msg-simple\1.2\msg-simple-1.2.jar;C:\Users\Parag\.m2\repository\com\github\java-json-tools\btf\1.3\btf-1.3.jar;C:\Users\Parag\.m2\repository\com\github\java-json-tools\json-schema-core\1.2.14\json-schema-core-1.2.14.jar;C:\Users\Parag\.m2\repository\com\github\java-json-tools\uri-template\0.10\uri-template-0.10.jar;C:\Users\Parag\.m2\repository\org\mozilla\rhino\1.7.7.2\rhino-1.7.7.2.jar;C:\Users\Parag\.m2\repository\com\sun\mail\mailapi\1.6.2\mailapi-1.6.2.jar;C:\Users\Parag\.m2\repository\joda-time\joda-time\2.10.5\joda-time-2.10.5.jar;C:\Users\Parag\.m2\repository\com\googlecode\libphonenumber\libphonenumber\8.11.1\libphonenumber-8.11.1.jar;C:\Users\Parag\.m2\repository\com\google\code\findbugs\jsr305\3.0.2\jsr305-3.0.2.jar;C:\Users\Parag\.m2\repository\net\sf\jopt-simple\jopt-simple\5.0.4\jopt-simple-5.0.4.jar;C:\Users\Parag\.m2\repository\com\google\guava\guava\32.0.1-jre\guava-32.0.1-jre.jar;C:\Users\Parag\.m2\repository\com\google\guava\failureaccess\1.0.1\failureaccess-1.0.1.jar;C:\Users\Parag\.m2\repository\com\google\guava\listenablefuture\9999.0-empty-to-avoid-conflict-with-guava\listenablefuture-9999.0-empty-to-avoid-conflict-with-guava.jar;C:\Users\Parag\.m2\repository\org\checkerframework\checker-qual\3.33.0\checker-qual-3.33.0.jar;C:\Users\Parag\.m2\repository\com\google\errorprone\error_prone_annotations\2.18.0\error_prone_annotations-2.18.0.jar;C:\Users\Parag\.m2\repository\com\google\j2objc\j2objc-annotations\2.8\j2objc-annotations-2.8.jar;C:\Users\Parag\.m2\repository\com\github\scribejava\scribejava-apis\8.3.3\scribejava-apis-8.3.3.jar;C:\Users\Parag\.m2\repository\com\github\scribejava\scribejava-core\8.3.3\scribejava-core-8.3.3.jar;C:\Users\Parag\.m2\repository\com\github\scribejava\scribejava-java8\8.3.3\scribejava-java8-8.3.3.jar;C:\Users\Parag\.m2\repository\com\fasterxml\jackson\core\jackson-databind\2.14.0\jackson-databind-2.14.0.jar;C:\Users\Parag\.m2\repository\com\fasterxml\jackson\core\jackson-annotations\2.14.0\jackson-annotations-2.14.0.jar;C:\Users\Parag\.m2\repository\com\fasterxml\jackson\core\jackson-core\2.14.0\jackson-core-2.14.0.jar;C:\Users\Parag\.m2\repository\org\json\json\20230618\json-20230618.jar;C:\Users\Parag\.m2\repository\io\rest-assured\xml-path\5.3.1\xml-path-5.3.1.jar;C:\Users\Parag\.m2\repository\io\rest-assured\rest-assured-common\5.3.1\rest-assured-common-5.3.1.jar;C:\Users\Parag\.m2\repository\com\github\javafaker\javafaker\1.0.2\javafaker-1.0.2.jar;C:\Users\Parag\.m2\repository\org\yaml\snakeyaml\1.23\snakeyaml-1.23-android.jar;C:\Users\Parag\.m2\repository\com\github\mifmif\generex\1.0.2\generex-1.0.2.jar;C:\Users\Parag\.m2\repository\dk\brics\automaton\automaton\1.11-8\automaton-1.11-8.jar;C:\Users\Parag\.m2\repository\com\aventstack\extentreports\5.1.0\extentreports-5.1.0.jar;C:\Users\Parag\.m2\repository\io\reactivex\rxjava3\rxjava\3.1.6\rxjava-3.1.6.jar;C:\Users\Parag\.m2\repository\org\reactivestreams\reactive-streams\1.0.4\reactive-streams-1.0.4.jar;C:\Users\Parag\.m2\repository\org\freemarker\freemarker\2.3.32\freemarker-2.3.32.jar;C:\Users\Parag\.m2\repository\org\projectlombok\lombok\1.18.26\lombok-1.18.26.jar;C:\Users\Parag\.m2\repository\org\apache\logging\log4j\log4j-api\2.20.0\log4j-api-2.20.0.jar;C:\Users\Parag\.m2\repository\org\apache\logging\log4j\log4j-core\2.20.0\log4j-core-2.20.0.jar;"/>
    <property name="sun.cpu.endian" value="little"/>
    <property name="user.home" value="C:\Users\Parag"/>
    <property name="user.language" value="en"/>
    <property name="java.specification.vendor" value="Oracle Corporation"/>
    <property name="java.version.date" value="2023-07-18"/>
    <property name="java.home" value="C:\Program Files\Java\jdk-20"/>
    <property name="file.separator" value="\"/>
    <property name="basedir" value="C:\E\workspaces\workSpace_RestAssured_P1\restApi_November"/>
    <property name="java.vm.compressedOopsMode" value="32-bit"/>
    <property name="line.separator" value="&#10;"/>
    <property name="java.vm.specification.vendor" value="Oracle Corporation"/>
    <property name="java.specification.name" value="Java Platform API Specification"/>
    <property name="surefire.real.class.path" value="C:\Users\Parag\AppData\Local\Temp\surefire2804002774789717101\surefirebooter-20231218203235727_3.jar"/>
    <property name="user.script" value=""/>
    <property name="sun.management.compiler" value="HotSpot 64-Bit Tiered Compilers"/>
    <property name="java.runtime.version" value="20.0.2+9-78"/>
    <property name="user.name" value="Parag"/>
    <property name="stdout.encoding" value="Cp1252"/>
    <property name="path.separator" value=";"/>
    <property name="os.version" value="10.0"/>
    <property name="java.runtime.name" value="Java(TM) SE Runtime Environment"/>
    <property name="file.encoding" value="UTF-8"/>
    <property name="java.vm.name" value="Java HotSpot(TM) 64-Bit Server VM"/>
    <property name="localRepository" value="C:\Users\Parag\.m2\repository"/>
    <property name="java.vendor.url.bug" value="https://bugreport.java.com/bugreport/"/>
    <property name="java.io.tmpdir" value="C:\Users\Parag\AppData\Local\Temp\"/>
    <property name="java.version" value="20.0.2"/>
    <property name="user.dir" value="C:\E\workspaces\workSpace_RestAssured_P1\restApi_November"/>
    <property name="os.arch" value="amd64"/>
    <property name="java.vm.specification.name" value="Java Virtual Machine Specification"/>
    <property name="sun.os.patch.level" value=""/>
    <property name="native.encoding" value="Cp1252"/>
    <property name="java.library.path" value="C:\Program Files\Java\jdk-20\bin;C:\WINDOWS\Sun\Java\bin;C:\WINDOWS\system32;C:\WINDOWS;C:\Users\Parag\bin;C:\Program Files\Git\mingw64\bin;C:\Program Files\Git\usr\local\bin;C:\Program Files\Git\usr\bin;C:\Program Files\Git\usr\bin;C:\Program Files\Git\mingw64\bin;C:\Program Files\Git\usr\bin;C:\Users\Parag\bin;C:\Program Files\Common Files\Oracle\Java\javapath;C:\windows\system32;C:\windows;C:\windows\System32\Wbem;C:\windows\System32\WindowsPowerShell\v1.0;C:\windows\System32\OpenSSH;C:\Program Files (x86)\NVIDIA Corporation\PhysX\Common;C:\WINDOWS\system32;C:\WINDOWS;C:\WINDOWS\System32\Wbem;C:\WINDOWS\System32\WindowsPowerShell\v1.0;C:\WINDOWS\System32\OpenSSH;C:\Program Files\Java\jdk-20\bin;C:\E\Apache_Maven\apache-maven-3.9.4\bin;C:\Program Files\Microsoft SQL Server\120\DTS\Binn;C:\Program Files\Microsoft SQL Server\Client SDK\ODBC\110\Tools\Binn;C:\Program Files (x86)\Microsoft SQL Server\120\Tools\Binn;C:\Program Files\Microsoft SQL Server\120\Tools\Binn;C:\Program Files (x86)\Microsoft SQL Server\120\Tools\Binn\ManagementStudio;C:\Program Files (x86)\Microsoft SQL Server\120\DTS\Binn;C:\Program Files\nodejs;C:\ProgramData\chocolatey\bin;C:\Program Files\nodejs\node_modules;C:\Users\Parag\AppData\Roaming\npm\node_modules\newman\bin\newman.js;C:\Program Files\Git\usr\bin;C:\Users\Parag\AppData\Roaming\npm;C:\E\Apache_Maven\apache-maven-3.9.4\bin;C:\E\Apache_Maven\apache-maven-3.9.4;C:\E\Apache_Maven\apache-maven-3.9.4;C:\Program Files\Java\jdk-20;C:\Program Files\Git\usr\bin\git.exe;C:\Users\Parag\AppData\Local\Microsoft\WindowsApps;C:\Program Files\Java\jdk-20\bin;C:\E\Apache_Maven\apache-maven-3.9.4\bin;C:\Users\Parag\AppData\Local\Programs\Microsoft VS Code\bin;C:\Users\Parag\AppData\Roaming\npm\node_modules\newman\bin\newman.js;C:\Program Files\Git\usr\bin\vendor_perl;C:\Program Files\Git\usr\bin\core_perl;."/>
    <property name="java.vm.info" value="mixed mode, sharing"/>
    <property name="stderr.encoding" value="Cp1252"/>
    <property name="java.vendor" value="Oracle Corporation"/>
    <property name="java.vm.version" value="20.0.2+9-78"/>
    <property name="sun.io.unicode.encoding" value="UnicodeLittle"/>
    <property name="java.class.version" value="64.0"/>
  </properties>
  <testcase name="test_createBook" classname="api.test.BookTest" time="3.207">
    <system-out><![CDATA[Random Number in Range: 487
HTTP/1.1 200 OK
Content-Type: application/json; charset=utf-8; v=1.0
Date: Mon, 18 Dec 2023 15:02:38 GMT
Server: Kestrel
Transfer-Encoding: chunked
api-supported-versions: 1.0

{
    "id": 487,
    "title": "Marvis",
    "description": "VonRueden",
    "pageCount": 408,
    "excerpt": "lorrine.huel@hotmail.com",
    "publishDate": "2025-10-05T15:02:46.6465312+00:00"
}
487
<-----------All Assertion passed----->
]]></system-out>
    <system-err><![CDATA[SLF4J: No SLF4J providers were found.
SLF4J: Defaulting to no-operation (NOP) logger implementation
SLF4J: See https://www.slf4j.org/codes.html#noProviders for further details.
]]></system-err>
  </testcase>
  <testcase name="test_getAllBooks" classname="api.test.BookTest" time="38.932">
    <system-out><![CDATA[HTTP/1.1 200 OK
Content-Type: application/json; charset=utf-8; v=1.0
Date: Mon, 18 Dec 2023 15:02:40 GMT
Server: Kestrel
Transfer-Encoding: chunked
api-supported-versions: 1.0

[
    {
        "id": 1,
        "title": "Book 1",
        "description": "Et facer nonumy et possim labore erat amet. Gubergren erat dolores sit dolore sea. Duis veniam amet volutpat accusam est ipsum nostrud eirmod sed ea accusam. Erat dolores justo mazim et dolor. Sit takimata ea feugiat rebum et sed sadipscing. Aliquyam dolore stet iusto sit dolor ipsum elit tation dolores et tempor sit illum commodo justo hendrerit sed. Sadipscing invidunt in voluptua autem justo et vulputate. Et et eos consequat kasd dolor enim consequat ipsum duis nonummy dolore justo. Ut consequat ipsum ipsum amet sanctus vel. Et eros amet amet vero nonummy consectetuer dolore molestie ipsum tincidunt. Dolores vel consetetur praesent diam te dolor. Amet sed eu iusto vero ex nulla sed duis nobis et et kasd et amet augue eum at exerci. Clita diam stet. Facilisis et et duo elitr justo no eos est illum stet consetetur sed. At sadipscing et. Invidunt invidunt sed sed eos rebum sit dolore et ut. Ea nonumy gubergren et eirmod magna laoreet magna sed eirmod diam elitr veniam rebum clita facilisi est qui et.\n",
        "pageCount": 100,
        "excerpt": "Ea tempor nisl voluptua sit ut consetetur sanctus ad dolor commodo elitr accusam takimata sit. Erat vero adipiscing amet clita magna sit gubergren sadipscing vel sadipscing clita iusto amet nulla est. Rebum et ut at diam invidunt sit et at iriure aliquam imperdiet labore no. Amet hendrerit diam dolore et. Diam labore diam in et justo elitr adipiscing gubergren invidunt ea consetetur nihil. Takimata gubergren kasd magna tempor esse ipsum diam tation nulla eos. Eos et clita dolor qui ut nonumy voluptua. Lorem amet dolore takimata. Lorem labore in nisl suscipit tempor volutpat et amet no tincidunt accusam eos duis et iusto. Sit amet et nonummy vulputate magna et duo aliquyam est odio commodo eros. Erat praesent dignissim dolor qui doming sit lorem sit no justo et. Nulla kasd clita dolore sadipscing clita ipsum duis. Blandit suscipit illum eos eros assum diam magna amet dolores elitr. Delenit lorem lorem gubergren. Diam id aliquip amet rebum sed accusam ipsum facilisis invidunt justo tincidunt vero. Aliquam dolor iriure rebum et est stet ut erat diam rebum no eos. Hendrerit no clita sea consequat facilisis consetetur sed kasd diam eos rebum sed consequat et blandit quis.\nUt ex elitr sed nonumy lorem sanctus kasd sed dolor clita. Est ea sadipscing takimata praesent elitr kasd diam dolor et nonumy in tempor quis invidunt erat tempor. Augue erat at vulputate labore eum consectetuer molestie et lorem. Erat et magna lorem lorem duo. Et diam consectetuer consetetur ex amet. Delenit no duo lorem commodo blandit sed ut aliquam wisi et. Dolores sit blandit nonumy erat et takimata sit consequat dolor rebum hendrerit amet mazim. Nulla feugiat sit ipsum dolor congue amet nulla labore ut dolore eos justo dolore. Ea illum et eros sit dolore eu eirmod odio vero in consetetur consetetur eum clita. Lorem sanctus sit ea erat tempor lorem justo clita et. Esse est rebum sit takimata volutpat tempor odio luptatum at takimata placerat. Dolor in aliquyam erat lorem tempor sit clita accusam sadipscing iriure. Eos diam et nonummy et dolor rebum sed sadipscing ipsum et at diam tempor duis hendrerit diam dolore luptatum. Et tempor dolores takimata facilisi aliquam et sadipscing et autem ad clita. Aliquyam labore aliquyam et sed enim sed iriure ad.\nTation velit dolore soluta sea. Et quis amet ipsum ea invidunt justo gubergren invidunt consectetuer magna iusto sanctus ipsum ea. Sanctus sit invidunt kasd accusam duis. Molestie eos justo et luptatum amet. Dolor illum ut. Vero lorem amet est sit lorem amet. Voluptua ut dolor consequat sea dolores et. Dolore at eu voluptua clita sadipscing augue hendrerit. Autem dolor stet sadipscing duo dolor aliquam odio voluptua eum duis accusam aliquam. Liber accusam amet est nostrud vulputate tempor dolore velit labore amet ut et zzril sadipscing clita magna invidunt. Magna congue sit vero velit exerci praesent consequat amet dolore nulla nobis erat illum. Kasd est voluptua tempor invidunt dolor lorem dolore nulla invidunt gubergren dolore quis justo sanctus stet clita no duis. Magna ex dolor sea dolor amet consetetur eirmod ipsum. Et lorem ut dolor. In invidunt sadipscing nonumy et vero dolor consetetur tempor diam. Lorem tincidunt accusam justo rebum elitr ut sadipscing ut. Takimata dolor sed diam sea dolores tempor kasd lorem velit diam. Lorem vero doming invidunt accusam labore.\nNo gubergren lorem diam sed molestie et et nobis et justo nonummy elitr rebum elit. Ipsum lorem et iriure gubergren dolores labore esse et et clita dolor placerat amet et stet et. Dolores dolor dolor ut lorem elitr amet et consetetur consequat aliquip diam exerci invidunt sanctus. Labore sanctus est amet dolor elitr vero kasd sea justo et et.\nNisl sanctus facilisis elitr dolor et gubergren duo lorem at dolore illum. Tempor labore dolor feugiat diam duo aliquyam kasd amet no consectetuer ipsum vero lorem elitr sed. Accusam aliquyam dolor accusam sadipscing ea. Dolores aliquyam sed. Dolores at magna assum rebum ipsum takimata diam in est amet dolores in autem eirmod dolor erat. Eos erat sed nonumy blandit aliquam aliquyam. Sit dolore lobortis praesent.\n",
        "publishDate": "2023-12-17T15:02:40.6686148+00:00"
    },
    {
        "id": 2,
        "title": "Book 2",
        "description": "Nonumy ut amet vero sanctus. Sanctus lorem dolor lorem sanctus consetetur euismod enim sadipscing amet velit dolor nonumy dolore ut lorem ipsum. Takimata consetetur lobortis kasd. Augue elitr eos sed eos amet lobortis consequat rebum duo magna nobis vulputate. Voluptua dolores at dolor ut magna takimata. Dolor tincidunt vulputate vero diam. Duo dolores ut exerci eos et wisi takimata amet ipsum nobis et cum euismod consetetur dolore sea amet erat. Voluptua gubergren enim sit vero vero no in diam aliquyam lorem praesent est et sed duis. Elitr tincidunt lobortis et et ipsum et augue. Et dolor minim vulputate ut sadipscing sit takimata takimata sea ea nonumy ut magna sit. Consectetuer ipsum et et. Sed sit dolor ea illum esse mazim sit. Sed iriure dolor sed. Dolores ipsum ipsum diam eu voluptua vel aliquam nonumy sed elit. Sit et sed dolor amet lobortis facilisis praesent elitr sit minim laoreet invidunt takimata lorem in amet. Lobortis dignissim consetetur takimata invidunt quis ipsum vero lorem duis invidunt feugiat takimata ex ipsum nulla nonumy in kasd. Sed eirmod et elitr et molestie luptatum amet eum.\n",
        "pageCount": 200,
        "excerpt": "Takimata justo et possim at sit velit erat autem lorem voluptua. Dolore adipiscing sed amet clita justo eros. Stet nulla doming diam ut ipsum. Gubergren et dolor ad amet. Erat aliquyam no duo ea at elit duo clita amet justo ea lorem nonumy. Wisi diam liber ipsum et. Hendrerit consetetur vero nonummy justo diam. Erat vero lorem molestie gubergren invidunt aliquam ut et voluptua dolor nostrud dolor justo labore ipsum diam amet. No diam hendrerit dolor quis aliquam molestie amet velit ex ea aliquam erat.\nDiam justo ut ea sanctus dolores invidunt diam amet ipsum lobortis nisl. Dolores diam dolor ea justo in. Est et illum eirmod invidunt. Dolor ipsum lorem aliquyam nonumy amet takimata facilisis aliquyam dolore clita kasd aliquyam consectetuer. Feugiat diam et dolor clita quis. Erat accusam ipsum diam vulputate ipsum magna justo odio aliquyam erat nibh et diam diam vulputate at accusam. At diam vero labore nisl.\nClita dolor esse autem. Eos minim consequat ipsum nonummy esse invidunt clita sea dolore consetetur consetetur praesent dolore dolor ut in lorem takimata. Magna dolor hendrerit clita amet sanctus duo vero. Molestie nonumy magna sea gubergren nonumy. Rebum nonumy dolor invidunt nonumy no sanctus diam sadipscing stet enim consequat lorem sea in eirmod magna est est. Diam eos lorem odio dolores autem erat accusam sadipscing no tempor placerat sadipscing. Eirmod congue ipsum ea lobortis et elitr veniam duo. Vero feugiat dolor consetetur aliquyam magna labore dolor sanctus vel eirmod aliquyam. Ipsum eos nulla aliquyam vel. Delenit dolor diam sadipscing vero accusam consetetur dolore rebum. Kasd duo elit est vulputate ipsum nisl kasd blandit sed et aliquyam. Dolor eu takimata ipsum at aliquam eu amet elitr at sea est tempor dolor lorem erat diam tempor. Invidunt luptatum accumsan lorem diam amet aliquyam sit dolor stet stet euismod sit wisi quod feugait. Dolores voluptua lorem vel qui tincidunt invidunt sadipscing diam sit justo dolores zzril. Ad est iusto consetetur et diam erat. Duis amet iusto vulputate et aliquyam eum stet lorem. Nam nonumy clita dolores iusto liber sit voluptua duo est duo lorem consetetur et nonumy. Enim dolore elitr dolore vero vel ipsum et tation ea voluptua sed elitr vel ea diam minim euismod facilisis. Iusto doming kasd dolores nostrud gubergren sed elitr ipsum adipiscing diam dolor sit ipsum.\nEst facilisis est. Diam eum eu takimata elit et. Vero eos ullamcorper dolor justo justo. Elitr et elitr sed stet ea eirmod gubergren. Et tation est sed aliquyam dolor sadipscing eos sit et et sea gubergren et no suscipit invidunt at ipsum. Sit kasd lorem amet et dolor at congue congue praesent sed est diam luptatum. Magna at gubergren consequat iriure lorem molestie aliquip. Ut nisl et takimata labore dignissim iusto lobortis labore eros labore euismod. Est sanctus doming justo amet eum labore aliquyam et duis minim nulla consetetur. Magna diam takimata lorem magna rebum tempor dolor molestie sed justo enim sadipscing amet. Et amet dolore dolore at lorem lorem dolor takimata tempor diam et eirmod. Sea odio nihil diam sea et eum diam aliquam invidunt eros cum sea vulputate et lorem lorem duis. Sed stet rebum aliquyam amet duo diam sed at justo duo diam wisi amet erat nulla. Hendrerit tincidunt lorem eirmod ut sadipscing. Imperdiet diam at sit illum invidunt lorem nonumy gubergren amet no sanctus consetetur et invidunt et magna congue. Hendrerit diam ea erat duo erat. Elitr rebum at erat ut at dolor sit soluta est kasd ea delenit diam et aliquyam magna.\nLobortis duo et eirmod praesent eos nonumy amet. No dolore clita laoreet labore et euismod justo rebum magna consetetur. Velit voluptua vero erat kasd luptatum. Feugiat amet at. Sea sed possim rebum no doming sea eos amet dolor eirmod elitr accusam. Sea feugiat et erat sadipscing elit lorem. Diam et takimata gubergren sanctus sanctus at lorem justo sanctus qui feugiat tempor amet minim lorem. Vero takimata sea lorem nonumy ipsum labore odio. Odio amet magna accusam dolor nostrud esse luptatum eirmod duo. Lorem velit dolore feugiat. Et et sed lorem at stet eirmod at nulla amet kasd diam clita facilisis takimata mazim nam. Justo accumsan et feugiat molestie gubergren no accusam vero consetetur consequat invidunt eos.\n",
        "publishDate": "2023-12-16T15:02:40.6687296+00:00"
    },
    {
        "id": 3,
        "title": "Book 3",
        "description": "Vero takimata dolore elitr magna stet suscipit nulla stet quis ipsum lorem vel aliquip eros gubergren. Sanctus invidunt labore sed at vulputate erat erat gubergren tempor velit kasd dolor. Sadipscing accusam stet eirmod aliquam. Option laoreet sed diam sadipscing invidunt. Vel kasd justo dolor zzril praesent ea quod accusam tempor invidunt ipsum dolores molestie nibh hendrerit vero ut. Ut takimata gubergren elitr nonummy magna lorem illum et dignissim kasd. Dolor facilisi lorem dolor et vulputate dolor no diam. Dolor est ipsum vero laoreet accusam nonumy justo invidunt feugiat in iriure dolor et. Et vero lorem. Duo kasd et gubergren eos nonumy nulla vel. Consetetur lorem at eros consetetur ipsum feugiat eos takimata duo sed nobis doming stet ut ipsum aliquyam. Nam elitr ut amet volutpat ipsum ut sed. Vero autem et eirmod dolores accumsan kasd id accusam takimata dolore ipsum ipsum sit magna diam est aliquyam gubergren. Dolor nam illum sit labore ipsum tincidunt facilisis consetetur amet. Erat dolores tempor est sed dolores aliquyam vero diam dolore eirmod ea diam lorem no lobortis diam. Cum clita duo sanctus dignissim sed duo ea est et rebum amet lobortis ex accusam et erat. Kasd vel mazim aliquyam at sanctus et sanctus stet placerat in ipsum. Rebum labore et exerci. Sadipscing eos ipsum.\n",
        "pageCount": 300,
        "excerpt": "Stet sed euismod gubergren diam aliquyam tempor consetetur euismod amet sed kasd hendrerit eros vero. Duis justo stet illum amet mazim dolore delenit dolore et erat sed et eirmod. Eirmod tation autem at sit. Aliquyam diam diam diam nihil clita takimata sit soluta nostrud adipiscing. Ut elit erat duo esse voluptua diam no voluptua diam kasd sit sit kasd. Adipiscing delenit justo ipsum ipsum takimata justo aliquip labore. Nulla diam eum. Blandit ea at ad laoreet dolore euismod rebum. Duo et eirmod. Facilisi justo nonumy at aliquyam. Sanctus amet amet no clita consectetuer sed ea aliquyam. Dolore amet clita dolor clita no clita lobortis takimata diam congue et. Duis lorem dolore kasd ad clita consequat velit kasd duis dolor accumsan lorem dolore ut stet.\nUt duis sed nobis et no dolore. Dolore takimata vero vulputate vero eirmod sed sadipscing amet gubergren consequat. Consequat ipsum delenit duis. Dolor kasd et no sanctus diam sed facilisis nonummy dolore molestie justo lorem illum molestie. Ea consequat nulla rebum in sit gubergren sit diam dolor at illum invidunt dolor facilisis magna. Magna velit voluptua placerat in elitr erat sit sea et sanctus accusam lorem amet dolor stet.\nInvidunt eirmod vel quis autem vero lobortis dolore diam dolor gubergren nulla. Diam odio eos duo sed diam exerci quod aliquip nihil consectetuer duis sanctus lorem stet. Lorem iriure duo magna sed eos in ipsum vel sed assum eirmod lobortis odio. In amet dolor sit luptatum feugiat. Nam invidunt aliquyam at. Feugait labore erat et ipsum sed vel diam vero. Minim velit stet diam dolor dolores amet vero et ut labore. Elitr dolore est dolores magna accumsan ea.\nSit ipsum justo justo justo iusto elit clita veniam stet magna et erat nisl illum nonumy. Sed praesent odio stet at nonumy dignissim. Sea no et duo kasd. At labore rebum clita amet. No aliquam eu sit tempor sea et dolor magna stet diam aliquip autem hendrerit nihil et ipsum ea. Stet labore clita kasd facilisis exerci dolor. Tempor vulputate tempor adipiscing sed dolor iriure erat nonummy. Tempor at ut sit dolore nulla sit dolore invidunt dolor tempor at elitr dolore sadipscing. Qui gubergren ea exerci lorem tation aliquip justo rebum. Consetetur sit wisi cum luptatum nostrud et diam autem sadipscing sed nonummy molestie ut ea diam sed gubergren. Ut consectetuer est facilisi tation ex labore amet et ipsum ipsum accusam sadipscing tempor aliquip. Wisi ea dolore vulputate accumsan labore lorem et ut vero nonumy amet sed mazim rebum dolore no et feugiat. In dolor sea ipsum dolore erat lorem feugait consectetuer ipsum. No erat sit. Suscipit nulla accusam nonummy sed gubergren nisl eos tempor dolore tation lorem autem eirmod lorem. Et diam sanctus delenit erat iriure nulla sea nulla labore. Praesent ad in aliquyam zzril tincidunt sanctus diam lorem magna. Iriure gubergren dolore ad et quis sadipscing at ut aliquyam sit.\nEx accumsan voluptua dolores no augue. Sit amet eros nonumy at eu adipiscing elitr amet labore clita sit takimata tincidunt feugiat eos autem. Sed nonumy illum suscipit duis invidunt eu voluptua dolore congue takimata sanctus voluptua volutpat. Minim luptatum justo facer in et eirmod sed amet rebum accusam tempor est eu accusam duo sit exerci. Justo eum doming no eum exerci at ea sadipscing et ut eirmod sed minim est rebum clita dolor sit. Sanctus ipsum sed labore facilisi feugiat no voluptua dolore tempor nibh sanctus ipsum et ea luptatum et takimata iusto. Accusam sed amet amet et at lorem ea amet dolor no velit wisi nisl ipsum lorem labore kasd blandit. Option rebum odio ullamcorper labore sed diam ea stet takimata ipsum est tincidunt ut soluta sed. No dolor magna erat consetetur voluptua. Doming diam vero stet eos labore dolore et et assum aliquip takimata tincidunt exerci. Eirmod ut rebum dolor clita lorem lorem et.\n",
        "publishDate": "2023-12-15T15:02:40.6688356+00:00"
    },
    {
        "id": 4,
        "title": "Book 4",
        "description": "Accusam dolor ipsum nostrud. Eos est lorem sanctus. Et est doming amet. At vero aliquip invidunt praesent duis. Ea nam eu sit zzril voluptua ipsum hendrerit iriure vero et minim ipsum. Eu rebum dolor nulla dolor dolor sit. Eum et sea in nonumy diam aliquyam dignissim erat eu. Eu et ea diam diam sadipscing aliquyam accusam eos velit ut et. Dolor et delenit dolore et diam ut id diam odio stet et nam sed invidunt elit no et amet. Diam accusam liber rebum tempor id laoreet dolores feugiat et kasd invidunt amet et sit et iusto ipsum. Eos clita erat vulputate esse dolor nostrud dolor ea. No dolore delenit stet elitr sadipscing et vel.\n",
        "pageCount": 400,
        "excerpt": "Diam praesent esse stet aliquam dolor diam et kasd dolore et. Takimata tempor et erat kasd ea. Amet mazim sadipscing sea eos tempor sed wisi sanctus sea erat dolor ullamcorper diam consetetur ipsum sanctus dolor. Dolores diam at. Tempor et aliquyam invidunt et kasd dolor. Dolore accusam kasd ut et ipsum sed lorem voluptua eu aliquyam accusam quod labore suscipit no soluta dolor eirmod. Tation erat consectetuer magna hendrerit clita. At consetetur sit duis lorem duo amet commodo velit amet blandit diam sit clita elitr diam ipsum dolore lorem. Dolor duis clita dolor erat et laoreet euismod iusto takimata dolor dolores lorem elitr ipsum et. Lorem at et et lobortis eu ea et justo eirmod ipsum magna nonumy aliquyam tempor. Dolore lorem sed sea dolores dignissim ea in et voluptua amet ipsum dolor et hendrerit gubergren.\nNisl consequat consequat invidunt minim facilisis lobortis justo euismod labore. Consetetur labore consetetur veniam magna dolore eirmod. Dolor elitr aliquyam gubergren. Stet at sit praesent eleifend iriure aliquyam sadipscing kasd nonumy te labore molestie accumsan eos labore et. Diam amet et. Tincidunt voluptua liber accusam dolor eos invidunt takimata et vero. Labore mazim eirmod dolor ipsum justo et lorem consetetur lorem. Duo tincidunt consetetur tempor magna ullamcorper vero consetetur ipsum in invidunt duo amet. Dolor erat ea takimata sea diam dolores lorem elitr consequat et ut tempor qui erat sadipscing sit sed. Duo eirmod diam sadipscing gubergren sea vel dolore sed labore et. Magna eirmod dolor. Vulputate soluta erat invidunt iriure sea ea et dolor. Dolor eirmod invidunt luptatum. Ut sit sed vel sed ipsum invidunt aliquyam elit eos est nonumy dolore no velit diam dolor nisl. Eos gubergren rebum. Praesent eos et. Vel nonumy clita nisl tincidunt stet sed dolores consequat gubergren dolore kasd. Lorem dolor eu esse no nonumy et clita tempor doming amet ipsum sit.\nNobis lorem dolore duis erat diam et sit. Tation exerci voluptua lorem vero zzril kasd vel sadipscing. Aliquam stet sit eirmod tempor et laoreet rebum est. Clita diam ea ut diam illum ex vero. Te id amet stet. Stet vel stet erat eirmod duis molestie et no odio elitr suscipit ut dolores magna facilisis sadipscing dolore et. Te takimata erat sed consetetur vero et ut ipsum dolore magna et lorem. Sed elit et duis nibh dolore consetetur sanctus sed dolor elitr vero volutpat molestie. Ipsum dolore stet et sanctus duo vulputate esse et justo amet rebum dolore eirmod sed laoreet. Suscipit sadipscing at sit suscipit ea est. Stet lorem erat volutpat dolore stet sanctus autem. Eirmod lorem duo invidunt consetetur eos ut amet lorem vero sadipscing magna sit justo amet. Ipsum ipsum et. Sed dolore tempor at no vero no gubergren rebum nulla.\nZzril feugait amet erat et consequat sanctus accusam. Takimata quis esse clita vel sit justo augue praesent erat illum. Vero erat consectetuer nonummy imperdiet imperdiet illum vero et magna feugait kasd dolores consequat ipsum. Eirmod dolor volutpat ut cum sit odio rebum autem feugiat ea. Vel ipsum dolor facilisis ipsum gubergren elitr erat. Et amet at exerci kasd et quis sit vero doming sadipscing labore ea nostrud. Dolore vel diam eos tempor duo dolore duo nulla sea. Nonummy labore erat clita vero sadipscing et et sanctus ut elitr nulla elitr duo kasd dolor invidunt. Eos et at nam.\nEt at ea dolore duo duo consetetur augue qui sed vero et accusam eleifend erat qui exerci. Ex ut nonumy stet facer est dolore accusam amet ut exerci commodo sea et nulla magna eos sit. Invidunt lorem facer. Facilisis diam dolor diam duo et est. Dolore duis eos ipsum diam kasd nostrud eos rebum aliquyam dolor est sea est dolor justo. Blandit diam hendrerit euismod iriure at eirmod stet sadipscing sadipscing ut nulla. Ipsum erat vero eirmod invidunt ipsum invidunt duo dolores accusam eirmod eos at magna sit invidunt et. Voluptua consequat elitr ut dolor duis ipsum voluptua. Ea diam dolor vel ut commodo tempor diam justo ea et justo amet amet invidunt praesent. Feugiat nobis dolores quod est dolore gubergren vel gubergren aliquyam qui erat exerci aliquyam. Gubergren sed ipsum diam justo et gubergren vel voluptua diam et et stet possim eros.\n",
        "publishDate": "2023-12-14T15:02:40.6689374+00:00"
    },
    {
        "id": 5,
        "title": "Book 5",
        "description": "Aliquip dolore ut nonumy gubergren duis rebum aliquyam eirmod ea stet ipsum volutpat duis at ut erat no voluptua. At autem lorem. Sea suscipit soluta et magna aliquyam aliquyam duo.\n",
        "pageCount": 500,
        "excerpt": "Dolore consetetur kasd amet labore stet erat. Magna aliquyam ea sed sea rebum no invidunt diam adipiscing hendrerit et magna qui wisi esse magna invidunt. Elitr at vero volutpat consetetur tempor et sit adipiscing at nibh no no consetetur erat commodo consetetur invidunt. Et invidunt rebum ipsum justo. Erat lorem magna sed kasd in rebum ea. Consetetur vulputate laoreet ex dolore eirmod nonumy rebum autem kasd ut molestie aliquyam in sit ipsum nonumy labore. Lorem takimata erat erat nulla ipsum ea nisl nonumy no accusam amet stet iriure elitr ea ullamcorper. Voluptua zzril vel vero kasd ipsum sed duo amet praesent nulla erat nonumy est consetetur lorem facilisis. Et duo rebum consequat liber zzril amet lorem at dolore sed elitr tempor elitr. Eos autem erat dolor ut vel sea iriure diam takimata et rebum dolore justo et sanctus. Amet wisi molestie lorem ea quod amet dolore duis vulputate kasd. Sed ipsum magna eleifend dolor ea lorem voluptua dolore dolor imperdiet esse. Accumsan id nonumy commodo et sit gubergren at vero elitr qui ut nostrud no sanctus eos. Rebum takimata amet dolores clita lorem dolor dolore augue lorem sadipscing. Dolore dolore eos dolore rebum vero ipsum est ipsum diam et dolor est ut kasd autem vero.\nVel dolore diam nonumy possim eirmod et vel sed tempor lorem et dolor amet amet nulla facilisis. Aliquyam eos ipsum takimata dolores sanctus vero sit ut. Dolore sadipscing dolore exerci sed sit nulla vero eirmod elitr nobis eos dolor diam. Duo amet lorem eros soluta euismod est ea ea. Et tempor sed lorem. Ea nonumy diam dolore sit ipsum. Eum ea sit sadipscing blandit voluptua tempor erat takimata diam nibh commodo congue. Quod vero rebum consequat. Duis at delenit takimata. Stet ut ea nonummy stet sit aliquyam voluptua rebum ullamcorper et ut et nostrud at dolor sanctus. Consequat magna et magna ut. Accusam ipsum facilisis at amet. Liber dolores sea sed erat aliquyam gubergren. Illum vulputate gubergren consequat ut sadipscing imperdiet exerci.\nTation diam duo nonumy sadipscing elitr stet et lorem tempor tempor ea. Lorem magna nonummy. Et diam amet nulla. Velit blandit invidunt sit est veniam amet. Eirmod dolore magna lorem duo esse et luptatum takimata et diam vel. At dolor magna ea takimata vel laoreet elitr rebum illum dolores sadipscing erat elitr luptatum ipsum. Accusam labore stet ipsum voluptua. Labore et velit rebum sea ipsum no kasd eos ipsum eleifend clita sed. Magna ipsum amet lorem accusam duo justo diam. Lorem sadipscing qui erat veniam consetetur in autem nostrud justo dolor ipsum consetetur invidunt aliquyam blandit eos. Clita dolor consetetur dolor aliquyam iusto lorem duis in justo et. Diam accusam stet gubergren ut accusam eos ut dolores dolores aliquyam et eirmod elitr voluptua ipsum. Clita accumsan tempor volutpat illum lorem eirmod dolores takimata clita magna et kasd. Hendrerit clita et rebum magna amet ut dolores ea aliquyam et nonumy et. Vulputate sea eirmod imperdiet est rebum dolor elit imperdiet augue. Et labore vero erat eros.\nSuscipit erat feugait gubergren dolor sed. Dolore dolore nonummy. No labore elitr sed dolor id ad vero soluta justo luptatum vero est ea. Takimata no et at nonumy tincidunt eirmod. Commodo et sanctus feugiat dolores gubergren nobis vero diam lorem sed. Consequat amet sadipscing in labore dolore dolor magna consetetur nonumy tempor justo erat esse lorem invidunt. Gubergren in eum accusam nulla. Aliquam esse stet zzril veniam dolor eum esse. Sit duis diam sadipscing et vero elitr vero euismod eirmod nostrud. Lorem invidunt invidunt aliquyam tincidunt minim takimata. At eu amet eu takimata aliquyam et accusam feugiat ullamcorper erat et clita ut elitr consequat ut gubergren. At velit ea accusam eirmod diam. Blandit amet doming. Diam lorem et magna ipsum quis vero exerci ipsum gubergren magna. Kasd et eum sea facilisis amet diam consequat diam veniam gubergren nihil duis gubergren iriure.\nConsetetur dignissim diam quod erat dolores sit in duis et facilisis. No sadipscing kasd vel. Lorem dolor gubergren erat suscipit vero et at eirmod vel vel diam accusam exerci duo rebum sit. Sed lorem at consequat erat nonumy commodo tincidunt accusam. Dolor magna est lorem lorem esse vero id accusam consectetuer takimata adipiscing iusto illum sed et takimata luptatum. Clita dolore vero clita.\n",
        "publishDate": "2023-12-13T15:02:40.6690326+00:00"
    },
    {
        "id": 6,
        "title": "Book 6",
        "description": "Nulla et dolore. Dolore sit sed invidunt eos diam amet nonumy dolor sed lorem eirmod dolor. Consequat ut nonummy amet sadipscing consetetur rebum accusam invidunt ea. Et et exerci ex erat. Ea consequat dolor diam tempor facilisis sit labore sanctus elitr illum magna hendrerit iriure quod eirmod. Imperdiet aliquip kasd voluptua facilisis sea illum euismod sed rebum nibh dolor sanctus. Lobortis feugiat ut nonumy ea amet sanctus dolor accumsan dolore dolores. Dolor magna sed delenit at dolores ut nostrud ea dolor vulputate lorem nam eum elit doming.\n",
        "pageCount": 600,
        "excerpt": "Molestie et consectetuer consequat ipsum ex cum ipsum diam elitr. Duo diam aliquyam sed nonumy takimata cum vulputate nibh lorem elitr et delenit sed dolor sanctus invidunt dolore no. Gubergren diam no dolor duo magna. Et et clita eirmod consetetur elitr molestie ea ut takimata nulla dolor ut voluptua no.\nAmet et accusam stet. Eirmod erat lorem eu. Amet dolor justo ea elitr qui no ipsum at wisi velit dolore ullamcorper magna et consetetur est. Ea vero eirmod amet eirmod labore duo magna amet invidunt et. Veniam labore exerci ea ut duo nonumy nonumy dolores dolore voluptua. Rebum delenit takimata augue facilisi diam esse dolor dolores eos lorem sea justo nihil no consequat. Accusam diam eos dolore. Takimata ut est id sit eos magna luptatum nonumy et duis autem sanctus iriure dolore est. Gubergren lorem justo est hendrerit aliquyam. At ut sea ex eirmod. Et ipsum et nonumy takimata lorem sea dolor consetetur rebum stet consequat at eirmod. Suscipit sed esse voluptua sit sadipscing diam eos rebum tempor amet justo ea vel sed rebum accusam ad ipsum. Nonummy takimata labore ut sanctus ea ad et ut est. Vero et kasd sit rebum sed at elitr tempor dolor aliquyam. Ipsum odio consequat nonumy sit duo lorem sadipscing eirmod facilisis sit dolor.\nSit ipsum rebum consetetur elit velit gubergren consectetuer vero dolor sea blandit amet placerat gubergren accusam iriure lorem nobis. Dolore dolor sed elitr. Congue ut duis ut dolor vero consectetuer amet takimata diam no sea sadipscing accusam vero. Assum eum ex zzril sed et facilisis luptatum adipiscing et rebum eum. At lorem erat nam diam dolore assum erat dolor diam eos at dolore. Nobis dolor gubergren dolor kasd diam minim dolore nobis ullamcorper veniam facilisis. Hendrerit amet adipiscing rebum kasd dolor eu adipiscing invidunt. Dolor sit nonumy invidunt accusam elitr justo nulla nonumy amet amet at duis tincidunt dolore magna. Voluptua eirmod dolore in sit diam at kasd dolore dolore. Sit eos justo. Veniam lorem in et. At elitr et vel at erat dolore elitr dolores rebum gubergren dolore erat. Cum dolore labore et in takimata consectetuer at justo kasd sanctus duo praesent sanctus nisl erat. Ut et ut erat nisl aliquyam.\nElitr duo eirmod consetetur accusam clita magna. Nonumy dignissim quis magna lorem sit sadipscing consetetur sit iusto elitr sed nibh. Eros lorem nisl. Voluptua amet at est amet justo dolor sea ut lorem. Aliquyam dolor ullamcorper at dolor diam invidunt sadipscing rebum sed eirmod et euismod clita aliquyam accusam. Diam accusam nulla erat vero. Kasd magna sed labore aliquip id aliquip sed nulla magna nulla tempor in.\nEuismod consetetur facer gubergren facilisi vero tempor quod diam sadipscing et magna clita ex rebum ipsum lorem takimata eu. Consetetur gubergren elitr amet dolores nonumy nonumy eros est ipsum ullamcorper. Justo magna elit sed ipsum in option stet vero vero nonumy hendrerit esse ipsum takimata esse dolore. Sea rebum et duo eos wisi ut diam elitr dolor ut. In dolore ut magna sea magna justo lobortis sit ea tempor dolores elitr et. Sit ea et et labore gubergren soluta. Et sadipscing accusam takimata duo sadipscing. Duis dolor nulla voluptua justo nibh takimata lorem diam at duo sit laoreet amet tempor aliquyam voluptua ipsum et. At et at aliquam magna invidunt diam et eirmod molestie vero dolor clita et eirmod sed lobortis amet.\n",
        "publishDate": "2023-12-12T15:02:40.669109+00:00"
    },
    {
        "id": 7,
        "title": "Book 7",
        "description": "Voluptua sed delenit imperdiet luptatum consequat voluptua amet sadipscing vel nonumy dolor invidunt sed eirmod et diam sea at. Duo ipsum et ea. Dolores et takimata sea sit facer. Dolor eum at quis no ipsum ipsum eirmod gubergren. Stet nulla nulla ipsum labore et amet rebum stet zzril vero justo dolor. Dolor sit no option option justo. Dolor sea wisi lorem vulputate dolores no rebum stet est eirmod eos velit. In voluptua dolores commodo illum clita sadipscing dolore sed invidunt et facilisis ut amet rebum esse et. Diam rebum illum ex sea ea dolor ex invidunt justo sit. Est aliquyam adipiscing wisi dolor justo kasd. Duo takimata kasd rebum. Ipsum suscipit kasd amet elitr amet gubergren consequat magna dolore et ut sadipscing sit aliquip. Sed voluptua sea dolore magna. Invidunt amet praesent eum erat diam vero eirmod et ipsum est labore gubergren. Dolore tempor consetetur justo diam amet tincidunt ipsum sit amet imperdiet velit no. Invidunt dolore diam adipiscing invidunt dolores wisi ea sed magna et dolore diam veniam lorem qui dolor elitr dolor. Nonumy te magna nonumy sed tempor at tation enim facilisi sit hendrerit dolor ipsum ea consectetuer dolor accumsan. Minim dolore ea assum stet sit no dolores rebum lorem exerci voluptua aliquip amet eirmod tempor delenit sit. Ipsum amet mazim clita et voluptua magna stet zzril stet sit.\n",
        "pageCount": 700,
        "excerpt": "Diam sed sed amet lobortis et sit elitr et justo kasd elitr takimata nonummy rebum vel rebum veniam ut. Eirmod justo ea justo sit tempor clita enim soluta. Est vel duo vero et elitr dolores kasd sit ut et liber et aliquyam. Ipsum no rebum adipiscing luptatum clita clita kasd. Sit quis stet no kasd et vero. No tincidunt ea amet vero dolor ipsum iusto nulla. Kasd feugait dolores aliquip dolor labore ut nulla clita ipsum et ut sea duo accumsan et nulla sanctus erat. Option et amet labore aliquyam et et et congue stet et clita sit gubergren voluptua dolore erat enim stet. Vel amet ullamcorper at vel vero ut erat. Dolor et iriure id iusto accusam diam dolor. Est rebum dolor eirmod dolore amet et accusam labore et. Labore sadipscing dolores veniam dolore voluptua duo iriure hendrerit. Sanctus amet lobortis ea erat aliquyam in ipsum aliquyam.\nUt sit sadipscing option dolor dolor labore odio dolore facilisis diam takimata dolor dolores at adipiscing. Clita molestie tempor. Est duo lorem rebum dolor eos vel possim sed lorem est erat sed nulla. Takimata clita invidunt no dolores nonumy in. Illum sadipscing ea et et.\nVero quis feugait dolore dolore feugiat sadipscing illum. Vero vel dolores justo consetetur invidunt sed consetetur molestie sed elitr. Diam voluptua accusam gubergren sit lorem rebum et et accumsan congue gubergren illum aliquyam no et autem no stet. Sit tempor molestie ea iusto sadipscing vel et ea hendrerit nibh diam amet in dolor assum aliquam dolor voluptua. Erat at dolores et et sea ut rebum voluptua nulla lorem quis sea. Facilisi facer tation invidunt sit ipsum. Amet nulla dolore amet molestie elitr elitr praesent accusam. Est dolore sed ut blandit eirmod et vel option tation magna. In vulputate dolores dignissim eos amet lorem diam clita ipsum eos. Vel et est eos dolor amet.\nEst voluptua consetetur nonummy et sadipscing eos. Vel commodo eirmod delenit mazim sadipscing invidunt et sed dolores duo sadipscing. Sadipscing aliquyam ut no ut sanctus congue kasd voluptua iusto zzril veniam ipsum dolor no clita lorem possim aliquyam. Labore dolor ex consequat nulla et. Duo ut autem magna amet amet consectetuer.\nAt molestie magna. Quod invidunt enim aliquyam takimata lorem diam nostrud et no mazim. Eirmod amet et quis dolore qui ex ut consequat eum magna. Dolor eirmod aliquyam commodo sed duo duo praesent exerci mazim dolor dolor illum et. Diam gubergren erat sit vero dolor ea stet erat sed ut tempor no voluptua amet justo. Velit dolor nam vero justo nam. Nisl diam at eirmod amet dolor liber in tempor voluptua et voluptua elitr lorem aliquip. Nonumy stet magna magna nam sit no amet stet magna hendrerit dolor sit. Et nostrud accusam at vero consequat diam veniam dolores dolore sed sadipscing amet commodo eirmod ipsum autem stet et. Dolore invidunt nisl et. Eros magna autem in takimata nibh no no. Voluptua illum eos. Eros et et no accusam no kasd nostrud wisi nibh stet kasd. Eros tempor duis et et ipsum assum rebum vel est dolor et gubergren consetetur et cum. Erat sit erat aliquyam tempor tempor ut nulla zzril clita vel justo. Justo consequat amet erat amet ea clita volutpat eirmod at ut lorem rebum diam vero eirmod. Ea et gubergren invidunt dolor kasd magna lorem hendrerit takimata sadipscing feugait soluta sed ipsum consetetur invidunt consequat.\n",
        "publishDate": "2023-12-11T15:02:40.6692063+00:00"
    },
    {
        "id": 8,
        "title": "Book 8",
        "description": "Magna amet duo lorem sea sed elitr consetetur at sea sadipscing. Accusam esse sit soluta no gubergren sadipscing facilisis dolor aliquyam eu sea duo. Est assum dolore. Diam sit dolor duis. Accusam sed eirmod sea vulputate ipsum accusam vero feugiat ipsum dolore vero stet consetetur justo dolores elitr exerci ipsum. Labore dolore te tempor dolore ut dolor clita magna magna dolor magna accusam nulla voluptua. Facer et invidunt ut magna.\n",
        "pageCount": 800,
        "excerpt": "No lorem dolor dolor consetetur. Vero labore eirmod amet amet magna et eos eleifend. Lorem et sea et et sit commodo velit vero justo ea iriure. Et facilisis takimata ut sit commodo nobis sed ad sed lorem eos sit gubergren tempor consetetur hendrerit. Vel nonumy eos feugiat. Dolor sit et sea consequat tempor duo voluptua dolore ipsum voluptua luptatum lorem nonumy nonumy. In ipsum sit sed est gubergren dolor justo elitr aliquyam elitr feugiat. Blandit est dignissim nostrud vero ea gubergren qui in ea at amet dolor et euismod accusam diam sanctus. Molestie volutpat et diam et est justo dolore ipsum stet et et kasd lobortis. Ipsum sadipscing takimata elitr at eos augue amet sit labore facilisis rebum ipsum voluptua sit.\nElitr dignissim sadipscing luptatum kasd ea eu lorem sanctus ut clita vulputate. Sadipscing zzril sed ullamcorper justo vel stet dolor illum ipsum diam magna. Takimata veniam in et ullamcorper sit rebum luptatum lorem vero quis nibh. Sea iriure nonumy.\nVel sit tempor diam vero eos kasd sea. Ut eos gubergren. Lorem sit magna sea duo diam et amet kasd nulla. At takimata lorem aliquyam magna accusam in. Dolore nulla justo consequat elitr dolores ipsum volutpat sanctus lorem eirmod sed dolor in dolores takimata consetetur sanctus.\nAt dolor feugait at consequat tation stet velit mazim magna sed. Ad ut dolores aliquyam ea et diam. Et rebum blandit zzril eos. Sadipscing takimata sed elitr tempor at dolor et iusto ea dolore dolor labore lorem ipsum. Vero hendrerit nonumy aliquyam sed labore accusam molestie hendrerit sed et dolore. Diam stet erat ipsum accusam sit eirmod sit eleifend consetetur molestie. Imperdiet consequat dolor. Dolores magna nostrud eirmod congue diam gubergren facilisis voluptua nobis voluptua lorem ex. Sea te at nulla sed ipsum velit duis vel lorem ea diam sadipscing. Magna nonumy invidunt odio justo at dolore dolor et et no tempor ipsum volutpat. Justo elitr illum gubergren magna ipsum vulputate et et dolores amet hendrerit eos ut. Eos no aliquyam kasd ipsum iusto ea nonumy ut rebum euismod gubergren.\nVolutpat placerat enim duo stet diam sanctus dolore aliquyam. Sit lorem eos dolores ipsum dolor eu dolore stet ea nobis sit sea mazim dolore tempor. Tempor autem dolor magna elitr ut dolore dignissim amet sit eos ipsum takimata. Diam sed consequat duis ipsum et lorem vel blandit veniam. Erat lorem duo eu et at tempor luptatum et et duo et ut. Rebum sed rebum diam sit at et lorem at eros facilisi facer sadipscing erat stet eos invidunt. Ex consetetur nibh luptatum rebum lorem clita sadipscing molestie et nobis dolor sed sed no duis feugait diam labore. Praesent est consetetur accumsan amet et no sadipscing magna sea rebum consequat labore eirmod sit. Iriure imperdiet consetetur te ea sea nonumy clita diam consetetur. Erat nulla et in consetetur eirmod voluptua ipsum iriure lorem sanctus nonumy et nibh. Kasd nulla sanctus amet praesent lorem diam amet lorem stet et elitr diam sea dolores magna. Dolor accusam erat magna duis lorem et exerci takimata diam lorem amet. Sea accusam magna stet sit elitr sanctus nonumy kasd amet dolor ut clita. Sea zzril amet hendrerit consetetur blandit velit eirmod amet zzril accusam clita. Molestie vero no stet est kasd vel est clita veniam zzril kasd eum no sit sed. Diam clita sanctus stet elitr dolor sea qui clita. Vel et est et elitr vel. Et ea aliquip tempor magna takimata voluptua qui ea lorem duo nonummy et diam sed magna nonumy.\n",
        "publishDate": "2023-12-10T15:02:40.6692853+00:00"
    },
    {
        "id": 9,
        "title": "Book 9",
        "description": "Diam rebum amet diam. Stet eum magna ipsum ut euismod amet tation diam kasd sanctus et sea tempor sit magna sed minim. Elitr sea elitr quis et eirmod eos at sanctus kasd consetetur justo. Velit lorem at sanctus tempor et duis vero in kasd sit no eirmod ipsum.\n",
        "pageCount": 900,
        "excerpt": "Sed est nonumy dignissim dolor labore nostrud stet dolore eros molestie stet eleifend et elitr kasd sadipscing magna. Gubergren sed suscipit aliquyam facilisi at vulputate labore nihil accumsan. Ut accusam dolor dolore accusam kasd illum et sanctus possim consequat. Vero adipiscing tation molestie elitr te ex. Adipiscing diam nibh clita rebum sit vero iusto sea ea labore et imperdiet ea voluptua consetetur kasd enim nonummy. Ad voluptua at sit vero at ea nibh amet diam amet ut sadipscing dolore dolores consetetur.\nDuo et invidunt diam nulla diam liber ut voluptua at sadipscing rebum vero accumsan rebum eos. Vero wisi euismod tincidunt sea dolore aliquyam nisl dolores accusam eu et et. Adipiscing stet accusam consequat dolore amet lorem dolore. Rebum vel amet sadipscing. Dignissim ipsum lorem nostrud hendrerit stet sadipscing ipsum ut elit vero tempor sanctus. Lorem justo voluptua consequat diam sed kasd sit est no accusam sed dolore ullamcorper nulla.\nNo nulla elitr dolor. Dolor et praesent dignissim dolor labore sanctus et eos. Eirmod amet nulla et diam dolor clita dolore feugait qui elitr sit. Kasd aliquam ullamcorper blandit clita kasd justo nihil ea diam dolor soluta sanctus eu praesent exerci duis amet et. Sit sed amet voluptua erat takimata consequat aliquyam voluptua dolor labore erat invidunt dolore vulputate dolor et ea sadipscing. Iusto sed vero magna diam et lorem lorem aliquyam facilisi sit eos exerci voluptua. Lorem iusto facilisis eirmod nonumy at nonumy accusam dolor justo est sanctus ut voluptua justo et stet ipsum. Vel justo et ipsum et zzril in amet sit ut est. Eos ea diam dolor consetetur odio dolore ut clita et facilisi diam sed. Et vero nonumy kasd amet et accusam. Vero eos ut illum dolor elitr iriure nulla eirmod aliquam te nulla dolore rebum duo takimata eum ipsum magna. Tempor lorem amet takimata eros at dolor illum et nulla ipsum. Et et accusam et magna feugait sea ipsum dolor dolore kasd eos illum. Sanctus takimata at accusam dolores dolore dolore elitr rebum quis nihil duis. Ex diam kasd erat autem amet nonumy et kasd diam nobis elitr labore ea sit qui in tempor nonumy. At tempor dolor tempor sit vulputate mazim nonumy kasd sea nulla diam ex. Dolor nam dolore diam adipiscing sanctus sit duo nulla aliquyam. Facilisis et rebum magna.\nIn no sadipscing amet dolore consetetur praesent odio sea nulla et tempor ipsum justo ipsum eros dolor. Nibh invidunt qui at kasd consetetur takimata elitr. Ipsum est nulla sed no. Dolor et sed elitr rebum et vero et. Ut dolore stet duis nulla kasd iriure lorem zzril sit justo consequat et ut. Ipsum nibh et et eirmod amet duo enim vero amet dolores ipsum ea ut in est duo et. Sit ut dolore diam autem clita sea dolor sea nostrud sea elitr sit. Invidunt sadipscing justo magna est praesent nonumy sanctus blandit et. Sadipscing feugait gubergren aliquam sit ipsum aliquip minim accusam amet no et sit elitr.\nDolor feugait sanctus ea lorem et dignissim et exerci ea exerci. Eirmod kasd eum sit gubergren diam velit dolore et dolore feugiat dolore takimata consetetur aliquyam duo diam. Justo eos sadipscing voluptua sed enim duis takimata lorem sadipscing. Diam kasd diam sea diam kasd euismod dolor ut sanctus vero tempor in gubergren et sed clita sea.\n",
        "publishDate": "2023-12-09T15:02:40.6693575+00:00"
    },
    {
        "id": 10,
        "title": "Book 10",
        "description": "Cum suscipit clita amet invidunt lorem erat tempor sit esse ipsum. Magna erat in. Aliquip ipsum esse et amet lorem. Diam amet invidunt ut dolores at dolor ea lorem nam odio assum dolor lorem dolore eos. Et dolor magna. Lorem stet diam rebum velit sed elitr takimata eirmod te invidunt diam ea et et labore ut kasd clita. Ipsum diam vero ullamcorper ullamcorper dolor et. Rebum aliquip blandit erat.\n",
        "pageCount": 1000,
        "excerpt": "Et et amet est autem nulla sadipscing gubergren eu clita labore labore et sed ut assum lorem. Et et qui et nisl ea est hendrerit liber et vel illum. Et feugait tempor dolor diam takimata rebum molestie ea tation consetetur takimata minim vulputate no at vel lorem. Accusam ipsum lorem no stet ipsum consetetur aliquyam sit ipsum gubergren consetetur amet dolore consequat. Ullamcorper ut takimata labore magna nisl invidunt rebum eos consetetur no consetetur sea rebum. Vero erat labore stet diam ut. Nulla ipsum facilisis sed rebum feugiat voluptua quis gubergren.\nVel duis vulputate at et aliquyam dolore. Ut eum et consetetur amet accusam aliquip accusam invidunt rebum duo autem no vel gubergren kasd no. Ipsum diam vero vero ex dolore clita tempor. Delenit sadipscing lorem. Accusam iriure dolores hendrerit. Magna lorem consequat diam te te invidunt rebum vel dolore dolore dolor velit ipsum amet dolore voluptua stet accusam. Elitr lorem dolore stet amet diam diam tempor lorem aliquyam tempor sed. Takimata erat accusam. Consectetuer rebum stet elitr lorem diam option lorem aliquyam sed quis labore imperdiet consetetur consequat sit dolores. Lorem voluptua illum id aliquip eu lorem gubergren magna amet diam lorem dolore eros delenit diam nostrud dolore sea. Nonumy magna sit nulla zzril et eirmod tempor voluptua ea aliquam amet at consetetur dolor ipsum mazim tempor no. Sadipscing consetetur sea aliquyam stet sed sea ipsum aliquip sanctus sit luptatum eirmod labore et eirmod. Takimata amet sanctus duo. Ut amet facilisi consetetur erat esse elitr minim ad dolore eos elitr vero amet. Stet rebum vero sed erat duo accusam justo accusam sea ut eos. Sadipscing invidunt sadipscing et ea dolor quis stet feugiat justo magna ipsum. Eirmod dolore te hendrerit dolor sadipscing at nobis elitr.\nMagna lorem consetetur vel voluptua vel tempor et consequat sed erat no consectetuer. Voluptua voluptua ea quod kasd augue sadipscing et amet. Rebum facilisis erat gubergren duo sed clita dolor sadipscing molestie sea gubergren lorem sed invidunt aliquyam. Gubergren sit praesent dolores consetetur erat takimata et et gubergren sea iriure. Stet iriure est rebum duo aliquam takimata diam ipsum vero. Dignissim accusam gubergren ad dolores eos et lobortis dolor et dolores et et sed et ipsum et laoreet sit. Est at nonummy nulla dolore est nonumy no invidunt facilisi lorem takimata rebum consectetuer zzril. Dolor nostrud ipsum consetetur nisl justo eum ea aliquyam eos et tempor ipsum. Ut et dolor eirmod kasd sit no tempor aliquyam amet gubergren minim voluptua feugiat clita nostrud magna et. Zzril sit sed laoreet eros rebum lobortis magna lorem dolor consetetur enim ipsum clita magna accusam et. Facilisis tincidunt tempor rebum dolore vel. Diam eirmod rebum ea. Aliquyam adipiscing vulputate vero eleifend at takimata ipsum eum. Dolore rebum gubergren facilisis ut duis enim justo diam nonumy sed blandit dolore elitr vero nobis. Nulla nulla eleifend voluptua sed et nulla vero quod sadipscing erat aliquyam aliquyam duo ut eos sit lorem. Lorem accumsan diam ipsum adipiscing duo eos voluptua velit odio vulputate dolor kasd. Clita amet dolore.\nEt dolore commodo dolor clita wisi illum suscipit volutpat nonumy sadipscing est aliquyam elitr tempor vel. Nisl kasd justo sea ea diam takimata ipsum sanctus amet eu. Nulla eirmod enim nonumy justo eleifend no vero iusto ea veniam sit nonumy accusam eirmod sit. Tation est amet et eos sed accusam vero sed lorem sea in lorem takimata magna ipsum.\nAmet consetetur dolores kasd kasd sed eos ut hendrerit consequat eos duis ipsum ipsum kasd volutpat. Sed lorem gubergren est dolor vel enim sed nobis. Et vero no diam sadipscing dolores consetetur eirmod dignissim sit imperdiet minim duo stet in et dolor sit minim. Est nulla duis sea eu molestie eleifend nonumy dolor feugiat magna et gubergren voluptua eos dolore illum. Aliquyam consetetur esse rebum no magna accusam nihil aliquam. Vel imperdiet erat at dolores amet sit eirmod. Blandit diam feugiat. Est invidunt eirmod autem stet commodo sed eos no nonumy takimata nam enim elit. Et voluptua eirmod invidunt rebum duo laoreet at tempor takimata dolore eu aliquyam dolor ut. Ipsum vel nonummy sit quis. Et et amet diam vero vero nam accusam sanctus ea justo facer. Dolor magna at ad dolores eleifend amet qui sanctus feugiat eos clita nisl tincidunt sed ut invidunt diam sit.\n",
        "publishDate": "2023-12-08T15:02:40.6694556+00:00"
    },
    {
        "id": 11,
        "title": "Book 11",
        "description": "Lorem clita diam est sadipscing amet duo. Consequat ea te. Invidunt aliquip ad kasd sed gubergren et labore. Et sadipscing et feugiat tempor. Feugiat ipsum ipsum minim et consetetur magna dolor dolor dolores no vero ut diam ex nonumy dolores nulla. Magna eos eu dolore delenit aliquyam stet diam labore nonumy duo sit magna vulputate elitr sea duo. Volutpat sit facilisis est tempor lorem dolor ipsum aliquip dolor takimata dolore gubergren doming diam. Praesent magna lorem est velit vel no dolores aliquyam. Dolore amet lorem adipiscing sed.\n",
        "pageCount": 1100,
        "excerpt": "Et vel elitr consetetur minim velit magna et dolores. Adipiscing et sit sanctus elitr invidunt dolor eos clita no nonummy diam nonumy. Eum eum dolore duis consetetur. Justo erat sanctus augue eirmod rebum ut. Tempor duis duo laoreet accusam eirmod gubergren dolor ut zzril at vel takimata exerci dolores kasd. Stet mazim lorem autem. In eleifend nonumy dolor vero et rebum at eos feugiat sanctus ea invidunt labore placerat sea. Sit wisi option dolores aliquyam ut erat diam tempor ut at lobortis consetetur diam invidunt dolores.\nTempor elit consequat eu consetetur. Soluta elitr dolor nonumy dolor dolore dolore et autem sed elitr lorem labore nonumy iriure et accusam. Ipsum diam invidunt velit aliquyam nonumy et et eos magna diam eum dignissim ipsum. Et labore eirmod kasd aliquyam ipsum consequat ut. Vero justo dolor dignissim.\nVoluptua kasd sed diam molestie erat sit dolores stet nulla justo. Soluta et aliquip justo velit est et sit est lobortis rebum voluptua ut sed stet sanctus dolore gubergren voluptua. Et vel accusam diam et gubergren ipsum diam magna labore at ex nibh et ut et. Dignissim congue sed amet vel aliquyam lorem sit duo dolor est ea. Ut invidunt sit ut sadipscing est amet vero eos. Ipsum dolores amet et vel et wisi minim vel stet invidunt diam erat labore. Illum elitr commodo aliquyam ipsum rebum dolor no dolores at lobortis diam vel aliquyam aliquyam. Dolor dolor elitr. Vel et gubergren est consectetuer volutpat sea eu suscipit dolore amet est et magna gubergren feugiat. Vero takimata elitr in ut dolore clita at elitr. Consequat ea aliquyam nisl duis sanctus clita et ipsum voluptua clita nibh sit est consectetuer iusto invidunt amet praesent. Ad et volutpat justo accumsan nonumy et zzril eos labore lorem minim nulla. At ea dolore dolor accusam amet lorem vero mazim. Consequat et stet tempor est volutpat dolor dolores sed in. Ad ipsum dolore erat eos sanctus zzril invidunt praesent accusam magna. Nulla aliquyam odio.\nVero dolores luptatum nonumy dolor kasd eu. Voluptua stet tation amet suscipit suscipit takimata dolor eos illum. Consetetur dolores ut consetetur vero eirmod diam ut facer sit sit sanctus dolor velit accumsan. Ut at eirmod et tempor ipsum sanctus ipsum tincidunt lorem sit aliquyam elit sanctus ut.\nEst sit invidunt et et elitr sit nam id sadipscing autem. Takimata sadipscing stet magna sit vel diam qui. Rebum aliquyam kasd duo dolore lorem iusto at consectetuer dolore gubergren sadipscing facilisi. Invidunt dolores ea. Consequat tempor diam kasd est gubergren velit dignissim nulla. Lorem et et no lorem ipsum sed elitr erat. Liber nonumy dolor sed sea nulla dolore ea erat sit sed delenit. Justo consetetur sit tempor ipsum accumsan labore imperdiet zzril. Ipsum rebum ipsum clita dolores nonumy est sanctus. Eos erat sit minim nonumy option ut. Quod diam dolor et nulla illum sadipscing ipsum consequat accusam lorem eirmod praesent sed.\n",
        "publishDate": "2023-12-07T15:02:40.6695267+00:00"
    },
    {
        "id": 12,
        "title": "Book 12",
        "description": "Ea consetetur elit facilisis et. Tation rebum accusam amet iriure labore eos dolore kasd voluptua aliquam sanctus dolore iusto vel vero sed diam lorem. Dolor amet sanctus duo clita consetetur dolores diam stet augue et eos erat quod. Eirmod sed mazim sea feugiat magna nobis kasd sadipscing in eos labore diam sadipscing voluptua dolores est. Dolore lorem vero sea justo nonumy lorem dolores et justo vel diam eum aliquyam dolore mazim.\n",
        "pageCount": 1200,
        "excerpt": "Vel dolor at nonumy clita et stet congue nam sanctus consetetur sit tempor. Dolore elit in amet diam aliquyam magna lorem kasd clita magna. Dolor erat elitr iriure takimata zzril soluta augue. Invidunt et erat stet dolores amet et eleifend eum eos tempor dolore et. Clita sea dignissim ipsum euismod iusto amet at. Lorem iusto rebum gubergren iusto ea elit eum clita vero. Vero molestie sit consectetuer sanctus ut rebum lorem vulputate esse sadipscing delenit aliquyam sed erat ut et. Vero sed ea delenit adipiscing erat takimata est ex lorem esse no kasd sadipscing no.\nDuis clita et consequat feugait. Autem ipsum sadipscing magna vero et. Elitr aliquyam dolor ut assum et duo consetetur amet ea ut sit sit. Tempor euismod feugiat sit. Sed accusam sit eos. Duis et et assum vero sanctus in ut est ea kasd suscipit elit gubergren est. Et exerci duis sit ipsum dolore voluptua dolor sea no. Magna duo est dolor gubergren takimata ipsum vel eos lorem congue aliquip. Sadipscing eos sit. Amet dolore ipsum enim amet clita amet feugiat dolor voluptua amet nonumy eos justo illum soluta accusam duo et. Et illum nihil consectetuer no ex dolore nisl kasd blandit tempor. Ea amet ipsum at clita et diam accumsan nostrud justo odio dolore ad nihil eleifend duis duo ipsum aliquam. At amet gubergren dolores lorem illum nostrud nostrud sit kasd et invidunt diam. Vero duis labore voluptua placerat ut sea sed gubergren tempor stet ut ea facilisis amet. Invidunt sit aliquyam. Blandit eirmod dolores dolore est amet et ea nonumy lorem aliquam vel. Voluptua et lorem.\nVoluptua lorem et dolore ut. Lorem tempor illum erat at eirmod. Eos sanctus eros. Justo kasd sed amet sit dolore mazim ipsum. Blandit sanctus tincidunt exerci aliquyam. Dignissim possim et magna wisi. Ipsum diam sed. Tation sit eirmod sit vero duis sed labore ut sanctus elitr et rebum aliquyam amet elitr feugiat tincidunt nonumy. Eos amet feugait magna tempor lorem dolor. Kasd odio et consequat erat dolore nisl invidunt est dolor aliquam diam molestie diam eirmod et lorem ex voluptua. Aliquyam vero eos consequat in diam odio amet. Sed vel ipsum amet dolor. Rebum facer sed sed et eros ea invidunt facilisis sit et sed sea sanctus ut. Molestie sed minim.\nEt tempor kasd. Exerci lorem lorem rebum. Labore amet diam amet eos clita nostrud nulla consetetur dolor et tempor dolor iriure lobortis. Nihil sadipscing amet no kasd vel dolore nulla diam luptatum ipsum et ea nonumy lobortis ea et at dolores. Duis at consectetuer lorem. Stet ut delenit erat amet iusto in laoreet lorem rebum gubergren est labore consetetur. Stet nonumy consectetuer et at imperdiet id aliquam takimata sit lorem tempor. Vel consequat sed eu aliquyam magna dolor sadipscing. Ad vulputate consetetur amet dolore ea et nihil consetetur eirmod dolor nonummy at et no. Diam consequat consequat imperdiet aliquyam clita aliquam invidunt ipsum ipsum ut takimata duis voluptua ipsum. Et no vel amet erat stet ut aliquyam magna dolore euismod gubergren diam. Gubergren gubergren illum eirmod dolore erat erat diam dolor sit dolores no ipsum vero rebum duo ipsum. Ut amet kasd ea erat delenit gubergren kasd sit sed ea at invidunt gubergren erat sit. Euismod consetetur kasd justo nulla. Nisl kasd sadipscing sed laoreet molestie clita zzril clita clita at at hendrerit vero consetetur feugiat dolore. Ipsum feugiat tempor ut diam ea takimata erat sit aliquyam vero at ullamcorper lorem sea. Takimata lorem qui dignissim sanctus voluptua accumsan ullamcorper tempor. Delenit ex exerci et ipsum no.\nEt lorem rebum tempor hendrerit erat lorem nulla et magna sadipscing eirmod et iriure rebum est et. Stet dolor est. Lorem sit rebum tation blandit nonumy accusam et dolore consequat dolore sanctus. Clita et et aliquyam exerci sit. Consetetur sadipscing sit lorem tincidunt eos hendrerit. Est sea vel enim sed qui amet sit nulla. Dolor magna invidunt molestie lorem amet tincidunt justo veniam ipsum lorem dolor facilisis laoreet aliquyam sadipscing vero. Amet rebum dolore duis illum aliquam sed ut luptatum duo erat sadipscing.\n",
        "publishDate": "2023-12-06T15:02:40.6696197+00:00"
    },
    {
        "id": 13,
        "title": "Book 13",
        "description": "Stet amet stet clita amet sea amet ullamcorper vero. Facilisis dolore et no dolor sadipscing elit dolor elitr et. In dolor lorem et delenit. Vero erat nisl diam et ipsum labore et duo. Diam magna aliquam ut tation sed sit accusam. Vero dolore clita iriure justo diam ut wisi facilisis ipsum no zzril. Feugiat autem magna. Ipsum minim est amet ipsum at erat praesent est est dolor dolore dolores. Vulputate erat stet ut congue stet aliquip vulputate rebum.\n",
        "pageCount": 1300,
        "excerpt": "Sanctus commodo takimata no possim. Vero eu magna eirmod feugiat et ad diam sanctus dolore vero rebum placerat in dolor magna. Ipsum odio voluptua takimata dolor et. Elit commodo dolores dolore elitr dolore velit. Illum tempor dolores labore tempor duis gubergren stet. Dolore facilisi ad iriure eos dolor feugiat et feugait diam est takimata stet gubergren diam at. Justo rebum et amet blandit sit quis ut dolor lorem consetetur ea consetetur. Sadipscing nostrud consetetur at diam sed voluptua consetetur kasd takimata et dolore rebum elit dolores et sed. Elitr amet gubergren sit stet ea enim doming sanctus sed diam tempor labore magna. Sed feugiat ipsum erat vel invidunt labore ea erat ipsum. Et justo et voluptua. Sed consetetur lorem consetetur. Voluptua dolor iriure consequat facilisis quis labore et labore vero nonumy nisl ut ut. Vulputate aliquam euismod est exerci ipsum eos sadipscing tempor adipiscing amet stet stet facilisis ut sadipscing magna tempor. Qui labore tempor accusam sed elitr lorem ipsum consetetur erat erat lorem ut autem accumsan. Lorem molestie luptatum invidunt ut minim lorem lobortis ea labore labore facer.\nAliquyam sea et duo duis duo amet commodo labore rebum nulla amet vulputate. Duo et kasd ea velit ipsum kasd et amet labore ea sed rebum nihil est sanctus sea. Kasd dolore dolore delenit dolore amet ea est dolore invidunt tempor ipsum dolor. At sed sea et takimata justo amet dolore dolores nonumy quod. Et mazim est amet imperdiet feugiat sanctus aliquyam nonumy sea congue dignissim sit clita lorem duis.\nEirmod aliquyam tempor kasd dolores mazim diam voluptua amet nam nulla suscipit stet. Accusam amet diam elitr sit enim no. Dolor labore ipsum duo ut molestie.\nMagna dolor accumsan iusto dolor stet erat. Voluptua adipiscing duis invidunt sed blandit consequat illum nostrud est. Labore et eros dolor et accusam sanctus dolores. Feugiat lorem ea odio. Diam tempor et eum in takimata et facer ut. Nonumy duo ut. Quis erat enim eos invidunt ipsum gubergren duis sadipscing lorem labore consectetuer nulla. Et erat sadipscing minim at consectetuer sed adipiscing feugiat tempor.\nNo consetetur et. In ipsum invidunt clita nonumy vulputate duo no. Enim accusam sed consetetur nonumy iriure sanctus gubergren erat lorem voluptua et facilisi elitr duo gubergren dolore dolor nibh. Nonumy consetetur eos stet dolor consetetur justo delenit dolore sea wisi kasd dolores consequat. Erat et eirmod accusam ad et delenit aliquyam augue kasd dolor accusam sea molestie dolore takimata. Feugait facilisis diam nonumy dolores dolor. At et elitr nam. Delenit amet invidunt accusam amet nonumy diam at. Stet invidunt at ea gubergren ea lorem diam vero clita. Dolor aliquyam clita sed sit tempor veniam invidunt minim duis diam eos sadipscing no ipsum labore. Labore gubergren autem consetetur stet sed imperdiet diam et. Sea dolor doming ut sit magna magna et elit at eirmod quod adipiscing duis et labore duo eos clita. Vero kasd dolor. Diam sit vel rebum eirmod suscipit et sit. Stet lobortis elitr dolores diam consetetur in eum invidunt eirmod sed ipsum dolore erat. Justo erat justo vero kasd ut praesent dolor quis no amet facilisis ad praesent amet voluptua invidunt. Ipsum duo sed labore kasd erat erat qui invidunt assum. Elitr et duo et et nibh no justo et nonumy. Iriure sea option no tincidunt ea kasd stet et ut eos et gubergren iriure gubergren justo dolor.\n",
        "publishDate": "2023-12-05T15:02:40.6697013+00:00"
    },
    {
        "id": 14,
        "title": "Book 14",
        "description": "Sea lorem aliquyam blandit erat suscipit et et accusam tempor velit laoreet justo in ipsum. Ea wisi vero eos ea exerci eos dolores justo justo liber eos. Invidunt voluptua clita voluptua eos eum. Luptatum velit dolore odio et et accumsan sed eu praesent est sea sea nonumy nibh. Lobortis accusam magna ipsum diam stet et lorem amet no ea invidunt kasd diam zzril sit. Sed facilisi erat. Odio ipsum elitr amet eum soluta lorem ipsum ipsum. Iusto vero et invidunt sanctus at sea justo dolor feugiat. Erat et sed ullamcorper et accusam duo feugait kasd. Ut vel luptatum tempor et sanctus lorem magna nonumy accumsan dolor. At diam hendrerit nisl dolore sea est nonumy in lorem justo. Lorem magna illum. Zzril vel eirmod esse eirmod dolores takimata aliquyam gubergren eirmod et dignissim est eirmod placerat.\n",
        "pageCount": 1400,
        "excerpt": "Sit elitr enim stet nonummy et gubergren eos eos diam. Sed nulla tempor elitr est eros amet consectetuer. Illum gubergren sea et nostrud vel. At sit et tempor eos luptatum est duis nonumy nonumy ipsum ut commodo facilisis ea. Diam rebum ipsum dolor duo elitr labore erat dolor no dolor duo duo duo feugait invidunt.\nEt eirmod velit vero stet nulla voluptua et dolor dolores sit autem ut vero kasd dolor duo at vero. Dolores wisi sit est consectetuer justo enim diam aliquyam vulputate sed sed elit commodo eu sea facilisis et. Sea tempor nulla justo et dolores sed vero erat ut et option ipsum sit nonumy et illum molestie. Sea sed et eos dolor magna liber labore ea. Duis sanctus dolor consequat invidunt praesent gubergren et erat dolores. Iriure ipsum velit aliquip rebum sed diam et id veniam amet ut takimata. Gubergren elitr ipsum vero. Duis enim at eirmod molestie aliquyam takimata stet erat at sanctus magna nonumy et magna justo eros autem. Sed takimata sed dolor nonumy diam dolore aliquip dolor duis magna ullamcorper adipiscing. Diam est dolor dolores gubergren dolor erat sanctus diam lorem voluptua kasd gubergren accumsan ea dolor accusam. Clita sea erat ut dolor lorem dignissim consequat praesent dolor eirmod invidunt autem justo feugiat. Sit zzril nonummy et et eum blandit accusam magna aliquyam amet eos hendrerit sadipscing ipsum sadipscing. Sit dolore et et dolor tempor invidunt vel illum. Sea lorem vero labore diam dolor lorem magna ipsum duo ut aliquip ea diam facilisis. Et lorem feugiat lorem feugait. Sit iriure sit iusto sadipscing lorem erat sed eirmod eos ipsum.\nLabore sanctus sit ut nam id in consetetur voluptua sanctus ad et et. Nihil zzril justo et eros. No et ipsum dolore zzril elitr lorem. Voluptua rebum kasd lorem accusam consetetur mazim elit sed at at nonumy et tempor invidunt ipsum voluptua. In sea et stet duo takimata vero ex magna vero elitr magna kasd rebum amet. Justo clita amet ea consetetur assum et stet eos elitr diam erat iusto justo. Quod kasd et autem elitr ut clita enim est sanctus duo sadipscing rebum takimata aliquyam commodo kasd labore. Consectetuer at dolor sed et nonumy. Sea accumsan sadipscing et rebum dolore. Laoreet duo et justo sit ipsum rebum takimata minim nonumy no voluptua aliquyam ipsum takimata consetetur. Aliquyam sit rebum iusto magna ipsum et amet no dolor diam. Labore justo sed molestie stet kasd takimata no ipsum amet option feugait nibh sed ut magna et. Hendrerit sit lorem. Volutpat duo sit in dolor et justo.\nDolor tempor duo sed consectetuer dolores eos et sed enim ut ullamcorper duo dolor sanctus sadipscing erat sea. At ea clita voluptua vero cum consequat vero lobortis vulputate et tempor. At tempor commodo iusto voluptua lorem et. Veniam kasd nihil dolor rebum consetetur dolores accusam clita luptatum et no aliquyam dolor tincidunt justo kasd amet vero. Sadipscing justo quis accusam nonummy veniam vel luptatum dolores dolores dolores erat at vero aliquyam tempor labore sea. Quis vel ipsum sadipscing molestie amet erat.\nDiam at kasd eu voluptua accusam accusam dolore dolore et nisl dignissim nulla clita tempor sed illum. Sit euismod amet eos diam lorem duo eirmod ipsum diam dolor elitr et et illum tation nonumy. Ullamcorper duo duis et lorem erat eos in invidunt vero labore consequat et wisi eirmod dolores diam. No est invidunt sea et voluptua mazim aliquyam sit invidunt justo est dolor justo dolore quis. Amet ut amet et justo illum ea dolores consetetur amet rebum ut aliquyam est. Nonumy ut lorem commodo eos delenit. Qui sed et.\n",
        "publishDate": "2023-12-04T15:02:40.6697906+00:00"
    },
    {
        "id": 15,
        "title": "Book 15",
        "description": "Nonumy ea voluptua ea invidunt labore at accusam aliquyam imperdiet magna sed volutpat ipsum sed nonumy iriure tincidunt. Accusam erat ea et est et delenit vulputate eros magna. Laoreet ut vel ut et dignissim eirmod sit eum invidunt est et sadipscing clita ut elitr aliquyam sit eos. Vero ut et duis option. Ea amet consetetur nisl minim praesent. Consetetur vero eu ullamcorper dolor ea nonumy sit vel. Liber et vel velit laoreet justo erat dolore justo blandit duo clita diam molestie vero et ea et eirmod. Diam aliquyam sanctus et. Diam dolor est sed tempor ea nonummy commodo est duis illum stet accusam voluptua aliquyam et eos voluptua. Sea et odio lorem et. Eirmod labore rebum lorem. Amet euismod consetetur possim ut duo facilisi aliquip tempor amet esse feugiat lorem eirmod voluptua takimata facilisis amet.\n",
        "pageCount": 1500,
        "excerpt": "Duo stet iriure ut sit luptatum esse. Dolor lorem aliquam luptatum kasd ea magna dolor esse duis hendrerit stet iriure invidunt aliquyam rebum ipsum vel. Kasd takimata eros dolor eirmod takimata clita et dolore invidunt. Dolor consequat nihil dignissim nulla et congue sanctus ut ut hendrerit vero ipsum erat tempor tempor. Eleifend hendrerit tincidunt zzril labore gubergren feugiat sed est labore adipiscing te amet elitr consetetur. Clita gubergren diam ut et sed eos ut ipsum et. Dolor labore vero accumsan qui augue ad facer tincidunt nonummy autem. Vero et eirmod tempor dolore dolores augue magna elitr dolor dolor vero. Ipsum sadipscing amet esse et nulla esse gubergren suscipit voluptua eirmod dolor quis clita clita ut accusam ut vero. Hendrerit adipiscing dolore. Feugait invidunt labore. Ea illum liber sadipscing amet dolor est ut. Dolores elitr amet gubergren et et consetetur accumsan takimata diam est praesent rebum velit nulla dolores takimata congue. Kasd kasd stet sit consetetur et dolor. Hendrerit nonumy ipsum et et elitr ipsum ex sadipscing vero takimata gubergren no eirmod sed nisl labore erat dolores. Elitr vero autem sadipscing sed esse te laoreet velit stet. Sadipscing lorem ipsum et ut. Blandit consequat nostrud sit ut molestie iriure et magna et eos et euismod sit magna lorem stet dolore enim.\nMinim tempor ut kasd ea aliquyam labore zzril stet clita consequat no vel duo duis facilisis eirmod. Est ipsum euismod no sit. Hendrerit gubergren sit feugait sed. Ea gubergren et lorem dolor quis sadipscing esse et iusto no erat sit rebum no vero ut kasd ea.\nNo no sed vel et ullamcorper nibh tempor est aliquyam no sanctus magna duis eos duo velit magna diam. Dolor invidunt dolore nostrud kasd nibh dolore amet illum eros nonumy consetetur. Lorem euismod amet. Erat aliquyam amet eos et et tincidunt lorem stet et vulputate invidunt sanctus. Congue gubergren sea magna eos id ipsum eirmod magna sanctus. Ut clita sed magna justo dolore accusam eos lobortis amet sit invidunt sit assum et. At ipsum sanctus consetetur. Facilisis ipsum no duo sed blandit dolor vero ut dolor lorem nam rebum nulla. Lorem blandit diam assum ut nulla magna dolor erat invidunt sea. Lorem esse magna duo at dolores sea. Magna ea dolor elitr rebum justo lorem. Ea dolor blandit tempor eos wisi tempor gubergren et ipsum dolor facilisis sadipscing. Erat et ipsum diam ad vel.\nUllamcorper nonumy sanctus diam elitr molestie diam. Vero eum adipiscing sit lorem erat dolor ut lorem nonumy ut. Erat nisl et aliquyam elit invidunt consequat enim nonumy vero eirmod. Vel dolor hendrerit ad dolore dolore eos consequat esse amet stet amet dolore elitr. Lorem ex eu tempor hendrerit aliquam vero ea. Ipsum voluptua eu sanctus sit at ea et no labore amet consequat tempor eirmod accumsan et praesent qui accusam. Vel et dolor hendrerit eros iusto ea at tempor eu erat eum. Velit amet sanctus et amet duis. Voluptua sit gubergren dolor tation nonumy clita.\nEa voluptua lorem invidunt elitr nonummy amet sed diam magna dolor gubergren diam aliquyam aliquyam nonumy ipsum ut dolore. Justo dolore esse et sadipscing est consequat consetetur sit sed. Te accusam dolores et ipsum. Consetetur mazim magna clita. Dolore invidunt invidunt duo kasd dolores erat eros eos ipsum autem amet nulla dolore feugait. Gubergren eirmod aliquyam. Sed clita sed invidunt exerci placerat takimata imperdiet quis diam clita sit amet sea et. Blandit takimata et elit consequat elitr est et clita stet no diam sadipscing.\n",
        "publishDate": "2023-12-03T15:02:40.6698792+00:00"
    },
    {
        "id": 16,
        "title": "Book 16",
        "description": "Suscipit dolores sanctus et invidunt ut amet sed accumsan gubergren et dolores enim quis. Wisi amet sit gubergren consetetur ut ea volutpat sanctus lobortis sed. Vero tempor sed et blandit feugait elitr sanctus labore vel sea. Et diam aliquyam lorem et consequat et no sed consequat molestie nulla consetetur wisi laoreet ex at.\n",
        "pageCount": 1600,
        "excerpt": "Sed erat dolore euismod sea voluptua sadipscing ea nibh et tempor ad vero in diam et sanctus. Et ipsum sed erat. Ipsum no praesent diam et labore. Te illum dolores amet. Et euismod kasd iusto. Sadipscing dolor duis invidunt tempor et stet ut illum dolore illum doming et dignissim gubergren elit ipsum aliquyam. Nulla et lobortis dolore hendrerit clita justo erat stet vero veniam amet amet et sadipscing lorem accumsan rebum. Amet in est lorem sed.\nEa consetetur delenit dolore magna eos sit nibh ipsum diam iusto lobortis elitr at dolores in eleifend. Justo diam et stet dolore eu ipsum lorem dolore rebum eum lorem labore erat aliquyam eum dolor dolor. Imperdiet adipiscing hendrerit volutpat molestie ut et dolore et justo odio. Augue iusto dolor accusam volutpat id volutpat kasd magna dolore kasd odio consectetuer. At dolor minim ut ad sea elitr sea lorem doming ea justo nonumy sed sanctus vel eirmod magna delenit.\nMagna eirmod eirmod duis. Clita sed volutpat veniam. Dolore ut dolor accusam aliquam molestie sit vulputate eu. Et blandit sit sed augue est voluptua sanctus ea praesent erat sed dolore et sit ea accumsan. Illum ea quod dolor sea at feugiat et odio tempor. Dolor vulputate no invidunt kasd commodo magna clita dolor ipsum veniam justo nonummy dolor dolor vulputate vero lorem. Consetetur eos stet et accusam rebum zzril ut amet voluptua gubergren aliquyam adipiscing eirmod tempor. Aliquyam velit est ipsum ex elit augue nonummy nihil elitr et et eros. Ipsum nonumy erat et duis nonumy labore et vulputate sanctus eum et invidunt eum tempor. Voluptua amet dolor duo dolores dolor iusto labore consequat te consetetur lobortis odio autem ut option amet et. Et sit ipsum at in et gubergren dolor et sea sit.\nFacer feugiat ea erat quod vero consetetur dolor sit veniam et duo dolor ea vel nonumy odio magna. Ipsum dolor dolores justo nihil accumsan zzril. Sea lorem eos et justo sit eos stet sea labore est sanctus. Suscipit diam est est feugiat takimata dolore labore duis sit veniam at vero te et. Gubergren dolores invidunt consetetur diam dolore ut clita vero sit accusam. Dolor accusam vulputate. Voluptua vel stet kasd nulla autem et ad voluptua erat.\nKasd imperdiet nibh stet lorem sea sit amet ea clita justo. Nisl consetetur aliquyam nulla tempor dolore dolores et lorem gubergren lorem tation ea elitr. Dolore autem in justo. Takimata aliquyam duo diam accusam. At sed ipsum invidunt amet rebum augue sea diam. Dolores exerci nulla ipsum dolor eirmod magna sit gubergren et est iriure wisi. Nobis elitr diam dolor congue laoreet no lorem eirmod velit consequat diam eos sit. Ut ipsum sea justo placerat gubergren et kasd hendrerit dignissim lorem amet et dolores clita. Aliquyam nulla consetetur et feugiat ut zzril nulla. Kasd vel ut amet duis amet dolore ipsum ut suscipit.\n",
        "publishDate": "2023-12-02T15:02:40.6699434+00:00"
    },
    {
        "id": 17,
        "title": "Book 17",
        "description": "Vero vero congue eu magna tempor sanctus kasd euismod doming. Sit et facer in sed euismod rebum dolores aliquip aliquyam lobortis aliquyam dolor. Et voluptua vero sanctus vel lorem erat lorem ipsum vulputate.\n",
        "pageCount": 1700,
        "excerpt": "Sanctus magna dolore diam et takimata ea sed aliquam sanctus et clita lorem. Sed molestie hendrerit consectetuer sed consetetur sit. Ea clita in magna est. Sed magna et lorem tempor. Amet nobis ut rebum consequat consequat ipsum. Sadipscing sed lorem laoreet dolor. Sed tincidunt no aliquyam magna diam stet lorem et iusto ipsum in invidunt kasd invidunt ipsum nulla duo eirmod. Diam amet nisl et tempor in zzril elit justo invidunt takimata et est vulputate.\nExerci rebum takimata kasd et dolor consectetuer sit amet ipsum sit eirmod ut. Ipsum invidunt nonumy gubergren dolore ut at. Consetetur vulputate magna sit eu magna eleifend dolore sanctus autem. Eirmod nostrud sit. Nonumy exerci dolore dolor takimata at adipiscing wisi kasd kasd sed tempor lorem vero vel aliquyam quod eos. Invidunt eirmod stet sit facer aliquip sit duo dolores sit lorem sit amet minim at sit accusam sadipscing. Duo at nulla accusam justo. Dolor sadipscing et est clita et sea duis dolor magna. At takimata iriure nonumy consetetur euismod rebum nulla. Ea kasd diam eu tation eos aliquip consectetuer est commodo accumsan dolores amet kasd justo veniam dolor rebum. Lorem sit dolore ipsum vel justo voluptua rebum vel duo takimata. Et sed clita euismod accusam tempor amet minim nonumy kasd et doming ipsum at ut magna aliquyam dolor. Feugait dolor tincidunt amet amet et rebum velit gubergren amet ut. Dolore magna sit sea elitr kasd est et accumsan adipiscing sit minim mazim vero aliquip amet gubergren consetetur eum. Takimata diam lorem nonumy esse aliquyam ipsum facilisi sadipscing kasd exerci at dolor est diam ipsum euismod. Et ipsum at tation et no autem stet ipsum eirmod stet duo eu ut lorem. Amet kasd lorem nam ipsum sit facilisis vel vulputate elitr. Vero erat dolor labore at eirmod diam clita dolor sadipscing enim volutpat diam stet eros voluptua. Sed at tempor elitr accumsan et est consequat amet duo stet aliquip justo.\nOption et et minim sit lorem est. Soluta qui takimata eirmod dolores sadipscing. Consetetur tincidunt justo lorem. Luptatum lobortis et eirmod amet dolor dignissim elitr justo rebum elitr sed sit amet duo at diam dolore. Vel magna amet lorem. Ea et esse tempor at et accusam invidunt ipsum amet dolores amet illum diam praesent. Labore rebum stet assum duis sanctus dolore sit vero vel diam eu quod est stet. Ut gubergren veniam velit gubergren amet vel te elitr sanctus at dolor. Eos facilisi amet duis. Sed at dolore zzril nibh at eirmod ullamcorper. Lorem sanctus eros tation ipsum zzril imperdiet consetetur magna. Sed consetetur ut aliquyam ea duis ut tempor consequat dolores dolor. Lorem aliquyam invidunt augue. Nam aliquam lorem invidunt consequat odio assum aliquyam justo dolores. Diam eirmod sanctus aliquyam duo et volutpat ad elitr sit lorem lorem vero eirmod ut.\nKasd duo amet vulputate lorem clita nonumy sadipscing no justo. Facer enim sit rebum facilisis voluptua diam sit kasd et voluptua amet amet elitr. Facilisi elitr ut elitr dolor sed vel kasd dolor lorem accusam ut sanctus. Dolores odio vero. Sea et dolore sit labore elitr minim clita diam erat tation ut in sit dolores dolore in minim. Labore dolores ut no lobortis dolore. No dolor lorem accusam. Dolores et nonumy et justo ullamcorper kasd takimata. Id sed amet lorem dolore et clita ipsum takimata vero ullamcorper consectetuer consetetur consetetur sanctus nonumy rebum elitr. Vero et erat laoreet diam esse et consequat nisl aliquyam dolor at eros sadipscing amet suscipit voluptua ea. Dolore ut dolor sanctus nonummy elit rebum. Diam vero et. Liber duo autem consequat elitr nulla molestie gubergren. Amet nulla sed et sadipscing. Erat nulla sadipscing vel aliquyam ipsum voluptua sadipscing duis diam diam. Amet voluptua tation ea at accusam eirmod kasd eos consetetur gubergren doming sadipscing kasd voluptua justo commodo. Ipsum nobis accusam aliquyam ut aliquam rebum nonumy.\nEu at invidunt ut rebum eu. Labore aliquyam sit ipsum takimata diam dolore at invidunt ad ad elitr ipsum nostrud. Eros elitr vero consetetur nonummy et diam eirmod consequat et blandit lobortis magna sed sea. Magna et eos elitr tation dolores ex sit clita assum justo lorem dolor ut et amet sit. Luptatum consetetur nonummy ipsum sit nonumy sadipscing sed ipsum dolor vero aliquip dolor sit sanctus diam.\n",
        "publishDate": "2023-12-01T15:02:40.6700385+00:00"
    },
    {
        "id": 18,
        "title": "Book 18",
        "description": "Minim dignissim dolore quis takimata diam dolore elitr minim sed. Et sed aliquam ipsum ut et stet facilisis vero sed et lorem dolores justo diam et sea. Ut nisl sadipscing dolore autem dolor option in takimata liber. Accusam no mazim dolor est sed et. Dolores consetetur aliquyam commodo dolor laoreet lorem. Volutpat commodo at dolores eirmod at. Elitr dolor sed et sed dolores ipsum tempor no. Et et blandit gubergren dolor sit vero tempor ut dolor sadipscing nulla no sed facer facilisis. Sed nonumy amet nonumy ea feugiat et amet. Facilisis sanctus nulla ut adipiscing eos accusam voluptua. Justo cum sanctus nonumy et dolores magna ipsum praesent magna duo consetetur liber amet. Dolore at dolore sadipscing. Sadipscing at ipsum gubergren rebum. Dolores imperdiet lorem gubergren accusam tempor tempor erat erat diam et diam justo. Sea magna aliquyam eos dolore sea.\n",
        "pageCount": 1800,
        "excerpt": "Ullamcorper at nisl et imperdiet duo justo euismod est. Ullamcorper amet erat ut ipsum sanctus sea elit sanctus ut quis. Magna invidunt stet kasd consequat. Nonumy et diam velit erat sadipscing tempor diam justo erat no in gubergren elitr et molestie ipsum consequat eirmod. Tempor vero adipiscing et ipsum.\nDolor sed invidunt aliquyam. Et takimata et congue erat ut dolore laoreet zzril rebum ut magna et duo magna erat sit. Sanctus vero erat in qui et consetetur nibh erat aliquyam dolore. Clita velit lorem diam volutpat sit at elitr eirmod minim qui hendrerit takimata ad velit consequat lorem. Erat ut sit ut ipsum ea sea dolor et sed lobortis sed dolore duis sea illum. Et dolore dolore et sed sadipscing ut diam sadipscing. Lobortis dolores sed nobis clita sanctus in sea in dolores tincidunt nonumy ea dolore et amet sit eirmod sit. Elitr lorem diam at et dolore gubergren ipsum justo magna gubergren sit suscipit dolor dolore. Dolor dolor elitr. Dolor tempor amet rebum no diam ipsum. Et clita tation lorem consetetur vel. Aliquip possim lorem diam nibh. Velit nonumy clita. Ea soluta dignissim nibh sed et sanctus vel consectetuer magna liber adipiscing delenit et iriure. Ut enim sed possim diam dolor takimata in et no magna enim magna qui nonumy minim. Diam ad consetetur dolore sanctus vero tincidunt.\nDolore diam et et sed et amet consequat duis et ad eos justo stet te voluptua sed et. Eos labore sed magna diam erat eos accusam invidunt labore kasd nulla congue. Lorem accusam feugiat vel sit praesent dolores sit. Sed dolores ipsum ipsum. Amet adipiscing est sea no aliquyam.\nEa nulla diam diam dolores kasd ea rebum. Ipsum justo eirmod et voluptua sed ad dolore et lorem sanctus ex nam aliquyam sed magna dolor et dolor. Sit amet sadipscing tempor at lorem dolor elitr est duis. Invidunt et et ipsum aliquyam dolor sit vero odio kasd erat. Labore diam sed. Sit commodo gubergren ea diam congue cum labore delenit no dolores stet eirmod diam accusam voluptua nobis duo. Nonummy ut sea clita lobortis sit dolor aliquyam duo sanctus.\nDolor labore no esse duis. Amet minim aliquam ut stet nonumy accusam consetetur ullamcorper molestie in nonumy dolor sadipscing et et diam nibh. Vulputate vero zzril tincidunt illum invidunt erat sed sit eirmod aliquyam aliquyam quis no magna. Ipsum et dolore rebum nonumy diam. Nostrud consetetur tempor sanctus et ea sed autem ipsum dolor erat voluptua ipsum ut tempor lorem lorem. Ipsum et sanctus tempor hendrerit sit magna dolore eros rebum tempor lorem zzril ut duis aliquyam eirmod. Diam vero in voluptua no elitr exerci luptatum eos illum voluptua eu ea kasd nulla. Diam accusam eirmod justo. Justo dolore amet nam at diam. Dolore sadipscing vel quis dolor sit sed eros sit.\n",
        "publishDate": "2023-11-30T15:02:40.6701148+00:00"
    },
    {
        "id": 19,
        "title": "Book 19",
        "description": "Rebum justo sed justo. Amet no dolore hendrerit velit ullamcorper consetetur euismod at amet ut diam at diam. Ea dolor et et diam accusam adipiscing illum stet ipsum et laoreet justo. Diam option gubergren amet amet tincidunt augue rebum gubergren est takimata amet eos sit nonumy et stet amet veniam. Augue stet dolor no duis diam iriure. Clita ipsum luptatum eirmod no enim vel eirmod ut sed at ut laoreet dolor qui duis vero assum. Amet vero diam. Accusam clita ipsum ea sed eum dolor invidunt accumsan sed iusto consetetur rebum facilisi. Gubergren eros ea sea sit dolore at voluptua voluptua duis sed sed magna kasd sed duis ut erat dolore. Voluptua et amet placerat nostrud justo elitr ut ullamcorper lorem. Eos nonumy nulla erat. Justo gubergren vero vero amet ut sed dolor labore sanctus liber at elit. Dolor sed dolor clita sadipscing eirmod nibh elitr ad feugiat vel suscipit molestie. Ut lorem dolor. Dolore accusam diam tempor est assum sit diam amet magna. Ipsum dolore praesent dolor sanctus sit sadipscing odio. Rebum vero rebum sed illum in congue lobortis gubergren sanctus dolore aliquyam est dolor elitr et invidunt. Tincidunt et facilisis dolor gubergren nonumy blandit delenit volutpat hendrerit.\n",
        "pageCount": 1900,
        "excerpt": "Accusam sit dolor eos no sea sanctus lorem ipsum aliquyam. Sit takimata nonumy. Tincidunt eu labore te erat ea vel option et volutpat gubergren zzril cum nonummy accusam voluptua accusam sit illum.\nVel magna nonumy ut duo invidunt. Eos sadipscing sed vel est no sed. Gubergren dolores diam eu et. Erat at elit diam accusam. Dolore lorem duo magna eos possim aliquyam aliquyam et clita nibh. Nostrud est dolor aliquyam ut dolor eu invidunt vel eos sadipscing velit quod ipsum ea eos wisi. Ut laoreet ea et. Erat sed dolores nulla luptatum ut kasd duis est suscipit aliquyam sed lorem augue lorem vulputate accusam ipsum ipsum. Id kasd nihil tempor accusam. Vero aliquyam rebum tation amet nulla ut sed diam nonumy erat esse facilisis. Velit te nam magna facilisis iriure lorem sed labore duo dolor in dolores diam vulputate. Minim consequat eirmod no clita ea et autem vero. Congue tation vero kasd eos dolore et elitr et lorem lorem zzril no no euismod sed imperdiet magna.\nMagna zzril eos iusto id accusam justo eirmod nulla takimata nostrud vero takimata quis magna kasd est vero. Lorem nulla euismod kasd molestie vel sit nonumy erat labore et ipsum sit kasd praesent sit. Ut dolor ut ipsum ipsum. Et sed et magna no stet. Rebum vero ut ipsum dolores volutpat est ipsum vel diam autem duis nonumy cum id est. Magna vero voluptua et sadipscing invidunt et. Justo sea elitr et et praesent ullamcorper at vel ut gubergren lorem ipsum in ut dolor sit et. Odio accusam no magna. Suscipit eu wisi labore vulputate. Accusam nisl luptatum erat ad. Delenit et diam vero elitr dolore aliquip. Sit sanctus at molestie. Erat justo consetetur et invidunt erat rebum imperdiet diam amet invidunt et laoreet ullamcorper eos. Accusam elit et magna vel labore stet amet.\nVel nonumy eirmod justo congue praesent dolor facilisis no veniam diam et. Elitr lorem stet sit et sit sed esse justo eum dolore. Elitr quod vulputate iriure amet eos duis vulputate in diam sed dolor rebum labore lorem invidunt no. Magna facilisi sanctus justo sed et eos iusto sed vero vel diam duis nulla sit voluptua at. Et et rebum diam clita sed esse ut takimata lorem dolore eirmod ipsum est amet et labore.\nNonumy wisi nulla vel vero sed et lorem amet sit autem stet eirmod nostrud clita amet at. Sadipscing aliquyam diam ea diam at. Sea augue veniam sed amet placerat consetetur no dolores ipsum exerci praesent aliquam. Kasd accusam eos tempor eirmod gubergren molestie vel ut invidunt gubergren et eirmod at rebum dolore in dolor. Amet ipsum delenit voluptua rebum est lorem ipsum molestie accusam sadipscing duo erat. Te et diam lorem vero eirmod et iriure rebum sea tincidunt eu at diam consequat. Ut iriure et. Justo no et stet elitr dolore labore eirmod lorem laoreet sit ipsum magna facilisis.\n",
        "publishDate": "2023-11-29T15:02:40.6701986+00:00"
    },
    {
        "id": 20,
        "title": "Book 20",
        "description": "Tincidunt sed ea et gubergren eos labore sanctus sed et erat esse duo in invidunt. Duis gubergren est ipsum consequat voluptua. Te lorem dolore iriure gubergren nonummy elitr amet magna. Duis in sea feugiat takimata ut. At tincidunt lorem. Ipsum enim et sadipscing vulputate commodo diam et eos diam ut nihil ut diam clita nam. Nulla gubergren placerat dolores eu dolore. Ea sanctus dolor aliquyam et no clita aliquyam dolore est takimata. Sed invidunt eos et dolor duis takimata et eos sadipscing sea tempor amet consequat duo amet ea nulla. Accusam elitr erat eos at. Vel illum ea nihil tempor sit clita elit diam erat gubergren labore diam hendrerit.\n",
        "pageCount": 2000,
        "excerpt": "Et volutpat voluptua dolor sea kasd sit laoreet clita ea ipsum duis odio. Et stet sed et sit dolore sadipscing elitr veniam elitr et eum eirmod dolores hendrerit luptatum assum. Nonumy kasd eos dolore zzril vero vulputate nulla ut takimata dolor minim lorem volutpat no. Sit sit invidunt takimata eirmod lobortis. Vel ipsum dolores invidunt stet sanctus sit lorem rebum sit duis ut at sanctus amet ipsum nostrud dolor. Dolor invidunt lorem ipsum sadipscing ad invidunt.\nIriure dolore adipiscing et amet te eum vero no et at ea nonumy takimata accusam amet. Sadipscing labore sanctus sit lorem iriure et erat et ea sanctus adipiscing no est sed commodo erat est. Delenit enim vero. Adipiscing elitr soluta tempor diam at sea nihil dignissim invidunt sadipscing aliquam sit volutpat et nulla labore sea. Dolore nulla lorem elitr et labore ea. Consetetur dolor tempor dolor sit et justo consetetur sadipscing zzril exerci imperdiet est et dolor est stet. Ex facilisi sed. Quod amet est clita duo. Consetetur lorem magna ipsum clita et amet nonumy consequat justo et. Wisi gubergren eos ea consetetur magna. Et amet dolore erat nonumy praesent euismod no aliquyam feugait tempor eum. Et sit amet duis ut liber illum duo dolor diam et stet.\nNonumy invidunt in diam nonumy sadipscing consequat te. Clita tempor elitr tempor est facilisis ipsum dignissim autem et voluptua et. Kasd sed aliquyam velit vel amet accusam nonumy consetetur adipiscing ea et consequat eos velit et lorem. Sed eros voluptua vulputate at sadipscing justo erat ipsum lorem aliquip amet nonumy. Sit lorem elitr. Augue amet iriure dolor nonumy qui vulputate dolore sed duo duo nisl consectetuer est dolor tempor. Vulputate no nulla lorem esse nonumy soluta eu sed justo ipsum gubergren sit sit dolor. Sadipscing velit amet et nostrud est tincidunt. Lorem rebum duo consetetur et praesent labore lorem odio magna te iriure volutpat sadipscing at euismod consetetur duo lorem. Assum tation et ea et diam nonumy duo dolor veniam consequat ea nisl. Duo eos eirmod sea sit takimata justo amet. Diam elitr dolor et amet quis nonumy ad gubergren takimata vero illum sed dolore sit. Sadipscing duis magna ut gubergren tempor gubergren sea voluptua in ipsum dolor. In sed illum sit. Tation ullamcorper duo ut et nulla sea consetetur elitr rebum erat amet eos. Aliquam blandit lorem dolor.\nEa lorem nobis at sanctus facilisi takimata dolor vel diam ea tation in at diam magna liber esse est. Voluptua lorem erat dolor dolore. Aliquip sit et dolores tempor magna no aliquam eirmod at. Consetetur lorem labore et. Ipsum ut ipsum blandit. Erat ut diam ipsum duo eirmod amet nonumy lorem at lorem. Sanctus dolor clita at. Dolores dolores dolores est odio lorem sed veniam dolore facer.\nDuo lorem dolore ea amet sea dolore ea et ipsum elitr no illum justo et aliquam sit ipsum erat. Ut ut sanctus illum amet sit feugait vel erat aliquip odio dolores dolore eos feugiat ipsum dolore at takimata. Erat elitr doming sed quod sea hendrerit eirmod praesent vulputate. Dolores consetetur te magna adipiscing et et ipsum erat autem sed et et magna. Sed duis placerat stet dolor sanctus. Praesent exerci exerci sanctus accumsan tempor elitr takimata amet. Justo nonumy justo eos est sed dolore ut dolor lorem et ea ut qui stet et illum magna diam.\n",
        "publishDate": "2023-11-28T15:02:40.670282+00:00"
    },
    {
        "id": 21,
        "title": "Book 21",
        "description": "Hendrerit ipsum kasd nonummy. Eirmod in id amet est nulla tempor eos duo est stet molestie sed dignissim quis quis. Sea dolore dolor dolore. Dolor sea lorem clita. Aliquip et elit at hendrerit veniam ut iusto labore feugait ipsum sadipscing eos duis justo ipsum sea lorem magna. Et lorem ut amet sit lobortis vulputate. Eu lorem consectetuer erat in adipiscing praesent facilisi ipsum delenit eirmod et et.\n",
        "pageCount": 2100,
        "excerpt": "Est sed rebum lorem sed clita tincidunt volutpat lorem eos diam esse nonumy sed consectetuer feugiat. Nonumy magna consetetur. Eos sea justo magna aliquyam clita duis sed esse no dolor sed sed et velit.\nAdipiscing at est dolor sed takimata tempor kasd sed ea ipsum. Ipsum et at lorem lorem magna tempor quis eum kasd amet vero et lorem rebum. Eu clita nisl et imperdiet vel diam vero eirmod at voluptua. Ea vero sit erat imperdiet at.\nGubergren eos sed eirmod lorem eirmod et velit laoreet dolore et amet eum dolore ex lorem consetetur lorem. Sea sadipscing dolor commodo eos sanctus invidunt stet. Gubergren in sit duo suscipit esse clita. Labore enim labore elitr feugiat esse elit takimata lorem magna gubergren dolore amet dolor ipsum nulla sit vero gubergren. Et est et clita vero et facilisis tempor qui ipsum suscipit dignissim sit vel illum id et. Ea voluptua diam vel et vero diam aliquyam suscipit takimata ut esse sit. In et labore sit adipiscing et dolores gubergren odio duis et sit sed. Magna amet velit nonummy eirmod dolores in diam est. Ut no invidunt amet clita accusam ut ea ipsum sea ipsum volutpat sed possim. Autem dolores aliquyam ut diam. Duo soluta est amet odio in sea et illum esse eleifend ipsum et gubergren laoreet ea facilisi dolore lorem. Takimata dolor magna voluptua adipiscing nostrud dolor enim. Blandit diam ipsum et invidunt et at amet kasd elitr amet voluptua eirmod dolor laoreet sed et eirmod. Justo commodo et takimata odio rebum elit accusam et. Lorem aliquyam quod voluptua eros sit justo erat eirmod praesent dolor ut justo adipiscing accusam blandit adipiscing at quis. Tincidunt clita accusam diam commodo te sea magna consectetuer. Accumsan erat lorem accusam hendrerit. Takimata sit nam duo lorem. Et accusam amet duo at erat vel eirmod consequat ullamcorper et amet et.\nDiam duis sit et nonumy duis illum elitr amet magna ut eirmod autem diam ipsum vulputate duis laoreet. Dolor duo vulputate sed magna veniam iriure consetetur eos ea ipsum sea dolor dolores. Dolor diam est at ea molestie sea. Dolores iusto stet invidunt diam amet. Eos erat at amet blandit at ipsum dolores et eum. Eos sea diam nulla nonumy wisi in in sea no dolore odio exerci aliquam. Suscipit dolor eos justo vero velit amet vero in vero amet takimata delenit consetetur vel eos invidunt dolor iusto. Amet dolor dolor enim zzril et et labore ipsum sed sadipscing et diam ut aliquyam. Diam dolores vero aliquam justo gubergren et ullamcorper eirmod. Hendrerit dolor ad invidunt aliquyam no sit sea praesent qui. Sed labore facer sed et et consequat magna duo dolor aliquyam et. Wisi amet diam ut vero labore ut dolore eu sea elitr ipsum possim qui amet duo dolore. Dolores dignissim lorem. Rebum luptatum ea ut stet minim et accusam eos augue elitr et hendrerit erat duo praesent. Wisi ut lorem nonummy no ea dolor vel ut et rebum ut. Clita lorem elitr rebum tempor ut molestie consectetuer et tempor.\nUt stet sed eos ipsum ea erat lorem ut et et eirmod facer dolore invidunt. Stet clita eos duis invidunt velit vel. Vero voluptua elitr kasd ea autem rebum dolor suscipit sanctus nonumy invidunt consetetur labore eirmod. Enim ut eirmod sed ea. Et lorem et voluptua eirmod no consequat rebum diam volutpat vero diam et eirmod et takimata labore illum. Et lorem ut eos et sit nostrud suscipit minim lorem congue. Eos dignissim clita vulputate eirmod nonumy nonumy no ipsum rebum iriure et kasd. Est in sit takimata takimata est diam sadipscing nibh diam et zzril est. Dolor duo et ea nostrud justo lorem vulputate consectetuer qui.\n",
        "publishDate": "2023-11-27T15:02:40.6703667+00:00"
    },
    {
        "id": 22,
        "title": "Book 22",
        "description": "Clita at rebum sea molestie dolor nostrud facilisi sit et nulla sanctus sed. Kasd ea sed eu rebum vero et quis dolore voluptua sadipscing nonummy takimata ut in dolores est. Et iusto consetetur stet diam erat tempor tempor eirmod dolore nihil. No ea eos et sea eos imperdiet ipsum odio quis invidunt dolores stet. Rebum takimata consetetur ut eirmod erat et no gubergren lorem dolore. Et eirmod sadipscing sed tempor ut et est. Erat et quis wisi ea aliquyam dolor dolor erat suscipit sed sit dolor. No elitr dolor consetetur justo sed sit praesent. Eu gubergren nisl sadipscing consetetur euismod vero amet.\n",
        "pageCount": 2200,
        "excerpt": "Dolore ut ut ipsum dolores nonumy eos dolor ipsum ut autem lorem ad justo. Erat ut labore diam veniam erat dolor elit et diam. Elit sit no sit takimata est gubergren tation justo esse sit tation sit est. Stet accusam feugiat est elitr euismod amet facilisis rebum. Hendrerit gubergren dignissim sed suscipit eos et nibh sed ut. Nonumy dolor erat at amet sanctus. Sed labore iriure labore ut et et eos lorem rebum labore autem dolor dolor consetetur nibh invidunt facilisis. Magna et et erat magna no stet labore sea at ut amet sit aliquam consequat tempor. Dolor voluptua et. At eos vero dolor placerat clita nibh quod kasd odio. Ea iusto at consectetuer facilisis est quis. Et ut no ipsum ea ipsum tempor voluptua consectetuer rebum stet at. Et in tempor sit no sed no et dolor sed diam in in dolore takimata stet autem. Voluptua dolor dolor ipsum et qui eirmod no eos cum ut dolor. Dolor diam facilisis kasd ea ullamcorper illum volutpat voluptua nonumy elitr esse no sit sed magna.\nRebum amet labore tempor kasd et justo. Enim dolor amet enim est dolore est dolor duis clita dolor justo kasd et ipsum. Amet rebum est. Takimata elitr lorem lorem diam takimata eirmod aliquyam sed. Amet sit sadipscing diam eirmod ipsum luptatum. Labore kasd dolores stet imperdiet duo nonummy justo. Et molestie et accusam dolor clita assum sit sed dolor. Ut ipsum consetetur at dolor diam dolore labore gubergren lorem. Duo rebum est autem consetetur gubergren id amet dignissim voluptua amet aliquyam. In sanctus ut accusam et ipsum eirmod imperdiet amet dolor takimata ut dolores iriure. Tation accumsan feugait ad et lorem diam eros dolores elit erat est et ea sit lorem tempor euismod. Dolore ea ea sed amet est ea diam molestie stet ipsum. Diam at consequat takimata sit duo eos et amet at nulla sed molestie et duo. Dolore eos dolore ipsum facilisi iusto gubergren veniam.\nSea sea sit ad ipsum ipsum duo accusam facilisi dolore elitr sea. Volutpat autem nam praesent laoreet adipiscing vero eirmod dolor ut wisi sea clita. Augue facer nonumy consequat justo duis adipiscing consetetur duis est amet odio aliquip dolor dolores ut tempor. Vero vero doming ipsum ut. Ut erat et sit sed dolor dolores dignissim sed et est aliquyam ut dolor vero nulla duo kasd ea. Dolores lorem labore sit ipsum no enim magna vel eirmod tempor vero est labore. Diam magna velit ipsum sit lorem. Eum duo vel lorem vero diam aliquyam delenit.\nDiam et eirmod zzril iriure sit elitr dolore et et ut ipsum nihil magna vel et. Labore eum sit takimata duo dolore suscipit elitr amet ea enim ut ut sit est et. Labore odio aliquyam et amet ipsum eum ipsum diam blandit te elitr accusam. Gubergren nonumy sea feugiat duo esse no accusam dignissim. Ut amet vel consetetur duis kasd et magna accusam diam dolor eos eirmod sit. Dolore sea cum sed ad kasd amet aliquyam sit et iriure labore eirmod invidunt amet kasd stet. Aliquyam sea lorem stet lorem sadipscing molestie dolores sed accusam at iusto tempor dolor takimata iriure dignissim aliquyam vero. Takimata possim sea. Hendrerit odio et nonummy magna. Voluptua amet ut et sea sadipscing diam justo no. Euismod dolor et diam justo sea volutpat dolor sed amet. Lorem tempor et sadipscing nostrud sit kasd elitr imperdiet diam takimata. Gubergren amet sadipscing tempor ea sadipscing zzril aliquip clita accusam rebum eos gubergren. Ipsum ea dolore sit eos lorem tempor magna. Delenit sit sed duo sed nulla diam. Sit blandit eum vel dolore eros dolore suscipit vel sit stet aliquyam consetetur vero tincidunt et. Consequat amet sea dolor ipsum.\nDolor labore aliquyam labore invidunt no et sea gubergren eos ipsum est ea et. Nonumy diam rebum nam lorem in sit. At gubergren amet enim diam sea lorem odio diam elitr ea. Amet duis diam clita sed magna aliquip et lorem no eirmod justo. Et clita eu magna magna ut. Ut zzril aliquam at sed no aliquip amet. Tempor nobis stet dolore tempor eirmod kasd elitr amet feugiat ipsum tempor magna lorem. Accusam diam nibh ut sit duo diam amet lorem accumsan et adipiscing. Sed amet doming et qui te. Facilisis voluptua invidunt ipsum iusto wisi euismod invidunt sit voluptua qui lorem commodo diam lorem rebum. Gubergren lorem elitr aliquyam dolor amet gubergren sanctus dolore.\n",
        "publishDate": "2023-11-26T15:02:40.6704685+00:00"
    },
    {
        "id": 23,
        "title": "Book 23",
        "description": "Amet et sadipscing dolor accusam rebum diam sit sed et duis stet dolore est ea clita est erat. Soluta vero dolore voluptua eirmod consequat ut tempor invidunt ea diam sed eos dolore kasd invidunt rebum labore velit. Dolor lorem sea eos ipsum accusam sed duis vel clita et est nulla nobis labore nonumy justo. Eirmod consequat amet duis consectetuer ea rebum tincidunt vero dolore amet duo magna nonumy lorem nulla. Diam amet sea vero duo et ipsum sadipscing est magna eos consequat facer dolor et. Tempor erat amet. Et congue minim no eum et no ex voluptua amet et velit. Stet minim accumsan gubergren lorem invidunt voluptua. Cum nonummy consequat elitr sed. Ut duis amet et ea amet.\n",
        "pageCount": 2300,
        "excerpt": "Velit molestie et. Volutpat ea accusam dolores nonumy tempor tempor molestie ipsum ea delenit sea praesent euismod eos nulla iusto. Aliquyam praesent liber eu vero. Feugait ut vero duis clita eos. Invidunt duis elitr molestie. Duis sit at sanctus ullamcorper diam congue lorem dolor sadipscing ad accusam facilisis aliquam dolor accusam nulla minim accumsan. Sed praesent sea lorem et et consetetur accusam facilisi at facilisis eum consetetur clita labore et kasd eos aliquyam. Labore assum sanctus ut blandit diam accusam velit magna accusam sanctus aliquyam ea sit et. Euismod odio invidunt consectetuer. Vero sit lorem. Eos dolore dolores assum erat eu labore. Sanctus est accusam diam facilisi invidunt et amet tempor sed lorem molestie. Diam dolore elitr nonumy sed nonumy. Sed vero at nulla. Erat elit eros eirmod ut dolore te nulla sed et elitr.\nInvidunt velit et amet sea amet sed et ipsum dolores iriure vero eirmod accusam velit dolor sed amet. Quis et accusam accumsan sed adipiscing justo sea diam takimata. Diam no kasd est justo et dolores at ipsum velit lorem zzril. Rebum magna no ut duis accusam elit. Magna consetetur lorem no et kasd erat tempor diam diam amet stet. Eirmod lorem stet amet feugiat sit aliquyam erat ut vero lorem. Kasd kasd gubergren dolor consequat dolore takimata autem duo eos.\nErat takimata quis eirmod sed no aliquyam lorem dolor amet no iriure amet in aliquyam dolor amet sanctus sit. Eirmod et wisi justo et invidunt accumsan ipsum consetetur dolore quod tincidunt velit takimata duis sadipscing vulputate et takimata. Duis dolores suscipit accusam dolor consectetuer dolor nulla ex dolore sit stet. Id duo stet aliquam elitr duo sanctus et ipsum esse illum amet ut accusam. Sed liber rebum vero amet possim facilisis nisl mazim autem. Voluptua gubergren magna luptatum no sed eum nonumy aliquyam magna dignissim odio elit. Dolor voluptua rebum clita at ipsum amet exerci sed praesent consetetur accusam accusam augue eum. Elit velit at facilisi iriure et labore eleifend facilisis sed est nulla laoreet justo nonumy amet amet amet. Et clita consetetur erat nonumy duo facilisis nonumy ea erat ut clita et nulla clita consetetur magna nonummy. Ad erat et.\nVeniam dolor aliquip ut no sit amet et. Duis consequat takimata dolore et nulla et sit dolore vero erat no no eos lorem delenit eros sea. Ut sanctus justo duo ipsum sed ipsum magna vel dolor option dolor vero sit ea sit erat. Sed gubergren et invidunt clita aliquyam gubergren labore et nam tincidunt aliquip nonumy sed eirmod diam dolor amet eum. No takimata dolor ipsum elitr euismod dolor est clita quod consetetur in vero feugait labore congue tempor.\nTation eos stet. Magna at magna nonumy. Rebum sit amet lorem ut. Sit ut eros duo consetetur tempor. Accumsan elit dolore nostrud ut tempor erat rebum no sit voluptua sanctus ut accumsan eum dolor invidunt.\n",
        "publishDate": "2023-11-25T15:02:40.6705781+00:00"
    },
    {
        "id": 24,
        "title": "Book 24",
        "description": "Clita invidunt at praesent sanctus enim ut elitr enim lorem accusam et iriure takimata erat lorem commodo. Molestie at aliquam no dolor. Lorem eros hendrerit magna sadipscing duo et velit dolor. Dolor eros et et voluptua lorem labore ut duo rebum tempor blandit lorem illum erat at gubergren aliquyam. Dolor tation gubergren duo praesent praesent magna accusam et lorem magna commodo sit. Imperdiet velit ea option dolore diam in sea ipsum voluptua eirmod. Amet amet no ut dolores dolores invidunt est eum dolore dolore kasd eleifend volutpat amet sanctus. Tempor et erat tempor at dolor. Amet consetetur labore. Aliquyam amet qui vel clita wisi dolores dignissim stet justo lorem rebum amet dolor lorem. Rebum elitr ipsum.\n",
        "pageCount": 2400,
        "excerpt": "Diam et et takimata sed amet et in rebum. Takimata et justo at lorem takimata est lorem invidunt amet sea ipsum sed sanctus sanctus. Nonumy voluptua dolores aliquyam. Amet accusam veniam sit autem magna facilisis est ea voluptua clita amet duis et magna illum ipsum qui erat. Diam stet consectetuer rebum stet in kasd sit gubergren kasd et elitr et nonumy elit stet justo erat consequat.\nSadipscing dolor vero dolor congue aliquyam magna at justo et tincidunt aliquam accusam elitr dolore ullamcorper. Diam sed et quis amet accusam te ipsum et tation iriure duo sea. Duo takimata et labore sadipscing no et et no minim at nostrud voluptua tation lorem stet ipsum lorem accumsan. Vel sanctus nulla consectetuer. Erat nulla sadipscing diam vulputate justo sanctus sea amet liber magna. Sea diam ipsum et laoreet justo consetetur in ut nonumy ut et ipsum gubergren feugiat stet. Est feugiat clita ea ipsum et stet et dolor blandit et ipsum dolore dolor est. Eros diam no diam ipsum sanctus tempor ipsum amet feugiat diam nibh diam dolor magna. Duis sea amet vero qui dolor in. Ut ipsum sed ut autem ut erat wisi erat sadipscing sed invidunt iusto. Praesent et consetetur dolor sed lorem aliquam enim consetetur sanctus et placerat laoreet sed duis magna lorem. Wisi at elitr nonumy ea dolor. No no possim zzril ut nobis. Sit gubergren invidunt erat nulla no dolore dolor erat invidunt et duo clita sed diam illum et lorem.\nIpsum sadipscing gubergren ad ut elitr takimata et amet aliquyam dolores gubergren diam. Sed lorem amet ut labore eu stet labore zzril vulputate justo zzril eos. Amet duis aliquam et in rebum nonummy takimata amet kasd. Magna invidunt stet possim ipsum justo kasd amet ipsum et. Elit ut consequat amet et ipsum sanctus lorem autem ex amet nonumy dolores volutpat eu. Amet voluptua sit ut ipsum diam diam dolore consetetur dolore duis et accusam sea accusam et at eirmod. Dolores dolor dolor. Vero sed dolor duo no. Sanctus dolor et. Duo dolor justo soluta praesent rebum sed sed esse consequat placerat diam. Rebum ipsum et eu eleifend sed nobis consetetur enim dolor ipsum. Sanctus amet nonumy et et stet est. Dolor accusam rebum dolor tempor sit in quod takimata veniam. Amet gubergren dolor et autem vero nonumy vero duo hendrerit consetetur adipiscing gubergren et. Sit at nobis ad stet.\nEa lorem elitr et ea stet est sanctus sea accusam lorem eos invidunt feugiat ipsum lobortis elitr. Suscipit dolor tempor dolor ipsum est eirmod invidunt imperdiet et. Elitr dolore commodo aliquyam. Ipsum lorem diam consetetur clita at duo stet illum ut diam eirmod aliquyam aliquyam elitr elitr. Stet nibh dolor amet labore sit odio sit consequat dolores laoreet. Et magna accusam sadipscing in dolore wisi no ad facilisi facilisis sed. Velit commodo nulla qui vero dolores feugait ut aliquip duis at imperdiet magna rebum vero ut no et sea. Tempor ea elitr amet clita ullamcorper lorem lobortis sed sadipscing diam dolor. Voluptua augue minim ipsum ea sed vel clita et consectetuer lorem sit. Veniam minim doming kasd et sadipscing dolore consectetuer in vero. Dolor exerci amet sit dolor tincidunt lobortis eos sed eos est invidunt nulla est consetetur sea dolor nisl. Dolore est lorem wisi amet ipsum. Dolores accusam dolor consetetur elitr liber nonumy feugait labore at at justo kasd sed at ea ut dolor. Dolore justo at sed sit magna aliquyam dolor et ut ea elitr.\nNonumy quis molestie. Duo magna volutpat aliquyam dolores et vulputate praesent eos iriure nisl sea nostrud ea vero facilisi et consetetur. Sadipscing sit rebum clita dolores ea no. Consequat ut et accusam consequat voluptua nonumy. Sea eirmod duis ut est no duo takimata liber et gubergren et amet duo dolore. Consetetur amet vel erat eos dolor consequat luptatum nibh luptatum est dolore consequat stet accusam vel.\n",
        "publishDate": "2023-11-24T15:02:40.670671+00:00"
    },
    {
        "id": 25,
        "title": "Book 25",
        "description": "Vel ut sea in iusto blandit. Sanctus et ut magna dolore tempor enim in kasd kasd dolor. Diam diam sea vero ipsum feugait. Est invidunt accusam et stet consectetuer in ut accusam adipiscing duo dolor sed hendrerit luptatum. Diam aliquyam ut elitr sit exerci duis te gubergren duo eos consetetur accusam nonumy sit consetetur ut duo erat. Invidunt sea eos et consetetur et sadipscing sanctus sadipscing sed vero accusam consetetur kasd dolore facilisis rebum et. Sit eos at sea consetetur nulla sit stet et ut sea dolores at eu velit rebum justo. Consequat duis at ea ut dolores ut sed dolor labore kasd takimata et magna dolor et ut stet in. Erat feugait magna in diam et justo sadipscing. Feugait dolor sit stet justo amet duo dolores feugiat ipsum clita aliquam molestie nisl clita dolor. Ea imperdiet autem diam amet dolor sea duo erat sadipscing dolores ut. Lorem lorem kasd rebum clita aliquyam ea consetetur aliquam ut ut voluptua ex ut dolore sit. Eirmod lorem tation ipsum in et vel diam wisi et eirmod. Sed ut sit magna diam diam rebum sit clita nonumy lorem. Et quis eros consectetuer sed no labore duis et amet sanctus ipsum duis ut elitr sed et stet.\n",
        "pageCount": 2500,
        "excerpt": "Gubergren nihil erat dolor amet. Voluptua dolore et illum sadipscing hendrerit nonumy ipsum accusam sed dolor kasd elit sanctus ipsum diam elitr. Eum invidunt ipsum sea kasd. Nonumy ipsum vel aliquyam vero. Sit sadipscing vel labore duo invidunt.\nAccusam rebum sea tempor commodo ipsum aliquyam sanctus iusto. Laoreet labore est voluptua lorem dolor vero. Odio diam eos consetetur nonumy sit ut tempor clita erat consequat duis est sit eum. Dolor consectetuer sed at sed sit in invidunt amet facilisi vel. Magna rebum sit ut no labore veniam invidunt ea stet justo. Vel clita invidunt nibh nibh. Labore diam in. Dignissim sea justo ipsum. Vero ut lorem dolore odio. Ea takimata lorem et sanctus dolor iusto accusam gubergren sea eos facilisis. No gubergren kasd dolores autem eos et et vero commodo quod elit amet consetetur kasd sanctus amet et no. Lorem accusam sanctus aliquam mazim ipsum ex dolor justo diam quod kasd clita lorem nulla accumsan. Justo ut sed rebum delenit.\nAccumsan et clita magna imperdiet lorem gubergren sadipscing no adipiscing illum. Sed takimata mazim aliquam. Vel lorem enim. Sanctus duo magna volutpat. Elitr dolore autem invidunt dolor lorem et nihil ipsum accusam. Ipsum adipiscing hendrerit erat ut. Aliquyam delenit volutpat sit nibh sit et lorem eirmod gubergren iriure iusto sit est elitr doming sed sanctus. Euismod vero aliquyam sadipscing. Autem takimata accusam elit dolor gubergren consequat sit dolor. Tempor accusam lorem no ut et autem ex stet sit wisi at vel amet sadipscing nulla feugait. Velit placerat lorem consectetuer et amet autem sit vero dolores zzril at amet duis et takimata labore accusam imperdiet. Et no amet sanctus amet dolor. Magna ut erat sanctus. Sit amet at. Accusam aliquam dolor lorem amet labore dolor zzril amet lorem qui et elitr duis consequat et dolor. Clita feugiat iriure sadipscing. Et tempor no at tempor amet qui nonummy amet takimata consequat sit.\nIn takimata tempor clita lorem sanctus amet dolor eirmod feugiat gubergren et et lorem at nonumy in magna. Sit erat duo dolore nonumy no et dolore diam dolore iriure accusam vero duo amet. In vero ut et tempor ut consetetur dolore autem duo ea. Justo dolor tincidunt wisi labore et consectetuer sed eirmod accusam ut ipsum. Vero justo iusto consetetur et labore est magna consetetur odio magna no sed voluptua doming duo liber. Odio amet in clita eum. Ipsum sanctus nonumy nisl kasd amet dolores eros enim dolor stet est aliquam lorem et qui kasd. Id feugiat consetetur takimata gubergren dolor tempor eos sit no amet takimata invidunt clita dolor facilisi aliquyam. Amet aliquam lobortis hendrerit et magna no nonumy rebum sed magna ut ut ipsum vel feugiat.\nNonumy sed sit et ut. Justo lorem nonummy quis duis duo gubergren ea. Dolore tincidunt feugait tation sit consetetur liber dolor accusam duo dolor elitr duis hendrerit elitr sanctus. Gubergren autem enim diam sed lorem. Magna vero ea elitr ipsum justo stet rebum et nonumy magna duis gubergren et adipiscing consequat ipsum sadipscing at. Wisi nonummy ut eu lorem est consetetur diam stet et labore sed. Liber amet at at augue amet ad dolore ut voluptua hendrerit justo rebum sit labore vel. Lorem aliquyam dolores consetetur lorem ut laoreet diam nonumy consetetur nonumy lobortis dolor blandit kasd dolor et. Voluptua et exerci vulputate in nulla eirmod dolores dignissim.\n",
        "publishDate": "2023-11-23T15:02:40.6707643+00:00"
    },
    {
        "id": 26,
        "title": "Book 26",
        "description": "Sea elitr gubergren veniam ea duo tempor at sea invidunt te. Ut at nonumy accusam stet amet voluptua nonumy eos nonumy lobortis feugait dolore lobortis feugait velit. Sanctus ipsum lorem elitr lorem rebum ipsum ut elitr velit. Vero et et et amet eu nibh et ut sanctus at. Clita ut invidunt invidunt justo esse consetetur erat nibh justo tempor est lorem nonumy dolore justo quis tempor invidunt. Diam at eos dolor eos. Tempor est sed voluptua stet aliquip aliquyam tempor eirmod sanctus stet quis et wisi lorem. Vero tempor justo dolor justo accusam lorem iusto eos clita ipsum lorem ipsum velit stet dolores rebum et. Eos sit sit ullamcorper vel et clita elitr autem sanctus dolor lorem soluta et accumsan sit ut. Clita sit eos est diam dolore nostrud vel voluptua dolores qui mazim eum eleifend lorem. Autem dolore in amet labore in kasd clita eos ea diam. Clita dolore at dolor quis. Vel invidunt ut dolores kasd et sadipscing et commodo sit lobortis dolor erat magna suscipit sadipscing doming amet sed. Et vero aliquip consetetur eleifend. Sed clita clita euismod nonumy labore erat vero aliquyam stet euismod sed ad. Ullamcorper clita nonumy dolore diam accusam ut iriure erat.\n",
        "pageCount": 2600,
        "excerpt": "Sed elitr no et kasd sit ullamcorper dolores et velit. In et takimata et vero vel esse iriure dolor erat sanctus consectetuer dolore clita labore eos accusam aliquyam dignissim. Sit ut vero amet voluptua accusam eos justo eum et kasd. Ipsum vero justo et at vel ipsum et. Tempor ut eirmod diam facer amet erat voluptua diam assum esse sit sadipscing autem. Nonummy sit clita ipsum sed ut dolore ut takimata. Ipsum takimata duo zzril lorem lobortis zzril. Tempor enim facilisis tempor lorem est feugait justo. Justo sit sanctus. Facilisis voluptua quod exerci sanctus eirmod autem elitr clita. Takimata delenit ut facilisi in amet sit consequat ut eos ut et ut dolores in sed. Consetetur ut ut in sea sit sanctus eirmod magna mazim elitr. Minim nonumy iriure sea diam et takimata stet nihil nonumy et feugiat dolor sea labore elitr facilisi ut diam. Stet erat sit amet ut. Enim stet dignissim in takimata takimata et gubergren eirmod dolores elitr eu. Feugiat clita erat sed eirmod commodo.\nDolor dolor ipsum minim eos et kasd amet duo eirmod sanctus sit duo dolor id. No dolore ea dolore magna et luptatum lorem vero kasd. Augue dolor ipsum sanctus invidunt ex amet dignissim sit. Eos et ut tincidunt ullamcorper accusam erat. Vel clita erat et tempor justo takimata consequat sit nonumy at justo erat lorem duis assum vel. Ea te dignissim wisi blandit et eirmod eirmod clita ipsum takimata justo nonumy dolor.\nVeniam ipsum ad ipsum nonumy consequat et dolores lorem amet sit et eirmod duo accusam eirmod. Et sanctus et amet. Erat stet kasd ipsum praesent sea. Sed lorem takimata duo aliquyam erat quis et sadipscing nonumy eleifend ut stet ipsum eos. Takimata blandit justo tincidunt ut eos. Sit enim stet augue dolor duo kasd diam ea ea lorem diam dolor diam at lorem eirmod tation amet.\nVero delenit erat sit est kasd lorem erat lorem lorem amet lorem voluptua quis. Euismod ea at lorem aliquip et adipiscing no labore accusam eros. Dolore ut magna dolores justo accusam facilisis. Ipsum ut rebum gubergren sea sea kasd esse adipiscing no et est nihil. Elitr takimata consectetuer sit aliquam amet vulputate sanctus consetetur. Euismod et dolore amet ut dolore at labore. Accusam ea sanctus dolore ut amet eum eirmod et et at duo in sit et sea takimata lorem. Qui wisi consequat dolor dolore aliquam iusto imperdiet. Et sit dolore labore esse vero nulla no ipsum et no. Diam takimata euismod ea justo erat nonumy sit erat dolores sea et sit et sit hendrerit erat et. Est praesent eirmod sanctus dolore takimata. Erat kasd nulla et accumsan vel at et quod diam at aliquip dignissim invidunt labore sit takimata ipsum. Ipsum nobis diam clita tempor ullamcorper et aliquyam ipsum erat eirmod aliquam in sea erat lorem sanctus accusam. Consetetur euismod eros at magna blandit rebum duo dolore quis ipsum dolores augue sea elitr est tation sea. Dignissim iriure eos rebum tempor sea suscipit tempor ea vel sed. Nulla erat stet est. Nonummy hendrerit luptatum erat hendrerit hendrerit diam sed et dolor. Clita dolores ipsum diam sed accusam luptatum esse lorem clita takimata praesent justo et. Placerat esse consequat sit tempor.\nSed iriure nulla nulla et stet lorem vel vel lorem vulputate. Dolore sed in justo et takimata dolor mazim sit accusam et voluptua consectetuer invidunt in sit clita. Tempor magna eos ut exerci elitr tation gubergren amet esse lorem at vel justo diam et. Dolores amet et blandit nonumy eos elitr ipsum sanctus at ipsum kasd nonumy lorem duis clita no. In takimata eos at lorem no illum kasd in lorem in diam sit lorem quis vero. Amet et eum eu takimata magna ut ea amet et. Vulputate et sanctus amet invidunt ipsum dolor sed odio elitr magna amet duo diam lorem eirmod ullamcorper sed. In wisi nostrud dolor dolore dolor ea justo velit euismod et facer. Eirmod minim et no autem dolore elitr ipsum nulla. Takimata praesent autem ipsum at eos.\n",
        "publishDate": "2023-11-22T15:02:40.6708642+00:00"
    },
    {
        "id": 27,
        "title": "Book 27",
        "description": "Dolore velit consetetur dolor eos stet tincidunt diam lorem. Nobis ea sea possim et accusam nam accumsan voluptua diam eos voluptua ut facilisis voluptua est nisl kasd. Voluptua feugait dolor. Dolor nobis dolores aliquyam quis nonumy gubergren labore diam. Eos ea ea ut esse ipsum in et amet dolores.\n",
        "pageCount": 2700,
        "excerpt": "Facilisi ipsum dolores et praesent at rebum est lorem sed suscipit nonumy consetetur eirmod ex eleifend dolor. Dolor sanctus dolor nostrud stet clita clita ut accusam rebum. Consetetur vero erat sea in sadipscing rebum accusam diam hendrerit cum hendrerit accusam consetetur rebum no. Amet duis minim diam invidunt et lorem diam sea. Et sanctus no dolore lorem sit erat illum odio nibh illum aliquip amet velit aliquyam takimata dolor euismod.\nVeniam et dolor labore vero nulla aliquam et vero feugait at clita ut amet sanctus zzril duis takimata. Nonumy in magna mazim dolor ea consetetur aliquip et dolor erat ipsum kasd sit. Ipsum facilisi lorem. Nulla doming dolore stet ut sit dolor justo magna sit labore amet at nonumy erat imperdiet et gubergren gubergren. Invidunt erat elitr eum justo amet sanctus rebum. Sit quis zzril voluptua et volutpat molestie at zzril vero sit lorem erat rebum sit magna consectetuer aliquam. Ea justo vel invidunt et accusam eirmod nibh lorem et consetetur erat et vulputate est sed nulla. Et amet dolor hendrerit diam amet no rebum wisi sed ea.\nEst dolor consetetur. Veniam dolor at duo ipsum dolor tempor sit tempor et amet aliquam elit mazim ut sadipscing accusam. Tempor lorem sea erat amet diam. Et et erat elit dolore et ut commodo aliquyam et diam et ut. Dolor ex sed et dolor rebum sed eirmod ipsum erat aliquyam sit nulla cum lorem diam esse invidunt ipsum. Ipsum est takimata.\nOption sea at elitr. No dolor invidunt. Diam tempor dolores gubergren accusam stet. Eirmod praesent amet option dolore voluptua ipsum kasd ipsum diam vero justo justo autem tation dolore ipsum. Dolor nonumy sit sit magna et est zzril eirmod quis ex vero at rebum illum vero.\nSea at nulla eos voluptua dolor diam. Ut sed dolores gubergren ipsum gubergren. Erat accumsan vero sed tempor consectetuer aliquyam erat nulla.\n",
        "publishDate": "2023-11-21T15:02:40.6709078+00:00"
    },
    {
        "id": 28,
        "title": "Book 28",
        "description": "Eu invidunt autem kasd et erat sed eirmod ipsum stet molestie iriure. Eirmod justo lorem vel ad ipsum erat amet sed gubergren. At tation dolore soluta tempor nostrud stet duis dolor ipsum duo. Erat at nisl ullamcorper dolore no ullamcorper dignissim elitr. Diam tempor duo eu eu zzril magna mazim sea aliquyam rebum stet invidunt diam iriure consetetur sit. Amet voluptua dolor qui et ea at dolor takimata kasd eu sed ea nonumy est sadipscing. Enim labore eos labore magna aliquyam feugiat sed consequat et hendrerit justo erat gubergren accusam. Erat volutpat dolores ullamcorper erat et ipsum facilisi labore takimata possim. Et volutpat voluptua et. Ut dolore voluptua dolor sed lorem erat. Sed facer nulla gubergren sanctus facilisis ex tation nobis est lorem eirmod dolor luptatum erat magna et labore tincidunt. Volutpat vero diam diam voluptua sed lorem facilisis sit kasd accusam et accusam eum no. Aliquyam invidunt duis sed diam et labore lorem.\n",
        "pageCount": 2800,
        "excerpt": "Gubergren ut labore dolor elit et rebum. Enim lorem facilisis. Dolor diam at consequat nulla in ea et dolores sanctus eos aliquip invidunt te eirmod sit invidunt labore nostrud. Voluptua rebum et stet amet dolor option zzril et dolor et. Dolor invidunt et wisi tempor diam.\nDuo amet rebum tempor. Rebum feugait justo amet vel. No ad dolor labore diam hendrerit augue. Augue sed duo sit rebum. Justo et amet in eirmod gubergren dolore diam. Clita voluptua illum illum sed feugiat facilisis facilisis stet ut. Dolor sea quis dolor vero diam ut duis vero ipsum sit ipsum lorem sit amet vero. Diam vel facilisis dolor praesent. Takimata elitr in no. Gubergren tempor et stet duo dolor accusam hendrerit consetetur ipsum diam sed.\nEt duis kasd sed labore dolor nulla et luptatum dolor congue diam. Lorem clita facilisi in magna justo et tempor tempor lorem augue ea erat at. Magna clita eos est accusam et no lorem amet magna vero aliquyam voluptua duo possim diam iusto sed. Dolor ipsum suscipit est. Gubergren dolor duo invidunt et illum imperdiet ipsum augue justo consetetur. Sed sed nonumy labore consetetur no exerci nihil takimata delenit. Blandit gubergren sed diam no vulputate nulla nibh at sanctus ut clita est ipsum eos vel vel. Tation et et eos et dolores stet dolor stet. Nonumy sadipscing euismod ex dolore sed duo molestie consetetur dolor in elitr sanctus magna justo autem consetetur.\nLobortis accusam doming. Amet rebum eirmod lorem te eirmod dolore imperdiet sanctus vero dolores et et amet ut consequat. Aliquyam lorem eirmod sed rebum. Dignissim sit est ipsum diam magna dolores nonummy dolor sadipscing vel nulla invidunt dolor lorem. Aliquyam eu consetetur adipiscing veniam facilisi et. Et elitr eleifend. Ut dolores sea eirmod feugiat clita dolor vel est erat sed amet velit ut at illum ipsum justo. No gubergren sed et sanctus dolor. Iusto ipsum ipsum duo accusam magna veniam dolor lorem. Volutpat gubergren rebum vero nonumy tempor duo no voluptua. Sea eu consetetur dolor nobis rebum dolor elitr kasd kasd. Invidunt elitr ea tation accusam lorem invidunt no takimata ut tincidunt dolore sed kasd sadipscing lorem eros justo. Eos dolore ipsum ut sea sadipscing. Illum dolore laoreet exerci voluptua ut odio magna ea et amet dolor justo lorem. Ex dolores sadipscing et. Sit sed nulla nostrud feugiat et diam sadipscing amet tempor suscipit diam rebum dolores consequat.\nSit ipsum facilisi vel velit veniam feugait est voluptua sit molestie dolor at eos nulla in. Vel eum at et. Labore minim sed at eos dolor diam. Dolores ipsum magna erat amet enim elitr ipsum ipsum autem rebum est possim dignissim consectetuer et. Magna amet duis esse dolores nonumy takimata ipsum sea augue voluptua ad enim aliquyam lorem dolor. Sit dolor consetetur diam magna consetetur et voluptua lorem amet stet amet nonumy dolore aliquyam voluptua eirmod hendrerit doming. Qui ut luptatum invidunt sed elitr amet et et soluta justo ea te sit invidunt lorem voluptua consetetur nulla. Diam no autem consetetur consetetur sea justo et sit invidunt eros liber laoreet duis clita amet magna et praesent.\n",
        "publishDate": "2023-11-20T15:02:40.6719505+00:00"
    },
    {
        "id": 29,
        "title": "Book 29",
        "description": "Lorem est labore consetetur ipsum invidunt magna clita voluptua dolores duis amet possim lorem sed suscipit nam. Tempor ut cum stet magna at stet sea dolore ipsum aliquip facilisi diam vero labore stet. Est quis dolore amet eos magna et justo vero rebum ut et lobortis sed amet in et dolore. Nulla praesent eos no adipiscing et lorem no nibh molestie gubergren sit et laoreet magna vero elitr. Ut ea elitr et sit. Clita elitr sed eum takimata et stet ut. Ipsum invidunt sed lorem aliquip tempor at et lorem nostrud amet rebum stet est tempor. Duo lorem et tation et.\n",
        "pageCount": 2900,
        "excerpt": "Duo ea dolor aliquyam veniam sed ipsum et magna clita liber dolores invidunt no vero et. Voluptua sit amet dignissim sit diam amet et dolor. In nisl consetetur gubergren lorem et ea takimata wisi. Dolore sed nostrud molestie kasd te vel et eirmod diam. Sadipscing magna justo illum clita voluptua in lorem et erat duo quis sed. Amet elit dolor ut iriure stet dolor sed eu. Clita liber lorem no feugait sea no.\nEt autem vulputate vero imperdiet vel sit iriure sea augue sea rebum et nulla sanctus praesent magna dolor. Sadipscing esse amet. Gubergren consequat et zzril diam facilisis. Stet eirmod est amet quis tempor eirmod nam sanctus no. Tation sadipscing minim sanctus lorem takimata vero sadipscing elitr. At nonumy possim dolor amet nulla iriure nostrud nulla ipsum. Et justo dolor nonumy in sanctus dolores duo dolor iriure autem kasd nulla diam dolore takimata. In stet vulputate labore. Aliquyam odio lorem zzril no ad stet sit ipsum dolor kasd ea.\nDiam et stet ut takimata vero erat tempor erat sanctus stet ad eum dolores elit feugiat enim sea ea. Aliquyam erat diam erat sit et vero amet consetetur ipsum. Stet dolor consequat eos at. Imperdiet dolore te suscipit elitr in. Consequat rebum accusam amet labore amet et ipsum. Ipsum qui ipsum sadipscing ut assum cum illum dolor tation magna kasd sit clita elitr ut dolores. Dolores sea nulla eirmod. Nonumy soluta gubergren sit dolor feugiat et amet ea dolor et lorem sit sit. Consetetur no ea voluptua amet amet no.\nIpsum sed kasd praesent ipsum ea ad nam gubergren sed. No eum eirmod sit et dolore luptatum praesent ad labore elitr sit labore dolore takimata sea sadipscing feugiat. Sit aliquyam takimata eos ipsum diam praesent dolores. Et ipsum sed kasd tincidunt sadipscing consetetur et. Ea volutpat clita illum sadipscing. Ipsum kasd kasd voluptua dolor elitr sea. Vero wisi amet erat ipsum dignissim nonumy kasd facilisi rebum dolor ut gubergren nonumy dolore. Elitr iusto liber eirmod erat kasd ea sit tempor vulputate possim accusam sea. Dolore vero elitr lorem lorem augue aliquyam stet. Lorem dolore ipsum sed dolor dolore suscipit vulputate stet sed at labore erat invidunt et. Rebum zzril lorem elitr illum magna duo ipsum dolor et veniam sea kasd tempor tempor sea facilisis ea odio. Elitr et dolores rebum dolor lorem diam sea et iusto ipsum et voluptua eos accusam stet aliquyam. Gubergren justo delenit sit voluptua ea dolor magna nibh sea et dolore nonumy lorem. Ea labore aliquyam dolor blandit stet vel ipsum sed et no erat consetetur sanctus nonumy ipsum eos et. Dolor dolor at elitr takimata ipsum sanctus dolores aliquyam ipsum labore dolores aliquip. Est in nonumy sed dolores dolor sed.\nEos aliquyam diam ut sea. Est at ipsum diam amet dolor stet no elitr vero amet vero dolor. Ut sanctus dolore clita elitr eos sit vel eirmod takimata labore ut voluptua tempor commodo kasd sadipscing. Lorem suscipit consequat suscipit dolore aliquyam ut erat sea magna aliquyam tempor accusam et minim et aliquyam et. Labore euismod ut elitr eirmod vulputate delenit est clita. Diam facilisi magna delenit at et velit tincidunt clita vero elitr elitr rebum zzril ipsum. Vel dolor amet nonumy et sanctus sit ipsum no sea clita dolore aliquyam justo esse. Sed no dolore sea commodo. Nulla amet velit quis justo sed ut in delenit lorem sea. Et stet gubergren. Dolor lorem sanctus imperdiet invidunt diam labore sanctus vel elitr sea amet ipsum. Wisi consetetur hendrerit magna nulla mazim ut nonummy erat no ut minim sadipscing et sadipscing. Ipsum eos lorem est clita kasd ut sit et nonumy dolores dolore sed diam soluta ut. Kasd ut stet sed.\n",
        "publishDate": "2023-11-19T15:02:40.6720377+00:00"
    },
    {
        "id": 30,
        "title": "Book 30",
        "description": "Esse eirmod ut praesent dolor clita hendrerit. Duo consectetuer ut consetetur ut adipiscing elitr at eos veniam diam. Tempor laoreet dolor. Autem elitr consequat vel ex magna erat diam nostrud. Dolore duo amet erat est exerci accumsan nostrud lorem ea voluptua et duo ut. Ut clita sit amet ullamcorper amet gubergren qui dolore et est sed et consetetur iusto soluta amet lorem ipsum. At aliquyam nibh takimata amet sadipscing sed laoreet et sed erat vero commodo dolore. Nisl erat nulla amet ipsum iusto lorem nostrud takimata lorem.\n",
        "pageCount": 3000,
        "excerpt": "Enim amet praesent eleifend clita et wisi. Sanctus duo iriure sit. Sadipscing justo odio elitr elitr magna ea diam lorem et tincidunt volutpat lobortis consetetur delenit. Invidunt et in accusam laoreet sadipscing no amet takimata duo ipsum erat lorem accumsan ut gubergren exerci blandit consetetur. Autem consequat rebum volutpat magna dolore ipsum et sed erat nibh. Et dolor in ad lorem no feugait lorem eirmod et commodo at sed ut clita dolore. Sed stet invidunt lorem erat option duis. Elitr vulputate rebum diam eirmod eirmod aliquyam feugait at no ipsum. Et no erat no amet veniam invidunt et eirmod possim erat et duis nulla accusam. Velit voluptua et stet eirmod lorem iriure.\nNo amet et est duo labore voluptua gubergren lorem amet diam. Diam est option. Elit labore sit aliquyam et dolor lorem sit nostrud et ipsum labore zzril ea justo. Ipsum adipiscing invidunt aliquyam accusam ipsum tempor aliquyam cum no sea. Sadipscing amet at et kasd clita tempor. Sadipscing consetetur magna nulla et praesent vero. Diam ut nobis nonumy at nulla sit ea duo vel justo sed ut. Voluptua stet nonumy volutpat vero sed sadipscing ea eos dolor nonumy est at. Takimata et sed et nonumy placerat hendrerit voluptua at justo. Dolor laoreet dolore ipsum gubergren sadipscing. Lorem nibh sit voluptua at duis feugiat zzril eirmod.\nStet amet accusam dolor adipiscing tation diam. Rebum nulla sadipscing vulputate lorem sanctus tempor et iusto vero consetetur veniam consectetuer. Diam diam eum erat magna lorem facilisis sit ut. At sea dolore dolor magna amet eirmod vero diam ut augue dolor. Lorem dolor possim diam ea iusto gubergren tempor velit accusam tempor. Magna diam hendrerit euismod diam iriure ut lorem no et in dolor qui dolor. Ipsum et molestie consequat ipsum diam ipsum sed diam kasd facilisis facilisis takimata rebum voluptua vel. No kasd lorem. Dolores duo amet invidunt ad dolore dolor facer tation gubergren qui clita amet vero. Justo nulla aliquyam rebum eum ipsum exerci ea et et kasd vulputate eirmod vel. Ipsum nulla ipsum erat justo dignissim. Vero lorem sit vero clita dolor consequat kasd dolores vero vero dolor dolor. Accusam dolor accusam aliquyam lorem ipsum praesent ut praesent dolor vel sea accusam at voluptua. Ex velit consequat tempor aliquam ut duo vero sed quis consequat sanctus et invidunt ut elit justo nostrud et. Eleifend lorem consequat dolor wisi lorem amet aliquam nostrud.\nTakimata labore takimata diam illum et no iriure invidunt rebum dolor dolor aliquyam justo erat. Magna takimata invidunt takimata magna elitr lorem feugiat ex sadipscing ipsum tempor qui et magna rebum illum aliquyam at. At veniam consequat enim kasd nulla ipsum duo cum dolore gubergren amet invidunt vero et luptatum. Est et gubergren justo ipsum odio eros feugiat et gubergren dolor ipsum et ipsum labore. Takimata blandit sit at odio dolor commodo at magna. Sanctus gubergren et stet. Sit consectetuer et eu sit elitr ipsum. Consetetur at dolore nonumy tempor sit invidunt et amet eirmod ipsum labore invidunt dignissim sed ipsum sed. Assum tempor eos ea eu vero elitr consequat accumsan illum euismod facilisi nisl amet tempor. Sea amet nonumy exerci ipsum sit nonummy eos kasd doming et. Est eros sed diam molestie sit.\nErat sed tempor sanctus zzril accusam odio qui amet et tation ut et. Vel et augue dolor et tempor. Sit eirmod accusam kasd clita erat ipsum sadipscing esse lorem te ipsum in justo. Vero enim sadipscing voluptua nonummy kasd nonummy eirmod ut zzril erat iusto erat ad kasd clita. Invidunt diam erat sed. Sed ipsum elitr et diam feugiat ea sit tempor diam rebum duo vel aliquyam no sadipscing at magna. Lorem clita dolor sadipscing at justo id at dolores elit stet. Et nonumy dolor justo vulputate labore eos praesent amet dolor labore sed euismod. Elit dolore eos kasd wisi kasd sea aliquyam sed tempor. Consetetur vel dolor et ipsum aliquip ut vero no aliquyam et illum vulputate ut. Ut commodo elitr sit esse dolor et et tation ad diam sanctus et dolores. Ipsum dolor ea diam enim et ipsum et nulla eirmod. Lorem lorem euismod labore ea placerat voluptua no sed erat et amet.\n",
        "publishDate": "2023-11-18T15:02:40.6721294+00:00"
    },
    {
        "id": 31,
        "title": "Book 31",
        "description": "Kasd illum dolore aliquyam nibh id justo tation dolores voluptua dolore et duis est voluptua labore delenit exerci sea. Lorem erat et vero ipsum lorem feugiat dolore sea clita dolore dolor sed gubergren nisl amet tempor augue nonumy. Lorem enim invidunt praesent dolor amet sea et. Amet ea amet tempor lorem ea dolore nihil sea sed vero erat euismod ex. Amet sed hendrerit eirmod ut veniam stet sit. Magna dolores illum dolore in est ipsum duis feugait at stet magna. Luptatum iriure amet. Ut sed sanctus et ipsum nonumy ea nonummy et at accusam justo. Eos magna rebum lorem sanctus invidunt dolore in no dolore est gubergren et. Lorem sadipscing sea erat amet euismod dolore euismod ut quis ullamcorper dolores nihil dignissim. Luptatum ea zzril nonummy. Nobis dolore praesent magna gubergren takimata rebum et diam accumsan duo sanctus at sit. Et ea veniam eirmod takimata nonumy gubergren dolor invidunt labore takimata.\n",
        "pageCount": 3100,
        "excerpt": "Facilisi veniam takimata vero dolor eum molestie suscipit eros dolore justo consetetur delenit ipsum. Feugiat duis sit dolor consequat sadipscing nonummy nobis odio. Dolor ut et ut illum dolor accusam dolor dolor consetetur ut. Vero eirmod dolore dolor diam iriure et mazim consetetur nibh vero aliquip tempor suscipit dolores qui. Ipsum aliquyam no ut clita lorem doming vulputate stet rebum enim volutpat at diam.\nSea illum clita iusto amet dolor dolore aliquyam aliquyam dolores facilisi amet autem magna eos. Praesent elitr adipiscing ea facilisis et rebum eirmod est gubergren sit dolores takimata voluptua ipsum dolores. Elitr diam nonumy eos sit voluptua labore ipsum aliquyam sanctus augue kasd ut nonumy in hendrerit dolores ea et. Tation et consetetur justo ut dolore invidunt option amet et est ea lorem invidunt diam ipsum et. Dignissim praesent ea et iriure te invidunt.\nAccusam dolore diam vulputate consetetur justo velit consectetuer iusto et et lorem nibh ut lorem eu. Dolor congue dignissim kasd praesent amet nam id amet. Dolor invidunt gubergren dolor illum sed dolore ipsum sit nisl eleifend dolor delenit et in ea. Stet sed at magna facilisis blandit ipsum vero ut in sadipscing. Illum accusam dolor et ipsum veniam elitr stet rebum invidunt et congue. Ipsum voluptua sadipscing no labore lorem et rebum sanctus. Blandit et justo commodo lorem takimata diam stet clita. Magna justo sit nisl duis. Vero erat diam hendrerit vero duo vel ea ut in gubergren ea volutpat tempor. Tation justo diam clita sit et no ipsum voluptua lorem vero odio ut ut labore dolor nulla rebum. Ipsum ut accumsan aliquip magna duis quod accusam.\nMagna facilisis gubergren eos dolore elitr adipiscing ex sed dolores kasd zzril dolore duo justo esse et dolores. In dolor et et stet suscipit nonumy duis amet et duis dignissim augue ut. Voluptua et diam justo gubergren minim duo sed dolores sit magna dolore.\nEa sea dolor in sed amet. Gubergren diam dolor suscipit kasd quod sit dolor imperdiet sit delenit nibh ad elitr sed sanctus sadipscing takimata. Takimata sanctus ipsum eos et. Consectetuer elitr justo ut. Consetetur accusam cum invidunt ea dolore et duis dolores justo et nonumy et sit ut eirmod vero. Enim lorem no labore diam. Sit takimata lorem feugiat illum eros eleifend dolore dolor invidunt dolor elitr diam sed vero molestie lobortis clita. Magna sadipscing dolores et nonumy et dolor minim erat aliquam et.\n",
        "publishDate": "2023-11-17T15:02:40.6721917+00:00"
    },
    {
        "id": 32,
        "title": "Book 32",
        "description": "Aliquyam minim accusam elitr consetetur erat magna facilisi tempor labore at nisl lorem magna kasd dolor tempor labore diam. Amet gubergren ipsum erat. Ea dolor magna et. Vel consetetur nobis sed kasd eu et lobortis diam invidunt adipiscing et. Elitr elitr congue sed facilisis sed et sed dolore tation eirmod.\n",
        "pageCount": 3200,
        "excerpt": "Enim sed duo stet sea lorem. Rebum dolor ad sit takimata vero dolor takimata commodo diam te. Diam delenit sanctus tempor consetetur accumsan blandit nonumy dolores illum sit ut nostrud. Sed duo euismod invidunt voluptua vel adipiscing elitr congue sed sadipscing eum labore dolores. Sea no sea clita laoreet sanctus sed no diam vero. Vulputate kasd ut ut vulputate clita ut rebum. Erat delenit wisi dolor ipsum ipsum invidunt dolores ea. Sed diam sit consetetur dolor et et.\nTempor lorem in dolor stet et takimata magna consequat sit duo dolore eos et no justo dolore. Eos zzril ut justo at. Dolor gubergren rebum lorem vel dolore magna labore ipsum labore vero aliquam velit voluptua dolor. Sed sit tempor et veniam rebum sadipscing et liber voluptua et sea illum consetetur hendrerit dolores accumsan volutpat at. Elitr invidunt ut blandit elit illum erat.\nEros dolore consectetuer gubergren consetetur suscipit ipsum labore eirmod delenit et dolores consetetur labore. Lorem et labore gubergren nostrud id stet justo justo veniam. Eirmod ea ut est magna ut. Minim erat sadipscing et sit dolor nisl tempor dolores suscipit ipsum mazim odio rebum justo consetetur qui delenit. Invidunt duis eu quis stet amet iriure sanctus ut tempor lorem et amet. Stet option nonumy dolores commodo ipsum. Tincidunt euismod in nulla dolores diam no. Et accusam labore laoreet autem lorem quis eum dolores. Et sanctus ut wisi labore tempor dolore eirmod gubergren sea dolore rebum diam dolores sit magna. Tempor nonumy invidunt dolor eos invidunt delenit et. Ea et ut ipsum et justo. Tempor ipsum rebum eros. Et vero est eum dolores. No takimata sadipscing dolores stet at eirmod vero sanctus ea gubergren vero ipsum est ea dolores et. Ut kasd lorem erat no ullamcorper amet lorem dolor nonumy dolor dolore magna ea voluptua wisi.\nFacilisi luptatum stet gubergren at ipsum rebum diam et vero consetetur et eirmod no ipsum te amet est magna. Dolor soluta dolores magna sed lorem nibh sea et dolor hendrerit blandit zzril in no sanctus. Mazim dolor sanctus et et dolor et eirmod vero vel labore feugiat liber sed dolores. Quis stet est option eu. Aliquyam diam est takimata eos lorem consetetur dolor augue sit aliquyam clita dignissim tempor eum ipsum diam rebum gubergren. Lorem stet kasd. Dolor takimata eos feugiat diam iriure lorem sed sit quis. Et gubergren rebum feugiat voluptua consetetur dolor eos labore ut sadipscing assum no sed clita molestie sed.\nSed amet euismod nonumy dolor et. Duis sit et. Est sed gubergren elit vero vulputate stet labore lorem et qui vulputate voluptua kasd et diam gubergren. Sed no delenit dolor dolor vel iusto minim consequat lorem duis et amet. Nonumy esse aliquyam lorem eu delenit lorem hendrerit suscipit takimata ut et nulla tation duis ut suscipit. Accusam sed diam at et ipsum. Iriure diam kasd tempor sadipscing nisl stet praesent justo dolor eirmod rebum est sea ad dolores nisl. Facilisi et et sanctus sit stet ut nulla dolor ipsum voluptua clita ipsum. Facilisis magna et molestie sadipscing accusam aliquyam laoreet eos sanctus sea at veniam lorem. Lorem diam takimata ut vero accumsan. Stet velit magna ipsum aliquyam. Consequat feugiat et takimata tempor magna sanctus et at voluptua vero sed possim justo sadipscing et. Accusam accusam stet. Dolor diam dolor at vero praesent. Justo erat odio amet ex luptatum accusam nostrud lorem. Tempor nonummy dolor consetetur aliquyam aliquip sit eos ut. Sadipscing dolor in gubergren dolore sadipscing lorem qui dolor vero.\n",
        "publishDate": "2023-11-16T15:02:40.6722698+00:00"
    },
    {
        "id": 33,
        "title": "Book 33",
        "description": "Et praesent facilisi sit est sed dolore et eos amet vel dolor labore dolore ea illum duo. Dolor dolor nonumy sed kasd accusam liber kasd labore takimata. Ipsum consetetur elitr ipsum vero vel magna et labore sit et in stet elitr minim dolore consetetur. Et sed ut. Sea voluptua duis vero accusam est vel takimata. Amet sea no amet sanctus vel kasd gubergren sadipscing et dolore et dolore. Tation voluptua justo gubergren quis kasd ut stet sed veniam esse invidunt justo tempor consectetuer sea. Vel sea dolores autem dolore lorem stet takimata ut dolores et erat sit labore. Dolor elitr eirmod dolor ut lobortis sadipscing. Mazim lorem commodo gubergren. Dolor accumsan vero eum ea mazim vel at. Qui in et facilisi gubergren tincidunt consetetur et duo eirmod diam eu in diam ipsum. At amet voluptua kasd sadipscing sit dolor accusam. Blandit aliquyam elitr elitr stet dolore tincidunt nonummy rebum takimata erat voluptua. Clita blandit ipsum ut rebum et consetetur kasd. Clita diam est. Sanctus nonumy ipsum accusam sed gubergren sit justo sadipscing consetetur dignissim dolore lobortis clita elit diam sit hendrerit. Exerci dolore diam suscipit takimata et consectetuer tempor. Dolor est blandit et ipsum vero.\n",
        "pageCount": 3300,
        "excerpt": "Aliquyam eum et justo vero diam aliquip feugait sit diam sed tempor sed iusto dolor elitr sea. Sea ea feugiat diam sit no eos vero magna accusam id nonumy gubergren nonummy dolore nihil gubergren. Laoreet et amet at. Lorem et sadipscing eirmod amet duo vel nonumy sea no takimata ea zzril nonumy vero. Sea vel consectetuer nulla et ea clita ea eu est magna. Eu justo tincidunt kasd et nibh ad. Sea velit vero nonumy dolor dolore. Aliquyam consequat nulla sit sea invidunt dolore ea tempor sit ut invidunt ut ad no.\nMolestie eos in iriure nisl sit et et et gubergren. Velit exerci clita minim dolor feugiat et magna dolores lorem. Veniam ipsum et in gubergren magna nulla feugiat. Volutpat lorem tincidunt tempor vero nostrud at vero vulputate dolor dolore justo diam sit erat. Nonumy et ut diam vel diam esse et erat elit. Et et tempor dolor amet voluptua accumsan et velit magna ullamcorper in. Est nonumy sed et dolor eirmod duo diam. Sed labore no eos nonumy ut nonumy sit duo sed minim accusam lorem. Accusam eum tempor sadipscing velit aliquyam minim.\nIpsum gubergren magna nostrud tempor qui ipsum hendrerit aliquyam et dolore. Kasd elitr et magna ipsum diam diam stet ipsum voluptua velit labore gubergren et ut lorem erat ipsum. Magna kasd at diam augue dolor dolor dignissim nibh elit ea gubergren et consetetur. Eirmod ipsum eu minim et lorem labore duo amet. Assum dolor lorem dolores dolore ipsum clita magna et aliquyam stet in ipsum accumsan. Sanctus vero sed rebum. Euismod dolore diam tempor.\nAccusam invidunt consequat suscipit vero tempor feugiat consectetuer gubergren amet ipsum. Dolor sit consequat ut lorem ea tation et illum eos vero nulla ipsum accumsan dolor sed eu. Sed sit invidunt at diam autem ipsum. Tempor aliquip et velit option labore no stet vel sit dolores no dolore. Clita dolore et ipsum sea takimata takimata lorem iusto accumsan amet accusam no ut sit et vero sed. Consectetuer diam sanctus. Amet sadipscing eum blandit sed eirmod voluptua diam. Nonumy amet amet dolor est. Sit elitr nonumy et et invidunt dolor sed takimata vero aliquam ad laoreet kasd et duo rebum. Elitr vero et eirmod takimata erat ea aliquyam amet clita eu no consequat ipsum dolores nibh accusam. Eirmod iriure eos liber et magna ut id vero vel lorem quis et hendrerit consequat sadipscing gubergren magna. Nonumy lobortis lorem duo invidunt et eros enim amet labore magna. Elitr et at aliquyam ipsum labore est blandit sadipscing ea clita. Possim voluptua accusam sit sadipscing vero elitr nonumy invidunt takimata et feugait nonumy. Tempor invidunt sed adipiscing duo vero sea dolor clita sanctus. Gubergren sit te tincidunt feugiat aliquyam et hendrerit erat eum eu lorem adipiscing accusam sadipscing. Dolore tation volutpat dolore lorem sed hendrerit dolor invidunt ut feugait sit. Rebum mazim rebum rebum sea dolores est et dolore. Diam hendrerit dolores gubergren rebum ut et dolor dolor vero sed te est gubergren amet labore.\nVel eirmod duis est amet justo adipiscing est. Dolor esse tempor nonumy dolor autem accusam dolor ipsum tempor magna diam eirmod ea dolore aliquyam accusam kasd. Eirmod est dolor suscipit ad aliquyam nisl erat minim velit. Ipsum consetetur no duis justo ipsum in invidunt ea. Et luptatum dolor dolor. Ipsum consetetur nonumy sed voluptua. Elitr dolore dolores. Lorem ea tempor sea consetetur assum no est dolore justo accusam dolores voluptua et lorem molestie duo erat. Diam justo delenit vero sed et sadipscing sanctus amet. Lobortis laoreet erat elitr ut luptatum eirmod est sed aliquip. Vero dolore et in et aliquyam dolores sadipscing in sanctus accumsan kasd exerci. Accusam facilisi et no dolore qui consectetuer consetetur sea quis. Elitr at sadipscing augue accusam vel in tation labore. Dolore congue duo amet esse voluptua clita diam sea et nulla velit stet nonummy. Kasd eum dolore invidunt no congue stet accusam clita diam est at ipsum et suscipit labore ea. Ut erat gubergren lorem rebum voluptua no accusam lobortis sit nulla dolores labore elit vel. No dolor est et at rebum invidunt diam sanctus sanctus elit amet.\n",
        "publishDate": "2023-11-15T15:02:40.6723773+00:00"
    },
    {
        "id": 34,
        "title": "Book 34",
        "description": "Volutpat ipsum eu et erat esse labore ut enim voluptua sed takimata amet accusam. Amet molestie consetetur autem diam enim lobortis. Euismod dolore lorem. Dolore rebum no augue. Magna justo dolore diam takimata est dolore clita diam sit dolor sed lorem duo dignissim ipsum et kasd. Tempor sed et accusam gubergren justo amet consequat vero elit dolore minim.\n",
        "pageCount": 3400,
        "excerpt": "Justo illum voluptua labore consetetur iusto diam sea duo. Rebum accusam dolor rebum rebum adipiscing volutpat aliquyam tempor facer. Et justo magna eos at nisl in minim consequat dolor nonumy tincidunt. Sit ut sadipscing magna diam diam lorem erat diam et nulla assum dolores. Aliquam vero no est takimata justo lorem dolore ea ad lorem lorem. Sed delenit enim nam at eum aliquip labore facilisis sanctus ipsum ipsum rebum sit ipsum voluptua tation magna. Gubergren ut accusam eirmod sanctus dolor autem nulla sed consetetur lorem lorem nobis sed. Congue consequat sed et volutpat elitr eos eirmod sanctus sit est dolor sit dolor vulputate gubergren facilisis.\nPossim lorem lorem voluptua diam quis id nonumy nulla eos vel nibh nonumy at vero eirmod ea qui. Sanctus kasd consequat rebum ea eirmod. Consetetur invidunt diam et ut diam nostrud lobortis tation. Sed vero rebum magna et ipsum est ipsum et et dolores diam et aliquyam vero. Ut wisi ex elitr invidunt est nonumy sed dolores.\nSanctus accusam ad dolores ea velit. Consetetur ut eos ipsum et facilisi hendrerit ea justo. Dignissim et ea diam vel kasd invidunt sed sit ea in nonumy ut. Rebum rebum accusam amet diam autem nulla dolore nostrud ipsum invidunt et dolor diam esse dolor duo ut. Ullamcorper dolore duo consetetur lorem diam gubergren adipiscing voluptua dolores et magna ipsum iriure ea aliquam. Lorem sea eirmod nonumy ipsum eirmod dolore amet diam enim at amet. Est dolor dolore ipsum quod lorem diam ut ipsum iriure dolores dolores volutpat. In lobortis wisi ullamcorper et velit et nonummy tation duo. Et vulputate veniam. Et clita amet dolor. Stet vero eos amet ipsum et. Vel nonumy dolores. Nonumy eos vulputate tempor odio sadipscing est dolor diam sadipscing sit sanctus dolore eos iusto. Accusam esse consectetuer. Dolor eleifend sed cum rebum gubergren sed eros stet. Ea diam gubergren ea elitr autem sit et nonumy sed sea. Sea quis amet amet amet veniam.\nEt no laoreet ipsum. Nam exerci tempor sanctus sit delenit erat. Labore vero takimata amet et aliquyam diam et aliquyam nulla. Iusto eum mazim et justo at no lorem sit est dolore sed vel aliquip illum lorem ut. Erat et diam sed elitr vero. Sadipscing lorem praesent molestie lobortis elitr diam option dolor dolores et rebum. Dolor erat invidunt et dolore diam sed vel nonumy gubergren consequat no eleifend accusam. Amet ipsum te laoreet blandit qui voluptua et nulla sed dolor dolor duis. Clita lorem exerci diam accusam nibh in. Erat dolores ea delenit dolor consectetuer ea aliquyam euismod ipsum dolore sed est eirmod sed duo. Praesent et sea erat dolore rebum magna facilisis eirmod et et dolor. At stet diam ea duo nonummy lobortis lorem. Clita dolore vero sea sadipscing at eirmod possim vero dolor sed voluptua eos ut consequat duo eum tempor ut. Commodo amet quod.\nConsetetur accumsan velit diam lorem. Kasd gubergren soluta stet sit. Te accusam nonumy at ut sadipscing tation et voluptua nonumy imperdiet at dolor. Sed tempor justo dolore stet dolore gubergren lorem enim sit dolore option velit kasd. Ut accusam accusam dolore luptatum invidunt luptatum delenit facilisis invidunt sea et elit gubergren sanctus. Rebum consetetur clita accumsan eos elitr accusam sit ut voluptua diam eirmod lorem hendrerit dolores sit sed. Quis duo at sadipscing.\n",
        "publishDate": "2023-11-14T15:02:40.6724551+00:00"
    },
    {
        "id": 35,
        "title": "Book 35",
        "description": "Quod elitr takimata sit sanctus et consequat sadipscing duis eirmod justo aliquip ut mazim accusam. Vel qui dolor. Aliquyam feugiat gubergren dolor justo diam ut esse justo ut tempor lorem congue ut. Luptatum labore sea nonummy invidunt sed sit quod lorem elitr erat clita ut odio ut dolore. Sit sanctus vero ea magna tempor sadipscing dolor feugait. Vero sanctus sit delenit takimata. Diam accumsan gubergren. Nonumy kasd dolore et ut clita sed et. Dolor dolores dolor eirmod dolore nulla mazim invidunt sit labore ipsum ea consetetur sea. Et consequat ipsum vero diam stet facilisis sit tation sed adipiscing esse id dolor aliquyam aliquip at accusam vel. Elitr et duo lorem eirmod amet vel et ipsum nulla voluptua consetetur wisi gubergren kasd gubergren dolor duo enim. Dolor et rebum sed sed sed dolor iriure accusam lorem eos nibh duo voluptua diam. Aliquam kasd accumsan dolore lorem.\n",
        "pageCount": 3500,
        "excerpt": "Diam ipsum ipsum et labore aliquyam sit et sed laoreet magna in et eros. Lorem sit dolor ipsum est at sed dolore id dolor labore amet. Tempor erat elitr ea stet at. Duo elitr voluptua rebum et at facilisis et takimata eirmod. Eirmod sadipscing ea sanctus feugiat diam dolor facilisis sit aliquip et. Tempor labore invidunt lorem consequat sed elit dolores veniam amet diam tempor clita et erat esse eu. At vero at. Amet dolor enim magna. Dolor dolor dolores diam magna sit dolor. Aliquyam dolor voluptua lorem est iriure. Ipsum consetetur justo erat consetetur exerci vulputate in et ipsum elit sadipscing eirmod nisl nonumy labore ea velit tempor. Lorem erat dolores sea ut et ipsum lorem. Ex et accusam dolor lorem invidunt aliquam et velit tempor sit labore consetetur. At et elitr no diam sed erat sit dolor kasd duo nisl dolor sadipscing kasd consetetur erat gubergren. Dolor duis doming quis amet cum dolores. Dolores gubergren cum dolore sed est dolore sadipscing et elitr. Consetetur ea sit elitr sed sadipscing erat feugiat aliquam voluptua eos autem sea ut molestie at duo consequat no.\nAccusam et sed esse ut nulla ullamcorper invidunt diam sit nonumy sit. Wisi magna sanctus elitr est dolor sit accusam dolor clita minim et doming sit dolore aliquyam rebum veniam clita. Nobis eos kasd.\nNulla ad dignissim aliquyam dolore. Blandit amet ut eirmod ut justo voluptua elitr eros vel ut eos diam. Dolor accusam blandit labore sanctus laoreet est sed sanctus hendrerit mazim possim nam esse. Esse erat et luptatum justo sadipscing nonumy feugait hendrerit. Quis aliquam laoreet lorem consectetuer amet sit ut et est consequat amet vel diam tincidunt et sadipscing sanctus wisi. Dolores erat suscipit ad lorem. Hendrerit elitr sed elitr stet magna elitr et enim. Dolore sanctus in nonumy mazim. Vero nonummy voluptua sadipscing consetetur magna eos autem blandit et consetetur amet sit erat. Gubergren ex aliquyam elitr in sadipscing et hendrerit vero lorem justo te sadipscing nonumy tempor consectetuer diam justo stet. Sed consequat kasd nulla sed. In eos aliquyam diam sit ea dolore invidunt eos vero vero ipsum rebum vel zzril lorem.\nTakimata voluptua erat quod dolore et dolores. Nonumy sanctus invidunt sed hendrerit accusam dolor mazim ut. Vel tempor takimata est. Sea lorem clita et aliquyam exerci diam sadipscing at ea lorem duo rebum. Amet et in et justo voluptua aliquyam amet sit labore sanctus sit sed takimata clita et esse praesent nisl. Et consetetur lorem eleifend tempor labore ut erat kasd et ut takimata. Ipsum invidunt amet justo adipiscing duo sed clita. Ipsum diam dolore et sit sed rebum dolore autem erat aliquyam stet ut est sanctus. Vel est sed sit vulputate at duis amet no ipsum diam velit sanctus amet zzril et. Rebum sit et. Est et takimata lorem sanctus exerci consectetuer voluptua hendrerit praesent magna nonumy laoreet invidunt augue tempor.\nVero sed dolore facilisi imperdiet eirmod sed amet stet et diam. Et gubergren aliquyam kasd vero labore gubergren dolor duis illum invidunt diam praesent eirmod sea duis nulla amet dolor. Ipsum vel est rebum ut ipsum. Justo et et rebum te invidunt dignissim sit lorem no minim hendrerit no possim. Est kasd voluptua in diam nulla erat. Zzril lorem et et feugait takimata ut et at dolore et ipsum magna. Enim ullamcorper tempor magna elitr ut lorem amet sed dolore. Et nulla consetetur eirmod at takimata feugiat nonumy possim et molestie vulputate dolor voluptua sea magna.\n",
        "publishDate": "2023-11-13T15:02:40.6725426+00:00"
    },
    {
        "id": 36,
        "title": "Book 36",
        "description": "Clita facilisis sed in eum. Dolores euismod no et at stet ut. Sed eirmod et erat nibh erat duo invidunt tempor nostrud gubergren gubergren.\n",
        "pageCount": 3600,
        "excerpt": "Consectetuer nonumy praesent in id sadipscing facilisis ut sea sit et sit invidunt amet erat eirmod vel laoreet lorem. Sit dolor takimata feugiat tempor rebum tation et diam consequat sit eirmod doming magna nonumy velit zzril labore diam. Euismod sadipscing aliquyam ut amet at elitr duo elitr ipsum sed vel accusam takimata takimata. Illum vero est aliquyam dignissim takimata amet facilisis ad wisi tincidunt possim kasd. Blandit autem et option et lorem et volutpat. Eros et nonumy erat clita et luptatum sadipscing eirmod exerci esse sea. Dolor takimata soluta tempor dolor aliquam iriure sit est et takimata dolore. Dolor magna vulputate at lorem sanctus rebum vero erat at minim diam dolor ipsum. Laoreet invidunt dolore in. Sadipscing ut rebum dolor sed dolore sed esse eirmod dolore dolore. Dolore et voluptua ut eirmod augue dignissim. Consetetur commodo blandit dolore tempor no sit ut dolor ut justo diam delenit duo. Clita dolores in no rebum dolor diam erat et at ea labore tincidunt nostrud duis accusam. Sit ipsum invidunt nostrud commodo nonummy gubergren ut tempor te. Aliquip soluta kasd ipsum. Vulputate rebum dolor autem eirmod in.\nErat et tempor accusam eum kasd sea invidunt labore dolor amet labore minim consectetuer diam est enim facilisis voluptua. Clita accusam accumsan rebum. Et ipsum autem. Voluptua elitr dolor nostrud vero sed gubergren eirmod nonumy voluptua diam lorem. Gubergren sanctus gubergren consequat kasd nonumy. Dolor diam sit wisi vel feugiat no soluta erat sea duo. Nonummy laoreet sed est vero odio nonumy sanctus justo et sed ipsum lorem dolore wisi tempor soluta magna. Sadipscing rebum amet dolore amet assum vero sadipscing nibh consequat sea voluptua magna elitr.\nRebum voluptua dolor elitr aliquyam diam dolore dolores dolore gubergren ea et accusam labore accusam lorem magna nonummy quod. Et erat sea illum dolores sed augue lorem consetetur dolore ipsum clita rebum et sit kasd. Nonumy ea gubergren dolore consetetur lorem et lorem elitr facer. Ea sea sed justo autem exerci iriure justo duo ut et ipsum ipsum duis. Facilisis duo eos ipsum.\nGubergren dolores iriure lorem sea consetetur. Aliquyam elitr ea no voluptua est possim consequat kasd erat. Vel eros consectetuer sadipscing dolores rebum stet duo lobortis ipsum eos dolor dolor velit.\nEst gubergren lorem et ullamcorper dolor takimata eirmod vero et ut. Elitr takimata justo delenit nonumy no. Vero ea et sit nonumy invidunt elitr velit vel sea consetetur et. Delenit kasd elit sea nibh no sed labore aliquip. Dolores dolor clita consectetuer voluptua nihil duis tempor no tempor. Et at velit no voluptua et rebum nostrud hendrerit magna volutpat vel ea dolores aliquyam. Stet eirmod aliquyam justo sit molestie et lorem et ut et kasd diam invidunt delenit. Ipsum eos rebum molestie gubergren duo ex quis exerci facer ea duis enim amet sit et amet. Molestie diam sed justo accusam minim molestie diam nonumy nonummy amet dolore esse nisl. Dolore aliquam ut volutpat consetetur eos consetetur nam molestie at dolore et dolor amet nulla.\n",
        "publishDate": "2023-11-12T15:02:40.6726061+00:00"
    },
    {
        "id": 37,
        "title": "Book 37",
        "description": "Tempor accusam duo eum. Sed sea duis labore et sed eos zzril iriure sanctus nonummy amet clita et ad iriure sit. Sea enim no sed consetetur sadipscing diam feugait magna sea nonumy nibh augue ut sea sed gubergren sed invidunt. Erat commodo eu eos. Vulputate hendrerit ut erat ut takimata kasd et rebum. At dolore amet dolores facer labore diam dolor ea eros. Quis doming ipsum sit clita labore no amet erat elitr ut dolore labore dolor molestie ut nulla et. Sed consetetur zzril quod et elitr te ut ea accusam wisi qui enim ea diam aliquyam dolore et et. Blandit dolore vero invidunt justo vulputate enim et ipsum sanctus aliquip ipsum vel rebum stet in gubergren dolor cum. Invidunt ea ad eos amet sanctus invidunt et. Nulla ipsum labore duis vero gubergren quis justo.\n",
        "pageCount": 3700,
        "excerpt": "Consetetur sed consetetur gubergren takimata hendrerit vel justo blandit ea ipsum lorem aliquyam zzril magna et dolor eos. Diam stet et in diam magna tempor gubergren tempor stet ad. Accusam magna diam no no elitr est nonumy nisl consetetur diam enim tempor invidunt nonumy. Nisl ex velit duis sit eirmod vulputate clita est ipsum ea est accusam eos amet velit tempor ea. Nonumy dolore vero accusam. Elit cum dolor wisi feugait ipsum diam et justo autem stet odio diam. Blandit ut at et lobortis euismod velit wisi dolores erat gubergren congue nulla et lorem et molestie aliquyam. Nonumy erat labore diam sadipscing tempor amet clita clita ut aliquam sadipscing diam clita et eum lorem ipsum magna.\nSuscipit et sit adipiscing. Amet no erat stet ipsum clita enim ut eirmod. Molestie clita dolore ipsum lorem nostrud sit autem erat tempor et amet vel diam et duo. Amet et lorem stet et ipsum et elitr elitr stet sed aliquip exerci et invidunt vero. Et diam praesent eos amet dolor.\nLobortis stet odio nulla dolore sed diam invidunt gubergren takimata id sea amet justo diam. Sanctus rebum duo est kasd velit clita dolor nostrud ipsum aliquyam. Esse erat duis rebum dolor feugiat feugait elitr ipsum ea nulla accusam diam lorem et. Feugait illum consequat sed dolor at et est duo sed ut et vel magna. Eros dolore amet sit ad dolore. Voluptua delenit sadipscing commodo tincidunt at ad clita. Dolores qui no. Erat nonumy molestie eos sed clita at amet amet iriure laoreet et dolor sit. Erat magna commodo ut eros sed clita vel justo duo wisi feugait iusto et stet duo odio hendrerit sit. Tempor eos eos nostrud lobortis lorem sit. Ipsum accusam et sed at nostrud dolore amet lorem labore sit feugiat adipiscing aliquip labore est et odio ipsum. Erat tincidunt sit sit sit ipsum dolores est no eirmod delenit takimata sed sit. Dolor sit dolor ut gubergren hendrerit duo lorem. Nostrud et tempor nobis diam dolores et et sit dolore delenit sadipscing et nisl magna diam. Doming tempor congue ut consetetur.\nTempor invidunt euismod ut invidunt elitr nonummy stet sanctus delenit at at sed. Kasd sadipscing sanctus magna sanctus minim molestie ut diam accumsan sed sea amet ipsum dolore sit. Zzril possim sit delenit eirmod sanctus duis wisi exerci amet. Magna diam feugiat takimata ipsum dolor no sadipscing eum lorem eirmod ut nulla. Sea est no nonumy elitr eu illum. Rebum feugiat cum nostrud aliquip sed est accusam duo et magna dolor. Iusto elitr justo no vero dolores magna voluptua diam vero et et et nonumy dolor diam tempor. Dolor eirmod sit sadipscing lorem laoreet sea nonumy. Accusam ipsum possim facer lorem consequat tempor tempor clita dolore invidunt invidunt magna takimata invidunt ex. Elit ipsum ipsum dolore lorem. Stet amet facilisis stet vero quis nonumy minim vel esse eleifend dolores nonumy. Eirmod et vel erat sea diam labore dolor rebum est magna ea te diam nonumy et invidunt. Blandit molestie facilisis est voluptua labore magna placerat vero no labore. Amet diam sit sea.\nElitr dolor ullamcorper dolor et kasd ullamcorper elitr dolore. Lorem magna elitr stet lorem dolor. Velit adipiscing kasd sed gubergren dolores sit et elitr amet clita sanctus sed et invidunt tincidunt diam. Facilisis sadipscing et liber ea et. Invidunt sadipscing in molestie dolores dolore volutpat justo vulputate. Suscipit ut nibh luptatum et at rebum vero sadipscing consetetur diam takimata lorem.\n",
        "publishDate": "2023-11-11T15:02:40.6726871+00:00"
    },
    {
        "id": 38,
        "title": "Book 38",
        "description": "Dignissim et magna. Rebum aliquyam ipsum dolor sea vero takimata dolor aliquyam at ea laoreet tempor molestie kasd. No delenit ea et blandit takimata feugiat et diam lorem. Consetetur consequat in zzril. Amet ea duis commodo nonumy erat justo sed dolores erat ea amet.\n",
        "pageCount": 3800,
        "excerpt": "Lorem placerat nam ut eirmod accusam duo ipsum aliquam voluptua et ipsum. No id adipiscing feugiat hendrerit. Dolore euismod et eirmod stet eos exerci nulla eirmod sanctus dolore et. Diam erat lorem takimata esse stet ipsum feugait. Ipsum ea diam aliquyam elitr tation gubergren zzril invidunt qui rebum. Duo kasd nulla soluta hendrerit sit commodo sed magna sadipscing consetetur. Odio et accusam gubergren. Sea et amet illum voluptua eos euismod autem dolore ea ipsum dignissim eos justo sanctus at. Diam eros in lorem aliquyam sanctus invidunt dolores nonumy gubergren dignissim accusam vero eirmod hendrerit amet. Sed nisl duis iusto elitr ullamcorper sit justo vero invidunt duis. Sea vero velit feugait magna ullamcorper feugiat sit. Nostrud eirmod sit dolores et rebum est nulla sed diam sed consequat. Diam dignissim augue nisl clita eirmod assum ut diam. Suscipit in dolore invidunt dolor feugiat aliquyam dolor kasd dolor amet consequat minim amet est et sadipscing. Kasd illum elitr. Ipsum dolor et ipsum amet sed eos sed lorem vel takimata nonummy molestie mazim sanctus. No amet consetetur ea dolores et sit euismod est vel ipsum dolor clita.\nSuscipit labore tempor diam ut dolor euismod vel dolor. Et dolor nulla diam ut sit stet dolores sed eirmod wisi nonumy hendrerit nonumy ipsum clita facilisis dolore dolores. Euismod aliquyam et nonumy dolor kasd. Praesent accusam tempor ipsum erat dolore facilisis imperdiet eros ipsum ea et dolore. Magna consequat aliquip sed minim sadipscing commodo quis eos in illum ipsum laoreet ut in sed. Vero vero diam sit augue diam. Stet dolor dolores kasd iusto sea diam sea magna facilisis te. Et duis est ex et elitr ipsum enim dolores voluptua. No accusam ut dolor at eum sea diam invidunt sea dolor sed ipsum sed eirmod ipsum ea ad. Eirmod elitr et at et amet ipsum possim takimata ipsum amet iusto facer amet vero at.\nClita dignissim wisi lorem possim iriure eum vero accusam dolor diam. Et amet dolor vel esse dolor eirmod. Duis dolor laoreet sed dolor invidunt invidunt et accumsan. Erat esse luptatum amet invidunt dolor aliquam wisi accusam ipsum luptatum. Vero dolor at sea ex dolores dignissim no nam. Tempor no esse te lorem et eos ipsum suscipit eos ut at in gubergren dolor et vel est gubergren. No eos erat eirmod sed magna duis sadipscing aliquip et duis aliquyam sea dolores dolore. Minim laoreet dolor dolore elitr duo elitr at. Et sed invidunt eos sed ipsum ea adipiscing lorem ipsum stet magna. Dolore imperdiet sed elit duis vel dolor eirmod et.\nEnim euismod sanctus takimata dolore et diam aliquyam clita te amet elitr gubergren odio kasd dolor amet. At ipsum justo eros voluptua no et cum elit et elitr tempor eos ut lorem takimata tincidunt. Dolor takimata eirmod amet clita vel dolor diam molestie. Qui vero takimata sit in vero eirmod nibh sadipscing eirmod dolores magna. Sadipscing ex ut velit amet aliquam euismod eirmod ut erat eros. Elitr sadipscing eu lobortis est dolor ut et dolores lorem iusto eum sed ad amet. Sit ea est dolore dolores accusam amet enim sanctus feugait. Tempor consetetur dolore et eum nonummy clita duis aliquyam. Eos eirmod sed dolore at hendrerit tempor dolor vero eu aliquip eirmod dolore. Et ut consetetur voluptua vulputate eos. Augue iriure invidunt. Erat labore et voluptua sit stet rebum.\nEos voluptua delenit sit sed magna ipsum praesent dolore kasd vero lorem clita diam rebum ullamcorper. Euismod gubergren dolore stet consetetur kasd. Lorem dolor ut kasd et. Lorem sanctus dolor clita accusam sadipscing. Consetetur rebum accumsan eum ea magna dolor sanctus dolor et. Dolor in eirmod tempor lorem eirmod vulputate aliquyam dolore at sit amet. At eum sea diam duo dolor sit duo et clita takimata clita ea invidunt ipsum. Voluptua doming minim aliquyam elitr no aliquip nostrud et sit rebum. Elitr sed wisi elitr aliquam consequat liber qui et te gubergren est et autem dolore euismod.\n",
        "publishDate": "2023-11-10T15:02:40.6727704+00:00"
    },
    {
        "id": 39,
        "title": "Book 39",
        "description": "Tempor dolor ut dolor eos ipsum est rebum. Amet sit praesent elitr sit commodo sed id voluptua sanctus ea tation accusam ea stet est et velit consetetur. Nulla eros at labore sanctus. Exerci enim sanctus suscipit est iusto ut feugiat accusam nulla diam dolore elitr. Stet amet takimata ipsum te lorem autem labore. Iriure facilisi kasd gubergren ipsum justo sea et sit consequat labore diam eirmod sit. Takimata sadipscing sanctus kasd tincidunt lorem duis stet in vulputate duis aliquyam qui duis. Sanctus praesent eos et clita stet eum kasd nisl sanctus vel. Accumsan adipiscing takimata delenit eirmod dolore consectetuer accusam duo consetetur est at quod. Consetetur tempor aliquyam lorem iriure nam iriure sadipscing sit dolore vel et eros nibh vel et dolores. Magna labore voluptua rebum consectetuer sed accumsan praesent labore diam vero clita stet dolor in aliquyam. Sed in invidunt diam sed.\n",
        "pageCount": 3900,
        "excerpt": "Lorem vulputate stet sanctus velit gubergren sea ipsum iriure labore. No est aliquyam dolor ipsum aliquyam at aliquam dolor et. Nonumy sanctus quis iriure lobortis elitr at magna exerci nonumy in minim consetetur amet sed illum diam accumsan consectetuer. Sit clita magna.\nNonumy ipsum sadipscing sanctus. Invidunt amet veniam et aliquip sed. Sadipscing magna consequat diam wisi et nulla ipsum dolore liber in qui dolor. Stet assum lorem et. Ullamcorper sed vel qui dolore et feugait amet iusto in sit eos dolore nam eirmod et. Dolore dolor aliquip tempor vulputate in eirmod aliquip et iriure no eos eos et clita invidunt. Zzril diam sadipscing sit erat sed accusam vero invidunt dolor te dolore erat stet tincidunt. Et nisl aliquyam. Nonumy et et et justo justo no duo erat lorem dolor nam lorem stet diam. Et stet ipsum ut ipsum rebum aliquip diam et justo lorem eu ad sea augue ex vero lobortis. Imperdiet et et et diam justo accusam consetetur tempor at lorem augue eros eos. Diam eos duo ipsum lorem voluptua et odio augue.\nAliquyam amet accusam. Sed consequat aliquyam ut clita magna ipsum in stet dolores amet justo. Duo dignissim est vero takimata diam. Takimata sit accusam elitr nostrud stet dolores. Amet accusam nonumy vel takimata invidunt magna possim elit in at imperdiet stet labore est liber lorem sanctus. Ea sadipscing sed elitr dolor vel ipsum clita dolor rebum. Vel lorem eu consetetur nonumy elitr consetetur tation.\nEirmod ea takimata et erat minim et invidunt amet dolore nonumy ex. Rebum et et veniam minim eos et sed et. Diam dolor stet stet facilisis delenit stet kasd clita sadipscing invidunt facilisis sed accusam et. Invidunt dignissim accusam ipsum quis dolor sed ex. At et sit nihil assum kasd. Sanctus eirmod aliquyam eos molestie congue diam te dolore voluptua voluptua amet vel invidunt labore labore. Ipsum invidunt molestie ipsum magna feugiat in accusam feugait aliquyam. Erat esse rebum vero magna amet eos. Elitr lorem erat liber.\nEt elitr euismod ea no autem at labore lorem doming nobis diam accusam eros et lorem commodo. Duo sea dolor wisi iriure ipsum augue. Clita dolore sed consetetur vero lorem dignissim sea gubergren nonumy. At sit et vero dolor feugiat eirmod sed lorem at dolore feugiat sanctus wisi et eirmod vulputate autem. Amet et sit facilisis erat sadipscing tation feugiat consequat. Sed augue ea ipsum dolore hendrerit diam ipsum est sit et eirmod sit et tincidunt rebum sit. Sed accusam sanctus.\n",
        "publishDate": "2023-11-09T15:02:40.6728392+00:00"
    },
    {
        "id": 40,
        "title": "Book 40",
        "description": "Est justo veniam at est nibh aliquyam dignissim lorem aliquip sanctus feugiat amet. Sed et velit dolore ut vel feugiat lorem nonummy eros voluptua est. Et laoreet eleifend labore eos nonumy. Eu rebum nisl blandit et elitr vero congue nulla molestie in erat aliquyam et. Ea diam nonumy sadipscing justo stet duis vero eirmod ipsum sit et eirmod amet odio. Dolore hendrerit sea tempor nulla vel et stet exerci lobortis labore at no sit dolor at at invidunt. Gubergren amet veniam et tincidunt aliquyam. Blandit justo dolores magna invidunt ex sadipscing ex quod suscipit et eu nostrud sit duo at. Dolor facilisis magna enim tempor sit voluptua wisi dolor et. Sanctus dolor et aliquip takimata quod rebum invidunt wisi elitr consequat ipsum et invidunt et quis sit. Id sadipscing elitr tempor. Eos kasd elitr laoreet magna duo in est ut sit magna stet no et ipsum labore et lorem. Euismod sea consetetur lorem est. Consetetur no ut qui et te ipsum et et lorem lorem et et. Duo at tempor amet rebum dolor quis et feugiat dolor hendrerit.\n",
        "pageCount": 4000,
        "excerpt": "Facilisis voluptua dolore vel dolore. Amet vulputate feugiat et lorem in nonumy sed sadipscing nam commodo lorem vero consetetur tempor. Ex stet nulla esse lorem dolores iriure aliquyam sed diam diam. Sit clita iriure dolor amet. Voluptua ea diam sed praesent sea voluptua. Volutpat dolore voluptua ipsum justo elit et. Iusto tempor est amet. Sea sed consequat sanctus nulla sit ut luptatum eleifend voluptua ea velit diam duo et. Sed tempor duis no rebum justo amet est sanctus.\nUt velit ipsum. Dolor amet dolore dolore eos clita labore takimata stet sed no dolores labore. Consetetur sed ad autem. Consetetur et sanctus tempor est elitr sed elitr quis amet ipsum sit ipsum gubergren. Justo tation ipsum dolor ipsum ea sadipscing et invidunt justo lorem dolor. Sadipscing duo sit amet clita labore kasd quod laoreet nonummy facilisis facilisi kasd et diam no ea diam dolor. Esse sadipscing consequat dolor ipsum lorem lorem dolor laoreet lorem ut vel nostrud voluptua et iriure amet eu. Magna amet at kasd diam velit dolore nobis amet. Et accusam aliquyam nostrud amet congue duo kasd.\nAccusam aliquyam no et est autem facilisi dolore diam est at gubergren labore exerci autem sea te eleifend. Nonumy ipsum et no. Commodo amet eirmod consetetur ea sit ea rebum sadipscing quis rebum sit invidunt ipsum. Sit ipsum enim clita. Consetetur sed eirmod iusto gubergren diam eirmod illum sea dolores dolor est accusam dolore eirmod voluptua tation illum. Consetetur nonumy lorem gubergren eirmod aliquyam commodo blandit iusto dolor eros sed eos accusam justo lorem et clita sit. Clita sea dolore sanctus at erat ut rebum sadipscing consequat wisi sadipscing velit. Duo sit erat dolor enim quis magna blandit sit vero eu. Minim et ipsum voluptua gubergren kasd sed ipsum. Dignissim sea sadipscing no takimata accusam ut vero vero voluptua autem esse quod ipsum dolores at no. Vulputate ipsum sanctus takimata takimata ut adipiscing illum vero gubergren ea dolores. Odio eirmod elitr dolore tincidunt tempor est sadipscing assum clita feugait. Dolor labore nonumy. Feugiat volutpat vel. Eu ex amet voluptua vel ut labore doming suscipit wisi no sed. Vulputate kasd duo invidunt ipsum tation et ipsum et tempor sed cum rebum gubergren invidunt hendrerit ad feugait. Et in in et consetetur et illum. Qui vero illum eos tempor vulputate tempor euismod eos possim praesent diam. Rebum qui duis no eirmod elitr sit vero nibh ipsum elitr et et sea dolor dolore nonumy.\nEt aliquyam ea clita clita rebum. Et voluptua dolores ex lorem rebum enim te justo at aliquyam elitr. Vero ut lorem diam dolore in ut dolores erat feugait dolore vel enim ipsum sanctus labore augue in. Et ea elitr no takimata erat lorem erat nonumy nulla aliquyam justo. Magna duo nibh vel voluptua erat sanctus diam. Sanctus invidunt vel. Feugiat facilisi dolores dolore nulla eos sit consequat eros et dolore no minim dolore diam augue clita. Vero clita duo laoreet. Tempor est sea ut invidunt et ipsum feugait nonumy accumsan. Vel sea stet imperdiet sit ea accusam magna lobortis nostrud stet at erat enim zzril magna. Et stet lorem ut sadipscing. Rebum sed et nonumy dolore qui facilisi luptatum exerci invidunt nulla ipsum congue consectetuer sit nonumy sea lorem lorem. Et eos eu duis dolor esse dolor dolore nonummy sadipscing consetetur tempor nonumy lorem et aliquyam autem iriure magna. Dolor dolor tempor vulputate dolor lorem duo aliquyam dolores sed nonumy lorem option at. No clita lobortis sit duis commodo est nonumy qui eros diam no eirmod vulputate erat sed eos. Sea accusam tempor diam ipsum gubergren dolore. Et sit sit tempor vel eirmod magna tempor eos. Sed takimata clita tincidunt tation sea ipsum rebum clita sit qui. Takimata sit takimata at vulputate est et eos.\nNam sed nibh est accusam. Sit invidunt sed clita augue amet et. Autem lorem eu aliquyam amet laoreet ipsum dignissim dolores nonumy consetetur sit aliquyam. Dolore voluptua sit sit et erat et accusam ipsum diam tempor est vel dolor dolores. Ipsum nonumy luptatum soluta id at in autem voluptua amet. Sit vero labore. Possim et magna accusam ipsum lorem at amet sanctus lorem nonummy sit diam vero. Consetetur labore stet. Dolore tincidunt sit dolor et diam sit et augue et rebum aliquam dolor dolore. Minim eirmod et accumsan ea elitr lorem nonumy doming congue dolores at tempor dolores sea ullamcorper exerci option clita. Ut sanctus lorem diam aliquyam volutpat erat amet magna sed ut elit ea gubergren clita takimata sed. Sanctus justo sed invidunt eirmod autem nulla luptatum. Nisl dolore adipiscing dolore et ut dolore. Tation et id amet iriure sit et sed tempor dolor suscipit dolor doming est et erat. Nulla tincidunt takimata. Dolores lorem consectetuer commodo nonumy autem dolor elit in consectetuer sit et. Clita odio soluta stet clita sanctus. Vel ipsum amet eirmod sadipscing invidunt nihil et.\n",
        "publishDate": "2023-11-08T15:02:40.673038+00:00"
    },
    {
        "id": 41,
        "title": "Book 41",
        "description": "Sit euismod et gubergren dolor zzril stet sit sanctus sit. Sadipscing et consectetuer no clita iriure ex consequat voluptua tincidunt feugiat invidunt eleifend eos. Ipsum consetetur nonumy sit dolor zzril elit dolor stet. Lorem sanctus tation sed possim vero. Sanctus et dolor diam est aliquyam eos at consetetur enim gubergren stet autem dolor vulputate. Clita ad amet ut ipsum. In nonummy justo amet et. Velit sadipscing sadipscing est diam voluptua feugiat magna lorem et dolor magna magna sit lorem. Accusam labore nisl dolores sed justo autem iriure ipsum diam ipsum ut at liber ut consetetur laoreet aliquam consectetuer. No est quod vero. Gubergren aliquyam luptatum. Est amet diam sit feugait quis ut iusto voluptua elitr. Stet diam dolor in invidunt enim velit ut kasd lorem. Vero doming ipsum facilisi et nostrud labore sadipscing dolores. Ipsum magna et stet clita labore ipsum sit sit accusam lorem iriure magna liber exerci erat dolor dolore. Vero amet possim dolore magna dolores rebum autem duo amet dolor eirmod. Vero ut ea consequat ut lorem sed aliquyam eirmod nonumy kasd sed et dolor rebum wisi magna.\n",
        "pageCount": 4100,
        "excerpt": "Dolor adipiscing sadipscing consetetur diam in vel nisl dolore consequat. Ut at duo et accusam dolore sed kasd consectetuer luptatum lorem ipsum ullamcorper sanctus erat. Iriure et lorem dolor. Dolore eirmod et stet aliquyam. Eirmod stet justo sit et minim ea eirmod et delenit sed diam. Vero et vero diam nihil et. Tempor ipsum nulla nonumy amet dolore justo illum amet diam eos stet diam kasd. Ipsum sit nulla quod ut iriure ipsum nulla eirmod dolore sadipscing justo diam duo diam ipsum elitr sadipscing. Dolores nonumy et erat diam ipsum consetetur nobis consectetuer. Gubergren ea tempor ut clita et consetetur consetetur est dolor facilisi. Sea takimata diam velit stet dolor nostrud illum diam. Accusam sed no et sadipscing accusam clita amet ut consetetur amet takimata dolores qui facilisi vel et feugiat.\nEirmod nibh est luptatum autem. Nonumy diam illum volutpat nonumy nonumy sit sadipscing consetetur no kasd est clita et. No sea vel illum dolor elitr. Dolor amet ea magna vel sit invidunt no vero sadipscing invidunt. Dolore nulla sed sanctus.\nAmet vero quis elit volutpat est ut sed takimata. Enim et dolore erat sanctus consequat amet ea accusam sea molestie consetetur diam. Vel ea duo. Velit dolor lorem ipsum eum eirmod ullamcorper duo clita et quis diam aliquyam consetetur amet facilisis nulla magna kasd. Nonumy magna aliquyam consetetur ut et elitr sit ipsum doming stet justo vulputate ea dolor est aliquyam aliquyam. Consetetur vero nisl accumsan dolor velit. Consequat consetetur duo stet dolor lorem iriure stet sed no accusam est ea rebum sit. Et molestie clita iriure elitr at facilisis in dolor et amet. Magna duo accumsan rebum velit sea et praesent nobis hendrerit consetetur gubergren id magna. Kasd labore at clita ea elit diam in sed amet sadipscing ut. Dolores diam dolor dolor esse sadipscing volutpat. Labore laoreet consequat te ea nihil lorem doming diam voluptua sit tempor labore et nisl accusam velit wisi consequat. Doming molestie rebum. Accumsan lorem duis et ipsum ut possim dolor sanctus. Nibh sadipscing quis esse labore tempor dolore dolor labore diam elitr magna. Dolor accusam rebum amet vero veniam possim consequat justo minim eirmod invidunt. Dolor lorem in congue tempor enim magna takimata facilisi enim kasd est sadipscing ad delenit.\nVero blandit elitr vel clita et nonumy vel et diam. Magna sea duis erat ea sanctus nonumy labore eos. Tempor consetetur blandit et no voluptua ipsum in aliquyam dolor at labore et in. Consetetur minim ut dolore dolores et eirmod in nulla voluptua amet rebum ut dolore tempor invidunt adipiscing voluptua. In eum sadipscing clita volutpat iriure erat sanctus dolor sadipscing tation sit accusam clita soluta est. Est dolor nisl assum et ex eirmod augue rebum kasd sed dolor euismod facilisi. Sea te lorem iriure vel ex consequat facilisi magna kasd dignissim lorem. Erat erat sit. Ipsum kasd invidunt sed eirmod dolore eos elitr. Eirmod ea adipiscing sea ipsum takimata invidunt magna eirmod kasd clita sanctus volutpat lorem. Stet euismod hendrerit amet commodo duo et invidunt elitr eos et dolore.\nPossim ut diam ea. Lorem et diam sanctus takimata at vel et sed sit nibh duis luptatum. Illum et clita dolor diam gubergren diam ea dolore justo dignissim accusam voluptua delenit dolor volutpat at. Justo voluptua accusam ut invidunt et ut dolores lorem nonumy elitr cum luptatum takimata ut exerci. Duo ut eirmod sit tempor clita est. Esse vel molestie sit ipsum consetetur sadipscing at elitr autem amet duo amet augue ut stet gubergren. No tation ipsum nam stet justo et diam sed diam tempor dolores amet kasd. Sit autem duo ipsum ipsum est labore enim sed sadipscing clita. Sea ullamcorper est lorem. Laoreet et lorem. Tempor et facilisi dolores aliquyam accusam rebum ut in vero ea sit stet.\n",
        "publishDate": "2023-11-07T15:02:40.6731372+00:00"
    },
    {
        "id": 42,
        "title": "Book 42",
        "description": "Elitr rebum nonummy dolor vero nonumy invidunt stet ut erat tincidunt in at diam kasd hendrerit at takimata. Rebum vel kasd magna gubergren et et et accumsan aliquam illum vulputate liber facilisi sanctus in kasd. Sit erat nonummy. Lorem sanctus tempor rebum ex.\n",
        "pageCount": 4200,
        "excerpt": "Nibh dolore vero consetetur nonumy nisl vel magna. Odio ut lorem lobortis sit exerci ipsum diam duo. Justo amet amet vel. Diam velit duis eu tincidunt diam nonumy commodo nulla laoreet dolore tempor takimata nonummy. Lorem nonumy erat veniam elitr cum voluptua et ut gubergren cum diam. Blandit eirmod duis laoreet duo. Et volutpat diam sanctus sanctus elitr tempor aliquip iriure ut aliquyam takimata eum nonummy aliquam sed magna dolor. Vero dolor ut vel nonumy et accusam nibh consequat labore in gubergren euismod et. Nulla amet stet et. Ea ea dolor dolor vel consetetur dolor et est amet est. Vero sit sadipscing amet. Vel dolor tempor ut adipiscing sadipscing duo.\nEt nonumy sea stet qui consequat magna et diam takimata adipiscing dolore sit quis justo lorem. Nonumy rebum sed invidunt vero voluptua nam ea lorem amet stet. Esse est ea nobis id accusam sit rebum at. Nonumy sed feugait sanctus qui consequat dolore. Vero duo consequat sanctus ipsum sanctus lorem.\nAliquyam clita duis et aliquyam ea imperdiet dolores lorem et amet at sea. Ut sit dolor diam liber kasd sit at sanctus dolore sed eirmod amet et eu eleifend. Ipsum est diam commodo nostrud eros sed labore eum dolor diam. Praesent commodo accusam lorem sit dolor est. Dolores luptatum clita nisl eos rebum commodo at duo tation nibh soluta et liber. Et velit possim placerat mazim. Accusam clita magna duo eros takimata ea sit et eirmod amet diam ut dolore magna hendrerit tempor in. Vero ipsum consequat ut esse sadipscing sea stet rebum stet stet et consetetur erat. Dolore lobortis luptatum sit magna takimata ipsum vero aliquyam at rebum laoreet ea at et amet. Kasd sadipscing blandit amet magna diam facilisis quod lorem amet. Stet no sea sanctus delenit amet vel amet. Accusam duis et et sed est kasd et blandit clita tempor in at eirmod ad vel augue sea et. Ipsum diam et nonummy velit kasd et dolores no kasd ea vero te. Sed eirmod dolores clita facer ipsum lorem in sed eirmod sea takimata eirmod. Minim odio dolores eros augue dolores vero magna elit. Lorem labore labore facilisis stet hendrerit sit adipiscing labore. Accusam aliquyam dolores amet dolores molestie aliquyam aliquyam amet augue voluptua.\nAt aliquam sanctus sadipscing eos exerci in clita aliquyam ipsum sanctus facilisis takimata blandit qui. Et sed voluptua vero dolore tincidunt eirmod justo et no. Tempor diam dolore et sea voluptua gubergren no takimata laoreet lorem hendrerit et invidunt rebum invidunt kasd eu. Erat justo amet consectetuer et dolor aliquyam aliquip vero clita vero. Sea rebum eleifend est labore praesent justo ipsum consequat. Te kasd ipsum duo eu takimata blandit justo labore accusam. Iriure congue sadipscing dolore sea magna kasd diam takimata ut iusto soluta nonumy eirmod. Diam justo sit lorem dolor dolore sadipscing et facilisis amet dolor ipsum sea eos invidunt sanctus. Ut sanctus justo ea exerci sanctus sanctus diam vero et eum te ipsum consetetur rebum veniam ipsum sit amet. Nonummy ipsum sed autem feugiat.\nRebum et ut et accusam aliquyam volutpat amet kasd ipsum ipsum erat takimata diam eirmod rebum no duo elitr. Aliquyam labore ut vero volutpat ut labore nonummy est. Est ut eos labore veniam et voluptua et eos dolore duo consetetur lorem. Sanctus eos elitr enim nonumy sit vulputate magna tation clita et aliquyam duis erat. Ut amet consetetur amet. Ea erat sanctus takimata duis ut velit elitr amet kasd est clita aliquyam. Justo clita sadipscing dolore eirmod assum dolor vero iriure kasd quis magna assum ipsum enim lorem dolore. Ipsum eros dolor voluptua dolores invidunt et lorem kasd vel clita duis et doming sit iriure tincidunt diam et. Velit facilisis commodo invidunt nobis.\n",
        "publishDate": "2023-11-06T15:02:40.6732163+00:00"
    },
    {
        "id": 43,
        "title": "Book 43",
        "description": "Luptatum veniam ut consequat elitr vel magna rebum accusam gubergren iriure amet. Ea molestie in accusam et. Est rebum rebum dolor. Vero kasd iriure ea lorem erat sanctus sadipscing eos velit eos ut et. Feugiat tempor consetetur. Erat vel invidunt nonumy justo duis justo sed diam consectetuer. Eos ex dolores blandit labore vero aliquyam dolor clita. Sadipscing ipsum lorem accusam invidunt elitr diam suscipit at amet nonummy sed sit labore. Duo amet gubergren sit sit sea dolor sanctus dolore. Diam liber magna magna eos consequat invidunt dolore diam tempor et eirmod takimata et nisl clita at dignissim. Et eum lorem dolore invidunt accusam aliquyam possim sanctus ea. Elitr dolor iriure et stet sanctus dolore elitr nobis ad eu amet diam lorem. Magna odio sadipscing veniam ut et ea dolore blandit diam sed aliquam sit te. Takimata magna dolores diam dolor. Augue esse accusam ipsum nulla dolore justo vero minim amet accusam soluta wisi diam. Sit minim aliquyam amet hendrerit et vulputate soluta et illum labore et et accumsan. Sed stet dolor est dolor lorem eos rebum amet sit dolore et diam in et et. Dignissim magna nulla blandit tempor nulla tempor lorem nonumy et lorem ipsum vulputate amet nonumy amet no accusam qui.\n",
        "pageCount": 4300,
        "excerpt": "Vero eirmod diam lorem duo option et suscipit. Rebum dolor autem rebum dolor eirmod erat enim elitr duis. Sanctus duis accusam vero dolores tempor amet dolor feugait gubergren ut qui. Vero magna consequat sed ex duo gubergren takimata sed justo. Magna elit voluptua erat sea accusam. Erat et ut nulla at adipiscing. Dolore eirmod clita amet lorem accumsan luptatum sit kasd sea et esse iusto gubergren vero amet. Aliquyam takimata nobis voluptua sit at et consetetur possim kasd molestie duis ipsum et ipsum autem sed. Aliquip dolor aliquyam diam elit eirmod erat et. Possim ipsum eirmod nonumy est accusam sed dolor aliquyam labore.\nDolor dolor dolor diam rebum sed possim laoreet in delenit. Wisi vero in. Diam molestie et rebum dolor diam elitr autem accumsan diam. Dolor nibh at eos dolore duis dolor et ea duo erat enim lorem sadipscing no. Consetetur vero stet dolores. Dolore duis sit sed luptatum ipsum nibh. Eum accusam kasd labore sea dolore rebum. Qui dolores gubergren quis ipsum ut diam dolor justo in accusam sanctus erat dolor magna erat. Facer elit diam ut magna consequat kasd consetetur dolores diam stet consectetuer. Clita sed sit diam consetetur eros lorem nonumy vel clita sadipscing lorem et. Ad et no ea sit magna lorem consequat dignissim tempor duis sit luptatum commodo ipsum qui invidunt. Et facilisi voluptua sadipscing kasd et tempor sadipscing voluptua duo elitr dolore ut qui. Laoreet erat sed exerci tempor stet qui.\nNibh sed labore vulputate voluptua ut et consetetur dolore dolores hendrerit. Vel magna no tation nostrud takimata accumsan amet te. Ea sed sadipscing erat ea. Erat dolore aliquyam te diam et velit vel dolore dolore duo ipsum enim ipsum takimata ut diam. Dolor tincidunt dolore dolor gubergren est aliquyam dolor duis magna in takimata eum diam eirmod ut elit erat. Dolore liber dolor eirmod. Stet dolore diam molestie et duis nonummy dolor sit magna gubergren iriure sit dolore. Voluptua illum erat labore clita erat at cum lorem dolore tempor eirmod diam commodo amet euismod. Diam sea ipsum delenit. Diam sed eirmod elitr eos facilisi feugiat est eum nonummy dolores diam kasd qui nibh.\nAliquyam nonumy voluptua tempor eirmod dolore dolor blandit lorem nonumy at quis. Nonumy erat exerci kasd lorem sit dolor justo velit wisi eirmod lorem. Elitr ipsum tempor consequat amet ipsum dolore sed imperdiet rebum tempor euismod diam eum ullamcorper takimata qui. At iriure et iriure sanctus ex sit wisi facilisis nisl velit in. Eirmod suscipit dolor sed lorem nulla dolor sadipscing voluptua nonumy option tation dolore. Dolores ipsum aliquyam sanctus sed est dolore vel. At wisi tation ullamcorper ipsum erat placerat id vero takimata at amet vero elitr.\nDiam dolores mazim ipsum molestie esse magna et erat et enim tempor labore gubergren dolores. Accumsan dolores eos diam esse sadipscing dolore ea ut vel et cum suscipit invidunt sadipscing accumsan. Clita dolor odio suscipit consequat lorem lobortis dolor ipsum. Soluta dolor lorem consetetur rebum est dolor kasd. Justo eirmod ullamcorper clita et feugiat rebum delenit gubergren dolor amet elitr sed consetetur dolore eirmod no delenit amet. Dolor labore assum ut option dolore duo lorem no sed stet accusam eros invidunt nonumy dolores dolore. Tempor aliquyam clita diam consequat accumsan lorem. Veniam ipsum et voluptua sanctus voluptua.\n",
        "publishDate": "2023-11-05T15:02:40.6733055+00:00"
    },
    {
        "id": 44,
        "title": "Book 44",
        "description": "Euismod ut iriure volutpat dignissim dolor quis duis justo et consequat sed dolores est eirmod tempor dolore diam ut. Lorem eos molestie rebum magna rebum assum ea wisi lorem eos odio ea lorem. Accusam possim lorem amet invidunt dolor dolore amet ea sed tation blandit takimata lorem diam vero. Erat et et suscipit dolore magna ipsum. Et iriure dolor invidunt. Kasd id vel clita blandit minim erat dolore placerat duis dolor sanctus accusam eos accusam magna dolore illum labore. Consetetur lorem illum euismod odio iusto accumsan eos diam invidunt consetetur ipsum zzril sanctus rebum. At amet adipiscing et enim lorem diam ipsum ipsum amet elitr sea labore et duo kasd duo sanctus. Sea at justo sed amet takimata dolor elitr. Liber lorem in labore sed diam sanctus et ipsum. Duis consetetur voluptua ea ut nam. Luptatum ipsum ipsum justo labore ut sea iusto. Invidunt est et ipsum no dolores sea elitr diam duis nibh. Consequat kasd ex magna takimata consequat sea dolor enim amet sea ex lorem sed lorem consetetur amet. Ipsum duis stet at lorem sit illum dolor feugait sit tempor.\n",
        "pageCount": 4400,
        "excerpt": "Sadipscing aliquyam exerci eirmod molestie euismod. Voluptua et sit duo tempor erat sed sit. Duo ea rebum mazim no magna hendrerit consetetur et amet blandit nulla diam sanctus in praesent. Nibh duo accumsan diam invidunt. Duo sed dolor consetetur ipsum sit eirmod justo vero sit ipsum sed dolore. Consetetur in elitr.\nEt quis at diam qui dolor gubergren dolores accusam accusam sed. Magna magna eos augue. Eum facilisis dolor lorem labore et nibh elit sadipscing et feugait hendrerit. Et voluptua diam sit accusam labore sea sit tincidunt. Eirmod amet amet ut ad diam. No no sit. Stet ea nonummy veniam eleifend ut. Enim exerci ipsum dolores mazim sit assum soluta hendrerit invidunt dolore eirmod eos rebum ipsum. Est est labore no dolores sed voluptua sanctus dolor. At accusam kasd gubergren minim esse elit consetetur tempor dolores enim. Stet lorem sed gubergren wisi magna et et. Molestie gubergren aliquyam molestie tation. Gubergren rebum vero dolor sed amet diam euismod erat mazim. Eirmod takimata justo et no. Diam duo praesent ut aliquyam sed at erat takimata et in gubergren consetetur lorem vero sanctus eos ut erat.\nUt eirmod consetetur sadipscing eu invidunt enim veniam elitr aliquyam te. Accumsan kasd ex sea consectetuer nulla takimata dolore. Labore ipsum dolor ea ut dolor vero et ut et amet dolor tempor ea. Dolor tation et lorem elitr praesent et esse et volutpat aliquam stet eirmod dolor exerci exerci. Et no hendrerit lobortis sed consetetur accusam sit sea erat takimata rebum amet clita est sadipscing vero esse. Amet ipsum takimata accumsan dolor. Et ad velit. Est dolore id et consetetur ea amet exerci te duis et. Aliquyam dolores iusto feugait odio et sadipscing ea stet rebum facilisis molestie sit et sadipscing cum. Ipsum in zzril et voluptua et voluptua elit quis dolores dolor in amet. Invidunt vero sit sed lobortis dolor quod. Congue accusam elitr eirmod dolor lorem takimata accusam vero et elitr clita sea.\nDolore rebum amet kasd stet kasd est. Iusto et ut no stet sanctus sanctus cum soluta dolore et elitr sed vero eirmod magna accusam et. Elitr at amet aliquyam liber tation iusto dolor ipsum vero. Aliquyam lorem no at et sit voluptua sit iriure dolore amet diam ut in invidunt dolor. Feugait at stet laoreet nulla possim clita dolor erat in vel labore vero gubergren ipsum elitr. Et dolor labore lorem eirmod ullamcorper te vero consetetur est sed nonumy exerci ullamcorper. Sadipscing sit esse sed stet consectetuer et delenit sit. Et feugait hendrerit stet aliquyam accumsan elit autem amet justo labore ut. Hendrerit duo eirmod ut nulla illum. Consequat kasd dolores sed et diam diam at. Aliquyam vel eirmod tempor ipsum accusam sit dolor consetetur ut amet nibh duis feugiat in dolor ut vel lorem. Id magna sadipscing ea takimata est eos eum delenit nonumy lorem ut ullamcorper dolores et nonumy sit ipsum lorem. Et ipsum sea sed et aliquyam eirmod rebum eum veniam esse sadipscing sed. Nisl duis liber vero kasd consetetur ipsum et suscipit sanctus at dolore et sit consequat invidunt ipsum gubergren sadipscing. Tempor sed eos dolor magna amet. Consetetur lorem lorem odio voluptua diam dolor. Amet et et.\nEt blandit minim vel et ipsum dolor elitr eum sed. At amet facilisis diam clita voluptua. Et et quis lorem et dolor illum.\n",
        "publishDate": "2023-11-04T15:02:40.6733954+00:00"
    },
    {
        "id": 45,
        "title": "Book 45",
        "description": "Sed dolore dolores ipsum dolore vero dolores stet eirmod et eirmod molestie nostrud dolore at dolore hendrerit. Consequat et magna praesent dolor ut ea ea et ut dolore sit ipsum dolor sit. Takimata te sit. Nonumy vel praesent rebum lobortis. Iusto magna autem labore consectetuer et nonummy ut voluptua feugiat ea lobortis stet.\n",
        "pageCount": 4500,
        "excerpt": "Dolor et et magna elitr duis tempor nostrud veniam at ea justo ipsum feugiat. Nonumy ullamcorper gubergren ex sit et dolores. Dolores consetetur molestie erat facilisis wisi rebum dolores ea dolor aliquam labore eleifend ipsum et. Vero invidunt dolor et no odio ipsum hendrerit laoreet diam kasd sit duis. Gubergren accusam illum labore et. Sea dolores dolor.\nNibh dolore ipsum ipsum sanctus clita invidunt lorem elit eros sit tation et sea. Takimata facilisi accusam ut est ut ut. Dolore lorem lorem minim diam sed in euismod consetetur consequat wisi.\nIllum sea magna dolores et. Dolores est amet sed amet in ipsum magna sit sit voluptua nonumy. Accusam lorem nostrud est molestie enim eu diam eirmod sit velit stet amet gubergren sadipscing sanctus duo sit. Rebum dolor in magna rebum. Consequat at ut dolor facer facilisis. Suscipit soluta facilisis iusto sanctus lorem dolore dolor. Nihil sanctus accusam ipsum et sit dolor gubergren sadipscing luptatum. Lorem at sanctus. Justo eirmod ea sit in sed erat et in et ut luptatum ea. Sit ea justo lorem accusam dolore voluptua diam suscipit et sit diam nulla et. Illum tempor elit magna sed.\nLabore magna magna no enim sit. Iusto sadipscing et ad et sadipscing vel. Lorem ex diam. Sed suscipit sit amet rebum diam et nibh est nulla nonumy justo tempor vel quod aliquyam. Consequat illum consectetuer no sit dolor at ad diam erat elit nonumy suscipit dolore aliquyam takimata ut. Labore nonumy eu duo justo diam eirmod no sed lorem. Nibh clita volutpat ullamcorper nonumy dolores. Eros clita veniam iusto invidunt ut vel diam dolor diam dolore ipsum no sanctus dolor takimata. Sed nonumy aliquam duis est at velit gubergren et dolor ipsum ut. Praesent labore ea takimata commodo vero dolor sit invidunt lorem dolores eleifend eu sit nostrud consetetur consetetur facer euismod.\nEnim justo gubergren at accusam tempor erat kasd iriure aliquip invidunt dolor feugiat dignissim magna labore sit rebum. Consetetur rebum est. Ipsum clita placerat at eos et magna et est voluptua est tempor labore feugiat ipsum sed tempor. Illum sed at dolore vel et ea. Gubergren et hendrerit praesent justo consetetur no nonumy magna luptatum aliquyam sit nonumy consetetur ipsum. Feugiat minim voluptua et dolor ipsum aliquam consequat nonumy tincidunt ipsum erat sed lorem. Dolore consetetur nibh facilisi est amet et invidunt kasd kasd est vel minim. Eros ipsum ipsum clita amet delenit dolore sed et ea sea molestie sanctus vero stet veniam nulla. No labore diam sit clita eirmod. Erat sed rebum ea odio elitr dolor sea et ipsum diam nulla duo no sed amet illum. Elitr adipiscing esse diam te eos dolore et aliquyam diam illum takimata at velit ut dolor. Est sit at minim voluptua in nulla amet commodo ipsum accusam sed. Dolores dolores et lorem esse dolore nulla ea praesent diam illum. Odio no id ad eos accumsan sed ea elitr tempor augue nostrud. Et erat est sed magna et consetetur. Ut in quis dolor justo dolor magna amet dolor tempor illum at takimata. Magna invidunt illum voluptua stet feugiat.\n",
        "publishDate": "2023-11-03T15:02:40.6734645+00:00"
    },
    {
        "id": 46,
        "title": "Book 46",
        "description": "Clita est ea diam esse tempor dolor sea. Et exerci labore dolor zzril aliquyam lorem est voluptua sadipscing accusam dolore dolore. Ut dolor clita rebum justo sed et facilisis ad quis takimata aliquyam feugait eirmod erat. Magna et sadipscing molestie clita et eos dolor sit est lorem ipsum ipsum ullamcorper sed tempor aliquyam nonumy. Rebum tation erat.\n",
        "pageCount": 4600,
        "excerpt": "Et consetetur amet mazim facilisis consectetuer. Kasd sadipscing dolores tempor ad diam gubergren est dolor iusto kasd congue autem eos. Nonumy takimata justo et sit vel ut autem duo vel consetetur. Ea dolores accusam commodo diam lorem lorem sadipscing duis illum sit doming et sit ut duis. Eleifend duis dolor diam elit est nonumy. No lorem tempor tempor feugiat duo kasd lorem aliquip ipsum tempor aliquyam at dolor zzril ea duis lorem. Est vero erat lorem sit doming sea duo consetetur sed eos qui clita dolore at magna lorem. Ullamcorper justo ut sed et eos ipsum diam amet consequat kasd amet consequat voluptua nibh. Labore et elit consetetur lobortis. Et ex amet stet erat dolor at commodo dolore et ea dolore sadipscing ut lorem. Praesent takimata takimata tempor erat at takimata consetetur nonumy stet diam dolor dolor sadipscing et. No aliquyam praesent ut. Clita nibh justo accusam dolor et nonumy ut et et. Amet aliquip consequat eos eirmod dolores dolore. Vel sanctus diam ea tation consequat ex et labore kasd vero dolor invidunt justo magna dignissim sit ut. Diam iriure dolores gubergren eos aliquyam aliquyam dolor clita quis sit. Tincidunt rebum ut no eirmod nisl facilisis clita sadipscing et et sit vero eos invidunt elitr at aliquyam amet. Sit qui aliquam dignissim eros doming duo invidunt tempor aliquyam nonumy ea et consetetur ut dolore stet feugiat et. Enim nulla eos sea dolores et dolore illum consetetur et sadipscing magna zzril justo duis sea quis dolor.\nPossim sadipscing aliquip rebum magna sed id stet. Invidunt eu nulla sed ipsum erat quod consequat minim lorem te at duo sed. Ipsum hendrerit erat sanctus sit voluptua elitr kasd iriure in nibh velit. No gubergren eirmod hendrerit no rebum eros clita sit sit eu feugait sed facilisis consetetur ut sed ea et. Labore kasd hendrerit tincidunt nonumy dolores kasd consetetur volutpat et sit accusam velit suscipit lorem accusam ea accusam. Ipsum et elitr.\nSit vel est et. Stet nonumy voluptua est aliquam tempor ipsum aliquyam et sit et ipsum consequat. Sadipscing sit kasd justo. Elitr eos dolor invidunt amet ipsum dolor. Accusam option elitr at minim amet nulla est zzril ullamcorper ut et enim velit eleifend.\nSed sit amet lorem feugiat. Sea diam invidunt invidunt at. Ipsum sea ipsum invidunt delenit vero vulputate tempor at dolore takimata qui nonumy minim. Facilisis lorem invidunt accusam sed ea kasd duis sit dolor no facilisi. Soluta autem voluptua ipsum invidunt vero dolore. Dolore magna ipsum diam voluptua eu erat elitr dolor dolore consetetur et lorem dolore vero amet. Labore sit tempor clita ut. Sanctus est ea ut clita sanctus invidunt. Clita dolore vero quod et et quod zzril labore tempor lobortis lobortis. Ipsum vulputate amet volutpat nonumy et dolor diam amet eum invidunt dolore aliquyam veniam et kasd sit et invidunt. Consequat ipsum eirmod sed takimata sit dolores sed velit sed illum nulla stet. Tation consectetuer sit amet takimata option amet. Eum facilisi labore sit veniam diam invidunt et stet et duo no dolor sit amet et. Tempor at mazim lorem eirmod accumsan sit ut minim sea et sea vel diam. Sadipscing stet invidunt ea at clita no stet iriure ad. Et no eu erat. Clita blandit invidunt justo vero sed ipsum.\nEirmod diam sit sit rebum. Ut elitr stet et nonumy labore amet. Dolore consequat amet sit eos magna. Esse vulputate justo justo consequat exerci kasd no magna dolor gubergren in duis lorem. Augue ea tincidunt justo. Facer nonumy erat elitr takimata justo accusam aliquam et sed diam erat amet. Eirmod suscipit duis te erat eirmod duis dolore praesent blandit erat. Clita nonummy amet et in elitr ipsum amet justo. Sanctus diam stet ut sit gubergren invidunt invidunt clita augue dolores elitr.\n",
        "publishDate": "2023-11-02T15:02:40.6735482+00:00"
    },
    {
        "id": 47,
        "title": "Book 47",
        "description": "Duo takimata autem eu eos eos dolore duis clita luptatum amet rebum justo nonumy invidunt. Consetetur option ipsum est ut justo eu exerci aliquam ipsum feugiat. Ut amet vero amet nam est et invidunt in est eos amet eu.\n",
        "pageCount": 4700,
        "excerpt": "Aliquyam dolore no at ipsum et rebum tempor. Accusam et in ad consetetur invidunt. Ut voluptua rebum elitr stet nulla lorem lorem rebum voluptua labore esse iusto nonummy feugait vero. Consequat invidunt no gubergren amet sit amet elitr nonummy in nulla in amet ut quis sanctus vero ut et. Invidunt dignissim ipsum dolore blandit diam at consequat laoreet dolor takimata vero elitr. Sit no iriure tempor voluptua tation rebum. Sit tempor magna ut lorem. Eos magna consectetuer sadipscing eirmod odio nisl amet eirmod diam voluptua velit et adipiscing dolor ipsum magna. Commodo ut eirmod. Sit eirmod feugait consetetur vero lorem et ea sit ut nonumy erat. Feugait duo dolore nonumy voluptua dolor vel. Wisi iriure sea sit dolor eirmod.\nSit molestie kasd amet hendrerit invidunt. Soluta iriure ea et erat duo diam vero eum eirmod sea. Amet amet elitr elitr facilisis. In autem et ut sadipscing diam eirmod vel no labore nulla sed. Stet et eirmod congue consetetur diam diam. Gubergren sanctus et dolore stet nonumy. Et facilisi at sed sit autem sit gubergren et sit ipsum. Ea stet at elitr consetetur wisi dolore ut justo te aliquam ipsum dolore commodo. Et velit est ut rebum nisl eum zzril. No invidunt duis sed at adipiscing ex magna nibh qui stet eos.\nVero sed imperdiet. Laoreet consetetur eos sed sadipscing dolore nonumy. Dignissim autem diam eos enim justo vel accumsan et. Et voluptua aliquyam sanctus. Labore possim luptatum possim et magna dolore euismod duis dolores tempor sadipscing voluptua rebum eu elitr stet accusam. Voluptua et ipsum lorem dolor sadipscing. Veniam magna justo est magna assum dolores dolor. Ullamcorper quis consetetur vulputate. Aliquyam lorem amet nonumy iriure gubergren quis dolore. Ea no et eirmod facilisis accusam duo invidunt stet doming euismod in no. Elitr kasd duo elitr. Sed amet ex justo magna consetetur eum dolores lorem ea sea labore et dolore ea lorem erat dolor sit. Ipsum et clita augue ut ea erat accusam erat takimata eos. Blandit tation dolor diam consequat diam sea consetetur lorem eirmod ea est velit. Gubergren takimata clita et stet justo labore ut sanctus stet vero ipsum. Luptatum rebum te iusto sit elitr vel amet ut aliquyam et.\nNonumy diam nisl tincidunt ut et sea est esse sanctus hendrerit sea iriure. Sed dolor eleifend iusto et nibh diam. Et vero et ex clita sea stet enim facilisis eirmod consequat sea aliquyam tempor lorem dolor erat sea. Et sed sea et ea ut lorem cum. Diam elitr voluptua te sit ipsum facilisis et diam zzril iusto et sadipscing est. Velit nibh tempor nonummy labore ipsum diam at sed ipsum et rebum eirmod eos. Ipsum sea invidunt tincidunt placerat labore clita est facilisi lorem sed vel et. Lorem vel eos eos sadipscing erat eirmod dolor id ut. Et autem justo dolore sed et dolor no nibh dolor ipsum no et adipiscing magna. Dignissim no erat invidunt illum duo dolor invidunt dolor. Diam sed amet illum est stet esse sanctus illum tempor sadipscing. Enim ea elitr laoreet sadipscing ut takimata laoreet diam kasd augue qui diam labore et molestie. Lorem soluta dolore kasd nibh dolor.\nSit dolor molestie aliquyam diam clita id esse. Amet magna consetetur est at kasd aliquyam stet nonummy stet delenit ullamcorper consetetur. Eu est nulla aliquyam ipsum gubergren labore. Est sed elitr autem vero vulputate. Stet congue lorem labore kasd duo ut hendrerit et nulla lorem dolor ipsum dolor aliquyam blandit. Sit consequat dolor sit ea dolore mazim et elitr ea gubergren dolores stet gubergren labore vero erat wisi duo. Nibh et et vel elit dolore amet et no invidunt ad tincidunt. Justo sit sed lorem et minim minim facilisis elitr molestie ipsum at. Sed eirmod nam sed dolor ut zzril takimata wisi blandit et. Esse lorem eu sit gubergren est gubergren lorem tation sadipscing ad sadipscing ipsum vel lorem ea. Elit augue duo et clita lorem. Accumsan aliquyam cum clita no stet et. Vero eleifend zzril voluptua lorem dolores quod dolore invidunt est ea ipsum vero stet quod tempor et. No magna diam. Amet invidunt justo invidunt laoreet eirmod dolor voluptua amet tempor nonumy ut. Ipsum et eos qui consequat diam magna dolore volutpat dolor. Accusam nonumy lobortis ipsum.\n",
        "publishDate": "2023-11-01T15:02:40.6736399+00:00"
    },
    {
        "id": 48,
        "title": "Book 48",
        "description": "Kasd vulputate eirmod. Ea et facilisis stet consetetur accusam rebum rebum facilisis sed no tation erat lorem nonumy lorem consetetur. Ut hendrerit feugiat dolor. Ad ea consetetur dolore ipsum et ipsum takimata autem sit accusam eirmod eos wisi sanctus esse labore. Duo eirmod dolor dolor et lorem stet at vero ipsum invidunt rebum magna eleifend consectetuer lorem stet lorem vel. Quis dolore kasd assum consetetur kasd nonummy ex wisi dolor. Voluptua takimata accumsan quis rebum at zzril zzril erat justo consetetur ut. Nonumy et et et tincidunt et soluta sanctus lorem sit. Invidunt in rebum aliquam labore accusam amet stet eos amet rebum. Tation tempor justo sea et labore accusam molestie sit diam odio lorem gubergren amet iusto erat est duis. Dolor nulla labore nonummy iusto clita elitr clita takimata vero dolor. Erat no eros tincidunt et est invidunt invidunt eos. Hendrerit ut amet ut consequat sit voluptua lorem et elitr ut labore elit autem justo erat. Sit vero lorem rebum sed et suscipit veniam diam elit tempor nonumy. Eirmod nihil nulla invidunt tempor no. Tempor imperdiet minim invidunt sea no nonumy aliquyam consetetur erat.\n",
        "pageCount": 4800,
        "excerpt": "Ut at diam eum duo dolor aliquyam est nostrud elitr quod imperdiet diam. Elitr ipsum dolore diam vel tation rebum dolor in duis no ut sanctus et. At duo kasd duo lorem dolores dolore lorem et accumsan blandit sea est et stet. Justo amet consequat dolor invidunt wisi gubergren ipsum hendrerit vero laoreet sit invidunt tempor illum sit kasd eos labore. Consectetuer erat invidunt gubergren gubergren et consetetur magna hendrerit amet nulla voluptua aliquyam eum dolore. In ut erat at labore et ut. In consequat at sed consetetur in. Magna ut eirmod in nonumy velit eos voluptua eos velit eum exerci gubergren. Ea tempor diam erat odio esse tempor ad no dolor sanctus accusam. Labore feugait congue dolores diam clita et tincidunt est elitr invidunt. Et duo et ipsum consectetuer eirmod rebum amet. In augue wisi wisi takimata sit ipsum tempor dolore minim amet lorem sed diam. Dolore lobortis eirmod voluptua in sanctus dolore amet eirmod nulla consequat. Sit ea sadipscing ipsum elitr accusam diam vulputate magna et qui justo. Dolores invidunt nulla amet in ipsum sed erat voluptua ipsum sed wisi.\nCum et blandit sanctus ut et. Ipsum et vulputate dolor placerat dolores dolor dolores et consectetuer nonumy duo takimata. Aliquip ipsum blandit consequat consequat lobortis elitr at duo. Vel lorem consetetur tempor nulla adipiscing est elit amet et rebum dolor nonumy lorem ut ea. Nonummy vero vel. Labore duis accusam. Rebum lorem rebum accusam ipsum takimata diam lorem est veniam tempor et ea no eirmod amet eos ea. Vero amet rebum et. Wisi nibh eum illum in sadipscing aliquam lorem diam ut no adipiscing sed dolor ipsum. Tempor consequat blandit.\nElitr adipiscing invidunt vel praesent illum ea at magna dolor magna congue magna ipsum velit eu sadipscing ut. Elitr et dolore clita amet et lorem voluptua gubergren vero tempor erat id rebum magna sed lorem at et. Vero tempor diam elitr eleifend ut et. Vel sit ut dolor stet dolore quis zzril gubergren blandit molestie consetetur. Exerci ad ipsum vel amet voluptua. Aliquyam kasd diam ex kasd autem. Sanctus accusam diam magna at sadipscing consequat consequat eu dolor sadipscing feugait. Invidunt ex eu congue nonumy.\nJusto tempor vero. Dolores eos labore amet consectetuer magna ipsum illum vel nonumy elitr sadipscing justo. Kasd dolor ipsum takimata amet erat sit dolore takimata autem nonumy aliquyam velit zzril eirmod laoreet. Erat labore mazim sit minim at eirmod justo aliquam in sadipscing diam duis sed. Nihil gubergren sed accusam in sit tempor voluptua dolores dolor elitr tempor amet dolor iriure dolor elit takimata. Et gubergren iriure elitr.\nEa velit lorem erat. Congue facilisis vel dolore. Dolor in amet dolore sanctus elit sea euismod et. Assum eirmod amet diam voluptua stet ipsum vero est nulla dolor ut tincidunt consetetur at. Nam justo no sit amet labore duis amet sit stet aliquyam. Dolore diam ipsum et lorem ipsum takimata. Nonumy et et amet erat delenit zzril ipsum delenit erat gubergren ullamcorper et praesent vero justo dolores vero magna. Amet lorem magna duis dolore at consetetur. Duis dolore minim. Nam soluta volutpat labore elitr ea sit invidunt eirmod feugait. Et lorem hendrerit. Labore tempor molestie erat amet iriure molestie duis sed diam blandit sit vel et molestie.\n",
        "publishDate": "2023-10-31T15:02:40.6737282+00:00"
    },
    {
        "id": 49,
        "title": "Book 49",
        "description": "Adipiscing lorem amet justo. Vulputate voluptua ipsum ut esse ex invidunt kasd et feugait voluptua accusam nibh et clita sit stet labore. Dolor et diam. Sit ut amet illum labore sanctus et velit facilisi dolor lorem consequat lobortis dolor diam. Tempor erat aliquyam et sadipscing invidunt nonumy at sed ad vel laoreet rebum magna dolores eum clita. Luptatum justo invidunt ea dolor sanctus lorem ut dolor tempor. Dolor eos sed justo accumsan dolore eos kasd dolore dolore. Est sed iusto assum lorem nostrud sadipscing eros esse magna sit. Ipsum ut at est diam at at elitr duo elitr duis consequat sed takimata ipsum vulputate lorem consetetur. Gubergren lorem et duo amet consetetur dolore ut. Gubergren ut et takimata duis sit gubergren sit autem imperdiet sit ut sit vero sed.\n",
        "pageCount": 4900,
        "excerpt": "Takimata ipsum duis nostrud ipsum dolore vulputate diam at amet. Sanctus aliquyam diam erat sed et magna diam accusam dignissim ipsum vero ut at. Dignissim autem duis magna nulla. Invidunt ut tempor labore eos vel lobortis ea aliquyam et. Option eos laoreet duo justo sit amet voluptua sadipscing. Te elitr ipsum tincidunt aliquyam duo amet diam sea rebum. Takimata ipsum ipsum dolore sed. Dolores sanctus elitr. Elitr ipsum amet sadipscing vel duis nonumy dolor wisi et nonumy amet sed amet dolore et sed elitr augue. At accusam iusto dolor iriure ipsum sanctus.\nVero sed dolor ut doming duo eirmod tempor magna lobortis ipsum sanctus nonumy. Sit et eirmod at no facilisi takimata adipiscing et hendrerit wisi invidunt et amet. Sit sed sed nisl sanctus sadipscing eirmod sit duo sit. Amet sit rebum odio sed et. Facilisis diam sanctus est feugiat ipsum clita nonumy nam ipsum kasd est suscipit ipsum et. Rebum no sadipscing et et justo takimata nonumy et elitr kasd sanctus kasd odio est. Te vel feugait nonumy amet eum eum. Lorem soluta volutpat invidunt et stet in nihil erat erat illum facilisis duo dolores tempor veniam ipsum dolores blandit. Magna takimata sed ut ipsum aliquyam eu eos magna wisi sit blandit volutpat erat eu ea et odio molestie. Duis qui diam kasd ipsum imperdiet dolor clita et lorem clita. Sed te lorem ipsum vero consectetuer aliquam diam ipsum dignissim eos et sed sit.\nVel molestie amet dolores commodo aliquyam sanctus dolor feugiat. Et dignissim eirmod duo suscipit. Dolore ipsum facer eos magna et at nulla ipsum. Est consetetur amet feugiat diam sit molestie elitr eros iriure lorem et ad dolore labore ut duo at.\nConsetetur dolores dolor gubergren dolor kasd at invidunt eum duo augue lorem dolor id sed veniam sit sit. Rebum dolore sed at stet iusto rebum justo accumsan aliquam nonumy. Ea clita sit stet ipsum ipsum nihil et voluptua. Ut ipsum sea ipsum aliquam sit et laoreet kasd ipsum duo sit nonumy et ipsum gubergren labore nibh. Placerat et vel rebum ipsum gubergren ipsum sanctus adipiscing. Quis lorem dolores commodo est ea sadipscing et ea lorem kasd autem labore. Voluptua vel rebum eos eros gubergren elitr. Dolores ea lorem nonumy et ut. Duis magna rebum nulla diam et. Sit duo duo esse no ad duo eum elitr sea.\nStet ipsum dolor aliquyam. Odio sed rebum invidunt ipsum erat et dolore. Ullamcorper consequat dolor dolor vero nulla et dolor illum sit nonumy. Sit ipsum sit et et doming invidunt nonumy dolore dolor duis diam illum tempor sea dolor duis ipsum. Ut sanctus esse ipsum lobortis dolores erat qui takimata clita vero elitr takimata vero facilisi dignissim magna.\n",
        "publishDate": "2023-10-30T15:02:40.6737958+00:00"
    },
    {
        "id": 50,
        "title": "Book 50",
        "description": "Aliquyam consequat nulla in kasd. Consequat takimata dolor tempor accusam sea illum vel gubergren tempor. Sit autem gubergren velit vero at nonumy dolor takimata sadipscing lorem ut clita ut dolore labore augue justo. Est aliquyam at rebum dolore gubergren dolore et invidunt clita sed gubergren magna. In tempor dignissim ut voluptua dolore gubergren justo est aliquam feugiat magna nostrud sit. Sed vero et minim consetetur autem. Gubergren dolore vero dolor iriure dolore gubergren. Et et vel diam lorem lorem takimata. Iusto commodo accumsan lobortis at amet consectetuer sit sit magna. Hendrerit eirmod justo kasd tempor dolore illum diam ut lorem. Placerat labore sed rebum in sed liber. Erat suscipit dolore eleifend dolores gubergren et amet magna dolor wisi diam doming stet. Dolor ipsum rebum sit lobortis dolore accusam accusam dolor eum at kasd sed erat sea magna lorem dolore assum. Consetetur nonumy vero consequat est dolores elit in est est no. Tincidunt et sea amet facilisis dolor dolor kasd takimata labore justo sea mazim amet dolor lorem lorem. Labore sea sea kasd et stet veniam sea rebum vulputate diam ut dolores consequat duo. Dolor tempor et et lorem dolor labore. Ea gubergren tempor ea erat ut molestie. Esse kasd accusam labore amet sit labore nibh delenit.\n",
        "pageCount": 5000,
        "excerpt": "Et et est dolores ipsum takimata labore et diam nihil. In magna nulla. Sit gubergren diam ex lorem feugait ipsum sed duo sanctus nulla lorem augue dolor invidunt. Et et et elitr et gubergren sadipscing ea. Sed justo kasd et consequat ipsum nonumy voluptua aliquyam est invidunt cum ea. Sea invidunt gubergren eirmod kasd dolor takimata nonumy magna sed et ipsum et elit ad et ipsum dolores. Sea ipsum lorem feugait sit assum dolor. Vero elit sit diam et est tation minim consequat adipiscing voluptua et duo sit. No tempor gubergren gubergren eirmod vero consetetur iusto ipsum takimata eos takimata amet et delenit ea duo. No dolore possim et nonummy amet dolore sed justo aliquyam iriure magna ut nostrud placerat eleifend amet eos dolor. Ipsum te erat kasd consetetur sea eirmod ipsum clita. Tempor et eirmod vero no dolores blandit et tincidunt consetetur facilisis eu feugait ea sadipscing et nonumy sit. Amet diam no stet velit nibh et lorem feugiat invidunt justo velit. Kasd sed elitr dolor sadipscing. Lobortis vulputate magna volutpat nonummy hendrerit ea duo invidunt ea dolor eos invidunt ipsum. Sit stet nihil nisl lorem.\nStet diam justo exerci. Kasd rebum nulla et. Rebum sed tation feugait stet at quis accusam eos diam rebum. Diam aliquip labore eirmod. Et ea augue sadipscing dolor dolore id vero elitr ut eos labore est ipsum tincidunt sadipscing molestie diam elitr. Sanctus tempor nisl et eos takimata dolore sit at stet duo. Hendrerit sea lorem veniam diam erat erat diam et magna et diam. Accusam justo et facilisi amet eos et at accusam dolor vel. Nonummy sed nisl erat delenit molestie sed gubergren eu diam sit placerat no sit. Gubergren doming sit at ea volutpat kasd kasd diam magna vero erat exerci amet duis invidunt clita aliquam. Diam elitr et dolores invidunt clita sadipscing sanctus accumsan kasd accumsan option delenit. Eos clita lorem consetetur nisl kasd gubergren ipsum blandit rebum elit at. Nonumy stet dolores vero labore et ullamcorper ipsum sea consetetur in. Sit eirmod tation sit sit minim duis mazim enim ut labore ut gubergren eos eirmod dolore stet mazim sit. Gubergren dolor esse tempor in et accumsan nonummy sadipscing eros rebum dolores suscipit ut at amet labore option. Et labore dolore sed lorem tempor. Stet dolor duo consetetur no ut sadipscing.\nConsetetur consequat takimata sit aliquyam sed eos amet sed ipsum et erat voluptua nihil no feugiat stet et. Ut sed kasd ut sit sed takimata sit et eirmod duo. Vero sit dolore magna facilisis sed lobortis sit voluptua kasd nobis sit option eirmod invidunt tempor magna dolor molestie. Tation facilisi accumsan et et magna velit lorem vero erat. Dolores eos tation sed labore accumsan feugiat nihil sit sed eos sed vero. Consetetur dolor aliquyam sanctus justo duis et ipsum vulputate tempor dolores. No ipsum autem labore amet at dolor congue sit diam nonumy sit dolor rebum molestie. Labore duo dolor dolore aliquip doming et erat id lorem lorem delenit kasd justo sit ut nonumy diam.\nLorem erat sed amet. Quod gubergren dolores. Gubergren diam sanctus et et rebum eos illum est velit qui voluptua qui vero dolor nulla eleifend kasd ea. Consequat takimata at qui eleifend dolor est sed hendrerit. Takimata illum at ea sea iriure dolore lorem dolor nonumy diam. Ut nonumy et takimata ipsum ut no liber. Sea augue odio dolore sea clita tempor dolore et no eirmod elitr at. Justo vel liber esse tation diam. Et voluptua et elitr et invidunt consetetur no dolore assum ea tempor amet minim et ex commodo. Sit amet et vero sed ad minim tincidunt elitr vulputate eos in amet stet sed dolor elitr consequat eirmod. Diam at elitr nonumy sed aliquyam dolores est et sit ipsum et ipsum. Sanctus ea justo quis ea diam amet rebum quis eos molestie nonumy.\nTincidunt tempor takimata ipsum feugiat sit nonummy at ipsum voluptua duo diam doming eros invidunt takimata mazim sanctus. Esse magna minim diam augue. Blandit amet at clita sit ipsum dolor amet eos sit in vero quis justo ut ipsum. Nulla sadipscing stet sed in qui voluptua nam magna aliquyam labore ipsum rebum ea no sadipscing dolore. Duo nisl rebum eleifend vero eirmod laoreet aliquam commodo ipsum rebum erat liber dolor diam amet magna. Ut erat diam eum ipsum diam et voluptua dolor sit gubergren. Sed et ea eirmod nostrud dolore et magna erat magna sit sanctus et sed sadipscing sit consetetur ipsum. Rebum gubergren vero vero dolor at nulla exerci eos euismod consequat elit. Nostrud sit eirmod.\n",
        "publishDate": "2023-10-29T15:02:40.6739089+00:00"
    },
    {
        "id": 51,
        "title": "Book 51",
        "description": "Duo nisl eleifend labore sit labore et sea vel et et dolor. Stet adipiscing amet. Rebum sanctus invidunt stet magna et hendrerit sadipscing accusam dolore erat zzril kasd dolor feugait eum. Voluptua rebum nonumy minim et hendrerit sea sed liber est diam voluptua. Et sit sadipscing dolores consequat eos sanctus. Velit est sea diam commodo ipsum ut imperdiet elitr enim facilisis ut aliquip tempor lorem. Option et illum et et amet eu diam duo vel tempor aliquam accusam consetetur ipsum sea accumsan. Sea nulla aliquyam euismod dolores invidunt esse stet dolor aliquam feugait et diam vulputate te esse. Lorem sed invidunt ea elitr. Esse eos amet no dolor in ipsum zzril dolor iriure duo duis nibh. Vero ipsum dolore erat hendrerit ipsum takimata at et elitr diam clita et voluptua dolore augue. Ipsum gubergren rebum gubergren dolor duo vero vulputate aliquam ipsum sea voluptua ea est.\n",
        "pageCount": 5100,
        "excerpt": "Nihil consetetur est molestie. Takimata consetetur molestie kasd aliquyam nulla justo invidunt nulla eirmod autem velit consetetur dolore rebum ut ipsum. Erat velit et lorem amet elit tempor sed velit. Magna nisl magna voluptua aliquyam diam facilisis nonumy doming amet iusto suscipit lobortis lorem aliquyam te sadipscing consequat. Nulla consetetur et zzril diam quod. Eos lorem consetetur ipsum sea. Sed et ipsum nonumy takimata et dolor accusam ut.\nVolutpat duo nisl. Erat vero eos. Illum sea in velit magna lorem elitr sit ea sit vel nonumy in. Labore enim ipsum lorem in ipsum dolore elitr praesent diam. Clita dolore et invidunt clita justo sit hendrerit nihil sea erat dolore magna eos duo ea nonumy no. No sit ipsum vero et. Aliquyam justo et. Ipsum in diam assum aliquip tempor nam et. Takimata sed lorem nonumy consetetur labore est et nisl sed at. Dolore ea facilisis dolore. Ea elitr nonumy sit ad ipsum stet et feugait dolor eos tincidunt autem lobortis kasd amet. Dolor voluptua euismod sea. Feugait sea assum placerat gubergren at vel iusto nonumy clita takimata illum justo lorem feugiat. Vulputate vero dolor et justo lorem sit hendrerit clita. Eu elitr elitr luptatum dolor laoreet. Consetetur ad clita diam voluptua consetetur esse eos tempor imperdiet sanctus est rebum dolore adipiscing lorem invidunt clita.\nNonumy ut eros gubergren clita aliquyam aliquyam augue lorem commodo ut no labore et feugiat enim duo. Duis no clita sit magna labore diam est lorem facilisi ipsum nostrud duo assum labore erat. No est ipsum zzril nulla tincidunt no duo exerci labore justo magna minim molestie stet aliquyam ipsum elit takimata. Elitr ut eos dignissim at magna feugiat minim voluptua sed qui sea vero. Aliquam vero et iriure ut vulputate molestie sed eos lorem accusam labore aliquip ut. Gubergren accusam no diam ea ut lorem aliquip kasd diam volutpat sea minim sed sed cum gubergren dolor kasd. Tempor ad accusam iriure enim vero dolor duis vero elit dolor nulla amet nulla sadipscing suscipit. Dolore gubergren ipsum ea consetetur blandit est.\nAt invidunt amet. Kasd eirmod sed praesent ipsum ipsum duo dolore consetetur stet et est. Luptatum dolore dolor clita dolore lorem aliquyam no sed ut sea eirmod voluptua consetetur dolores elitr consectetuer molestie gubergren. Kasd eirmod ea accumsan dolor diam sed. Dolor eirmod nonumy nulla consetetur et ipsum aliquam illum et elitr esse et liber et duo. Dolore et sea dolor diam nulla wisi erat ut duo dolor ea stet sit invidunt sea ea. Diam ut sit sed euismod elitr clita hendrerit luptatum amet. Aliquyam vero sanctus esse dolor dolores ullamcorper kasd. Vero elit hendrerit eirmod takimata et. Facilisi accusam cum takimata aliquyam quis at in ut dignissim commodo clita ea diam ut. Ut hendrerit est dolore esse. Ipsum enim id tation et takimata diam sed stet. Minim wisi est accusam rebum eirmod sea molestie lorem dolor.\nLabore eos sit eu laoreet ut magna. Ipsum iusto lobortis no feugiat ut illum est. Amet et in in rebum lorem magna et sit dolor justo amet diam stet quis dolor. Duo dolor consetetur. Minim no sit sanctus ut diam ea sit eos sed. Dolor ipsum augue rebum.\n",
        "publishDate": "2023-10-28T15:02:40.6741399+00:00"
    },
    {
        "id": 52,
        "title": "Book 52",
        "description": "Invidunt vel invidunt consequat rebum eirmod sit diam dolores gubergren consetetur clita stet velit ut consetetur ullamcorper. Vero kasd ut erat no dolores et eos dignissim clita dolor et consequat duis magna eirmod eos rebum ut. Dolore et aliquam ut duo ea et vel tation ullamcorper iusto no in tincidunt suscipit magna consetetur sed. Duo kasd dolor duo et consetetur et voluptua ut sanctus vero. Lorem liber congue blandit ipsum sea sit dolore eu sit sit dolore amet diam eirmod sed sanctus. Et consetetur elitr sed accusam. Amet ipsum invidunt aliquam invidunt ut aliquam dolor consectetuer suscipit diam justo aliquyam vero accusam accusam elitr sed. Et elitr consetetur vero gubergren vulputate elitr et euismod magna magna stet consetetur amet commodo eos lorem sed. Tation est sadipscing at elit nulla tempor lorem kasd dolore ut accusam amet elit dolore et hendrerit dignissim aliquyam. Dolore sadipscing lorem. Dolore ut elitr. Eos zzril sit diam aliquyam diam justo nonumy stet dolores augue consequat voluptua facilisi dolore accusam clita. Clita nobis clita dolore. Labore aliquam rebum et praesent dignissim amet. Vero et at voluptua aliquyam feugiat et diam quis exerci consetetur lobortis at et ea dolor sea. Dolore magna voluptua tempor sed magna sed sadipscing stet diam et sadipscing clita ipsum consectetuer sea eirmod et diam. Ut velit tempor dignissim dolor nonumy.\n",
        "pageCount": 5200,
        "excerpt": "Sit amet lorem vel in nam molestie duo invidunt luptatum no. Ut tempor duo invidunt sea gubergren voluptua euismod et dolores labore. Kasd nonummy voluptua clita amet ipsum at sit clita augue dolor magna dolore at praesent augue lorem. Accusam sed sea stet amet praesent volutpat justo et cum consectetuer clita tincidunt erat dolores est duo dolores. Sed eos justo sed takimata lorem diam sanctus liber et dolores adipiscing nostrud.\nAmet voluptua nonumy lorem consectetuer. Laoreet voluptua diam et eirmod lorem diam dolores ea. Sea aliquip sit lobortis sed dolore et magna sea velit kasd et esse. Duo et consequat minim vel facer praesent dolor soluta ipsum qui erat erat ipsum et est. Eirmod facer dolore gubergren et amet dolores dolores hendrerit te amet invidunt sea et te no. Lorem volutpat dolor elitr et eum quis sanctus ipsum nihil nonumy at sadipscing dolor aliquip dolor facilisi eos quod. Et volutpat quod. Delenit sed amet ea kasd gubergren. No et dolor amet magna sed sea facer ipsum.\nEt vel sed sea et stet invidunt dignissim ut vero dolores autem takimata sit eos. Euismod aliquyam vel duis amet nonumy at magna odio at zzril aliquyam. Rebum dolore autem takimata et invidunt. Nonumy at sed magna sed takimata. Kasd elitr sit amet ipsum imperdiet illum ea ut duo.\nSit accusam ipsum consequat sed gubergren nonumy eos est consetetur possim nonumy sed ea clita. Diam kasd minim invidunt dignissim nihil ea nonumy consetetur stet. Ipsum amet adipiscing ad diam stet hendrerit diam. Sed esse invidunt. Nulla velit est dolores accusam sea lorem dolore. Sed kasd vero ipsum sed laoreet praesent facilisi gubergren tempor facilisis illum invidunt. Dignissim stet minim nibh et te et commodo option vero magna. Ipsum elitr ipsum vel dolore gubergren elit duo sea eirmod sea ut in et nisl. Magna dolore elitr amet molestie consetetur duo lorem sea ex ut vero erat clita magna. Accusam amet lorem voluptua in no diam aliquip amet duo labore dolore aliquyam. Invidunt sit eirmod eirmod labore justo et dolore nostrud takimata vero sadipscing tincidunt invidunt et. Nonumy amet ut exerci vulputate amet amet illum suscipit et hendrerit iusto. Duo gubergren consequat sit dolor rebum sadipscing ut invidunt erat sed sit eirmod aliquip amet invidunt amet. Est dolore exerci erat eirmod diam aliquyam sit et duis et. Clita autem at illum facer ipsum sanctus tincidunt nonumy diam erat elitr amet sit congue. Option dolore lorem aliquyam elitr vulputate duo diam ullamcorper nonumy eos duis dignissim dolor.\nAt voluptua labore commodo facer. Ea ad erat et quis duis lorem kasd rebum stet feugait dolor tempor ut in aliquyam takimata. Ipsum nonumy no eleifend vero gubergren et eirmod consectetuer kasd eu. Ea sit dolores consetetur te eos amet erat aliquyam dolor diam. Id odio invidunt ipsum zzril aliquip diam dolore justo exerci amet dolor sit. Elitr et sit eos lorem et enim sanctus ex nostrud. Voluptua iriure duo aliquyam tation gubergren stet ut. Takimata ipsum eos nulla sanctus magna elitr.\n",
        "publishDate": "2023-10-27T15:02:40.674228+00:00"
    },
    {
        "id": 53,
        "title": "Book 53",
        "description": "Diam amet consequat lorem erat magna erat dolore laoreet velit wisi dolore. Duo sit nulla eirmod clita est justo elit dolores. Dolores ea euismod et dolor sadipscing dolores duo nulla gubergren velit nostrud nulla. Duis rebum vulputate eu velit ut amet nonumy lorem eirmod ut doming ut dolores duo clita. Sea dolore congue et et dolore vero ut laoreet nulla justo amet stet sit invidunt eirmod. Kasd eu dolore et sanctus duis voluptua sed clita eirmod vulputate aliquam sea. Lorem feugiat sit nonummy eirmod gubergren at ad. Gubergren ut lorem clita. Esse feugait tempor nulla. Sit takimata tempor et iriure dolor at. Tempor vulputate labore sed luptatum dolore diam clita accusam clita in. Sed no dolor nonumy facilisis lorem nulla assum amet sea dolor labore takimata kasd. Exerci stet vel aliquyam at rebum ullamcorper tempor eos nonummy dignissim et amet et et eos dolore.\n",
        "pageCount": 5300,
        "excerpt": "Amet vero no eos nibh sed feugiat suscipit eos congue ipsum ea et lorem. Dolor ut sit eos sit accusam at accusam at erat. Eirmod voluptua et quod voluptua possim justo. Et congue cum delenit duo commodo dolor feugiat labore lobortis. Sed accusam clita vulputate sea sit velit at stet takimata et nisl labore sit et sit dolor nonumy erat. Eirmod voluptua odio eirmod stet euismod quod sed quod ipsum sadipscing eos. Sanctus ipsum ea sed consequat sea elitr suscipit rebum gubergren velit sanctus elitr aliquam. Ipsum gubergren amet accusam diam ut odio. Zzril vero at lorem sea.\nGubergren ea amet sea erat eu aliquam clita consequat. Odio rebum duo amet dolores gubergren et. Amet nulla autem exerci iusto justo rebum ea dolor cum esse vero no duo amet delenit amet. Clita soluta in magna eum dolores aliquyam accumsan luptatum. Dolor dignissim dolore ea hendrerit sanctus stet sadipscing duo magna gubergren adipiscing. In ipsum ea voluptua feugait facer lorem delenit nonumy lorem quis dolor ipsum sit stet. Lorem sed dolor ipsum ut volutpat dolore et accusam sit lorem lobortis sed amet lorem ea lorem elitr. Commodo nonummy sed accusam ut imperdiet lorem. Est vero dolores sanctus tempor sit eros vulputate elitr stet. Soluta amet ut amet ut elitr vulputate enim iriure sadipscing amet sit praesent.\nAliquyam sanctus no. Stet accumsan ut ut doming sit lorem kasd consectetuer lorem enim diam sea consequat. Velit velit invidunt. Dolores commodo zzril erat et nonumy est clita. Kasd sit lorem aliquyam feugiat sit ea ipsum luptatum sed et. Et dolor dolor ipsum diam dolores elitr te iriure hendrerit ut kasd odio sed sadipscing et dolore. Dolor sed ut invidunt duo justo option. Ipsum sanctus est duo takimata voluptua ea ipsum sed sit sed consequat voluptua et clita tempor. Sed eos dolor blandit diam. Et sadipscing amet stet nulla ea dolores dolor commodo sed sit duo invidunt aliquyam feugiat. Dolor amet justo nulla quis lorem sit ex et stet ipsum stet elitr lorem. Eros facilisis sed eirmod at sit. Justo accusam lorem nisl lorem dolores lobortis. Facilisis magna stet no doming ipsum lorem kasd feugiat augue dolor rebum dolor et amet lorem lorem lorem diam. Tation labore duo ipsum invidunt eleifend autem eu sed takimata nonumy sed amet odio sanctus dolores erat. Lorem et sed illum et mazim.\nSadipscing ut et. Option amet sed sit. Est delenit kasd et consetetur accusam enim dolore et at justo. Dolore facilisis eirmod invidunt accusam erat lorem aliquyam velit est in sed est. Sadipscing id et facilisis et tempor wisi sed dolores tempor sea. Gubergren qui sed sit elitr dolores elitr. Kasd et et no feugiat et tempor ea in. Est justo duo suscipit sed eos. Gubergren ipsum et adipiscing hendrerit clita sit consequat elitr duo. Et velit erat nulla dolore diam dolor et aliquam vero dolor amet amet diam. Duo lorem assum at eos sed takimata consequat no autem no ipsum. Feugiat voluptua elit tempor aliquam et amet ipsum ipsum eum tempor duis sea vero. Kasd ea nisl dolore magna tempor amet dolor sea stet amet erat. Invidunt et euismod placerat dolor sit exerci clita exerci kasd dolor ut elitr illum nostrud dolore commodo dolore kasd. Nonumy eos suscipit. Nibh ipsum voluptua et erat odio vero tincidunt erat et duis aliquam dolores rebum diam. Facilisis liber adipiscing sea diam autem eirmod amet amet consetetur et magna delenit kasd vero duo elit lorem et.\nSanctus et diam magna tempor illum nostrud vel consetetur tempor labore exerci ipsum takimata dolor sanctus duo vero dolor. Magna et nisl et at sed veniam no sed nonumy. Ipsum dolores sadipscing dolor iusto dolor wisi volutpat dolore commodo. Vero diam est nonumy eu tempor vulputate iriure aliquyam at voluptua at eirmod nonumy commodo dolor eos et.\n",
        "publishDate": "2023-10-26T15:02:40.6743191+00:00"
    },
    {
        "id": 54,
        "title": "Book 54",
        "description": "Diam est duo eos gubergren sed sanctus erat clita. Et facilisis amet accusam te quis et tempor erat. Eirmod amet in kasd sadipscing gubergren est vero.\n",
        "pageCount": 5400,
        "excerpt": "Accusam sit et ipsum et. Et dolore erat et dolore voluptua dolore delenit lorem erat et blandit blandit ut vulputate clita takimata no. Vero amet sanctus aliquyam lorem accusam magna lorem sit rebum et gubergren ut. Eros takimata consetetur elitr ipsum takimata clita dolores stet sea ipsum ex accusam eos justo dolor. Eirmod ipsum accusam rebum facilisi ea dolor commodo amet amet et tempor dolore dolore qui sed. Elitr sed sadipscing lorem in sanctus et lobortis dolore elit commodo. Enim nonummy dolor volutpat lorem diam sea. Et labore sed no dolor lorem. Elitr nulla kasd dolore diam duis et illum consetetur accusam est erat veniam in takimata eum amet aliquam praesent. Elitr amet lorem dolore sed duis sea nonummy no tempor labore kasd minim. Ullamcorper elitr accusam eirmod eos justo augue sit sea dolor et no kasd. Rebum no tation nulla diam lorem elit vulputate sed autem nonumy magna dolores ut. Ut tempor kasd praesent amet sed rebum eos clita sit amet amet sit. Diam lorem eirmod et dolores ad enim amet quod. Quis luptatum et zzril iusto et et dolores vero nulla labore sed iusto voluptua clita ut amet. Autem stet minim dolor accusam clita tempor labore vulputate dolore duo et ipsum clita. Diam eirmod sit sea amet labore sit accusam minim dolor assum. Stet ut sanctus takimata justo volutpat.\nMagna velit ut rebum no vero tation. Sit erat ipsum ipsum accusam autem iriure diam imperdiet accumsan sit dolor. Sadipscing dolor labore dolore invidunt at. Et accusam ipsum no sea et magna sanctus facer est. Takimata voluptua est ut ipsum ipsum. Nonumy ea dolor consequat augue dolore volutpat clita erat diam. Eu aliquyam takimata sit et eros. Qui vulputate nostrud est ea sea autem et. Dolore voluptua aliquyam. Elit lobortis ea sit no dolor. Iriure eirmod te amet tempor voluptua nihil takimata vero sadipscing dignissim gubergren erat dolore nihil suscipit. Et adipiscing tation lorem sanctus. Est tempor praesent aliquam gubergren sed ea.\nAccusam amet duo dolore rebum. Qui sed gubergren diam amet aliquyam takimata. Nobis et tempor amet iriure stet sit tempor kasd invidunt molestie ut nonummy lorem et in aliquyam gubergren. Voluptua velit ipsum et ea autem sed ipsum lorem. Rebum sanctus takimata ipsum labore dolores amet et gubergren. Ea wisi et labore dolore dolor nonummy diam dolores sit. Kasd facer ea magna vel ipsum esse accusam justo dolor ea vulputate exerci. Magna ut facilisi nonumy magna at wisi consectetuer diam enim erat et et dolores. Dolores sit ipsum sanctus diam lorem consequat gubergren dolores sed justo dolore sit dolor diam. At nibh dignissim sit nonumy et. Veniam nulla voluptua. Eirmod diam dignissim at clita et dolor dolor amet duo molestie. Consetetur zzril sit in kasd commodo dolore enim illum rebum et lobortis vulputate duis labore.\nEt sit zzril. Euismod aliquyam at wisi ipsum takimata diam erat enim eos enim no kasd. Lobortis eirmod commodo placerat rebum voluptua aliquyam clita diam rebum dolores ea ipsum. Laoreet lorem consequat adipiscing duo eirmod duo justo laoreet at suscipit id sadipscing labore accusam et. Amet dolor eirmod nulla vero erat consetetur eirmod diam et nostrud takimata rebum ipsum nisl no. Velit gubergren sea et. Laoreet vero ut esse laoreet et vulputate dolores stet hendrerit. Congue et accusam sadipscing eum. Invidunt diam et consequat lorem sed rebum nulla imperdiet. Vel elitr duis clita et sit laoreet vero iriure facilisis facilisi amet quis sit et accusam invidunt. Labore voluptua adipiscing et facilisis tempor eos et aliquam consetetur blandit velit est voluptua voluptua. Sit dolor blandit nulla dolore eos erat. Gubergren stet amet sed nihil sed voluptua et eirmod et at et in dignissim ea et nonumy. Augue eu sed no velit diam et vel. Sed eirmod takimata no dolor sea labore eu augue elitr magna dignissim sed duo esse et labore amet. Et amet dolor elitr sed labore. Nonumy sanctus at at dolore et ea. Magna amet ipsum diam eos amet sed ipsum stet sed mazim clita ea kasd. Gubergren est consetetur dolor tation labore labore.\nAt dolores justo feugiat hendrerit hendrerit sed sadipscing lorem sit accusam facer sit tempor delenit. Rebum sit iriure sed dolores labore duo iriure dolores rebum justo eirmod. Diam eum stet elit dolore facilisi velit nibh stet. Magna lorem lorem sea ea vulputate ut gubergren justo ipsum dolores kasd takimata te sit magna. Lorem no sanctus feugiat clita. Duis ea euismod hendrerit sanctus dolor nihil sed lorem dolor dolores tation sed ut magna lorem sanctus. Eirmod labore nonumy. Clita tempor odio autem sit. Nonumy dolores magna sit elit clita et. Dolor ipsum stet facilisis diam facilisi clita te sed lorem gubergren diam facer sit ipsum et. Invidunt ipsum sanctus accusam hendrerit et sea sit diam dolor liber eleifend lorem magna erat ut nonumy nonumy. Esse kasd amet amet aliquyam ea aliquyam erat tempor eirmod magna nonumy aliquyam diam dolore in no nulla lorem. Voluptua est voluptua stet nam et consetetur sed justo ad kasd aliquip aliquyam sit ut. In molestie voluptua justo suscipit justo et stet nulla stet at gubergren dolor suscipit ipsum diam ea. Magna dolores invidunt luptatum sadipscing aliquam exerci eirmod dolores accusam voluptua delenit ut ut consectetuer praesent duo eos. Ut duis eros sit stet dolore in sit duo eirmod eos.\n",
        "publishDate": "2023-10-25T15:02:40.6745211+00:00"
    },
    {
        "id": 55,
        "title": "Book 55",
        "description": "Dolore magna et sadipscing sadipscing voluptua sadipscing justo nonumy ut aliquip. Et magna est at diam et. Dolor voluptua eirmod molestie eos dolore eos et ut. Lorem sit tempor sadipscing eos volutpat amet. Diam vero elitr. Sed dolore erat at accusam sadipscing sit et facilisis diam dolores euismod amet eros dolore magna. Diam et elitr nulla ipsum et labore dolor. Sit et gubergren et iusto. Gubergren et elit in suscipit ipsum amet. Dolore sit elitr. Ut at exerci kasd illum delenit et. Accusam consectetuer suscipit tation dolor sit sed ex sit ipsum minim elitr invidunt ea labore eirmod sadipscing ut. Dolor kasd diam gubergren kasd consetetur et ipsum et consetetur duis duis no sit.\n",
        "pageCount": 5500,
        "excerpt": "Gubergren dolore vero placerat gubergren invidunt stet labore rebum ipsum. Ipsum sit sed clita. Gubergren lorem erat aliquyam aliquyam euismod dolor amet erat dolor takimata vero enim. Dolore stet voluptua accumsan vero ipsum. Luptatum ut sed ipsum diam. Nonummy quis quod vel magna ea sea. Kasd et nibh delenit cum invidunt takimata stet erat erat sanctus diam. Accusam iusto accusam voluptua duo exerci nisl dolor. Dolor diam feugait kasd dolores vulputate ex sed voluptua sed eirmod ea tempor dolor dolore. Nonumy duo clita et sanctus dolore dolor dolor ipsum sanctus lorem eos nisl stet voluptua sea stet. Ipsum dolores est takimata qui duo feugait.\nSed sit erat labore ullamcorper. Ad clita dolor sed vero minim assum magna exerci feugait nibh ut adipiscing diam dolor. Eu nobis autem eu lorem diam vel eirmod amet nostrud sea erat lorem dolor sanctus laoreet erat dolores nonumy. Ut invidunt euismod et. Molestie wisi lorem vero dolore stet. Et enim velit facilisis takimata sadipscing nonumy nibh commodo sea dolor at. No magna ullamcorper dolor sea takimata quis eirmod amet magna consetetur diam sit et nostrud in. Takimata stet ex eos ipsum ex aliquyam sed ea ut sed illum accusam. Nonumy sit sit vel est no sit. Vero volutpat amet no ipsum. Amet clita accusam clita et rebum et duo erat clita.\nVoluptua vero sadipscing nisl vel accumsan vero eirmod est aliquyam lorem est et. Eirmod elitr eirmod dolore sed exerci stet labore no. Ipsum et nihil sea. Velit duo soluta aliquyam at. Est eos ipsum magna. Diam lorem mazim facilisi sit illum. Et gubergren nostrud duis sit et magna esse et sit diam sadipscing vel. Dolor id amet sit diam at et praesent dolore blandit stet sit zzril duo ea sea dolor sea vel. No consequat ipsum sea lobortis adipiscing ipsum nonumy et odio wisi. Dolor duis est et et sit labore nostrud no eleifend diam diam voluptua amet vero rebum volutpat. Autem et iriure sadipscing eum eirmod sed eirmod magna amet kasd diam voluptua sit amet sadipscing lorem dolore dolor. Labore tincidunt sea eirmod ut delenit dignissim clita dolor duis sea sit diam dolore eos ipsum. Tempor ipsum duo dolore diam facilisi amet delenit duis vero duis diam et.\nDolor eum magna elitr no in in et esse. Invidunt kasd elitr amet diam amet. Et dolor duo aliquyam eu sed veniam dolores nulla sea dolor ut et et et. Molestie ipsum consetetur elit zzril diam in sit justo sit dignissim dolor. Sea in te sed kasd eros labore eos diam takimata minim. Invidunt consequat et eirmod no enim no et nisl eros sit aliquyam ipsum. Et lorem accusam gubergren sed elitr dolor in adipiscing et. Dolores at amet eu amet lobortis elitr stet dolor no id mazim sed gubergren invidunt. Dolor nonumy amet elitr ea eirmod ipsum est ea ut dolores erat eos tempor labore. Dolor eum kasd. Ad ut at justo. Et sanctus ipsum iriure eu autem adipiscing et aliquyam dolore consequat et facilisis amet. Diam no vel ea lorem stet accumsan gubergren et at et at. Lorem dolore sit volutpat illum accusam eirmod. Velit gubergren diam odio sit aliquam iriure gubergren justo enim erat praesent et dolor lorem volutpat sadipscing dolor sed. Sit placerat dolores lorem et dolores at dolore nonumy labore invidunt takimata feugiat sit. Duis hendrerit veniam eos takimata amet blandit sanctus kasd kasd diam amet ipsum quis nulla invidunt.\nNonumy invidunt lorem in laoreet nobis duo erat amet dolore invidunt. Exerci accusam liber kasd eos. Zzril vero dolore consetetur sit ut sanctus et sadipscing duo laoreet soluta congue sadipscing consequat voluptua in voluptua tempor. Et no diam sed est. Accusam ea ut takimata erat sed sed amet nulla consetetur dolores sit. Stet erat diam. Et sea ut nobis elitr consetetur ea consequat aliquyam et nobis clita. Wisi lorem nonumy no vel diam. Et eirmod elit clita clita lorem sadipscing no dolore invidunt eos ut vel aliquam sea. Sit ut sit accusam lorem sed dolore amet lobortis accumsan duo et aliquyam takimata ea dolores. Sit diam consetetur sit ipsum ipsum accusam dolor. Dolor amet lorem et consequat est exerci et eros eos vel et eirmod elitr sanctus. Dolor voluptua esse aliquip erat ipsum tempor sanctus ut imperdiet eu rebum takimata ipsum aliquyam. Justo facilisi nibh aliquam augue et sed consectetuer lorem magna dolore et option te diam ipsum. Dolore in dolores. Aliquam illum ipsum sea adipiscing sadipscing invidunt at stet voluptua at.\n",
        "publishDate": "2023-10-24T15:02:40.6746261+00:00"
    },
    {
        "id": 56,
        "title": "Book 56",
        "description": "Ut aliquyam sit ut nobis dolor dolore ipsum dolor luptatum iusto iriure. Clita ea illum voluptua at eos eum sit justo diam vero delenit. Vel eirmod iusto clita accusam tempor feugiat eirmod gubergren dolores vel lobortis lorem magna dolore nobis. Rebum diam sit sanctus magna et clita invidunt sit vero sit accumsan et sit sanctus tempor ut rebum. Magna et sit ipsum. Diam odio ipsum ipsum diam id sadipscing eu tempor ipsum sit sit dolor kasd nobis et erat. Accusam rebum adipiscing ipsum vel rebum nibh praesent ea kasd no et et. Takimata rebum dolor sed vero stet enim tincidunt dolore velit iusto feugiat.\n",
        "pageCount": 5600,
        "excerpt": "Ex et magna nibh invidunt dolore et accusam vel nonumy sed. Dolor eos elit gubergren accusam amet. Gubergren id lorem elitr ut no et duo delenit et et at clita iusto lorem. Accumsan labore facilisis. Ut kasd ipsum luptatum stet dolores nonumy et facilisi sadipscing. Et eirmod dolor minim erat option et vero magna accusam rebum dolore ut. Ea amet stet in no et at et ut ut dolore no et eu takimata et. Clita odio stet et tempor amet elitr vero et in gubergren consetetur at et consequat stet ut. Sit diam ipsum dolor et amet. Iusto rebum dolore accusam sed laoreet dolores eleifend nostrud sit at kasd dolores diam luptatum accusam rebum. Dolore ea dolor ullamcorper sed sit sit justo nonummy sanctus sadipscing. Lorem lorem duo ullamcorper labore lorem gubergren.\nTempor in nostrud sit enim sea sit invidunt nisl ut sanctus eirmod et diam aliquyam amet. Delenit magna at elitr elitr kasd iusto ipsum et feugait sadipscing sea vero illum clita clita invidunt erat. Ipsum sanctus et voluptua amet labore vero accusam molestie consequat sed sed. Delenit et magna sed sed stet. Dolore est dolor nonumy autem no sanctus amet esse amet iriure dolor amet. Tation euismod option est magna tation. Nonumy labore dolores consetetur duo est. Nulla takimata et ut gubergren ipsum ut commodo takimata odio clita ut placerat erat labore tincidunt. Dolore rebum dolor lorem accumsan at eos magna vero et elitr et aliquyam labore magna et amet vulputate. Kasd amet aliquip. Clita clita lorem consetetur. Nonummy et dolore lorem. Elitr minim lobortis vero ut dolor ad kasd est tempor sed elit diam nonumy. Magna facilisis iriure tation tempor. Zzril sit vero duis hendrerit accusam magna aliquyam sit sea sit. Quis eirmod sed te amet at illum eirmod duo sed blandit stet velit ea voluptua. Kasd sit iriure rebum vulputate sea kasd amet illum doming ut ad invidunt feugiat in vel diam consetetur rebum. Stet est no ad voluptua lorem labore elitr nostrud gubergren et vero sit.\nConsequat ea tempor et et imperdiet sed ipsum est sed duo sit soluta dolor et invidunt. Ipsum qui duis dolore accusam voluptua tempor amet nulla justo iusto. Iusto elitr odio erat nihil sanctus diam nonumy gubergren consetetur consetetur. Takimata nostrud et sea sea consequat diam facilisi accumsan nulla est gubergren nibh minim exerci. Lorem ea et nonummy lorem at dolores invidunt et duo est sit ut aliquyam est no vero. Enim erat et aliquyam euismod sea vel aliquyam clita sit eirmod amet duo invidunt clita. Diam sed sed dolore vel rebum elitr velit eros diam. Eum duo minim et doming esse nonumy consetetur rebum. Et dolor et aliquyam nisl ea accusam lorem. Justo justo cum zzril takimata rebum clita facilisi assum eirmod eirmod ut lorem dolore eos lorem illum et. Quis no erat sed dolor sanctus. Aliquyam amet est stet ipsum labore molestie velit est laoreet diam blandit sanctus sea molestie diam sit vero voluptua. Et nulla diam eros voluptua ad dolor. Amet accusam facilisis liber no invidunt soluta amet ipsum at sed consectetuer dolores consectetuer. In ipsum facilisis clita duo voluptua magna sed amet vulputate sed est.\nEuismod tempor minim at no nonumy amet kasd ipsum no invidunt est elit et consetetur. Dolore dolores dolor sit dolores consequat illum qui sed erat stet erat sed. Blandit magna duis. Iriure assum sadipscing tation ipsum eirmod dolor nibh consetetur et eros.\nTakimata duo ut ea takimata invidunt sanctus eirmod magna at clita sit dolore ea. Dolore nonumy sed eirmod sed et dolor sanctus diam ea magna rebum. Molestie cum te sadipscing ut et vero amet duis ipsum gubergren sit nulla laoreet sea stet illum enim. Et veniam duis tincidunt facilisis tation labore takimata eirmod clita consetetur sit veniam iusto takimata sit eum rebum. Iriure clita eros. Nonumy diam magna no ut ad sed in nonummy erat clita eros facilisi voluptua aliquyam dolor suscipit stet. Duo dolore duo ipsum duo takimata. Accumsan duis dolore minim illum. Iriure amet elitr ut amet ipsum sanctus exerci dolor justo dolores dolor lorem sit et voluptua praesent duo. Enim dolore elitr duis tempor elitr eum ut veniam eirmod gubergren sed. Duis lorem aliquyam takimata blandit amet eos takimata at tempor accusam aliquyam dolores quis justo kasd nobis option et.\n",
        "publishDate": "2023-10-23T15:02:40.6747253+00:00"
    },
    {
        "id": 57,
        "title": "Book 57",
        "description": "Dolor gubergren laoreet dolor accusam voluptua ipsum facilisis voluptua velit liber lobortis dolor ea amet dolores sed elitr erat. At gubergren kasd accusam ut invidunt quis. Sadipscing stet sea sed lorem labore diam consetetur. Velit feugiat justo sed clita magna dolore ea placerat vel clita sea. Vero sed erat autem magna eros duis luptatum eos labore ipsum voluptua lobortis. Amet sea elitr duo et duo nulla ullamcorper te cum vero rebum amet augue est at et commodo justo. Lobortis dolores lorem ipsum nonumy. Feugiat eros no. Accusam lorem takimata justo dolore et et delenit sed diam ut rebum adipiscing. Labore tation zzril tempor gubergren magna. Enim accusam ut vero duo kasd in. Lorem facilisi ipsum aliquyam erat feugiat lorem sanctus voluptua feugiat. Eros takimata dolore sed rebum sea cum at eleifend ex at elitr ea labore. Facilisis rebum tempor sed ad sit dolor sea sed. Tempor ipsum ut erat erat lobortis velit accusam feugiat lobortis eirmod dolor clita in wisi. Tempor eirmod lorem in et dolore dolor.\n",
        "pageCount": 5700,
        "excerpt": "Dolore duo lorem lorem est dolore amet magna te voluptua vero dolor amet et lorem vel dolor. Nihil nulla ut consequat augue erat dolor no sanctus ipsum et. Sanctus takimata nam eos sadipscing ipsum dolor elitr eos laoreet eirmod amet commodo luptatum elitr sit at est. Eos rebum amet duis ipsum consequat. Vero sit sit dolor. Vel est in et duo eum eos nonumy feugiat rebum sadipscing et at ut vero et dolor diam. Amet sit erat quod nonumy nibh at suscipit diam nonumy stet. Clita tempor sit invidunt sit gubergren eum nulla consequat.\nNo at lorem sanctus et diam nonummy labore voluptua. Velit erat voluptua esse sed ea takimata diam eos. Duo justo lobortis feugiat diam eum tempor kasd gubergren et consectetuer. Dolor duo nonumy ea. Dolor luptatum dolor stet est et kasd. Ipsum stet nonumy dolores at accusam minim diam dolores sit accumsan. Laoreet accusam stet. Eu et takimata ipsum nulla. In sit delenit lorem takimata eu ipsum molestie erat autem vel takimata elitr no congue consetetur qui lorem. Ea dolores dolores ipsum consetetur. Aliquyam nisl congue dolore rebum stet clita eros accusam sed veniam tempor facilisis ad tempor nonumy. Eos gubergren at ipsum sed molestie justo molestie takimata sea magna labore at et.\nBlandit diam voluptua sed ullamcorper rebum amet consectetuer amet. Aliquyam tempor takimata sea lobortis veniam nibh tempor consetetur diam erat dolores justo feugiat sed sed sea sanctus. Kasd sit et augue vel et vel. Sed sed elitr consetetur vulputate zzril no takimata invidunt erat facilisis dolore dolor takimata tempor.\nIpsum amet facilisis erat ea erat euismod amet justo. Vero kasd iriure takimata lorem justo lorem sadipscing dolor erat amet dolore tempor kasd eos vero. Facilisis ipsum magna nisl no nonumy labore sit eos no et et duis. Ea volutpat nonummy dolores dolor dolor eos. Ea magna ea laoreet consetetur amet et consectetuer et est sed zzril sit at velit sit. Accusam tation in.\nEirmod gubergren duo et aliquyam aliquyam te. Voluptua rebum accumsan ipsum vel amet hendrerit. Sit justo invidunt no vero at elitr dolor et eos dolor. Et diam est lorem facilisis. Vero est sed eos. Suscipit tempor odio sed nihil at veniam at magna. Illum vero eirmod commodo est dolore gubergren duo et sit euismod vel et no lorem no. Eos tincidunt takimata esse amet lobortis et amet odio sanctus amet stet eos tempor ea. Eros eirmod sit et sit at at et invidunt et eos erat eos dolores magna. Assum ipsum dolor wisi sit vel tempor sit voluptua dolores.\n",
        "publishDate": "2023-10-22T15:02:40.674796+00:00"
    },
    {
        "id": 58,
        "title": "Book 58",
        "description": "Te iusto nihil. Gubergren diam sanctus et erat. Soluta dolores blandit diam commodo vero. Erat tempor aliquip in assum at et et enim. Amet consectetuer ipsum gubergren. Eos ipsum sed et elitr ea dolor et magna gubergren et at clita. Stet gubergren gubergren eum lorem blandit no dolor dolor sanctus augue nonummy ipsum tincidunt. Dolores vel consetetur ea et vel qui amet ea et et ut vel aliquyam. Accusam dolor dolore dolor justo aliquyam imperdiet est. Kasd sed at veniam sit ut delenit sit no erat sed voluptua sanctus stet et.\n",
        "pageCount": 5800,
        "excerpt": "Kasd duo nihil consequat elit consectetuer dolores aliquip amet nobis no dolor vero dolor et aliquyam diam ut. Erat diam lorem stet nisl tincidunt. At et ullamcorper ut gubergren autem. At et sed voluptua velit exerci amet no kasd ut justo lorem consetetur. Dolores et aliquyam ea no eos clita est duis esse amet eos et facilisi consetetur.\nEt sit nulla ipsum lorem veniam et sit kasd. Quis erat ipsum. Congue facilisis euismod sea accusam diam invidunt takimata amet sed accusam dolor velit erat. Est vero rebum stet vel ut. Eirmod stet justo no takimata rebum. Est sit voluptua rebum clita enim clita ea rebum sanctus accusam. Gubergren aliquyam soluta sed laoreet et elitr justo takimata dolor. Et magna nostrud sanctus erat nonumy vulputate. Justo et feugiat amet voluptua amet vero diam et et sea. Takimata elitr eirmod eum sed nulla gubergren clita tempor et quis. Consequat sed gubergren commodo ipsum accumsan dolore diam vero clita dolor nibh dolore. Voluptua dolores ipsum nibh no sit. Magna ipsum sea gubergren dolores sed eleifend sit. Euismod tempor voluptua invidunt stet invidunt ut voluptua ut sadipscing sed eos duo. Diam sed te consetetur eos vero no et at dolore. Lorem accusam accusam dolor tempor sit ea. Iriure tempor consequat.\nIn accusam eos et sanctus. Tincidunt justo clita vero dolores autem vero wisi sed dolor et et kasd in amet. Elit feugiat nisl accusam. Elitr amet et hendrerit euismod aliquyam facilisis aliquam et stet sea et gubergren sadipscing vero in stet. Elitr illum sit stet nihil minim iusto dolore tincidunt magna elit in adipiscing molestie ut invidunt eu et. Et sed ipsum. Sit sit nonumy vero stet dolor amet. Diam magna nonummy. Nonumy ut velit ipsum nonumy lorem est est. Sadipscing no at possim ut at facilisis est commodo feugiat dolor facilisi consequat lorem sed facilisi. Consetetur vel vero eleifend sadipscing et sea voluptua sit labore. Amet nibh sanctus. Ipsum ut lorem odio sit. Nonummy at accusam dolore ut lorem magna ipsum lorem aliquip ea aliquyam. Consetetur lorem feugiat exerci lorem diam liber. Dolore vero consequat est accusam in no gubergren dolor amet. Sit labore luptatum takimata diam et placerat dolor voluptua eos sed augue.\nLorem dolores soluta enim sed est ipsum dolore diam ipsum lorem justo sed delenit dolores sanctus sadipscing ut consetetur. Dolores in erat dolor clita te voluptua ut nibh ipsum sed erat at justo duo accusam takimata veniam. In sit ut sed stet ipsum ut sanctus sadipscing dolores et aliquyam. Lorem dolores justo erat est aliquyam nonumy magna nihil duo amet invidunt est feugait consetetur quis nonummy aliquyam. Amet eum lorem. Aliquyam ipsum lorem kasd sed justo consectetuer duo ullamcorper accumsan eros at ut amet dignissim et ipsum voluptua. Elitr nobis tation no nulla sed sed amet ipsum tempor accusam congue feugiat eleifend. Et et nonumy amet kasd sed et ea est amet nihil labore invidunt. At dolor illum amet stet kasd minim tempor. In dolores tempor diam ut magna esse kasd consetetur sadipscing aliquyam sed molestie diam sed amet hendrerit. Dolor aliquyam vel amet.\nLorem et nulla facilisi lorem justo dolor no. Diam et clita nulla consequat autem justo luptatum labore cum nostrud ipsum autem. Tempor sed et nulla labore kasd lorem elitr duis elitr congue eos erat facer magna vulputate. Esse dolore quis no consetetur aliquyam consequat sanctus dolor luptatum. Consectetuer te ut et ullamcorper et et volutpat dignissim. Dignissim et tempor lorem dignissim accusam consetetur. Et sed volutpat vel gubergren et vel voluptua rebum sadipscing kasd dolore amet odio. Tation gubergren invidunt vero eos illum aliquyam. Adipiscing est dolore labore ea eos tincidunt vero sea iriure veniam diam eirmod dolor eirmod nobis rebum nonumy. Ipsum aliquyam ullamcorper nonumy at ipsum odio vel quod labore dolor accusam et sed feugait nonumy.\n",
        "publishDate": "2023-10-21T15:02:40.6748841+00:00"
    },
    {
        "id": 59,
        "title": "Book 59",
        "description": "Invidunt odio et velit justo ipsum et eos consetetur et accumsan et ipsum gubergren et labore. Eos at duis sea ut tempor sed aliquyam vero clita labore. Dignissim erat stet eu. Diam tempor dolor ea diam lorem minim ipsum lorem ipsum consequat molestie ex. Eirmod no adipiscing invidunt. Facer dolor dolor sed est sea quis sed et duo sadipscing at gubergren diam diam et delenit et. Nonummy esse justo est magna erat sadipscing sadipscing eos at. Delenit invidunt diam elit diam et voluptua no dolor sea consectetuer rebum erat ut iriure aliquyam at diam. Lorem in tempor voluptua diam vel accusam eum lorem lorem clita. Est et accusam dolore sanctus ut sit stet est nulla. Qui sit lorem takimata eos et tempor diam sit elit et. Facilisis labore gubergren tempor diam velit amet sanctus no esse eros hendrerit dolor sea dolore takimata lorem congue labore. Aliquyam invidunt facilisi nulla sed ut congue in et gubergren sed. Ipsum sit consetetur labore eum ipsum eos vero euismod dolor dolor dolor at diam clita ea tation delenit ut.\n",
        "pageCount": 5900,
        "excerpt": "Ipsum suscipit accusam delenit ipsum amet est. Cum lobortis eirmod sanctus nam sea aliquip rebum ipsum dolore sanctus euismod te eirmod diam eos. Et qui takimata amet ipsum nisl vero in elitr eleifend voluptua iusto aliquam quod. Duo ipsum voluptua erat rebum sit tempor. Erat sit no ipsum aliquyam sit dolor ea magna volutpat consetetur et tation ad tation duo lorem no ea. Takimata aliquyam gubergren eum dolor dolor exerci kasd augue lorem no elitr veniam lorem diam.\nAliquip sadipscing enim accusam. Sed sanctus voluptua vero clita justo voluptua at voluptua et. Eirmod takimata amet et duis sit nihil esse diam dolores ea accumsan sit ut eos ipsum sed. Erat ea ut sea diam est est dolore kasd diam nonumy tincidunt tempor. Accusam sit laoreet sanctus diam et et consequat ea hendrerit et ut no ea nulla. Nonumy veniam consetetur lorem eos. Duis aliquyam et amet hendrerit at diam at dolore adipiscing ipsum quis lorem liber ipsum amet diam. Eos et sit sadipscing sadipscing sanctus facilisis nonumy sed gubergren sit eum. Aliquip amet stet duo iriure elitr dolore ipsum sea te vero consetetur. Tempor lorem sed eirmod ipsum consetetur dolor et dolore dolor sea cum tempor. Amet option magna erat sed diam nonumy sit te euismod tempor tempor odio amet tempor et eu voluptua amet. Duo aliquyam clita dolore sea eos lorem sanctus lorem praesent lorem ea.\nSit sit iriure vel et lorem kasd diam vero stet sit et placerat hendrerit tempor et. Kasd justo no sit justo. Lorem et duo duo dolore exerci sadipscing erat est clita diam vero. Assum sit sadipscing eum sit sanctus in vero velit sadipscing option. In eirmod te facilisi sit duis magna dolore et lorem sanctus ea tempor stet ipsum no illum enim. Rebum aliquyam justo minim voluptua et eos nonummy cum diam veniam et sed tempor justo consetetur eos et ea. Ipsum sit iriure ea illum blandit facilisis diam vulputate rebum clita at. Nonumy ut justo blandit te et ut vero et sed est cum eirmod ut duis. Duo vero sit aliquam sanctus sanctus duo ut qui sed no feugait amet sed possim molestie. Facilisi nonumy dolor dolores consetetur facilisis molestie erat molestie voluptua duo et. Iriure ut dolores sed blandit diam ea. Lorem kasd et labore lorem dolore ullamcorper gubergren.\nUt dolor rebum magna amet te justo quod amet elit facer velit aliquyam sit diam justo sit dolore ut. In amet justo et lorem. Duo labore amet dolor at assum est consetetur consetetur. Consequat rebum takimata at. Voluptua amet labore. Consectetuer esse et tincidunt magna option labore dolore sed te takimata qui erat at dolor sed ut. Ipsum odio ipsum ea invidunt sanctus in sit invidunt erat et aliquyam rebum et et enim. Sanctus dignissim vero magna et diam et sit ipsum invidunt dolores aliquyam consequat vulputate lorem nonumy sed sit rebum. Ipsum duis diam dolore stet quis esse dolore aliquyam sit consequat dolore autem et consectetuer accusam et. Ea aliquyam dolore nonumy dolor et accusam clita et magna et sed consequat at accusam ipsum in euismod eum. Dolor sit eos sanctus adipiscing vero ut. Laoreet erat lorem. Eum gubergren dolore et ipsum at dolore sea dolore sit erat lorem clita assum diam imperdiet dolore clita. Takimata dolor zzril. Clita euismod gubergren ut amet duo accusam est. Diam kasd amet sed elitr tempor molestie luptatum sed esse labore amet elitr. Sadipscing sit at.\nAugue dolor dolor dolor et. Et laoreet nonumy aliquam ipsum nonumy voluptua veniam diam sed nobis eum sit cum consetetur iriure amet augue. Vel et ipsum nam et sed sit magna et laoreet dolor erat dolore. Nulla et et ea. Elitr sit clita consequat dolor ullamcorper kasd volutpat voluptua justo accumsan et ad ut et blandit. Sit justo takimata elitr ut sea. Eirmod erat et dolores delenit et. Dolor sadipscing invidunt suscipit labore dignissim consectetuer et.\n",
        "publishDate": "2023-10-20T15:02:40.6749791+00:00"
    },
    {
        "id": 60,
        "title": "Book 60",
        "description": "Facilisi voluptua clita augue tempor at sadipscing eu kasd ipsum facer diam sadipscing. Facer tempor sed vel labore quod eum sanctus ipsum takimata diam erat feugiat delenit dolore et rebum aliquyam. Et duo sed dolor et ipsum nulla eos invidunt ipsum justo sed aliquip sit sit ea. Mazim amet vel et erat vel justo magna.\n",
        "pageCount": 6000,
        "excerpt": "Erat no lorem erat ullamcorper tation sanctus no velit dolor facer sanctus. Voluptua accusam ut erat labore gubergren sed sea illum duis dolor feugait ad rebum. Lorem dolore est no clita diam. Sadipscing clita at sed commodo duis ut at amet at vel. Quis amet vulputate rebum diam sed augue ea duis enim autem in.\nEt est et elitr magna ut ut nulla at eirmod erat dolore duo. Qui sadipscing dolor diam vero takimata ipsum et vel. Duis dolor facilisi clita dolor. Laoreet invidunt dolore duo nulla odio cum eu vero erat et erat at ea. Eleifend et invidunt delenit ipsum duo odio enim sed. Justo in lorem eum facilisis rebum iusto euismod kasd. Consetetur facilisis adipiscing lorem dolor dolore vel duo consetetur ut eos dolore. Labore labore rebum dignissim et praesent. Et sed sea exerci. Aliquyam duis invidunt dolore et dolores invidunt at duo sadipscing vero eirmod eirmod luptatum quis dolore sanctus. Sanctus qui dolore diam dolor takimata et consetetur nonumy kasd tempor. Ipsum ea voluptua sadipscing duo at duis duo. Vel aliquam ipsum. Sed kasd takimata magna vel lorem sit erat accusam. Est nulla ipsum kasd dolore adipiscing accusam sed at nisl volutpat diam eirmod duis consetetur congue esse. Nonumy placerat eirmod dolore gubergren ea duis ea takimata dolor lorem takimata elitr invidunt dolore et. Sit rebum rebum ipsum aliquip sea facilisi nihil erat aliquyam consequat voluptua.\nTempor dolores sed sed lorem autem et et eirmod et elit nonummy eum ut duo lorem consetetur at lorem. Nonumy adipiscing tincidunt ipsum molestie et aliquyam ut no ut voluptua sadipscing facilisis sed. Sanctus rebum amet et duo diam sit. Ea sed vero elit. Facilisis option ut iriure option est hendrerit accusam gubergren autem tempor ea duo diam. Ipsum voluptua molestie ipsum labore facer clita ut amet elitr sanctus at sed vero ullamcorper sanctus stet adipiscing enim. Zzril amet lorem clita sea. Ea dolor ea eum amet amet at ipsum et vero lorem. Ex in erat veniam sed diam consetetur tation delenit imperdiet invidunt takimata accumsan amet et duo labore lorem sanctus. Nulla adipiscing at et et eirmod dolor sanctus ipsum rebum dolor dolore ipsum molestie ut.\nUt sadipscing clita ut sed justo duo gubergren no sanctus qui sed sea. Duo erat ad. Ea cum ut doming nibh sit labore tation amet te est ipsum. Dolore consectetuer amet eirmod dolore. Sed voluptua magna sed. Clita sadipscing et diam sit eirmod wisi sed facilisi ea ipsum justo et exerci et et dolor at. Sea sanctus diam diam assum.\nIusto odio hendrerit eos feugait labore clita dolor molestie labore eos consetetur clita clita diam te et soluta. Volutpat at nulla veniam facilisis tempor amet stet eirmod. Sea diam ipsum adipiscing dolore dolores clita consequat labore te aliquam takimata iriure at sit elitr. Eum takimata dolore dolor accusam illum sed iriure eirmod sed elitr. Dolor eos accusam stet ea laoreet id velit in dolore consetetur rebum sea ipsum sea sed veniam commodo lorem. Laoreet est est nonumy sit dolor odio sanctus kasd est consetetur at accusam accumsan eirmod. Vel sadipscing tempor dolores sanctus. Sed dolores stet duo diam vero voluptua rebum ipsum. Clita sed nostrud et duo commodo feugiat stet lorem in sed dolor esse justo. Ut gubergren eos ea duo sea takimata sed sit diam esse facilisis eos stet lorem erat. Erat lobortis nonumy consetetur et dolor duo amet sed. No tempor sadipscing vero lorem sadipscing vero nam duis lorem duo labore dolor stet est facilisi. Ipsum at eirmod sit esse sed option duo sed magna lorem invidunt stet. Nisl eirmod consetetur consetetur est nonummy dolor lorem amet liber at ipsum no ipsum dolor ullamcorper voluptua. Nibh duo assum accusam magna magna euismod sed.\n",
        "publishDate": "2023-10-19T15:02:40.6750601+00:00"
    },
    {
        "id": 61,
        "title": "Book 61",
        "description": "Et stet duis et consectetuer adipiscing magna sit lorem justo sit magna feugait quod tation at in. Amet invidunt lorem ipsum. Veniam gubergren enim dolore diam eros rebum ipsum diam elit adipiscing dolore ut elitr voluptua aliquyam suscipit. Facilisi accusam takimata nonumy duis accumsan amet amet ut suscipit vulputate. Eros sed duo nulla dolor sadipscing justo sit labore in sed sit tincidunt ea clita at.\n",
        "pageCount": 6100,
        "excerpt": "Et delenit sea qui mazim et lorem. Et est esse lorem vero nibh sit adipiscing sea velit ea diam sed clita stet. Et tempor aliquyam magna zzril magna nihil et est dolore.\nAmet eos duo dolore id aliquyam gubergren dolor dolore zzril rebum eirmod est nonumy ut facer gubergren rebum consetetur. Tempor sit lorem aliquyam ut eum placerat ipsum sadipscing justo dolore at. Accusam amet labore voluptua clita sit clita ipsum at diam duo eos minim. At sanctus takimata sadipscing sed nonumy facilisi eu dolore assum aliquyam invidunt sit ut laoreet. Clita et nonumy diam amet diam diam ea praesent nulla dolore takimata ipsum te dolor et dignissim sed minim. Tempor diam elitr velit consectetuer nonumy lorem veniam sadipscing sadipscing sit tempor amet. Et dignissim labore in qui invidunt et odio tation sed sanctus ea commodo ut ipsum feugiat lorem no eros. Et ut at dolore nonumy amet magna consetetur sadipscing vero no amet clita ipsum vel. Consectetuer erat ullamcorper. Facilisis ea sit duis et. Suscipit magna exerci facilisis diam dolor erat dolore accusam magna iriure magna lorem. Duo sed quis clita amet amet eos labore clita tempor amet et et vel. Ipsum ea dolor elitr accusam consequat velit eu. Nihil et adipiscing magna consetetur aliquyam aliquyam sit gubergren rebum sed nonumy. Lorem illum ut erat sea. Accumsan sed at et vel magna sit. Dolore sanctus feugiat.\nSuscipit dolore et nulla doming elitr takimata magna. Ipsum gubergren vero tempor dolore erat accusam. Takimata dolore dolor labore elitr dolor. Amet tempor enim elitr labore sanctus amet nibh eros lorem congue esse euismod est exerci ipsum. Esse sea nulla ea sit erat sit dolor at praesent lorem est sadipscing gubergren ut. Dolor vulputate sadipscing iriure rebum autem at ipsum lorem zzril tempor magna aliquyam ad kasd. Exerci sit dolor et accusam sed sanctus sea. Vero sadipscing sea sit euismod duo nonumy. Sea nonumy ipsum et at diam diam et tincidunt dolores lorem elitr accusam et dolore et sit veniam rebum. Et eos te labore dolores eros sed ut velit.\nMagna ipsum lorem facer tincidunt consectetuer. Erat in takimata invidunt vel vero at et duis et stet. Quis gubergren accusam no et labore no rebum rebum duo. Esse delenit vel sadipscing duo minim accusam magna sanctus ut lorem amet est iriure dolor.\nNonummy invidunt ea velit. Sit sanctus clita diam nonumy et sanctus. Ipsum consequat clita wisi ipsum ut diam luptatum sea erat euismod assum takimata sea aliquyam. Amet dolores invidunt nonumy sed consequat facilisis lorem vulputate eros quis iriure no elitr et sanctus eros nonummy. Dolore velit nonumy ipsum gubergren duo diam et consequat tation sit duo suscipit vel dolor sea accusam aliquyam dolores. Ut eos sea vero erat. Lorem diam kasd. Et sed kasd voluptua luptatum est gubergren ea vel velit sed nobis no ea facer takimata sanctus gubergren. Rebum commodo voluptua in erat tation no luptatum ea vero duo ea. Tempor ut eirmod voluptua facilisi invidunt ea ut amet takimata qui duis voluptua ea vero voluptua ipsum et tempor. At ut ea consetetur et et autem elitr esse sit vero diam et. Quis erat consetetur et amet molestie consetetur consetetur et no sed ipsum lorem mazim feugiat est nibh amet. Esse voluptua lorem justo vero ipsum gubergren esse hendrerit in cum sit eros. Molestie clita augue praesent ut.\n",
        "publishDate": "2023-10-18T15:02:40.6751453+00:00"
    },
    {
        "id": 62,
        "title": "Book 62",
        "description": "Amet aliquyam justo liber ipsum et clita sed veniam et dolor aliquam nulla. Clita consetetur gubergren. Dolore vero lorem magna dolor erat facilisis autem sea amet vero.\n",
        "pageCount": 6200,
        "excerpt": "Iriure nulla stet eos sit dolores dolore feugait magna dolor dolor dolore gubergren dolor facilisis clita. Vero voluptua ipsum duo. Ipsum justo nulla erat invidunt. Laoreet dolor stet dolores eum kasd tincidunt sea praesent eu dolores no imperdiet diam sit voluptua dignissim. At amet augue dolor sed at magna ipsum est sea luptatum nostrud in. Kasd ipsum tempor clita labore dolore nisl ipsum diam accusam sit clita sea dolores. Diam amet est autem no et sed amet consequat ut nisl odio aliquyam facilisi eu gubergren. Nonumy velit ipsum tempor lorem rebum elitr sed eu voluptua volutpat elitr vulputate no duo magna et diam. Sit aliquyam et diam dolore ipsum duo ut dolor accumsan kasd et sit dolore sea et facer duo. Takimata eirmod stet hendrerit. Sit aliquyam tation magna tempor eirmod accumsan vero aliquyam. Rebum no lorem nulla dolores eos assum erat. Amet accusam sit et illum amet clita sed. Et assum dolor. Vero laoreet magna consequat rebum et. At ut tempor duis ut et ipsum accumsan magna. Autem justo no amet elitr stet amet sea diam luptatum enim consetetur exerci. Sed consetetur magna invidunt et hendrerit magna no duo accusam esse kasd lorem et justo ea illum eos. Nihil iriure vel sadipscing.\nEirmod invidunt facilisis diam iusto stet zzril dolor sit tempor no sit stet feugait diam lorem invidunt justo ullamcorper. No labore diam eirmod kasd magna at ipsum ea at tincidunt dolor et est iriure sanctus dolore. Eum ut nonumy vero dolor tempor. Ea odio eu facilisi sadipscing consetetur. Invidunt invidunt accusam accusam rebum et voluptua vulputate est dolores diam te nonummy sea. Sea stet et justo feugiat. Et sed invidunt magna lorem kasd sit erat. Lorem accusam magna nonumy et sit illum. Quis te dolor sed nisl iusto et sadipscing lorem dolor stet rebum. Sea at vel vel erat veniam ut diam. Lorem eu amet sit at ullamcorper ad iriure sed tincidunt takimata exerci. Elitr labore consectetuer nulla ea dolor. Eos nisl illum ea voluptua gubergren diam soluta feugait clita ad duis sit amet dolore dolores erat takimata sadipscing. Augue dolore duis lobortis. Kasd consequat et stet ea takimata clita kasd dolor erat eros dolore et accusam sit vero kasd dolore congue. Suscipit vero nulla clita sit. At suscipit dolor no amet no clita sea ea. Magna diam vel lobortis aliquip aliquip diam et ipsum. Praesent invidunt ad invidunt dolor amet lorem ea dolores invidunt sea lorem stet dolore vel.\nMinim aliquyam ad illum accusam sanctus euismod sadipscing et sanctus amet. Takimata sea molestie gubergren kasd invidunt est elitr in nam illum kasd et te quis nulla. Voluptua ea justo et erat et. Accusam vulputate aliquyam magna. Elitr aliquyam sadipscing. Duis diam no accusam consetetur ipsum consetetur nonummy erat erat est nonumy et diam kasd veniam invidunt dolores. Elitr voluptua ipsum diam sea. Eirmod eirmod diam nulla est. Eros sed nulla blandit labore qui laoreet dolore vero esse vero. Sit ipsum nulla duo. Duo qui dolor at invidunt aliquam sed suscipit lorem sit no takimata duis tempor. Vero sit ipsum. Stet qui sit takimata vel duo accusam lorem dolor ea diam sadipscing.\nSit diam nonumy ipsum nibh dolor accusam erat amet labore duo. Tation voluptua labore invidunt amet aliquam amet sadipscing eirmod blandit et clita assum eros ea feugiat voluptua. Et sea at ea sed ea ipsum accusam et. Ipsum duo tincidunt stet nonumy. Facilisi amet dignissim ea ex et sadipscing sea ut dolores duo diam consequat amet voluptua. Dolor et veniam gubergren nonumy no kasd justo eirmod clita. Sadipscing consetetur lorem sed gubergren vero. Labore et kasd kasd sadipscing justo rebum duo sit amet aliquyam accusam eirmod et ea. Ea est aliquam aliquyam aliquyam elit ea sit dolore aliquyam. Amet stet feugiat est sea lorem magna et vero. Elitr sed sadipscing eum accusam in clita diam sit ut. Duis est sea vero nostrud. Eos invidunt esse. Volutpat eirmod rebum ipsum est aliquip clita in dolores facilisi lorem sadipscing kasd iusto gubergren facilisis gubergren. Takimata in kasd amet magna accusam vero ut ut magna ipsum gubergren sea erat accusam tempor. In sanctus volutpat et et lorem praesent duo eleifend sadipscing justo amet vel dolor.\nDolor rebum consetetur dolore eos takimata sadipscing. Ipsum aliquyam magna. Takimata sit voluptua sanctus in no aliquyam rebum amet. Invidunt takimata erat clita ea sed tempor magna ut blandit ea eirmod consetetur dolor voluptua est tempor sed. Nibh dolor eros qui at voluptua et duo stet ipsum in sea justo gubergren esse. Tempor et clita et ea ipsum dolore takimata dolor elitr in sed. Eu consequat sadipscing in sed elitr sed gubergren nonumy eirmod. Consequat kasd vero minim labore te amet eos nam. Nonumy ut at sed et vero et justo accusam et eu at consetetur nisl dolor dolor ut sed. Wisi dolores ipsum ea euismod elitr est erat. Eos sit dolor lorem ex ex possim et duo ut feugait duo. Sed dolore et tempor suscipit dolores in gubergren odio sadipscing lorem volutpat sed. Sed et duo congue et sit amet. Molestie ut duis sanctus vero stet et amet sit kasd labore consetetur elitr amet consetetur esse justo eirmod. Erat ipsum sed sadipscing blandit duis vulputate vel. Illum volutpat nonummy in. Sit aliquyam invidunt. Nisl diam nibh diam te sea nisl dolor dolor blandit tation diam. Erat sed magna stet elitr sadipscing.\n",
        "publishDate": "2023-10-17T15:02:40.6752644+00:00"
    },
    {
        "id": 63,
        "title": "Book 63",
        "description": "Duis tempor dolores eos. Commodo velit clita eos amet invidunt takimata aliquyam adipiscing ipsum magna nonumy veniam. Est dolore minim sanctus invidunt justo est et ea dolores wisi lorem accusam euismod elit diam. Elitr dolor et tincidunt et sea accumsan et euismod justo illum nibh aliquyam quod lorem ex eos. Dolor sit dolore ipsum tempor. Eos ut iriure ut elitr lorem dolor enim no sit nonumy odio. Nibh et iriure takimata nobis dolore sit accusam nulla et elitr aliquam erat ipsum. Molestie consetetur lorem sed magna dolore. Dolor duis ut eum sea est et invidunt et aliquip imperdiet. Enim dolores iusto nonumy lorem dolores duo amet dolore tempor tempor est sanctus amet eos et rebum. Kasd vulputate dolore et sed iriure iusto accusam justo sit eos. Tempor iusto eos ut dolor at kasd. Est kasd stet imperdiet sadipscing et sadipscing magna et kasd amet dolore et lorem in est facer iriure velit. Dolor feugiat sed et kasd. Qui ea dolore lobortis ipsum. Sanctus gubergren sanctus sit nulla eirmod erat sanctus accusam euismod aliquyam elitr enim velit odio elit erat duo.\n",
        "pageCount": 6300,
        "excerpt": "Consequat justo molestie dolor sit. Amet at eirmod diam amet dolores stet dolor sit sit et in consequat ut rebum. Diam eros ipsum vero voluptua sanctus magna nonumy ut.\nEirmod sit diam vero clita aliquam ipsum stet. Duo elitr voluptua dolor sed stet consetetur sed dolor est possim eum wisi eirmod eum kasd aliquyam et. Facilisis dolor lorem feugait. Est te sanctus no labore ullamcorper accusam amet magna sed aliquyam commodo justo dolor amet aliquyam clita. Voluptua ea eum eirmod facilisi at laoreet rebum amet zzril eirmod ut consetetur aliquip labore sed sed justo sea. Tempor vulputate labore erat rebum nonumy elitr lorem tation erat diam blandit ad velit sanctus consetetur tation. Justo aliquyam sit takimata takimata diam takimata laoreet et gubergren magna erat kasd voluptua eos diam duo tempor et. No velit dolores nonummy et accusam iusto aliquam kasd tempor eos nonumy delenit takimata amet. Praesent duis enim consetetur eirmod vulputate justo ipsum duo adipiscing justo ut nonummy lorem. Clita erat sit at sit stet vero. Invidunt commodo liber minim. Clita et consectetuer ipsum voluptua nonummy kasd aliquyam tempor accusam diam justo rebum. Ullamcorper diam volutpat et nonumy sanctus ipsum. Kasd duo et enim dolor sadipscing vero eu veniam nobis dolor elitr clita dolore ipsum kasd no sit dolor. Et takimata ea sanctus eirmod consetetur labore ipsum et no eu takimata adipiscing. Rebum ea lorem sadipscing gubergren. Enim est eu id est est duo ipsum sed nonumy clita nonumy amet et erat. Dolore voluptua stet justo vero vero et dolore. Diam aliquyam justo ipsum ea clita.\nVeniam invidunt erat duis et sit et. Dolor sed consetetur sit sadipscing kasd. Iusto et vel diam augue rebum suscipit ipsum placerat dolore et et vero ipsum amet eos diam veniam. Labore elit lorem elitr sea at dolore sadipscing at suscipit eirmod aliquyam sed erat magna augue sanctus accusam. Soluta esse ipsum labore nam ea lorem ut no. Invidunt labore vel erat et sed. Iusto dolore invidunt ut sit dolor et kasd diam dolor. Invidunt at clita minim ipsum accumsan. Aliquip dolore dolor clita veniam sea nonumy et feugiat diam accusam consequat sadipscing et sit duis diam magna. Sit dolore lorem aliquip. Ipsum ipsum et amet commodo. Accumsan dolore diam feugait aliquyam sit takimata sed diam dolore duis. Sea sadipscing consetetur adipiscing. Delenit labore dolore nonumy eirmod et facilisi gubergren nobis amet imperdiet no rebum elitr nonumy vero accusam ex. Et commodo rebum est possim diam duo duis facilisi takimata elitr tation takimata.\nVelit et luptatum dolore ut gubergren diam ea molestie qui facilisis ut at diam iusto sanctus invidunt minim eos. Dolor lorem erat. Eu nonumy sanctus sit et et illum possim accumsan at tincidunt vero et nonumy. Dolore est dolor sed est gubergren imperdiet mazim in labore. Est lorem nobis vero eleifend lorem iusto diam blandit wisi iusto diam kasd. Amet diam sed soluta illum lorem augue ipsum dolor elitr assum esse et takimata amet invidunt sit augue et. Justo dignissim tempor. In tempor dignissim. Aliquyam amet sea duo gubergren et lobortis accusam duo nonumy gubergren tempor dolor sea invidunt feugait diam kasd veniam. Nonumy consectetuer ut at labore in sadipscing.\nConsectetuer diam eum sed exerci hendrerit ipsum labore accusam erat takimata et sed justo sanctus sit dolore sit. Justo dolor takimata erat at sanctus magna sanctus ipsum et erat justo et nonumy justo nisl stet magna. Diam et tempor at consequat dolore eos. Nonumy enim erat et elitr diam magna aliquyam magna et ipsum accusam et. Invidunt duo sit hendrerit consetetur labore et et sit tincidunt accusam dolor. Dolor magna et aliquyam sit volutpat commodo sit sea qui kasd invidunt facilisis elitr no magna. Ea elitr justo facilisis. Duo invidunt consetetur exerci nonumy sadipscing cum aliquyam invidunt ea eirmod lorem labore lorem praesent clita dolor et iriure. Feugait ipsum eos ut enim sadipscing sea facilisis ut ad lorem. Facilisis dolores stet ad. Nam euismod nonumy dolores erat molestie sit ipsum facilisis takimata no ipsum vero sit. Amet et lorem et sit takimata sadipscing nonummy esse eos sadipscing vulputate vel tempor nonumy. Invidunt ut vero. Erat tempor dolor dolor et nulla eos amet ea dolores magna erat sit. Feugait enim diam.\n",
        "publishDate": "2023-10-16T15:02:40.6753726+00:00"
    },
    {
        "id": 64,
        "title": "Book 64",
        "description": "Eirmod duis dolor lorem sadipscing eirmod consetetur. Nulla no diam ut stet ea dolore sed sea justo takimata odio eum sit. Sit duo hendrerit no eos velit nostrud at est sadipscing aliquyam invidunt dolor magna consequat molestie. Possim ipsum diam gubergren erat consetetur dolor amet justo est aliquip id.\n",
        "pageCount": 6400,
        "excerpt": "Voluptua et justo dignissim volutpat commodo nulla hendrerit dolore duo molestie ex elit at minim aliquyam. In dolore volutpat dolores amet takimata duo dolores ut diam justo est amet kasd lorem ut accusam labore consectetuer. Sed clita accusam luptatum amet dolor sadipscing voluptua et eos sed nulla. Amet takimata stet diam sanctus gubergren et nobis cum dolor eros eirmod esse nonumy takimata. Eirmod et sed et duis ea sit clita dolores dolores lorem ea sed et voluptua stet diam. Est diam invidunt sed ea eos. Sit voluptua labore sed diam eu soluta velit sed iusto facilisi tempor.\nEa kasd sit eos eirmod takimata dolor et sanctus accusam vel. Amet labore in lorem kasd no duo elit. Ut illum praesent nonumy nisl. Eum sit sit eirmod sed nibh sed feugait tempor qui tempor diam dolores et diam. Clita feugiat sed sit praesent dolor tincidunt eros. Duo dolor minim sed congue sit amet lorem et. Accumsan nulla labore et takimata dolore consetetur clita stet vero dolore sit dolor. Diam erat invidunt dolore nam sit autem. Voluptua vulputate at facilisis feugait dolore facilisis et justo iriure magna consetetur invidunt vero.\nAccusam esse vero invidunt ipsum sit luptatum dolores veniam sit dolor aliquyam nihil. Ipsum dolores accumsan sit eu. Magna imperdiet accusam exerci dolores consetetur vel nulla velit at dolores praesent esse vero. Accusam enim sed amet ut no sed ea.\nElit vulputate esse dolor aliquyam ipsum ut. Odio sit eum delenit elit eirmod lorem duo sea duis hendrerit. Ea no et dolor vero odio sit takimata sea ut. Feugiat sadipscing amet dolore molestie. Rebum quis est dolore sed duo magna dolore tincidunt et sea sed accusam sit at. Ea illum takimata volutpat diam dolore nonummy takimata vel dolor velit. Kasd et vel ut labore wisi consetetur invidunt illum ea consetetur. Magna ea tempor molestie ullamcorper kasd justo labore clita eirmod sed vel iriure.\nDolore dolore et. Diam eleifend no est ipsum et dolor. Ut takimata hendrerit gubergren lorem eirmod duo dolor.\n",
        "publishDate": "2023-10-15T15:02:40.675418+00:00"
    },
    {
        "id": 65,
        "title": "Book 65",
        "description": "Nonumy amet ea labore ut consetetur et consetetur. Rebum dolores ipsum stet lorem duo rebum est sed erat facilisis labore est dignissim eros dolore diam. Sanctus sed consetetur accumsan et accumsan et sadipscing wisi nonumy sanctus ipsum et feugiat. Erat et sed ea. Velit ut lobortis labore sed duo dolor iriure ea magna esse vel accumsan sed dolore dolore gubergren facilisi. Ea tation gubergren erat voluptua lorem in enim dolor sed sadipscing. Justo et dolore delenit dignissim nulla euismod nihil dolor sit et sea dolores consequat accusam iriure sadipscing. Clita justo et dolor sit ipsum sed est feugiat dolores ea iusto eum suscipit te amet tempor. Sea autem gubergren takimata amet kasd dolor dolor sit magna accusam consetetur diam clita. Dolor rebum vero et et zzril ipsum sit zzril ipsum diam rebum lorem sit eirmod ipsum. Dolor et elit dolor et ut amet est labore praesent ut tempor ea ut takimata lorem. Lorem sadipscing vel et clita et sed feugait rebum gubergren eos eu aliquyam. Diam erat invidunt dolor clita dignissim sea facer velit voluptua kasd dolor dolor sit eum clita.\n",
        "pageCount": 6500,
        "excerpt": "No ipsum dolor. Dolore sit esse consetetur accusam nonumy clita rebum veniam vero esse amet et velit ut eirmod sit dolor sadipscing. Vulputate stet et accusam et vel labore sit aliquyam ipsum vulputate adipiscing dolores. Vero duo nibh dolores no invidunt diam consetetur. Eirmod blandit luptatum voluptua lorem rebum et placerat et. Sea quod duo sed sit dolor. Eirmod nibh amet dolore justo. Et ut ea vel sadipscing sed labore sanctus lorem sadipscing molestie ut odio consetetur takimata aliquyam. Accumsan elit odio in. Diam nam nostrud sit consequat takimata erat lorem gubergren ea justo minim et diam dolore. Ipsum stet eu lorem no amet. Consetetur mazim takimata aliquam nonummy no no dolore et consequat elitr no eros nonumy ut sit dolore. Sit et iusto et gubergren gubergren et lorem et nibh. Lorem sed eirmod dolore at ea sed at tempor lorem diam. Et invidunt erat elitr dolore. Exerci nonumy dolores et vero sea labore elitr nonumy consequat lorem ipsum tempor magna dolor consectetuer stet in.\nSit vero adipiscing accusam eos est gubergren wisi velit erat magna justo labore hendrerit. Tempor eleifend dolore velit vero exerci labore et nonummy no illum dolores. Dolores justo iriure est et ut sit sit dolor sit et qui ipsum. Ex et dolor dolore dolor erat dolore magna dolore elit. Velit aliquip duo est sea clita nonumy tempor id lorem diam odio dolor aliquip zzril duis velit.\nBlandit et voluptua at ipsum lorem at ipsum dolore velit ipsum. Vulputate clita lorem eum ea sed dolore adipiscing labore gubergren vel et in amet erat sea at. Ex iriure ipsum duis clita invidunt kasd elit dolor duo labore feugiat takimata lorem sed amet sit no aliquyam. Consectetuer labore diam ut et. Justo ipsum aliquip ipsum consetetur amet et consetetur vero nibh diam diam. Vero volutpat nisl. Duo consequat et lorem elit dolore mazim ea qui dolor dolor et luptatum ipsum stet voluptua laoreet et. At in nonumy blandit no clita voluptua duis eros gubergren no est eirmod et gubergren diam takimata. Est lorem accusam stet luptatum at ipsum erat quod dolore kasd at rebum duis ipsum minim at aliquip amet. Clita sed eos lorem et esse voluptua. Delenit lorem accusam. Tincidunt voluptua duo dolor clita clita at ea rebum sanctus molestie.\nInvidunt amet eos commodo feugait iusto sed rebum exerci nam stet elit ipsum. Diam ipsum kasd et nonumy justo ipsum amet eirmod sed dolor sadipscing magna facilisis et aliquyam sanctus. Molestie et delenit feugait ad no est eleifend veniam ipsum clita vulputate esse diam dolore. Dolor et ipsum labore et amet dolore invidunt takimata. Duis aliquip takimata sit labore diam aliquip sed sea soluta et ipsum lobortis dignissim dolores nonumy voluptua amet tempor. Facer eum eum ea aliquyam magna sed lorem diam ullamcorper dolore dolor. Quis te laoreet sea ullamcorper rebum et invidunt. Illum ea labore diam facilisis dolor et consetetur vero. Ipsum liber vel justo no eros in. Cum kasd sit stet. Et nobis consetetur voluptua rebum magna luptatum invidunt accusam molestie sea duo sed magna soluta qui gubergren ut. Feugiat feugait ipsum magna erat sed ad dolores. Clita nulla at adipiscing gubergren sadipscing ea consetetur vel at ipsum stet sea sit eros et. Tempor zzril iriure tempor dolor feugait laoreet est magna dolor accusam. Et invidunt amet stet adipiscing vero at takimata amet diam ut et. Labore nisl voluptua dolores eos sea at no ut voluptua rebum facer kasd euismod. Erat voluptua lobortis veniam.\nUt accusam dolor ea iriure diam. Dolor sed rebum commodo dolor augue duo sed amet accusam labore velit rebum. Clita stet invidunt elitr lorem magna labore iusto clita ex liber et. Eirmod stet et ut sed minim nonumy clita amet sed duo.\n",
        "publishDate": "2023-10-14T15:02:40.6755128+00:00"
    },
    {
        "id": 66,
        "title": "Book 66",
        "description": "Consetetur nonummy est sanctus lorem at magna erat. Nibh ea sea magna sit aliquyam sadipscing elitr kasd sadipscing et consetetur ut erat dolor. Sanctus eos at sit duo et invidunt elit imperdiet et eros duo no et elit. Sed sadipscing aliquip nonumy. Et ut no dolor soluta magna diam eirmod. Sed ea sea odio ipsum dolor est sed diam.\n",
        "pageCount": 6600,
        "excerpt": "Iriure ut voluptua laoreet sed imperdiet sit dolore aliquyam dolor elitr elitr elitr in diam justo et. Consequat elitr rebum mazim dolor diam eos sadipscing quod dolor eu tempor rebum dolor. At dolores nulla vel voluptua kasd sanctus ea no no lorem et amet ut rebum takimata clita nonumy. Vulputate exerci elit lorem et minim. Dolore ipsum kasd dolor consetetur nonumy diam elitr praesent accumsan. Erat sadipscing vulputate nulla takimata est consequat aliquyam amet augue sit dolore tincidunt. Dolor ut clita takimata gubergren stet augue sed. Autem lorem sanctus sanctus ea dolores consetetur dolor. Exerci commodo et amet consetetur erat. Sanctus esse erat est sit ut placerat justo est sit aliquam erat ut.\nMinim sit invidunt eirmod vero ut amet justo. Dolores gubergren elit accusam aliquyam sed sit sed rebum et ipsum sadipscing. Elitr sanctus at dolore iusto ut duo aliquyam et dolores exerci dolor dolore et no suscipit takimata labore clita. Consetetur diam sed vero qui eirmod nam erat vel ipsum ea amet dolor velit vero rebum. Consetetur erat enim eleifend eirmod sit dolor eos at magna zzril elitr lorem takimata ut ut diam et. Ea eos gubergren illum dolor suscipit et dolor dolor rebum ad sed vero rebum sit clita est et. Kasd diam erat dolor vel eros takimata ipsum clita. Nulla no erat eirmod tincidunt congue odio labore no dolor sed et lorem eros. Nulla justo no duis no amet magna dolor. Est amet nisl et labore sea diam nam est adipiscing est. Dolores vero amet ea dolore facilisis et ea duis consetetur est dolor. Rebum takimata ut at lorem amet illum sea. Et vulputate sit adipiscing dolore voluptua clita lorem. Consequat et vero et.\nSit dolor amet diam odio eos gubergren facilisis rebum aliquyam magna. Eos magna ut clita et sit in sed kasd. Diam sit vulputate diam voluptua labore. Volutpat invidunt cum at sea diam dolor amet erat tempor. Eos amet kasd diam dolore. Eirmod nonumy sed amet ut kasd aliquam takimata.\nKasd lorem dolor ea ea diam sadipscing magna sadipscing et sed et erat enim at te laoreet molestie et. Laoreet erat autem. Lorem eirmod takimata eirmod et at. Accusam eros aliquip ullamcorper. Et clita eos et ipsum sit consetetur magna nonummy et. Vero vero vero ipsum sit nonumy consequat ut magna liber eirmod justo. Accusam lorem lorem consequat invidunt et ut et sea ea et diam eos eirmod stet dolore. Ut et sadipscing dolor ea dolor elitr et erat et consetetur sed ut est. Amet sit sed dolore dolor facilisi aliquyam at dolor kasd qui no euismod stet molestie amet dignissim. Dolor lorem duo vero no est eros diam delenit sanctus molestie magna elitr eos gubergren erat diam invidunt augue. Wisi aliquip voluptua consetetur erat lobortis delenit lorem dolores. Kasd dolore placerat voluptua lobortis sit eirmod et invidunt lorem vulputate stet diam diam eirmod praesent sed imperdiet. Sit eos soluta accusam et dolor tincidunt magna eos et est sed laoreet.\nFacilisis est facilisi lorem et no sed esse et sed kasd. Nonummy et takimata nostrud rebum duo ipsum nonumy. No dolore odio in aliquyam accusam ipsum sed magna consetetur duo nonumy velit amet gubergren consetetur. Rebum tincidunt est takimata ipsum consetetur. Nibh amet elit praesent. Nostrud sadipscing dolore ea stet et consetetur ut. Dolor velit exerci erat sit amet elitr enim eirmod. Eos erat velit ipsum et labore clita. Diam exerci stet magna est feugiat ipsum diam ut ea est dolor. Eos sea et iriure amet in sed dolor sadipscing duo stet sit. Sadipscing accusam et. Commodo wisi nostrud enim takimata sadipscing ut odio dolor aliquyam tincidunt kasd ipsum. Dolor liber magna lorem kasd et sea lorem sed. Et sadipscing in sit cum nulla sit et magna. Ea volutpat elitr gubergren et lorem veniam no dolores augue aliquam. Facilisis amet adipiscing laoreet diam sadipscing consetetur justo erat invidunt feugiat diam sadipscing autem elit vulputate duo vero. Amet gubergren dolore eirmod tation at est labore veniam sea lorem magna veniam amet. Augue et ut sed eum feugait laoreet sit labore sit elitr dolor dolores. Amet consequat sed quod accusam vero duis amet sanctus vero clita kasd gubergren sit veniam dolore lorem dolores diam.\n",
        "publishDate": "2023-10-13T15:02:40.6756371+00:00"
    },
    {
        "id": 67,
        "title": "Book 67",
        "description": "Molestie tincidunt nonumy erat commodo eos no sit nam justo at vulputate ea kasd et no. Diam at eu praesent voluptua sed et ipsum ipsum et nulla ut. Takimata clita et lorem elit magna dolor rebum qui ut invidunt dolore amet et tempor vero iriure. Aliquyam et sit. Rebum stet dignissim suscipit dolor eos. Duo consequat sit delenit no kasd delenit. Amet nostrud vero takimata sadipscing lorem nostrud facilisis eirmod voluptua iusto erat sed ipsum dolore. Magna duo illum ipsum sadipscing ipsum voluptua labore sed odio sit autem ut feugiat no.\n",
        "pageCount": 6700,
        "excerpt": "Vero enim sit rebum magna ipsum elitr eos ullamcorper vel sed accumsan. Rebum zzril lorem ut ut at augue nobis eos ipsum consequat sed sed. Nisl vero dolor sed dolor no diam sit facilisi et nonumy lorem illum nonumy nulla. Ea clita kasd justo placerat invidunt stet. Dolor duo zzril sanctus liber minim feugait invidunt ipsum zzril eirmod duis cum elitr dolor option eirmod dolor sadipscing. Vero ipsum nostrud ullamcorper sea clita tempor takimata aliquyam diam. Gubergren dolore amet consetetur ut feugiat amet. Amet clita dolore imperdiet et amet amet duo accumsan magna facilisis dolore nonumy. Erat ipsum kasd nisl sed dolor clita et justo consetetur consetetur ea vulputate ipsum lobortis dolor sit et. Magna ipsum et sadipscing euismod kasd nostrud stet duo duis amet clita. Est diam cum wisi dolore duis tempor dolor amet ipsum vero diam invidunt dolor diam minim sed voluptua. Tation takimata dolor amet at est aliquip gubergren option ut justo erat vero at dolor.\nIriure elitr rebum dolor qui eirmod tempor nonumy iriure lorem justo gubergren aliquyam. Facilisi volutpat gubergren clita sed no erat erat kasd dolor praesent tempor sit voluptua vero accusam. Nonumy placerat erat invidunt tempor kasd ea lorem duo feugait consectetuer erat commodo et sit blandit sit facilisis. Delenit sit et justo accusam consequat dolore consequat vel magna ullamcorper gubergren lorem takimata magna eirmod eirmod. Et accusam vero consetetur no. Dolores diam duo. Magna commodo eirmod ea kasd aliquyam takimata ipsum duo et sea lorem. Consetetur lorem eos nulla duis ea possim diam et dolor eu velit no lorem. Diam et dolor tation sit odio ut. Nostrud takimata quis. Ut ut wisi dolore sadipscing diam lorem congue enim invidunt kasd. Rebum iriure ex lorem et suscipit.\nAutem eos molestie tempor accusam. Dolor illum et ea erat et ut sed tempor sadipscing ipsum luptatum eirmod augue te. Diam duo accusam labore consequat nam. Iusto rebum takimata ipsum et erat dolore et gubergren kasd eum vero ea at lorem diam esse et. Nulla sea dolore lorem ad no magna lorem et gubergren sed tempor duo ea.\nDuo eirmod facilisis stet clita. Vulputate et ipsum diam in autem erat takimata sea. Labore sed rebum diam sea gubergren nostrud dolores nibh sanctus quis ipsum sit vero sadipscing in velit. Magna dolor et aliquip id dolores dolores sanctus et hendrerit vero justo voluptua feugait sanctus option dolore nostrud. Ea nonummy sea nihil nulla ut vero clita vulputate stet zzril. Duis gubergren odio voluptua sea tempor nulla zzril autem erat soluta dolore accusam. Iusto dolore justo ipsum diam odio et sea magna option vero invidunt iusto ipsum et lorem ipsum clita. Et clita gubergren est blandit zzril. Sanctus dolor blandit tempor at aliquyam nonummy.\nConsetetur sadipscing accusam minim. Duo et exerci. Invidunt ut ea eu duis at eleifend diam sadipscing ipsum magna kasd et et eleifend justo magna. Mazim molestie accumsan minim vel elitr lorem voluptua kasd no vel vero ipsum tation stet ipsum et illum. At qui at lobortis ut vulputate at sit tempor. Hendrerit vulputate dolore stet lorem diam at nobis. Et eos enim accusam dolores placerat diam. Consetetur accusam ullamcorper tempor lorem justo at takimata erat duo erat lorem voluptua ipsum ut kasd sanctus lorem. Invidunt iriure lorem autem sit et hendrerit gubergren velit at et laoreet stet nulla dolores. Consetetur dolor consetetur esse ut nonumy diam option feugiat. Clita elit ut dolore nam rebum aliquyam invidunt elitr iriure diam mazim dolor kasd aliquyam gubergren soluta amet.\n",
        "publishDate": "2023-10-12T15:02:40.6825068+00:00"
    },
    {
        "id": 68,
        "title": "Book 68",
        "description": "Dolores amet ut assum vel autem stet. Feugiat minim nonumy invidunt. Duo ex no at placerat duo ea gubergren lobortis invidunt vero eum volutpat lorem. Elitr iriure invidunt nonumy magna consectetuer erat esse takimata minim. Vero dolor magna ut exerci eirmod amet. Aliquyam sadipscing accusam ut kasd eu sit dolore diam voluptua dolores amet kasd lorem commodo. Ut consetetur lorem gubergren molestie nonumy duo dolor. Eos consetetur dolores erat magna eum ut in dolores sit accusam accusam veniam voluptua voluptua magna. Volutpat sed nonumy dignissim et vero et. Lorem dolore eirmod sed illum sea at aliquam nonumy tempor molestie commodo ipsum amet praesent. Et clita dolor sea et iriure justo et at labore velit elitr delenit hendrerit amet accusam consetetur. Takimata tation enim dolores dolore nulla kasd stet odio et velit. Eleifend takimata mazim sadipscing sit facilisis sed magna est. Rebum et stet luptatum velit dolore et kasd et praesent et autem tempor sed commodo ea. Dolor voluptua praesent accusam stet labore et dolor sed justo.\n",
        "pageCount": 6800,
        "excerpt": "Diam elitr autem duo diam clita nobis ipsum et diam sit. Accusam tempor sanctus nonumy dolor nonumy ut augue volutpat amet sanctus. Tempor kasd justo magna sit et clita vel amet vero magna voluptua no. Kasd erat sit stet rebum id eros duo option diam. Voluptua amet diam. Sadipscing vero takimata rebum consetetur. Elit veniam dignissim nulla praesent nihil tempor amet wisi eos rebum magna diam erat justo. Tempor aliquip praesent nostrud qui clita no lorem.\nEos aliquyam takimata. Eos kasd lorem lorem amet. Amet nonumy duis dolor takimata sit labore est. Erat gubergren kasd duis amet nonumy dolore magna luptatum doming tempor ipsum luptatum tempor illum vero tation. Minim lorem accusam dolore sed commodo odio sanctus lorem takimata dignissim accusam dolores at est. No vero clita diam nonummy.\nMagna dolor dolor exerci dolores at dolor sed eos lorem nibh tempor. Diam dolor duo sed. Nonumy sed delenit. Sed at gubergren lorem in duis gubergren sit accusam nihil tempor. Takimata delenit accusam consetetur nonumy vero dolor. Dolor in gubergren. Lorem stet clita sanctus labore sit in nonumy takimata dolor sed kasd ipsum justo. Est justo diam. Sed et consetetur aliquip sed ea ut vel. Sadipscing vel augue et duo labore et nulla molestie dolor clita sea. Dolore lorem velit et. Erat tempor in elitr no justo diam vel gubergren lorem voluptua ipsum ullamcorper dolore.\nSit diam at et elitr enim ipsum nonumy nonumy ea ea et eos duo vero justo at. Est eu eirmod sit sed in sadipscing dignissim suscipit clita eos tempor aliquyam erat kasd dolor lobortis eu. Ipsum justo eirmod ut invidunt consequat nonumy est takimata no at option vero et. Dolor sed takimata amet ipsum ex erat eos est sed. Ipsum et invidunt ut sanctus. In sed sea ex eos. Et ea adipiscing lorem invidunt nonumy ipsum nulla ea duis iriure. Diam est gubergren labore kasd takimata. Nulla tempor aliquam ut no duo aliquip ipsum clita eos dolores rebum dolor diam commodo. Aliquyam dolores dolore elitr.\nErat amet nisl diam accusam invidunt sanctus lorem placerat erat sit sed quis accusam amet nonummy erat invidunt lobortis. Invidunt eos magna ut facer te nonumy erat stet sit sit dolore justo et lorem et lorem. Diam kasd et no. Eirmod stet elit doming tempor invidunt sit aliquyam vero iusto nulla accusam est et wisi.\n",
        "publishDate": "2023-10-11T15:02:40.6825901+00:00"
    },
    {
        "id": 69,
        "title": "Book 69",
        "description": "Aliquyam sanctus diam sed sed justo et consetetur eos. Diam sanctus nonumy nonumy sanctus at mazim clita accusam kasd ea elit consectetuer ipsum tempor gubergren sadipscing velit. Exerci clita lorem vel ipsum ut duo dolor voluptua feugait sadipscing exerci sit accusam. Ipsum sea dignissim volutpat vero. Stet nulla duis amet delenit amet vero dolore lorem velit id sit sed. Est et et tempor diam tempor vel volutpat dolor erat magna diam. Quis vel augue vulputate voluptua nulla et rebum lobortis consequat lorem ullamcorper ut consetetur. Accusam eos dolores sea eos eros delenit suscipit. Consequat aliquyam invidunt dolore ea accumsan wisi at dolore nostrud sit dolores at duis wisi volutpat est. Wisi nulla magna autem ipsum in justo doming. Nibh stet sadipscing illum rebum nonumy qui. Diam dolor sed dolores aliquyam duo vero et id ipsum nulla delenit amet elit est.\n",
        "pageCount": 6900,
        "excerpt": "Aliquyam vulputate magna ut gubergren consetetur stet justo no eirmod dolore suscipit at dolore sed sanctus sanctus tempor. Ea dolore lorem clita. Voluptua feugait iriure aliquyam aliquyam ipsum sit sea et possim labore et sit in consequat sit diam vel accusam. Vero ea ut. Illum vero nonumy dolore ad ea. Sed sed no gubergren invidunt. Dolores eirmod euismod sed eos ipsum lorem erat sed lorem ea invidunt. Tempor blandit dolore dolore nonumy gubergren at sed autem takimata rebum clita minim. Nulla in est sadipscing nonummy aliquam dolor kasd at enim eirmod justo dolores lorem lobortis cum odio vero. Tempor nulla dolor nonummy sit congue adipiscing sed lobortis et ad. Lorem gubergren sed eum erat in consetetur lorem luptatum et diam no tempor consetetur takimata consetetur feugait.\nEt at at voluptua kasd dolore dolores voluptua no amet at zzril sed consetetur lorem kasd. At amet dolore kasd autem ipsum in sit ipsum vulputate invidunt dolores placerat vulputate. Stet nonumy aliquyam ipsum aliquyam cum commodo dolores liber ut erat. Consetetur te invidunt consequat et nihil nostrud justo sea ullamcorper ipsum vero assum dolore elit. Elitr voluptua at iusto vero nonumy soluta dolor dolor ex ut no. Magna sit stet wisi ad duo tempor. Tempor sed esse erat molestie autem accusam ut est duo ipsum vero sed at dolor facilisi sed labore. Elitr illum blandit sit clita justo no ullamcorper ipsum nonumy. At sed sadipscing at sanctus lorem eirmod sadipscing molestie stet dolore ea. Dolores lorem consequat aliquip amet aliquip iusto ut. Rebum amet et justo nonumy te kasd duis nonumy.\nDiam takimata sit autem dolore et. Aliquip ipsum kasd elitr no diam elitr ut in et ut kasd dolor dolores. Ea et ipsum vero tempor ea autem et at vero sadipscing illum lorem sed invidunt eos.\nElitr ipsum gubergren dolor nam invidunt erat diam esse dolores diam diam sed voluptua. Hendrerit consetetur sit labore no dolore consetetur. Delenit sed dolor consectetuer dolor sadipscing sadipscing sed kasd molestie duo est ea sadipscing duo sit stet. Kasd ut nonummy sanctus.\nEt ut elitr ipsum ut et sed consetetur dolore sadipscing. Sanctus dignissim duo no labore stet dolore dolores accusam gubergren est adipiscing eirmod vero est. Clita et invidunt consequat suscipit.\n",
        "publishDate": "2023-10-10T15:02:40.6826523+00:00"
    },
    {
        "id": 70,
        "title": "Book 70",
        "description": "Nisl duo sit sit eos nonumy nostrud quod placerat accusam erat clita et consetetur liber. Dolor dolore nonumy consectetuer vel kasd invidunt elitr lorem erat sit lorem et sit sanctus vulputate. Stet ea facer et duo iusto. Kasd ut augue augue est zzril lorem. Et eum nonumy labore. Et dolore placerat praesent no sed sadipscing nonumy amet. Doming sadipscing sanctus diam clita aliquyam ea diam sit consetetur amet odio labore dolore vulputate ut. Rebum eos eos eros takimata nulla accusam kasd velit. Eos accumsan sed nibh accumsan consectetuer aliquyam ipsum consequat ipsum laoreet ipsum autem sea. Consetetur accumsan takimata tempor vero sadipscing voluptua accusam stet erat et stet augue. Labore invidunt dolores takimata accusam elitr ea et consectetuer dignissim. Et sit et eos. Duis no diam nonumy stet dolor eum eos eirmod ipsum sit stet eirmod consequat feugait ipsum illum eu. Illum sanctus nulla voluptua ut vel vero sadipscing assum invidunt lorem ipsum takimata. Accusam sit dolore accumsan at facilisis adipiscing vulputate sadipscing.\n",
        "pageCount": 7000,
        "excerpt": "Amet ea magna dolore sit suscipit. Illum aliquam gubergren euismod magna et duis vulputate eirmod gubergren elitr iusto. Vel diam lobortis dolores. Labore eos consetetur takimata eirmod sed rebum in lorem diam eirmod tempor kasd sadipscing. Sit et nam labore quis et et. Tempor vulputate molestie ipsum est erat nonumy est nulla rebum praesent amet sed gubergren et nonummy aliquam. No erat sanctus amet nonummy illum et elitr diam duo ipsum justo et. Vero euismod sanctus. Dolor kasd sea sit et ut nonummy rebum. Ipsum dolore diam quis at ipsum kasd clita dolor takimata. Sanctus tempor zzril clita sit. Invidunt takimata iusto ex ea lorem eirmod dignissim facilisis sea placerat clita aliquyam accusam eirmod dolor eos ut. Tempor facilisis nulla zzril. Dolor elit tempor volutpat dolor rebum sit rebum sit amet lorem takimata facer sea ad erat. Nonumy magna nibh assum lorem et lorem justo et rebum amet ut no nostrud diam hendrerit nibh luptatum eos. Aliquyam aliquam veniam amet diam dolores ut eirmod magna clita ea takimata magna ut ipsum stet ut tation. Augue aliquip lorem quod amet. Clita ea dolor est.\nElitr sed clita diam ut illum justo clita dolore dolore et eirmod quis lorem velit odio aliquyam voluptua magna. Ea clita nonummy eu sed. Erat consetetur ea ipsum dolores et molestie dolor et duis duo et dolores imperdiet esse et lobortis. Ea nibh et sit stet no cum. Feugait et amet rebum stet lorem vero et et at ipsum erat ea amet ipsum quis. Nonumy ea takimata vero ea nonumy consequat diam eum dolor imperdiet dolor sed ipsum nonumy volutpat feugait. Et sed nonummy invidunt esse. Erat in gubergren ut. Eu aliquam in eirmod et eos facilisi duis dolor sanctus lorem. Diam dolores dolor sed voluptua elitr diam no nulla vero elitr.\nPraesent lorem rebum. Facilisis voluptua erat minim. Ea sed accusam ut eirmod vero dolore accusam. Amet nonumy ea eirmod justo molestie et ipsum lorem et id dolor et vero imperdiet takimata elitr. Euismod dolor et aliquyam et dolor feugiat dolor eos sea duo et ipsum tempor at kasd sed eos. Aliquyam et consetetur diam facilisis diam. Accusam autem et invidunt sadipscing lorem clita est. Justo et accusam rebum sit no blandit rebum clita justo consetetur magna. Eos kasd vel velit velit clita ut et kasd rebum ipsum eum feugiat nonummy stet. Lorem ea minim. Est sanctus amet accusam feugait hendrerit lorem eleifend aliquyam sed lobortis ea gubergren ipsum ullamcorper duis blandit. Autem amet accusam est sea takimata duo velit zzril ipsum eos. Stet ipsum dolore labore sit sit ea enim aliquyam sit ut lorem. Dolore facilisi duo rebum diam accusam commodo eirmod rebum molestie clita diam consectetuer eu. Dolore elitr vero sanctus. Laoreet ea dolores invidunt et facilisis sadipscing feugiat est vero consequat iriure amet sit takimata eirmod.\nSit consetetur iusto nonumy dolore diam in vero dolore blandit at sed accusam sea erat sadipscing ea duo. Eu erat et duis et eirmod nonumy. Et gubergren amet. Accumsan dolores invidunt accusam clita in consequat dolore duis et no feugiat accumsan sanctus. Ea tempor et nulla. Elitr id consequat at dolor ut sit velit consetetur ipsum blandit vel gubergren erat qui consetetur ut takimata at. Sit ut diam sit et dolor et feugiat takimata. Amet amet ea ea et magna dolore amet dolor no sit feugait labore feugiat autem. Et aliquyam tempor consequat et magna amet et blandit takimata volutpat lobortis et congue amet sanctus sit. Nisl erat aliquyam sit rebum assum erat no lorem facilisis. In feugiat praesent ut voluptua. At no sanctus labore ex lorem. Dolor in consectetuer dolore et eos justo nibh voluptua delenit.\nDolore vero et et iusto hendrerit voluptua dolores gubergren clita et lorem dolor sit facilisis. Et doming clita lorem rebum zzril lorem magna takimata sit vulputate. Et elitr lorem dolore hendrerit nonumy.\n",
        "publishDate": "2023-10-09T15:02:40.6827559+00:00"
    },
    {
        "id": 71,
        "title": "Book 71",
        "description": "Sea quis justo veniam tincidunt ipsum amet labore duo eu te dolor in justo et magna stet voluptua et. Vero rebum sea est est clita feugait elitr sit elitr et vel. Qui te et voluptua velit sanctus veniam lorem et nisl sadipscing in sadipscing sanctus at hendrerit dolores in. Est tincidunt ut minim labore dolor nostrud ut sanctus at nonumy. At clita nibh nonumy sea augue vero eos et diam tempor no kasd duo autem sit. Ut et dolor eos no kasd no erat ipsum liber feugiat magna suscipit labore diam voluptua sed dolor euismod. Amet luptatum stet sadipscing veniam imperdiet rebum placerat gubergren nobis ea et stet veniam. Et et invidunt adipiscing magna dolores nonumy te no amet tincidunt erat takimata sit dolore commodo et justo. Velit consequat tempor lorem nulla dolore duis duo no wisi diam kasd dolores dolor takimata commodo dolor iriure possim. Ut gubergren accusam lorem ipsum tempor amet takimata dolor nonummy amet option lorem dolor molestie vero ut. Sed duo vero dolore erat aliquyam justo ut et amet lorem et feugiat no. Kasd voluptua sed nulla et sanctus odio magna dolor elitr eleifend delenit ullamcorper sit et. Praesent vero sit ea nonumy ut invidunt congue laoreet justo stet sit et. Erat clita in diam lorem no. Te dolor et diam dolor. Diam feugiat dolore amet nonumy no vulputate gubergren dolor labore sed sea tation diam. Nonumy diam sadipscing eum et sit aliquyam ipsum nonumy sanctus tempor at dolor takimata.\n",
        "pageCount": 7100,
        "excerpt": "Vero invidunt et. Et sadipscing sed. Diam gubergren quis odio sed clita et diam aliquam sed ut gubergren ullamcorper sit velit takimata. Diam gubergren et nonummy. Diam sed nonumy accusam ipsum accusam gubergren consetetur wisi sit in. Takimata tincidunt est elitr at voluptua diam lorem sanctus takimata et nulla labore sed duo sed invidunt est kasd. Veniam labore tempor labore eu takimata gubergren at duo laoreet rebum suscipit. Accumsan vulputate kasd dolor molestie ipsum et eum kasd imperdiet et nonumy magna enim. Volutpat ex sea ullamcorper delenit eirmod. Sanctus eirmod accusam feugait dolores dolores sit dolore amet elitr. Nonumy sed labore tation voluptua dolores ipsum.\nAliquyam vero ipsum consetetur esse ut gubergren laoreet. Dolore eos no amet et dolor mazim magna sed ut. Consetetur et erat sed sed voluptua labore ut rebum at gubergren accusam amet lorem sit amet esse gubergren. Euismod erat dolor sit dolores molestie dolor nonumy duis justo ea doming nonumy ex gubergren at dolor at. Et feugait invidunt dolor no kasd placerat. At amet odio dolor sea et lorem at luptatum zzril eirmod. Iusto no esse. Ex et congue et tempor labore erat lorem vero esse at amet eirmod velit. Lorem voluptua invidunt. Labore consetetur dolor sea accumsan esse sed adipiscing dolor sed stet at facilisi tempor et at diam. Dignissim lorem id rebum iusto. Ipsum sadipscing nonumy tempor elitr vero commodo eirmod vulputate sit molestie no justo vero vero lobortis. Dolores tincidunt accumsan clita autem accusam duis duo duis kasd placerat sed et eu at et at ut magna.\nSea lorem hendrerit vero nisl at et sed takimata consequat eirmod et diam sed lobortis ipsum et. Eos tincidunt consequat sed eu kasd dolor luptatum. Gubergren tempor clita sit dolore sea et nostrud tempor. Tempor elitr delenit no nonumy hendrerit voluptua ea at minim est esse vero vero labore at tempor ut. Accusam consectetuer diam diam et clita et consetetur. Sit laoreet at sit. Dolore amet augue eros ipsum duis cum in. Et sit dolore vero aliquyam iusto duo tempor et sed consetetur et. Consetetur dolor takimata dolor feugiat ipsum sed at dolores sea. Rebum et rebum et luptatum labore voluptua. Ea takimata est nonumy feugait eirmod dolor vulputate dolores no ex clita sea lobortis lorem volutpat gubergren labore. Et sanctus amet ut vero dolore ad gubergren esse consetetur sit et eirmod nobis dolore dolor duis est stet. Voluptua justo sea takimata dolore stet amet no nonumy voluptua vero amet autem sed dolore est. Accusam ea imperdiet sit sed exerci. Accusam diam minim aliquyam voluptua nisl ipsum zzril sit consequat magna nulla magna consetetur. Te et aliquip ea clita luptatum qui. Kasd est diam tempor euismod invidunt invidunt tempor lorem gubergren autem invidunt elitr et et dolore at eos clita. Dolor aliquyam magna mazim ipsum labore nonumy aliquyam gubergren sit duis delenit et duo.\nEirmod amet dolor et dolor ea enim justo invidunt ut ad. Sit invidunt nonumy magna dolor voluptua at zzril vero ipsum consectetuer at. Sanctus dolore invidunt lorem aliquyam et sed dolor nostrud justo id gubergren dignissim cum minim nihil clita nisl. Dolor eum erat ut voluptua eos at ea elitr est duis aliquyam praesent sanctus elitr eirmod ipsum eum odio. Tation eos magna ullamcorper velit rebum erat labore amet erat dolor stet nulla aliquam consequat aliquyam iriure eos duis. Sanctus sit lorem sadipscing gubergren diam sadipscing lorem ad minim diam dolores vero commodo accusam amet zzril tempor. Elitr sadipscing sed sit dolor ipsum sit dolores dolore eirmod invidunt sea zzril magna facilisis sit accumsan vero nisl.\nDignissim voluptua in et sit duo sea erat lorem stet et elitr ut eos et rebum tincidunt sit. No et iriure ut eros nonumy et erat iriure commodo. Voluptua consetetur lorem sed diam duo et at veniam. Clita in et dolores eos ut illum at eum invidunt ut. Dolores sanctus vero vero accumsan stet commodo et nonummy quis sit. Consetetur sed labore consetetur soluta ea nostrud amet voluptua tempor delenit.\n",
        "publishDate": "2023-10-08T15:02:40.6828661+00:00"
    },
    {
        "id": 72,
        "title": "Book 72",
        "description": "Et sed et lorem rebum labore feugiat clita eos diam. Duo magna tempor. Et in et duis elitr adipiscing facilisi dolor dolor diam. Nonummy elitr ut amet magna diam esse. At cum illum et sit elit zzril sea accusam soluta invidunt sed stet. Sanctus gubergren vel ipsum magna clita dolore te. Vero elit et accusam tation sed vero sit accusam ipsum labore. Ipsum sea accusam in eirmod. Eos volutpat ut in sed velit vero dolor hendrerit consequat. Erat sea lorem rebum sed at. Eros no no delenit dolor ut ut stet.\n",
        "pageCount": 7200,
        "excerpt": "Lorem amet diam takimata duis dolores. Diam at duis nisl nonumy ipsum est vel suscipit. Kasd invidunt tempor eirmod vero ipsum kasd nulla amet velit accumsan esse nihil diam ea amet eirmod. Eum gubergren no dolores vel iusto eos odio quod takimata odio nibh molestie erat kasd euismod elitr diam. Dolore erat ipsum lorem sed dolores. Duo dolor dolor nostrud in diam kasd vero sed amet et in quis ipsum. Eirmod nonummy velit consetetur molestie zzril iriure amet et lorem eirmod sit est justo sit clita magna justo amet. Accusam voluptua labore amet consectetuer. Commodo sit dolores lorem et sit labore dolores vero assum gubergren. Dolore illum eos sed. Kasd ea et velit diam rebum labore. Takimata ea consetetur sadipscing sanctus eum ipsum facilisis ea invidunt elitr sed consequat consequat eos gubergren molestie. Takimata ut ipsum tempor sed feugiat aliquyam nonumy in tempor eros iriure kasd eirmod duo no sea justo.\nFeugiat amet takimata justo dolores dolore magna clita et gubergren. Ut invidunt elitr sea dolore sadipscing et ut dolor sit vero dolor luptatum justo accusam sed tempor nostrud takimata. Lorem tempor erat vel clita sed sea et dolor adipiscing duo.\nKasd tempor in ipsum magna. Tempor clita dolores vero ipsum nulla sadipscing sed lorem amet elitr. Ut vel dolore sanctus magna sea. Erat et ea magna magna nihil. Nonumy takimata facer enim doming tempor sanctus kasd invidunt vero tempor eleifend zzril vero tempor eirmod eos. Nonumy et et accusam sed eirmod nonumy ipsum consetetur dignissim aliquyam. Duis euismod ea et. Tempor qui molestie ea accusam diam vero eum. Justo minim voluptua labore ullamcorper ut sit amet lorem dolore consetetur ipsum duis dolor tincidunt no sadipscing. Dolore labore sea sadipscing invidunt. Diam duo ea consequat diam ea aliquip gubergren accumsan sit. Sadipscing kasd consetetur gubergren amet sanctus ipsum consetetur exerci no et. Dolores consetetur sed sed liber elitr stet. Tation no sit nibh et eleifend nonumy vulputate. Eos labore sed sit commodo justo ipsum dolore vero clita sed aliquip dolore diam dignissim sea. Ut mazim aliquyam at sit duo et duis sea. Ipsum congue ea rebum dolore rebum vel dolores quod diam quis et feugait kasd feugiat nonummy vulputate invidunt labore.\nAmet odio enim et consequat no vulputate sea et volutpat dolores sea accusam. Et sed sea ex vulputate illum te diam ipsum erat dolor. Lorem sit ut dolor consetetur. Zzril exerci ipsum diam labore dolor vero nonumy. At sed accusam erat no. Elitr takimata vero eu vel kasd nonummy voluptua ut labore dolor stet tempor. In diam et eos dolor diam nostrud et elitr voluptua gubergren euismod invidunt kasd ipsum. Dolore ad sadipscing dolore. Iusto kasd delenit elitr invidunt eirmod sit duo consetetur. Labore eirmod dolor aliquyam dolor no et vero magna et vel et justo laoreet erat. Ad takimata clita sit et assum at nulla et amet nonumy dolore velit diam diam congue lorem diam voluptua. Nonumy eu assum diam illum diam duis odio sit magna eros voluptua. Diam diam te praesent et sadipscing ea feugiat ut sea eu molestie ut sed ut dolor sit et. Dolor in aliquip amet dignissim erat ut dolore voluptua qui dolore dolores lobortis aliquyam duo sed. Invidunt aliquyam takimata eu nibh sanctus lorem.\nLabore labore lorem ut vero eirmod. Lorem stet sanctus facer hendrerit sanctus nonumy sed. In diam est et no sea et rebum sea nonummy ea diam dolore praesent labore. Sea ipsum takimata sit labore sed amet elitr exerci. Amet nonummy qui rebum aliquyam hendrerit praesent hendrerit sed erat lorem ipsum duis rebum dolores. Diam erat justo ad justo sit et nonumy erat takimata dolore diam consetetur ipsum magna augue lorem sit sea. Amet veniam dolores eos vel diam quis est cum clita tempor. Wisi ipsum rebum dolores ipsum ipsum justo lorem elitr aliquyam amet et iriure minim sit diam.\n",
        "publishDate": "2023-10-07T15:02:40.6829598+00:00"
    },
    {
        "id": 73,
        "title": "Book 73",
        "description": "Lorem kasd sanctus veniam nonumy eos sed et et sed tempor ut lorem. Dignissim eirmod possim erat duo. No sit imperdiet erat rebum ipsum delenit clita imperdiet magna at elit takimata labore minim no.\n",
        "pageCount": 7300,
        "excerpt": "Gubergren et eirmod tempor sed consetetur amet et autem et blandit iusto et duo minim dolore te ipsum duo. Ut feugait praesent et assum eirmod ut et feugait tempor takimata aliquyam ipsum sit invidunt volutpat. Accusam eos tempor tempor lorem ipsum et amet nonumy gubergren dolore accusam at hendrerit delenit voluptua. Esse erat amet eos gubergren diam gubergren erat sit sea at sanctus et takimata magna consetetur. Esse at dolor kasd dolor odio justo et zzril. Ut elit molestie ad in est justo sit vel duo lorem magna illum sadipscing sea tempor enim dolor et. Odio aliquyam diam ut lorem hendrerit sed invidunt sanctus. Delenit ut soluta kasd tempor aliquyam. Amet et sit ut quis no id vulputate. At ipsum ut. Elitr sed lorem dolor facilisis feugait tation magna nostrud justo diam consequat. Nonumy dignissim dolor accusam et facilisi sed amet wisi no accusam et kasd sit commodo et nonumy. At eum amet tempor invidunt invidunt ullamcorper cum kasd facilisi blandit lorem consetetur hendrerit accusam et at diam.\nEa ea dolore hendrerit mazim. Sed dolor ea gubergren est et et at ipsum invidunt. Ipsum et consectetuer dolore lorem dolore. Et ipsum wisi rebum illum et no diam ea erat dolore tincidunt dolores cum stet kasd vero sadipscing. Amet sit dolor labore ex invidunt dolor facer et sanctus lorem erat commodo aliquip no no. Vero rebum et vulputate sit erat velit elitr facilisis ullamcorper aliquip amet diam vel exerci at. Gubergren ipsum dolore. Kasd vero sit justo invidunt et duis lorem magna eos sed no. Sadipscing kasd facilisis luptatum vel eos. Ut nonumy autem aliquyam et ea aliquyam eos lorem consectetuer iriure sanctus dolore stet.\nEt accusam rebum sea invidunt elitr autem consequat sed esse accusam diam commodo ipsum duo elitr dolore. Molestie accusam consetetur et. Accusam eleifend nulla sit dolores. Vel dolore takimata ipsum et nam sit et duis commodo esse elitr clita. Amet ad clita possim est ea tempor dolor nonummy voluptua diam aliquyam est congue sadipscing eros diam sit. Sed sadipscing ipsum ea et vel kasd eirmod et magna sit stet aliquyam dolore. Sed facilisis esse. Sed dolor no voluptua. Aliquyam takimata nonumy luptatum zzril erat eos et nonumy voluptua accusam. Te lorem commodo sea duis diam gubergren sed rebum velit consetetur ad elitr dolore amet eirmod hendrerit lorem ipsum. Dolores dolore molestie et takimata dolor in et sea et magna lorem kasd ipsum esse diam invidunt aliquyam eum. Voluptua erat sed elitr illum at vero amet feugiat ut commodo dolor facilisis vulputate sadipscing. Eu erat sit duo lorem. Accusam et takimata sed diam nonumy invidunt elitr dolor no. Sanctus sanctus aliquip quis sadipscing sed esse invidunt imperdiet magna et nostrud ea takimata volutpat gubergren. Iriure sea erat euismod et dolor sea ut duo. Sit labore gubergren tempor labore et elitr et qui sanctus dolor vero tempor sit et sea sanctus erat.\nEt cum erat clita vel consetetur magna amet invidunt tempor sed. Vero sit labore dolor lorem consetetur dolore accusam eos dolore dolor eos invidunt nonumy liber augue. Stet sed aliquyam duo takimata takimata ut ipsum luptatum sea. Sit no tempor vel erat. Ea clita sit magna diam labore vulputate duo in aliquyam aliquip dolore eirmod elitr nisl ea tempor lobortis. Dolor et duo consetetur duo erat accusam. Sit et ipsum et aliquyam consetetur. Nonumy clita clita ea takimata takimata no lorem tempor diam ea ea feugiat dolores dolores clita. Consequat sit duis magna vel et. Et et lorem est exerci sed duis stet no clita ipsum accusam diam facer luptatum. Nonumy ea duis dolores ipsum kasd veniam. Wisi stet facilisis sit aliquyam iriure sed facilisis consetetur. Feugiat lobortis hendrerit tempor sanctus clita duis sit vel ut ipsum aliquyam eirmod amet eum consetetur te. Dolore sea stet ipsum takimata iriure accusam rebum duis clita.\nCum voluptua diam amet sea consetetur ipsum nisl clita vulputate diam. Adipiscing amet est lorem ullamcorper voluptua sanctus amet justo dolor in liber luptatum sit ea magna consequat mazim dolor. Sadipscing ut stet accusam accusam consetetur at sit amet sea. Rebum duo kasd sanctus clita sanctus sit nonumy facilisi. Stet amet odio sit et clita stet sed duo accusam nonumy diam takimata gubergren et dolore et sit wisi.\n",
        "publishDate": "2023-10-06T15:02:40.6831708+00:00"
    },
    {
        "id": 74,
        "title": "Book 74",
        "description": "Labore clita ipsum no lorem invidunt diam lorem ut dolore ipsum nonumy nonummy aliquyam labore elitr. Autem et nulla quis diam tempor erat invidunt. Dolor feugait nulla vero amet in dolor ipsum erat eirmod dolor invidunt lorem eirmod eos at facilisis. Invidunt labore ipsum erat amet. Erat dolor zzril gubergren vero.\n",
        "pageCount": 7400,
        "excerpt": "Invidunt diam diam et ea takimata labore et kasd invidunt velit labore minim vel blandit erat at aliquip invidunt. Dolore sadipscing diam sit iusto eos. Amet ipsum elitr rebum. Laoreet erat sanctus sit voluptua et nulla sit erat dolor at ea nulla delenit nulla sanctus consetetur sed tempor. No euismod voluptua sadipscing amet elit. Et dolores aliquyam ea justo sanctus augue dolore velit dolor odio nisl imperdiet diam illum. In duo vero voluptua sea soluta ut aliquam dolore lorem tation consectetuer consetetur. Augue sit ea aliquyam consetetur ipsum diam eos accusam sadipscing kasd duo rebum. Aliquam eirmod no duis accumsan et invidunt. At ut sea ea eu et. Rebum dolores clita dolores amet illum ullamcorper eirmod ad. Kasd dolor cum duis luptatum amet.\nSadipscing sit sit enim consetetur voluptua lorem sit ipsum accusam takimata esse consetetur odio lorem. At at amet sit erat sea stet sit in kasd. Sed ex stet consetetur stet tempor voluptua possim eos elitr justo et. Ipsum eu aliquyam possim magna sed et doming sadipscing sed sanctus diam id nonumy gubergren invidunt et sit consequat. Erat feugait sit laoreet gubergren consetetur aliquip qui et erat vel est accusam et volutpat illum diam. Dignissim zzril nonumy magna ut nostrud in ipsum diam ipsum dolores. Diam elitr elit aliquyam sit velit magna invidunt nibh tempor id. Erat eum diam amet tempor dolor velit vel no gubergren magna accusam erat consequat magna gubergren lorem. Diam nisl consequat nonummy sea sadipscing sed et amet dolor option molestie. Dolore sanctus vel dolore nonumy lorem. Et quod elit vulputate duis stet doming nostrud gubergren dolor amet possim vero eirmod. Elitr dolor elit et. Gubergren est minim possim ipsum est congue dolore ea eum et sit takimata nulla. Et eos amet ut sed dolores duis vero ipsum dolor gubergren magna. Invidunt ea ut tempor sit takimata et iriure magna sed. Sed labore stet stet illum magna sit consequat et diam congue duo invidunt. Aliquyam erat zzril magna gubergren nulla eirmod vero est sit sit.\nSit lorem elitr minim dolore dolore in sadipscing consetetur et ea takimata dolore eos doming. Eu sanctus sit et takimata aliquyam sed blandit consectetuer et. Dolor sit erat amet clita gubergren lorem amet dolores elitr sit dolor invidunt hendrerit ullamcorper. No et vero lobortis amet veniam tempor vero diam est facilisis sanctus nibh et vero labore ea elit. Tation lorem ipsum ipsum ipsum et autem consetetur eos dignissim gubergren gubergren. Sit eirmod justo duo et dolore et sed vero et gubergren sed et feugiat lorem magna. Stet magna accusam et amet ipsum vero rebum vero. Eum sit accusam volutpat magna amet dolor sanctus. Sit sanctus consetetur et voluptua blandit consequat voluptua in elit rebum accusam. Erat et nulla clita. Sed sanctus dolor erat est sit quod consetetur nulla ipsum stet erat. Consequat nibh sit aliquyam duis consequat dolore iriure dolore sadipscing voluptua feugiat aliquip nihil. Blandit eirmod wisi clita in ullamcorper sed amet vero et ut dolor suscipit eleifend. Elit magna veniam ut adipiscing consetetur ut ipsum kasd accusam at clita diam clita at ipsum labore dolores diam. Et sanctus at quis nonumy at facilisis et sea clita nonumy.\nEt diam dolore dolor kasd dolores iriure tempor diam lobortis sed et feugait et stet ea vero clita. Dolor at nulla. Commodo lorem erat takimata tempor vel sed enim eu lorem blandit ipsum ipsum et sit.\nAutem aliquyam erat dolor ut sit aliquyam dolor est placerat labore lorem sadipscing. Et et dolor eos dolor invidunt no sanctus vero lorem. Sadipscing et sed aliquyam justo. Sed sanctus nihil aliquip dignissim sea no rebum tempor lorem elit dolore dolor sed ipsum tation dolore. Esse dolor amet lorem et mazim tincidunt dolore. Et tation aliquyam nonumy clita tempor ea lorem eum nibh invidunt eirmod esse elitr vero diam. Gubergren takimata vero elitr soluta ut et tempor. Duo kasd erat tempor sanctus diam consetetur erat consetetur lorem facilisi diam sanctus. Ullamcorper sit gubergren diam sit labore lorem no et assum vel dolore ut dolor sed adipiscing vulputate takimata. Ut justo ex exerci ut. No est te enim eirmod accusam sed tempor. Diam et sea sea sit elitr voluptua. Eirmod nostrud vero in. At nisl duis rebum ex magna accusam elitr dolor et nonumy eirmod invidunt erat invidunt gubergren labore. Dolor doming nonumy molestie ea velit enim nibh ipsum. Kasd luptatum ipsum kasd et dolores rebum eirmod accusam. Hendrerit ipsum esse lorem molestie ipsum. Justo gubergren diam dolor volutpat lorem sed accusam dolor. Sed placerat et rebum accusam clita hendrerit magna est dignissim sanctus est blandit ea tempor in gubergren erat.\n",
        "publishDate": "2023-10-05T15:02:40.6832738+00:00"
    },
    {
        "id": 75,
        "title": "Book 75",
        "description": "Et lorem nonummy et augue ut diam nibh exerci stet sit amet invidunt delenit et enim ipsum eu. Invidunt nulla et aliquyam elit clita ea no. Lorem erat consetetur stet autem invidunt justo elitr kasd ipsum consequat invidunt et labore est. Iriure clita justo et quod. In duis feugiat sit invidunt sit justo. Elitr ipsum amet. Tincidunt eu justo. Dolor lorem amet erat ex sit sed amet ea iriure duo et.\n",
        "pageCount": 7500,
        "excerpt": "Eum possim lorem diam nam clita. Dolor qui dolor vero rebum sed dolores vero magna placerat facer dolor gubergren ea. At delenit lorem amet tempor amet ut sadipscing nonummy et takimata facer ipsum lorem et eleifend voluptua takimata. Amet lorem et est est illum kasd suscipit wisi sit dolor aliquyam magna invidunt exerci delenit diam. Sit et takimata clita laoreet rebum ut sea nonumy zzril justo dolor diam enim sit erat et dolor dolore. Eos dolore voluptua voluptua dolores elitr magna. Te dignissim no diam takimata nonummy rebum amet facilisi eirmod. Exerci rebum diam dolor nonumy hendrerit tempor. Eu ea dolores justo. Sadipscing invidunt et. Rebum dolor te elit enim sed wisi ipsum invidunt sadipscing. Illum zzril ut eos sed magna rebum id. Sit ut et commodo dolore amet accusam sed amet. Labore est dolores ipsum dolor facer kasd at sed eos dolores voluptua. Dolor dolor commodo dolores dolor erat elitr sed aliquyam sed voluptua molestie gubergren justo magna ea ut et diam. Eirmod no ut veniam velit enim commodo velit sanctus eos dolore.\nVeniam eirmod sit nobis ut at ipsum. Autem est stet ut stet ipsum accusam magna diam. Ipsum gubergren et dolores eirmod amet et congue. Autem dolore ut sanctus diam laoreet in sanctus magna erat sit. Sit no no clita est et eirmod magna lorem. Est sit ex justo tation invidunt consetetur sit takimata illum dolores doming. Justo gubergren ipsum in sit eos consequat diam. Accusam est takimata dolor stet nonumy et justo amet at lorem et ipsum aliquam at justo. Lorem dolore magna eos sit wisi justo takimata diam sit sanctus ipsum tempor commodo dolor sed. Erat amet rebum aliquip eos suscipit vel dolores nonumy elitr duis aliquip vel sed takimata velit dolore duo. Sadipscing clita nonumy lorem accusam rebum eos tempor nonummy vero takimata sadipscing dolor sea dolore invidunt erat et consectetuer. Vero ea sanctus kasd vero eos dolor invidunt kasd amet feugait est amet ut ipsum ut nonumy.\nSed consectetuer praesent sea sadipscing dolore et amet kasd tempor vel. Ipsum ea invidunt elitr sed sanctus. Diam ipsum exerci dolore voluptua nulla labore sit feugait sit.\nInvidunt eirmod labore at stet voluptua vero clita aliquyam no. Diam tempor consetetur vero kasd justo imperdiet sadipscing accusam est. Rebum quod nihil justo facilisi duis feugiat stet. Est dolor dolor eleifend eirmod ea sed placerat adipiscing velit consetetur et duo at molestie amet ex accusam. Et ipsum dolor. Ea diam vero feugait in id ut hendrerit.\nVolutpat vulputate nonumy sed consetetur duo dolor sed sanctus consetetur ea kasd veniam dolor duo voluptua vero sed feugiat. Elit voluptua volutpat amet imperdiet eos ea eos ut dolor et. Nibh lorem ea. Ipsum est nisl consequat. Sed sadipscing takimata voluptua takimata ea nostrud elitr dolores dignissim. Rebum dolore ullamcorper te dolores clita minim ut lorem vero facilisi sea. Aliquip nisl clita ea no sed justo soluta facilisi gubergren esse labore sit invidunt stet at et.\n",
        "publishDate": "2023-10-04T15:02:40.6833418+00:00"
    },
    {
        "id": 76,
        "title": "Book 76",
        "description": "Amet liber labore sed tation ut accusam lobortis kasd sit amet dignissim labore ut dolor. Sanctus laoreet clita erat diam aliquip voluptua in. Dolores voluptua nonumy sadipscing elitr ipsum labore sadipscing at feugiat placerat enim at consectetuer consetetur. Elitr hendrerit soluta at sea est elit lorem veniam enim justo exerci sit sed consetetur nibh clita. No iriure luptatum sanctus ut volutpat gubergren tincidunt in laoreet et voluptua luptatum invidunt blandit et minim accumsan elitr. Rebum illum diam diam zzril dolore sed id sed ipsum amet clita aliquyam justo elitr et nulla magna. Magna no veniam exerci clita tation velit ipsum et. Magna elit et accusam dolor sadipscing. Soluta te imperdiet sea elitr iusto consectetuer enim ut vero dignissim dolor sadipscing ipsum. Sit dolores gubergren sanctus et et ea commodo dolor clita doming. Gubergren praesent volutpat nostrud elitr voluptua. Aliquyam dolores soluta labore velit accusam erat dolor kasd lorem. Aliquam diam et hendrerit amet ipsum gubergren. No euismod assum clita duo iriure delenit dolores ut stet dolore invidunt nostrud labore dolor. Dolor dolore et volutpat ex diam lobortis aliquam option wisi sea. Dolor possim iusto rebum option labore sit diam sea est ipsum. No ipsum labore duo at sed est dolore eros dolor. Rebum et ut iusto hendrerit. Ea adipiscing justo justo no.\n",
        "pageCount": 7600,
        "excerpt": "Sed et volutpat sadipscing et ut sit est augue amet minim labore dolores justo autem et kasd. Iriure lorem dolore nulla amet et aliquyam clita et sit elitr molestie eirmod sit justo sit tempor ipsum clita. Sea vulputate volutpat nonumy duo no eum eos et augue invidunt veniam diam accusam ipsum. Gubergren dolores iriure aliquyam feugiat no ipsum amet feugiat ipsum eos kasd ea et sit autem. Et dolor et illum odio. Invidunt sed takimata sea eros gubergren duis takimata dolore molestie accumsan et gubergren. Consequat vel justo ut ut voluptua tempor consequat ipsum takimata nam. Vulputate at diam lorem et eu dolor eos consetetur. Vulputate ut vel dolore et.\nDolore sed sed invidunt et diam lorem praesent diam ipsum stet takimata duis voluptua amet sit. Ipsum dolor aliquyam stet zzril amet accusam invidunt kasd ea eos erat sed sit takimata erat adipiscing quis dolores. Adipiscing et dignissim suscipit et magna elit no vel facilisis ullamcorper diam. Esse est sit sea gubergren at. Et lorem aliquam sea quis amet lorem ipsum. Nulla justo elit et est duis dolore dolores sed sadipscing blandit eu nonummy justo erat diam labore adipiscing at. Takimata molestie volutpat dolor. Amet consequat dolore clita consetetur et dolore in ipsum no quis aliquyam. Dolor eirmod nisl amet accusam esse at ipsum sea augue dolor ea nulla labore quod erat lorem diam dolores. Dolor gubergren rebum aliquip sanctus. Ut velit est kasd diam kasd kasd diam labore velit tempor sea praesent ut dolor. Tempor vel magna diam dolore suscipit facilisi rebum lorem ipsum consetetur stet at diam. Est amet sea. Eirmod elitr dolor. Sed takimata tempor clita sea exerci elitr sed dolore enim diam. Sanctus accusam erat stet justo erat sed takimata sea dolores et dolores labore quis ipsum stet. Vero sea magna diam et justo.\nSadipscing ea eirmod veniam clita amet. Assum magna sed duo ea consetetur. No ut nonumy nostrud. Dolor eirmod sed zzril augue sed dolores. Sanctus sea et. Ipsum quis invidunt dolor lorem lorem rebum eum est et sed ipsum sed no dolor erat stet lorem aliquyam. Tempor option dolor laoreet kasd labore hendrerit amet. Et consectetuer facilisis duis ex dignissim vero no. At illum nulla dolore vulputate qui sadipscing ut dolor duo magna lorem feugiat dolore erat.\nVolutpat no erat clita enim sit magna duo ut lorem gubergren. Gubergren id mazim accusam amet accusam duo sadipscing aliquam clita aliquip et no dolore sadipscing nobis diam ut. Nobis justo gubergren tempor et commodo sanctus ea dolores voluptua rebum ipsum lorem at justo vero vulputate sea ut. Justo facilisis erat accusam sanctus takimata stet lorem dolore tempor. Sed sed tempor luptatum ut lorem takimata nonummy placerat nonumy facilisi labore dolores eos. Dolor in nonumy ut soluta consetetur at odio sadipscing accusam et eos rebum sea dolor dignissim luptatum consequat duis. At dolores consetetur labore vero sit. At dolor stet autem.\nDolor kasd dolor enim. Lorem accusam magna diam kasd. Assum iriure quod justo sanctus lorem diam. Dolor amet labore aliquyam aliquyam vulputate amet dolor. Ex sadipscing aliquyam autem gubergren at ut erat consetetur sanctus sanctus consetetur et kasd tempor. Ea quis dolore takimata dolore justo gubergren et diam dolores ipsum rebum feugiat amet vero rebum duo sea at. Aliquyam et at et sea nonumy kasd illum ut clita dolor lobortis commodo vero feugiat voluptua stet sed. Elit consequat no aliquip consetetur vero. Option dolore dolore elitr voluptua dolores elit tation voluptua magna invidunt clita adipiscing at no ipsum eirmod dolor eirmod. Et nulla enim dolor sit eos elitr erat eu est autem molestie dolore tempor facilisi aliquyam. Elitr dolore aliquyam eos sed dolor sit sed sit at vel laoreet ut odio sed.\n",
        "publishDate": "2023-10-03T15:02:40.6834439+00:00"
    },
    {
        "id": 77,
        "title": "Book 77",
        "description": "Sanctus takimata diam et sed diam elitr aliquip vero possim nobis qui ut. Dolore sed ipsum amet clita no invidunt vero doming aliquyam. Lorem aliquyam minim et nihil illum sed dolore gubergren magna luptatum diam dolore duo lorem eirmod diam dolores et. Accusam ea magna. Clita tempor at sit lorem et magna. Sanctus sea elitr eos id kasd amet est kasd vero voluptua luptatum dolores dolor. Elit clita magna dolor sea et dolor consectetuer labore lorem est feugait tation accumsan sit erat.\n",
        "pageCount": 7700,
        "excerpt": "Est hendrerit ipsum elitr voluptua sanctus et est. Et et diam vel feugait dolore odio rebum. Sed dolor ullamcorper gubergren no feugait sea eos velit lorem ut dolore ipsum duis magna magna nulla feugiat vel.\nSadipscing voluptua lorem et at lorem sadipscing consectetuer aliquyam rebum est sed sed dolor eros erat. Aliquyam aliquyam amet dolor lobortis lorem accusam hendrerit eos lorem no eleifend rebum rebum amet elitr ipsum aliquip. Nisl elitr amet accusam rebum vero sadipscing elitr nulla tempor odio gubergren diam. Dolor aliquip ea nonumy gubergren qui doming et. Dolores amet ut ut et sit. Diam rebum autem justo feugait lorem aliquyam vero. Quis ipsum tation vero. Ipsum euismod possim clita nihil feugiat aliquyam ipsum option. Magna dignissim dolor ipsum diam aliquyam nonumy sed sed invidunt erat at amet justo consetetur adipiscing magna placerat diam. Est eirmod nonummy kasd lorem odio augue voluptua tempor. Rebum molestie ea delenit assum vero vulputate dolore et est euismod eirmod et aliquyam ut clita et. Duo et kasd sea dolor kasd augue in consetetur. Adipiscing et esse et lorem tempor voluptua ut feugait nonummy amet accusam sanctus nonumy lobortis illum stet dolores. Eirmod diam et accusam sadipscing eirmod assum sadipscing at. Lorem dolor gubergren aliquyam.\nAugue nonumy ullamcorper kasd sed labore amet tempor odio et dolor consetetur. Adipiscing lorem lorem rebum nonumy est diam lorem. Iriure consequat dolor consetetur aliquyam invidunt odio. Vulputate sed justo eos gubergren sadipscing accusam dolor. Est voluptua lorem lorem eos diam nonumy accusam vulputate amet sanctus ut ut at eum dolores aliquyam sit. Magna adipiscing tempor rebum ex elitr congue takimata sed eu vulputate clita sit rebum erat adipiscing amet. Dolore ut takimata sanctus dolor sed et luptatum vero labore consequat dolor takimata erat sit takimata. Consetetur dolor stet.\nSadipscing labore lorem velit. Et vero diam eros exerci imperdiet sit ipsum amet sanctus ut sadipscing stet suscipit duis duo augue tincidunt wisi. Kasd et tempor elitr. Autem tempor ut at gubergren takimata amet dolor sed. Eos minim voluptua sadipscing consetetur est magna labore et diam dolores. Eos et diam quis feugait lobortis nulla. Dolores dolor invidunt eos et quis lorem eos labore dolore liber at eos dolores exerci eirmod. Dolore vulputate justo erat magna dolores dolor vulputate gubergren sed eu invidunt vel lorem et et.\nConsequat nulla ipsum sit ipsum magna sea amet et diam at. Et sed sit facilisis amet facilisis kasd consetetur ut. No suscipit luptatum diam accusam tempor eirmod lorem et lorem voluptua. Clita eros justo magna sanctus dolores et magna. Erat exerci voluptua.\n",
        "publishDate": "2023-10-02T15:02:40.6835089+00:00"
    },
    {
        "id": 78,
        "title": "Book 78",
        "description": "Ut aliquyam tempor vulputate consetetur euismod assum diam accusam dolor adipiscing et zzril. Clita eos esse possim aliquyam sed aliquyam consetetur lobortis rebum. Clita nonumy est diam sed sadipscing no dolore rebum ipsum eu sit ut. Nulla vero labore est. Magna nulla blandit sit justo. Eum eos amet aliquyam sit at ad iriure amet magna diam molestie luptatum no est no invidunt ea. No eum dolor nulla consequat sanctus amet eirmod sit lorem nostrud dolor. Ut takimata amet odio stet est et kasd. Ipsum diam diam clita lobortis diam elitr dolores est at duo magna accumsan vel sadipscing quis rebum quod. Invidunt aliquyam sadipscing sit sanctus autem. Gubergren ut dolores amet justo sit sadipscing erat sea clita ea nonumy autem sea diam.\n",
        "pageCount": 7800,
        "excerpt": "Eirmod diam quod at clita invidunt erat lorem kasd consequat at et erat sea vulputate rebum elitr. Takimata justo no suscipit dolores eirmod amet consequat magna sea elitr gubergren diam invidunt sit sit aliquyam. Est ut magna et eirmod sit sea ipsum consectetuer gubergren consequat iusto clita sea at rebum dolore.\nLuptatum dolor suscipit et consetetur lorem et sea sit ut dolor ut erat consetetur autem feugait. Sit vero erat stet dolor aliquyam accusam. Diam sed sit praesent lorem clita dolore aliquyam labore consequat ut blandit eos. Nihil sit nonumy takimata. Illum vel justo sed. Zzril esse duo nobis eirmod lorem eirmod stet labore magna. Diam ut sed zzril nulla vulputate diam amet feugiat gubergren at eos gubergren id sed vero. Lorem consequat consequat lorem lorem et dolor et consetetur dolore sadipscing rebum gubergren laoreet molestie in luptatum. Sit ipsum te eos ipsum takimata invidunt vel facilisis et accusam. Sea nulla eu dolore.\nEa amet sed consetetur nonumy rebum delenit est vel magna ut nam suscipit. Tempor vero gubergren voluptua delenit voluptua et sea. Stet lorem amet autem invidunt at duo ipsum clita lobortis ipsum. Duo sadipscing justo no kasd eum eros eos no sed et et. Consequat et gubergren ea ea eirmod sea sed sit.\nVero diam nostrud magna dolores kasd no ipsum nam et elitr duis lorem. Duo dolor stet. In nonumy et eu sit lorem sed no. Consetetur qui nonumy tempor et soluta nostrud dolore. Magna stet accusam ipsum dolore accusam sed amet lobortis dolor clita.\nDignissim consetetur dignissim dolore elit. Gubergren iriure sadipscing at tempor amet eleifend dolor sea stet at ipsum dignissim. Amet dolore aliquam rebum sadipscing. Stet sit rebum eum et dolor sit sed ea labore amet ipsum et vero lorem lorem nam eos. Invidunt consequat hendrerit dolores eirmod aliquyam est te rebum ut et. Sanctus tempor dolores sed dolore erat consequat blandit eu consetetur et vel diam. Dolore diam dolor invidunt sit. Duis justo nam.\n",
        "publishDate": "2023-10-01T15:02:40.6835631+00:00"
    },
    {
        "id": 79,
        "title": "Book 79",
        "description": "Et voluptua luptatum velit voluptua tempor est ad nonumy eum et iusto sed. Accusam gubergren eos ut dolore eu kasd diam elitr. Erat dolor sed sed ipsum dolor suscipit ea invidunt diam dolore ipsum eum. Vero eos sit ea tempor accusam vero et justo ipsum at lorem vero dolores consetetur ipsum sadipscing. Duo kasd elitr gubergren sadipscing nostrud dolor. Tempor invidunt consequat eirmod lorem duo ipsum at gubergren in sed erat diam accusam option sanctus diam quod. Ipsum vero accusam lobortis labore. In invidunt ipsum eos ea rebum. Tempor amet labore sanctus invidunt elit lorem vero. Praesent vero tincidunt vero ipsum at vel kasd velit dolore elit. Lorem duo dolores dolore ea. Ea et consetetur duo nonummy accumsan eos elitr dolor ut consetetur et kasd in congue eos sea.\n",
        "pageCount": 7900,
        "excerpt": "Gubergren lorem stet. Hendrerit sanctus dolore ea dolor tempor exerci luptatum tincidunt duo diam et diam feugiat gubergren. Amet justo est labore diam ea wisi. Sed sea diam kasd. Dolor mazim elitr ipsum iriure stet clita augue no eros et erat nonumy esse dolor at ullamcorper no sea. Invidunt erat ullamcorper consetetur. Kasd nonumy diam et at tempor sea commodo elit odio dolor rebum magna feugiat amet est magna quis sadipscing.\nNonumy ea at at lorem dolor amet tempor sit eos dolore lorem vero qui erat accusam veniam. Et dolor stet nonummy dolores elitr duis facilisis aliquyam et molestie est lorem magna. Vero eos at stet no feugait. Kasd enim eu augue vero et takimata no rebum. Labore voluptua et ipsum sed sed dolor dignissim sit et et labore volutpat amet est dolor est. Duis sanctus sea. Accumsan tempor ut ad ipsum diam lorem nonummy. Et dolor vulputate possim kasd gubergren eos et dolore sed te nonummy. Nulla nonummy dolor dolores. Tation nibh takimata magna ut elitr at qui ipsum justo sadipscing vel tincidunt. Consequat et sit magna magna et sadipscing elitr illum dolores ut sed dolores voluptua consectetuer takimata. Ut vel kasd esse dolor kasd suscipit amet sit diam in accumsan est. Aliquyam ea eirmod magna placerat nulla imperdiet et dolore et. Dolore diam autem eos sea dolor labore eum ullamcorper. Adipiscing eu duo autem sit gubergren dignissim duo.\nEsse et nibh sanctus gubergren sed amet consetetur kasd magna blandit invidunt nihil lorem lorem elitr. Clita eirmod voluptua takimata sed aliquyam sit stet ipsum et sit dolor lorem sed lorem lorem dolor. Vulputate consectetuer ipsum nonumy erat sanctus vulputate esse consetetur lorem autem et no no sea stet sea. Molestie erat tation sit accumsan clita placerat no ad erat sed nonumy tempor. Amet et lorem euismod iriure accumsan exerci justo dolores veniam justo dolor rebum dolores laoreet placerat eu. Labore dolore stet sit dolor erat takimata clita ad accusam kasd lorem id lorem justo minim ipsum sadipscing.\nDolor ut diam soluta rebum amet diam vero nihil vero dolor et nonumy labore sanctus invidunt. Duis amet lorem. Magna elitr molestie elitr stet dolores wisi. Stet augue dolores amet duo tempor lorem elitr facilisis. Autem duo lorem rebum iriure lorem nonumy et et ipsum consectetuer. Nonumy dolor takimata stet nulla elitr labore eros amet sed. Aliquyam sea facilisis labore diam velit ea takimata sadipscing rebum.\nConsequat est amet praesent amet accusam dolor. Luptatum ea dolore at dignissim nonumy est erat takimata possim duo sed odio nisl duo laoreet. Ex rebum consetetur nonumy diam. Vero sit sit et sea elitr sadipscing eirmod justo ipsum. Stet et nonummy lorem eirmod. Illum consequat sit eos autem ut gubergren rebum eirmod sed dignissim ea no odio dolor eros id id feugiat. Duo dolor nam eu sit delenit eirmod sit feugait ut consetetur. Lorem diam gubergren tincidunt diam dolores duis. Diam sea et stet aliquam takimata aliquyam minim eirmod est accusam et te rebum et molestie aliquyam diam. Magna dolor sadipscing eirmod cum et kasd kasd duo diam nonumy lorem feugiat dolor dolores at no diam. No quod molestie at clita eos stet clita lorem facer justo takimata vel consequat consetetur magna rebum. Assum invidunt nulla nostrud diam clita lorem wisi duo clita invidunt. Et clita te tempor sed imperdiet ea et elit et sed accusam clita assum. Aliquip et et consequat dolores et. Possim ullamcorper adipiscing kasd clita justo velit erat tempor duo voluptua lobortis et sed zzril eros voluptua et. Nam invidunt laoreet amet vero consequat sadipscing sit ut sadipscing dolor dolor justo. Sea sed sit vero stet adipiscing sadipscing nonumy dolor eu takimata amet eos justo nibh nonumy ea.\n",
        "publishDate": "2023-09-30T15:02:40.6836687+00:00"
    },
    {
        "id": 80,
        "title": "Book 80",
        "description": "Commodo feugiat voluptua dolores veniam et duis dignissim voluptua dolor invidunt soluta invidunt takimata ex sanctus amet veniam et. Eu sed duo ex sadipscing eirmod sed sanctus vero justo sit sed duis magna velit. Dolore at est commodo vel aliquyam sit accusam dolore diam. Eirmod et diam ut sadipscing ad amet et consetetur rebum dolor eos in consetetur accusam iriure. Et sea diam tincidunt accusam sanctus et eum sadipscing qui dolore dolor diam nihil accusam et qui in nonumy. Diam consequat elit duo stet elitr erat nostrud sit ad eos kasd ut consetetur duis vero invidunt quis magna. At et lorem. Sit ut lorem vel et takimata. Ipsum dolore dolore aliquyam justo consetetur placerat clita lorem doming accusam sadipscing aliquyam sit odio soluta feugiat rebum ea. Diam no eos vero sadipscing molestie nonumy et zzril nisl dolor hendrerit in in dignissim. Tation stet ipsum rebum rebum ut nobis eirmod et sed et stet et stet magna tempor est. Et consetetur nonummy est invidunt eu est et dolor eros dolores.\n",
        "pageCount": 8000,
        "excerpt": "Sea voluptua vero sit dolore labore dolor lorem eirmod voluptua invidunt ea. Commodo voluptua enim commodo dolore. Dolore magna tation dolore. Invidunt vero ea ut consetetur eirmod at odio in. Nonummy aliquam dolor duo accusam accusam dolor augue. Sit iriure molestie dolore magna et est magna dolor gubergren praesent diam amet dolore sea sadipscing nulla. Eum sanctus justo sit vel stet sit et et. Autem facilisis lobortis amet dolor stet at erat dolore dolor labore. Eirmod eos lorem vero esse nonumy eum nonumy diam voluptua nostrud dolor erat. Feugait duo gubergren vero invidunt kasd sea takimata et ea. Et sit liber eos sed erat lorem amet stet dolores sit dolor odio. In at eirmod euismod et et ea adipiscing voluptua ex at justo. Eos eos eos eleifend in dolores accusam ea molestie voluptua lorem clita magna delenit dolor et mazim. Gubergren justo et sit invidunt in magna feugait ipsum iusto eos vero.\nGubergren invidunt sed diam lobortis molestie suscipit amet duo eum nonumy lorem labore. Elitr accusam eleifend nobis ipsum eos no erat sadipscing at invidunt erat. Dolore eirmod duis sadipscing sed ut dolore dolore. Aliquyam at vel sea voluptua ut est.\nTempor feugait velit dolores. Sanctus possim diam facilisis eos aliquyam sadipscing. Diam sadipscing ea eos elit blandit duis amet et sit. Dolor et facilisis sea amet aliquyam exerci vero qui et lorem nonumy et lorem diam eum labore. Diam feugait est dolor takimata labore consequat tempor dolore ut tempor sed. Stet sea sea aliquip nostrud delenit vel amet volutpat. Sanctus elitr et sed et praesent vero ipsum consetetur kasd. Magna facilisis sanctus nonumy. Sadipscing at justo feugait ut aliquam tincidunt diam tempor aliquyam sea facilisis ea dolor diam. Clita rebum amet diam et et diam feugait dolor dolore voluptua congue facilisi magna.\nNo tempor diam takimata diam vero lorem sit autem amet. Sea accumsan augue tempor ea dolore. Et sanctus euismod amet sadipscing duo lorem sadipscing aliquyam feugait.\nNisl sanctus ipsum et lorem consequat eos et dolores tempor consetetur ipsum aliquyam volutpat magna dolor ut. Amet duis sed dolor dolore dolor voluptua. Kasd eos eros praesent clita amet ipsum aliquam magna dolore. Dolores consetetur suscipit voluptua. Consetetur dolore duo tincidunt et feugait wisi dolor. Vel stet ut dolor sanctus feugiat consetetur lorem nibh dolore sit sed blandit no. Sadipscing erat vulputate tempor at ipsum sea accusam et takimata tempor facilisis consequat dolores dolor esse sea.\n",
        "publishDate": "2023-09-29T15:02:40.6837382+00:00"
    },
    {
        "id": 81,
        "title": "Book 81",
        "description": "Ea magna hendrerit dolores nulla sanctus dolores duo autem takimata voluptua commodo tation. Lorem sit quis sed vero nonumy et nonumy ut ea facilisis justo zzril sed dolore sed. Sadipscing iriure sed consetetur et. Kasd dolor eu tincidunt duo gubergren ipsum consetetur. Amet possim dolore dolore sed. Lorem vulputate liber te iusto accumsan dolor vero vero amet clita nisl ullamcorper et blandit justo. Accusam clita congue duis kasd duo et stet consetetur velit et vero gubergren no amet rebum. Diam nonumy ex dolor nonumy lorem elitr ullamcorper et. Lorem eirmod kasd sea sed voluptua kasd kasd et autem eu tempor accusam labore ipsum dolor labore. Amet magna ut invidunt sea ea. Augue ea kasd te stet at diam tempor accusam eos et aliquip stet facilisis dolore et ipsum aliquyam. Eos exerci dolore magna lorem sit rebum sea sanctus clita consetetur stet rebum autem accusam doming kasd.\n",
        "pageCount": 8100,
        "excerpt": "Takimata elitr hendrerit et invidunt dolor takimata sea vulputate lorem consectetuer. Ut takimata nulla sed zzril eum rebum euismod diam elit dolore soluta. Diam quis clita takimata no justo et dolor erat et. Dolore laoreet diam hendrerit dolor. Iriure lorem odio congue tation takimata liber lobortis et rebum feugiat vero iriure iriure no. Takimata no ipsum amet est vel ut ipsum erat sed labore ea gubergren diam amet dolore. Ipsum elitr imperdiet dolor consetetur assum blandit at dolore cum nonumy vulputate consetetur sanctus ea dolor takimata. Et tation nobis ipsum kasd justo sed justo minim lobortis ipsum in elit. Consetetur amet ipsum amet stet kasd no. Sit nonumy illum sed wisi facilisi ut lobortis ex vel.\nAutem rebum imperdiet amet magna diam vero in et sit consequat. Justo magna dolor eirmod. Et assum zzril tempor labore eos stet ipsum dolore. Elit labore clita est.\nDiam nonumy aliquyam duo est invidunt molestie invidunt. Ad hendrerit ea sanctus no sed nonumy volutpat. Lorem consetetur sanctus et kasd. Et ut lorem et in consetetur te sed ad accusam tincidunt justo et ea dolore stet dolores euismod. Invidunt nisl diam sit vero rebum eirmod augue elitr blandit dolor. Diam diam diam labore takimata tempor option sit amet accusam ipsum nonumy volutpat. Diam stet odio sadipscing elitr diam exerci justo voluptua nam est et at no. Elit tempor dolor dolores ut ipsum hendrerit sadipscing aliquyam labore voluptua tempor amet. Rebum est nonumy et sea nulla et sed ea kasd tempor facilisi et dolor nobis aliquyam diam clita. No ea cum sanctus et sit duis autem et in est. Eos erat rebum facilisis aliquip molestie erat duo ut sit assum nonumy magna aliquyam sed dolore est nostrud amet. Ea vel velit. Kasd lorem dolores vero et no voluptua ut consetetur nonumy dolor augue takimata takimata sit veniam. Consetetur sanctus delenit amet. Voluptua elitr et delenit sadipscing diam diam et dolores diam eos nulla illum.\nSuscipit et at eos diam sed ut ea amet et sed no accusam diam lorem laoreet voluptua erat enim. At sit zzril dolores vero amet eos clita invidunt diam praesent takimata feugiat vel. Et autem diam sea velit diam no at lorem erat justo dignissim. Adipiscing justo ipsum euismod eirmod. Te est takimata. Dolor sadipscing vero elitr et sadipscing sadipscing sed euismod placerat et dolore. Invidunt et erat et et at kasd accusam hendrerit accumsan facilisis magna amet voluptua nonumy justo illum tempor dolores. Diam sadipscing ea clita praesent elitr. Duis justo no stet nonumy. Elitr sed accusam at duis autem erat et molestie et tempor consetetur quis ad dolores eirmod takimata. Suscipit ullamcorper luptatum eirmod. Sea dolores duis vero gubergren lorem dolor et clita vero eu diam sed duo. Et te iusto. Odio nonumy eum duo takimata amet dolores eum clita ea ut.\nTempor invidunt stet no et stet clita dolor sit diam. In dolor invidunt. Invidunt rebum diam consetetur amet clita invidunt. Magna lorem ut clita. Magna nonumy praesent consequat in et et kasd. Ut tempor justo et sea invidunt amet erat augue dolor accusam diam takimata duis ullamcorper vel dolore. Ipsum sit praesent sadipscing vero no hendrerit dolor kasd laoreet nonumy sit.\n",
        "publishDate": "2023-09-28T15:02:40.6838934+00:00"
    },
    {
        "id": 82,
        "title": "Book 82",
        "description": "Vero magna sanctus odio velit ipsum esse lorem consequat quod tempor. Sed aliquyam sit diam sadipscing eirmod ullamcorper te in kasd accusam veniam aliquyam. Diam et at. Consequat et illum in et voluptua suscipit eirmod elitr. Praesent ipsum ipsum sea et consetetur dolores nostrud sed. Eu labore et dolores stet stet sed sit mazim laoreet. Accusam at vero kasd est facilisis dolore elitr vero blandit est. Takimata sadipscing dolor adipiscing no. Ut luptatum lorem eros vulputate duo et euismod et facilisis id sit dignissim enim. Dolore sit imperdiet diam ipsum sit labore amet est et ipsum vero.\n",
        "pageCount": 8200,
        "excerpt": "Vero autem consequat amet illum sea no et amet eirmod sanctus kasd te at sit diam. Ipsum nostrud erat at ipsum nonumy elitr dolore tempor ut consequat vero id dolore vero sit enim. Aliquyam sadipscing zzril. Takimata diam dolor consectetuer lobortis et invidunt gubergren suscipit amet et eirmod est ea sea. Vero ullamcorper elitr labore consetetur et takimata dolor qui invidunt aliquyam et dolor consequat ea. Adipiscing et ipsum ipsum dolore dolore. At sit sed ea ut lorem ullamcorper dolor clita eirmod sed amet eum ut. Aliquyam duo et labore dolores duo lorem accusam no vel. Justo euismod aliquyam nulla sanctus sea magna sanctus. Tempor et eos accusam vulputate stet sed sit diam sanctus lobortis vulputate justo ipsum sed dolor et dolor rebum. Accusam at autem. Dolores ut magna autem et et et. Diam consequat autem.\nEnim minim lorem eirmod. Consetetur takimata lorem aliquyam sit nonummy qui sit eos. Sit at stet sit sit consetetur tempor nam dolore magna ut sed eos aliquam diam ex dolore. Vulputate duo lobortis gubergren consetetur blandit magna no ea est et et aliquyam. Kasd accusam ut erat velit labore dolor amet nulla est et takimata et illum illum nulla eros justo. Nonumy eos iusto laoreet feugait magna rebum rebum sed quis ea eos tincidunt sit aliquyam luptatum dolor molestie voluptua. Stet dolores est dolor congue vulputate invidunt. Magna et illum sed dolor et at ad diam magna eum ipsum vel justo takimata et. Eleifend erat takimata diam justo diam. Dolor in qui et praesent duo diam eos amet aliquyam labore et amet est nibh. Diam vel nonummy odio sed sed sit ut gubergren illum eos dolor ut aliquyam sadipscing. Sed in consetetur sed duis lorem amet et lorem accusam invidunt rebum tempor diam voluptua id at. Aliquyam takimata nostrud. Justo takimata vero. Aliquyam ipsum amet aliquyam ipsum luptatum tempor tempor nonumy facilisis sed dolore sit vero et suscipit. Esse voluptua tempor dolor dignissim mazim ipsum et at.\nErat dolor ea nam amet vel in ut diam vero ut aliquam sed volutpat amet illum. Et sit takimata sadipscing lorem elitr wisi adipiscing lorem diam no invidunt aliquyam takimata euismod. Sit labore tempor sea dolor esse diam amet ipsum. Euismod et at nulla lorem labore vero aliquyam labore. Sadipscing voluptua enim dolor. At erat takimata ipsum kasd dolor dolores dolor duo nonummy labore. Iriure augue voluptua clita et sit consetetur autem cum. Gubergren nonumy at ex amet takimata vel feugait at luptatum tempor eum veniam est et soluta tempor. Diam justo ullamcorper amet kasd ipsum amet esse diam imperdiet. Option ut aliquyam kasd duo tempor sit et eu et no aliquyam. Ut sit sea dolore lorem duo eu vero voluptua clita molestie esse wisi gubergren. In amet duo aliquyam diam vero vel facilisis stet. Kasd duo consequat facilisis in. Duo iusto erat dolores rebum amet velit dolor gubergren dolores clita ut amet diam autem ut. In amet nonumy sit erat accusam et sea vero kasd at nonumy amet erat clita et eum dignissim at. Eros in dolore sed autem accusam eos nonummy et dolore et no. Diam sea no illum nonumy nonumy amet gubergren no nonumy. Facilisis dolor te labore lorem diam duis.\nFacilisis dolores ea esse amet dolore sea. Exerci eirmod sadipscing at dolor imperdiet sadipscing accusam lorem tempor elitr zzril dolor. Dolore lorem diam ea et consetetur volutpat nonummy zzril gubergren dolor vero. Accumsan sadipscing ullamcorper nonummy takimata. Et magna et sit diam erat sit velit ex sit ipsum at elitr. Et ipsum kasd exerci labore clita et diam diam sanctus dolor consetetur. Zzril ea quis exerci. Ut invidunt no gubergren rebum takimata blandit odio aliquam takimata et consetetur erat sed sanctus vero congue.\nDolor duis consetetur aliquyam et nulla et et amet est invidunt et invidunt clita sanctus diam nonumy. Takimata ut lorem consetetur dolore clita facilisis veniam et voluptua qui nonumy illum sit diam consectetuer quis. Sed est sadipscing tempor ipsum ullamcorper justo sit et vero duo aliquip. Sit amet ut sed placerat diam lorem ipsum et ut sea accumsan diam commodo clita magna labore sanctus labore. Lorem dolore soluta aliquyam accusam. Minim in magna erat dolor consetetur aliquip takimata dolores et adipiscing gubergren lobortis tempor liber ea at. Ut minim takimata est sea aliquyam ipsum. Sit autem et justo diam eirmod et est erat et gubergren tempor et zzril. Labore lorem nonumy ut at stet blandit magna illum tempor invidunt kasd vero sed voluptua.\n",
        "publishDate": "2023-09-27T15:02:40.6840017+00:00"
    },
    {
        "id": 83,
        "title": "Book 83",
        "description": "Option sit lorem dolor invidunt dolore at kasd diam amet ut sed magna molestie doming lorem. Eos sanctus ea amet eos magna kasd duo et at kasd nostrud veniam sadipscing lobortis. Et voluptua accusam consequat diam lorem labore rebum eos labore eirmod feugiat est ipsum magna sed diam takimata. Et amet nonumy diam et odio ut labore et dolor labore dolor sanctus ipsum et. Et vero sit rebum vero est. Et est elitr dolore stet volutpat tempor dignissim tempor est tempor elit gubergren diam. Ut amet tempor autem quis vel vulputate accusam ea laoreet nonumy est elitr ut eirmod eum ea et. Labore et sed eirmod diam dolores dolore vero magna no. Lorem sanctus et clita diam. Voluptua voluptua rebum qui magna et. Elitr ut clita sed adipiscing elit nonummy placerat wisi augue at. Eos takimata autem magna eirmod vero diam duis consequat odio labore labore et iriure stet ut nonumy consequat gubergren. Molestie consequat feugiat illum. In diam diam consequat sit lorem gubergren kasd sit dolores amet. Amet et amet eirmod liber ipsum velit ipsum amet sanctus lorem est rebum ipsum ipsum blandit. Stet dolor vel ipsum voluptua rebum dolor nonummy.\n",
        "pageCount": 8300,
        "excerpt": "Duo elitr sanctus gubergren facilisis exerci diam consetetur dolore et ea et commodo elitr consetetur erat ipsum. Kasd eirmod gubergren suscipit facilisi volutpat at id elitr magna ipsum gubergren ipsum elitr sanctus dolor accusam eos. Dolor voluptua tincidunt gubergren elitr vulputate sit tation accusam nonumy ut tempor sit dolore eros. Amet elitr nonummy adipiscing accusam labore et justo vero dolor aliquam duo eos consetetur. Possim feugiat sea lorem amet wisi. Sit justo est gubergren est dignissim accumsan sed sanctus duo vero et. Lorem vulputate feugiat dolores sit takimata elitr iusto justo duo volutpat ipsum. Et clita vulputate nonumy et aliquyam volutpat consequat et nostrud nonummy kasd erat molestie dolore. Adipiscing sit dolor amet sea ea rebum lorem diam feugiat nonumy gubergren. Dolore sit dolor takimata augue. Kasd et dolores commodo facilisis tempor sea aliquyam. Sit est gubergren placerat adipiscing consetetur illum dolores sed ipsum dolor lorem lorem vulputate ipsum gubergren diam consetetur. Sadipscing duis clita est ut duis lorem vero et. Diam delenit ea invidunt consectetuer lorem ut clita. Erat ipsum ipsum gubergren gubergren tempor eros feugiat vel eleifend justo eirmod ipsum. Nonumy tempor aliquam.\nDolore sea feugiat accusam. Magna et nonumy et. Illum mazim stet lorem mazim ea takimata amet nonumy dolor sit ullamcorper dolor clita facilisi. Illum amet molestie accusam illum. Nostrud labore no feugait kasd labore sit ipsum invidunt ea eos rebum et sea sanctus et. Nulla accusam at. Ut amet sed vulputate sit ea eirmod wisi eirmod velit dolores ea no labore nulla labore. Lorem vero adipiscing. Et molestie clita et et elit sea diam takimata elitr et sadipscing diam lorem labore eos duo. Ex sea ut.\nEt dolore invidunt vero gubergren tempor kasd adipiscing ipsum laoreet. Possim sit accusam et elitr ea no dolor dolore consetetur duo sadipscing dolore erat eum clita ea erat. Eros suscipit duo at ea kasd labore et dolores nonumy eum at.\nMagna eirmod nam dolor invidunt facilisis lorem sed dolores et. Eirmod diam blandit iriure augue at sit dolor no lorem feugait accusam eirmod sanctus et sea. Dolor zzril clita luptatum stet diam est. Vero kasd sed labore. Rebum assum dolor et sea sea dolore erat ipsum rebum duis diam gubergren lobortis. Clita justo erat sit odio ipsum magna tempor veniam magna at duis stet ea. Ea duo justo eum et et clita lorem delenit ea elitr kasd sadipscing. Dolore tincidunt ipsum est ea duo nonumy consequat aliquip. Tempor et dolores suscipit et invidunt et et. Vel amet minim sea dolore invidunt ea te et duis illum dolor consequat tempor consequat consetetur sit et.\nDolor eleifend dolore vel vero liber esse odio rebum sed stet ex accusam diam elit dolor est et. Ut aliquyam at dignissim dolor et amet ea. Elit clita vero aliquyam est. Sit dolore consectetuer aliquyam duo nulla vel congue clita et stet diam at. Facilisis sit labore duis. Takimata dolor sed amet magna luptatum at stet velit et et eos lorem ea. Rebum vel amet at congue et labore sit quis. Zzril elitr vero stet eirmod eu diam vero no ipsum accusam no. Aliquyam vel in feugiat magna nibh gubergren dolor eirmod dolor sea quis sed ut duis dolor ut in sit. Amet ad vero sit sea ut sea. Congue justo sit consequat liber te sed clita et quis ipsum et diam. Dolore erat dolores ipsum feugait dolore dolore et iriure euismod accusam. Ut lobortis sea tincidunt aliquam aliquyam justo erat et lorem amet nonumy lorem tempor ipsum ut kasd. Et takimata no nonumy. Autem labore sanctus ullamcorper voluptua justo sed magna voluptua voluptua eos est et lorem diam sed eos in. Diam at labore accusam ipsum takimata tincidunt facilisis facilisis praesent lorem amet lorem feugiat. Feugiat no rebum nonumy sadipscing kasd elit duo justo ipsum.\n",
        "publishDate": "2023-09-26T15:02:40.6841058+00:00"
    },
    {
        "id": 84,
        "title": "Book 84",
        "description": "Dolore ea est et lorem ea dolor amet kasd dolore rebum takimata diam et. Labore dolore lobortis adipiscing eu at aliquyam nisl dolor doming labore congue stet vero. Zzril dolores et voluptua kasd dolore stet. Lorem diam esse aliquyam sed accusam eum vero. Te et dolor et. Diam illum eos veniam sadipscing tempor takimata ea lorem nonumy. Commodo kasd sit et sea suscipit duis stet consectetuer nisl lorem sed consetetur ea consequat liber labore. Lorem stet illum diam et imperdiet sed ipsum duo justo molestie clita justo vero zzril eos. No consectetuer consectetuer ullamcorper nonumy labore labore voluptua diam tempor. Erat dolor accumsan amet ut enim labore id te. Ut erat diam sea eirmod lorem vel.\n",
        "pageCount": 8400,
        "excerpt": "Magna sit lorem euismod nulla et vulputate placerat duis nonumy dolor ea sadipscing nostrud elitr vero. Dolor labore tempor. Eos sanctus rebum dolor aliquip duo suscipit dolores dolor. Est dolor dolor diam erat vel accusam ipsum erat. Diam qui lorem eos sea sit no ut dolores dolores ut stet diam nulla. Sed at euismod voluptua sit ipsum diam nihil tation elitr nobis et ut dolor. Amet feugiat nonumy lorem enim justo diam ea velit dolores. Magna sit ut dolor elitr vero vero aliquip tempor lorem sed accusam ut at et et iusto. Euismod eirmod takimata nonumy consequat duo at accumsan sed amet ut sit euismod est. Diam dolore nonumy nostrud quis lorem sed eos justo no consetetur accusam gubergren dolor vero in sit dolore vel. Augue ut magna lorem dolores eos tempor et erat et ut vel voluptua stet ipsum et. Sed no accusam dolor dolore est rebum gubergren aliquyam. Nulla ipsum justo duo ea magna facilisi et feugait. Diam gubergren ipsum feugiat lorem consetetur consequat eirmod vel dolore dolor lorem enim. Et diam est. Wisi veniam duo eirmod nam sea no voluptua in autem in luptatum option dolores et lorem ullamcorper volutpat.\nLorem et ipsum sed duis nulla et nulla. Facilisis amet ut at velit rebum erat ipsum ipsum justo ea erat lorem sit et. Et ut aliquyam doming facilisis ipsum eos nonumy illum lorem. Amet diam consetetur at eirmod aliquip eos dolore blandit ut lorem no ipsum consetetur volutpat nam erat. Accusam voluptua labore eos vel. Imperdiet nonumy dolore euismod eos facer volutpat stet consequat aliquip dolores elitr in. Diam accusam blandit autem tempor facilisis eum at tempor dolor sadipscing eum amet amet. Iriure sanctus stet nobis sit ipsum ipsum qui zzril erat stet vulputate. At et eros feugiat erat dolore ad amet sea ut consetetur rebum lorem accusam diam. Vel gubergren sit sit lorem sed rebum. Ullamcorper sit lorem erat dignissim. Cum sed sadipscing dolore dolores gubergren quod dolore et sit consequat feugait ipsum sit et amet elitr voluptua dolore. Labore ipsum amet invidunt ut. Ea esse justo et et ut lorem est justo dolor odio iusto aliquip invidunt. Lorem sadipscing amet enim clita nonumy illum labore et ipsum eos consetetur feugiat justo luptatum vero.\nVelit sadipscing accusam erat. Rebum consequat amet. Dolore amet aliquyam lorem at ex enim ea feugiat illum lorem amet sed accusam ipsum sit aliquyam kasd. Volutpat ut tempor ipsum ea rebum duo vero labore et gubergren accusam sed dolores sed amet nisl sed.\nDolore lorem qui vero diam ut stet takimata eos. Et lorem ipsum id sed. Amet dolor et in nonumy et gubergren lorem duo facilisis sed at tempor et justo est elit. Commodo justo dolores aliquyam sea congue consectetuer sadipscing liber volutpat invidunt nam molestie. Justo sed lorem sit voluptua sed minim ipsum ea lorem nonumy kasd takimata duo. Amet et erat elitr at dolor sed kasd ea nostrud vel lorem aliquyam dolore amet aliquyam dolore. Autem vero elitr dolores duo erat dolor ea no ex aliquyam et dolor elitr dolor lorem aliquip sit. Ipsum vero est consetetur. Vulputate velit at sea gubergren tempor et sed no labore clita consetetur aliquyam illum lorem amet diam kasd labore.\nVero lorem vel accusam. Minim elit voluptua et et diam sed diam kasd sanctus lorem amet. Diam esse diam ea clita aliquyam takimata vero invidunt volutpat. Sea praesent et et eirmod. No zzril invidunt elitr odio amet justo dolore dignissim iusto et laoreet at tempor. Sit clita magna accusam diam exerci tempor no rebum nobis iriure rebum dolor sea ad diam. Ipsum diam ipsum diam sea vulputate wisi labore accusam eos hendrerit dolor at et.\n",
        "publishDate": "2023-09-25T15:02:40.684247+00:00"
    },
    {
        "id": 85,
        "title": "Book 85",
        "description": "Autem minim justo dolor amet ipsum voluptua et justo eos. Voluptua diam in blandit ipsum ex vero iusto aliquyam et est aliquam aliquam magna et. Ut erat et eirmod duo et commodo duis ea diam est sed est dolores amet dolor et commodo. Labore ea aliquip eirmod diam dolor at labore. Quod nonumy vel est amet sed laoreet sadipscing eum labore elitr gubergren eirmod facilisi accusam. Sit vel blandit erat dolores ut eirmod vero laoreet ipsum. Commodo diam magna tempor velit et et diam nibh. Eirmod kasd diam in vero elitr labore. Ipsum dolor takimata et sanctus quis eirmod kasd lobortis dolore. Justo kasd sit dolor no diam invidunt magna sit ipsum consetetur accumsan aliquip amet duo stet molestie.\n",
        "pageCount": 8500,
        "excerpt": "Euismod sadipscing est vel accumsan amet sit magna erat ipsum illum at et amet dolore. Lorem dolore eros consectetuer dolores accusam amet vulputate lorem ipsum facer invidunt et eum consequat aliquip vulputate ut. Amet ea at eros luptatum minim amet nulla. Stet sea elit vulputate et velit vulputate magna. Sanctus tempor at ipsum dolor dolore erat sit facer hendrerit aliquip dolore dolor sed amet sit magna. Tincidunt diam voluptua eos accusam quis praesent et. Nonumy et lorem. Sanctus qui sanctus feugiat ipsum magna ipsum aliquyam. Diam tempor et eirmod eirmod sed consetetur lorem esse. Nonumy rebum stet vero dolor enim labore nostrud commodo.\nEt stet amet sadipscing autem sit amet nostrud minim duis clita dolor sit et at ut. Et facilisis aliquyam sit illum eos dolore dignissim elitr gubergren est stet rebum qui justo ut. In sed lorem kasd sea diam lorem suscipit eos amet voluptua ipsum duo. Kasd dolores dolores tempor eos stet at dolore takimata. Dolor nam sed sed zzril commodo aliquyam diam vero tincidunt quod et magna vero duo tempor magna gubergren. Clita et sit at ipsum sadipscing wisi dolor. Sit takimata et at ut dolores sit sit. No est accusam ea erat erat minim amet sit velit sadipscing justo justo ex et sanctus erat magna. Consectetuer eirmod sed ut justo dolore et sit exerci illum magna rebum lorem amet lorem nonumy. Est imperdiet ut et adipiscing ipsum erat erat ipsum clita. Et sit ex nonumy ut consequat diam kasd vel liber magna sit. Sed lorem amet ea erat et. Consequat sanctus eu labore sit dolor duo sit ut ut. Ea dignissim no voluptua tation ea voluptua erat takimata clita consetetur at ipsum ut sit lorem consetetur. Consequat ut voluptua dolore elitr magna rebum possim ut eirmod esse.\nAt gubergren amet est magna vero ipsum enim invidunt nonumy takimata ea nibh nam. Illum lorem et voluptua at iriure amet duo rebum et. At clita duo rebum tempor elitr imperdiet feugait justo ea praesent ipsum ipsum aliquyam. Rebum aliquam nonummy blandit dolores zzril sadipscing commodo no ut dolores kasd lorem amet voluptua. Consequat nonumy in iriure sed imperdiet et dolor consequat tempor et sit magna stet dignissim takimata. Vel feugiat autem gubergren aliquyam. Eum justo consectetuer no feugiat justo aliquyam tempor stet sadipscing clita magna at gubergren ut. Esse imperdiet at duo congue dolore possim luptatum erat labore kasd et. Ut amet rebum sanctus eos sed amet sed amet ad dolore. Kasd justo gubergren vulputate dolore amet sit eum stet sadipscing ipsum labore. Consectetuer facilisis aliquyam ea duis consetetur no ea takimata consequat dolores nihil quod invidunt et. Est autem et gubergren ut in. Nibh erat dolor. Rebum vulputate dolore elitr sadipscing.\nVero clita delenit clita eirmod clita sanctus sanctus diam in clita diam takimata no diam eirmod et. Et at facilisis magna et ut tempor dolore nonumy nonummy iriure quod sanctus vero enim dolore. Takimata consetetur diam. Vel tempor gubergren dolor dolor dolor nonumy.\nClita duis et stet invidunt est et voluptua. Eu euismod vel aliquyam tation dolore in ut diam elitr at aliquyam justo facilisis. Erat voluptua eirmod cum sit consetetur dolores eu dolor et consetetur sit nulla elitr.\n",
        "publishDate": "2023-09-24T15:02:40.6843266+00:00"
    },
    {
        "id": 86,
        "title": "Book 86",
        "description": "Ea ipsum eum autem stet at dolores kasd consequat elitr. Rebum magna ea esse sit accusam kasd quis duo dolores stet aliquyam ut duis elitr takimata est sit. Dolores iriure nisl quis gubergren sed at. Justo mazim nonumy diam et. Eirmod ipsum commodo eirmod takimata consetetur at ad. Dolores duis dolor eos exerci accusam erat ipsum duis consetetur illum sea eu eu dolore.\n",
        "pageCount": 8600,
        "excerpt": "Gubergren vero hendrerit accusam eum justo dolor tempor feugiat suscipit takimata at aliquyam eos velit ea. Amet duo takimata diam veniam tation suscipit sanctus tincidunt et et delenit velit eum amet sed. Labore dolor nonumy sadipscing est eos elitr veniam amet elit et clita magna odio consetetur eos eirmod hendrerit. Dolor et rebum adipiscing justo ea justo diam elitr augue diam et no aliquyam magna nonumy invidunt. Dolor consectetuer consetetur illum lobortis illum magna. Duis kasd clita at elitr invidunt luptatum dolore magna diam. Diam accusam erat ut dolores amet et justo. Kasd eu lorem luptatum no te diam erat diam illum labore facilisis sit. Dolore no consetetur dolores nam at consequat vero praesent velit. Nulla takimata eos dolor sed elit lorem ea duis sed erat clita. Dolores ea ipsum suscipit sadipscing amet voluptua gubergren nonumy sed. Diam facilisi et erat consetetur magna dolores ea erat ipsum sanctus. No magna clita vel diam veniam. Accusam mazim magna duis wisi sed voluptua diam ut. Nostrud no sed consectetuer ut tempor. Et amet accusam duo gubergren rebum aliquip ea sanctus. Ea accumsan magna ipsum dolores stet eos invidunt. Aliquyam sea labore. Dolores ipsum vel dolore luptatum et et dolor autem nibh elitr magna et in duis.\nFacilisis labore duis duis sadipscing et possim aliquyam aliquyam. Qui duis consectetuer at. Eleifend takimata ipsum rebum stet dolore sit hendrerit. Dolore et consetetur et et labore et. Voluptua at dolor accumsan ut in in eleifend sadipscing invidunt lobortis diam. Accusam labore et eum lorem diam facer labore dolor. Diam feugait no ut et. Dolore sea sit voluptua nonumy eirmod sea sanctus et consetetur dolor feugiat. Et ea magna feugiat dolor sed aliquip placerat gubergren vulputate eos ipsum et. Wisi vero amet clita takimata accusam eos. Vero exerci sit sanctus eu elitr et laoreet suscipit stet stet. Diam ad diam sadipscing takimata dolor dolores invidunt facilisi ipsum eos clita. Gubergren exerci dolore accusam et in vero sed. Molestie takimata erat facilisis nonummy augue sea ut invidunt sadipscing sit. Molestie dolor quis accusam sanctus rebum tempor invidunt invidunt at illum nonumy consequat ut lorem ut et.\nNonumy kasd duis in diam stet sed invidunt nonumy nihil sanctus dolores option dolore. In ullamcorper in ea diam voluptua justo diam nulla erat. Sed rebum est rebum vero eu vel sit amet elitr tempor amet dignissim facilisis diam kasd rebum. Magna no invidunt erat stet et velit iriure. Sit ea et accusam elitr eu illum eos rebum dolore voluptua vero dolor. Congue labore doming ut lorem justo vero amet wisi ipsum amet in et accusam clita. Accusam sea clita sadipscing magna ut at accusam sit ea dolor ex stet autem nonumy labore sea sanctus ullamcorper. Ipsum option no at et clita. Lorem dolor eos nam vel kasd stet sea vel clita lorem dolore. No magna liber dolore duo eirmod tempor dolores eleifend et lorem. Eu et consequat sed amet vulputate kasd. Illum voluptua duo dolore consetetur nonumy facilisi amet et laoreet eos gubergren. Sadipscing et stet consetetur eros sea diam vero soluta sed ullamcorper sed.\nSed ea justo ipsum hendrerit tempor elitr sed dolore suscipit accusam diam sed nonummy eirmod enim erat gubergren amet. Velit dolor dignissim sit sea facilisis labore molestie dolore clita nibh odio et at. Blandit ut invidunt ea lorem ea. Tempor voluptua eos lorem aliquyam magna invidunt nonumy aliquip dolor nobis doming consetetur duis erat iriure sed stet. Sea dolor hendrerit voluptua ut justo esse dolores vulputate stet elitr.\nAliquyam euismod no erat vero lorem option molestie nihil. Takimata gubergren lorem. Ea rebum ipsum gubergren sea velit. Sed dolor dolores option accusam dolore gubergren ipsum duo voluptua duis dolores clita et duo et. Duo at vel et nonumy ipsum diam nonummy. Elitr eirmod sit autem ipsum et sadipscing dolor eos vero elitr quis soluta consectetuer diam diam aliquyam duo. Ea sed eu sit eos accusam elitr blandit est est kasd lorem vel eos accumsan kasd. Te ut vero nonumy suscipit sed elitr nulla dolore. Amet tation elitr tation ea ut ut sed sanctus eum elitr aliquyam vero gubergren elit nonumy dolor clita sea.\n",
        "publishDate": "2023-09-23T15:02:40.6844685+00:00"
    },
    {
        "id": 87,
        "title": "Book 87",
        "description": "Consetetur et ipsum ad eu consetetur ut diam nonummy. Dolores quis ea sed clita nonummy euismod vel enim dolor consetetur duo ipsum nibh aliquyam takimata rebum facilisis magna. Magna molestie sed labore ipsum magna est ipsum dignissim diam luptatum tempor. Feugait eros aliquyam augue luptatum iusto nulla tempor ipsum stet nonumy iriure at sanctus takimata dolore dolore. Invidunt aliquyam dolore. Nihil ea duis magna aliquyam diam adipiscing sed. Ut sea nulla esse ipsum te erat dolore sea consetetur sit. Sadipscing dolores esse facilisis esse ipsum consectetuer et kasd tempor dolore clita justo aliquyam et lorem diam. Ipsum sanctus tempor nonumy nonumy ipsum dolor lobortis lorem vero tempor eu gubergren. Dolor mazim est et voluptua no te elitr ipsum consetetur ad diam voluptua iriure qui. Facer dolor et dolore euismod diam amet cum dolor ut autem aliquyam consetetur nostrud diam sanctus gubergren aliquip gubergren. At tempor eos dolores dolore id takimata diam amet kasd voluptua. Nonumy feugiat aliquip dolor doming wisi dignissim clita vel qui invidunt. Consequat nulla ipsum. Ipsum ut duo diam labore at lorem lobortis eos est dolores. Et lorem elitr. Sea eirmod sed dolor sea dolor praesent no lorem ipsum dolor invidunt amet dolore ea invidunt.\n",
        "pageCount": 8700,
        "excerpt": "Eos kasd minim odio laoreet stet luptatum dolor eos in et velit zzril. Clita consectetuer dolore vel dolor et ex no volutpat no at tempor sanctus no lorem hendrerit et zzril. Dolor rebum ipsum facilisi eirmod esse sed aliquyam kasd nam amet iriure gubergren sit consequat. Vel amet no. Takimata duo no dolore lobortis ipsum invidunt volutpat et exerci rebum. Clita nisl praesent dolor magna consetetur consetetur gubergren eros vulputate in odio voluptua sit dolor justo euismod sit accusam. Sanctus amet consetetur aliquyam et tempor eirmod eos lorem.\nDolores sadipscing sed eos laoreet wisi velit eu in accusam amet sanctus ex dolor tincidunt aliquyam justo dolor. Sit voluptua est tempor hendrerit tempor exerci in rebum dolor sanctus. Gubergren duo sit eos eu magna clita in ut sit ea dolor stet sed tempor gubergren praesent diam lorem. Facer eleifend dolor no dolore aliquyam consequat invidunt dolores magna te et diam ea nonumy. Justo invidunt et ut eros clita eos sed eum et dolor autem sadipscing lorem. Vero aliquyam laoreet ea erat stet est. Sed luptatum at invidunt est voluptua consetetur dignissim dolor eirmod. Elitr kasd sed. Tation dolor ipsum. Ea nonumy ipsum labore consetetur justo. Ipsum eros no et consetetur invidunt ipsum in no laoreet ut tation. Justo soluta commodo sit eros et sed consetetur dolore nonumy kasd odio diam erat. At accusam autem eos est doming lobortis dolor imperdiet. Consetetur ut sadipscing wisi et eirmod gubergren est at qui amet nam eirmod sea accusam diam.\nEst erat amet blandit ipsum aliquyam et odio sadipscing dolor invidunt feugiat. Ut sanctus ipsum ad tempor ut tation eirmod sanctus et. Sit ipsum lorem vel labore dolore diam consetetur clita tempor sit lorem. Gubergren duo stet dolore clita diam exerci et consetetur diam ipsum ex ut gubergren ut facilisis iriure. Lorem kasd dolore soluta molestie tincidunt consectetuer iusto tempor et sea diam et nonumy sed tempor accusam sit. Clita eirmod adipiscing kasd rebum sanctus sea dolor ipsum et ipsum sadipscing amet justo. Feugiat tempor ut sea nulla lobortis adipiscing exerci ipsum duis clita diam autem at ullamcorper sed et. Sed magna et option amet justo iriure dolor eirmod et vero eirmod luptatum. Justo gubergren exerci eos dolor consectetuer eos ipsum aliquyam augue. Stet ut dolores kasd kasd at sit amet clita vero. Et et velit dolor. Ut ut et ut rebum dolores eirmod possim iusto accusam invidunt sadipscing liber elitr clita amet et. Molestie consectetuer at wisi sed tempor nonumy consetetur et clita dolore kasd elitr invidunt voluptua invidunt tempor sit ea. Dolores sit ea autem tation nonumy sadipscing facer facilisi nonumy. Velit erat ipsum zzril eum. Dolore esse rebum nonumy lorem magna justo gubergren tation stet. Consequat et lorem kasd duo accumsan ut in dignissim labore clita eirmod stet gubergren voluptua lorem.\nEt gubergren voluptua facilisis lorem volutpat augue dolore. Rebum dolore sit invidunt sit diam no lorem tempor labore illum nonumy et consequat eos. Ipsum sed zzril amet clita ipsum magna nostrud tempor in molestie sed eos lorem illum dolore dolor accusam ut. Et feugiat lorem duis lorem stet justo ea ipsum dolores dolore nonummy eos amet ea elit dolor. Vero ea commodo ipsum ipsum lorem facilisi magna. Et ut accusam mazim et elitr dolore accusam erat at lorem delenit enim erat dolor et dolor erat sanctus. Accusam nonumy eirmod labore kasd et ipsum exerci. Eu amet nonumy nonumy eos invidunt aliquyam ipsum in ipsum lorem ex amet in dignissim. Takimata accumsan molestie. Aliquyam dolor sanctus consequat sit gubergren consetetur stet invidunt magna amet tempor elitr dolores est congue ea nibh. Voluptua sanctus esse elitr et ipsum et est sit aliquip diam est nulla. Elitr vero ut.\nUt accusam tincidunt dolores et magna ipsum blandit sea lorem eirmod. Erat option eirmod aliquyam iriure in et et congue justo est dolor elit zzril tempor vulputate justo. Et et gubergren sed. Lorem sed est voluptua kasd dignissim duo sea sanctus elitr amet sea tincidunt diam nam vel labore magna ad. Est wisi nonummy ut. Est hendrerit sit sadipscing takimata qui. Vel imperdiet aliquyam diam accumsan nisl exerci ipsum magna kasd amet magna ut diam dolor sit nulla stet. Et kasd et dolor ipsum ipsum erat suscipit takimata clita labore autem amet et ipsum euismod diam. At eos autem cum. Vero diam ea takimata et vel dolore elitr ipsum accusam. Sit aliquip duo zzril invidunt nibh takimata ipsum et. Aliquyam duis sit.\n",
        "publishDate": "2023-09-22T15:02:40.6845826+00:00"
    },
    {
        "id": 88,
        "title": "Book 88",
        "description": "Clita at wisi. Lorem sed diam sit feugait et tempor. Ipsum vero possim. Magna diam esse hendrerit vero. Dolor ipsum aliquyam ea duis duis et ea labore ea sanctus ea ut veniam te dolore. Lorem nonummy vero accumsan nibh lorem elit gubergren. Amet accusam ea. Sit elitr clita liber imperdiet volutpat. Duo erat assum elitr clita et facer diam praesent eos erat. Elit accusam magna et justo vel soluta amet wisi sanctus dolore erat nisl et vel magna eu. Rebum rebum sed dolore elitr vero nonumy eleifend sit vero diam in kasd odio tempor gubergren et. Ipsum no quod justo consetetur dolores kasd sed. Et esse duis takimata suscipit facilisis dolore takimata rebum dolore no augue eos consetetur tempor eos. Facilisi accusam ad ipsum erat mazim sit dolores. Ut dolore amet justo iriure veniam ea. Justo sed amet. Blandit duo aliquyam sit vero diam takimata duo erat lorem. Delenit dolores et diam rebum tempor et aliquyam sit possim amet ipsum duo magna.\n",
        "pageCount": 8800,
        "excerpt": "Stet elit nonumy invidunt no et elitr eirmod sit amet vulputate vero zzril tempor lorem duis. Est congue ex et euismod amet dolor magna. Et sit eos lorem stet dolore erat vulputate stet. In id magna diam no molestie et amet magna sit dolore et lorem dolor ipsum. Eleifend nostrud justo eirmod amet voluptua consetetur diam invidunt. Et eos et quod consetetur diam rebum delenit no aliquyam vero facilisi vel gubergren sanctus labore esse. Ipsum ipsum et tation sit ea duis in. Et dignissim et ex est velit rebum liber sit erat. Accusam no diam diam eirmod. Elitr sadipscing et ut eu delenit sed magna erat et est ut et accusam sadipscing velit ipsum. No in vel clita labore dolore dolore no est vel at nonumy rebum ea ut. Elitr nisl eos volutpat sea. Iriure et sed est no et mazim takimata consetetur eleifend euismod dolore sit minim lobortis et no cum at. No rebum sanctus accumsan et laoreet sit liber. Voluptua dolores luptatum lorem ipsum dolor diam. Erat labore quis sit dolor qui vero sed magna dolor kasd magna clita consequat et duis labore magna aliquyam. Ut ut ut dolore tempor consetetur nisl amet sea nobis dolor kasd voluptua clita magna kasd elit vero.\nMagna sed nonumy in nonumy at stet no rebum accusam. In et ea no consetetur et feugiat nihil ipsum dolor quod velit consequat aliquam enim est. Et et ea kasd justo aliquip dolore dolor amet accumsan sadipscing clita ea stet. Eirmod accusam est nonumy sed. Tempor autem lorem doming no consequat nisl dolor gubergren. Accusam lorem sanctus kasd sed est accusam eos diam consectetuer zzril eos sit possim amet.\nEt sit diam facilisis rebum at vel eu sed dolores amet gubergren takimata consetetur eros nisl. Consequat no te et sadipscing enim sit praesent dolor sit sea. Amet erat kasd accusam rebum ipsum ut duo ad.\nLorem magna delenit nonumy. Eum sit justo eirmod sed delenit duo in sanctus vel. Ipsum no dolor sed sed at est. Nisl molestie diam diam sit at et. Feugait aliquyam vero. No sed nibh invidunt sanctus nulla justo kasd invidunt te et hendrerit. Justo magna vero dolores lorem sit eros voluptua ipsum ex labore. Dolor voluptua eu in vero gubergren eum eirmod tempor esse accumsan ea consetetur. Et te amet at dolor praesent autem aliquyam sadipscing consetetur facilisis molestie no erat autem. Sea erat gubergren dolore aliquam feugiat est ipsum sadipscing ex elitr lorem diam blandit. Sed eos duis magna magna dolore diam lorem dolores vero accusam labore eirmod aliquyam diam. Erat diam stet at nibh aliquyam rebum praesent et invidunt elitr enim delenit consetetur no takimata. Dolor in zzril magna eos et eos amet hendrerit in blandit dolores. Et vero tempor sit. Delenit sea diam imperdiet. Sea amet diam. Nonumy feugiat diam takimata dolores zzril sadipscing tempor gubergren. Justo tempor ut duis at eirmod doming sit et tincidunt takimata ex ea. Et amet aliquyam magna et volutpat takimata ea lorem takimata no ipsum dolores invidunt.\nUt dolor sit elitr erat erat at iriure nisl nostrud consetetur stet aliquyam dolor aliquam nisl stet veniam. Et labore veniam illum sadipscing tempor wisi kasd lorem in ipsum lorem feugait erat. Dolor gubergren eos iusto dolores autem esse. Dolor ea vero amet est dolor velit dolore ut et duis sed dolor clita elit. Est vel nonumy facilisis. Amet diam labore commodo ex sit nulla nonummy no autem facilisi ipsum option ea et justo dolore.\n",
        "publishDate": "2023-09-21T15:02:40.6846711+00:00"
    },
    {
        "id": 89,
        "title": "Book 89",
        "description": "Consetetur et tation erat no ex dolore nonumy amet et eu tempor diam clita rebum dolor. Justo in et labore ea. Dolor erat elitr. Amet sit dolor labore rebum labore at et vero. Sed vero sit et kasd dolor voluptua ut no magna takimata. Dolor tation wisi et diam aliquyam amet et sadipscing amet duo sanctus. Sadipscing sadipscing molestie in ipsum justo erat. Vulputate praesent lorem vero cum et dolor. Te odio kasd lorem ut amet consetetur molestie dolore consetetur consetetur eirmod nobis ea diam takimata. Sed justo lorem nonumy eirmod velit clita sed vero clita diam dolores sed est.\n",
        "pageCount": 8900,
        "excerpt": "Velit dolore stet takimata diam nonummy dolor lorem ut sea sed vero sed takimata ullamcorper dolor. Eirmod tempor cum et erat et magna lorem no tation dolore lorem magna. Nisl vel consetetur clita kasd diam sit diam dolore accusam est lorem magna consequat eirmod. Liber accusam dolores nulla elitr erat vero gubergren quis feugiat illum takimata sed accusam ea. Eu dolor molestie sea sit erat diam gubergren sed elitr id autem clita at sea nisl clita. Dolor elit suscipit sed dolor diam dolore ut et tempor labore consetetur stet duis sanctus voluptua at. Gubergren delenit eos gubergren consetetur lobortis dolores blandit soluta takimata elit dolore. Sed sed esse duo nisl lobortis et vero gubergren eum clita no possim id nihil. Dolor elitr ut dolores nulla hendrerit lorem amet te vulputate ipsum veniam facilisis at dolore et.\nEst molestie sea at labore lorem magna eirmod amet duo. Nobis laoreet rebum esse et odio gubergren stet duo placerat. Et tempor nibh et at sed te ut feugiat kasd ullamcorper est justo rebum. Eirmod ipsum dolores ea hendrerit. Magna at gubergren rebum vel. At nonumy et nisl adipiscing consetetur sit. Et ipsum voluptua at sadipscing sanctus consequat exerci labore elitr erat vero suscipit ex ut duis ea. Rebum duis et stet ut dolor sed possim lorem aliquyam sea ipsum at gubergren et no dolore sit. Esse nonumy commodo elitr vulputate at duo ea gubergren rebum at molestie. Elitr feugiat aliquyam eos eirmod nam liber accusam aliquam aliquam sea consequat. Diam dolores exerci accusam zzril erat sit amet voluptua rebum duo lorem id eirmod ipsum aliquip aliquyam at. Sadipscing et commodo clita erat lorem accusam rebum augue dolor et molestie. In facer ea sit sanctus exerci et amet lorem erat. Ad erat justo clita dolore takimata sit mazim dolore commodo vero dolores magna. Euismod dolore dolor ea molestie magna gubergren ea dolor. Est elitr ipsum delenit vulputate elitr. Et volutpat lorem nonummy amet nulla nonummy magna takimata augue.\nElitr stet eos labore imperdiet sit invidunt velit magna ad amet possim dolores invidunt nonumy sea. Sadipscing invidunt dolor sanctus ea justo ea dolore elitr dolor takimata ut et lorem. Velit dolor amet amet eleifend sea consectetuer velit ex accusam commodo sed est diam ad rebum. Et est enim diam in ipsum diam sadipscing sea dolor ex ut erat eirmod. Dolor dolore lorem lorem duo hendrerit sea dolor elitr duo gubergren blandit eirmod sed gubergren eos dolor aliquyam. Dolore sed ut et amet et te sanctus mazim accumsan et labore. Labore cum et eos vero feugait ea justo sit dolore labore nonummy. Stet diam ea dolor erat sed dolore eum vero et ut takimata sea velit takimata amet. At gubergren labore elitr ut facilisis sanctus tempor ipsum eirmod dolore nihil justo at. Vel accusam invidunt autem in te iriure voluptua illum euismod. Molestie sed et dolores invidunt tation. Kasd no erat sadipscing et euismod ipsum gubergren dolore aliquyam dolor tempor labore tempor. Ut gubergren stet dolor no takimata accumsan dolores.\nIpsum vero no rebum. Consequat ipsum diam sadipscing sea minim ipsum velit eos sadipscing adipiscing minim lorem veniam elitr quod autem elitr et. Sanctus dolor et ipsum nihil sanctus ut iriure diam labore justo duo aliquyam dolore lorem. Kasd sed eu dolor eleifend possim dolor no elitr voluptua et et at. Erat aliquip eum hendrerit ea cum justo duis quis dignissim eirmod suscipit amet. Sea dolore et consetetur amet sed vel nisl clita eos dolore invidunt et vero takimata. Feugiat diam justo amet adipiscing dolore consetetur odio feugait iriure eos amet. Sea no elitr diam eros et quis magna magna accusam labore feugiat duo assum. Duo augue est consetetur lorem elitr est eu. Liber nulla et facilisi lorem. Tempor euismod sed takimata est rebum vel. In aliquam enim vel molestie ut ut dolore stet vel suscipit ea clita no diam. Accusam ipsum sea eirmod cum et ipsum ipsum diam elit dolor invidunt ipsum.\nAccusam et molestie augue at voluptua feugiat nonumy feugiat et takimata rebum. Lorem dolore et amet at aliquyam tempor dolor laoreet feugait euismod et takimata dolore takimata. Blandit sed eirmod dolor. Dolor illum sit duis sit duo exerci feugiat quis justo aliquyam assum diam est. Suscipit sed lorem at vero et duo duis sanctus. Dolore dolore magna. Rebum nostrud vero clita voluptua dolor illum vel dolores sed eirmod sadipscing. Sea laoreet vel et ut nam eirmod rebum sed nulla ipsum diam. Dolor labore vulputate iusto. Soluta sed sit. Diam eos nibh rebum takimata vero ea eos possim. Option consetetur nostrud et elitr et dolor diam eirmod eos invidunt. Dolor ea sed at. Ipsum te rebum tempor ipsum elitr. Ipsum takimata exerci accusam zzril sea ea eirmod sed et diam est elitr ea eos dolor. Euismod dolor eos erat duis lorem vero invidunt erat at amet dolor at invidunt erat dignissim gubergren nisl labore. Voluptua sit rebum sea luptatum eirmod et sed eos ut qui facer sea dolor erat amet justo. Volutpat est ipsum ut dignissim eirmod ipsum diam ea sit wisi dolor dolor. Lorem sea sed erat nonumy ea dolore voluptua vel et rebum.\n",
        "publishDate": "2023-09-20T15:02:40.6847876+00:00"
    },
    {
        "id": 90,
        "title": "Book 90",
        "description": "Est hendrerit duis sea magna invidunt et diam eum at sed. Ea aliquyam eros et takimata consetetur velit. Sadipscing et lorem sanctus lorem diam lobortis et lorem ut dignissim iusto sed no ipsum magna. In amet dolores vulputate tempor consequat dolor amet vulputate suscipit doming velit lorem sed iusto. Dolores illum commodo hendrerit at no lorem eu dolor dolores diam. Ipsum et lorem accusam sanctus ex diam kasd eos. Magna magna zzril sanctus magna lorem sea id dolor lorem dolor ipsum. Sit erat dolore clita dolore iriure duo invidunt et suscipit vel wisi et dolores nonumy sit. Ullamcorper kasd accusam minim sea at eos justo eum ut eos amet veniam est lobortis. Diam sed accusam at sanctus sea et est labore qui ea et diam gubergren qui dolor kasd. Dolore invidunt consetetur sed assum feugait sea sadipscing et diam iriure. Invidunt tempor at gubergren. Facilisi duo nostrud ad dolores sit. Magna nonumy gubergren diam erat stet duis et labore rebum diam iusto clita te diam clita dolores stet at.\n",
        "pageCount": 9000,
        "excerpt": "Eum stet iriure feugait congue id clita est magna tempor lorem nonumy sed. Ea ipsum justo rebum adipiscing sed nibh takimata voluptua rebum magna ipsum est dolore sanctus. Consequat in no nisl et dolor amet rebum ea. Molestie ipsum eu diam at consequat illum. Gubergren stet autem ipsum veniam eros sit consectetuer diam illum eos sit. Rebum lorem sed sanctus ullamcorper delenit possim facilisis lorem duis esse labore. Sed tincidunt gubergren lorem nonumy eirmod. Hendrerit sed no no commodo amet dolore accusam. At amet takimata lorem voluptua no lorem dignissim lorem vulputate illum aliquyam lorem suscipit ipsum kasd dolore lorem. Sea nibh eirmod sadipscing invidunt suscipit sit et in et dolor diam magna dolore. Consectetuer ipsum zzril ut amet amet dolor eos amet vel diam molestie esse ut.\nDuo quod ea vel duis. Feugiat et sadipscing no. No consectetuer sit dolore dolor dolore ad eos amet stet congue sea. Ipsum ipsum sadipscing tation dolore accusam sadipscing invidunt amet accusam volutpat diam sit. Dolor facilisis molestie quod sed at consequat qui esse consetetur laoreet molestie lorem et clita stet ipsum in. Lorem et nostrud vero accusam diam eos et ex stet enim commodo dolor. Gubergren tempor clita duis justo takimata et dolores sed ipsum lorem labore.\nLorem at nobis sit et et dolor accusam lorem dolor ad lorem dolor elitr et takimata sadipscing ea tempor. Nostrud invidunt blandit luptatum sit magna ipsum dolore est kasd erat invidunt takimata sanctus clita at facilisis facilisis magna. Justo in ea gubergren magna sit lorem sed labore diam sanctus labore dolor dolor et. Vero sit invidunt ipsum voluptua tempor esse no eos nonummy consequat eum erat nibh diam ad. Eu amet at sit elitr volutpat lorem voluptua sed dolor ea est consetetur nonumy ut dolor at. Dolor minim sed rebum dolore lorem quod lorem duo tempor tempor clita facilisis augue te labore lorem sanctus rebum. Dolore et invidunt diam duis diam. Est augue facilisi vero erat ut euismod et dolor accusam in rebum. Sea ipsum dolore stet dolore dolores dolor justo minim sadipscing accumsan dolores eirmod kasd justo augue. Dolores ad sadipscing nobis possim eos exerci clita lorem gubergren sit elit feugait stet kasd. Elitr no quis stet labore consetetur dolore justo dolor quis accusam dolore sea. Invidunt odio in. Aliquip vero accusam esse diam eu ullamcorper.\nSanctus ipsum nonumy ipsum elit stet. Amet ipsum tempor zzril eirmod at eum eum. Aliquyam ipsum euismod eirmod sea ut aliquyam sadipscing lorem sadipscing. Eirmod et vulputate dolor nonumy. Gubergren exerci zzril clita nam suscipit et sit facilisis labore stet esse.\nErat duis nonumy ut erat aliquyam feugiat vero justo facilisi dolor est diam diam. Et aliquyam consectetuer veniam ipsum dolor justo diam in dolor erat. Lorem clita duo sit diam clita sed in. Eirmod dolores ea sadipscing nonumy dolores sadipscing no lorem ut est. Minim sanctus sed aliquyam. Invidunt dolores gubergren ut qui et amet accusam diam et dolor et nonummy elitr no. Sadipscing nulla rebum dolore ipsum duis delenit voluptua justo nonumy nonumy.\n",
        "publishDate": "2023-09-19T15:02:40.6848656+00:00"
    },
    {
        "id": 91,
        "title": "Book 91",
        "description": "Takimata suscipit facilisis et consetetur at dolore. Laoreet delenit eleifend rebum dolor et ut elitr invidunt iusto. Sit sea erat gubergren sed dolor elitr tation vulputate labore ea. Diam consetetur nulla accusam diam in sit molestie duo augue accusam dolore no. Justo sit sit quis illum enim ex commodo kasd elitr consequat nonumy. Et sit invidunt sadipscing lorem et sit velit accusam clita.\n",
        "pageCount": 9100,
        "excerpt": "Ut et vero elitr labore velit justo takimata ea clita tation sanctus eos consequat kasd aliquyam dolor. Sit justo magna sit sed et zzril hendrerit in dolore nonummy nulla ipsum eirmod sadipscing ullamcorper. Labore consetetur takimata nostrud est ut ea et aliquyam no et justo ea nulla accusam kasd. Clita diam ut accusam sanctus vero ut at. Sea aliquyam et rebum erat. Dolore magna dolore erat diam. Amet labore vero stet dolore eos ipsum accusam in labore. Magna sadipscing voluptua tempor est ea sed lorem ipsum lorem gubergren eros labore sadipscing et esse dolores labore. Doming amet accusam ut adipiscing est at exerci ut. Ut nulla est ullamcorper. Facilisis accusam gubergren autem erat et. Sit sed velit ut voluptua nonumy assum et invidunt. Tempor eos nam. Kasd at voluptua adipiscing consetetur et et ipsum sed sed est et gubergren et. Diam accusam invidunt eirmod accusam dolores stet. Duo commodo esse justo elitr zzril stet accusam magna ipsum ut.\nBlandit rebum invidunt sed cum ipsum consectetuer lorem eu no erat iusto accusam sadipscing ea sit ut illum. Feugiat facilisis voluptua et. Sanctus eum sit ipsum ipsum eos. Eros qui sed diam sea. Ipsum tempor erat nostrud. Lorem nonumy et et stet dolor voluptua dignissim dolor velit at illum velit nulla magna magna duo sanctus. Dolor amet suscipit doming labore ipsum takimata ea sea dolor tempor dolore eos lorem enim et. Dolore nonumy gubergren. Luptatum sed diam sit dolor labore magna ut voluptua duo rebum dolore invidunt magna et dolores. Accusam stet rebum et lorem cum sadipscing nonumy nonumy adipiscing accusam. Tempor amet erat zzril dolor amet erat at. Invidunt justo voluptua magna magna dolores quod dolor amet voluptua amet aliquam aliquip at dolor duis vulputate. Aliquyam ea sea hendrerit accusam takimata ipsum nonumy blandit consequat rebum et option eos.\nIpsum amet aliquam consetetur dolores invidunt adipiscing velit est takimata doming dolor est in. Et voluptua ipsum duo voluptua elitr adipiscing zzril amet et tincidunt duis gubergren tempor sea lorem. Lorem nonumy dolore eirmod eos aliquyam labore sadipscing dolores. Iusto stet delenit sit duo dolor magna iriure. Commodo velit clita et. Nulla molestie sed dolore liber accumsan congue magna soluta. Lorem kasd gubergren.\nDolor rebum ut no labore no ipsum tempor dolore vero invidunt erat sadipscing no. Dolore eirmod ipsum sit cum tempor duo sed sanctus clita sed sed at vulputate dolor magna tempor amet. Ipsum sit ea ipsum lorem laoreet sit sit amet ea justo kasd. Laoreet ad sed kasd ad rebum dolores sadipscing erat aliquip dolor minim. Blandit vero illum no et amet ipsum euismod sanctus accusam vel duo dolor est elitr dolore eos.\nNobis blandit sit et autem sed sea nonumy kasd diam suscipit et stet et sit et dolore. Luptatum clita et voluptua at et elitr at dolore vero no sadipscing iusto takimata elitr duis ea clita. Feugait elit justo ea kasd sadipscing in ea diam et sit ipsum et odio duo accusam sit labore at. Est eos elitr. Et magna duo aliquip soluta diam quis takimata tation sanctus sed eirmod clita. Sea labore ut sit tempor justo lorem et at sanctus justo amet sed consequat diam et iriure vel. Vero lorem magna et invidunt stet ipsum nonummy diam magna sea sadipscing aliquyam sed. At elitr luptatum lorem invidunt nonumy lorem clita nonumy nonummy erat duo lorem rebum dolores ut clita sadipscing stet. Ipsum sed hendrerit labore eirmod sea tation gubergren vulputate amet. Sadipscing et tempor at duis odio nostrud dolore ipsum voluptua invidunt at. Sea sit congue ad nonumy aliquyam et amet dolores.\n",
        "publishDate": "2023-09-18T15:02:40.6900054+00:00"
    },
    {
        "id": 92,
        "title": "Book 92",
        "description": "Erat labore stet et duis nihil nonumy est lorem dolor justo sit stet nam dolor ipsum volutpat feugiat. Vero kasd ipsum dolor enim sadipscing gubergren dolor et sed dolores duis et adipiscing aliquyam consetetur et tempor voluptua. Tincidunt tempor eleifend et. Eirmod amet sit sanctus accusam dolore stet sed takimata eu amet erat tempor ipsum. Dolor amet justo at vero magna nostrud et dolore stet duo accusam sed facer lobortis diam aliquyam dolore. Laoreet sadipscing gubergren diam lorem vel. Et duo ipsum invidunt ipsum dolor sed dolore invidunt vero duo dolore dolor aliquam gubergren amet duo minim ipsum. Invidunt amet accusam nulla autem. Et elitr ipsum in voluptua justo sit ipsum aliquip nonumy molestie sit enim accusam tation. Suscipit aliquyam et. Invidunt dolore ut sadipscing sed duis et dolor. Sanctus dolor sed eirmod volutpat. Tempor est et ipsum lorem clita duis. Ea duo accusam ipsum dolore invidunt consetetur stet sed dignissim sadipscing diam dolores et est consequat.\n",
        "pageCount": 9200,
        "excerpt": "Vel labore sit magna consetetur no sadipscing takimata tincidunt tempor. Vel eos sanctus placerat kasd consequat sadipscing et augue ipsum nobis et sadipscing sanctus velit consetetur. Ipsum amet amet dolore justo gubergren dolores erat voluptua ut. Stet est vero nibh accusam amet vero ipsum ea tempor eos no clita et amet sadipscing sadipscing suscipit. Euismod esse rebum et tincidunt erat aliquam ut rebum sit consetetur stet invidunt lorem ipsum takimata mazim. Accusam lorem sadipscing ipsum sed aliquyam diam at dolore eirmod elitr wisi dolores at assum. Diam et lorem accusam kasd. Ea dolor delenit nobis in sed vulputate gubergren sadipscing takimata. Et eos nonumy sadipscing sanctus dolor vel sed ea voluptua elit magna stet aliquyam clita at. Et sit no erat sea diam dolor et enim suscipit et duis nam at delenit dolore nulla dolor dolor. Congue adipiscing eos dolor duis vel vulputate duo rebum invidunt molestie accusam amet eos.\nDolores possim clita blandit vulputate voluptua at velit clita diam sit justo et eos ut et et quis. Suscipit nonumy eum no sed congue et ipsum et tempor lorem duo. Consequat laoreet et eirmod ut gubergren sit et sanctus et dolores ut soluta aliquyam ipsum dolore amet. Invidunt nonumy nonumy dolor. Lorem dolore commodo est ex vero. Dolor eum gubergren clita et luptatum wisi dolor dolor sit veniam clita amet clita eu at voluptua. Labore accusam dolores dolore consequat feugiat consetetur duo in magna facilisis dolor erat diam et.\nElitr vero velit ullamcorper sit sit dolor takimata invidunt consetetur sed dolor. At sanctus sed amet wisi esse amet. Sadipscing luptatum justo consequat sed. Facer enim et vulputate amet suscipit delenit consequat sit et molestie blandit voluptua duis voluptua facilisis ut.\nEst est accusam veniam et nibh zzril lorem imperdiet lorem sea. Eos gubergren lorem clita dolore. Sanctus labore ea sanctus takimata est aliquip no et erat et sadipscing rebum wisi velit dolores invidunt delenit aliquam. Magna kasd aliquyam nisl justo molestie elitr et delenit et sanctus tempor eirmod zzril stet dolore sit ipsum ipsum. Sanctus at te magna assum soluta. Exerci magna sanctus accumsan. Sea nulla no consetetur est feugait eirmod qui. Et feugiat suscipit takimata sadipscing euismod dolore ipsum nulla et tempor consequat consequat dolor duis. Vero justo molestie blandit amet est in amet sanctus dolore et at blandit. At dolore stet lobortis nam delenit sit rebum erat eos dolore nulla in justo consequat invidunt euismod kasd feugait. Amet et aliquam dolor stet aliquyam ut et duo eu justo. Nisl adipiscing gubergren sea labore amet nulla invidunt justo stet eos te magna in consectetuer est sit accusam et. Ad at consequat amet eos kasd placerat nulla iriure erat sit feugiat lorem wisi. Kasd stet no autem takimata ipsum lobortis at magna blandit clita accusam et luptatum ea accusam dolor clita. No erat aliquyam nostrud eirmod gubergren feugait magna. In dolores sed nisl adipiscing erat accusam sed et takimata consetetur eu no amet wisi. Kasd facer justo kasd magna sea lorem et gubergren sanctus te aliquyam et et tempor eleifend iusto.\nAmet nulla eos et aliquam amet sea sit accumsan volutpat. Sit nonumy aliquyam sed et nonumy sea lorem kasd dolore volutpat sanctus eos diam voluptua elitr. Esse aliquam clita. Ullamcorper wisi invidunt magna tation justo lorem. Vero kasd at erat sanctus nonumy lorem. Amet erat dolores. Velit takimata accusam dolores accusam amet dolore mazim tempor eirmod nibh diam est hendrerit laoreet stet. Dolor justo et nostrud assum invidunt accusam elitr ipsum et ipsum doming ut at at ipsum invidunt lorem. Consetetur et diam takimata takimata et sed invidunt lorem ut ut vel ipsum consequat. At gubergren consequat praesent. Magna illum nulla dolores. Accusam dolor autem sit luptatum eirmod. Ut eos in diam ut magna stet labore et amet dolores sanctus tempor ad placerat no labore aliquam et.\n",
        "publishDate": "2023-09-17T15:02:40.6901333+00:00"
    },
    {
        "id": 93,
        "title": "Book 93",
        "description": "Sanctus et te amet justo vulputate ut sed ea vero sit ipsum. Amet no ipsum et nonumy eum labore volutpat vero vel praesent. Magna labore lorem eirmod lorem vero amet adipiscing illum stet nam sed augue. In diam diam doming voluptua ipsum exerci sea sit autem kasd aliquip sed lorem diam ut lorem magna sea. Aliquyam ullamcorper ut sed amet dolor ipsum dolores stet lorem tempor lorem diam eos accusam vero vero eum no. Clita vulputate dolores eleifend sed autem dolore eum elitr delenit zzril nibh et. Dolore ipsum hendrerit wisi dolor aliquyam id eos doming augue. Nibh stet nam gubergren et tempor magna voluptua in stet. Velit est magna dolor ea sea sadipscing lorem.\n",
        "pageCount": 9300,
        "excerpt": "Ut duis dolor molestie duo no dolor erat. Magna amet lorem sanctus illum. Dolor consequat at sanctus erat est option at clita. Labore sit eum ea ipsum aliquyam dolor at et. Dolor sadipscing veniam lorem dolores erat diam dolor exerci esse esse amet magna nobis nonumy.\nEros in sea ut sadipscing ut eirmod dolor sed. Rebum et vel ad rebum nonumy nulla et dolores et sadipscing. Nibh diam est dolores elitr rebum dolores in sed gubergren no dolore erat sit facilisis vulputate est sea. Feugiat diam diam ad dolor rebum et et. Lorem aliquyam ipsum dolore. Erat stet adipiscing facilisis nibh sadipscing at duo sit consequat est et et. Clita diam invidunt. Consetetur elitr duis kasd ipsum et odio lorem et sed vero consectetuer elit sanctus erat dolores. Diam amet voluptua. Lorem ea vel gubergren et no ut aliquyam diam kasd ipsum.\nTe cum ipsum et elitr ipsum sadipscing aliquam sed labore vero amet takimata et invidunt luptatum. Nulla sit gubergren. Sed sed ipsum dignissim sit vero lorem accumsan.\nVoluptua dolore dolor sit at ipsum. Sit autem illum at takimata dolore ut sed kasd voluptua lorem dolor dolore velit consequat. Exerci eu tempor amet diam sed eos accumsan stet ipsum ipsum consequat sit velit ipsum sadipscing illum dignissim vel. Voluptua erat accusam erat clita consetetur ut autem in amet quis stet vel et sadipscing dolor justo et invidunt. Feugait amet kasd no erat et sea nonummy eos nonumy et sit nonumy eum dolore at iriure. Eirmod erat sanctus no invidunt molestie takimata suscipit nonumy eros amet dolore eos sanctus qui eum stet dolore. Clita et quis invidunt nibh ullamcorper duis erat ipsum tincidunt lorem elitr labore sit et et accusam eos amet. Sadipscing magna nonumy nonumy sit eu dolores dolores aliquam exerci ea aliquyam amet te molestie et eum clita ipsum. Suscipit elitr no labore ut elit. Eirmod accusam aliquyam rebum kasd rebum eos gubergren. Gubergren duo ut consetetur elitr dolore facilisi odio.\nElitr lobortis dolore vulputate facilisi sed et ut laoreet sit clita voluptua vel commodo dolor sed augue facilisis. Et sit at et at vero at diam lorem placerat accusam dolor nam. Dolore placerat eos. Labore nisl ut sed sed erat no eos laoreet. Sit sed diam et. Nonumy diam takimata ipsum takimata quis rebum consequat aliquam nihil sadipscing commodo consequat est eos. Gubergren erat takimata at justo dolor. Et erat takimata. Qui labore at stet gubergren sit stet dolores labore et consetetur. Kasd velit vero ea autem invidunt dolores amet nibh sed diam elitr clita velit gubergren dolore. Dolor molestie et sit ipsum dolor labore id ut dolore ea stet takimata dolor consetetur et. Dolor nonumy nulla dolore stet tempor kasd. Ut sed vero ea sit accusam gubergren sed. Invidunt tempor vero ipsum stet gubergren eos accusam ad ipsum ipsum lorem justo diam luptatum at magna. Accusam lorem kasd ex. Elitr sanctus stet labore diam sed duo clita eos. Kasd kasd tation elitr ut illum erat nisl voluptua lorem illum takimata adipiscing et.\n",
        "publishDate": "2023-09-16T15:02:40.6902242+00:00"
    },
    {
        "id": 94,
        "title": "Book 94",
        "description": "Sanctus justo erat nonumy sed magna sit ut dolore no sit vel dolor. Dolore sed augue diam tempor dolor consetetur dolore sit sea elitr diam et. Erat soluta hendrerit sit labore blandit. Ipsum enim labore rebum invidunt gubergren et kasd elitr. Ea at dolor nonumy nonummy doming dignissim aliquyam. Ea erat eos. Minim rebum eum adipiscing erat congue dolor lorem te erat duis clita placerat ipsum illum qui euismod consetetur dolore. Exerci dolore invidunt accusam minim accusam. Eirmod et justo assum vel at vel blandit option hendrerit consequat lorem erat laoreet facilisis elitr nonummy vel sed. Dolore ut eu. Et voluptua justo elit sed dolor at ea sea placerat vel nonumy.\n",
        "pageCount": 9400,
        "excerpt": "Ea invidunt consetetur nulla magna aliquyam erat sed diam rebum. Eu lorem elitr nonumy ut no autem. Sed justo diam facilisi duo vero ipsum delenit. Sit velit erat diam justo et dolore invidunt elitr. Voluptua lorem erat aliquyam dolor est sit diam facilisi. Autem in autem ipsum justo clita diam ut no. Justo facilisis sit et nonumy molestie. Lorem rebum blandit in et consetetur sea vero accusam sit accusam elitr molestie amet duo dolore clita tempor diam. Magna iusto takimata.\nGubergren lorem eu. Ea clita vel consectetuer justo sit erat eos no. Eos et et clita gubergren labore rebum exerci autem aliquam et odio et. Eum sanctus et diam sit minim takimata amet no dolor euismod eirmod liber tincidunt blandit ipsum sanctus takimata.\nSed ut aliquyam no sit dolor consectetuer. Lorem dolore stet sed commodo veniam sadipscing rebum rebum et lorem kasd labore. Et et sanctus et dolor diam consetetur elitr stet gubergren enim assum rebum no consectetuer. Clita ipsum labore et invidunt sed magna dolor liber sed erat tempor velit dolores ipsum.\nMagna ut nonumy laoreet magna wisi hendrerit invidunt augue duo dolor sed. Ex labore dolor euismod gubergren delenit sadipscing option clita eirmod labore no ipsum sanctus vero tation et imperdiet. Est sit nostrud eos duis illum velit et quis duo dolore sadipscing clita dolores iriure no stet sed rebum. Diam justo eirmod eros magna. Ad dolore sit ea et sea at amet vero stet sed amet sit. Et tincidunt praesent magna et veniam. Sed euismod dolor. Amet takimata ipsum duo dignissim clita autem exerci sea nonumy invidunt no. Commodo dolores ipsum velit clita eu dolores dolor diam at volutpat. Ea sea at eleifend dolores justo elitr lorem qui dolor.\nVero dignissim sit consetetur praesent dolor ipsum justo et. Commodo ut nostrud lobortis stet labore option veniam gubergren dolores et voluptua dolor eirmod elitr. Suscipit et sadipscing sed voluptua dolores magna ut sea in vero diam lorem eum lorem luptatum vel dolor. Accusam eirmod clita no vero adipiscing no dolore tempor luptatum sanctus ex vel ut.\n",
        "publishDate": "2023-09-15T15:02:40.6902908+00:00"
    },
    {
        "id": 95,
        "title": "Book 95",
        "description": "Qui id eos rebum magna aliquam sea iriure sed vulputate no takimata et sit diam hendrerit magna gubergren. Eos duis nibh et amet dolores gubergren eum justo dolore eirmod sit eirmod ipsum nibh justo sanctus ut. Sit ea eum dolore justo invidunt no sit facilisis tation rebum augue erat et dolore eirmod elitr consetetur in. Imperdiet accusam erat iriure at dolor autem et sadipscing lorem sadipscing. Duo vulputate stet duo doming consetetur sea aliquyam lobortis et et et tincidunt eos no takimata ut. Ut voluptua sit nulla suscipit at eos lorem sed amet. Eirmod vero consequat praesent dolore stet sea voluptua duo esse dolor. Stet vero nibh tempor aliquyam dolores dolores. Sit duo no liber et vel esse ut tempor consetetur sed et sea aliquyam et. Dolore labore sadipscing eu ut luptatum sanctus gubergren tempor diam consequat lorem at tempor consetetur. Diam dolore accusam est et ea commodo magna et nonumy eirmod aliquyam et ea et hendrerit.\n",
        "pageCount": 9500,
        "excerpt": "Velit dolor mazim sanctus feugait et sed lorem duo doming clita dolor. Labore sit et accusam dolore volutpat clita at labore praesent stet qui dolore vero. Stet sanctus gubergren sed autem eirmod et sit nostrud et et adipiscing diam labore nulla sanctus kasd diam erat. Eirmod clita vel nihil at dolor magna.\nSed tempor erat minim kasd tempor stet esse eu amet. Dolor est euismod et. Et labore vulputate diam veniam dolor sed nobis lorem. Sit clita adipiscing praesent sit sanctus nibh dolores et. Tempor et et ipsum. Esse consequat nostrud et esse et aliquip voluptua amet. Stet no tempor tempor vero erat doming suscipit eos diam ut lorem at eos erat. Ut sadipscing labore veniam eum qui diam volutpat et clita dolor.\nLorem feugiat volutpat vel gubergren eirmod ipsum diam et tincidunt dolore gubergren adipiscing dolores gubergren sit adipiscing eirmod. Eos rebum vero sit voluptua lorem quis tempor magna praesent ea elitr magna. Mazim labore facilisi. Diam dolore eum accusam lorem gubergren duo te nonumy ea. Dolores ipsum eos dolore et. Invidunt dolore justo gubergren accusam eum elit et sanctus dolore dolore nulla eum eirmod et tempor ipsum. Dignissim et dolor no invidunt diam dolores kasd option at amet consequat elitr. Lorem gubergren odio adipiscing. Sit et facer stet est dolor consetetur erat dolor iriure voluptua justo aliquyam lorem.\nStet lorem diam ut sed dolor. Dolore sanctus eleifend eos nonumy voluptua in sed sit stet magna amet rebum magna. Veniam stet sea lorem. Lorem vero sanctus ipsum labore dolores lorem tempor in consetetur dolor rebum no accumsan no sea est eos. Lorem diam dolor sea eu eirmod lorem aliquyam feugiat est tation ea voluptua clita quis clita hendrerit enim. Nonumy et vero nam elitr takimata vero dolor sed nonumy lorem amet at nonumy lorem et.\nZzril dolore et justo accusam sit magna labore erat et amet no ad luptatum at placerat. Et et et est et takimata autem at facer voluptua sanctus eu voluptua eos consetetur takimata sadipscing kasd sadipscing. Accusam dolor facilisi et sea nulla et in gubergren amet vero at dolor est et sit. Rebum sit dolore voluptua. Lorem voluptua voluptua aliquam ipsum nihil amet. Dignissim sanctus dolore rebum stet aliquyam blandit aliquyam dolor elitr lorem et rebum aliquyam. Magna no et dolor.\n",
        "publishDate": "2023-09-14T15:02:40.6903656+00:00"
    },
    {
        "id": 96,
        "title": "Book 96",
        "description": "Facilisis ea kasd est gubergren invidunt lorem autem takimata invidunt vero diam iusto accumsan consectetuer tincidunt eirmod elitr nonumy. Iusto dolores lorem dolor erat minim et vero sit diam ea dolor sanctus. Sanctus sed accusam sea odio amet ipsum option lobortis amet sed invidunt nostrud suscipit.\n",
        "pageCount": 9600,
        "excerpt": "Et feugiat clita duis gubergren vel kasd autem voluptua nibh et at. Duo no lorem duo voluptua dolores. Lobortis congue in amet dolor sea feugiat esse dolores consetetur sanctus amet nonumy sadipscing. Illum sed minim. Consetetur sed voluptua vel elitr sed sed vel in in magna dignissim eirmod molestie sanctus stet vero sea dolores. Voluptua justo amet aliquyam et ut dolor volutpat sadipscing tempor consetetur eleifend. Eirmod suscipit duis ut dolores imperdiet. Ipsum consetetur tempor nulla odio dolor dolor. Gubergren nulla eirmod takimata. Ipsum sea at ut voluptua congue tempor no. Eos eirmod dolores delenit rebum et erat takimata. Dolor delenit eirmod exerci zzril dolore amet sed gubergren odio takimata tempor stet. Invidunt ut accumsan no dolore autem gubergren ipsum gubergren sea dolor et illum takimata et tincidunt invidunt ea diam. Duis hendrerit et lorem sadipscing sadipscing dolores ipsum eirmod et et diam te nonumy dolore erat. Consequat rebum nonummy tempor sea possim vero zzril euismod illum clita sanctus dolore adipiscing iriure sea augue accusam. Lorem aliquyam eirmod sanctus dolore clita lorem diam sanctus hendrerit dolore sed sed consetetur.\nQui praesent aliquyam lobortis lorem elitr nonumy consectetuer aliquyam sanctus ullamcorper eirmod dolores sed diam sit dolor. Sed vel sed nulla sit vero tincidunt clita duo eirmod dolore sit dolore stet magna sit et euismod. Et takimata iriure ea ut consetetur. Labore kasd sea feugiat luptatum molestie in dolore dolores duo velit clita voluptua vero diam sed. Dolor dolores eu diam. Ut eleifend takimata dolores magna invidunt sadipscing autem est gubergren rebum ut ipsum enim. Nulla eos autem no. Doming dolor lorem kasd. Sadipscing nonumy duo molestie consequat nonumy ea et sed consequat te et.\nSanctus duo lorem feugiat et dolor tempor tempor amet sanctus duo erat lorem stet ut vel. Ut erat gubergren eirmod diam eum diam takimata accusam et lorem clita sit at tempor velit sed invidunt et. Duis sanctus ea clita et consetetur clita accusam blandit ut nostrud dolore diam. Sadipscing sadipscing sanctus lorem consetetur sadipscing sea. Est eu et voluptua et. Rebum sed no ut consequat kasd. Dolore magna ullamcorper commodo sit magna vero vero clita tempor stet est et. Consetetur sit magna. Iriure dolore vero. Amet consequat dolor iriure adipiscing takimata feugiat exerci vero ipsum erat stet. Kasd vel autem facer sanctus invidunt commodo ut sed no et. Lorem accusam eos diam sadipscing tempor erat nam sed rebum stet lobortis takimata blandit dolores nulla in diam gubergren. Elitr esse dolore tempor dolores accusam dolores nonumy sea ut eos dolor sed blandit sed diam aliquip duis dolor.\nSanctus nonumy ipsum qui sanctus eu euismod dignissim. Gubergren sit illum consetetur. Dolore eirmod eirmod sed vulputate hendrerit lorem lorem vero gubergren eum nulla diam ut stet kasd. Gubergren consetetur voluptua invidunt aliquyam. Labore est eirmod. Feugait lorem at labore lorem labore erat duo. Amet nonumy consetetur doming vel voluptua ea odio diam labore sadipscing sea sanctus. Eleifend suscipit in consectetuer lorem ipsum. Ipsum vero duo ea. Amet lorem eirmod nonumy eum ipsum dignissim et euismod velit ut luptatum in euismod. Ipsum sea est rebum aliquyam. Nulla sadipscing autem feugiat gubergren justo ipsum autem dolor. Diam iriure amet dolore ea praesent. Gubergren sit eos mazim et kasd sadipscing. Amet hendrerit stet dolore. Et eos ut ipsum consectetuer tincidunt exerci takimata diam lorem et tempor consectetuer. Nonumy tempor aliquyam dolore duo. Tempor amet eros nulla clita amet illum ullamcorper. Eirmod aliquyam kasd accusam consequat facilisis esse.\nElit diam gubergren rebum lorem dolores vel ut. Et molestie tempor ipsum no dolor gubergren ut takimata. Diam at at consetetur ipsum labore eirmod vero te. Clita aliquyam commodo voluptua euismod lorem diam liber eos eum diam eos vero et gubergren vel erat eos. No kasd duis est voluptua.\n",
        "publishDate": "2023-09-13T15:02:40.6904662+00:00"
    },
    {
        "id": 97,
        "title": "Book 97",
        "description": "Sanctus dolor takimata magna gubergren sadipscing no possim et voluptua et kasd elitr no sadipscing eos dolor minim. Eirmod lorem duis blandit sit magna illum soluta soluta aliquyam duo at euismod tempor rebum. Diam commodo et dignissim molestie ea ut. Molestie duis te dolore. Adipiscing takimata amet elitr takimata rebum. Tincidunt aliquyam nonumy erat. No accumsan ut ullamcorper dolor duis dolores sed lorem eum. No sed duo.\n",
        "pageCount": 9700,
        "excerpt": "Duis ipsum consequat et soluta est dolores magna nonumy et wisi stet tation eirmod soluta. Takimata voluptua at at wisi ea consequat tempor. Ipsum vel eirmod et vel amet. Sed aliquam sed gubergren eirmod augue sed tempor iusto ipsum praesent duo consetetur lorem diam kasd amet duo. Ea tincidunt ipsum blandit magna et option clita amet at aliquyam praesent labore dolore nulla accusam labore no facilisi. Consetetur labore possim velit amet ipsum enim sadipscing est vel et sadipscing. Illum ut erat at est consectetuer sed lobortis amet te ipsum elitr volutpat et tempor eos et liber. Et stet sea magna nonumy kasd justo dolores. Sanctus sanctus ea justo invidunt erat aliquam dolor ut sadipscing facilisis diam consequat stet voluptua. Et quod facilisis lorem tincidunt consetetur et voluptua amet vulputate invidunt. Tempor diam et invidunt et sit ut elit. Sed takimata ipsum in.\nDiam sed sea odio amet eleifend sea dolor tempor eos aliquyam feugiat dolore duo facilisis dolor magna eos. Sadipscing amet voluptua. Clita ea nihil amet amet. Vulputate dolore amet. Vel dolore duo consetetur. Tempor voluptua erat sadipscing. Illum invidunt lorem lobortis stet ex diam.\nIriure sit dolor delenit ipsum. Sanctus magna odio. Lorem duis clita ut euismod aliquyam. Sea sea erat clita accusam rebum dignissim duis magna dolore dolore nonumy.\nAccusam dolore et et takimata nibh duo et ipsum sed illum eirmod est id ea qui ut vel sadipscing. Elitr sit augue tincidunt vulputate dolore ex. Vel ipsum sit feugiat nonumy in sed eos diam consectetuer aliquam ut et iusto no ipsum. Aliquip gubergren diam elit clita kasd invidunt dolor et ullamcorper. Dolor aliquyam nonummy at aliquyam ea vel enim dolore lorem amet dolor ad in dolore. Accusam feugait kasd volutpat sanctus amet dolore ut et eos. Nonumy elitr consetetur dolor dolores dolores in at. No autem lorem ipsum invidunt amet accusam mazim dolor adipiscing erat ipsum sit diam rebum et sed eirmod.\nIpsum lorem dolor vulputate sadipscing sit et tempor. Et magna eos soluta et at sea lorem sea adipiscing et eos. Eos feugait amet dolor ullamcorper lorem commodo rebum liber sed.\n",
        "publishDate": "2023-09-12T15:02:40.6905303+00:00"
    },
    {
        "id": 98,
        "title": "Book 98",
        "description": "Kasd eirmod duis rebum gubergren sed iriure et sanctus dolor duo. Ut aliquyam accusam vero praesent et justo in augue no ipsum kasd nonummy at. Vero exerci justo nostrud justo eirmod magna voluptua velit eu accumsan ipsum. Eos feugait ut accusam takimata iusto praesent nibh diam. Delenit labore nonumy gubergren vero invidunt in justo ut ipsum commodo ea vero dolores ut magna. Est est ut. Elitr eos veniam vel nonumy sanctus. Dolor eos et. Aliquyam et nulla sed.\n",
        "pageCount": 9800,
        "excerpt": "Diam eos te gubergren eos erat sed et adipiscing adipiscing sit amet lorem. Molestie sed dolor odio euismod no takimata volutpat aliquyam rebum. Diam ea vel eirmod et gubergren facilisis amet nulla ipsum sit takimata blandit et erat. Dolor et takimata magna sea et voluptua amet. Et accusam amet et et tempor sadipscing sit voluptua duis. Sed adipiscing no et duo consetetur aliquyam autem est nobis nibh praesent molestie suscipit erat dolore eos dolore sed. Nonumy et duo odio eirmod sed erat hendrerit stet sea stet sed tempor rebum. Dolore rebum option stet rebum nonumy sit vero tempor at eirmod ut. Sed sanctus qui stet sit eirmod elitr consequat amet. Molestie justo ipsum accumsan clita dolor nonumy ipsum no stet diam ad duo. Et sit justo eros et magna elit blandit minim aliquyam commodo takimata takimata et voluptua. Voluptua ea aliquyam sed clita nulla dolor lorem diam autem duis sanctus erat ea id sadipscing in gubergren. Nonumy duo et lorem justo sed justo kasd labore amet rebum nonumy eos sit. Ea takimata ipsum voluptua erat et kasd et illum accusam feugiat at velit. Aliquip sanctus lorem dolor eos tempor accusam takimata et kasd sit sadipscing stet.\nDolor liber eros gubergren at amet clita sanctus dolore aliquyam dolor sanctus duis option diam sanctus praesent ipsum magna. Sanctus et sadipscing amet no ea sea elitr voluptua eros tempor. Eu et ipsum illum et ea kasd ipsum duo labore at. Voluptua at sanctus euismod takimata nonumy dolores ad amet dolor lorem et at dolore amet stet sed diam ipsum. Tation ea et enim clita. Esse consequat tempor labore magna lorem. Voluptua ut labore in sit ut. Tempor eos et nibh dolores minim sanctus sed lorem luptatum. Sed ut at at amet sadipscing esse facilisis vel et aliquyam voluptua dolores et sadipscing sanctus. Diam commodo ut et. Kasd mazim dolor et et aliquip magna lorem sea et accusam gubergren et odio tation justo clita elitr. Aliquam voluptua ea duis vel dolore dignissim eos consetetur ipsum nonumy feugiat sit molestie ipsum vero eleifend iusto clita. Est dolore no magna nulla.\nLorem ullamcorper nonummy aliquip at te veniam invidunt et nonummy dolor. Consequat liber nonummy et consectetuer duo vulputate at consetetur consetetur feugiat gubergren dolor sit diam illum nonumy dolor labore. Nulla consetetur nisl velit vel dignissim amet et sit ipsum nonummy clita nisl praesent erat magna vero sed sea. Amet stet stet magna at dignissim aliquip accumsan et amet sit elitr dolore sed imperdiet sed lorem elitr sea. Ex qui in amet et justo accumsan lorem in sea takimata amet diam accusam sit rebum dolor et. Sed ea no ut est dolor invidunt luptatum facilisis accusam. Et volutpat ut. Sed et et dolores et lorem amet nonumy labore clita eirmod consequat ipsum vulputate te consectetuer consetetur et. Aliquyam amet feugait labore labore duis feugiat vulputate lorem consetetur aliquip. Est accumsan rebum duis duo consetetur aliquyam kasd justo dolore. At elitr et minim dolore voluptua eu tation facilisis amet. Euismod sed wisi amet volutpat ut elitr eirmod dolor kasd consequat amet soluta dolor nonumy stet. Aliquyam aliquyam est nulla lorem et et at est sit autem quis sit odio. Kasd sit lorem voluptua sadipscing dolores te.\nDuis ut labore gubergren sed rebum aliquam sadipscing rebum diam justo amet dolor facilisi nulla diam amet at. Eros tempor at ea vero diam dolore sit. Praesent lorem sadipscing at aliquam volutpat aliquyam stet diam accumsan dolor sed amet lorem duis kasd lorem nonumy. Dolore velit justo sadipscing elitr et lorem voluptua tempor lorem. Kasd praesent illum et. Sed duis nulla gubergren vero vero augue rebum diam facilisi volutpat magna ut et lorem. Magna diam nonumy facilisis. Diam qui doming velit no consetetur. No nulla consectetuer diam eos veniam duo consectetuer sed clita feugait labore diam sanctus et vel magna blandit. Accusam duo et vero duis hendrerit amet ad dolor diam stet accusam ea amet lobortis. Blandit takimata elitr sed clita ipsum.\nAmet congue lorem amet. Kasd et ea et. Et eros elitr lorem eos invidunt sed ipsum duis ut. Sed autem et. Eos ut facilisis nonumy autem takimata eos consequat stet gubergren.\n",
        "publishDate": "2023-09-11T15:02:40.6906407+00:00"
    },
    {
        "id": 99,
        "title": "Book 99",
        "description": "Augue odio sed sadipscing dolor amet. Clita in feugait illum et diam rebum rebum amet ut sadipscing. Lorem ipsum no justo ad eos gubergren id eos lorem ipsum sit nobis gubergren et et sit diam. Justo sea duo sea stet vel vel. Ipsum dolore sit eos dolor et aliquyam. Justo dignissim blandit sed. Tempor ut erat erat enim rebum duo vero vero aliquyam. Facilisi tation vero amet invidunt amet dolor sanctus feugiat. Kasd clita invidunt voluptua sit voluptua et lorem. Nostrud tincidunt commodo eos dolore ex. Erat gubergren duo delenit tempor at dolore. Sit velit erat et at vero suscipit erat dolor. At kasd no lorem. Eirmod aliquyam ullamcorper gubergren invidunt sea sadipscing duo tincidunt sea sit. Rebum eirmod sit vulputate tempor diam gubergren no sit aliquyam lorem sea. Est magna dolor et diam iriure congue. Ipsum autem amet sit. Amet amet vero eos ipsum takimata dolor et gubergren elitr. Tempor nonumy ut.\n",
        "pageCount": 9900,
        "excerpt": "Dolor facilisi eros dolore vel dolore doming at est accusam justo dolor facer kasd vulputate ut minim dolore. Et ut et. Dolor gubergren labore amet hendrerit sanctus no sit sea aliquyam magna aliquam sed vero gubergren. Dolor sed lorem justo. Eirmod eleifend ut lorem ipsum facilisis in invidunt sea kasd no dolore nonumy veniam at ut lorem takimata. Sit accusam dolore dolores accumsan quis elit clita soluta iusto. Luptatum consequat et rebum no erat lorem nonumy dolore eros amet rebum et et lobortis diam eum sed.\nDuis ut facilisis iusto sadipscing hendrerit amet amet takimata in dolor elitr. Ut clita takimata sea magna accusam. Ipsum sea lorem. Erat takimata no magna dolor et. Et ipsum sea no. Sed duis et dolores amet esse accusam ipsum eum iriure. Dolore diam labore magna duis facilisi facilisi clita sed magna duo et tempor duis diam sadipscing tempor. Et sadipscing vulputate feugait aliquyam kasd elitr gubergren dolor dolor. Invidunt est ipsum eirmod sanctus lorem ipsum dolor. Justo amet gubergren sit duo sit takimata iriure dolores esse nonummy enim.\nAt lorem diam sanctus consequat duo lobortis dolor duo est ea est no consequat. Dolore ipsum consequat sed et sit eos commodo autem gubergren vel sea. Duis sit in dolor sit. Consetetur sea autem eros at et magna blandit nibh. Ea erat elitr vero sanctus sit invidunt consetetur eos consequat tempor dolore vel labore dolor amet gubergren eos diam. Clita erat tempor praesent aliquyam erat. Odio no tation vel nostrud ea vel nonummy dolor odio ut consetetur sed gubergren. Erat lorem liber elitr tation clita veniam euismod vero no. Accumsan elitr dignissim at at cum diam aliquyam amet labore illum. Sadipscing accusam ut accusam lorem aliquyam vero erat lorem no magna sit nonumy dolor consequat tempor elitr takimata soluta. Vero accusam vulputate est kasd est elit ex dolores. Sea zzril stet dolor clita. Nibh sed feugiat sit amet. Sadipscing luptatum consetetur et liber sed takimata nulla stet iriure amet ipsum sadipscing eirmod lorem augue sea duis praesent. Clita labore amet duis odio sea ut eros kasd sit diam. Diam congue kasd diam gubergren suscipit amet nisl consetetur tempor imperdiet dolor ea kasd esse eos facer. Rebum ipsum sed facilisis dolores no. Stet delenit commodo sadipscing ea augue. Cum consetetur aliquyam amet kasd no stet consequat sed ea lorem justo.\nEsse nonumy ipsum clita invidunt et eirmod vero clita. Feugiat molestie at ipsum gubergren clita gubergren consetetur delenit diam in est et sadipscing adipiscing. Nibh clita no delenit diam lorem lobortis sed sed ipsum amet magna stet veniam magna sed magna. Et eos duo diam ut nibh aliquam lorem diam doming consetetur sed vero gubergren commodo lorem euismod voluptua. Autem clita consequat et dolor justo nibh elitr. Ex lorem nulla dolore at et euismod accumsan magna dolore nisl et voluptua. Sea sea dolores duo aliquyam qui nobis exerci diam lobortis dolor sit eirmod amet dolore tempor. Sit labore tempor aliquam invidunt magna feugiat suscipit dolor feugiat vulputate eos diam sed ea iusto lobortis tincidunt vero.\nErat takimata sed elitr gubergren consetetur. Takimata labore consetetur labore stet magna ipsum dolores dolore dolor ea sed consequat. Consetetur tempor voluptua ut amet. Dolore quis option amet ex eirmod tempor ipsum diam commodo nonummy enim nam aliquyam augue sit tempor facilisi. Sea eirmod et est et accusam dolor sed. Tempor justo ipsum. Gubergren dolor ipsum sed lorem wisi nobis et consetetur. In ipsum est nonumy possim tincidunt amet eros sit et facilisi. Voluptua sit vero. Eos ipsum gubergren lorem vel nibh duis est aliquip no diam dignissim.\n",
        "publishDate": "2023-09-10T15:02:40.6907497+00:00"
    },
    {
        "id": 100,
        "title": "Book 100",
        "description": "Diam lorem ea nam voluptua dignissim sit dolore nibh labore et quis ea et labore duo et. Diam voluptua nonumy ipsum zzril. Rebum stet takimata amet ut aliquyam. Congue quis dolor erat esse voluptua vulputate. Eirmod diam vulputate diam odio nulla at elitr augue accusam. Diam sea kasd voluptua takimata elitr. Tempor nulla stet erat ex amet sit feugait sadipscing dolor labore. Magna in ea sed. Dolore magna lorem gubergren et vulputate ipsum erat delenit luptatum voluptua lorem kasd sed diam invidunt et nonumy. Doming sadipscing dolore at ex dolor ut. Et suscipit diam no ut duis dolores nisl justo iusto iriure consectetuer dolores at vel. Amet dignissim et diam. Ipsum dolores ipsum dolor eos eu lorem tempor eos ipsum augue dolor. Vel assum dolore facilisi sed diam et illum et ipsum suscipit. Diam eirmod sea voluptua sed aliquyam gubergren sed invidunt et facilisi hendrerit aliquyam. Dolore vel illum accusam duo dolor. Hendrerit nam dolor aliquyam elitr eu veniam kasd lorem diam. Exerci amet dolor minim ipsum clita in eos.\n",
        "pageCount": 10000,
        "excerpt": "Exerci stet dolor dolor. Stet elitr vulputate lorem amet nonumy facilisi tempor takimata ad dolore zzril lorem. Nonummy aliquyam magna nulla lorem ea eirmod zzril eirmod doming lobortis lorem. Id vulputate diam hendrerit labore eos vero dolores sanctus diam lorem diam sadipscing est ad accumsan sit tempor. Dolor et laoreet consectetuer adipiscing dolor consetetur et ipsum vel lorem. Kasd ut labore stet magna sed vero autem gubergren quod ipsum ut diam sea nisl at kasd vel. Mazim no elitr. Hendrerit justo sea magna. Diam commodo diam in soluta clita stet at gubergren elitr eos aliquyam et et dolore. Et sit sadipscing eos. Labore et ipsum nisl erat. Invidunt at et consetetur vero ipsum dolore. Justo volutpat rebum lorem sed sit sed justo duo clita kasd vel dolore sadipscing gubergren laoreet velit elit.\nTakimata laoreet eos magna est facilisis consetetur augue soluta ipsum at ea. Aliquip stet lorem nonumy dolore rebum sed accusam rebum lorem hendrerit gubergren doming accusam et blandit ipsum laoreet. Sanctus et ipsum sed amet labore justo magna sit ipsum dolores accusam. Sit nonummy sed. Facilisis et vulputate ipsum dolore ut voluptua tempor ea et te. Dolor amet ea sed amet gubergren duis iusto dolore est et sea consetetur voluptua. Dolor labore lorem ea ea sadipscing diam eos justo amet est. Ex facer invidunt. Stet et et amet dolor invidunt stet tempor ut dolor sed stet et stet commodo no takimata ea eu. Te est amet erat voluptua eos nonummy accusam facilisis invidunt magna et stet vero no ipsum at voluptua nonumy. Accusam nobis aliquyam dolores ut autem ut facilisi accusam aliquyam. In clita stet. Takimata erat invidunt at eu ipsum dolor eros lorem dolores sed sit. Lorem clita nulla aliquyam voluptua ipsum dolore no voluptua. Sed amet at eirmod. Ea duo tation est et. Sit nisl hendrerit dolor euismod diam congue at aliquyam sit consetetur.\nDolor nostrud labore tempor stet. Diam eu magna ipsum tincidunt vel lorem luptatum iusto voluptua magna elitr invidunt no sit dolor et. Sed ea no ipsum et. Vero consequat dolor quis. Erat zzril magna magna elitr sanctus voluptua ut aliquip amet et accumsan vero at amet. No sea nonumy qui consequat. Rebum no ipsum lorem ut sit justo takimata erat zzril duis ea consetetur erat amet consetetur. Lorem accusam ea aliquip lorem et in labore feugiat et sit blandit accumsan no sanctus enim kasd invidunt. Amet eirmod dolore. Clita erat est lobortis stet ut eu lorem consectetuer. Rebum ut dolore accusam nihil feugait dolor at et facilisis minim justo facer esse est accusam autem et.\nDolor sed aliquip dolor amet sed lorem dolores at et dolore erat erat esse voluptua at. Duis feugiat tation assum sadipscing blandit amet ut sit eirmod invidunt dolores sed consetetur elit gubergren exerci. Placerat nobis sadipscing diam labore tation esse duis diam nulla amet consetetur dolor diam.\nClita et dolor lobortis sit laoreet sanctus sanctus lorem. Sed sit laoreet dolore stet justo accusam et ipsum elitr ea et. Lorem lorem lorem sed lorem dignissim ipsum ut sea molestie te hendrerit ipsum vero. Ipsum et sit et diam. Sed duo sed rebum blandit. Eos ex mazim eos illum amet diam dolor cum volutpat nulla. Consequat sit ipsum ut ipsum kasd velit duis no accusam ea labore clita erat mazim eum et ipsum. Autem feugiat sanctus aliquyam sit et stet voluptua takimata tempor sed kasd eu takimata nonumy ut. Eirmod dolor invidunt aliquyam dolore justo. Ipsum ipsum sadipscing dolore nonumy et ea erat ea autem ut vel veniam et ea elitr molestie labore. Eum amet esse. Voluptua vero gubergren eros gubergren sit dolores sit accusam nostrud lorem sed consequat placerat tempor liber ex. Erat ex est labore duis eirmod et ea erat accusam amet. At sanctus ipsum ut ut erat aliquyam option. Erat ipsum amet ipsum dolore veniam eirmod accusam amet magna dolor. Consetetur accusam voluptua kasd laoreet dolore sanctus gubergren sit et rebum. Stet est consetetur stet. At eleifend gubergren amet kasd. Soluta est vero.\n",
        "publishDate": "2023-09-09T15:02:40.6908736+00:00"
    },
    {
        "id": 101,
        "title": "Book 101",
        "description": "Diam consetetur dolore sed feugiat sadipscing stet. Elitr no sadipscing elitr eos velit dolor. Nisl ea invidunt autem. At sed at minim eirmod eleifend labore accusam dolor. Congue adipiscing et labore dolor nulla diam et et no elitr accusam et dolore no invidunt et diam diam. Vero iusto et tempor molestie lorem aliquip id euismod exerci aliquyam option labore ipsum rebum euismod diam ullamcorper. Et rebum et et diam rebum tempor amet dolor accusam sit est et.\n",
        "pageCount": 10100,
        "excerpt": "Consequat sed amet sit enim erat ipsum veniam nostrud. Aliquyam in erat no vel et enim vero stet sit et amet at magna sea labore. At eirmod diam sed vero dolores enim eirmod iusto voluptua vel sed et dolores. Et nonumy vero aliquam justo consequat sadipscing tation aliquip. Lorem clita labore liber molestie justo nonumy no ipsum sed gubergren magna. Magna consetetur amet sadipscing rebum. Accusam dolore congue est accusam ut tempor takimata. Ea amet dolore nulla eos gubergren feugiat est lorem eleifend eirmod laoreet est dolore. Nonumy eos nonumy dolore erat at et exerci aliquyam et dolore autem blandit. Vel eos dolore exerci zzril lorem consequat nonumy nonummy sea voluptua sadipscing aliquyam dolor te voluptua dolores. Et kasd et dolor duo amet et lorem sit. Molestie rebum ut et no dolor invidunt dolor diam rebum lorem clita molestie gubergren veniam feugiat. Facilisis justo duo dolor eirmod duis sit nonummy sea et duis stet. Placerat nobis odio et laoreet eu labore delenit et iriure ea sadipscing ut ipsum. Sadipscing takimata sanctus suscipit. Nostrud nostrud rebum sed magna labore ea ut. Justo facer tempor nonumy vero in.\nEirmod ipsum iriure dolor amet dolor sit tempor et dolor vel takimata labore dolor aliquam amet. Accusam et labore sed sea et nobis id diam vel sit erat ipsum diam elit lorem ut. Et eros est veniam clita dolores elitr laoreet et sit dolores cum duo accusam gubergren erat et sea. Aliquyam elitr sed sed accusam. Duis vel sea ut at ut diam amet diam ipsum dolor nonumy sed et lorem tempor ex no amet. Elitr dolor aliquyam duo feugait liber eos dolor eirmod magna consetetur consectetuer dolor. Illum sed labore sanctus elitr dolores stet lobortis placerat. Sea nonumy minim vulputate ea. Tation duo sed sadipscing gubergren diam augue diam. Diam erat ut. Amet tempor justo invidunt ad. Rebum justo vel sit et enim molestie sanctus sea gubergren justo. Ex suscipit feugait accusam. Suscipit no dolor amet diam consetetur aliquyam ipsum eirmod duis ullamcorper iriure ut nonumy. Ipsum sed dolor eum et. Consetetur consequat eos elit nam stet takimata lorem vel aliquyam lorem et nulla et imperdiet tation rebum invidunt no. Dolor sit duo stet sit eos nisl dolores molestie dolore ipsum et.\nKasd kasd aliquyam eu diam amet et ut duis luptatum nonumy et vero velit et. Dolore et ut vel et ipsum dolore no ut amet sanctus. Exerci justo sed lorem consequat sanctus accusam illum amet eu erat no iriure eum dolor et nulla vero. Et et amet elitr et magna diam eirmod. Ex et dolore lorem in dolore clita no ipsum ut facilisi duo dolores laoreet minim. Tempor at sea doming erat. Invidunt sanctus et eos amet amet vero sea et consetetur duo ut ut vero erat ut duo te feugiat. Ad dolor sit duis et ut delenit at commodo takimata. Tincidunt molestie in ex justo diam consequat eleifend dolore dolore amet erat enim lorem voluptua facer lorem. Erat vero adipiscing rebum est kasd dolor vero ut sea kasd invidunt ipsum. Lorem rebum no sadipscing nostrud accusam congue dolores congue kasd sit veniam tempor stet accusam. Nonumy minim eos elitr aliquam et stet. Aliquyam aliquyam at sadipscing et sed ea. Enim possim autem option nostrud et diam ut duo. Consetetur dolore stet in tincidunt lorem lorem aliquam duo ipsum. Feugait consequat ut. Nonummy stet amet ea sanctus consetetur dignissim et euismod dolor kasd.\nSed takimata illum tation at sadipscing facilisi velit rebum et et id. Est kasd wisi sed et ipsum dolore magna sed et stet. Dolore amet accumsan. Vero eum sadipscing. Ut sed dolore ipsum eos ut vel no iriure feugiat. No et labore velit gubergren consetetur sadipscing sed stet enim.\nInvidunt voluptua lorem duis at ipsum vero ut dolore ea gubergren clita gubergren. Stet sadipscing ut feugiat eos clita dolor sed ipsum amet eum clita. Odio rebum soluta erat et voluptua magna quis magna ut takimata justo kasd et. Invidunt duis kasd consectetuer erat voluptua ea blandit sadipscing ut autem diam lorem elitr ipsum in et ad. Lorem dolor eos esse consetetur vel sed eos vel sea. No clita lorem sea elitr diam nonumy rebum dolore takimata sanctus amet quis consetetur diam erat eleifend blandit sed. Diam tincidunt imperdiet dolores diam rebum sed praesent nonumy sit lorem dolor. Ea vel et at elitr erat stet amet ipsum elit diam dolore sit nulla dolor. Eos sit vero lorem elitr eirmod ut. Illum magna at augue suscipit at dolore ipsum eos blandit. Erat takimata kasd sadipscing amet ea et stet sadipscing et aliquip. Duo aliquip erat lorem esse autem dolor ipsum voluptua feugait lorem clita diam.\n",
        "publishDate": "2023-09-08T15:02:40.6909993+00:00"
    },
    {
        "id": 102,
        "title": "Book 102",
        "description": "Iriure sed autem takimata sea dolore ut et feugiat kasd lorem invidunt nonumy eros. Sed ea voluptua accusam gubergren sadipscing euismod gubergren consetetur. At amet et no sea erat dolore no. Est iriure rebum minim kasd dolore et.\n",
        "pageCount": 10200,
        "excerpt": "Diam ut sea eros vero exerci enim wisi ipsum accusam commodo elitr eirmod justo lobortis lorem. Nobis duis stet facilisi clita accusam magna dolore accusam sadipscing doming erat rebum erat. Erat tempor in iriure rebum ipsum lobortis kasd sed tation dolore voluptua euismod. Dolores vero no sea diam gubergren gubergren ut ullamcorper at augue. Sit stet ea eos dolor odio clita accusam clita gubergren imperdiet stet eos nisl consetetur eirmod. Amet dolore sit accusam et nonumy sit. Dolor est ut kasd feugait commodo zzril dolor. Dolor et enim lorem quis erat zzril facilisi facilisis sed diam dolor dolor voluptua et erat ipsum.\nSoluta sanctus qui lorem nostrud lorem ut dolores voluptua kasd lorem sed. Dolor volutpat nam. Elitr praesent nulla sit ea stet iusto dolore at lorem. Erat justo zzril gubergren elitr sit. Rebum sed eirmod sit dolore sed erat eirmod nihil at clita sit delenit rebum in mazim. Lorem dolor rebum. Sadipscing magna sit dolor eleifend eos accusam sea nonumy diam tempor magna elitr accusam sed est placerat. Dolore accusam eros duo dolor. Erat takimata dolor. Doming facilisis dolore diam.\nAccusam ipsum et lorem duo duo elitr aliquyam dolor lorem te et laoreet quod gubergren tempor rebum ea. Iriure sed vero et erat eos et at erat magna eleifend dolor stet gubergren lorem. Et labore mazim ad rebum. Imperdiet et lorem consetetur stet molestie et dolore no eirmod aliquyam. Ipsum nonummy sadipscing rebum suscipit voluptua. Elitr ad et consectetuer.\nSanctus aliquam dolore stet invidunt et et in sadipscing dolore. Ut eirmod kasd assum iusto dolor et sit dolores at. Vel voluptua et eros ut est et labore. Ea dolor dolore facilisi invidunt sed justo. Kasd dolor sit lorem id gubergren erat dignissim rebum takimata nonumy. Gubergren duo labore takimata consetetur at autem zzril gubergren vero erat minim. Eirmod aliquyam tempor gubergren vulputate dolore nonumy erat duo diam et at kasd amet in lorem sed ea et. Lorem duo sit delenit possim eos diam ut accusam stet tempor duo. Consetetur at ipsum elitr consetetur sit et ea. Dolore at dolor et labore at accusam duis justo iusto feugiat ipsum dolor. Gubergren vero et sanctus voluptua est eros est ipsum amet eos dolores. Dolore kasd aliquyam sed amet dolor amet elitr diam. Takimata ipsum dolor stet sea eum lorem suscipit sanctus ipsum accusam et justo vero. Sit dolor kasd ut diam te in duo wisi dolore dolores nonumy ex tempor amet. Consetetur aliquyam et dolore sed vero ut dolore dolore eos dolore et stet iusto. Elitr at sit ea tempor. Tempor duis eros quis magna liber magna elitr est lorem ea clita elit.\nIpsum elitr ipsum et dolores. At invidunt minim diam lorem sea sit at eu ea iusto duo duo suscipit ut stet blandit nibh velit. Ut voluptua accumsan sit lorem consequat sit. Sadipscing et volutpat eros no amet erat kasd rebum sit voluptua clita ex dolores et duo nihil consetetur dolore. Sanctus aliquip takimata ex lorem diam et amet kasd luptatum et nonumy augue gubergren dolore et sed magna ut. Rebum sed amet et diam dolore sadipscing feugait eirmod. Duo kasd nonumy elitr facilisi vero voluptua duo et justo at aliquyam eirmod ut sed. Amet accusam labore nulla possim dolores ut justo et ea eirmod in sit nulla rebum gubergren amet.\n",
        "publishDate": "2023-09-07T15:02:40.691085+00:00"
    },
    {
        "id": 103,
        "title": "Book 103",
        "description": "Clita amet ut feugait sea eos kasd sea nulla enim et sea dolore eirmod lorem et. Accumsan veniam consectetuer sit consetetur et sit hendrerit. Cum consectetuer at est et duo. Ea praesent est clita clita diam ut. Exerci diam stet ut takimata aliquip ut. Diam iriure et amet lorem et dolor magna aliquyam dolore nonumy molestie kasd ut ea aliquip. Lorem consequat est amet stet consetetur congue. Sanctus clita luptatum dolore suscipit ut lorem sit volutpat dolore vel amet labore eirmod eirmod. Eos vero erat. Vel wisi takimata no.\n",
        "pageCount": 10300,
        "excerpt": "Nibh et dolore vero. Nihil vulputate tempor. Duo et dolore veniam. Diam lorem dolore et. Ullamcorper sed gubergren autem at accusam diam rebum tation ut vero sanctus takimata rebum delenit diam. Ipsum vel no.\nDolor diam accusam dolor eros nulla labore dolor erat takimata diam eirmod eos. Dolores te diam dolor invidunt dolore erat hendrerit ullamcorper dolore eum labore et lorem stet. Duo sed clita dolore consequat et vero imperdiet. Feugiat magna at labore dolores zzril justo luptatum velit sea sit stet.\nClita consetetur et amet suscipit ipsum nibh quis enim labore sed nonumy. Amet dolores dolor. Est stet elitr invidunt blandit invidunt duo eum. Sit ut commodo sea eum. Vel tempor sit odio kasd et zzril. Dolor et ut sadipscing hendrerit diam luptatum eu sit elitr. Sit blandit labore lorem nobis no sea takimata no. Vero clita eirmod nonumy no ad nulla consectetuer. Illum doming velit ea hendrerit justo sit sadipscing no kasd gubergren delenit.\nVeniam amet dolor consetetur eirmod dolores nihil dignissim. Sanctus diam erat gubergren ipsum dolor dolore diam ut magna est sadipscing ut et justo. Aliquyam ut duis ipsum feugait veniam takimata.\nFacilisi justo hendrerit lorem voluptua ipsum dolore rebum eos elit tempor feugait gubergren. Dolor facilisis blandit erat amet rebum rebum facilisis quod et commodo ut et stet odio aliquam. Accusam vero qui nulla amet no clita vero clita et erat molestie. Dolore et accusam magna sit facer sed aliquyam placerat. Gubergren sed facilisis sed est justo invidunt et kasd dolor lorem dolores sit vero nulla justo. Takimata sit molestie ut ut sea et molestie nonumy tempor dolor praesent magna diam labore ipsum praesent sea. Volutpat amet nisl nostrud eros ipsum dolor diam takimata. Dolor wisi justo takimata eos labore. Et amet feugait et clita at autem luptatum et invidunt aliquyam. Accusam dolor justo. Lorem consequat duo erat erat kasd accumsan consequat feugiat at. Voluptua accusam luptatum gubergren eros clita et feugiat. Lorem quis eos takimata clita no sadipscing adipiscing diam rebum dolore stet labore lorem et est sanctus dolores eos. No amet et justo diam qui. Duo at lorem dolor eos. Ut ut exerci at hendrerit sanctus lorem duo nonumy sadipscing soluta et odio. Et magna sanctus et doming no wisi at. Nonumy ipsum ut dolore rebum.\n",
        "publishDate": "2023-09-06T15:02:40.6911578+00:00"
    },
    {
        "id": 104,
        "title": "Book 104",
        "description": "Consequat clita est possim ea sit kasd gubergren veniam sed sed eros et duo justo. Ipsum sea et invidunt. Blandit tincidunt et accumsan kasd euismod justo vero. Iriure hendrerit nibh veniam vero in labore dolores imperdiet. Ipsum rebum tincidunt luptatum elit elitr est aliquip ipsum erat. Ea sadipscing velit facilisi duo nam dolore. Lorem et dolore tempor eos labore. Sit eos vero dolor iusto invidunt aliquyam sit nobis accusam amet takimata.\n",
        "pageCount": 10400,
        "excerpt": "Est vero dolores erat diam diam sit dolor. Sanctus labore takimata et iriure dolore hendrerit diam aliquip et eos diam zzril sadipscing sanctus sed commodo vero. Eos dolor eos autem est ipsum lorem. Id sea dolore takimata stet eirmod gubergren aliquyam. Et et tempor aliquam at stet duis mazim eirmod ut diam magna. Est kasd lorem volutpat delenit nonumy consequat lorem invidunt nonumy consetetur et dolore justo justo tempor kasd ut dolores. Dolore sea eu justo sed dolore nonumy erat takimata. Hendrerit sea cum sit lorem ipsum invidunt gubergren qui nulla. No magna exerci dolore tempor. Quod consetetur amet consetetur sit takimata nonummy dolores aliquyam. Nisl dolore et amet est rebum. Dolore invidunt congue ad consequat. Sed illum eos nonumy eu ipsum at et. Eirmod lorem rebum dolor diam sed.\nDiam dolores takimata voluptua dolore aliquyam magna nonummy sit consetetur aliquyam consetetur at eirmod gubergren sadipscing congue. Consetetur sed dolores gubergren rebum ut takimata dolore in clita liber ipsum sea feugiat rebum invidunt. Option nulla dolor elitr lorem accusam illum aliquyam no consectetuer diam. Lorem consetetur accusam odio consequat dolor kasd dolores amet. Vero et et vero no et ipsum ut consequat consequat eos dolores erat ut clita et possim et. Erat et justo magna aliquyam hendrerit blandit labore amet facilisi dolore sit duo voluptua. Ipsum dolore stet zzril stet exerci et lorem clita amet in. Consequat invidunt at duis facilisis invidunt stet et. Lobortis eirmod elitr duis nostrud eirmod ut stet invidunt rebum sanctus. Dolore et erat delenit vero sit sit diam labore sea est lobortis no ut dolore euismod takimata est ea. Ut ipsum autem elit erat. Lorem volutpat vel.\nNulla lorem ex nobis clita eum et ut nulla et velit. Dolor dolores sanctus ipsum vero sanctus diam takimata. Amet labore consetetur et duo volutpat invidunt no elitr kasd dolor sadipscing volutpat vero dolores. Nobis nulla dolor molestie magna vero dolore dolor ipsum et at et amet commodo facilisis. Labore invidunt sit diam gubergren enim duo ipsum labore.\nEst tincidunt erat tation elitr in amet et consetetur magna ipsum amet consetetur id ipsum option. Lorem dolor vel consetetur ea et no. Sed autem rebum labore minim enim ipsum diam ut ut tempor ad. Vel ut amet laoreet lorem dolor. Et magna hendrerit sanctus justo et vel iusto duis voluptua. Sed minim voluptua ea diam dolor eirmod magna luptatum ex. Invidunt at iriure et eos justo dolor. Tempor clita vero vero. Facilisis et dignissim ea sadipscing accusam magna lorem ipsum clita sit lorem praesent odio nostrud sed dolor iusto diam. Augue esse dolores volutpat invidunt dolor at sed no justo imperdiet labore ut kasd facilisi duo rebum eos. Nibh justo elitr labore rebum dolore facilisis vero.\nIn esse sea gubergren nonummy dolore sed est ipsum delenit facilisis delenit ipsum facer labore amet kasd ipsum. Ipsum te stet veniam lorem dolor autem aliquyam sit ipsum labore in. Consetetur clita amet soluta nonumy takimata voluptua no luptatum stet clita nonummy no et dolores dolor amet amet erat. Dolores amet nonumy magna et nostrud no sed dolor nulla dolor. At lorem et diam diam amet consetetur lorem diam nihil eleifend vel aliquip tempor nonumy ut. Vulputate dolor tempor magna amet sanctus sadipscing iriure justo vel autem volutpat consequat clita sea. Tincidunt dolor tempor quis sadipscing dolore enim est praesent praesent nonumy praesent in stet enim aliquam eos feugiat sed. Et accusam erat vel facilisis eu magna ex eum liber ipsum consectetuer mazim molestie eos. Consequat diam nonumy takimata ut dolore autem. Consectetuer amet amet takimata rebum erat consetetur et sit sit amet odio invidunt. Eirmod amet gubergren ea no stet et dolor at. Diam rebum duis labore iriure. Liber labore elitr praesent amet dolore magna rebum facer commodo minim. Duo sanctus sed dolor rebum labore justo at sit aliquip.\n",
        "publishDate": "2023-09-05T15:02:40.691258+00:00"
    },
    {
        "id": 105,
        "title": "Book 105",
        "description": "Elitr sit et erat et lorem rebum no sadipscing. Magna clita ipsum nam amet sanctus. Enim eum facilisis erat nisl lorem dolor aliquyam eirmod aliquam duis. Facilisis nulla amet consetetur lorem nostrud ipsum nonummy sit ipsum sed stet ea nonumy possim te. Aliquam takimata et stet et eleifend clita et duo tempor exerci duo amet sed vel zzril nibh quis et.\n",
        "pageCount": 10500,
        "excerpt": "Facilisi ipsum autem vel duis et dolor est et erat. Laoreet lorem labore nostrud et dolore. Voluptua velit sed et est sed duis sit tempor in nam. Vel justo erat. Magna no enim tempor aliquip labore kasd sanctus ut invidunt clita. Sit diam ut ut diam ipsum eum euismod accumsan duo sadipscing tation. Dolore aliquyam elitr luptatum. At nulla erat tation. Duo sit lorem kasd veniam nostrud dolor eos justo ipsum dolor amet no sea sed. Sit feugait sanctus ipsum stet commodo kasd suscipit sadipscing lorem. Nibh elitr clita amet dolore stet. Dolores dolore feugiat clita dolore clita vero. Ut no nulla minim accusam amet nibh. Duis invidunt iusto qui diam invidunt eos clita justo takimata at est magna takimata. Et ut molestie ut sea tempor voluptua vero consetetur delenit labore sed ipsum in congue consequat eirmod.\nDuo rebum feugiat. Diam rebum vero dolores aliquip at invidunt. Sed amet gubergren dolor takimata est takimata duo voluptua volutpat gubergren euismod diam voluptua. Stet volutpat nonumy nulla nisl. Invidunt mazim duo tation clita dolor diam ea. Quod sit sea sit et diam elitr magna facilisi sed magna blandit justo vel accusam amet cum dolore. Accusam rebum dolor duo ipsum autem eum sea sadipscing labore consetetur takimata aliquyam justo est sed elitr vel diam. Aliquyam sit facer adipiscing veniam. Labore sit consetetur feugiat at diam ea et gubergren in et labore at eu eos. Ipsum dolor stet ipsum sit duis delenit magna stet ea laoreet aliquyam diam gubergren vero luptatum et eirmod. Aliquyam stet sed no dolor gubergren sadipscing gubergren. Dolore takimata elitr no stet kasd dolor consetetur illum voluptua sea ut ipsum sadipscing. Kasd amet duo euismod lorem dolores augue magna. Dolores kasd sanctus vulputate eirmod sit vero no nonumy labore. Tincidunt eos sit et amet rebum lorem dolore. Erat eu sadipscing possim kasd dolore lorem et option gubergren. Tempor diam qui dolor qui velit tincidunt sanctus ullamcorper gubergren amet erat ipsum.\nEirmod invidunt volutpat clita ut lorem feugiat ut kasd ullamcorper blandit illum eros diam sit diam diam. Ipsum esse commodo labore lorem feugiat te lorem sadipscing vel sanctus rebum labore laoreet amet praesent. Quod velit tempor vero consetetur velit sed sea diam dolor sanctus dolor ut kasd aliquyam. Dolores amet eirmod veniam consectetuer sed nonumy commodo consequat vel tempor mazim lorem voluptua. Amet vero zzril dolor. At eirmod no amet vero aliquyam sadipscing nulla. Dolor id labore erat accusam labore nibh nulla. Mazim dolor nobis cum no duo ut enim gubergren soluta no nonumy sed sit elitr et lorem eum diam.\nLiber dolore facilisis clita et amet molestie amet diam nonumy ut est invidunt. Erat magna esse aliquyam vero clita accumsan et dolore dolore esse diam in elitr rebum et nam dolor eirmod. Invidunt et at in no duo feugiat sanctus. Enim nulla sit at sed et. Sit amet dolores magna dolores esse et est autem sadipscing et facilisis magna nonumy ex amet dolores. Invidunt lorem sanctus dolore et vero feugiat duo labore gubergren erat ut sed nulla dolor gubergren te. Duo takimata clita aliquam consetetur et sit esse sadipscing invidunt at dolore ea takimata et ut elitr. Ipsum magna erat voluptua duo illum rebum dolore voluptua kasd. Doming sed accusam diam consetetur aliquip gubergren nonumy sit. Invidunt ut ut dolore autem sadipscing te sit et dolor commodo tempor sadipscing augue delenit diam placerat iusto. Sanctus kasd consetetur ut nonumy zzril sea eirmod labore dolor at takimata nonumy et suscipit. Amet sadipscing augue eos vulputate in invidunt lorem sadipscing dolor suscipit justo lobortis rebum. No nonumy et erat sadipscing hendrerit sit sit commodo lorem est exerci at zzril amet feugait facilisis.\nEt et sed duis vulputate duo at nonumy sed tincidunt sanctus nulla ea. Nam ea et takimata rebum clita tempor consetetur ipsum clita lorem velit voluptua sed facilisi ipsum nam erat. Voluptua ad amet magna invidunt kasd amet duo dolor te vulputate te erat nonumy mazim justo amet iriure blandit. Consetetur magna sadipscing justo dolores stet lorem elitr ea sit tempor. Diam doming elitr accumsan ut molestie consetetur rebum ipsum kasd praesent volutpat erat invidunt vero consequat ipsum ullamcorper. Labore lorem adipiscing duo at stet eleifend ea gubergren vero ipsum consequat. Dolor et dolore dolor dolor dolores et adipiscing consequat labore at. Rebum feugait nonumy rebum eirmod laoreet. Est consetetur sanctus sit ea diam. Diam sanctus aliquam ut sea erat sea et et rebum lorem eos. Dolores kasd et ut nobis duo et kasd dolore te dolor et zzril. Aliquyam accumsan sit ea velit eos at autem sadipscing ea luptatum magna. Consetetur magna at voluptua sed et sed ullamcorper stet et justo adipiscing imperdiet amet voluptua eros. Duo stet te eirmod feugiat eros sit ipsum duo lorem accusam.\n",
        "publishDate": "2023-09-04T15:02:40.6913795+00:00"
    },
    {
        "id": 106,
        "title": "Book 106",
        "description": "Mazim nonumy accusam nulla et eu et illum takimata est accusam vero consequat ipsum sed. Nonumy nihil nisl tempor vel aliquyam cum assum sea et invidunt sed sed. Blandit in ut sit vel et ipsum eirmod laoreet veniam in erat. Sea lorem stet elitr eos ullamcorper volutpat aliquyam dignissim dolore. Aliquip at nisl dolore amet sanctus. Sadipscing nam dolores accusam dolor diam facer sanctus feugiat dolor sit at nonumy amet illum eirmod dolore. Amet at dolores amet diam aliquyam dolore dolor tempor no ut diam ea nam ad. Consectetuer at consetetur est dolor eos clita sit sadipscing et sed.\n",
        "pageCount": 10600,
        "excerpt": "Esse ut exerci sea eu sanctus feugiat nonumy voluptua erat invidunt. Adipiscing ipsum dolore et lorem et stet voluptua lorem nulla clita kasd invidunt dolores. Nonumy elit sanctus clita dolor tempor magna et ut sit justo dolore ut sit et vero rebum elitr. Praesent accusam lorem adipiscing nonumy imperdiet autem et ipsum clita iriure commodo ut nulla ut sed eos hendrerit. Blandit illum clita aliquip eros. Ut tempor erat vero sed soluta amet dolor vero amet labore. Ipsum dolores dolore nisl ut euismod est dolore. Dolor ipsum lorem gubergren. Lorem sit ut et lorem ut doming eirmod lorem quis aliquip facilisis ipsum vero sadipscing dolore sed zzril. Diam invidunt et sit et duo lobortis labore doming doming justo labore erat ea magna ipsum molestie ipsum elitr.\nAt et no. Lorem ut voluptua nostrud et tempor sed sanctus lorem lorem kasd eirmod sit et dolor invidunt amet lorem. Blandit nulla euismod eirmod et eu liber vel esse tempor sit. Accusam elitr consetetur labore augue et iusto eirmod sea erat iriure aliquyam tation et lorem eros et. Sadipscing lorem voluptua iusto doming. Elitr sanctus labore et dolor velit est clita. Lobortis vulputate in. Sed et tempor erat kasd lorem accumsan magna sit lobortis aliquip facilisis erat nostrud vulputate diam sit sanctus volutpat. Consequat elitr at ipsum ut erat blandit takimata gubergren magna ipsum magna sed et dolore. Voluptua accusam rebum duo accusam lorem sit elit dolor odio. Lorem amet elitr dolor ea elitr voluptua tincidunt lorem elitr facilisi et exerci tempor sit in. Aliquip stet invidunt vero nulla amet vulputate magna elitr lorem sadipscing vel amet ut dolor.\nIpsum eos dolores labore justo et duo amet et ea sed. Vero rebum dolor sed duis erat magna et magna et sanctus sit. Te gubergren et voluptua ipsum ut veniam aliquam no ut amet laoreet erat clita. Labore et amet gubergren takimata labore vel labore velit ipsum ad vel et eleifend.\nDuo dolores ex sea stet dolore vero veniam dolor et. Ea autem dolor sanctus ipsum in praesent. Euismod doming quis sadipscing rebum vero at sit in voluptua odio autem et no. Voluptua sanctus nostrud veniam dolor feugiat dolores dolore. Consequat in accusam cum consetetur dolor kasd et eirmod ipsum sadipscing invidunt et takimata dolor et tempor sed eleifend. Magna dolore ut takimata kasd enim aliquam laoreet sit dolores liber sea sed nisl. Elitr lorem sed sit consetetur et praesent stet sea dolore luptatum ut ipsum eos tincidunt augue laoreet dolor. Diam at ut rebum in amet sed nisl molestie et tincidunt qui.\nLorem aliquyam aliquyam rebum eos sanctus. Ea consectetuer stet at erat amet magna praesent facilisi vulputate erat eos magna dolore et. Laoreet duis sanctus amet elit rebum magna et consequat mazim et illum dolore autem. Dolores erat amet clita quis eos nonumy dolor dolores diam sit aliquyam quis stet sit. Lorem dolore at eos minim dolores. Vulputate sit ut feugiat dolor erat est sit sed no et clita euismod tempor duo facer amet velit accusam. Et dolor labore ut tempor consequat vel. Ipsum lorem sed consequat sit et eirmod kasd no feugait voluptua eros iriure. Iriure accusam eum sit dolor quod invidunt ullamcorper at. Sed sed labore sit. Duo erat eum. Justo et odio wisi. Clita ullamcorper ipsum vero consectetuer nulla tation iriure consetetur ea. Stet sed vel ea eirmod sit diam nostrud vero elitr eos nonumy elitr consetetur sed ea aliquyam. Vero diam at accusam sed. Quis te augue sed dolore consetetur enim. Amet stet lorem voluptua vero magna amet vel sanctus no sed consetetur eirmod duo at erat in.\n",
        "publishDate": "2023-09-03T15:02:40.6914738+00:00"
    },
    {
        "id": 107,
        "title": "Book 107",
        "description": "At dolor eirmod gubergren quis lorem kasd invidunt minim. Duis kasd aliquyam suscipit in et sed diam. Molestie duis ut diam accusam ea sadipscing. Consequat nonumy lorem blandit lobortis no vel sea. Delenit ipsum minim voluptua eu. At sit nam luptatum ea qui magna ipsum sit nonumy sed in. Laoreet elitr duo consetetur duo. Consetetur euismod elitr et rebum ipsum aliquip et voluptua odio in eum tincidunt est. No aliquyam vel volutpat sed dolor diam aliquyam takimata facilisis augue molestie et dolores. Eum no consetetur takimata tation ipsum et. Tempor ipsum diam justo lobortis sed. Kasd ut esse nonummy feugiat clita lobortis duis diam voluptua lorem amet ut nostrud adipiscing duis adipiscing. Lorem at magna nisl enim ut ut sadipscing invidunt. Justo magna sea vel justo duo ipsum sed dolor ut et kasd sed eos esse qui nisl. Magna diam vero sed dolor et. Invidunt at sea blandit duo elitr molestie id lorem tempor at consetetur ipsum voluptua.\n",
        "pageCount": 10700,
        "excerpt": "Ullamcorper commodo kasd rebum diam elit enim nulla ipsum rebum vero stet amet imperdiet lobortis. Sea ipsum dolores sadipscing amet vel et dolore elit ut gubergren sanctus vel accumsan labore. Dolor dolor accusam ut tempor takimata. Ipsum euismod sed. Est amet vero vel ipsum eos sed tempor amet. Et amet stet magna nonumy commodo elitr esse nostrud duo iriure stet gubergren illum lorem at clita augue dolor. Lorem velit et nonumy sanctus praesent vero vulputate sea dolore accusam sit.\nIusto ut no lorem takimata nibh. Stet clita gubergren stet sadipscing esse. Dolor dolor dolore erat ut diam at vero imperdiet eos ipsum duis et ut zzril dolore. Est dolor tempor clita dolor et et et quod eum consequat et ut exerci. Consetetur adipiscing et amet euismod tincidunt dolores consetetur aliquyam amet magna invidunt sit nihil dolor ea et. Augue sed facilisis sit stet ipsum aliquyam sanctus dolore sed in elitr enim. Sed dolores dolores nonumy duo consequat sit molestie tempor ipsum sea nonummy stet dolore rebum. In magna ipsum eos. Lorem diam consetetur laoreet duis rebum ut ipsum et ut. Ad ut at labore nonummy rebum dolor dolore duis gubergren lobortis amet sadipscing ex eros aliquam. Ea ex nihil facilisi vel vero sed. Eos ut ut et dolor vel erat justo tempor rebum dolore. Aliquyam erat at dolores eos mazim esse amet sit sit eos invidunt stet clita eirmod accusam aliquam autem.\nEt nam et eum vero nulla invidunt eum. Sadipscing takimata velit magna rebum rebum dignissim voluptua nibh illum sit sea nostrud amet et stet. Nonummy molestie dolor no enim sanctus sed eirmod nonumy vero. Magna consetetur et sanctus sed duis dolor nostrud tempor sanctus ipsum dolores vel sit. Ea est dolore. Sanctus amet et est dolore sit sit ipsum eum. Iriure sadipscing at facer magna consetetur vel ut eum ea dolor. Sit no vel at duo clita clita dolore sed tempor magna. Ea takimata diam et dolor nonumy sit nulla et kasd sea sit dolor. Lorem dolor voluptua rebum. Rebum euismod tincidunt est nostrud eos accusam labore gubergren lorem voluptua. Sed est sadipscing tempor at magna sed dolore euismod eos. Eos labore amet tempor eirmod diam facilisis te amet diam sit te dolor at dolor eos. Magna lorem vel. Et qui dolores sea ipsum nonumy aliquyam in congue magna et accumsan veniam lobortis. Ullamcorper odio eirmod dolor sed consetetur aliquyam consequat amet duis eos clita eos at erat dolor.\nTakimata sea eirmod dolore aliquyam et sit. Et zzril aliquyam clita sit sed hendrerit magna adipiscing sit luptatum te et ex ut tempor. Ad voluptua diam vero kasd. Aliquyam clita lorem aliquip consequat accusam ut. Te at facilisis accumsan et tempor et eros kasd iriure sed. Sit ipsum facilisis ipsum at et clita gubergren. Diam vero eos eirmod dolor lorem duo dolor mazim. Gubergren est lorem. Dolore diam in ut et nonumy ipsum rebum cum et esse sit autem duo sit rebum dolore te luptatum. Sed lobortis nam invidunt ipsum. Blandit eos molestie ea. Et consequat dolor eum eros dolore tempor rebum accusam sit et assum nonumy labore enim lorem dolore. Rebum diam duo vero ipsum sed. Velit est et amet diam aliquyam amet lorem sit dolore lorem. Facer ipsum quis amet ea duis kasd sit ea luptatum sit et labore velit et no stet magna. Lorem clita amet et dolor dolor gubergren zzril et nam.\nUt tation sanctus te eos dolore illum duo gubergren tempor dolore adipiscing eos ipsum sit clita ipsum rebum. Diam et et eos. Diam magna ut ipsum lorem vel. Tation ea diam dolore aliquyam sea at exerci et nihil stet esse stet nonumy consequat amet eros nulla. Kasd ipsum volutpat id justo duo tempor amet accusam elitr delenit vel dignissim rebum. Mazim et minim. Ea ut sed eirmod kasd. Takimata sed kasd placerat ipsum ipsum sed facer sed ut sed tempor lorem feugait. Gubergren kasd ipsum et clita clita consetetur et et nonummy tempor liber hendrerit dolore ut dolore. Nostrud et clita nam voluptua et sit consetetur est amet sed sed sit odio sed ipsum duis ipsum eirmod. Amet amet amet stet et accumsan kasd labore dolore dolor sed sadipscing tempor voluptua. Iusto clita eum labore sadipscing justo voluptua et dolores dolore diam ea vero facilisis.\n",
        "publishDate": "2023-09-02T15:02:40.6915964+00:00"
    },
    {
        "id": 108,
        "title": "Book 108",
        "description": "Et kasd amet ipsum gubergren et lorem dolor invidunt dolore labore aliquip justo dolores duis at at. Diam elitr ipsum nisl id labore consetetur mazim amet eum eos eos invidunt. No sea takimata gubergren elitr imperdiet invidunt. Stet gubergren ad amet. Vero iusto sit ipsum et kasd eleifend tempor quis at ut iusto kasd lorem duo dolor eirmod quis. Laoreet facilisis mazim. Gubergren eirmod et eum sanctus molestie erat sadipscing nonumy sed sed et. Autem gubergren ut stet lorem. Duo duo sanctus nonumy ea quod justo erat.\n",
        "pageCount": 10800,
        "excerpt": "Qui feugait vel sit sanctus in autem nonumy vel amet dignissim eos dolore amet clita dolore. Dolore lobortis erat stet praesent sanctus molestie vero amet lorem. Ut lorem tempor clita vulputate kasd. Qui amet et mazim takimata eu sit magna at justo tempor dolor facilisis dolore dolores. Tempor duo feugiat. Invidunt eirmod at sadipscing et odio. Est erat elitr vero consetetur.\nNulla et vel. Consequat enim dolores amet dolor ex tempor diam quod nonumy ut clita. Facilisis est gubergren ut ex vero voluptua gubergren lorem zzril diam dolore gubergren nonumy et eos velit ipsum ut. Stet dolor rebum ut duo takimata sed diam accusam erat at. Gubergren voluptua erat eirmod gubergren sanctus sadipscing eros liber dolor sadipscing dolor voluptua ea rebum no nibh enim ipsum. Sit soluta invidunt diam sed nostrud adipiscing sadipscing labore ut accusam voluptua sanctus et eirmod diam et diam accusam. Gubergren facilisis et et iriure clita. Lorem sadipscing magna id voluptua at velit dolor delenit suscipit justo. Et sanctus et sadipscing amet voluptua consectetuer nonumy aliquyam gubergren eum sadipscing voluptua sadipscing est sed vero nulla. Rebum erat et ea dolores dolore clita nonumy sit duo dolores tincidunt. Diam diam dolor vero voluptua et et. Gubergren soluta lorem sadipscing. Nisl duo dolore justo consequat erat justo. Gubergren justo lorem et commodo takimata eirmod luptatum duo sanctus nonumy est vero et invidunt diam. Duo elitr nulla adipiscing ipsum autem kasd eos dolores veniam. Doming eos possim et. Nibh dolores eirmod eu duo consetetur voluptua labore elitr quis et et. Sanctus diam dolore in. Rebum tempor sed laoreet laoreet placerat iriure molestie labore kasd consetetur accusam tempor.\nSit ut duis ipsum sadipscing tincidunt. Ea at diam. Accusam sit ut kasd vero. Duo nonumy voluptua ut voluptua. Diam veniam ut amet voluptua. Justo stet vero soluta lorem tempor accusam feugait et aliquam. Vero et lorem velit ipsum accusam eum.\nTempor et tempor dolore ea labore. Duo laoreet dolor labore clita rebum sit ipsum dolor vulputate molestie zzril eos vulputate rebum facilisis gubergren vero. No iusto et rebum sed eum dolor ipsum imperdiet diam ut elitr tempor ea stet accusam. Ea dolor labore sadipscing est dolor amet erat illum magna accusam sit eos diam justo vero stet et invidunt. Consetetur vero sanctus. Elit lorem sit duo amet amet luptatum erat et diam. Eu ut no nostrud aliquip. Et id luptatum vero duo. Dolor ea duo vero iriure amet esse diam diam erat nulla stet. Diam minim labore dolor lorem dignissim magna et eos tempor eirmod diam facilisis eu tempor gubergren ipsum vulputate dolor. Amet sadipscing ipsum sadipscing voluptua et vero blandit lorem eos lorem sed sit exerci. Justo lorem elitr sit elitr invidunt sadipscing consequat diam erat dignissim sit quis.\nVeniam eos est duo wisi sit diam sed voluptua erat consequat dolor. Ex wisi gubergren elitr accusam sit dolores veniam et tation dolore sadipscing eos ea. Ipsum nisl et feugiat. Consectetuer illum rebum takimata iriure nonumy ipsum et no amet et nostrud et. Dolor consetetur et duis aliquyam. Magna vero aliquyam et consetetur et autem magna ipsum duis diam feugait justo no. Et tempor odio nulla magna ipsum. Ut sanctus illum et et kasd duo minim. Gubergren vulputate et takimata facilisi sadipscing ipsum aliquyam lorem stet et justo ea clita eos dolor. Dolor diam suscipit dolores ea autem ipsum dignissim dolor dolore sit kasd et ut illum est duo consetetur. Ut dolor diam diam takimata elitr. Dolor sadipscing eos eirmod consetetur dolore takimata takimata magna in sea kasd nonumy sed ut. Dolores dolor aliquyam justo et consetetur accumsan dolores dolor duo commodo accumsan sit et sit. At et amet sanctus ea ipsum eirmod ea aliquam et ipsum sed dolor facilisi lorem elitr.\n",
        "publishDate": "2023-09-01T15:02:40.6917183+00:00"
    },
    {
        "id": 109,
        "title": "Book 109",
        "description": "Gubergren et eros justo sed nulla dolor est diam voluptua. Sed amet consetetur nonumy sanctus. Lorem dolor erat sanctus diam vero et. Labore at dolore esse tation duo ut eos nonummy gubergren dolores in. Doming eirmod aliquam no stet sed voluptua.\n",
        "pageCount": 10900,
        "excerpt": "Nulla dignissim placerat tempor sadipscing nonummy et in dolor in voluptua sea consetetur dolor blandit dolores. Sed duo vero amet illum et dolor sit sit no vero. Ipsum clita accumsan.\nDolor dolor ipsum volutpat voluptua vero sit tempor dolore vero et diam luptatum justo lorem sadipscing kasd accusam no. Accusam sadipscing lorem consetetur tempor dolor erat dolores eum amet luptatum tempor ipsum magna lorem accusam. Magna ea sadipscing accumsan stet tempor ipsum. Eos stet diam clita lorem at sed zzril ut elitr est ipsum aliquam ipsum. Labore ea sea tempor eros feugiat. Ut et commodo takimata magna tincidunt et facilisis sea et labore. Delenit cum vel dolor sea tempor at velit amet nonumy amet eos dolore dolore molestie est sanctus aliquam. Ut praesent autem. Diam ex ea diam consectetuer rebum magna labore consequat rebum eros. Sadipscing nonumy ullamcorper duis lorem invidunt sed ipsum sit et sed voluptua ipsum invidunt kasd accusam lorem. Ipsum clita sit voluptua hendrerit veniam clita iriure dolore. Dolor est ipsum no vero.\nEt praesent eos blandit lorem eros duo vel takimata facilisis diam erat ea. Eu rebum et amet. Labore labore magna amet labore lorem imperdiet sit dolor invidunt aliquyam ipsum sit duo nibh. Ipsum magna takimata consetetur consequat amet dolore. Ut labore praesent at eirmod.\nMagna exerci voluptua. Kasd labore iusto vel aliquyam sea. Eirmod sea dolore iusto eirmod at vero takimata laoreet nobis. Takimata eum et in rebum. Sit accusam volutpat sit.\nEt stet eros magna ea kasd et duis diam ut voluptua esse ipsum ut. Sit lorem consequat feugiat diam sea et ut nihil wisi assum assum. Vel dolor et ipsum dolores no clita consetetur. Sadipscing elitr et quis sanctus aliquam accusam dignissim dolore eirmod takimata commodo lorem. Ut wisi est vero et gubergren stet est voluptua at laoreet vero nobis rebum. Ea quod amet tempor velit eum te. Consectetuer ipsum clita illum diam sed sit vel stet ut sed tempor. Amet ut aliquyam et et eirmod. Eirmod eirmod clita et diam vero adipiscing nostrud kasd sanctus kasd dolor no sit nonumy possim ipsum dolor. At vel no no elitr vero exerci erat at nulla adipiscing tempor tincidunt sea at illum. Sed accusam elitr ipsum dolor aliquam labore. Vero accumsan clita molestie. Rebum tincidunt ut rebum magna velit aliquyam vel magna lorem duis amet tation lorem autem at liber no nulla. Nibh congue labore et labore est et liber vero. Enim ea elitr justo amet gubergren sit veniam nonummy nonumy sit lorem hendrerit dolor vel takimata quis blandit diam. Eirmod consetetur dolore eirmod consequat et sed rebum aliquyam eros et mazim. Ut et augue ipsum in no dolores et consetetur molestie in gubergren nulla gubergren sadipscing quod.\n",
        "publishDate": "2023-08-31T15:02:40.6917901+00:00"
    },
    {
        "id": 110,
        "title": "Book 110",
        "description": "Eirmod dolor amet rebum takimata et est possim sanctus et eirmod. Et sanctus sea at invidunt et lorem tempor at. Quis est gubergren facilisi et est accusam takimata. Nonumy ipsum labore facilisis rebum erat sit elitr aliquyam lorem ipsum minim magna dolor illum et. Exerci soluta eos consequat in eos dolore nihil dolor. Velit amet nonummy lorem aliquam suscipit et et dolor nobis doming consetetur nonummy et vel et tempor. Elitr aliquyam diam augue consequat ipsum et velit wisi facilisis facilisis aliquyam ipsum dolore elit. Lorem elitr et consectetuer dolor kasd eum blandit sit eirmod at ad accusam eirmod lorem accumsan est voluptua. Eos ut sed lorem tempor dolores et invidunt diam eirmod. Ea ad vel in ut sed ad. Stet dolore consequat dignissim kasd et veniam dolor. Amet facilisis est in eos autem exerci eirmod sea sadipscing. Labore rebum sea kasd enim eirmod vel elit dolore lorem. Vel sea qui clita esse stet labore magna amet. Rebum vulputate diam vel et sanctus iriure duo vero tempor sed consequat dolore duo volutpat eum in. Et consequat ut accusam amet elitr euismod dolor diam dolore et tempor est sed sadipscing sed justo diam. Adipiscing erat et diam minim takimata clita dolore ea voluptua amet quis no. Consetetur no accusam eos consetetur eirmod. Elitr tempor et labore nonumy molestie.\n",
        "pageCount": 11000,
        "excerpt": "Nisl esse ipsum velit diam takimata. Nonumy tation vulputate delenit vulputate duis. Lorem nonumy et nulla nonumy gubergren sit facer est at vulputate praesent in. Blandit sanctus et ipsum commodo at ea nonumy ipsum vero ipsum at justo dignissim rebum amet rebum. Ut minim et voluptua dolor sit dolores dolore. Stet sit vero ea nonummy esse eu est eleifend takimata erat eirmod nonumy. Dolore tempor no et enim quis diam eros lorem. Sanctus consequat vero sed nibh lorem et invidunt diam at dolor ut erat. Dolor sea molestie eirmod dolore sadipscing ut nibh nonumy tempor ut justo elitr doming ipsum clita erat. Consequat nostrud no consetetur exerci diam erat eum elitr sadipscing clita et in doming. Sit veniam sanctus esse dolore. Kasd amet amet est esse in tempor kasd et labore ea ipsum wisi sea labore et. Vel duo ipsum consequat dolor tation enim amet tempor vero.\nMagna vel ut invidunt sed ipsum dolor et eirmod eirmod euismod exerci adipiscing est sed dolor facilisis. Tempor iriure velit rebum sadipscing diam sed dolor no wisi vero consetetur eu magna accusam. Nonumy et ut commodo tempor vulputate. Sit nostrud sea velit hendrerit tempor minim ut odio duo magna odio eos magna dolores eos justo amet ut. Enim ut quis feugiat no est erat et nonumy nonumy dolore. Eum no velit justo esse. Tempor lorem clita et sed no ipsum rebum ipsum magna. Dolor iusto lorem feugiat rebum et stet ipsum lorem zzril invidunt takimata eirmod autem dolore justo et vero. Eirmod dolores tempor nonumy vero invidunt ea labore wisi dignissim. Sed sea duis amet elitr ad sed sed enim diam vero accusam tempor et dolores dolor erat eos sea. Sadipscing nonumy dolores elitr velit no dolor. Enim ipsum lorem dolor rebum justo tempor sed elitr nonumy nisl sit diam consetetur et ullamcorper ea amet sit.\nEirmod invidunt te facilisi erat invidunt. Facilisi sanctus ullamcorper et lorem lorem feugiat illum diam sed. Consectetuer vel sanctus lorem diam diam sadipscing dolor amet adipiscing erat sed sadipscing no dolor diam nibh. Takimata takimata duo amet ad et. Eleifend et ut et dolore mazim eu eirmod molestie labore. Invidunt labore amet vero rebum clita erat takimata. Sed nostrud at dolor. Sanctus et esse sit sea ipsum ea labore. Sea duo vero consetetur sit nonumy duo diam sanctus sea ut ipsum elitr ea. Kasd accusam kasd ullamcorper sed exerci eirmod sit dolores eu at iusto sed tempor erat ipsum quod. Aliquyam odio eirmod diam justo et duo diam eirmod facilisi amet consetetur nonumy sed diam vulputate nonumy. Et vero sanctus.\nIn diam eum dolor invidunt nonummy ipsum voluptua dolore zzril amet. Dolor eum accusam amet sed in duis et lorem dolor. Sea ut ea et ipsum elitr sanctus justo. Dolor ut dolor blandit placerat aliquip consequat dolor ut magna assum stet eirmod accusam diam lorem. Ea sit dolore takimata diam et. Dolore lorem aliquip dolores est nonumy et lorem nulla dolor te duis ipsum magna.\nSed autem dolor dolores eros consetetur aliquip nam erat ad erat hendrerit sed stet nonumy. Rebum iusto sit sit sit sit dolor veniam rebum. Et minim diam tincidunt takimata gubergren nonumy est sed. Sed eirmod blandit ut labore ipsum tempor ullamcorper voluptua ullamcorper id sadipscing ipsum. Elit amet ut. Elitr at sit accusam lorem elitr amet nonumy erat tempor vero amet. Diam dolore quis et gubergren et sit nisl dolor dolor no. Et diam nostrud sit feugait sadipscing nulla eu diam sit. Iriure et et et erat erat et sit sed no takimata lorem stet. Ipsum nonumy at takimata eos accusam erat. Sit amet dolor invidunt vero vulputate sadipscing sed dolore et. Dolor et amet amet amet labore takimata dolore sit exerci takimata magna qui iriure. Takimata est diam takimata et accumsan est magna esse dolore eos. Aliquip nobis takimata lobortis et justo diam dolores soluta at ad magna nonumy sed sea et. Sadipscing ut et takimata. Aliquyam nonumy et eos lorem dolor at invidunt sed clita est sed sea amet assum. Elitr sit tincidunt consetetur lorem et te gubergren invidunt voluptua dolores in magna imperdiet dolor accumsan dolores.\n",
        "publishDate": "2023-08-30T15:02:40.6919149+00:00"
    },
    {
        "id": 111,
        "title": "Book 111",
        "description": "Ex adipiscing gubergren clita takimata sed sanctus dolores sit at ipsum. No dolor hendrerit amet. Tincidunt rebum duo rebum nihil clita tempor eos dolore est sadipscing nostrud delenit feugiat vero sed. Labore dolor et iriure est dolor. Lorem nostrud ut eirmod invidunt sea elitr nonumy. In amet laoreet clita facilisi takimata qui. Ipsum ut aliquip justo et suscipit consetetur vero erat no clita et praesent duis et. Lobortis rebum eirmod diam lorem tempor rebum aliquyam et et. Minim magna praesent. Sed at kasd magna aliquam dolore facilisi doming lorem sed rebum in diam rebum takimata. Dolore aliquyam gubergren. Hendrerit et takimata sanctus kasd diam euismod lorem ullamcorper sit duis iusto clita at sit. Sanctus magna wisi erat ea eirmod labore invidunt ut sit consequat amet rebum accusam nonumy sit te sed. No dolor eos accusam aliquyam laoreet takimata diam in. Sed erat ipsum lorem ipsum nonumy sit magna option sea nonumy.\n",
        "pageCount": 11100,
        "excerpt": "Et magna lorem. Invidunt sit iriure dolore stet nisl clita vulputate diam sit gubergren assum dolor no ipsum. Elitr feugait dolores ipsum amet ea et eirmod possim kasd.\nEos erat ipsum diam gubergren amet et ut elitr duo ipsum autem no. No odio ut ut kasd amet diam nonumy vel vero. Est no accusam praesent facilisi takimata dolor consectetuer invidunt dolores nonummy ipsum ipsum erat justo tempor at molestie tincidunt.\nExerci kasd sanctus clita aliquyam clita amet ipsum. Dolor wisi sed voluptua est sed labore accusam ipsum iriure dolor clita. In duis at takimata commodo nam erat et ea vero kasd elitr et dolor ea. Sed sed sit sadipscing blandit amet no nonumy nibh. Dolore invidunt lorem ut sed et. Ut dignissim elitr est eos et dolore. Et amet doming sadipscing nisl nonumy sadipscing ea dolores elitr dolor. Justo ipsum sea est duo aliquyam lorem no voluptua clita amet aliquyam amet. Dolore sanctus et amet est amet takimata dolor et duis. Sit vero duo est ipsum tempor kasd id accusam ullamcorper ad eum et odio. Ut tempor labore takimata illum lorem sadipscing est in ea doming amet invidunt sanctus tempor amet. Sadipscing dolor eos takimata tempor et diam ut iusto ut rebum.\nConsequat stet dolor stet tempor eos labore. Lorem et invidunt. Diam vero diam suscipit euismod eirmod wisi at eos diam erat option justo est et sed sit diam. Duis dolores vero lorem ut lorem eos et.\nVolutpat kasd tation accusam magna gubergren aliquyam lorem dolor dolore. At rebum nibh dolor elitr sed minim vel diam nonumy. Est diam odio. Lorem sed luptatum dolor soluta duo tempor elitr tincidunt sadipscing in dolor iriure consetetur invidunt eu dolore nonummy. Et lorem stet invidunt et nonumy eu odio at exerci id diam et labore odio takimata et. Justo autem duis vero ipsum est et sit lorem eu assum esse eu et nulla accusam option. Suscipit eirmod amet stet vero dolore dolore minim aliquyam tempor stet id no tempor vel sit stet et. Dolor eos vero consequat ea esse duis duo accusam et. Amet lorem ex ut labore ut. Sanctus tincidunt ea duis at at dolores option erat nulla aliquip at labore. Nibh duis soluta sit molestie. Ut imperdiet amet magna gubergren vel sit. Stet sed aliquip ipsum. Sed euismod nibh vero lorem vero ipsum elit amet takimata eirmod adipiscing. Amet accusam vero duo sit molestie dolore illum sed gubergren aliquyam dolores ut te erat. Rebum in lorem vel diam est sanctus lorem facilisis lorem minim esse nonumy invidunt hendrerit vero rebum ipsum et. Stet dolor diam dolore accusam magna magna nulla dolor eos sit diam et ea est molestie. Eirmod congue consetetur illum vero elitr dolor consetetur kasd elitr imperdiet aliquyam sanctus accusam aliquip sed.\n",
        "publishDate": "2023-08-29T15:02:40.6920011+00:00"
    },
    {
        "id": 112,
        "title": "Book 112",
        "description": "Gubergren vel et. Luptatum vero et odio soluta magna magna wisi lorem ea dolor. Et et in nulla labore kasd eirmod nisl nonumy facilisi blandit no facer dolor kasd nisl et adipiscing. Nonumy clita sed ipsum. No eirmod no lorem stet amet eirmod diam vulputate dolores quis et et magna veniam lorem et labore sit.\n",
        "pageCount": 11200,
        "excerpt": "Dolores magna duis rebum sit amet dignissim justo clita diam vel et duo option amet volutpat dolore. Nonumy qui accusam et velit ut sit iriure ut accusam delenit lorem clita sed ipsum rebum. Sea feugait in dolores justo. Vero accumsan nonumy magna amet invidunt zzril delenit quis nonummy takimata autem quod invidunt consetetur. Voluptua justo nobis delenit adipiscing vero eu et sanctus nulla tempor et elitr voluptua at. Dolor sit tempor et amet voluptua amet hendrerit accusam vero amet odio vulputate diam dolor at eu et. Et sit lorem soluta et sed eos vero et dignissim sed aliquam amet ipsum. No sadipscing elitr kasd at lorem eos clita vel consetetur vero voluptua vel nulla blandit sed at voluptua dolor. Te amet autem est at diam dolor. Vel erat sit dolore ex te. Lorem ut consequat gubergren sit consectetuer eos sed sadipscing ipsum ea ipsum erat qui sed. Vel sadipscing justo in gubergren. Invidunt suscipit ipsum luptatum aliquyam gubergren ea eum elitr elitr labore consequat. Est et dolore tempor dolores eirmod vulputate vero. Sed augue eos sed takimata sit nonumy sanctus ea et elitr vel ipsum amet stet vel hendrerit stet clita. Lorem takimata stet feugiat est. Ad rebum amet.\nTempor est erat erat adipiscing sadipscing est nisl et est tempor et clita diam. Takimata eos dignissim placerat imperdiet at tincidunt accumsan dolore ipsum et at clita labore dolore at. Et est lorem hendrerit et accusam dolor kasd molestie at sadipscing ad aliquip. Commodo quis illum et. Kasd sadipscing sanctus tempor feugait lorem duis voluptua amet dolores qui blandit accusam. Minim sanctus sea invidunt luptatum tempor dolor ut magna clita rebum amet clita minim erat commodo. Ipsum justo gubergren. Rebum kasd duis amet diam nibh erat sit. Feugiat kasd dolor gubergren nonumy sed in vero justo sed aliquyam lorem clita. Clita no diam sit et duis dolor duo. Kasd amet aliquip amet sed sed tation. Sanctus clita et ea lorem diam erat ut vulputate sea sed volutpat laoreet et. Dolor aliquip dolore ea consequat facilisis ipsum ipsum sed nihil et. Dolore ullamcorper labore ea et voluptua dolore vel at nonumy dolor nulla.\nNonumy ut in gubergren wisi eos nonumy sanctus amet clita amet. Diam consectetuer ipsum. Lorem dolores vero dolor sit accusam facilisi sadipscing vero elitr no facilisi blandit clita lorem sanctus. Amet at dolor diam magna erat. Dolor vero takimata ipsum justo consetetur esse dolore sed facilisis vero sed lorem cum stet. Stet ipsum invidunt nibh ipsum amet stet tempor at velit lorem quis amet ut vero justo eirmod amet vero. Rebum dolores accumsan magna laoreet duis sed eos nonumy hendrerit invidunt labore dolore accusam. Mazim clita accusam gubergren sed vero ipsum wisi stet in accusam accusam no accusam velit in nisl. Kasd accusam aliquyam vero est sit ut eos rebum ipsum eleifend ipsum lorem dolor est wisi sit. Dolor sed labore sed amet accusam et justo justo facilisi justo dolore volutpat sit sit accusam iusto. No duo sanctus magna no amet sed tincidunt rebum quis tempor vero et stet assum.\nNostrud facilisis dolore gubergren sea sed ea dolore sed et clita nulla option dignissim et at qui liber. Duo ea aliquip diam consequat odio. Justo velit consetetur diam diam autem ut consetetur magna at tincidunt quis. Vulputate diam lorem aliquyam ut ipsum no labore nonumy lorem lorem ipsum takimata iusto lorem elitr clita et. Diam accusam no ipsum eirmod eirmod rebum rebum nonummy ut. Nulla qui consetetur lobortis. Consetetur duis accusam ea eirmod kasd eos aliquyam consequat sit ut et diam invidunt dolor minim. No et autem feugiat dolore ea sadipscing ipsum duo rebum at elitr doming ipsum. Stet sed nonumy delenit. Dolores voluptua sed ipsum erat ea elitr eu erat eirmod gubergren duo ipsum ut ullamcorper takimata sanctus augue. Sit kasd stet tempor ipsum sed tempor. Magna esse eum wisi.\nAccusam at nobis sadipscing ut nisl eum tation stet sanctus dolor diam no facilisi kasd. Ipsum ea et takimata blandit aliquyam est hendrerit rebum. Sed sed clita facilisi dolor placerat augue elit dolore tincidunt sea vel vulputate gubergren accusam exerci lorem sanctus. Sed justo lorem autem sadipscing accumsan amet option. Aliquam elitr dignissim. Magna magna rebum blandit amet takimata accusam ipsum accumsan dolor et dolore wisi adipiscing at sanctus invidunt gubergren. Elit erat dolore vel voluptua eleifend justo dolores ut elitr et sea et takimata amet sit nostrud. Magna rebum sed amet et est. Accumsan vero dolore. Euismod nulla lorem augue. Invidunt et eos aliquyam tempor justo at nonumy accusam augue dolores possim ea exerci magna gubergren duo. Molestie sit diam ipsum no diam stet ipsum eirmod elitr diam euismod et qui rebum eu et dolore justo. Clita ut et ipsum nulla sed eirmod amet sea sit voluptua in sed ad lorem ad tempor. No lobortis luptatum ut aliquyam labore stet gubergren stet lorem sed dolor dolor vero ea et eu dolore at. Justo consequat vulputate magna sed molestie dolore tempor in consequat et feugiat iriure dolore clita eu consectetuer. Labore magna nonumy aliquyam sed nonumy sed accumsan at invidunt nulla et ut liber placerat lorem. Eos nulla ut. Facilisis dolor consetetur et.\n",
        "publishDate": "2023-08-28T15:02:40.6921246+00:00"
    },
    {
        "id": 113,
        "title": "Book 113",
        "description": "Quis vulputate no. Eleifend nisl lorem nibh et ipsum rebum vero sit sed dolor. Veniam diam et nobis facilisis diam kasd stet consequat duo dolor est amet odio amet dolores sit. Autem labore lorem stet. Et autem voluptua et. Sanctus lorem erat diam.\n",
        "pageCount": 11300,
        "excerpt": "Est dolores tincidunt amet et et consetetur stet voluptua diam sadipscing lorem lorem ipsum. Ea eos consetetur iriure. Eos dolores ut labore dolor qui dolores. Takimata commodo nonumy justo justo. Et erat elitr vulputate soluta et diam sea eirmod erat. Ea diam ut ipsum accumsan voluptua labore dolore volutpat gubergren esse et dolor elitr ex ut labore sanctus. Nulla eos magna diam ad vero et et gubergren eos. Ea sed et elitr accusam ut euismod kasd kasd justo. Lorem magna accusam doming rebum et et lorem ut est sit sea suscipit dolores justo accumsan et at invidunt. Hendrerit sadipscing ipsum dolor tation amet commodo accusam diam voluptua vero vero vero sit et facilisis dolore. Kasd tempor vel kasd nisl no rebum consectetuer sit voluptua dolor dolores lorem invidunt sit sit dolore consetetur. Autem ut justo et id et ut dolore diam. Duo et vulputate nonummy lobortis rebum et nibh magna volutpat minim iriure vero nonumy odio justo gubergren eos tempor. Sed aliquyam voluptua stet dignissim invidunt elitr. Sed in et sed tempor diam feugiat delenit sit sea praesent accusam sit. Dolores no est luptatum kasd eos ea vulputate clita.\nEos diam consequat lorem vero. Ea eos lorem esse vero labore. Takimata sea nihil sea iriure dignissim invidunt lorem aliquip exerci nonumy dolores takimata est takimata duo sit. Euismod ipsum amet tincidunt et ipsum amet blandit vel eirmod lorem feugait ipsum vero. Et sea wisi amet sanctus. Kasd kasd delenit magna eirmod sea ipsum et justo kasd lorem iriure dolor invidunt invidunt. Dolor dolor nonumy vel eos ut sed amet sea. Elit dolor invidunt magna accumsan hendrerit dolores duo ea tempor justo feugait sit consetetur. Rebum magna justo nibh ut sit eirmod zzril. Vero diam et wisi sadipscing voluptua justo rebum eos dolore ullamcorper velit et. Lorem elit dolore ut et invidunt commodo feugait sed labore. Gubergren lorem amet odio placerat est eu amet consequat sanctus dolor eros stet hendrerit et duo est volutpat. Lorem ipsum aliquyam sadipscing justo lorem id et et aliquyam blandit minim tempor.\nEirmod nonumy sit facilisis ex dolore aliquyam invidunt magna luptatum takimata ipsum. Quis et praesent kasd eos ipsum magna invidunt aliquyam consetetur et nam dolor. Dolor tempor labore voluptua sed voluptua consetetur sadipscing blandit invidunt ipsum accusam. Diam stet duis nonummy clita aliquyam sanctus vero. Nulla takimata hendrerit. Aliquam in et sed praesent et nisl sed dolores ipsum erat euismod. Diam id dolores autem magna consectetuer dolor. Sed eos rebum ut accusam kasd sed rebum rebum tincidunt diam nobis amet facilisis et diam invidunt duo feugiat. Sit eos dolor velit ipsum dolore dolor nulla.\nLorem consetetur sanctus et feugiat gubergren diam elitr eum nonummy exerci sadipscing aliquam vel. Eos ut magna et sed sea dolor lorem amet duis duo nihil diam et nonumy. Aliquyam sed sea at praesent kasd dolore dolor sanctus eirmod dolore sanctus amet at ut duo sit dolore. Aliquyam eu sea amet amet ipsum diam vulputate dolore quis qui clita diam eos justo et invidunt nulla laoreet. Clita eos laoreet dolores facilisis voluptua sed lorem voluptua voluptua. Eleifend nibh lorem vero gubergren accusam eum stet eos duis sanctus. Ullamcorper et accusam ipsum dolores ex vero. Dolor eum quis dolores sanctus consetetur elitr amet justo iriure dolor wisi voluptua sed lorem dolor at aliquyam no. In et amet elitr takimata eros dolores feugiat diam. Vero erat volutpat lorem aliquyam sea dolores vulputate tempor dolore commodo rebum consetetur kasd consetetur suscipit est enim. Et quis lorem elitr magna eleifend tempor consetetur iusto gubergren aliquyam sed te vero amet accusam. Ipsum eos clita sit ut odio diam voluptua dolor diam et nonumy minim. Diam magna amet vero feugiat dignissim no dolor ipsum elitr ea clita vero. Lorem tempor accusam lorem in amet. Eos ipsum tempor duo takimata kasd et ut. Et est sanctus veniam suscipit laoreet sed amet esse sit ut vel.\nDolore et erat dignissim et sadipscing et et luptatum volutpat lorem no duo sit nonumy. No ipsum zzril ipsum diam gubergren ullamcorper et et ipsum no. Amet aliquyam gubergren erat erat sit est sit sed voluptua. Te ex sadipscing sanctus lorem accusam option exerci duis aliquyam stet elitr stet. Est at eos dolores rebum vulputate sea. Amet sea sanctus voluptua minim magna dolores elitr consetetur feugait dolore et diam. Illum odio tempor nonumy soluta velit erat gubergren. Stet nulla dolore eos feugait et iriure rebum et. Diam tempor justo amet feugiat tempor aliquam sed elitr. Nonumy eum ipsum vero amet in justo lorem qui ut justo est takimata velit ea tempor dolore takimata elitr. Option consetetur kasd invidunt clita et ea nulla no dolor et dolores invidunt eos rebum. Et ipsum clita ipsum eu nonummy sit eirmod praesent. Erat aliquyam erat sed amet duis ipsum et ullamcorper amet consequat stet veniam justo laoreet elitr justo praesent dolor. Ipsum et consetetur doming veniam erat sit accusam. Duo lorem et tempor diam consetetur ut consequat.\n",
        "publishDate": "2023-08-27T15:02:40.6922454+00:00"
    },
    {
        "id": 114,
        "title": "Book 114",
        "description": "Hendrerit duo lorem vel justo est augue. Elitr amet vulputate sed clita ut dolor ipsum ipsum aliquip ipsum augue et ut tincidunt diam. Duis sea no velit vero sanctus ad odio diam. Dolore lorem et at diam rebum sanctus ipsum consetetur et autem ullamcorper invidunt. Eirmod veniam lorem amet lorem nulla et laoreet consequat dolor placerat sed ipsum dolores. Velit diam volutpat. Iusto nulla eos dolore no stet lorem sed stet autem duo consetetur nonumy. Hendrerit consequat nonumy euismod duo dolores ipsum no dolor et duo et minim kasd nam ut invidunt consetetur. Et eu nulla autem sed ut. Est veniam at elitr ea lorem nobis tempor vel aliquyam lobortis rebum tincidunt justo dolore rebum ut takimata eu.\n",
        "pageCount": 11400,
        "excerpt": "Eirmod in amet eum vero ipsum duo nulla eum lorem nulla. Invidunt clita iusto aliquyam blandit sit enim sit laoreet dolor. Doming voluptua invidunt sanctus nonumy duo iusto. Sit ut consectetuer dolores at consequat dolores ullamcorper magna sed sed amet voluptua sed. Et sanctus nonummy dolores dolor liber justo aliquyam sadipscing suscipit. Praesent et eirmod dolor sed gubergren vero. Elit dolores ipsum amet ipsum et ea diam consetetur soluta erat. Ea erat commodo gubergren lorem illum sit. Ipsum dolore consetetur ipsum consetetur vel et amet accusam eos et justo. Illum wisi nibh et clita aliquyam dolor dolore. Vero iriure adipiscing stet lorem lorem consequat sanctus rebum et sea cum et. Lorem ipsum sit ipsum ea invidunt vulputate accusam autem kasd.\nIpsum voluptua tation accusam dolor lorem ullamcorper sadipscing sea sed no no doming dolores. No no et kasd gubergren odio dolores ut invidunt kasd diam. Dolor esse dolore stet qui aliquyam luptatum dolor euismod est diam. No dolor sit ipsum sea nonumy liber voluptua sed vel luptatum stet consetetur aliquam eos nulla ut et. Gubergren sed imperdiet suscipit est facer ut facilisi labore sed dignissim elitr eirmod dolore ut nobis. Nonumy sit diam duo vero labore nonumy aliquyam eos ut vulputate sit takimata ut clita labore nam invidunt eos. Takimata imperdiet amet eos sit et dolor diam hendrerit sed luptatum invidunt dolores gubergren. Et consequat dolore invidunt at et clita eu dolores et ullamcorper facilisis sadipscing feugait in magna. Dolores lorem et sadipscing stet velit. Duo est kasd odio. Takimata dolor et sit dolor. Molestie dolore amet consequat facilisi consetetur erat et diam consetetur facilisis lorem ipsum ea magna dolor. Diam est et te sea ipsum. Ut clita diam tempor gubergren. Vero dolore labore nisl sanctus sed commodo wisi diam facilisis rebum aliquyam rebum nonumy eos sit vero odio vel. Volutpat justo ullamcorper erat ad sed laoreet vel nulla dolore est elitr vero at possim et accusam. Gubergren diam labore sit sit eros. Nulla consetetur gubergren stet ut ipsum justo vero lorem ut lorem accusam lorem. Diam molestie dolores.\nVero et takimata. Justo sanctus aliquyam. Kasd elitr duo et duo. Kasd duis ut ad.\nNulla invidunt velit justo sed. Consequat sit no dolore sanctus est magna et stet. Et est feugait ut est sea sed et invidunt amet lobortis et consetetur diam et. Ipsum sea nibh nonumy ex eirmod. Labore tincidunt commodo invidunt erat et feugiat ut. Eum eum voluptua feugiat takimata iriure in justo sed eirmod et consetetur. Accumsan tation cum at tempor vero diam tation magna at labore elitr vulputate zzril et eos erat. Eos et dolor consetetur ipsum ipsum. Dolore tempor sit exerci te amet est lorem ipsum ipsum. Ex erat vel. Amet amet nulla dolor elitr takimata sit ea amet veniam adipiscing at at sed. Rebum no accusam aliquyam sea et et lorem accusam sed aliquyam est invidunt minim illum et at lorem rebum. Sanctus enim amet est nonumy sed nonumy dolores consetetur voluptua at kasd no tation et eleifend kasd takimata et. Eos sit no vero clita aliquip kasd volutpat amet takimata sadipscing voluptua wisi sea. Amet ad ut laoreet dolore. Velit sanctus stet. Et ea sadipscing est ut duis enim consetetur sea dolor sadipscing est accusam eum iusto stet. Ea tempor commodo amet veniam sit ipsum et tempor voluptua et justo no. In amet odio in invidunt eos magna ea amet feugait.\nConsetetur autem iriure mazim te justo et. Tempor justo clita invidunt eos rebum velit dolore ipsum odio. Est dolores magna ut no labore zzril volutpat diam suscipit.\n",
        "publishDate": "2023-08-26T15:02:40.6923467+00:00"
    },
    {
        "id": 115,
        "title": "Book 115",
        "description": "Elitr duo takimata. Diam diam ad sit dolor nisl eum augue lobortis labore lorem eirmod accusam dolor ipsum aliquip iriure sea. Justo erat sit erat elitr gubergren et zzril sea ut voluptua dignissim volutpat et takimata ex est. Tempor est et volutpat consectetuer amet vero aliquyam amet delenit accusam. Volutpat aliquam ut hendrerit ea sed sadipscing vero accusam magna stet. Magna dolor adipiscing commodo. Et ea sit sadipscing dolor. Dignissim vulputate consequat rebum dolores clita kasd amet cum in qui lorem. Ut in stet erat tation amet eirmod dolore mazim. Dolor sanctus eirmod amet amet et duis accusam rebum aliquam rebum vel. Et lorem ut nostrud in diam sed rebum lorem facilisis est sed amet gubergren invidunt rebum diam elit vero. Tempor velit sanctus ipsum ut dolores kasd justo et at autem minim eirmod vulputate vel magna aliquyam erat possim. Ipsum justo sadipscing sit sed luptatum sit erat augue elitr ut nonumy sed lorem nulla. Minim dolore sea amet sed exerci diam vel ut clita et diam dolor. Vel sed amet ea rebum vero dolore gubergren in justo dolores dolore takimata elit est suscipit accusam dolores et. Lorem diam amet consetetur rebum velit clita dolor diam et diam nonummy ea. Feugiat kasd amet takimata velit blandit adipiscing ut.\n",
        "pageCount": 11500,
        "excerpt": "Erat sit dolor sed sed vel diam vero voluptua diam vulputate. Aliquyam sit dolore voluptua iriure congue et ut erat volutpat dolores dolore ipsum iriure. Stet stet vel volutpat invidunt sea ipsum et. Est labore aliquyam congue at dolores no velit diam ut ea consetetur esse augue nonumy. Ut eos nostrud voluptua erat accusam elitr dolor tempor diam iriure vero at dolor ut diam ut. Dolor duis sadipscing lorem luptatum vel sit clita sadipscing duo ipsum magna no praesent in. Labore blandit takimata et in dolores elitr sadipscing te lorem. Vel dolore eirmod et in no erat at diam voluptua. Nisl et magna ut diam vero ad sanctus tempor sed et diam duo. Consequat clita amet eirmod justo sit tincidunt soluta sea iriure magna. Ut gubergren accusam diam nulla ut lobortis labore sit sadipscing vero ipsum takimata cum. Est iriure minim et placerat accusam ut sit autem illum. Elitr voluptua iusto est sea lobortis est nulla nonumy odio et. Ipsum enim dolores et accusam diam cum sed aliquyam duo sea. Et delenit voluptua tation volutpat enim gubergren vero sanctus tempor ut vel dolor sed dolores. Eu lorem ea est tempor gubergren no dolor at velit rebum iriure erat tempor euismod takimata vulputate esse. Stet nonumy dolor sed possim eum kasd at et consetetur lorem et eu sadipscing dolore. Magna justo soluta. Tincidunt est takimata et dolor qui vel consetetur et nonummy amet nonumy kasd te et sed labore.\nConsetetur voluptua at voluptua diam et. Lobortis amet dolore. Consetetur eirmod labore amet in takimata accusam zzril erat invidunt kasd amet tempor et consetetur voluptua no illum. Ea dolore sanctus consetetur no no congue erat magna clita at et ut clita lorem clita clita consetetur. Duo ea takimata justo duis eirmod et te velit et eirmod amet. Vel et et nonumy.\nId takimata diam imperdiet diam. Suscipit odio at est eirmod sit luptatum zzril imperdiet et. Dolore stet no est elitr consequat at est eu sit rebum commodo nonumy dolor gubergren dolore volutpat amet. In vulputate dolores duis sed invidunt elitr vulputate dolor eos praesent aliquyam et duo elitr. At erat magna dolor nulla invidunt sanctus no tempor in vero invidunt no. Dolor et ea voluptua at consequat at dolore duo ipsum illum sadipscing takimata sit lorem. Ea sed diam ut consequat et sadipscing et luptatum vero diam sea clita duo rebum suscipit. Takimata dolore labore ipsum diam consetetur et gubergren diam. Invidunt enim rebum diam vero no lorem elitr duis nonumy sit euismod dolore eos. Dolore wisi est odio justo aliquam nostrud ipsum aliquyam lorem aliquyam duis. Eos vel sea. Sea te takimata autem. Dolor elitr lorem clita elitr adipiscing kasd. Dolore esse kasd aliquyam accusam consetetur wisi vero sea at amet lorem ex diam in. Diam ipsum diam magna justo eu eos et ut et est sed laoreet voluptua tempor vero magna. Sit voluptua esse. Sit at sea nulla vel ut elit stet lorem invidunt eu tempor ut eos et sit amet. Ea augue sit commodo nonumy invidunt ut et ut odio eos sit gubergren dolores sanctus labore dolor odio facilisi. Magna labore ut at vero clita amet.\nLorem sit aliquyam. Lorem dolor no dolor accusam ipsum accusam vero ut tempor no diam erat takimata ea ea aliquip dignissim. Feugiat et et consetetur euismod nonumy accumsan assum invidunt labore voluptua nostrud magna hendrerit blandit facilisis aliquam. Tempor lorem invidunt est amet et labore at amet ad kasd ut invidunt tation dolor. Accusam lorem erat. Ea no dolor ipsum sit diam gubergren et takimata. Gubergren veniam quis invidunt delenit et dolor eos dolor nulla consetetur blandit takimata kasd nonummy. Ipsum diam consetetur nam voluptua blandit ut eirmod autem facilisis soluta tempor dignissim duis stet gubergren ipsum ut qui. Sadipscing et sadipscing dolor clita rebum luptatum et at eum vel consequat hendrerit.\nLorem lorem sit kasd diam stet et in amet esse ea velit ipsum labore sit et justo voluptua. Eros ea sadipscing ipsum feugait sea ipsum rebum diam dolor sadipscing magna luptatum eos aliquip delenit consetetur. Vero nibh sit accusam rebum sadipscing facilisis ipsum. Voluptua ut et zzril illum erat et. Sed erat sit elitr. At lorem in velit. Et et no invidunt nulla. Ea ea lorem sit ut blandit sit accusam kasd aliquyam voluptua dolor diam est elit. Et amet eros gubergren sadipscing id accusam dolor sit aliquyam diam invidunt. Amet ea sed vero invidunt et gubergren sed aliquyam.\n",
        "publishDate": "2023-08-25T15:02:40.6924775+00:00"
    },
    {
        "id": 116,
        "title": "Book 116",
        "description": "Aliquyam aliquyam no placerat lorem dolor et dolore amet et sed rebum. Gubergren sit est sadipscing wisi consetetur facilisis vulputate magna invidunt dolore rebum. Vero est aliquyam ipsum sed sit magna ipsum dolore delenit no autem lorem amet sadipscing. Vero ea takimata sit. Et lobortis kasd justo rebum qui sadipscing tempor lorem diam et eros rebum. Ea vero ipsum. Erat et et vero sed ullamcorper rebum sit vel eu dolore sed. Et adipiscing tempor. Sed consetetur vero sed nibh nonumy amet. Invidunt dolore et hendrerit et sed justo diam diam erat justo dolor. Vero magna no dolor consetetur erat diam vero gubergren eum amet diam tempor sit praesent. Eleifend accusam consetetur ut ut kasd erat elitr takimata odio justo nibh stet diam voluptua stet invidunt esse. Hendrerit et voluptua gubergren sadipscing ut no. Labore diam dolore aliquip. Dignissim ipsum takimata sea at dolores molestie rebum at vel consetetur.\n",
        "pageCount": 11600,
        "excerpt": "Blandit ea et invidunt dolore elitr dolor at vero takimata vero est. Sit clita labore erat ea aliquyam et elitr sanctus accumsan sit duo iusto dignissim dolor in dolore ipsum dolore. Nisl illum nibh sadipscing ipsum sit magna duo dolores. Eu ut ipsum vero lorem sed erat clita est. Lorem duo nostrud vero dolore duo. Sanctus lorem labore lobortis ut sadipscing feugiat ut sit dolores elitr magna ea euismod lorem vero nonumy. Dolores ea kasd nonumy sanctus enim vero consetetur sit lorem ut accusam nonumy kasd aliquyam ut ea stet. Eirmod est veniam eum.\nAccumsan tempor eleifend ut accusam in exerci duo lorem ea ipsum sed dolores lorem in et amet. Tincidunt magna aliquyam. Magna amet labore enim ut. At et ut diam takimata sed magna sed eos sea.\nEt odio diam amet sed sea magna ea stet dolor sed aliquam justo diam. Clita nonumy amet. Et tation accusam sed amet kasd eum possim vero. Kasd vel at eum sadipscing elitr eros et erat. Diam gubergren accusam erat consequat stet est et sed. Ipsum eirmod suscipit nam velit vero molestie id eum blandit et velit lobortis aliquyam dolor. Dolores velit vero lorem voluptua diam blandit nihil consetetur elitr tempor elitr no ea takimata consetetur. Suscipit et voluptua invidunt justo elitr ipsum lorem dolore diam justo assum sed clita accumsan gubergren elitr vel lorem. At stet ad accusam kasd clita erat. Dolor invidunt lorem et iusto facilisis lorem dolor amet elitr magna eu. Duis amet delenit duis no diam elit quis dolore dolores blandit sea vel ut. Dignissim dolor eros at consetetur dolor amet sit kasd. Dolore molestie stet dolore rebum sit sit commodo. Vel lorem rebum est dolor voluptua amet in ad et aliquyam eirmod accusam. At kasd consetetur ad est ipsum amet suscipit lorem dolor. Diam ipsum eu dolor sit dolores labore tincidunt labore no sanctus est veniam suscipit amet consetetur eirmod duis.\nMagna dolore sadipscing. Amet et dolor dolor rebum diam eirmod eirmod clita et at et. Laoreet sit ipsum eum eu accusam magna clita suscipit ipsum sea vero feugait sea est iusto et accumsan ea. Amet sit erat sed. Tation kasd accusam dolores consetetur justo duis consetetur voluptua nihil eirmod accumsan invidunt eirmod diam. Tempor quis lorem consetetur nonumy est.\nSit sed lorem amet sit facilisi velit rebum eirmod dolor accusam te euismod ipsum kasd erat sadipscing. Enim diam velit rebum vel amet suscipit ipsum vero vero et eos labore suscipit sed aliquyam sit. Nostrud et magna ipsum vero eos lorem at et aliquyam duo dolores tempor voluptua sit elitr ullamcorper.\n",
        "publishDate": "2023-08-24T15:02:40.6926974+00:00"
    },
    {
        "id": 117,
        "title": "Book 117",
        "description": "Volutpat sanctus est consequat rebum volutpat aliquip sea. Nam esse volutpat vero sit takimata ut et ea lorem dignissim stet sed takimata vel diam magna sed et. Labore tation lorem velit suscipit feugiat. Suscipit consequat dolores. At et diam takimata ea. At et diam feugait aliquyam consetetur sea qui ea. Amet ipsum elitr labore diam illum id at amet velit dolor luptatum accusam no dolore ipsum erat. Dolor dolor sed amet lorem dolor dolore tincidunt sadipscing nonumy sea. Sed accusam sanctus et sit diam consetetur labore nulla. Facer te sit rebum ipsum. Nibh sed ipsum kasd eum nostrud accusam odio amet eirmod ipsum nonumy eu dignissim eirmod sanctus aliquip sit dolor. Te zzril dolores accusam no consequat et.\n",
        "pageCount": 11700,
        "excerpt": "Duis et sed amet justo amet erat diam dolor tempor rebum delenit ea. Adipiscing elitr ea dolor et in ut est. Eirmod aliquyam diam rebum. Diam dolor gubergren takimata ipsum stet clita te hendrerit ut nulla in no dolore tation. Illum gubergren no sadipscing ut stet dolor sit sed dolor sea. Magna dolor rebum invidunt feugiat magna sit. Assum accusam kasd est tempor tempor duis rebum hendrerit ea vel ipsum dolores no takimata accusam diam accusam. Ea elitr accusam no facilisi et te et nonumy clita dolor kasd sed. Clita accusam sed lorem nisl tincidunt lorem. Aliquyam ipsum dolor eu est sea lorem amet consetetur no doming amet dolore molestie ad dolor eirmod.\nEt eros duis sit est cum. Est vulputate et et elitr minim kasd et clita duo sed no dolores. Sanctus sadipscing facilisis et consequat sed sanctus dolore justo consetetur consetetur vel augue kasd. Dolore consequat dolor aliquyam iusto vero kasd aliquyam et consectetuer aliquyam nisl. Consetetur option aliquyam amet commodo minim gubergren eu tempor dolor accusam. Clita ipsum ea accusam sed nisl dolores lorem feugiat voluptua ex consetetur. Erat diam amet stet ex diam cum hendrerit diam ea accumsan magna elit justo ut vero magna ea lorem.\nDolore sea nulla sadipscing facilisis erat clita lobortis eirmod. Lorem autem et voluptua esse ea justo ut est dolore et accusam et at dolore minim. Dolore eros est gubergren consequat blandit facilisis wisi justo et. Vero ex in nonumy dolor dolor ullamcorper erat blandit sit. Sadipscing et diam iriure vero lorem tincidunt. Est diam duo. Aliquyam in gubergren ut dolores in lobortis iusto dolores duis ipsum. Et euismod euismod dolor tempor et ipsum sadipscing nulla lorem ut ut. Et sadipscing erat consetetur consetetur consetetur clita sanctus amet clita aliquyam lobortis eos elitr justo. Elitr ut at in. Consetetur magna kasd et eirmod eos ut vero et aliquyam sed eos kasd imperdiet lorem. Feugiat nonumy est. Dolore et amet. Dolor stet feugait ut dolore molestie eu eos ad gubergren doming stet dolore eos. Est est eu stet dolore et eos stet quis qui at rebum clita eos lobortis luptatum et rebum kasd. Vero stet est elitr sit luptatum invidunt duo sit dolor tempor elitr sanctus et option magna. Kasd justo erat et sit amet. Takimata volutpat et consectetuer.\nNibh lorem et ipsum dolore elitr duo euismod stet consequat blandit nonumy clita nostrud. Soluta diam erat hendrerit iusto kasd sea sit luptatum consequat. Dolores accusam invidunt minim sit consectetuer sea facilisi eum eirmod eros facilisi labore tation luptatum ipsum lorem invidunt. Lorem nonumy dolor justo et tempor dolor sadipscing sanctus et justo. Labore et feugait vero clita aliquyam et suscipit dolores nulla est justo amet at justo augue ut sanctus. No feugiat et aliquyam labore illum dolore vel. Aliquam hendrerit accusam no at ut sadipscing at laoreet eirmod est sea nobis. Feugiat et labore lorem. Consequat exerci sed. Amet ut sea in. Lorem vero nulla diam mazim consetetur dolore sadipscing consetetur aliquyam amet kasd nobis facilisis tempor ut sit esse. Nihil exerci diam sit dolor congue ea stet gubergren. Et dolore vel no erat lorem et et. Ut facilisi lorem invidunt commodo tempor lorem feugiat amet erat diam vero option dolor ut. Et stet et vero kasd ut magna eos feugait justo diam magna sit est dolore accusam kasd odio. Duo commodo et elitr eu feugiat et eos labore justo te diam in. Stet kasd elitr consetetur consectetuer tempor sed nulla diam gubergren at stet placerat nonummy ullamcorper nonumy justo rebum. Quod ea praesent. Et sea kasd consetetur labore.\nLabore et magna ea nam consetetur eu diam sadipscing adipiscing consetetur feugait et lorem blandit. Diam est delenit iriure lorem nihil stet labore feugiat eum dolores. Tempor takimata veniam sadipscing et et sadipscing et luptatum voluptua vero amet accumsan elitr esse sanctus duo sadipscing. Delenit tempor eirmod accusam diam accusam ut eirmod liber hendrerit rebum sed voluptua diam minim placerat labore. Duo rebum duis et gubergren justo duo ipsum consequat est sea sea sit labore invidunt vel. Duo feugiat tempor et eos consetetur ipsum nisl tempor ipsum ea erat. Stet clita suscipit est kasd. Enim mazim voluptua justo cum elitr. Magna magna eum diam no eos at. Dolor at aliquyam ut. Duo magna labore. Dolor accusam amet dolore elitr odio et dolor consequat. Et sed elitr augue ipsum aliquyam dolore sed eos. Erat vero sed et ea vulputate autem takimata ipsum labore rebum et sea eirmod sit dolore elitr amet est. At sed exerci sit lorem sed soluta stet. Vero tincidunt volutpat vero. Sanctus consetetur erat at iriure et amet rebum sed ipsum no eirmod odio.\n",
        "publishDate": "2023-08-23T15:02:40.7097493+00:00"
    },
    {
        "id": 118,
        "title": "Book 118",
        "description": "Tempor eirmod takimata diam. Ut sea facilisis diam justo tempor ut et magna sed facilisis in gubergren. Dolore takimata invidunt ipsum volutpat eleifend. Clita clita dolor tincidunt lorem at augue sit in invidunt magna elitr diam. Sed et nonumy feugait accumsan dolor kasd et lorem qui.\n",
        "pageCount": 11800,
        "excerpt": "Dolor iusto est duo diam lobortis sed. Vero lorem kasd. Ipsum delenit et dolore vulputate eros no consequat gubergren ipsum diam elitr. Dolor no kasd lorem erat stet at rebum magna nonumy. Sit at aliquyam. Rebum amet facilisis erat dolores. Sanctus consetetur volutpat autem kasd sed. Stet dolore aliquam ipsum eum blandit tempor rebum dolores. Delenit lorem aliquam justo sit voluptua aliquyam ut ea magna erat et. Erat no et eos autem duis stet nonumy ut et dolore ea. Luptatum facilisi ut et consetetur lorem ipsum sit amet quod stet et magna duo diam dolor amet kasd. No gubergren lorem consetetur hendrerit consetetur et et molestie ut elit et ipsum. Diam vel in sit facilisis tempor aliquyam at.\nEt clita labore no diam diam quis nonumy kasd eleifend diam magna imperdiet. Iriure sed accusam amet consetetur sed esse kasd et ut duis. Nibh dolor lorem eos accusam labore diam justo sanctus vero te. Dolor dolore rebum dolor dolore diam congue dolor dolor sed diam autem dolores eu magna. Feugiat velit diam eos feugiat nonumy ea rebum magna aliquam aliquyam sanctus sed hendrerit ut dolor duo. Labore dolore ea dolor lobortis blandit sanctus amet doming. Takimata nonumy takimata et ipsum lorem nonumy nisl in sit. Sit rebum amet accusam ipsum dolor elitr sanctus. Voluptua lorem elit nostrud aliquyam et sed blandit dolore possim voluptua kasd nostrud stet sanctus nulla luptatum. Invidunt elitr dolor augue sed ipsum no tempor ipsum. Voluptua vero nonumy. Consetetur diam laoreet. Diam luptatum enim suscipit facilisi hendrerit dolore ipsum et ut wisi nobis sadipscing no sit vero takimata rebum. Eos diam sed option sadipscing stet amet sadipscing sea luptatum stet eos. Eos ipsum eirmod sit diam nulla ea labore nonumy duis ipsum quod tempor amet accusam. Mazim luptatum takimata erat lorem. Diam ipsum dolores et elitr sit sit ut et sea stet amet feugiat. Et amet labore gubergren magna invidunt sadipscing vulputate nam takimata sanctus autem vero mazim illum lorem nonumy. Ipsum facilisis sanctus amet et dolores sanctus diam.\nNobis amet magna elitr elitr aliquyam facilisis et feugiat et lorem amet labore. Erat kasd dolores dolor et dolore magna et justo consectetuer sadipscing zzril ut ipsum gubergren dolores lorem diam. Dolor nonumy vero at ipsum tempor id erat elitr ipsum eos ad consequat iriure rebum iusto et sit. Erat consequat quis justo tation ad duis nonummy consetetur consetetur. Zzril clita sadipscing esse dolore ipsum tempor ut ipsum facilisis sit facilisi nulla rebum nonumy eos gubergren justo accusam. Consetetur et stet accusam et quis dolor sit. Commodo feugait zzril lobortis eirmod assum elit et stet clita clita lobortis molestie dolor. Eos sea dolor. Et at takimata facilisi eos vel elit sit lorem lorem eos dolor. Dolor eirmod eos ut nulla eirmod takimata amet duis ipsum ipsum sea gubergren diam. Duo consequat et tation nulla et qui nonumy sed invidunt. Sanctus dolore est feugiat dolores nonumy accusam. Dolor ipsum in amet te odio. Gubergren praesent diam no amet stet accusam diam. Molestie et adipiscing et ea dolores ipsum et duis lorem et ullamcorper sed. Invidunt nulla sit dolor sea accumsan quod eirmod placerat dolor sit takimata invidunt volutpat dolore qui delenit. Tation nisl dolor et diam takimata autem ut amet consetetur nonumy iusto.\nMolestie rebum aliquip justo option ea augue tempor eos dolor ipsum ipsum invidunt vulputate erat dolor dolores aliquyam takimata. Ipsum illum sanctus. Justo stet et eos eos lorem gubergren ut dolor consetetur ut. Justo dolor est lorem diam et ipsum sit. Sed et no. Erat sed lorem vel kasd lorem justo no voluptua. Invidunt et vulputate augue. Invidunt ad magna sadipscing justo et consetetur et. No eos et invidunt. Mazim consetetur sadipscing diam. Tempor lorem consetetur accusam invidunt amet dolor magna sadipscing dolor et consequat labore. Vero rebum vulputate ipsum diam nonumy sit at vero vero iusto. Dolores dolore nisl dolor ipsum sadipscing eros est nulla et sadipscing elitr amet dolor.\nAmet voluptua sanctus amet eirmod nibh augue elitr sanctus laoreet illum dolores eos nibh. In duis ad sanctus justo kasd vero elitr voluptua et. Ipsum diam et. Sanctus aliquyam facilisi volutpat in dolor erat sed lorem sed lorem exerci dolor duo. Gubergren dolore sit invidunt magna diam dolores dignissim consectetuer amet voluptua. Erat aliquam at feugiat consetetur accusam in et nonumy vero sit autem nostrud justo nam sit ipsum amet ut. At justo erat magna dolor rebum kasd justo justo ullamcorper voluptua. Blandit et possim ut eos magna gubergren sanctus cum ut labore sed erat ipsum iriure qui et. Blandit ipsum ipsum congue sanctus facilisis at amet eos. Accumsan vero consetetur augue amet option magna sanctus lorem et diam accusam magna. Elitr nonumy dolor dolore sit consetetur invidunt imperdiet lorem aliquam sanctus diam et lorem. No lorem diam erat consequat. Iriure hendrerit nulla sit vel et lorem diam esse eos adipiscing consetetur tempor ut et consectetuer. Consetetur diam amet sed tation diam lobortis.\n",
        "publishDate": "2023-08-22T15:02:40.7098939+00:00"
    },
    {
        "id": 119,
        "title": "Book 119",
        "description": "Voluptua diam in labore gubergren. Voluptua clita ipsum illum eos molestie nonumy et. Sadipscing consetetur rebum sadipscing praesent volutpat volutpat amet sit sed. Aliquyam ut nonumy et accusam invidunt est accusam erat rebum ipsum lorem. Gubergren ut vero tation lorem gubergren nonumy est et vel justo. Euismod ipsum sea sanctus sed sed consetetur veniam magna dolor facilisi vero erat kasd diam. Sit exerci praesent consetetur facer sea amet praesent clita gubergren nulla tempor dolor nulla autem. Ipsum ipsum amet accusam dolor duis sit eos lorem kasd feugait tempor kasd sit eu sadipscing est sanctus et.\n",
        "pageCount": 11900,
        "excerpt": "Sadipscing feugait duo zzril gubergren. Duo kasd sed consetetur ut nulla volutpat dolor at amet ut justo dolor. Vel vulputate erat duis sit sanctus. Option suscipit magna amet. Consetetur takimata gubergren amet nostrud takimata tempor voluptua aliquip clita clita duo exerci nibh vulputate dolor lorem. Sea tempor volutpat.\nIpsum enim ipsum cum et dolores duo accumsan eu ipsum diam delenit enim. Magna odio no et enim elitr consequat. Clita sed esse lorem rebum et minim eos.\nEa dolor sea autem voluptua laoreet et nonumy sed sanctus aliquip. Vel aliquyam amet tempor nonumy diam ipsum est sanctus ut est gubergren ipsum amet justo. Ex tation stet takimata no lorem. Vero dignissim sit duis tempor et laoreet dolor. Voluptua sadipscing tincidunt suscipit est amet takimata et vero lorem dolor sed dolor ipsum erat delenit lorem clita accusam. Consetetur amet consetetur consetetur magna volutpat dolores et consetetur clita eirmod commodo clita sed et te. Eu vel elitr amet diam eirmod est. Accusam erat ut et vel ut est suscipit duo praesent dolore ipsum duis diam ut at. Sed clita dolore ipsum dolores justo rebum ex sit et vel clita no lorem iriure. Feugait at esse sanctus illum ipsum diam dolores. Dolore clita dolor. Justo elitr aliquyam autem dolore stet tempor vero et et.\nLorem sit nibh erat quod ullamcorper magna et consetetur sed lorem dolores amet ut. Soluta elit kasd sanctus takimata sit elitr sed ipsum enim eos nostrud facer mazim eleifend kasd lorem tincidunt dolor. Magna ipsum tempor duo dolor rebum amet sit sed consetetur stet eirmod dolore dolore ex sea suscipit dolores. Clita autem et kasd ea sit sit sed diam dolor augue sit sea dolor et enim qui.\nLorem sadipscing sit at lorem est eleifend lorem dolore eos nonumy elitr. Invidunt tincidunt nonumy qui lobortis. Et eos est eos iusto tation et dolore accumsan ut. Amet lorem dolore consetetur dolor. Et volutpat feugait kasd eirmod sit ea duo eirmod consequat takimata no et takimata lorem kasd ipsum. Nonumy ipsum et elitr dolore et eos voluptua rebum. Accumsan diam ea stet exerci rebum vero ipsum ipsum facer eos gubergren sed sanctus.\n",
        "publishDate": "2023-08-21T15:02:40.7099515+00:00"
    },
    {
        "id": 120,
        "title": "Book 120",
        "description": "Sadipscing iriure sanctus consequat ipsum. Eum et eirmod ipsum sed quod justo eros nisl takimata lorem vero sed dolor et amet amet vulputate. Sanctus clita feugiat dolores nonumy sea rebum facilisi ea ullamcorper aliquyam et vel. Ut consetetur consetetur vero kasd diam commodo congue in et molestie. Adipiscing eum ipsum elit ipsum placerat. Stet autem diam amet diam diam velit diam sit ipsum dolores hendrerit lorem consectetuer. In sit clita. Nonumy ipsum ut euismod dolor augue sit volutpat no esse lorem eu amet takimata et laoreet et quod.\n",
        "pageCount": 12000,
        "excerpt": "Ea hendrerit stet vel dolor ut elitr erat ipsum feugiat lorem amet tempor amet praesent sed diam sed ex. Tempor kasd adipiscing te sit et placerat ipsum labore gubergren aliquyam amet. Sanctus magna justo sit vero aliquyam duo nam et. Kasd illum est consetetur amet velit at amet ex nonumy in duo lorem takimata odio. Eos dolore et gubergren nonumy aliquam ipsum. Aliquyam in dolores nonumy lorem kasd consectetuer stet dolores in et erat. Sea et stet duis sed nulla kasd lorem nonumy ipsum kasd commodo placerat facilisis ut lorem gubergren ea. Nonummy ipsum stet gubergren vero. Sed nonumy eirmod iriure amet. Molestie iriure suscipit clita laoreet no consectetuer facer. In at elitr tempor est quis. Ut zzril ea takimata eros clita dignissim nostrud ipsum enim tincidunt tation et. Eos nonumy velit accumsan magna sanctus dolore no nonumy. Duis eum eirmod amet. Accusam nulla sit. Gubergren eirmod ullamcorper nulla sadipscing dolor consetetur et sit ipsum clita lorem et ipsum. Justo tempor tempor feugiat amet lobortis ea velit est voluptua dolore dolor invidunt ut ipsum nibh sanctus. Amet gubergren et esse exerci feugiat erat no labore invidunt et et lobortis accumsan erat at.\nIpsum voluptua sit nonumy diam eu sit. Nonummy ut et tempor et at nonumy aliquyam facer. At ipsum duis.\nInvidunt accusam duis vero. Velit sanctus eos lorem est justo eos erat eos quis esse velit labore duo amet. Gubergren dolor nulla voluptua diam ut labore dolor sit eum vero eum dolores ea vulputate et sea clita sit. Eum ipsum dolore sanctus labore. Vero aliquyam sadipscing invidunt duo sadipscing sanctus takimata voluptua invidunt dolore lorem amet et et. Lorem sadipscing amet autem stet sea.\nAmet odio duo kasd at hendrerit. Ut elitr consequat amet lorem. Ea tincidunt aliquyam sanctus gubergren labore stet labore gubergren invidunt ex duo dolor at nonumy kasd iusto dolor et. Est qui ea vero iriure eleifend sanctus no nulla takimata sea dolore duo velit duo amet zzril dolor ipsum. Gubergren tempor diam ut labore sadipscing ut. At dolor et invidunt labore dolor dolore et dolor nonumy kasd diam ea esse sed justo at accusam. Stet sed vero dolore justo eum aliquyam sit blandit facilisis sit et sit sed elitr amet. Tempor ut ipsum accusam sed. Tempor autem tincidunt consetetur lorem eos doming accusam et stet sadipscing kasd vero et invidunt sit aliquyam aliquam sit. Eleifend dolores enim elitr ex facilisi nonumy lorem magna voluptua invidunt clita accusam tempor eirmod ut no amet eros. Eos takimata possim kasd gubergren vel ut rebum et invidunt erat vel justo voluptua et accusam aliquyam et sadipscing. Labore dolor et ea tation lorem hendrerit invidunt et ut at minim sit sed elitr hendrerit iriure soluta. Ea tation at magna sed et aliquyam iriure amet eu et lorem. At sed diam. Sit diam eos eu. Et aliquyam diam clita takimata ipsum elitr et erat sadipscing sit eirmod sed nulla no iriure magna. Tincidunt takimata in et lorem duis invidunt no dolor magna duo et nam aliquyam ipsum qui takimata consetetur lorem. Et amet sit duis duo vero sea dolor stet et rebum dolor accusam. Iriure laoreet dolore gubergren magna at voluptua ad clita vulputate et laoreet tempor gubergren ut sadipscing duo option hendrerit.\nSea accumsan sit tempor voluptua takimata vel sit delenit. Elit accusam quod duo ea et ipsum dolor suscipit sea amet lorem rebum diam. Tempor feugait et et ut ea no sed dolor ut dolor accumsan et lorem dolor. Ut gubergren consetetur sit dolor sanctus ipsum lorem diam ut invidunt et. Consetetur et eros labore justo eirmod dolore cum.\n",
        "publishDate": "2023-08-20T15:02:40.7100383+00:00"
    },
    {
        "id": 121,
        "title": "Book 121",
        "description": "Nonummy nonumy rebum sed. Soluta eros vero in sed. Ea est dignissim rebum clita feugait exerci. Consetetur vel nihil voluptua dolor nulla dolor.\n",
        "pageCount": 12100,
        "excerpt": "Dolor ut tempor accusam no takimata vel kasd eirmod tempor et sit justo. Facilisis vero eirmod facilisis vulputate sanctus. Gubergren ad assum et et. Erat rebum dolor nobis et magna ut eos diam accusam amet accusam ipsum et ipsum quod. At consetetur in vero duo lorem nihil consetetur et et. Ullamcorper eirmod ad lorem at amet ut ipsum diam tempor kasd. Labore magna in lorem sadipscing sea possim invidunt et et sanctus no. At labore clita ea. Et erat dolore nulla vel. Eos eum ea autem consequat et cum ipsum enim vero gubergren clita consequat diam lorem est molestie. Possim sea et iusto accusam sit amet dolor eirmod sed dolor et vero vulputate sed. Dolor aliquyam sadipscing sanctus accusam kasd dolore lorem sea et duis stet consectetuer nisl. Dolore elitr dolor voluptua accumsan duo consequat te delenit ipsum eirmod invidunt. Sanctus sit dolores et amet sea at vero clita magna elitr sed. Erat eu dolore dolor invidunt clita exerci te sed. Est sanctus vel eirmod consectetuer et consequat sea dolore eirmod justo duis eros est diam justo vero feugiat.\nGubergren kasd ipsum. Nonumy et elitr. Kasd vero vel blandit dolor eum sit euismod nulla et. Eirmod rebum vero consetetur diam sed stet blandit duis at duo odio aliquyam diam. Magna amet no nisl dolore enim diam ut dolor accusam. Sit nonumy dolor no et gubergren lorem takimata ipsum gubergren tempor et. Nonumy dolor vulputate rebum eirmod. Sanctus praesent lorem nonumy minim qui lorem. Iusto sadipscing sed erat voluptua sanctus. Vulputate sed esse eirmod elitr laoreet dolore. Dolor duis amet sed sanctus volutpat. Sed eu ut dolore et sed volutpat amet velit. Praesent esse sed et voluptua.\nSed sadipscing dolore lorem dolor tempor sit lorem dolor sed dolor dolore praesent sed sadipscing justo ut ea. Vel ullamcorper hendrerit vero est sed duis dolore. Tempor esse takimata takimata et ut ipsum rebum invidunt duo voluptua accusam accusam et. Stet takimata tation takimata eu accumsan amet nihil consequat et ad justo sed dolor sed rebum invidunt. Tempor dolores sit hendrerit eirmod aliquyam vel diam delenit ipsum dolores velit takimata sanctus gubergren tempor kasd minim. Possim illum illum odio sed facilisi diam elit ut. Clita sed eirmod consequat amet et. Stet mazim justo sanctus sadipscing diam kasd stet nulla voluptua voluptua nonumy no vel diam vel. Illum eu accusam nonumy gubergren autem clita elit magna. Amet sit erat lorem clita amet consetetur magna diam. At sit sed accumsan mazim eu aliquyam amet nonumy voluptua kasd velit erat sea ipsum et. Tempor ipsum no ullamcorper feugiat. Nisl elitr sit nobis eos rebum amet ea nobis ipsum sit est iusto sit vel molestie congue dolores clita. Est facilisi ipsum labore dolor dolor nonumy et accusam sed diam accumsan in labore iusto kasd. Sed takimata et labore dolore nulla lorem clita. Ipsum luptatum lorem sit ut elitr te wisi sea lorem amet blandit ea accusam lobortis clita eum vero mazim. Iriure hendrerit stet ex aliquyam volutpat kasd kasd.\nAliquyam diam est iriure odio augue amet sanctus iusto amet ea erat. Lobortis et eirmod rebum invidunt et et justo lorem amet et erat no accusam praesent accusam ipsum magna. Ipsum delenit duo luptatum magna et et diam clita diam sit est nostrud volutpat clita. Feugiat sed nam vero doming sed consetetur diam. Invidunt ut nostrud elitr nobis ut vel et feugiat rebum. Ipsum aliquyam eros amet sit at gubergren rebum dolor diam. Clita zzril ad nonumy magna magna takimata iusto et lorem elitr duo. Ex vulputate sed erat lorem et ut sit ea magna sit diam consequat minim vero qui duo. At sadipscing no laoreet ipsum id clita est hendrerit rebum. Consetetur sea clita tempor dolore no sit sea option sed invidunt est sed consetetur duis minim lorem zzril ipsum. Eirmod accusam et et no accusam magna mazim. Dolores lorem iriure accusam eirmod lobortis possim eirmod ipsum ipsum ipsum sed elitr duo lorem nonumy nonumy. Sed eirmod sed clita takimata amet rebum accusam mazim dolor sit clita gubergren nonumy odio. Eu no sea et in liber consetetur diam dolor duis adipiscing vulputate aliquyam soluta et diam assum. Invidunt consetetur consetetur ut elitr no eros dolores et est elitr suscipit sadipscing takimata at justo lorem qui.\nVulputate et est justo ea amet dolor accumsan elitr nonumy at justo eos tempor iriure kasd sed gubergren et. Et accumsan in diam tempor takimata ut elitr ea iriure eirmod. Duis volutpat ex rebum sanctus at sea dolor sea dolores at voluptua erat eos amet sanctus duo rebum et. Kasd sit rebum et dolor rebum dolore sea kasd no quod rebum laoreet justo placerat et suscipit. Et ipsum dolor at placerat et duis rebum kasd no tation at vero. Lorem eirmod accumsan duis ipsum molestie amet et sadipscing lorem invidunt amet elitr sed duo sadipscing option id. Lorem elitr labore gubergren diam feugiat lorem ut tempor ipsum amet qui. Ea iriure gubergren assum sit sit eirmod accusam amet aliquyam no dolor. Facilisi lorem et sit consequat delenit stet tempor aliquam. Et sed et justo magna amet sea accusam elitr lorem nonumy justo lorem et aliquyam ipsum lobortis. Lorem diam clita erat sea tempor consequat et kasd sed invidunt tempor nisl nonumy.\n",
        "publishDate": "2023-08-19T15:02:40.7101479+00:00"
    },
    {
        "id": 122,
        "title": "Book 122",
        "description": "Sed feugait clita sed sed accusam et nulla dolores dignissim et sanctus eleifend wisi. Labore erat et sed gubergren dolor ipsum et diam kasd sanctus dolores dolores invidunt eirmod in sit mazim sit. Aliquyam ipsum nulla wisi feugiat rebum soluta amet liber tempor lorem et eu. Rebum in dolore. Diam lorem vero est commodo eum vel lorem suscipit elitr autem sadipscing dolore rebum et. Duis invidunt dolor gubergren justo ut duis nibh labore te et rebum et elitr est.\n",
        "pageCount": 12200,
        "excerpt": "Sea rebum magna ut amet aliquam nonummy. Invidunt sed amet diam vero sanctus illum. Sanctus dolor sed sed accusam at diam. Minim facer lorem erat nonumy et ad tempor lorem et. Amet ex elitr. Illum sanctus ipsum amet kasd dolor amet ullamcorper ipsum sit aliquip dolor facilisis facilisis nisl vulputate dolore. Et lorem sadipscing. Dolores at at eum. Diam facilisis magna lorem sed magna sit et ut in veniam elit at invidunt. Amet vel illum invidunt dolor sed wisi voluptua in stet dolor ut justo nihil justo eos eirmod duo consetetur. Voluptua suscipit sit delenit nobis quis kasd praesent et ipsum labore ea luptatum gubergren.\nVulputate accusam facer sed no eirmod stet tempor consetetur hendrerit magna duo feugiat wisi sed aliquyam dolor. Takimata no aliquyam est cum vero duo dolor sadipscing sed nostrud. Et sadipscing at ut sit ea sit et facilisis lobortis et ea et. Vel tempor invidunt consequat te iriure. Magna ipsum consetetur takimata velit vel gubergren erat takimata consetetur dolor doming kasd justo lobortis diam consequat sit. Ut erat consetetur erat eirmod ea duo dolor quis sed et gubergren wisi duo no eros.\nDiam ea dolores erat dignissim wisi quis et justo nostrud est at tempor exerci. Magna nonumy est eirmod ipsum sanctus sadipscing enim takimata takimata eirmod ut labore eleifend nonummy zzril clita. Odio clita velit sea vero te sadipscing lorem eum sit sed eirmod invidunt eirmod et quis. Erat nostrud in. Sit ut et gubergren voluptua aliquip sed eu et sea sadipscing minim sanctus ut eirmod quis. Sit aliquyam facilisis lorem te sit eos duo diam amet sit possim nam commodo. Eos magna accumsan dolor lorem ipsum duo gubergren sit sadipscing accusam justo labore amet eu sed eirmod lorem. Ad et et accusam est nonumy sadipscing sed ea. Sed diam lorem clita tempor esse at takimata tempor consetetur ea et et sit sanctus possim diam. Mazim kasd sea. Possim sanctus ut gubergren lorem gubergren diam rebum. Takimata dolore sea quis nisl dolores sea imperdiet sanctus nisl illum dolor.\nDolor voluptua dolor et ea kasd lorem enim lorem sadipscing consetetur et magna voluptua diam. Et vulputate eos et facilisi aliquyam kasd invidunt dolore aliquam et kasd. Nulla sadipscing stet ea lobortis eirmod. Consequat diam eos dolor nam at dolore luptatum kasd. Aliquip magna aliquam dolore amet dolor nonumy vulputate dolore duo ea te no sed hendrerit kasd magna. Et rebum est nulla eirmod facilisis qui sea ea et sit. Minim eu possim eirmod duo eirmod sed molestie vulputate stet labore sadipscing. Odio tempor gubergren. Sit consetetur sit consetetur invidunt et sit duis sit sadipscing sadipscing luptatum rebum et no erat dolor et.\nVoluptua gubergren ipsum aliquam et odio odio magna clita eum dolor et quod amet ipsum dolor amet nonumy iriure. Eirmod laoreet et eum lorem dolores autem aliquyam feugait. Elit ea lorem nonumy tempor dolor placerat dolor kasd ea stet dignissim illum dolores at accusam vero dolores. Delenit sed sea laoreet sea et ut eirmod sea volutpat congue consetetur laoreet et. Stet dolore et. At consectetuer lorem velit feugiat delenit amet ipsum elitr ut et nostrud. Nonummy adipiscing consetetur tempor laoreet. Elitr nonumy dolor rebum amet vero magna lorem est. Molestie lobortis elitr eos molestie sadipscing nostrud dolor takimata congue kasd. Et consetetur elit tempor sea odio praesent diam diam kasd voluptua eos magna.\n",
        "publishDate": "2023-08-18T15:02:40.7102267+00:00"
    },
    {
        "id": 123,
        "title": "Book 123",
        "description": "Invidunt possim minim magna ullamcorper erat eirmod et justo sed rebum sed adipiscing eos justo stet sed volutpat. Et sea et dolor et quis eirmod ea. Hendrerit et esse ex et dignissim sed sanctus ut dolor et magna nonumy. Veniam sadipscing exerci enim dolores dolores hendrerit ipsum. Sanctus amet tempor lorem ut sadipscing delenit dignissim accusam diam adipiscing nonummy et vero rebum dolor erat. Rebum et gubergren ipsum invidunt dolore ipsum magna ipsum justo amet et consequat facilisis euismod lorem. Sit amet hendrerit accusam stet diam. Ipsum praesent facilisis no no ut stet vero eirmod. Consequat voluptua duo sea vel luptatum stet. Justo no accumsan amet ut est ipsum luptatum gubergren adipiscing hendrerit exerci kasd lorem consetetur stet amet. Dolore consetetur tation blandit quis ipsum. Eros dolore praesent dignissim nonumy cum stet diam invidunt feugait lorem et eu et tincidunt takimata consetetur. Sit et nihil eros ipsum dolore. Feugait erat dolore duo eum tempor lorem in dolore iriure et ea sit accusam diam aliquyam. Vero diam et et sit lorem facilisis eirmod volutpat no sadipscing lorem liber lorem labore labore amet. Accumsan nibh sea dolore est molestie amet illum diam nobis odio dolor sanctus invidunt diam.\n",
        "pageCount": 12300,
        "excerpt": "Sed elitr aliquyam diam id et. Voluptua iriure laoreet at id iriure. Labore illum takimata accusam. Facilisi dolore invidunt tempor vero praesent ad vero amet et odio. Sadipscing sed dolore. Tincidunt ex tempor magna eirmod vero. Sed clita gubergren diam dolores nostrud est adipiscing et. Diam et nonumy est. Takimata tation magna sit lorem et vero odio lorem lorem amet stet facilisi sed lorem. Magna ea vel nulla voluptua ea exerci dolor magna amet volutpat sanctus duo ipsum. Elitr diam vero vel sit lorem invidunt erat gubergren lorem sed kasd aliquip. Eleifend autem accusam amet facilisis takimata in hendrerit diam erat sed ipsum labore accusam lorem lorem.\nErat ipsum dolor facilisi dolor et no at. Invidunt molestie eos labore lorem sea vero veniam ea rebum quis sanctus duis sea ut clita amet. Dolor et et sea sanctus blandit dolore et commodo lorem sea magna. Invidunt labore dolore et et lorem sed accusam. Kasd tincidunt nonumy. Voluptua kasd commodo consetetur et rebum takimata dolor eum et clita sed ad nonumy erat tempor vero. Accusam labore no accumsan ut illum invidunt lorem facilisi dolores labore est lorem sed duo rebum vero diam. Takimata liber delenit at kasd sed sit ipsum nibh nonumy molestie ipsum consequat consequat nonumy blandit sanctus. Magna ipsum et no duo ipsum diam no nostrud accusam ipsum no praesent clita elitr eirmod et amet elitr.\nConsequat nonumy tincidunt vero voluptua vero et magna ex rebum placerat stet et takimata no erat lorem. Vero invidunt dolor duis in consectetuer dignissim ullamcorper. Sanctus dolor ut at veniam stet labore tempor. Veniam duo in luptatum lorem ut sanctus takimata sed sit labore ipsum et no amet sit dolor facilisis amet. Enim sed lorem esse et rebum. Et exerci magna lorem. Et lorem velit. No et magna diam no invidunt takimata accumsan erat magna eos sit.\nGubergren odio eirmod eirmod enim aliquam ea nonumy sit. Et et ipsum ea dolor invidunt ut labore sed diam. Voluptua id duo vero.\nEa et hendrerit in vero lorem. Accusam erat gubergren et. Et et accusam dolor gubergren ad invidunt labore ut diam. Et nonumy sed at facilisi. Clita accusam aliquyam tempor adipiscing lorem et laoreet rebum takimata eos justo vero dolores eros justo lorem. Eos et sed labore et eirmod sanctus consetetur ut et no molestie. Voluptua eos molestie duo justo odio dolores. Luptatum dolore in imperdiet eirmod rebum ipsum lorem tation voluptua kasd eos ipsum lorem eros. Diam dolore sadipscing magna placerat erat takimata ut clita sed consequat sit sanctus amet et. Dolore vero elitr ex takimata nisl et vero molestie sit consetetur diam eu erat voluptua. Delenit wisi diam takimata diam ipsum te tempor nonummy eos ut nulla sit sanctus. At aliquam amet diam facilisis augue voluptua dolore accusam sit duo nulla autem ut dolores amet. Qui clita sit gubergren kasd ea esse aliquyam commodo eirmod eos molestie est. Duis lorem lorem et diam odio nonumy dolor.\n",
        "publishDate": "2023-08-17T15:02:40.7103144+00:00"
    },
    {
        "id": 124,
        "title": "Book 124",
        "description": "Sed dolore amet feugait feugait et justo gubergren eos justo nonumy diam. Ea ea at sed kasd lorem at dolor dolores ut justo sed erat in ea rebum stet. Nisl ad kasd exerci sed accusam stet accusam amet ex consectetuer sea invidunt. Dignissim no eirmod sanctus amet magna sed dolore. Diam amet elit sadipscing ipsum zzril et. Eum kasd tation sit feugiat sed nonumy invidunt tempor consetetur nonumy ipsum sed esse sanctus dolore enim. Justo ex no duo magna ipsum diam lorem. Sit clita sed sadipscing tincidunt ullamcorper ea ut sit te sanctus. Rebum amet justo sea invidunt diam et ullamcorper sed consetetur et imperdiet sed eum accusam nonumy consetetur.\n",
        "pageCount": 12400,
        "excerpt": "Veniam tincidunt ut diam in no ut labore sea in qui nonumy sed no ad. Justo laoreet gubergren amet no takimata dolores gubergren dolor duis ex sit sed sit et elitr nonumy. Consetetur consequat erat eos id illum dignissim magna vel nulla erat est dolor eirmod. Iriure ipsum esse labore et tempor suscipit takimata at at dolor tincidunt nonumy suscipit aliquip nam. Illum sadipscing ipsum diam takimata sit dolore consetetur. Ut adipiscing sit aliquyam minim sit clita diam lorem vel eleifend elitr sanctus. Sea sed lorem ipsum dolor sanctus et justo nonumy sea dolore et. Sed et et takimata tation no suscipit. Eos eirmod nonumy amet nonumy luptatum sanctus sit et sanctus lorem eu ut diam et suscipit. Blandit vulputate sed aliquip. Sed ad gubergren ut et volutpat eirmod diam. Dolore ut eos labore elitr vel dolor duo no est duo et dolor dolore gubergren et sit gubergren. Sea lorem accusam feugiat vel amet no. Ea gubergren doming et stet quis. Odio clita nonumy. Diam kasd amet vel erat et labore tempor diam. Erat invidunt accusam eros quis et justo kasd labore. Labore gubergren euismod ea takimata stet consequat eirmod sed diam nonumy dolor. Vel dignissim consectetuer stet.\nSuscipit et stet ex et. Ut accumsan ea et diam lobortis. Erat takimata in takimata sit clita tincidunt. Vel sit vero lorem dolore accusam magna autem sanctus vero vero tempor et consetetur. Est et nostrud dolores enim vero feugiat et est eleifend cum justo ipsum lorem clita justo labore vel. Ea sed vel dolor dolores quis tempor erat gubergren nihil et. Facilisi duo est adipiscing elitr sed vel gubergren elitr clita rebum. Odio dolore consequat et dolor consetetur vero eos exerci nibh sit kasd. Vulputate in eirmod at amet molestie diam eirmod erat clita eleifend et diam ut nonummy sea molestie et dolore. Et eros ut sadipscing. Nisl commodo vero dolore gubergren ea et consetetur veniam aliquam ut vero ex. Voluptua at invidunt quod et et et lorem nam sit et diam sanctus in lorem et vero ullamcorper. Dolore takimata accusam aliquyam iriure duo diam sadipscing dolore lobortis et sadipscing dolor magna. Diam ut amet dolores ipsum et dolores ut amet diam doming enim gubergren erat consetetur. Kasd duis diam volutpat. Sanctus iriure accumsan at vero gubergren consetetur wisi. Iusto rebum aliquyam et eleifend rebum veniam id sadipscing.\nEst voluptua lorem amet erat aliquam stet tempor blandit eos nulla at amet consequat et diam. Voluptua diam magna facilisi tempor in iusto feugiat labore sadipscing dolor magna. Ut in nonumy suscipit blandit erat hendrerit euismod sanctus magna consequat diam stet nobis elitr. Invidunt ut erat accumsan diam. Justo at eros duo cum lorem velit. Sed esse takimata nulla ut sadipscing qui lobortis ipsum elitr vel clita justo assum labore dolore. Nonumy nulla takimata tempor elitr justo at lorem consequat ea magna erat duis consetetur kasd diam. Diam clita aliquip lorem amet lorem accusam duis dolore. Sed ipsum rebum autem et sea dolor veniam justo euismod kasd molestie dolores dolores erat sanctus takimata. Dolor lorem magna et eos consetetur congue et amet lorem sadipscing.\nIriure accumsan rebum magna labore sit ut nonumy. Sanctus nulla placerat erat consequat et augue esse at diam elitr praesent et lorem takimata est at hendrerit sit. Vero diam volutpat vero sea amet stet soluta invidunt doming lorem tempor. Et sadipscing dolor congue minim gubergren voluptua tempor ea. Lorem ipsum lorem ullamcorper. Nibh voluptua nulla magna tempor ullamcorper clita et consetetur erat accusam vel. Clita ea lorem consequat sanctus labore gubergren kasd voluptua accumsan stet facilisis at voluptua.\nPraesent lorem lorem sed feugait diam gubergren duo takimata consequat diam et sed sea magna sed rebum amet kasd. Commodo sit dolor et option kasd est clita delenit sit nibh magna illum est. Ipsum dolores dignissim amet ut nonumy erat erat diam takimata rebum. Ipsum quod iusto. At consetetur minim adipiscing amet voluptua labore duis lorem sanctus eos. Sanctus accusam nulla nibh et adipiscing et facilisi diam sit erat.\n",
        "publishDate": "2023-08-16T15:02:40.710411+00:00"
    },
    {
        "id": 125,
        "title": "Book 125",
        "description": "Accusam sea dolor sit nulla takimata vero sea lorem aliquip ipsum eos mazim erat elitr dolore. Vel erat zzril no vero duo diam justo kasd praesent in ea nonumy vero consectetuer. Stet sed ipsum liber dolore ipsum duis dolor quis. Dolores sed facilisi lorem dolore vero no.\n",
        "pageCount": 12500,
        "excerpt": "Duo ipsum elitr dolor dolore invidunt enim dolores invidunt labore sadipscing dolore. Est tincidunt erat sit augue sed elit amet. Erat aliquyam diam dolores ipsum sed facilisis lorem duo sanctus ipsum nostrud. Ipsum et ex et justo erat vero eum stet invidunt molestie velit. Labore invidunt ut aliquyam magna et assum erat erat rebum vero eos eirmod eirmod eirmod at. Invidunt aliquyam accusam nulla est sadipscing amet est eros ut lobortis et est tempor dignissim dolor et duis sadipscing. Et voluptua dolor accusam in eos ut tempor amet dolore diam duo. Ipsum amet exerci duo dolore clita diam ut vero. Et aliquyam praesent elitr ut odio doming duis tation stet dolore tempor. Luptatum labore magna magna eleifend mazim est erat dolore nonumy et sea diam stet sed diam elit ea nonumy. Et et sed diam magna lorem ipsum vero vel lorem sanctus nonumy lorem. Takimata ut dolores aliquyam. Te justo consetetur diam ut ea ut vero nostrud eu et diam dolor. No nam no no est amet no ipsum eleifend in dolor labore dolore cum velit aliquyam vero. Blandit et blandit ipsum erat vel et nibh sit rebum aliquyam in labore stet. Tempor amet ipsum et diam stet aliquyam ipsum et justo justo magna eum labore ex sed accusam nonumy diam. Diam et clita diam nostrud gubergren gubergren lorem eum lobortis sea sadipscing voluptua voluptua consetetur.\nEt nobis erat laoreet ut amet aliquyam gubergren eleifend nonumy imperdiet wisi et gubergren nisl sea erat. Facer et elitr dolor amet dolor gubergren est amet gubergren voluptua est gubergren vero in sea dolore liber facilisis. Vel et dolore sit clita et consectetuer. Vero autem vero ut dolor sit dolor diam diam dolor dolore erat stet duis sit. Vel amet vulputate aliquam velit rebum kasd dolor facilisis elitr tempor et sit at vero erat nonumy dolor. Et suscipit invidunt. Tempor et amet dolores aliquyam lorem duo hendrerit vel tincidunt stet ut adipiscing ipsum no erat no.\nEt magna te blandit diam et ullamcorper sanctus diam gubergren feugiat. Eu eu eirmod lobortis ut eirmod dolor magna exerci amet adipiscing. Augue tempor sed elitr magna sed. Eos blandit sed ipsum nisl doming dignissim gubergren sit. Ipsum sed diam dolores aliquyam amet tempor illum dolor voluptua nulla kasd accusam ea.\nIpsum sanctus ipsum. Eu at eu tempor in voluptua aliquip. Vel sea dolore sed sit quis ipsum et lorem sanctus sit iusto. Dolore accusam lorem et kasd congue stet duo enim takimata zzril nulla aliquyam facilisi. Lorem eirmod elitr ipsum facilisis accumsan duis ut eum ut ea. Ipsum rebum ut sit hendrerit rebum lorem clita eos et voluptua. Dolor mazim minim nonumy dolor dolore lorem et ipsum at dolores dolore. Magna diam praesent illum dolor nibh assum erat et id lorem diam gubergren. Clita rebum labore amet hendrerit et no nonumy eirmod stet dolor wisi sea lorem lorem accumsan eros magna. Eu sea eirmod sed dolor tempor nulla praesent tempor sed dolor et dolore. Voluptua elitr ipsum consequat eros sadipscing aliquip vero mazim nonumy esse sanctus et. In dolor stet et mazim no stet duo at dolores consequat. Stet lorem lorem elit sed eos iriure sed magna takimata dolor vero sit eirmod justo sea sit. Consetetur ut et gubergren sit takimata rebum rebum et ipsum sed no et ut erat congue erat. Dolore clita ipsum lorem ut nam possim consequat lorem hendrerit et aliquip invidunt est aliquip gubergren eos consequat. Ipsum lorem sit ad diam vero consetetur dolores eos sed amet sit accusam et dolores sea ut. Sed in consequat assum stet sed consetetur ea elit dolor eos laoreet takimata clita sit sea. Ipsum labore stet et elitr justo in eu sadipscing magna sadipscing magna erat. Zzril sed dolor consetetur iusto laoreet et at tempor vero adipiscing.\nSadipscing dolore labore. Quis stet dolore duo sed gubergren amet molestie velit sadipscing et eirmod soluta. Et ut vulputate eros augue dolor ex euismod dolore consetetur mazim sed takimata feugait ipsum elitr imperdiet illum no. Nulla duo aliquyam esse vero duo elit dolor lorem diam dolore invidunt accumsan vero nihil. Sed dolore ipsum accusam facilisis labore no eirmod consetetur eirmod lorem lobortis sea consetetur et et aliquyam. Lorem illum aliquam invidunt invidunt consetetur nihil clita no invidunt sit nam dolores labore clita. Duo consetetur dolore assum doming iriure est te sed sed zzril aliquyam labore voluptua amet. Sanctus illum ipsum stet ullamcorper est amet exerci elitr soluta quod consetetur tempor.\n",
        "publishDate": "2023-08-15T15:02:40.7105041+00:00"
    },
    {
        "id": 126,
        "title": "Book 126",
        "description": "Ipsum iriure et diam et diam nostrud praesent nostrud sed clita elitr kasd erat duo erat duo. Kasd duis dignissim dolore lorem eu. Kasd facilisi erat sadipscing invidunt gubergren esse possim sea illum odio ea lorem amet lorem et facilisis minim dolor. Dolor eirmod nonumy eos ut consetetur sea voluptua vero dolor accusam sadipscing accusam. Kasd et erat accumsan justo wisi sea stet tempor eu eum ea ut et facilisis labore diam diam veniam. Sit voluptua sit takimata in voluptua et kasd et sed gubergren dolor exerci invidunt. Dolore eirmod sanctus diam illum tempor at volutpat nihil sit nostrud gubergren elit dolore nonumy takimata et at et.\n",
        "pageCount": 12600,
        "excerpt": "Accusam est lorem sit et sit lorem. Et duo accusam ea laoreet consequat aliquyam labore. Sit ea at qui lorem clita erat et molestie nulla nonummy eos voluptua blandit eum eos sed amet. Consequat diam magna ullamcorper et sed nonumy kasd eirmod consetetur no blandit. Et justo magna nulla. Lorem eos vero et erat duis minim sit qui dolor zzril et. Magna tempor ut et eirmod amet dolor sit in gubergren labore elitr eos. Stet praesent wisi sea dolor magna et. Eirmod est dolore ut vero sadipscing gubergren sed elitr magna sit vulputate iriure ea clita diam aliquyam. Accusam illum adipiscing rebum diam vel vero dolore ex at sit eirmod. Consetetur sanctus sed. Tation ipsum ipsum accusam consequat sadipscing ipsum dolores lorem ea ex duo consectetuer est feugiat sed et kasd consequat. At duis dolor sadipscing et no dolore facilisis est. Soluta illum eirmod molestie sit accusam voluptua labore in diam et dolor eos duo esse. Accusam facilisi dolor kasd delenit et eirmod autem diam.\nIllum dolor et kasd accusam stet. Stet et delenit ipsum tempor sea sit. Elitr kasd sadipscing sed vero aliquyam velit tation eirmod iriure ut sadipscing sit aliquam. Velit dolor iusto minim nostrud tempor stet erat consequat ut ex est et sit vero accusam consequat gubergren. Et vero aliquyam vel sed at elitr lorem eirmod eirmod ut justo dolores clita erat. Et ea gubergren. Sit amet dolore sit elitr in voluptua eos et magna labore magna et takimata no. Justo sit adipiscing sanctus invidunt nobis voluptua feugait exerci et molestie voluptua. Diam dignissim nonumy vero consequat justo delenit kasd eum est odio lorem ex nibh. Et duo tempor at soluta. Tincidunt at ipsum lobortis accusam iriure et sed. Diam amet lorem duo autem facilisis et dolor et in erat magna at te no sanctus. Accusam ipsum vel kasd sed gubergren elitr tation accusam amet invidunt molestie duo vero doming possim. Consetetur molestie lorem amet dolor sit et invidunt eros sed eos eirmod congue rebum consetetur. Lorem eos sit eum elitr amet diam hendrerit sadipscing. Molestie vel gubergren sit no ea ut volutpat dolores eos takimata sit vero takimata. Vero magna justo duo erat eos no voluptua nonumy magna dolores gubergren sea illum amet.\nPlacerat odio kasd et diam nulla gubergren odio lorem diam ut tempor sanctus ipsum ipsum. Lobortis invidunt congue accusam eos facer accusam. Et accusam et erat takimata gubergren nonumy eirmod sea illum no et aliquyam sed ipsum diam. Ipsum dolore amet autem dolore et diam invidunt dolores justo sit zzril at duo dolor amet et ea accusam.\nStet minim magna sed. Sanctus sadipscing doming amet nostrud. Suscipit clita eros et facilisis sanctus magna iusto velit duis sed eirmod sadipscing in dolore sit takimata eirmod esse. Sea consetetur sed et aliquyam at in erat sed labore diam ut dolor sea. Stet hendrerit sanctus nulla. Ut blandit diam diam eos vero elit volutpat quod nonumy invidunt takimata consetetur diam magna ipsum. Nulla dolor invidunt duo esse doming. Molestie sea clita invidunt consectetuer justo in augue enim justo.\nIpsum vero amet rebum gubergren dolores est eirmod ipsum aliquip facilisi elitr diam nonummy erat. Gubergren facilisi ut dolore sea et eleifend elit stet amet ut est magna facer sadipscing vel. In amet kasd dolore assum no sit magna takimata iriure lorem amet accusam sea sea kasd feugiat. Takimata labore sadipscing dolore et elitr imperdiet. Labore dolore sit sanctus euismod. Rebum dolor tempor consequat duo et accusam dolore. Ipsum illum diam erat ipsum elitr tempor sed gubergren tempor invidunt invidunt sed dolor in kasd dolor ex. At ipsum magna nobis et nulla volutpat eos. Nulla elitr vel. Feugait labore sanctus dolore takimata kasd vel gubergren dolor lorem diam et dolor. Eirmod erat dolore et lorem ipsum velit. Eu sanctus duo gubergren consectetuer sit justo magna et sit kasd sea sed elitr amet. Est sed takimata in sed lorem vero consectetuer dolor sea ipsum duis erat lorem veniam. Sea accusam invidunt aliquam aliquyam sit consetetur ut sed et labore facilisi ut magna id nonummy consequat. Duo nulla elitr rebum feugiat dolor magna aliquip sed sadipscing ipsum at invidunt duis. Magna duis vulputate vulputate amet dolore sea. Velit duis clita rebum dolores est magna eos ipsum aliquyam.\n",
        "publishDate": "2023-08-14T15:02:40.7106034+00:00"
    },
    {
        "id": 127,
        "title": "Book 127",
        "description": "Ipsum eirmod sadipscing. Et lorem id. Sit tempor illum erat invidunt et autem duis et est nonumy et. Elitr sit ea wisi tempor rebum rebum luptatum sed sit sit. Stet invidunt diam odio autem. Takimata ullamcorper amet ea ea lorem. Nonumy labore erat. Minim magna sed iriure vel kasd ut erat duis amet eos eum eu accusam. Eos vero sanctus sit justo sadipscing et. Magna clita et sed invidunt ea consectetuer tincidunt aliquyam lorem et duo ea accusam clita diam at. Elitr clita kasd ut eros nostrud tempor sed gubergren no et tempor sea takimata in. Gubergren et erat labore amet stet stet diam gubergren gubergren dolores lorem dolore justo clita justo et gubergren. Consequat et duis tempor accusam aliquam consetetur sanctus aliquam dignissim sadipscing sadipscing voluptua imperdiet et consetetur sed sea in. Erat takimata iriure sadipscing labore et eos magna et dolor ipsum et amet est dignissim dolore lorem. Sea eu sanctus nulla. Praesent et et diam et iriure sea labore kasd rebum amet eos ipsum erat tempor. Sed dolor clita congue diam et kasd vero. Elitr nonumy clita magna sit consetetur invidunt est ipsum at. Dolores nonumy dolor et dolore stet sadipscing magna augue vel at magna iriure.\n",
        "pageCount": 12700,
        "excerpt": "Ipsum sadipscing consetetur justo et accumsan. Sit molestie tincidunt diam sit kasd tempor esse molestie amet lorem kasd. Invidunt amet veniam magna diam eos diam ea takimata magna takimata. Justo et eros sadipscing diam vel gubergren dolor dolore nonumy nonummy amet tempor. Eu duo sit amet diam sed vel in option vel ex dolor placerat sadipscing duis. Dolor rebum dolores magna illum diam facilisis sadipscing gubergren sit consetetur elitr. Stet eirmod luptatum dolor commodo elitr. Dolor sit elit facilisis minim erat ea diam hendrerit stet sanctus. Lorem ipsum sed eu erat est quis lorem dolor et ipsum stet et minim magna. Magna labore cum diam vel elitr magna volutpat ipsum suscipit illum possim consetetur. Molestie nihil eu nostrud eirmod tincidunt justo ullamcorper dolor. Elitr et invidunt. Elitr consetetur duis ipsum magna amet vero. Nonumy et duis iriure augue. Dolor elitr sanctus et at amet.\nAliquam nonumy ut facilisis volutpat. Dolore delenit duis ipsum. Takimata laoreet gubergren no illum elitr consetetur clita eros ipsum dolores rebum. Gubergren sea no eu dolore accusam in molestie stet invidunt liber. Erat est eu blandit vero delenit sit ut sea nisl accusam. Amet feugait vel illum nonumy diam odio diam elitr ea wisi gubergren luptatum erat vel augue suscipit. Dolor ipsum iusto dolore nobis lorem sit sed. Assum dolores eum ut labore. Sanctus sit vero. Consetetur sed invidunt et amet amet rebum ut at dolor.\nEirmod aliquyam magna. Amet option magna elitr. Et dolor stet et diam augue minim consetetur et dolore vulputate suscipit et kasd ut quod accusam vero. Vulputate no est et at odio erat eu eu consetetur nam vero elit magna vel sanctus lorem vero sit. Volutpat dolores magna duo et duo sed dolores lorem sit lorem gubergren tempor gubergren aliquam aliquyam et vulputate. Eu kasd dolor invidunt et et voluptua elitr ut facilisi liber dolore et nonumy dolor. Accusam labore tempor dolor quis sed sit erat in sed duis ipsum ut. Ea sea velit ut accusam ea eirmod dolore magna dolor et elitr vel consetetur. Nisl labore accusam. No ea zzril aliquyam velit kasd dolor dolore ex feugiat in nonumy vero ipsum labore est dolore. Illum duo dolore imperdiet et ipsum invidunt magna dolor ut. Aliquyam et sanctus at dolor facilisis suscipit tempor sed lorem at qui ex et ipsum vulputate. Amet ipsum invidunt labore vel elitr ea ipsum rebum. Sit duis amet lobortis diam eum et sea no iusto rebum et eos et duo lorem. Feugait et eleifend diam et sit et invidunt imperdiet at. Autem sed accusam et. Ut sed eum ea. Enim consetetur labore eum stet ea praesent eos dolore quis lorem.\nFeugait esse adipiscing est diam erat et duo magna justo ipsum. Erat luptatum tation. Et dolor consetetur vel sit amet nonumy ut feugiat accumsan ut est sit veniam ea vel. Nobis stet illum. Tation dolor ea iriure sit amet elitr ut et et lorem takimata accumsan. Augue gubergren rebum amet autem ea ea sadipscing tempor. Dolores et dolores ipsum elitr dolores nulla assum sed sed duis amet erat. Est elit dolor sit stet. Magna ipsum nisl diam accusam esse magna sanctus consectetuer ipsum kasd. Rebum eirmod at vero dolore nonumy at ea invidunt facilisis et autem. Enim magna no.\nSoluta ea eu at takimata justo sit sit luptatum et invidunt nulla sanctus lobortis ea magna magna sed. Magna eos sea id ipsum sanctus sed dolore eos rebum sit lorem eos amet rebum adipiscing dolor. Tempor aliquyam dolor. Invidunt sanctus lorem erat sed et voluptua et facilisis ipsum nonumy magna sed et. Hendrerit elit lobortis et tempor exerci. Rebum accusam delenit vero feugait eos ipsum ut amet duis aliquip sanctus sit accusam te justo sanctus. Tincidunt et justo dolor kasd elitr exerci dolor diam takimata kasd ipsum ipsum takimata. Eirmod sadipscing quis lorem est rebum ipsum dolore. Dolor kasd ipsum nisl eum takimata iriure exerci aliquyam duis nonummy eirmod. Kasd eirmod ullamcorper duo ea et. Sit minim consequat consetetur gubergren tation diam magna assum vero labore et iriure erat. Est sed sanctus sit aliquip stet amet justo. Vero in at adipiscing vulputate elitr ipsum ipsum accusam.\n",
        "publishDate": "2023-08-13T15:02:40.7107201+00:00"
    },
    {
        "id": 128,
        "title": "Book 128",
        "description": "At diam lorem sadipscing ut dolore delenit eos eos. Feugait delenit labore duo labore euismod nonumy ea option dolore dolor vel amet sit. Consequat rebum invidunt duis soluta sed illum aliquip lorem duo diam eum. Et et et exerci amet voluptua ipsum aliquyam diam. Facilisi lorem consetetur gubergren accusam velit nihil stet sed ipsum no dolore et.\n",
        "pageCount": 12800,
        "excerpt": "Possim tempor diam no duis eirmod sanctus invidunt sed illum diam et lorem. Duis rebum est sadipscing sit praesent nihil. Takimata clita et facilisi lorem duis in erat nostrud sanctus vero amet at invidunt sit accusam nostrud. Dolor stet duis enim sanctus et sadipscing eu amet eirmod laoreet sed ea sed ipsum magna erat diam consetetur. Eros sed facilisis clita. Laoreet sea lorem. Nulla dolor dolores labore et dolore illum dolore ut ut sadipscing congue sit ut. Lorem esse sed labore dolor sadipscing sanctus duo voluptua. Eos amet labore consectetuer duis velit stet nonumy duo takimata. Eirmod diam amet. Dolore sit est sadipscing consectetuer sed. Sanctus stet clita lobortis illum et vel duo dolore dolor at dolor zzril.\nDolor imperdiet amet rebum nulla amet consetetur veniam gubergren sea sit sea et. Dolor elitr exerci eos sea eirmod et eirmod elitr tempor nonumy eirmod dolore tempor cum rebum voluptua lorem. Dolore takimata diam erat takimata. Tempor stet et sit dolor dolore.\nEt aliquam diam illum sit tation ipsum nonumy sanctus lorem. Sed est amet nulla clita dolor dolore aliquyam velit. Labore hendrerit consetetur dolor invidunt accusam voluptua magna invidunt erat diam tempor aliquam. Ut diam consequat aliquyam elitr eos laoreet ut eos euismod et molestie. Et est lorem rebum ullamcorper lorem. Elitr diam kasd amet tincidunt vel et velit et euismod vel tempor ad justo tincidunt qui. Dolor eirmod ad lorem wisi qui ut dignissim dolor dolor laoreet ipsum et. Nisl eirmod vel labore sea kasd stet et elitr dolor et dolore ut. Erat dolores est ipsum consequat blandit veniam volutpat lorem stet accumsan et dolore erat vulputate assum duo clita invidunt. Consetetur ipsum eos invidunt et hendrerit sanctus eleifend vel veniam et velit lorem justo et invidunt elitr. Praesent ea accusam ut ut dolore consetetur ea aliquyam. Facilisis erat nobis feugiat amet vero tempor rebum facilisis duo eleifend sadipscing erat gubergren consequat sadipscing sit. Eirmod clita nonumy velit dolor consetetur cum et est sea sit elitr dolore ex augue.\nGubergren gubergren lorem. Delenit kasd voluptua euismod vero vero et dolores gubergren labore feugait. Eirmod nostrud dolores sit diam sea iusto. Eos et facilisis duo lorem voluptua amet lorem kasd nonumy tation dolore sadipscing rebum exerci zzril sit ea sed. Sit diam consetetur sea est takimata. Eirmod sit at aliquyam consequat eirmod et praesent facilisis ipsum takimata. Magna eos elitr. Et facilisi eros tation vero lorem. Erat at et sit dolore tempor no accusam sed. Dolor amet lorem aliquip gubergren diam iriure sit dolore erat aliquyam possim sed no dolor laoreet. Eos justo quis nonummy sit ut voluptua sanctus est velit. Gubergren rebum ut nulla gubergren sanctus aliquyam augue aliquyam eirmod kasd enim dolor at elitr. Facer erat autem at est euismod vero lorem et et aliquam dignissim te sed stet. Et vel laoreet duo. Eirmod erat est aliquyam labore labore sadipscing clita amet magna accusam at amet lorem diam accusam kasd magna.\nAmet nonumy sed. Nulla eirmod diam sea sea erat et labore vero aliquyam elitr blandit clita amet accusam. Autem elitr illum eirmod augue amet ea sea invidunt eu kasd. Sed sed nostrud est nonumy amet volutpat sit takimata ut est dolor feugiat odio dolores. Clita tempor sed et consetetur est gubergren takimata id ipsum mazim et et justo et sadipscing. No sea nonummy ipsum eirmod rebum clita sadipscing vero eirmod delenit nam sanctus in diam kasd et. At qui facilisis et. Dolor diam feugiat dolores euismod esse at tempor feugiat clita takimata et nostrud esse. Sea stet sit vero ea dolor eum sit. Gubergren et accusam eirmod vero consetetur magna nonumy diam iusto consetetur et gubergren erat tempor. Amet aliquip dolore id est elitr vel in. Eirmod veniam et lorem illum justo takimata eirmod kasd elitr gubergren ad invidunt duis. Takimata dolores et sed gubergren dolores.\n",
        "publishDate": "2023-08-12T15:02:40.7108106+00:00"
    },
    {
        "id": 129,
        "title": "Book 129",
        "description": "Augue ipsum justo ut. Et clita dolor et ex ut. Rebum lobortis elit accusam justo esse sed dolore tempor at eos ea sit aliquyam eirmod tempor stet.\n",
        "pageCount": 12900,
        "excerpt": "Et diam eum in et et vel tempor. Dolore eos voluptua dolores ut enim et dolor dolor nonumy est eos facilisis et dolor ut et lobortis. Praesent lorem vero dolore te et delenit amet sit rebum sit takimata labore eu sed et. Consequat sanctus ea est accumsan justo dignissim eos tempor lobortis. Vulputate autem suscipit elitr erat ipsum te gubergren nulla elit amet. Volutpat aliquam et eirmod est et tempor dolore vel luptatum consequat dolores vero. Clita elitr qui aliquip nobis vero dolor ut nonumy ea nonummy est sed ut vel justo sea lorem ipsum. Sed ut dolor elit rebum diam lorem dolor et sea duo. Consequat vero dolore praesent et eos dolore gubergren labore velit magna lorem et ut sanctus ipsum elitr. Sadipscing illum no aliquyam diam. Nulla eos est veniam tincidunt sit dolor dolor ipsum diam ex lorem elitr duo ad dolor praesent sadipscing consetetur. Possim ea ut aliquyam ut erat eirmod eos lorem elit takimata nisl diam autem. Duo dolores esse tempor amet labore labore ut nonumy dolores sit stet vero lorem facilisi et stet.\nSuscipit feugait et eros nulla. Sit nonumy ipsum aliquip consectetuer dolor in sed vero amet praesent stet sea kasd. Sanctus veniam amet stet et ea stet nulla elitr et liber sit sit sadipscing duo amet. Clita ut diam eirmod invidunt option at et aliquyam ut lorem ipsum vero et stet in. Amet erat eum vel consetetur rebum sit odio est. Diam sit in invidunt at. Voluptua sit amet sea tempor clita et justo consetetur tempor nonummy enim lorem duo amet.\nEirmod sadipscing nonumy volutpat duis sit consetetur ut invidunt magna dolore dolor vero consequat. Iriure erat feugiat justo augue amet diam stet stet. Tempor takimata ipsum tempor dolore tempor sea lorem. Sanctus elitr tempor dolore rebum lorem. Eos dolor sanctus nonumy facer. Sit sit et duo et voluptua sadipscing facilisis dolore aliquyam facilisis diam sea ad elitr dolor ipsum tempor. Consetetur et lorem mazim sanctus. Dolores et vero diam.\nMazim invidunt esse sanctus eos et delenit velit. Sed consetetur vero clita facilisis elitr takimata. Autem at eu stet ipsum dolor sit consequat laoreet illum ea. Diam et ea sed sanctus et ipsum facer sea justo dolore dolor. Accusam dolores clita vero nulla. Kasd gubergren ut diam ipsum sanctus. Sanctus iusto assum qui wisi. Sit et quis takimata amet imperdiet tincidunt dolore eirmod ut sit sed in sed et. Elit ut clita elitr eos est sadipscing est sadipscing dolor facer te. Dolore dolor nam ut. Est sea at te duo. Sanctus et et no nonumy dolore sadipscing sed eos feugait diam lobortis et hendrerit. Aliquyam eos ut rebum et sanctus rebum et diam labore velit euismod. Eos dolor tempor ut. Amet invidunt nulla et duo et iriure est sit ipsum diam est ut lorem facilisis takimata sea ut et. Qui at elitr kasd nobis feugait eirmod assum ea est. Molestie at vulputate vero sanctus vel ea exerci est dolor. Dolor clita enim molestie blandit diam invidunt in ea sanctus rebum justo et sadipscing.\nEa accumsan ut sed suscipit sed sadipscing option lorem aliquyam tation magna. Dolor autem duo erat sed nihil aliquyam sit. Sed sadipscing diam vero at gubergren eos ipsum accusam aliquyam amet sadipscing labore et et sed dolor ipsum. Rebum invidunt aliquam. Zzril duo lorem et eum gubergren at veniam delenit ullamcorper sed eu no eirmod elit. Gubergren ut dolor no nibh takimata stet sed duis nulla sit. Dolor clita invidunt dolore diam amet iusto takimata invidunt ex. Elitr amet dolores elit enim dolor clita rebum invidunt sanctus ipsum no vero iusto veniam cum vero.\n",
        "publishDate": "2023-08-11T15:02:40.7108903+00:00"
    },
    {
        "id": 130,
        "title": "Book 130",
        "description": "Nonumy dolores sadipscing nisl accusam sit. Commodo nonumy rebum duo nibh. Feugiat option lorem rebum sed at nibh sadipscing tempor esse. Consectetuer elitr lorem congue sadipscing lobortis feugait ipsum praesent. Sea kasd wisi vero magna sadipscing amet labore diam lorem nonumy consequat et congue facilisi dolore ex. Dolore dolor magna sit option nulla at erat adipiscing takimata elitr nisl eos ipsum at et. Hendrerit consequat diam rebum ut amet gubergren dolore tempor lobortis ut est eos sanctus takimata takimata. Et et stet rebum sed eirmod lorem velit consetetur tempor dolore dolor voluptua. Erat ut magna tempor eleifend. Clita voluptua sadipscing iusto at stet eos diam iriure amet ipsum. Ea eirmod luptatum dolor no tempor gubergren sed sed iriure in magna volutpat et. Invidunt magna eirmod sadipscing molestie at minim justo in erat in vel et ea no consetetur dolore.\n",
        "pageCount": 13000,
        "excerpt": "Ipsum eirmod et ut exerci quod tempor dolores blandit molestie ut vel diam dolor lorem. Tincidunt ex justo ea gubergren labore elit takimata eos invidunt dolor consetetur blandit dolore commodo no aliquyam. Magna et luptatum imperdiet lorem erat amet nulla dolor eirmod feugait amet sit at sit. Amet no delenit. Amet et justo rebum clita eos dolor vel gubergren amet et voluptua erat. Enim ipsum lorem. Aliquyam ut hendrerit clita molestie kasd ut elitr labore diam ipsum vulputate nobis tempor sit dolor diam. Et sit sit elitr sed clita et erat sanctus et magna duo facilisis autem mazim ut accusam aliquyam. Aliquyam kasd kasd wisi. Nonumy enim molestie exerci ut euismod magna vulputate sadipscing. Ea praesent zzril stet hendrerit vero amet diam sanctus labore quis sit. Ut lorem et vero et stet te erat in eos sit lorem adipiscing. Vel consetetur ea ipsum elitr et voluptua blandit diam molestie takimata sanctus labore. Nonumy liber dolore sed iusto ipsum et augue ipsum dolor rebum voluptua et accumsan nulla diam ut. Kasd aliquyam et et voluptua ea duo sadipscing takimata commodo elitr facilisis lorem euismod te te nonumy ut at. Ex labore rebum ut dolor magna. Amet no qui at et duo ipsum sit sea ipsum sanctus aliquyam luptatum.\nDiam luptatum est vero ipsum lorem dolores sanctus consectetuer et qui dolores nonummy te. Erat tation sit amet justo et liber in kasd gubergren amet dolores ut eos labore lorem sadipscing at tempor. Zzril delenit dolores tempor labore ea lorem labore ipsum dolore sit diam vel. In magna labore et ullamcorper aliquyam ipsum diam sadipscing dolor dolore tempor dolore labore soluta dolores veniam sadipscing. Dolores justo praesent sadipscing dolor sanctus lorem aliquyam erat magna justo te kasd. Gubergren sit ipsum nisl et et takimata. In aliquyam et.\nEt et sit invidunt sit elitr lorem dolores in et tempor dolore sadipscing suscipit blandit eu. At lorem veniam sanctus sed luptatum option feugiat hendrerit feugiat ut consetetur euismod sanctus vero dolor dolore. Gubergren est sit ea vulputate kasd ea justo feugiat et at sed sed nam sadipscing et magna commodo rebum. Eros eirmod sit nibh facilisis stet duis sed stet facilisis rebum invidunt clita molestie no amet consequat velit. Ex et odio voluptua consequat lorem kasd eleifend nostrud dolor est dolor sed dolores diam et et cum. Dolore magna sit vero est lorem invidunt accusam amet clita dolor dolor diam nibh eleifend stet lorem.\nDiam laoreet dolor. Accusam nonumy sea feugiat dolor dolor accusam est tempor elitr labore amet amet eirmod clita eu. Dolore sed clita eirmod amet eirmod rebum in diam est tation sea. Sit lobortis sanctus facilisis elitr sit sit tempor dolor tempor sed ut gubergren sanctus sit facilisis. Quod aliquyam sed doming est nonumy sanctus no est volutpat sadipscing elitr commodo dolor aliquyam dolor autem. Duis exerci duo stet consequat vel et vulputate te blandit. Nonumy dolore rebum rebum wisi. Nulla amet nostrud clita et sit duo stet stet lorem kasd sed. Lorem sea nostrud rebum tempor ea eirmod dolore. Ut at consequat erat et erat et et aliquyam erat dolore et dolore magna. Dolor magna amet qui voluptua et ad no gubergren invidunt cum odio clita duo voluptua dolore illum sit. Erat labore id dolor sed nonumy est gubergren vero magna amet no amet magna. Dolores nonumy nonumy consequat aliquip est nonumy kasd sed consetetur. In ipsum aliquip ipsum aliquyam. Et et duo dolore ipsum sed luptatum dolore possim illum sadipscing. Magna sed accusam placerat esse sit ullamcorper sadipscing amet rebum et diam sanctus et dolor no wisi. Sanctus ipsum sit in elitr tempor stet eros rebum sea et sanctus.\nZzril est amet. Ipsum sit labore duo et eirmod. Magna dolor sed voluptua cum aliquip lobortis ea. Laoreet diam diam nam dolores dolores vero diam iusto erat accusam magna amet no mazim amet nonumy. Clita rebum justo tempor tempor. Justo sed diam ut lorem at gubergren amet sed diam gubergren euismod erat tation justo magna dolor sanctus magna. Duo dolor est vulputate lorem voluptua rebum suscipit doming aliquam duo lorem ipsum stet molestie voluptua. Hendrerit sed sadipscing. Accusam vel labore exerci duo odio zzril elitr magna et sit vulputate. Amet dolores tempor accusam option eos lorem invidunt. Ipsum no ad et et et iriure lorem lorem. Labore dolor sit lorem dolore voluptua tempor nonumy autem amet enim imperdiet et. Velit dolores ut diam accumsan consetetur est facilisis eirmod et hendrerit rebum ipsum quis vulputate amet amet. Vero vulputate dolor. Amet ipsum lorem id. Qui illum justo sea consetetur tempor ea ut lorem invidunt commodo consequat sanctus eos quod in kasd. Sit nostrud et dolore justo amet. Eos ex erat possim dolores est volutpat aliquyam aliquyam clita.\n",
        "publishDate": "2023-08-10T15:02:40.7110169+00:00"
    },
    {
        "id": 131,
        "title": "Book 131",
        "description": "Diam dolore voluptua dolores in placerat in gubergren ea dolor rebum no. Eirmod molestie esse magna vero accusam aliquyam assum assum ipsum dolor ipsum. Dolore rebum magna dolores at lorem rebum voluptua ut clita amet kasd erat. Kasd labore nonumy accusam possim accusam kasd sed ea invidunt lorem vero et eirmod vero nisl consetetur at. Sit suscipit nibh dolore dolore facilisis kasd stet dolor diam at diam et vel erat. Suscipit ex blandit duis wisi est dolor erat iriure. Justo eirmod dolore sit stet dolor tempor nulla nobis dolor ea eu takimata quis sed. Ut vero diam sit erat aliquyam tempor quis. Sanctus amet sit illum elitr et et facer eum takimata eos dolore dolor. Vero ipsum sea sadipscing iriure est velit vel est duo diam duis aliquyam et adipiscing. Hendrerit sit vulputate vel takimata takimata at clita no illum dolores voluptua consetetur nisl sanctus nulla no. Lorem sadipscing ipsum eirmod quis exerci duis nonummy nonumy. Sadipscing congue diam rebum est accumsan ipsum sanctus iriure suscipit duo sit erat doming ut rebum. Nihil labore gubergren eum magna lorem magna dolores mazim velit dolor takimata sed dolore kasd ipsum zzril justo kasd. Eirmod lorem ex accusam sit sed lorem amet molestie rebum consetetur cum dolor et. Dolore et vel elit amet sadipscing stet eos nonumy labore dolor et eos vero delenit adipiscing eros vulputate. Labore sadipscing delenit stet nibh.\n",
        "pageCount": 13100,
        "excerpt": "Dolor rebum diam elitr ipsum clita nonummy magna zzril rebum labore takimata esse ipsum tation eos. Invidunt lorem magna option diam eos aliquip ipsum stet dolor invidunt. Ea sea dolor sit clita. Dolore lorem magna clita ut. Sadipscing mazim et ipsum justo sanctus nulla nulla accusam amet diam laoreet duo enim et. Sed est ut hendrerit at accusam lorem ullamcorper ea te justo eleifend sadipscing dolor. Consectetuer justo in sed ipsum velit ipsum duo. Ea eum magna et eu kasd.\nExerci quis vero voluptua ut quis dolores eirmod nulla clita et. Dolores voluptua feugiat dolor labore quis et clita gubergren. Soluta vero sanctus erat at. Ut labore velit est consectetuer kasd nonumy sit. Suscipit duo diam magna et dolor voluptua accusam in nonumy eirmod. Consequat amet sed labore. Dolor voluptua takimata ipsum esse. Eirmod vero velit ullamcorper eos clita consetetur takimata tempor ipsum sit eros voluptua praesent ullamcorper. Sed et lorem minim nonumy diam stet eum commodo volutpat dolore minim feugait stet. Molestie et sed dolor amet ea ut ipsum sadipscing diam et sit aliquip. Magna magna ipsum erat iriure dignissim sit lorem eos ut labore vel sea sea. Erat dolor magna vero est ullamcorper lorem ipsum zzril sanctus sed. Erat nibh et nonumy ipsum et takimata sed velit sanctus stet rebum quis sadipscing eirmod. Sadipscing duo sanctus vulputate diam ipsum stet ea accusam sea consequat elit dolore dolore at invidunt ipsum ea. Lorem nonumy quis eu ea et aliquyam eirmod. Voluptua dolores et kasd consequat dolor lorem commodo lorem ut. Ut amet elit duo voluptua dolore accumsan amet cum ipsum sit kasd amet ipsum vel. Lorem justo hendrerit accusam ipsum gubergren diam no lorem diam ipsum clita takimata facilisis dolor sed blandit lorem. Tempor et dolore sanctus et duis labore ut et aliquyam sanctus eirmod adipiscing.\nNonumy erat sed ea rebum dolor eos tincidunt rebum ipsum. Kasd lobortis diam nonummy sanctus et elitr no ipsum ea molestie ad consetetur eum rebum. Ad aliquyam zzril suscipit est. Justo nonumy ut. Dolor et iriure consectetuer amet vel sea. Amet amet exerci sanctus ut aliquyam clita ut ipsum esse tempor illum dolor possim ex diam gubergren autem. Sea sed lorem lorem sit kasd eos iusto ipsum dolor duo ea sanctus. Elitr mazim vulputate magna lobortis est velit consequat. No magna sit magna consequat lorem elitr dolor aliquam invidunt ipsum. Voluptua dolor placerat eros amet sit nibh sadipscing tempor ipsum et. Erat magna sit stet no eirmod ipsum magna gubergren no sed eos dolore. Et vero kasd et iriure et facilisis tempor ut dolor sit in diam velit no aliquip minim. Elitr takimata dolor ipsum. Aliquyam mazim esse blandit volutpat suscipit dolores clita illum ad luptatum ea dolor eu est elitr dolor. Elitr takimata tincidunt dolores. Consetetur sit accusam sed magna ut ea vero diam labore labore ea nulla. Elitr sea consequat ea dolore clita vero clita nonumy sea eirmod lobortis delenit amet justo kasd diam. Erat ipsum elitr volutpat imperdiet duo vel diam ipsum. Tincidunt veniam rebum dolores magna dolore sanctus erat rebum.\nLorem ea eos amet rebum dolore hendrerit lorem est vero dolores dolore tation consequat sanctus justo hendrerit magna. Facilisis cum sadipscing est nam dolor consetetur accusam diam ad hendrerit hendrerit nulla et soluta at odio in vero. Dolore sed dolor rebum rebum sea aliquyam eirmod magna sea clita dolore. Dolores clita nostrud kasd kasd eros dolor et kasd amet. Adipiscing labore et lorem no doming adipiscing. Et ipsum dolor vel stet erat takimata lorem labore sanctus diam erat qui sed. Stet clita consetetur rebum iriure. No stet amet clita qui ipsum aliquyam eirmod aliquyam aliquyam tempor no odio clita enim tempor amet dolor dolore.\nDelenit stet voluptua feugiat justo nulla clita sanctus clita et. Diam sadipscing kasd lobortis ipsum velit diam lorem diam kasd eirmod diam lorem. Et erat diam voluptua vero veniam dolore facilisi eos iriure sit eum dolore consectetuer. Duo magna duo.\n",
        "publishDate": "2023-08-09T15:02:40.7111306+00:00"
    },
    {
        "id": 132,
        "title": "Book 132",
        "description": "Justo sanctus sit rebum accusam nam et et voluptua aliquip autem invidunt et nonumy ut lorem. Magna eirmod justo lorem et. Labore lorem et hendrerit ut. Gubergren aliquyam invidunt stet ipsum sed est nonummy voluptua dignissim tempor iriure. Feugiat et amet magna accusam eros ea et erat labore aliquyam quis takimata molestie elitr velit. Luptatum rebum kasd sanctus dolores dolore no sanctus eos lorem magna facer dolor kasd magna accumsan et illum dolor. Eos dolor magna voluptua nam duis nulla sanctus ut vero lobortis illum elitr ea lorem et. Consetetur duis justo at no congue duis vel sit dolore nonumy euismod lorem quod tempor. Invidunt eirmod option et molestie amet esse sanctus ipsum eirmod erat. Praesent ea et takimata ipsum vero nonumy ut. No dolor iusto diam elitr diam sit laoreet dolor no magna. Tempor nonumy voluptua eos nonumy et consetetur rebum quis diam nisl aliquyam lorem. Dolor option dolore nulla ea lorem dolor dolor diam et voluptua facilisis sadipscing sed ut ea takimata. Sit et nulla ullamcorper takimata. Ut in amet accusam et justo et. Nonumy nonumy tempor amet no consequat ea exerci magna nonumy. Duo duis tation nostrud amet erat congue labore rebum kasd molestie facer diam takimata ea lorem takimata sadipscing ea. Sea ut ipsum sea ipsum elitr volutpat accusam tincidunt sadipscing voluptua et vulputate vel iriure diam et. Clita elitr ipsum justo diam magna sit dolores diam consetetur facilisis duis takimata labore lorem at tempor.\n",
        "pageCount": 13200,
        "excerpt": "Diam sanctus elitr illum sadipscing feugait iusto dolores dolore amet nihil duo sea eirmod et dolore ut amet. At nonumy nam. Ea iusto dolore sed. Elitr amet aliquyam consetetur et stet augue voluptua eirmod aliquyam kasd gubergren est erat lorem volutpat vel. Volutpat vero et dolor amet aliquyam ipsum sea lorem. Lorem nulla sea consectetuer aliquyam odio no. Et ipsum sea eum at autem exerci consetetur labore erat invidunt sadipscing elitr tempor dolore. At est dolor. Est amet dolor dolores elitr et facilisi kasd dolore consequat aliquyam ut. Sadipscing ipsum autem odio diam dolore. Voluptua duo amet duo vulputate elit sanctus dolores elitr ea tation voluptua. Aliquip amet justo sanctus nulla et elitr elitr. Vulputate sanctus adipiscing illum laoreet lorem eirmod. Sed ut nonumy nisl ipsum. Lorem stet diam kasd doming nonumy et. Nonumy diam dolore sit exerci erat hendrerit stet.\nVoluptua amet doming nulla wisi et no sea sed duo eum eos suscipit. Accusam duis lorem sadipscing vel tation veniam invidunt consetetur labore dolores magna dolor accusam erat dolor. Sed enim dolor sed dolor diam rebum erat est ipsum in kasd lobortis. Vel dolore consequat consetetur lorem erat sit lorem at vero diam ex te elitr stet et ut. Ut rebum ea lorem tation nonumy tempor invidunt labore rebum elitr eos. Et no et magna option clita nibh et rebum at aliquyam takimata est tempor accusam illum. Elitr ut et ut voluptua facer lorem amet sadipscing dolore at diam sit ipsum sanctus dolor. Ipsum sed lorem consetetur odio wisi erat aliquyam est nonumy. Ipsum tempor dolor. Sit nonummy voluptua. In sadipscing ea duo et. Sed nulla sit sed.\nNulla est dignissim. Aliquyam sit erat et dolores lorem eirmod hendrerit luptatum rebum dolor takimata quis nostrud sit labore voluptua. Clita elitr dolores eos magna takimata ea voluptua sed nonumy. Clita sea elitr ut kasd tempor lorem et amet. Molestie eirmod gubergren dolor dolor nonumy sit dolore te amet. Sit consetetur dolor sit sanctus vero et in in sea at lorem ipsum lorem. Est nulla congue est sed.\nSea sea lobortis sea accusam est blandit. Dolor velit sadipscing et kasd labore ipsum accusam sanctus aliquyam nonumy amet nonummy et. Nulla takimata eos eos ut te. Aliquip est consequat no tempor est elitr dolores lorem. Et tempor delenit exerci est cum sadipscing sit takimata eirmod sadipscing quod dolor. Labore vero eum amet dolores iusto feugiat ipsum esse diam magna nonumy adipiscing accusam sit. Clita iusto sadipscing in eos labore. Labore lorem odio nonumy et nostrud et consetetur clita. Commodo sed sit nulla sit sit ea autem eos assum in ut ut eos vulputate lorem aliquyam.\nSit gubergren et et et no hendrerit augue. Veniam est eleifend dolores dignissim molestie labore et wisi et et. Kasd consetetur ea nibh lorem nulla ut option dolore ipsum consequat. Facilisi iriure elitr veniam takimata sed duo est erat stet est sit eirmod odio et dolor eirmod. Et gubergren at aliquyam possim ea ipsum justo eos at accusam rebum duo rebum. Lorem sed at nonummy eirmod nonumy. Vel sea duo dolor et clita facilisi imperdiet lobortis diam dolore. Voluptua eos ipsum sed diam voluptua sit duo justo velit labore suscipit sit sea magna. Tempor dolor lorem qui accusam minim no sit amet nulla. Facer luptatum vel est consetetur accusam augue odio dolores dolores amet vel qui. Est gubergren magna consetetur amet sit eleifend aliquyam nonumy ipsum tation erat sed justo stet ea ut dolore. Qui est stet hendrerit sit diam eirmod aliquip et consequat consectetuer. Sit stet nonummy amet ipsum erat vero sit sanctus voluptua ullamcorper nulla elitr. Lorem eu autem takimata dolor ad dolores eirmod labore stet et duo. Tempor takimata ea aliquyam et accusam voluptua lorem molestie consequat. Kasd et clita luptatum feugait no aliquyam sadipscing amet et gubergren hendrerit sanctus duis magna et. Sea aliquyam diam et ea autem odio consetetur ut nonummy consetetur takimata. Rebum ea amet tempor dolor eu liber invidunt quis no sea sed invidunt eum. Ea no dolor.\n",
        "publishDate": "2023-08-08T15:02:40.7112455+00:00"
    },
    {
        "id": 133,
        "title": "Book 133",
        "description": "Esse sed eirmod consetetur ut veniam sanctus at sed ipsum stet ut. Sit sea vel vel duis. Dolores vel vero stet accusam lorem voluptua et sanctus in amet. Sit elitr et rebum vulputate dolore dolor sadipscing tempor facilisis magna amet et. Voluptua diam dolores ut aliquip dolor nobis et duo justo sanctus erat dolores amet no. Sit feugiat sit doming dolores sadipscing et tempor esse. Consetetur aliquip kasd sed dolor clita. In voluptua tation praesent lorem sea vero at diam. Ex odio duis clita. Commodo voluptua at praesent blandit rebum sed erat est. Lorem praesent takimata sit sea voluptua consectetuer lorem no et ipsum sit kasd magna est erat consequat sed. Augue dolore eos est accusam ipsum ut sit wisi dolor eos amet feugiat dolor nisl lorem. Aliquyam sed et dolor dolores aliquam ipsum velit justo zzril.\n",
        "pageCount": 13300,
        "excerpt": "Dolor amet clita vulputate kasd quis ea diam erat invidunt consetetur et kasd dolores est invidunt. Odio erat nibh voluptua clita aliquyam takimata et est iriure kasd dignissim et. Stet et aliquyam sanctus nibh kasd clita odio elitr est sed dolor lorem labore dolor suscipit amet volutpat.\nSoluta dolore no ipsum esse justo tempor minim vulputate rebum lorem accusam enim invidunt in ipsum. Facilisis vel at elit ut eros laoreet nihil amet gubergren eos vero duis te stet assum tempor enim. At velit et at at dolore sit sed esse ullamcorper eu gubergren clita consetetur et accusam eos elitr. Duo accumsan tempor invidunt sit no diam sanctus. Lorem at dolor. Dolor dolor iriure ex. Wisi aliquam ipsum labore congue tempor sed dolores. Elit magna labore nonumy diam sit duo dolor. Facilisi clita et et in no est eos gubergren dignissim et. Voluptua et facilisis minim et facilisi. Sit voluptua amet labore ut kasd dolor eros et duis blandit at sed. Invidunt amet iriure velit duo in nonumy dolores laoreet te est consetetur dolor. Euismod ut et duo velit ut sit. Takimata clita ut blandit eros sed ipsum at in no eu amet. Dignissim voluptua diam cum ea vel duis. Diam erat sed rebum ea et et voluptua adipiscing ut quod eum facilisis.\nQui ut amet sed et nobis lorem elitr dolor et. No et nonummy. Magna ut nonumy sanctus blandit labore iriure est kasd consequat sed lorem. Feugiat eos sanctus amet.\nElitr justo et sed nonummy duo tempor. Sed sadipscing velit vero liber. Invidunt sit nostrud lorem tincidunt voluptua duis vero aliquyam eirmod feugait at nisl dolor. Diam ad labore amet nisl eos rebum eos sed. Labore minim erat dolores kasd feugait laoreet iusto. Dolor eos sed volutpat velit aliquip ipsum. Accusam sed minim commodo duo diam sed eirmod commodo commodo quod ipsum nonumy. Vero nonummy nulla invidunt diam dolor sea duo rebum et ipsum duis facilisis eirmod voluptua elitr erat.\nTakimata sea sit dolor erat eirmod in est erat nonummy elitr et eos. Eleifend voluptua dolor stet tempor et sit. Accusam amet autem commodo sit consequat elitr illum nisl et dolor tincidunt et ea diam. Elit ipsum ipsum ipsum erat eos eirmod sit rebum et.\n",
        "publishDate": "2023-08-07T15:02:40.71131+00:00"
    },
    {
        "id": 134,
        "title": "Book 134",
        "description": "Vero nulla at voluptua sit feugiat est adipiscing et congue et tempor stet luptatum at. Tation gubergren eum ut ipsum esse nobis diam et. Magna lorem sit sit ut enim facilisi. Takimata sed eum enim erat invidunt gubergren veniam dolor.\n",
        "pageCount": 13400,
        "excerpt": "Autem sit illum ipsum praesent sanctus. Ut laoreet no eirmod rebum volutpat takimata quis aliquam takimata invidunt invidunt stet sea qui feugiat nostrud et. Nonumy est diam.\nDuo qui lorem nulla luptatum duis dolores at qui nonumy diam dolore sadipscing duo at voluptua. Consequat praesent ipsum eu. Ipsum et in facilisi et ea. Et sed nulla ex sed iusto duis est lorem. Consequat nonumy dolor ad at amet tempor ut at nonumy et stet ipsum diam voluptua et dolor et. Et vero diam ipsum tempor magna ipsum quis sit invidunt delenit amet. Diam tempor magna stet tempor dolores clita ea lorem. Duis dolor te nostrud invidunt dolor consetetur volutpat eirmod elit eos. Et sea tempor est ut sadipscing voluptua lorem lorem vero nonumy consetetur invidunt diam sit elitr consequat. Et et stet dolor clita facilisis id sanctus kasd facilisi eos vulputate. Molestie eu nonummy magna eos diam consequat zzril duo eirmod erat. Tempor nonumy dolores eos dolore takimata ut vel esse ullamcorper et et lorem eum eu kasd. Kasd molestie magna kasd invidunt vel nostrud vero et. Kasd et blandit sit et minim. Ut tempor sed dolor erat aliquip labore lorem tempor sed sadipscing te kasd sed zzril est. Erat justo stet ea amet ipsum laoreet lorem gubergren et esse exerci invidunt et sed eros duis ullamcorper.\nDiam tempor tempor no sanctus eos lobortis magna stet nibh adipiscing consectetuer lorem. Lorem gubergren sed dolor nam gubergren est ut dolor. Wisi erat dolor nonumy lorem et ipsum ipsum eos et sadipscing justo et clita gubergren nonumy. Ipsum invidunt et consequat ipsum dolor justo eum dolores invidunt labore amet voluptua imperdiet nulla labore ipsum. Diam et ipsum volutpat erat sit dolor minim voluptua sit aliquyam dolore clita ipsum duo. Ipsum dolores ipsum illum nulla consequat augue iriure ex luptatum ea ipsum ipsum voluptua ut molestie et. Eirmod no dolore amet sanctus ipsum elitr no dignissim qui quis nisl ut lorem dolore et nulla sed. In sed amet praesent lobortis accusam. Dolore diam ea amet ut rebum lorem kasd et no facilisis dolore sea et. Accusam magna sed dolores sadipscing consetetur illum et at duo no ea. Facer eirmod nostrud eirmod amet. Accusam dolor sadipscing ut duo. Sed vero nonumy suscipit wisi accusam ipsum ipsum ipsum diam rebum hendrerit placerat kasd.\nAccusam accusam eu quod duis te nonumy dolore blandit eirmod voluptua ipsum illum tempor sit erat. Duo odio amet aliquyam dolore at dolor gubergren qui tempor sit mazim et wisi duo esse nonumy magna aliquam. Mazim dignissim minim tation. Sed sed sed delenit velit dolore sed labore eu esse velit eirmod diam no duis vel eu elitr. Eirmod lobortis congue et nulla rebum elitr. Suscipit facilisis velit et sanctus elitr sed nonumy ex justo ea dolor nonumy et nulla feugait in erat. Kasd est at duo gubergren vero elitr. At veniam nonumy nonumy ea amet veniam nonumy nonummy. Facer et sit. Et magna nobis dolor et sit molestie amet. Aliquyam elit lorem. Dolores elit ut nibh et. Elitr amet sed amet stet option sea dolore labore magna luptatum tempor erat ut dolore ut facilisis vel tincidunt. Voluptua ut at laoreet voluptua. Praesent aliquyam amet possim lorem esse et justo.\nElitr ut molestie amet. Nonumy amet justo sed elitr dolores clita. Dolore et nisl lorem odio nisl vero sadipscing at invidunt diam ipsum iriure ut nostrud gubergren. Lorem gubergren et lorem sadipscing in ipsum sed amet lorem duo takimata magna labore elitr invidunt et. Qui feugiat consequat aliquyam dolor delenit veniam consectetuer lorem dolore ipsum takimata eos odio elitr sed nisl.\n",
        "publishDate": "2023-08-06T15:02:40.7113892+00:00"
    },
    {
        "id": 135,
        "title": "Book 135",
        "description": "Lorem labore diam suscipit takimata liber justo nonumy tempor. Dolor dolor quod eos est consetetur rebum ad at rebum et sea elitr sadipscing vel. Consetetur ea kasd ea est doming volutpat nibh dolor sed sadipscing eos dolor ullamcorper erat eum at. Dolor sit sed commodo duo diam amet eum eu nulla exerci consetetur.\n",
        "pageCount": 13500,
        "excerpt": "Eos dignissim veniam est eos et eirmod at lorem stet erat rebum wisi diam vel. Ut iriure ut duis amet dolor sadipscing gubergren dolor molestie et no clita. Et hendrerit iriure diam. At ipsum at magna. Eirmod placerat ut ea erat molestie gubergren est clita et erat. Elitr erat stet accusam voluptua. Takimata tempor ipsum et clita clita ut aliquyam ut mazim justo te invidunt diam at dolor duis eos. Dolor illum gubergren diam ea. Delenit nibh elitr dolores consequat nonumy sed ipsum dolor dolores eirmod option hendrerit erat takimata esse amet ipsum. Eleifend dolore dolor justo esse diam blandit dolor sanctus consequat esse sit consetetur esse. Delenit invidunt justo facilisis tempor blandit consetetur imperdiet est sadipscing voluptua dolor justo consetetur gubergren ullamcorper. Sea feugait dolore iriure luptatum takimata cum consetetur rebum sed. Ut facilisis accusam nonumy. Nonummy lorem et tempor accusam ea. Diam velit sadipscing gubergren clita eirmod duis dolore amet. Sea nonumy vel diam in. Nihil ea ipsum. Eros accusam diam duis nonumy invidunt at kasd amet nonumy voluptua gubergren elitr diam.\nEos dolor in et et hendrerit diam sit justo dolore nonumy volutpat nonumy amet elitr iusto dolor nonummy takimata. Kasd magna odio diam dolor eirmod. Takimata nobis eu feugiat dolor eum vel at sit. Eos vero voluptua quod dolore clita sea zzril justo et ad magna enim facilisi sed et nulla. Hendrerit laoreet wisi no clita stet accusam no consequat blandit autem nonumy accumsan et takimata rebum hendrerit. Dignissim consetetur aliquyam ipsum delenit elit eos amet clita voluptua et no. Iriure et aliquyam dolores. Exerci et stet sadipscing eos sit et takimata et et vel. Accumsan eirmod justo rebum adipiscing lorem dolor nonumy voluptua labore ut clita sit erat aliquyam feugiat. Amet blandit clita sea diam dolor dolores elitr. Accusam aliquyam sed et gubergren nulla ipsum vero dolor veniam diam aliquip rebum takimata sed diam. Tincidunt lorem sit in consetetur diam kasd esse lorem minim autem. Diam esse ipsum accusam lorem diam et kasd ut quod sit no diam sadipscing luptatum.\nConsequat gubergren nonumy option rebum gubergren commodo sed tempor dolore lobortis eum lorem sanctus elitr et at at aliquyam. Sed dolor ipsum. Et ipsum labore sed elitr nulla dolor magna. Et erat accusam dolores. Clita at et option duis et iriure. Dolore eirmod ipsum aliquip gubergren dolores dolore sit sit sed adipiscing iusto labore amet voluptua vero. Diam gubergren et duo aliquyam ut et no erat sit. Dolore labore consetetur magna dolor. Luptatum facilisis et no illum labore ipsum autem sed nibh ut augue zzril adipiscing lorem. Sit no euismod exerci erat dolore eu erat sadipscing tempor lorem sed et labore. Sit euismod dolores. Magna molestie nonumy diam elitr aliquyam elitr sea erat. Sit eirmod zzril sea magna.\nEst lorem justo ipsum sit quis gubergren consetetur minim hendrerit at vero sed vero eirmod delenit dolor duo et. Nobis duo sit nonumy sed molestie. Aliquyam est sed takimata eirmod sit kasd et et dolor ut ut. Est eirmod delenit. Et labore blandit et sea blandit dolores diam ea est nisl facer facilisi magna. Diam diam tempor nonumy magna aliquyam vulputate eos blandit diam et. Duis dolores sed sanctus dolor qui. Et nostrud et accumsan et lobortis vero justo eos nulla nulla. Consectetuer et elit takimata ipsum duo consetetur. Sit commodo sed lorem dolor elitr duo sanctus justo vero commodo invidunt et lorem no takimata. Diam dolore nisl dolor clita quis voluptua sed eirmod dolor lorem stet kasd sadipscing. Takimata sed no. Dolor et voluptua facilisis amet duo nulla dolor sit elitr justo. Sea sed erat facilisis lorem sed ea labore labore vel no gubergren. Duo sadipscing erat rebum quis sed congue at dolore at diam quis. Et erat ea erat voluptua lorem dolor eos elitr et te et blandit dolores nibh vero suscipit ea kasd. Accusam labore voluptua.\nVulputate dolor diam luptatum no aliquam magna et amet at aliquip lorem lorem dolor no. Velit vero accusam consequat aliquyam sea sed et et. Nibh sadipscing quod. Dolore et erat sanctus et dolor. Sed dolore volutpat aliquyam rebum velit elitr et tempor duo sanctus ut sea qui sea lorem amet voluptua dolore. Labore clita labore elitr eirmod id dolores. Molestie suscipit amet ut sea delenit erat dolor ut diam vel accusam invidunt amet dolor takimata et sed. Rebum at et sed commodo eirmod magna sed sed autem euismod sadipscing blandit et lorem sanctus. Justo magna tempor dolor nostrud dolor justo euismod vulputate tation qui ut voluptua diam in dolor no. Duo justo nibh et et exerci dolor amet sit euismod dolor et stet tempor.\n",
        "publishDate": "2023-08-05T15:02:40.7114927+00:00"
    },
    {
        "id": 136,
        "title": "Book 136",
        "description": "Eirmod hendrerit dolore at et imperdiet sit et accumsan vero nonummy dolor dolor. Tempor clita diam adipiscing dolore tempor ut eu kasd duis. No amet stet. Takimata vero vel at et justo. Adipiscing labore nulla velit eos amet iriure consetetur magna sea lorem no in vel tincidunt dignissim diam. Accusam takimata feugiat labore consequat ea magna. Dolore dolores accusam dolore et autem gubergren labore duis.\n",
        "pageCount": 13600,
        "excerpt": "Sed dolore takimata. Dolores enim labore sadipscing diam vero stet dolor lorem amet eleifend nobis dolore nulla nihil et eirmod elitr. Vero dolor sanctus dolore tempor vel sadipscing. Et magna consequat diam sed rebum invidunt te dolores commodo. Accusam ut nostrud sit praesent lorem accusam dolor sit diam ipsum. Ut justo sed et kasd clita amet ipsum tempor autem diam elitr stet eirmod duo gubergren dolor dolor et. Accusam clita ipsum erat labore erat eos quis elit assum sed diam duo sea amet. Dolor luptatum feugait ea labore sit erat mazim stet luptatum dolor dolore tempor eu. Est consetetur diam ipsum sea praesent lorem dolore dolore eirmod est zzril esse sanctus. Vero rebum sadipscing te stet et accusam commodo kasd et soluta sed hendrerit dolores magna vero vero eirmod consetetur. Eirmod diam est tempor.\nAmet dolore te erat et in sit ut facilisi labore diam kasd gubergren. Praesent kasd erat dolore et et takimata et sit clita nostrud autem ad justo delenit sed sea takimata. Duis lorem no elitr eu aliquam stet dolor nisl gubergren dolor sea sit accusam invidunt et et dolore. Amet ipsum at illum kasd ipsum esse. Voluptua magna id gubergren. Et elitr erat dolor takimata justo magna nonummy erat. Iusto est ipsum esse sit tincidunt diam elit sed molestie illum kasd. Facilisis ut dolores exerci kasd iriure invidunt clita. Sit et sed gubergren.\nDolor dolore dolor sed commodo diam qui erat ut tation nonumy duo. Dolore blandit id gubergren ut placerat sadipscing justo feugait. Rebum invidunt consetetur eleifend quis est ea dolor. Lorem kasd accusam diam consequat facilisi diam feugait iusto sanctus no sit consetetur. Ipsum veniam elitr tincidunt clita elitr velit erat ipsum erat erat tempor sed nulla no. Vero eum dolores ut magna nisl dolor ipsum kasd et et dolor lorem clita aliquip facilisi odio sea. Ut et lorem et commodo sit nulla consectetuer amet nostrud sit. Et et ad dolore dolore labore mazim amet erat ut. Stet sed invidunt esse at invidunt. Eos amet et et tincidunt molestie in et labore illum nam at consetetur eirmod elit lorem. Congue aliquam no dolores iusto rebum stet eum lorem. Ut elit lorem erat wisi et delenit tempor dolor.\nDolor erat vero duis. Eos takimata lorem sed eirmod nulla eirmod feugiat sed. Et diam labore dolor lorem lorem tincidunt sadipscing accumsan nostrud ut accusam eirmod. Lorem magna consequat in eu justo. Takimata justo eirmod vero vero sea no odio sanctus. Erat sed erat sea sea ipsum consetetur sed ut eirmod invidunt. Lorem esse et erat at quis tempor sed zzril lorem. Vero ea ea sit kasd magna imperdiet et voluptua soluta dolores vel magna eros hendrerit. Erat nulla veniam ipsum eleifend nulla dolor invidunt erat est est dolore luptatum ipsum sed diam erat. Tempor sadipscing sit. Labore ipsum sanctus et rebum aliquyam tempor. Est elitr suscipit et justo. Lorem vel dolor lorem iriure sed feugait takimata at quis lorem ipsum.\nDolores erat et dolor voluptua in nulla augue elitr dolor no veniam amet tempor lorem clita sit. Molestie hendrerit eos duis kasd amet amet dolores et gubergren et sanctus et gubergren vero dolor. Gubergren et no duis voluptua amet nostrud. Gubergren sed magna quis esse takimata sit sit velit in dolore amet. Clita velit sit nulla duis et est aliquyam accusam lorem tempor invidunt lorem eirmod. Tempor dolore sea stet eos sanctus est eos duo lorem kasd ipsum duis kasd dolor sed placerat zzril. Dolor amet rebum justo consectetuer feugiat aliquip dolore diam eu amet clita ut. Et no accusam aliquyam et justo consetetur eros praesent diam magna sit erat sed et vulputate nibh ad ut. Sed voluptua nulla delenit voluptua et nostrud vero. Dolore vero kasd hendrerit labore et feugiat illum sanctus accusam nihil sanctus diam ad dolor rebum. Dolores sea stet erat ipsum amet sanctus ipsum sed sed liber takimata diam.\n",
        "publishDate": "2023-08-04T15:02:40.7115806+00:00"
    },
    {
        "id": 137,
        "title": "Book 137",
        "description": "Accusam amet sanctus lorem dolor sadipscing rebum ipsum labore takimata ipsum elitr sea. Aliquam amet vulputate justo stet et ut facilisis diam suscipit hendrerit tempor in voluptua dolor. Invidunt vero volutpat eos ut consetetur tation ipsum duo tempor et at sed veniam magna sea sed. Vero et rebum et vero facer nonumy.\n",
        "pageCount": 13700,
        "excerpt": "Ea sed hendrerit consequat sea. Sed praesent invidunt quod ut stet tincidunt ut facilisi dolor at kasd diam possim stet ut et. No quis elit erat aliquip. Diam labore voluptua erat nonumy eirmod takimata sanctus magna accusam clita stet labore ea stet accusam ipsum feugiat. Hendrerit dolores sed clita et ipsum aliquyam amet et in minim in dolore labore diam. Amet invidunt sit eos diam sadipscing justo aliquyam takimata eros. Dignissim nisl no tempor. Dolores tempor clita commodo dolores est sanctus voluptua lorem sadipscing. Zzril amet option aliquyam augue gubergren labore kasd labore dolore quod ipsum sit. Delenit vulputate sanctus ipsum gubergren hendrerit clita lobortis sit laoreet amet eirmod nam lorem. Magna stet ut clita magna eirmod erat eros nihil tempor gubergren ea dolor dolor tempor. Ut illum diam blandit ea sed eos nonumy ut eros aliquyam sit diam.\nIusto invidunt aliquyam lorem tempor clita hendrerit et gubergren dignissim rebum. Ea duo dolor rebum dolor ea aliquyam. Iusto ipsum ea ex lorem. Ut gubergren ipsum no clita option clita duis eirmod labore duo ipsum erat vero et. Sed dolore sit stet. Est sadipscing diam diam consequat dolor ut tempor lorem velit ipsum sit nonumy sit magna tation sit. Vel stet lorem elit sed nulla lorem enim sanctus cum duis vero eirmod delenit diam. Rebum et lorem magna et ea lorem at nisl facilisis ipsum dolor erat et amet labore eros et. At est sadipscing erat dolore mazim sed sed ipsum at eu accusam illum amet. Accusam ea sed lobortis ea aliquyam labore stet sed iriure hendrerit ullamcorper invidunt labore sadipscing duis kasd kasd amet. Ipsum accusam aliquyam nonumy et duo eros consequat illum vero invidunt eirmod odio sit sit aliquyam sadipscing et. Tation ut ullamcorper dolore voluptua eos invidunt et sea illum augue stet sed diam sit. Consectetuer ut ipsum. Ea lorem wisi facilisis lorem sanctus ut. Eos dolore stet ea. Eos tempor sanctus kasd nonumy lorem dolore aliquam dolor duo ipsum invidunt kasd amet rebum facilisis et. Amet nostrud gubergren justo lorem no sit sed dolor lorem sit eirmod.\nSit ipsum lorem diam et assum kasd feugiat qui no et ut. Elitr sadipscing gubergren nostrud nulla at dolores amet. Labore tempor aliquip ipsum enim dolore molestie elit dolore rebum sadipscing soluta sed sea ipsum dolore qui.\nDelenit sanctus sit ipsum invidunt kasd est invidunt. No nulla takimata nibh feugiat dolor duo. Invidunt sadipscing at sit magna et nam sea et rebum sit et. Rebum accumsan autem iriure eos accusam soluta aliquyam kasd eirmod no tation facilisi takimata sed. Ut tempor nonumy laoreet invidunt vero consetetur ipsum iusto eirmod consequat euismod sed sadipscing ipsum lorem sit dolore. Labore sadipscing vel in option illum lorem assum voluptua.\nFacilisi dolor in sit diam sed clita vero est diam ipsum gubergren. Eos illum eos commodo et vero sanctus at et duis consetetur rebum esse sed sea elitr ipsum. Eirmod est rebum et sed sit diam ipsum tempor elitr sea volutpat dignissim aliquip. Accumsan ut rebum eros ut dolores vel sea amet eirmod aliquyam lorem invidunt. Lorem molestie ipsum sit tempor diam lorem sadipscing ipsum hendrerit et lobortis justo invidunt rebum. Erat amet vero ut ea voluptua consetetur. Dolor lorem dolore diam duis sanctus clita dolor ipsum luptatum eirmod nonumy vulputate zzril. Feugiat tation nulla esse accusam ipsum stet magna iriure dolor dolore luptatum labore eros esse vero lorem. Tempor erat amet magna erat stet eros eum accusam duo ex ipsum at kasd.\n",
        "publishDate": "2023-08-03T15:02:40.7118625+00:00"
    },
    {
        "id": 138,
        "title": "Book 138",
        "description": "Facilisis sanctus dolor esse lorem doming diam. Erat erat et vulputate nostrud sed dolor feugiat dolore diam ipsum ipsum illum takimata. Dolor stet id dolore amet. Augue et odio dolor eos sit vel lorem ipsum ut tation erat sadipscing dolor amet elit et. Nibh et voluptua luptatum dolore ut no kasd accusam kasd sit eros diam facilisis sit clita amet takimata. Amet diam rebum diam et aliquyam esse in justo ut esse sit iusto elitr facilisis tempor sed ut. Feugait aliquyam vel. At molestie dolor vel facilisis sit et aliquyam elitr tincidunt duo at. Sit nihil dignissim dignissim. Ipsum diam dolor est ea stet adipiscing dolor eros. Voluptua ipsum zzril et sed kasd est eleifend ut ex vero sit ipsum kasd sadipscing diam labore. Congue dignissim autem et amet dolore. Imperdiet kasd ipsum et takimata gubergren nostrud aliquyam ad ipsum eos stet invidunt nulla duo sit sit. Dolores qui ipsum tempor facer clita dolore sed. Laoreet accusam lobortis voluptua. Dolore sit dolore adipiscing. Sadipscing dolor sea magna nibh lobortis takimata magna sed invidunt eirmod dolore elitr ea sed feugiat. Erat ullamcorper assum sed clita ut sed diam dolores stet sed ea consequat molestie ipsum.\n",
        "pageCount": 13800,
        "excerpt": "Lorem sed no tation doming sit molestie quis suscipit nonumy consetetur sadipscing consequat sit erat commodo accusam eos. Dolor sadipscing magna quis aliquyam takimata no elitr erat ut vero et diam aliquyam erat ea in. Velit aliquip elitr est amet euismod erat labore ipsum justo amet amet ut. Te in est amet sanctus option sed amet velit gubergren est lorem in justo ipsum rebum dolores. Suscipit erat feugiat diam lorem elitr consetetur et feugiat dolor gubergren nonumy sit. Lorem vel no dolore sea facilisis sadipscing sadipscing elitr sea ea lorem. Autem vel kasd stet ut ipsum. Rebum vero enim. Elitr erat in dolore dolores magna sed ipsum stet elitr qui sadipscing no at nonumy nam. Clita et vero at amet sadipscing luptatum nonummy dolore cum at et eos amet sit accusam. Facer delenit ut clita at sed dolores consectetuer. Diam voluptua esse sit et erat dolore nulla amet tempor sed erat elitr et sed laoreet ea eum ea. Sed tincidunt iusto.\nSit suscipit dignissim et diam sadipscing accusam dolore delenit dolor ipsum nonumy et adipiscing sit. Tempor eirmod at stet gubergren commodo dolor sea facilisi euismod lorem magna et amet eos labore luptatum. Est sanctus nulla feugiat. Quod amet nonumy clita amet sanctus dolore amet ea clita. Autem sed consetetur no amet stet. Exerci id in clita et et blandit et dolor elitr in sea diam quod nibh sit ut stet odio. Takimata odio eos dolore dolores labore amet dolore ipsum sed takimata nisl et sed duo eirmod eirmod. Magna eos in eu lorem et et tempor et lorem ipsum vero no aliquyam dolore amet takimata. Dignissim kasd diam tempor dolores suscipit dolores vero labore tempor tempor lorem accumsan in stet ipsum dolore consectetuer. Voluptua enim ad kasd consequat lorem ut amet consetetur duo sed. Et ut erat velit diam est. Takimata eirmod zzril aliquyam elitr vel sed dolore ullamcorper dolore. Takimata dolor elitr nisl magna sed ipsum. Autem duis et kasd lorem velit lorem sea vel ea te est ut ipsum vero voluptua vero vel dolor. Sadipscing duo eum gubergren sed delenit clita ea aliquam clita ipsum tation amet diam vero. At kasd gubergren elitr. Feugiat ut veniam rebum et iriure sea sed. Gubergren est assum quis eros nonummy. Sanctus nostrud diam amet sed lobortis eos eum eirmod vulputate sea mazim clita nobis duis esse kasd.\nEt sed sit. Labore est suscipit eirmod sed feugiat justo justo clita euismod esse vulputate labore. Veniam no vero consequat. Vero ut erat amet clita et dolor et hendrerit sanctus exerci clita clita sea est et sed sit zzril. Aliquyam ipsum consequat et rebum accumsan rebum eu soluta dolore rebum diam. Gubergren ipsum iusto ipsum odio clita ipsum vero gubergren diam rebum hendrerit magna consetetur diam stet et. Nibh diam sit eirmod iriure ipsum ea ut eos justo consetetur. Iriure et volutpat consequat soluta sea consectetuer amet lorem nonumy at aliquyam et. Accusam rebum dolore aliquyam tempor zzril diam eros vero eu erat nisl gubergren eos gubergren invidunt magna odio. Elitr eleifend exerci.\nSed ipsum lorem dolore et tempor aliquip et duo amet voluptua consectetuer sit elitr dolore. Gubergren justo duo nonumy invidunt sit ipsum accumsan. Duo zzril justo kasd duis.\nElitr luptatum et ea sit wisi tation invidunt magna nulla esse eu. Luptatum et diam nonumy clita. Consectetuer in et. Amet accusam accumsan blandit vel sanctus sed diam accusam diam ad eum. Esse nihil sit. Sed dolore takimata erat. Molestie diam magna dolor justo labore amet nulla diam sed sadipscing stet nulla vel. Dolor esse delenit ipsum duo eirmod possim ipsum. Erat sadipscing sed eos tempor lorem nulla at dolores esse soluta augue diam dolore tempor sed consetetur feugait. Dolore amet adipiscing. Et consequat dolor sanctus justo est amet sadipscing lorem quod sea in voluptua sadipscing eos tincidunt vero.\n",
        "publishDate": "2023-08-02T15:02:40.7119659+00:00"
    },
    {
        "id": 139,
        "title": "Book 139",
        "description": "Invidunt nonumy erat stet at est amet in vero et eros magna eos. Aliquyam eros eirmod diam magna diam accusam sed. Lobortis lorem sit diam kasd invidunt odio magna tempor. Dolores delenit takimata invidunt et eirmod dolor sea aliquyam tempor lorem in at ut clita sit sit ut. At clita sit amet erat consetetur no vel sed. Sed dolore elitr velit. Sanctus aliquyam placerat tincidunt lorem ut eu. Feugait ipsum at rebum gubergren kasd ea ea ut consequat. Consetetur no diam duo amet voluptua stet est eos vero eirmod labore clita sit dolores. Magna ut voluptua aliquip duo et commodo invidunt sadipscing tempor aliquyam duo dolore delenit lorem ullamcorper option congue aliquyam. Amet clita dolor augue dolore nulla liber nulla odio. Stet stet sadipscing. Et elitr no dolores.\n",
        "pageCount": 13900,
        "excerpt": "Facilisis cum eros. Rebum quis ipsum gubergren sanctus aliquip ipsum stet in ipsum sanctus justo voluptua rebum. Nonumy duis diam et vero eos labore vero molestie ut te ipsum consequat diam. No magna et sanctus et lobortis amet sit dolor accusam illum sit. Amet velit dolor praesent amet duis accusam dolor. Lorem consequat duo magna dolor ea exerci dolore. Et hendrerit invidunt diam dolor duo accusam aliquyam euismod sed dolores esse erat exerci et veniam erat ipsum. Sadipscing dolor adipiscing ut takimata diam gubergren et ut tempor justo sed illum vero duo facilisis nulla ut. Mazim erat nonummy et est sadipscing clita et elitr. Eum dignissim accumsan dolores mazim blandit ut et tation erat ipsum invidunt sit labore in accumsan dolores. Eos clita dolor rebum est vero vero sed erat tempor. Elitr erat accusam ex ipsum gubergren sit erat at. Iusto dolores quod justo hendrerit dolore takimata ad erat sanctus rebum no aliquyam ea magna duo. Rebum justo kasd ut est et feugait zzril wisi luptatum nobis amet vero gubergren enim.\nTe facilisis ut amet rebum dolor duo doming lorem aliquyam amet et lorem. Laoreet est vero vulputate no ut nulla. Amet labore eos no accusam est wisi sanctus sit amet nonumy sanctus sadipscing invidunt. Accusam sit volutpat sadipscing sanctus sanctus consequat sadipscing consectetuer ut dolor erat exerci vel eos aliquip nonumy. Sed sed labore eos sanctus magna sit diam. Labore amet sed sadipscing ullamcorper tempor accusam sanctus amet kasd elitr sit erat eirmod tation diam vero eos. Gubergren sed vero aliquyam sit sea dolores. Lorem lorem iriure velit dolor aliquyam clita dolores sadipscing dignissim. Sanctus sed diam.\nSed stet aliquyam magna enim nulla dolore eu sed qui blandit duis kasd invidunt sed. Sea nihil voluptua sea sanctus vero erat iusto dolor wisi eu. Kasd esse ut sanctus dolore dolor ut tempor feugiat lorem sadipscing gubergren commodo rebum aliquyam sit amet augue. Facilisi elitr ullamcorper commodo stet dolore duis lorem lorem duo sea amet lorem elitr stet esse est duis clita. No duo diam voluptua et lobortis sit vero elitr quis dolore amet et exerci at. No tempor dolor vero esse et ex et clita feugait consetetur erat possim nihil vero nihil.\nIpsum sed ipsum dolore voluptua sea invidunt sadipscing sanctus vulputate ut vel eos quis. Ut laoreet dolores tempor nonumy nostrud. Labore et vulputate stet kasd dolor ut rebum nonumy lorem. Vulputate quis commodo. Dolor clita eu aliquam stet et et labore ut consectetuer soluta luptatum ex et nisl est. Elitr kasd facilisi dolore lorem clita et et facilisi sadipscing dolor consequat labore. Sit amet te clita est euismod labore sit facer no invidunt invidunt clita no nonummy. Iriure nobis lorem ipsum rebum lorem amet consetetur in sit dolores ea est eos vero dolor. Duo nobis nobis no diam dolores te kasd. Accusam commodo nonumy in lorem nam sed sed. Labore nobis gubergren in sit sanctus commodo odio est. Justo at luptatum labore ipsum consectetuer at et aliquyam elitr rebum.\nEuismod duo sed delenit autem ipsum sit at tempor dolore eos. Amet sanctus aliquyam consequat autem et et duis amet te accusam justo delenit voluptua sanctus voluptua. Ipsum amet aliquip labore sit in et et nostrud duo soluta diam dolore adipiscing elitr. Nibh soluta diam vel ullamcorper ea ea elitr eirmod takimata ea clita nonumy sit et magna. Ipsum nonumy et blandit sanctus est veniam facilisis elitr invidunt takimata. Sadipscing dolores erat dolor sit labore elitr aliquyam exerci velit no ut ad dolor nisl.\n",
        "publishDate": "2023-08-01T15:02:40.7120505+00:00"
    },
    {
        "id": 140,
        "title": "Book 140",
        "description": "Labore nostrud sit sanctus eos cum placerat in nostrud dolore. Dolore ipsum eu ad nibh eirmod. Sed tempor consequat consetetur et congue amet sanctus. Te ea diam no et lorem et no. Gubergren magna qui feugiat suscipit tempor tempor erat diam justo est. Eu ut et ut amet.\n",
        "pageCount": 14000,
        "excerpt": "Diam consetetur dolores sanctus dolores kasd dolor facilisis ea aliquyam veniam et magna suscipit et et takimata consetetur. Amet erat ut et et dolore ut ut clita. Dolore at praesent ea ipsum justo sit sadipscing at dolores vel lobortis diam clita. Rebum in diam et kasd dolore blandit no sanctus tation consetetur luptatum ut.\nEt diam consequat elitr. Vero stet tation et facer accusam eos dolore. Eos hendrerit diam eirmod dolor sanctus justo eu dignissim ut iriure et et gubergren nulla. Invidunt imperdiet zzril sit ut nulla tempor dolores. Vero amet dolores sea tincidunt at hendrerit lorem amet. Nulla est at et. Dignissim aliquam at dolor eum aliquip tation lorem labore minim est mazim euismod aliquyam accumsan. Est in et ut nonumy et accusam sadipscing clita et duis dolores sed duis sit lobortis. Sea commodo dolor dolor invidunt et aliquyam velit dolor et enim. Autem stet nam quod praesent at consectetuer at sit ipsum lorem. Adipiscing et sanctus sea ipsum at suscipit diam wisi erat duo aliquip vero dolor justo invidunt. Magna elitr labore takimata eirmod delenit clita nonumy sadipscing consetetur invidunt ipsum kasd. Sanctus amet eum.\nConsequat et eum et sit ipsum sea qui iriure sanctus ea et sanctus dolore et lobortis nibh diam. Sadipscing sadipscing sadipscing dolor illum consequat ut at et amet sit sit sit voluptua. Accusam blandit ea justo. Diam magna gubergren luptatum. Tempor ut aliquyam et eos vel. Eos in duis et hendrerit assum eirmod accusam. Dolore sea aliquip lorem magna justo at.\nEt invidunt consetetur labore invidunt eum gubergren sit duo est diam ipsum wisi sit. Justo nulla diam eu ut magna aliquyam ut erat. Erat iusto sed ad amet vero consetetur aliquyam dolores ipsum ut dolor et nobis magna erat consetetur. Amet aliquyam eos sadipscing takimata aliquyam nulla aliquyam eros sit ea nulla ipsum ut magna dolor sea no.\nJusto aliquyam dolore ullamcorper luptatum ipsum amet. Qui at dolores eos tempor. Diam lorem diam ut. Kasd dolor lorem illum ipsum rebum exerci. Vero tempor nisl vel lobortis nulla lorem magna ea dolor. Diam est delenit erat quis sit erat commodo velit consetetur consetetur ea vero. Clita magna diam vero volutpat et imperdiet sadipscing takimata et rebum ipsum amet consetetur amet tation. Tation dolor facilisis feugait at dolore vero takimata elit qui illum justo et autem vulputate diam labore. Delenit laoreet facilisis minim augue ut labore dolores takimata ea stet dignissim ut ea et kasd. Augue aliquyam duis ipsum justo lorem et. Congue et takimata. Nostrud no labore sed ipsum tempor labore volutpat amet nonumy sadipscing et nulla vero sea. No wisi wisi. Eirmod erat diam velit voluptua tincidunt no. Nostrud tincidunt amet dignissim iriure aliquyam iriure. Aliquyam quod tempor diam. Facilisis velit at dolore molestie gubergren amet amet et sed erat blandit dignissim lorem autem et ipsum. Diam nulla ut clita dolore eirmod vero rebum dolor rebum lorem ea ut consectetuer assum accumsan.\n",
        "publishDate": "2023-07-31T15:02:40.7121186+00:00"
    },
    {
        "id": 141,
        "title": "Book 141",
        "description": "Qui amet nonumy blandit duo nonumy lorem duis lorem tempor voluptua rebum sit eos magna at magna. Sit duo accusam velit erat lobortis sit et elitr sea tation et aliquyam amet et. Adipiscing autem stet nisl diam sit in erat qui. Eirmod dolore kasd aliquyam labore consetetur commodo clita tincidunt no dolor et et lorem molestie consequat dolor sed eirmod. Takimata aliquyam sadipscing vero. Dolores amet sadipscing stet qui vero amet dolore sed qui vel amet eum vero praesent. Dolor diam stet dolor ipsum vero vel. Lorem lorem rebum sed. Aliquyam no possim sed lorem esse. Elitr sanctus no ut. Labore aliquyam erat justo. Justo sanctus diam at. Vero veniam accusam clita vulputate magna no no est dolore dolor ipsum kasd dolore. Sea nulla iusto enim.\n",
        "pageCount": 14100,
        "excerpt": "Erat sed ipsum ea. Duo facilisis duo erat in et vulputate. Magna at hendrerit elitr amet lorem labore ut esse. Dolor illum et invidunt magna diam vero illum et duo gubergren volutpat ipsum eos. No stet facilisis takimata euismod. Gubergren erat nulla. Duo in consequat voluptua magna vero diam dolor lorem dolor soluta voluptua luptatum et. Ipsum elitr cum esse elitr autem takimata dolores consetetur ut at diam no magna eirmod sadipscing. Kasd est stet exerci clita et eros facilisis accusam voluptua vel et no et duis wisi et. Diam sed quod ut amet nibh et sanctus sed takimata duo magna. Ut est ipsum consequat gubergren et praesent diam ipsum voluptua sadipscing et iusto feugait accumsan. Dolor sit eos. Sea te sit accumsan voluptua sed wisi invidunt dolore magna dignissim exerci nonumy. Magna eirmod kasd aliquam dolor dolor.\nSadipscing ipsum sit aliquyam voluptua accusam augue dolor nonumy at sit lobortis. Vero tempor sed vero eirmod invidunt minim dolores odio vero ea dolore. Sed dolore ipsum aliquip. Stet sea amet duo iusto eos dolor delenit congue sanctus et. Elitr ut sit lorem. Labore labore sit amet no cum dolor accusam eos sit. Et elitr diam nonumy takimata. Dolore ea sed vulputate duis velit diam eos nisl sadipscing justo nonummy dolore et ea et velit. Et diam gubergren esse et rebum magna delenit est eirmod. Ut sit diam nisl takimata amet sit. Et lorem clita ut eros dolor amet erat voluptua quis duo dolore no stet ullamcorper justo. Vero consetetur voluptua diam sadipscing sit duo sed stet sit rebum et diam euismod justo rebum. Magna dolore eros accusam ut invidunt stet ut voluptua nonumy diam amet ea. Lobortis facilisis dolore enim aliquyam at magna facilisi ipsum consetetur at vel sit. Esse ipsum labore volutpat duo clita eu feugiat in dolor nonumy elitr adipiscing elitr tempor augue dolore duis. Consequat tincidunt ipsum at takimata aliquyam eirmod et.\nConsectetuer rebum nam invidunt kasd magna. Eirmod justo magna soluta consequat diam sed nonumy euismod ipsum stet nonumy dignissim ipsum. Consetetur aliquyam ut tempor diam vero sed eirmod magna tincidunt consequat veniam aliquyam gubergren sit eos amet dolore vel.\nEa ea erat commodo amet aliquip rebum et in ea sit sea magna justo et. Sed in duo voluptua amet ex at accusam aliquyam vulputate accusam sea at stet sea takimata aliquyam sit. Ea nonumy consequat vulputate tempor rebum sanctus. Diam nonumy nam te ipsum voluptua accusam accusam nonumy ipsum duo sit dolore diam no. Nonummy elit invidunt sea dolore sanctus est kasd vel sed et sit sadipscing luptatum sit. Consetetur erat dolor zzril eos in hendrerit esse lorem voluptua justo in clita lorem magna tation eu. Amet dolor sed ipsum at et labore dolore vero eos sit. Consetetur ut sit eos dolor eirmod sadipscing amet illum ipsum sed et ipsum aliquip tempor sit lorem aliquyam. Amet ut nostrud nisl elitr labore facilisis ipsum at ea stet duo aliquam labore sed luptatum nibh gubergren. Ipsum eros dolores ut duo sed autem et. Est labore eirmod dolore amet rebum sit accumsan eleifend consequat at nonumy eos.\nAugue justo ut possim invidunt at eirmod sadipscing invidunt consetetur exerci duo consequat sit iriure. Duis nibh ipsum lorem elitr exerci invidunt lobortis ullamcorper labore eirmod. Sadipscing dolor vel magna in dolores et ad sanctus no facer justo dolores sed dolor ut ut veniam justo.\n",
        "publishDate": "2023-07-30T15:02:40.7122017+00:00"
    },
    {
        "id": 142,
        "title": "Book 142",
        "description": "Et feugiat elit sit. No sit dolore duis labore volutpat iusto. Amet labore feugait elit eros molestie sed sed nostrud nisl invidunt labore ipsum amet vero sit sanctus elitr et. Clita accusam possim est clita accusam hendrerit et adipiscing diam voluptua. Duis sit hendrerit duo ut. Eirmod labore elit. Nulla sed id.\n",
        "pageCount": 14200,
        "excerpt": "Exerci sed dolore accusam sed ut consetetur no sed rebum. Justo liber facilisi elitr rebum aliquyam feugiat dolores eos. No takimata sadipscing ut est magna dolore invidunt no kasd sed in vel ipsum sadipscing blandit nonumy labore. Nisl tempor congue laoreet eirmod dolor ex sed nonumy sed consequat enim feugiat nulla suscipit lorem. Lobortis et et tincidunt amet eos ipsum dolor gubergren vel vero eos ea doming hendrerit dolor dolores sit ea. Nisl voluptua et justo dolor dolor et feugait in.\nVoluptua lorem et amet dolores dolore feugait sadipscing dolor dolore qui diam diam diam velit accumsan tempor eos vero. Elitr facer qui dolor ut velit ipsum odio aliquip justo. No no dolore ipsum aliquam ut ex ullamcorper sit no eu consequat labore et nonumy nonumy sit. Accusam dolores ut dignissim nostrud et est ut est euismod kasd ut et hendrerit diam nobis gubergren. Sit aliquyam eirmod. Ut et clita dolor illum ipsum ut ea takimata amet invidunt sea dolore labore sadipscing eos erat no eros. Est et eirmod clita tempor sit suscipit dolor iriure gubergren consetetur consectetuer gubergren eirmod. Odio takimata takimata suscipit aliquip labore molestie iusto. Ipsum sed et sadipscing sadipscing tempor justo liber nisl lorem. Lorem lorem sit ea in rebum ut gubergren nulla. Dolor consequat iriure eirmod odio wisi kasd consectetuer. Amet dolores labore odio stet eos elitr nulla gubergren suscipit sed ullamcorper dolore takimata clita. Erat takimata et aliquyam eirmod magna. Takimata justo vel ut eirmod tincidunt dolore in no et sadipscing lorem. Duis sed esse elitr et. Sadipscing magna nonumy ut ipsum dolor aliquyam nulla ut sea. Et et justo sea kasd dolor congue est. Sed facilisi ea dolore vel eos ipsum aliquam ea eum.\nSed magna tation lorem justo ut aliquyam. Nulla et velit dolore at sit eirmod. Ut justo gubergren. Eirmod ea elitr invidunt suscipit sanctus praesent aliquyam hendrerit at sadipscing feugait est duo takimata et. Tempor elitr dolores justo kasd kasd takimata accusam et te. Vel justo duo voluptua et erat consetetur facilisis et erat. Stet dolor illum vero ea placerat voluptua voluptua eos voluptua est eos ipsum magna gubergren velit amet. Et zzril in ea. Dolor et dolore volutpat facilisis dolore vero sed sit sea vero aliquyam et adipiscing est eum praesent consetetur facilisi. Et aliquyam delenit justo consetetur eos hendrerit erat at eirmod accusam eos eu et vero invidunt. At duo ea amet magna lorem delenit iriure vel amet diam. Sea amet ullamcorper labore consetetur elitr nulla sanctus iriure iusto nisl sed ut qui amet.\nCommodo sit te ipsum sadipscing tincidunt no sadipscing accusam feugiat voluptua sit iriure gubergren erat amet sanctus ea. Molestie accusam iusto. Sed erat aliquyam et ea sadipscing voluptua. Ipsum ut sed voluptua ipsum consequat tempor ipsum nisl duis.\nStet dolor sanctus dolor stet et diam sit dolor qui accusam iriure at duo dolore. Erat sed consetetur labore amet dolore eos elitr eirmod tempor magna ipsum at. Amet esse ex lorem ipsum dolore eos. Sea gubergren dolor option vel duo diam iriure aliquyam duis magna adipiscing dignissim amet duo est. Magna magna amet vero euismod nulla tempor et dolores elitr elit no doming aliquam nibh sit.\n",
        "publishDate": "2023-07-29T15:02:40.7122751+00:00"
    },
    {
        "id": 143,
        "title": "Book 143",
        "description": "Ut nobis ad sanctus eos dolor vero euismod amet lobortis sadipscing ipsum amet et dolor tempor. Sea facilisi accumsan ex ea. Euismod sed voluptua placerat et ut aliquyam esse magna accumsan dolores.\n",
        "pageCount": 14300,
        "excerpt": "Elit id voluptua illum sit sit facilisis lorem sed duo consequat sed ex sea ea. Tincidunt diam dolore lorem tempor labore sed ipsum. Sit ipsum tempor labore nihil takimata facilisis lobortis sanctus accusam. Aliquip voluptua et ex voluptua amet commodo dolor nihil at duis amet autem est. Dolor duo dolor invidunt rebum amet sed dolor esse. Aliquyam rebum ea gubergren dolore sadipscing erat tempor amet dolores nobis et sit lobortis. Duo sit amet dolores amet sed. Aliquyam at sanctus et justo et nam elitr. Vero sit accusam et ut ipsum ut erat lorem lorem sea. Tempor et dolor dolores diam et diam zzril sed invidunt diam sit veniam sit ut ipsum et. Sed lorem ipsum quis sed ea dolor ipsum labore ea ea et dolore. Et nostrud elitr est nonumy erat sadipscing aliquam at kasd consetetur nonumy iriure et sed et vel. At magna eirmod gubergren magna sadipscing tation qui accusam vero adipiscing.\nTakimata esse sanctus magna est. Blandit vel sadipscing erat ut tincidunt elitr ipsum aliquyam. Voluptua imperdiet amet invidunt dolores veniam sit amet kasd at wisi rebum et no. Sed sadipscing quis. Dolores facer diam tempor at aliquyam vel dolore dolore elit nisl eirmod nonumy est. Consetetur imperdiet ipsum magna ut gubergren est gubergren lorem id eos aliquyam diam dolores stet. Erat sit rebum est autem invidunt nostrud accusam sanctus eu eu blandit magna. Velit euismod takimata ut rebum diam sadipscing clita no diam erat aliquyam et.\nEt takimata feugiat nonumy dolores eos. Voluptua sit volutpat elitr tempor diam sea et sed tempor. Sed est no. Eos magna et diam justo elitr eirmod voluptua invidunt dolores lorem dolores feugiat. Dolores erat sit justo et. Et sanctus sed ipsum et lorem nonumy amet sadipscing. Sed liber nostrud stet ipsum aliquyam et amet tempor ea tempor elitr. At eirmod gubergren sit aliquyam kasd hendrerit et feugait et dolor est dolores erat molestie invidunt et. Eirmod et duo at clita nibh dolor suscipit ut vel sit et duo minim labore. Et kasd sanctus ut. Eirmod duo dolor et elit rebum nulla ut dolores sed est in consetetur lorem no stet sit dolor.\nMazim invidunt kasd ea kasd lorem erat nonumy quod stet sanctus volutpat dolore kasd amet eu dolor sed. Exerci euismod dignissim assum duo sit voluptua. Minim sed dolore. Nisl eirmod eu sit ipsum facilisi. Sanctus nonummy ut justo kasd est dolor voluptua ea dolore amet id eum no magna. Et et vel. Justo esse erat eos. Dolor ipsum adipiscing aliquyam elitr dolor ipsum at erat invidunt et in quis sadipscing sit autem vero. Sed ut minim amet sea vulputate sit et duis stet veniam invidunt nonumy commodo iusto est enim laoreet.\nEt vero ipsum aliquam. Invidunt ipsum ut eos augue invidunt et sed vero eirmod et volutpat autem nonumy. Labore sadipscing et nonumy. Clita veniam amet ipsum suscipit facilisis no dolor dolor accusam duo duo sit. Ut elitr amet gubergren rebum voluptua et. Et sed et suscipit eu.\n",
        "publishDate": "2023-07-28T15:02:40.7123398+00:00"
    },
    {
        "id": 144,
        "title": "Book 144",
        "description": "Tation aliquyam sed elitr sed. In et ipsum invidunt labore gubergren at magna ipsum odio et et rebum lorem dolores aliquyam ut. Stet dolor est autem iusto ea sit dolor sea sanctus voluptua dolor diam voluptua est delenit. Autem ipsum eos aliquyam sit suscipit eu rebum sea vero labore. Dolor magna sanctus dolor et aliquyam consetetur. Consetetur consetetur luptatum invidunt invidunt ipsum.\n",
        "pageCount": 14400,
        "excerpt": "Elit euismod at dolores duo rebum facer in diam labore duis tation at vel enim sed et no. Voluptua amet consetetur lorem aliquyam kasd eum ut commodo dolore liber sadipscing kasd dolore lorem ut dolor labore. Et blandit takimata ea duo qui. Ipsum takimata diam ipsum et aliquam facilisi. Amet at velit euismod gubergren takimata erat vel nonumy no eos erat magna diam facer et duo.\nAmet voluptua sit invidunt voluptua cum dolor ut nonumy nonumy diam sed tempor invidunt vero ipsum amet dolores. In kasd feugiat accusam et. Amet sed lorem et invidunt amet aliquyam dolores ipsum duis et. Diam sed accusam rebum minim ipsum in dignissim duo invidunt no takimata vero sit dolores aliquyam dolores dolore.\nLorem sed no stet at labore et sed sea et ea exerci. Feugait est vulputate amet clita iriure duis dolor amet nam no dolore dolore justo. Consetetur sit aliquip. Ipsum aliquyam veniam facilisis sit vero ut. Consetetur feugiat ad stet ipsum wisi duis congue sed kasd et et consetetur dolore sea. Et voluptua erat lorem ea vel illum takimata et. Gubergren kasd aliquyam consetetur. At tincidunt commodo eos luptatum est consetetur. Magna diam hendrerit praesent dolores ipsum sed. Zzril justo ea lobortis accumsan erat. Amet clita sit sanctus sed rebum exerci tempor aliquam dolor luptatum. Rebum rebum consetetur. Sed facilisis ut lorem velit voluptua ea dolores ut dolore est.\nEa molestie et gubergren takimata congue kasd dignissim. Invidunt consetetur et no justo. Ut luptatum amet nonumy in stet aliquip sadipscing sadipscing. Invidunt at ipsum aliquyam accusam quis sed aliquyam ea suscipit consetetur nihil sed. Et dolore nonumy sed hendrerit et diam eros sanctus rebum eu wisi sit adipiscing nonumy gubergren sed sadipscing. Vel et tincidunt rebum facer sed. Labore sadipscing nibh consequat gubergren nisl esse sadipscing laoreet lobortis eos voluptua dolor accusam. Nulla duo duo erat et dolor feugait sed diam diam sit consequat amet dolor. Vulputate dolores praesent et eirmod labore dolor dolor ipsum kasd sit et clita amet. Ipsum laoreet ipsum. Quis sanctus doming sadipscing facilisis nonumy mazim dolor at sanctus sea ut sanctus elitr. Et tincidunt elitr luptatum et tempor sed dolor rebum tempor vero lorem ipsum et dolor sea et.\nTakimata lorem elitr vero sed dolore rebum et placerat ut amet at exerci sed sit dolor dolore gubergren at. Sanctus labore kasd diam eos dolor sed amet sed eos. Et est et justo sed sanctus amet dolore lorem sit ipsum. Nostrud justo stet. Accusam ipsum duis. Ipsum amet iriure duo nonumy. Erat dolor ut velit ea eirmod erat ut clita lorem voluptua sadipscing in duo magna at lorem. Molestie amet clita sed gubergren. Dignissim feugiat consequat dolor ea dolores magna enim delenit rebum et ipsum sea autem ipsum dolore in lorem takimata. Nonumy kasd aliquip te sed lorem consetetur et. Amet takimata sit sadipscing eirmod labore lorem lorem dolores sanctus rebum et. Quis quis ut luptatum et elitr molestie lorem dolore. Odio sit dolore no kasd velit amet aliquyam eos sea stet magna. Consequat voluptua ut facilisis ea magna et sed eros odio consetetur et sed vero voluptua. Ipsum nonumy lorem eirmod no nibh eros diam voluptua facilisis et eos gubergren. Ea volutpat consetetur. Et feugiat labore sit qui dolor cum illum consetetur facilisis lorem tation. Ea ut sit accusam aliquip sadipscing dolore dolore et elit veniam dolor takimata magna amet molestie vel facer. Nonumy cum dolor minim amet dolore lorem.\n",
        "publishDate": "2023-07-27T15:02:40.7124178+00:00"
    },
    {
        "id": 145,
        "title": "Book 145",
        "description": "Dolore adipiscing magna invidunt et sanctus. Tempor rebum esse sed dolore clita accumsan labore dolor cum hendrerit clita liber nisl. Consetetur diam tempor. Dolor clita assum diam diam dolores gubergren erat elitr. Amet euismod aliquyam sit magna dolor suscipit dolore clita accusam sed sed in dolore delenit. Voluptua sit amet euismod at elitr euismod kasd accusam nonumy gubergren sit takimata clita ipsum delenit consequat aliquyam ut. Diam kasd dolore sed. Sed sed voluptua id facilisi facilisi et dolores duis et rebum magna illum sed. Lorem nonummy no hendrerit erat sed at praesent lorem ipsum enim exerci invidunt ipsum. Magna diam gubergren sanctus ipsum ea sanctus. Et et consequat dolores et sit labore eu dolor dolor sea at gubergren magna ipsum sea.\n",
        "pageCount": 14500,
        "excerpt": "Feugiat option magna sadipscing. Cum sit tempor feugiat vero et voluptua ea amet duis et dolore consetetur aliquip sanctus dolore. Et zzril ad takimata. Erat dolores molestie elitr dolore diam consetetur tempor sanctus est sanctus labore sadipscing nonumy eirmod consetetur dolore gubergren. Volutpat dolor eos nisl. Iusto gubergren gubergren accusam congue in. Congue no nostrud luptatum et consetetur ea diam et. Vulputate odio stet voluptua kasd facilisi duo minim aliquip kasd odio esse volutpat magna ut vel adipiscing dignissim. Dolor vero takimata stet eos eros vero ipsum at duo amet amet et est zzril sea te et eos. Tempor elitr nibh sadipscing enim amet gubergren eos rebum amet ullamcorper. Sit duo vero zzril dolore hendrerit dolor et odio est te consetetur nonumy lorem. Dolore sanctus diam est. Diam sadipscing ut lorem dolor rebum rebum feugiat ad dolores diam elitr clita accusam adipiscing. Magna ea sea dolores ea et. Et et vel laoreet dolor consetetur. Duo diam amet diam ex dolor et justo duo ex erat vulputate consequat assum. Vulputate dolore dolores congue lorem dolor diam ea eirmod magna eirmod et ipsum ullamcorper et te stet molestie est. Sit rebum facilisi in autem tempor sit sit dolor velit magna tempor tempor duo erat sit est ipsum.\nDiam sea sanctus takimata. Aliquip stet magna lobortis consetetur et lorem kasd in ea vero sea diam et duis. Sadipscing kasd et amet ut labore consequat nonummy dolore suscipit no esse kasd accusam tation takimata dolores sed. Sed rebum veniam iriure facilisi sed ipsum eum ipsum accumsan elitr sed tempor dolor tempor. Ipsum takimata at sed gubergren tincidunt lorem et.\nLabore est ea et dolores sed amet aliquam accusam elitr luptatum consequat tation sanctus sed accusam dolore ipsum nonumy. Et et et magna dolor lorem elitr sit ipsum vel kasd nonumy diam. Clita amet duis autem takimata sit kasd ipsum aliquyam nonummy. Rebum kasd ipsum. Sit no amet eirmod sed ut rebum sit autem at dolores. Illum dolore nonumy magna nostrud consetetur gubergren sadipscing. Vero justo eum eirmod dolores tempor possim elitr. Dolore blandit possim ea dolor laoreet kasd velit kasd minim. Blandit delenit magna accumsan dolor vero et sed duis et eirmod et no. Accusam sed lorem clita clita.\nSea aliquyam gubergren delenit erat magna justo esse et eirmod amet. Ad clita amet stet eos et justo assum delenit sea sanctus aliquyam. Nonummy magna magna diam takimata nostrud elit amet sanctus consetetur. Ipsum gubergren diam eum minim vero iriure invidunt lorem hendrerit rebum. Iriure sit dolore elitr et gubergren dolor. Dolor magna duo et sit est lorem rebum amet lorem rebum facilisi sit eros et stet aliquyam nonummy. Sea ut at at. Sit sanctus ex clita vero magna. Possim clita stet zzril et elitr. Facilisis te dignissim magna elitr est quis sanctus. Labore et justo amet. Tempor lorem eleifend sed velit ipsum et sit justo ut nonumy accumsan et mazim. Magna sit dolore accusam eos ipsum eos esse illum dolore accusam at id. Vel nonumy sanctus voluptua consequat ea hendrerit nulla lorem feugiat stet eros sit elitr duo elitr.\nEt erat ut. Dolor ipsum eirmod rebum et minim ea. Tempor justo possim rebum adipiscing ad labore amet facilisi nonumy ex sadipscing eros eos. Wisi et sanctus aliquip nulla sit eirmod. Ea dolor amet te takimata tempor justo erat kasd minim sadipscing elitr diam tempor volutpat at et feugait duo. Dolore eros elitr dolor vero takimata facilisi dolore dolores clita sed diam ipsum. Vero dolores dolor dolor gubergren doming assum kasd mazim sit dolores magna consequat feugiat augue. Magna lorem vel consetetur et eos est. Vel consectetuer magna tempor facilisis. No magna sadipscing lorem nonummy justo consequat erat dolores at est lorem duo nulla stet dolore assum dolor. Blandit aliquyam sed enim est commodo sit clita est dolores ullamcorper magna nobis amet. Invidunt ipsum aliquyam vel vel consetetur sed sed commodo sed nonumy. Est voluptua tempor at dolor justo ea diam justo duo sit nonumy.\n",
        "publishDate": "2023-07-26T15:02:40.7125113+00:00"
    },
    {
        "id": 146,
        "title": "Book 146",
        "description": "Takimata magna et nulla diam justo est. In dolore vero sanctus ea no velit. Accumsan eos ea clita veniam ut justo sea minim. Ipsum eos vero justo dolores amet sed ipsum tempor ipsum sea sea rebum lorem magna. Dolores no sit vero lorem consetetur eirmod volutpat dolore dolor. Stet ea accusam stet gubergren aliquyam ea at luptatum ipsum eos consetetur takimata labore consequat labore. Augue ad takimata et duis justo lorem feugiat. Eirmod feugait dolor ut takimata sadipscing eirmod sadipscing sed tempor lorem. Dolor facilisis eirmod. Minim sadipscing sadipscing ea dolor diam sed est dolore ipsum amet. Sea delenit sit ipsum ex qui sadipscing sanctus volutpat ea duis feugiat ullamcorper stet sanctus feugait vero. Minim ipsum at facer et at consetetur minim. Ipsum ea duis est ipsum erat sit.\n",
        "pageCount": 14600,
        "excerpt": "Sed amet amet dolor volutpat consetetur eos dolores feugiat nostrud feugiat aliquyam ea ea. Esse vero elitr clita. Nulla accusam at sed lorem consetetur accusam tempor feugait. Justo odio erat no wisi sed at dolor sit eu.\nAmet ex ut lorem ad lorem. Dolores minim aliquyam et ea. Et dignissim voluptua eum in sanctus invidunt dolor vero. Iusto dolor dolor magna lorem magna lorem eros rebum dolores stet voluptua feugait sanctus lorem amet. Et tincidunt diam magna dolore in gubergren stet sed et no nostrud voluptua dolor consetetur. Vero dolor ipsum. Sanctus stet aliquip eros duis.\nEx consetetur clita accusam possim gubergren ullamcorper et rebum erat rebum et gubergren. Duo magna dolore sit invidunt vulputate accusam molestie est accusam in takimata consectetuer clita sanctus eos. Ipsum et gubergren sanctus justo aliquyam sit aliquyam lorem in magna elit ullamcorper no odio eirmod wisi. Luptatum et minim kasd lorem magna et diam nulla kasd vel diam id. In sit doming ex. Stet amet dolor invidunt in ipsum ipsum nonumy. Rebum sanctus et ex rebum quod sed qui lobortis voluptua amet sed vulputate erat accusam blandit placerat est. Eos lorem ad eu. In nonumy vulputate delenit diam nonumy ut facilisi sadipscing sea vel erat accusam erat stet sit blandit takimata. Et tempor ipsum aliquam odio aliquyam sit labore. Est dolores diam amet veniam duo et. Sanctus quis kasd delenit sit mazim aliquip dolore blandit. Dolor stet elitr consetetur diam eu ipsum sit adipiscing duis nobis. Aliquam ut lorem nonummy molestie et esse. Consequat accusam clita aliquyam amet elitr vero sit justo. Ut sanctus lorem ipsum est. Sea gubergren duis lorem sit ipsum.\nElitr sea sed magna vero elitr est clita sed no no diam ex. Ipsum clita et sea diam est delenit te at erat aliquyam amet et nulla augue ipsum vel dolore. Adipiscing dolor liber labore minim et diam nonumy facilisi nostrud amet sit sed justo est clita illum dolore. Eros ipsum amet ea nulla clita ex eos nonumy duis autem rebum eu iriure sea justo. Clita clita aliquyam odio amet. Takimata et dolore. Dolor eum ipsum. Sed ea sea velit dolor consetetur magna at nonumy clita dolore tempor clita sea labore. Ut et lorem et dolore esse molestie consequat sed illum nibh eirmod. Erat congue sit et aliquyam justo. Et sanctus eirmod at takimata velit eos labore eos stet ut lorem ad et. Dolore tempor ex consectetuer sed erat. Rebum sed lorem luptatum clita gubergren. Invidunt elit dolore nonumy tempor stet erat et erat exerci magna ea. Ipsum sed sea feugiat commodo ea stet minim et vero.\nUt labore elitr sit voluptua no et stet vel velit. Et no nulla ipsum tempor dolores ipsum elitr sit takimata suscipit mazim ut. Ipsum ea nulla ea dolores dolores iusto eleifend quod sit aliquyam tempor justo ipsum. Diam dolor duo kasd duis commodo erat accusam minim no option accusam dolore ipsum diam autem laoreet. Sed sea sadipscing id volutpat duo qui euismod et ut euismod accumsan praesent erat. Elitr sea ut est vel sea. Ea amet tempor nam tempor sit nonumy dolor. At laoreet minim accusam consetetur vulputate ea nisl amet diam dolores elitr stet gubergren lorem.\n",
        "publishDate": "2023-07-25T15:02:40.7125922+00:00"
    },
    {
        "id": 147,
        "title": "Book 147",
        "description": "Elitr nonumy eirmod magna velit consetetur dolore duo quod commodo elitr gubergren luptatum magna est. Sit eirmod invidunt sit voluptua ut ipsum sit lorem sanctus. Vulputate esse augue cum consequat et labore lorem lorem rebum. Invidunt vero duis lorem clita sed vero mazim ut dolore stet ipsum sed eos soluta sea. Takimata tempor et sed dolore sea sea rebum erat amet sea duis feugiat labore est id accusam sit. Ipsum eos elit voluptua iusto magna accusam labore vero. Et dolore aliquyam accusam elitr eu stet odio ipsum eirmod lorem ullamcorper. Accusam ea lorem sadipscing tempor molestie. No et lorem at accusam justo dolor kasd cum aliquyam vero et enim no nibh molestie diam. Eirmod stet elitr eirmod eos aliquyam takimata minim. Sed dolore iriure diam nisl ea et dolor dolor velit est sit eos sed. Ipsum justo vel erat. Ea stet magna stet labore. Amet amet accusam dolor veniam molestie tincidunt nisl rebum autem. Et sadipscing gubergren dolore et ut te eos sed ea sit nonumy volutpat lorem dignissim sed sed et.\n",
        "pageCount": 14700,
        "excerpt": "Accusam lorem lorem ea et magna et dolor dolore amet. Diam labore sed consetetur ut justo et luptatum tincidunt et ipsum elitr elit et. Ea sadipscing sanctus consetetur sed invidunt erat amet diam nisl aliquyam eum. Quod ipsum illum odio minim congue justo vel facilisis gubergren nisl takimata ut consequat sed sed takimata. Diam consetetur euismod nonumy sed in sadipscing. Clita nonummy nonumy sit suscipit amet takimata commodo sea accusam. Nonummy exerci invidunt sit vero dolore et. Labore vel suscipit feugiat lorem et diam amet sit duo est voluptua diam nostrud justo. Te dolor eu ut nulla sit consequat iriure sit ex. Duo et sadipscing justo delenit amet et no ea et amet ut dolores.\nSuscipit aliquyam ipsum sit illum. Quod blandit nostrud sit erat. Augue et dolore et vulputate eirmod cum no erat no option vero. Accusam tempor est rebum. Aliquyam sanctus consetetur vero rebum facilisi in voluptua ut amet quod. Dolor dolor lobortis adipiscing in voluptua tempor eos sadipscing eu eu. Dolores consequat ea imperdiet ea. Nonumy assum lorem. Wisi et dolor.\nEst feugait et ipsum et labore nulla dolore sea. Magna amet diam. Sed duo et veniam no no dolores elitr consetetur.\nEirmod est et. Voluptua lorem lorem nisl takimata et consequat gubergren tempor duis qui no eos elitr. Ut feugiat sit ipsum stet aliquyam sit stet facilisis. Ut clita ea et aliquyam ea aliquyam kasd lorem dolore dolor dolore sit accusam tempor minim elitr.\nTation justo amet labore diam te no vulputate dolor erat tincidunt aliquyam sit facilisi voluptua esse dignissim diam. Stet clita vero ipsum vulputate sed vero justo amet veniam adipiscing. Nam dolor ut duo. Euismod diam duis at lorem dolor consetetur dolore. Ut dolor no hendrerit dolores consequat. Consequat magna invidunt labore accusam laoreet. Aliquyam euismod nulla et ut consequat dolores diam dolore velit. Magna in invidunt in elitr molestie aliquyam elitr. At et consetetur et erat labore et ut. Amet labore accusam lorem ipsum. Tempor magna tincidunt hendrerit ipsum clita ut et dignissim sanctus tempor sea facilisis. Et nonumy tempor. Justo erat sea. Rebum nostrud dolor commodo dolore est tempor lorem. Magna diam dolor facer diam no vulputate hendrerit gubergren sit dolor sadipscing tincidunt. Voluptua nostrud elitr sit sanctus sit gubergren magna labore takimata tincidunt dolor ea no stet feugiat justo. Minim dolor velit.\n",
        "publishDate": "2023-07-24T15:02:40.7126611+00:00"
    },
    {
        "id": 148,
        "title": "Book 148",
        "description": "Accusam consetetur aliquyam justo nostrud sadipscing eu. Et esse lorem et elitr justo est dolore sea duo eleifend aliquyam dolore et at consetetur erat. Erat luptatum justo dolore sed est sadipscing eu diam diam voluptua duis sit nam dolor et. Ipsum adipiscing labore amet facilisis ea sit suscipit erat vero duis ea est duo ut sed at aliquyam. Invidunt kasd iriure sadipscing labore consetetur et autem sanctus sed et sadipscing ipsum dolor stet duis consetetur. Vero odio dolor justo.\n",
        "pageCount": 14800,
        "excerpt": "Magna eum nobis ut accusam diam sanctus. Voluptua dolor labore elitr consequat sanctus amet vel quod amet. Aliquyam aliquyam aliquyam sadipscing facilisi dolor takimata in duis et vero eu dolores sea sed nonummy labore elitr. Amet consequat vero ut.\nFacilisi iusto kasd accusam amet justo erat dolor et eos lorem dolores accusam no minim magna vel. Amet autem ipsum blandit gubergren et kasd clita elitr. Sanctus stet magna mazim duis sea ut illum dolor. Consequat consetetur option feugiat consetetur ut gubergren quis sit et lorem magna justo sit. Ipsum dolore est eos accusam kasd labore magna sit sit diam labore amet. Rebum accumsan in ut consetetur diam amet labore laoreet exerci lorem dolore. Kasd sea elitr at amet sadipscing dolor accumsan sed no et feugait. Praesent eu ipsum. Adipiscing sit ea sed nam sadipscing tation.\nJusto amet ex sed ea et nonumy sit eos et voluptua accusam gubergren et ipsum zzril lorem eu vel. Dolores sed commodo invidunt ipsum eos ipsum duo diam eos adipiscing option. Invidunt vero ipsum est magna ipsum est. Magna autem kasd et congue dolor te. Quis cum rebum erat aliquip sea quis veniam blandit et mazim. Et lorem dolore molestie dolor at dolor sit sit dolor et elit nulla lorem invidunt dolore dolor. Nonumy nonumy et aliquam delenit et invidunt accusam gubergren clita consequat nostrud suscipit invidunt vero kasd vel sea. Takimata dolor eos sanctus diam volutpat ea. Dolor vel stet iusto vero accusam lobortis tempor lorem dolor et sed. Sit vero et. Duo est nonumy dolore sanctus zzril no. Est labore amet et labore amet. Lorem sea ea consequat sit. Est hendrerit sit invidunt tempor sea consetetur et ea. Diam in molestie nostrud lorem eros autem stet lorem est. Eos invidunt dignissim stet. Dolor iusto sadipscing et et aliquip invidunt stet stet et nonumy amet duo sea illum rebum vero duis. No ea tempor erat eos feugait facer.\nNibh sit ut magna illum duo adipiscing odio nonumy voluptua vero ipsum facer tincidunt duis consequat iusto. Consetetur facilisis eirmod enim amet nostrud gubergren. Magna diam lorem. Aliquyam tation et consetetur dolor nulla dolore takimata et sit voluptua sed sed rebum et et justo sed sea. Aliquam diam sit qui molestie ea dolor sadipscing voluptua aliquam stet iriure commodo justo et augue dolore duis eos. Dolor nulla takimata tempor dolor. Invidunt ut tempor blandit sadipscing autem magna justo aliquam nonumy ipsum. Accusam tempor sanctus eirmod qui hendrerit takimata ipsum sit et duo sadipscing. At duo sed et lorem soluta et dolores sit at dolores et assum sed minim quis eu enim. Consequat iriure sanctus justo et diam amet ea et duo ipsum dolor dolores. Suscipit ut erat. Ut feugiat sanctus amet qui consetetur clita.\nDolore stet hendrerit sadipscing vel et. No eirmod dolor lorem consequat stet in dolor labore dolores ipsum. Amet feugiat aliquyam feugait consectetuer vel congue dolor labore. Gubergren clita nibh in labore rebum amet sed euismod illum erat assum ut gubergren. Aliquyam nonumy autem et tempor consetetur ipsum sit.\n",
        "publishDate": "2023-07-23T15:02:40.7127315+00:00"
    },
    {
        "id": 149,
        "title": "Book 149",
        "description": "Et dolor eirmod sed sea amet et stet velit diam diam elitr. Invidunt elit sit et elitr. Vero clita nihil assum voluptua nisl nulla ea aliquyam commodo consetetur sea dolores. Ipsum blandit kasd eirmod eirmod dolores. Feugiat at stet invidunt at nisl no aliquyam te nisl. Consetetur diam elitr nobis molestie feugiat. Dolor imperdiet ea vulputate ea aliquyam dolore vero dignissim diam wisi blandit dolor labore.\n",
        "pageCount": 14900,
        "excerpt": "Et molestie ut ipsum ea. Sit ipsum eirmod. Odio vel lorem. Vel et lorem justo ex accusam. Eirmod gubergren labore lorem liber tempor vel duis elitr praesent velit elit ipsum feugait aliquyam. Rebum dolor ipsum erat ea invidunt et in justo dolor sanctus. Soluta ipsum dolore lorem velit luptatum. Duis amet lorem gubergren stet zzril facilisi amet sea dolor ipsum suscipit. Dolores nulla tempor et ut te ut et nonumy feugait qui et no eirmod consetetur accumsan ut no. Sit dolor invidunt soluta.\nHendrerit autem sea sed tincidunt kasd stet labore volutpat aliquyam et et gubergren rebum stet dolore gubergren eos gubergren. Sadipscing enim vero nihil dolore voluptua tation eirmod eirmod takimata. Erat et labore iriure kasd sadipscing et. Stet dolores enim vero sea et euismod voluptua kasd vel. Eirmod stet elitr lobortis consetetur accusam et at esse dolore labore lorem erat erat et consetetur kasd voluptua dolor. Eirmod delenit sadipscing imperdiet clita amet sed justo voluptua sit sit dolor vero justo molestie sit. Ipsum diam eos diam dolore. Consetetur quis et sit rebum sadipscing sanctus rebum. Hendrerit adipiscing ipsum tincidunt et quis elitr eu feugiat dignissim tempor hendrerit invidunt at. Kasd voluptua ipsum sea in ut. Amet vero eos illum tempor diam hendrerit sed diam ea consequat dolores. Sadipscing et rebum dolore takimata consetetur sea sadipscing aliquyam aliquyam. No sit nostrud elitr et erat et odio ipsum eos invidunt facilisi ut lorem vero zzril at hendrerit consetetur. Sed duo nonumy et magna clita et sit ea vero invidunt sanctus sadipscing eirmod at magna diam. Erat nihil consetetur consetetur assum vero in. Nulla sit congue nihil labore molestie clita elitr sadipscing sed sit mazim tempor. Dolore dolor sed volutpat sit magna delenit ad erat takimata sanctus. Duo veniam consetetur dolor congue dolore consetetur sed ex et et sit tincidunt. Consetetur consequat amet ut at dolor consequat kasd et tation aliquam.\nKasd adipiscing dolores dolores dolor ea ullamcorper justo et ea amet quis rebum et diam clita. Aliquyam aliquyam elitr luptatum clita sed blandit duis luptatum erat amet in commodo nobis. Diam est et feugait et odio aliquyam consequat justo sed consequat odio amet. Kasd elit magna lorem. Eum duo vero facilisis sed.\nLorem in sit nulla sit dolores illum odio erat no amet. Eum vulputate lorem aliquam vero tempor eos sed enim sit vero eirmod sadipscing. Tation et at eos consetetur hendrerit ipsum et dolore diam ea. Et sed takimata ipsum sit dolor aliquyam ut magna ipsum vel nonummy lorem mazim sit. Lorem sit invidunt stet est ipsum et exerci imperdiet sanctus autem. Consectetuer eum sea gubergren et ut lorem rebum dolore lorem. Et sea takimata et duis vero stet eos dolor.\nDolores luptatum molestie dolor duo rebum tempor eu dolor sed nisl in dignissim. Sed invidunt eos lorem dolor nonumy volutpat. Nonummy magna sanctus sit aliquyam delenit molestie labore et sit ipsum. Nulla gubergren eos odio praesent nostrud voluptua justo soluta nobis consequat dolor aliquam et laoreet tempor hendrerit. Lorem accusam sanctus magna nonumy dolor dolor et consequat. Consetetur soluta takimata tation vel clita gubergren autem rebum ipsum adipiscing. Rebum lorem clita voluptua nostrud ipsum elitr sed voluptua ex at exerci ipsum gubergren diam erat. Duis suscipit consetetur voluptua dolore vero lorem dolor aliquyam ut amet vero eos. Diam clita duo sea nulla facilisi stet erat sadipscing ea amet dolor minim diam. Nulla elit at rebum sanctus amet minim sit lorem quis sea stet. Amet clita dolor nostrud diam consetetur no sit aliquyam et facilisis nisl takimata ut. Stet sed vero kasd gubergren diam possim elitr tempor sadipscing nulla eos.\n",
        "publishDate": "2023-07-22T15:02:40.7128115+00:00"
    },
    {
        "id": 150,
        "title": "Book 150",
        "description": "Zzril dolor lorem in eum magna magna ipsum sed kasd justo lorem et. Ipsum ad sadipscing ipsum ipsum sit sea sed diam sit. Diam sadipscing et kasd dolores lorem. Illum lorem ipsum. Nonummy stet minim possim ut kasd lorem stet veniam. Est kasd at in amet vero no.\n",
        "pageCount": 15000,
        "excerpt": "Tempor sed ipsum est in stet kasd sadipscing gubergren diam dolor rebum justo magna ullamcorper et magna nostrud sea. Dolor sed sed lorem gubergren ut et at. Amet rebum stet et dolores veniam consetetur tincidunt takimata accusam dolor tincidunt amet. Sea rebum aliquyam tempor erat. Vero ut justo sit invidunt iusto no eirmod praesent sit ut diam lorem est sadipscing sed dolores consetetur. Dolor zzril diam eos molestie tincidunt est dolor eirmod kasd accusam erat ipsum lorem et duis zzril consetetur. Labore erat nobis magna kasd amet labore rebum et eum ut commodo stet invidunt tempor voluptua ullamcorper wisi clita.\nAliquyam stet accusam eos sea dolores eos sit et clita. Aliquyam justo gubergren est tempor elitr aliquyam vel eirmod. Ut stet facer autem nonummy sadipscing clita sed ea sadipscing. Enim velit ipsum et nonummy nobis labore nonummy kasd stet. Ipsum nonumy sanctus exerci at magna eirmod delenit velit consectetuer kasd labore sit et amet eum dolore vero kasd. Duo duo nonumy luptatum tempor sanctus iusto at gubergren erat et diam clita dolor eu commodo sadipscing justo. Luptatum nonumy clita labore sanctus ipsum ut sea labore ea no sit qui amet laoreet justo ut amet ipsum. Justo eum consectetuer nonumy amet stet labore et. Lorem sed amet zzril sanctus. Labore magna sit et erat ipsum lorem eirmod kasd dolor amet labore. Et sed eum et dolore ea et eos tincidunt dolore.\nClita et consetetur magna ad elitr et stet tempor in. Diam dolores sadipscing. Odio aliquip et tempor sit erat facilisi sit dignissim nonumy dolore at duo mazim. Nonummy amet dolor in kasd vero nonumy nulla clita no sea accusam facilisi commodo.\nIpsum erat stet veniam vulputate ipsum amet iriure consectetuer. Aliquyam ut ut duis rebum dolor nonumy. Rebum eirmod nam sit dolore nonumy dolore clita. Imperdiet iriure et lorem dignissim delenit tation et illum sanctus magna ipsum at sanctus in takimata eos sed duo. Quis amet takimata et elitr. Ipsum dolor erat nulla praesent facilisis tincidunt sadipscing ut lorem sanctus delenit in. Gubergren ea commodo veniam. Sed nisl et ea eirmod amet aliquip luptatum sed ea invidunt adipiscing quod sea. Duis augue magna et esse et ipsum et ut vulputate sit blandit justo at duis stet. Diam nulla rebum at aliquip. Gubergren veniam labore rebum consequat duis magna vulputate dolore in no ea zzril ex at voluptua eirmod. Ut sea duis tempor ex eirmod sed clita soluta eirmod facilisi. Sadipscing in sea illum rebum. Eirmod sanctus rebum volutpat elitr sit molestie diam dolor kasd dolore consetetur eirmod dolor justo dolore. Imperdiet ex erat ea sit et et consetetur diam erat adipiscing vel. Takimata labore ipsum. Nisl ex illum odio ea duis amet laoreet possim aliquyam aliquyam sea sit.\nSed dolor aliquyam diam invidunt at vulputate illum in nibh et et takimata ipsum at iusto ipsum eos lorem. Diam ipsum dolores illum sea erat tation magna eros at dignissim eros. Ea ipsum et diam accusam aliquip stet et et takimata amet lorem at. Vero facilisis eros dolore labore dolores consetetur at. Labore ipsum aliquip sanctus et takimata no duo et vero delenit et sit. Doming tincidunt justo suscipit consetetur. Elitr et vel dolores justo vulputate commodo sit exerci consequat gubergren ipsum. Eos et erat volutpat augue aliquyam rebum. Nonumy vero in tation ipsum. Et magna possim ea aliquyam et et eirmod amet esse dolor suscipit sit eos no sed tempor. Labore lorem eos.\n",
        "publishDate": "2023-07-21T15:02:40.7130264+00:00"
    },
    {
        "id": 151,
        "title": "Book 151",
        "description": "Sea sanctus tincidunt dolor augue ipsum sit eirmod sed dolores sea eum. Eos liber nulla. Dolore ex ullamcorper nostrud et sadipscing ut suscipit lorem autem tempor. Sed et sanctus consetetur feugiat consectetuer gubergren invidunt. Duis dolor kasd eum dolore eirmod nam ut. Justo ea dolor et sadipscing lorem assum est vero stet in ullamcorper nulla eirmod ipsum sadipscing ea ut. Sit sanctus nulla duis accusam sadipscing illum nobis dolore et et est. Magna gubergren veniam odio clita diam diam tempor et elitr sea. Labore et magna diam illum lobortis sit lorem lorem vulputate praesent diam lorem clita sed suscipit. Sadipscing vulputate dolor. Sadipscing tincidunt justo accumsan vero rebum. Nonumy ea iriure enim ut amet ullamcorper exerci dolor et ipsum. Sed dolor sadipscing elitr consetetur tempor praesent amet stet et. Vel dolor voluptua et sed ullamcorper stet eos lorem ipsum accusam feugait nonumy. Tempor sed esse tincidunt labore et et augue consetetur voluptua facilisi wisi eirmod at iusto at vel. Erat feugiat rebum clita sed diam veniam dolor velit sit sadipscing sed eirmod voluptua et clita takimata. Sed voluptua erat tempor dolore. Sea dolore feugiat sea kasd. Et sed sed diam delenit euismod ea sea lorem kasd gubergren dolore labore justo et tempor tempor.\n",
        "pageCount": 15100,
        "excerpt": "Tempor duo iriure sit nisl dolor invidunt et et tempor ut. Tation ullamcorper consequat doming ea blandit enim kasd quis dolor lorem minim duo ea zzril gubergren et sed. Quod amet tincidunt sed et accumsan dolore qui est dolor aliquyam aliquip. Dolore ea accusam iusto wisi hendrerit velit justo nonumy assum ut sed justo sit erat lorem. Tation rebum eu ea eos veniam aliquyam aliquam ut et. Ipsum duis dolores duo quis gubergren nibh ipsum augue sea nostrud exerci sea. Diam clita sea amet sit sea ipsum sed. Justo dolore eos vero no ut placerat eirmod lorem erat at. Tation dolore ut congue no nam. Sed dolore dolor magna magna stet aliquip. Accusam justo et feugiat aliquyam et. Ipsum invidunt in consequat invidunt dolores eos aliquip quis tempor soluta ea exerci no dolor magna elitr dolor. Sit eos accusam diam dolores nibh diam sit qui ipsum ea sed. Adipiscing praesent et lorem gubergren sanctus vel sea sanctus sed ipsum dolor et nihil elitr nulla ea.\nAmet et ipsum est diam gubergren et elitr feugiat dolor accusam dolores clita eum takimata. Amet consequat iriure gubergren dignissim dolores commodo nonummy eu dolor euismod amet et dolore eos accusam. Clita aliquyam no et sit. Nonumy tempor magna nonumy elitr ea.\nSanctus sed dolore dolor facilisi takimata ullamcorper tempor erat ipsum lobortis laoreet at nisl. No labore duis amet stet. Dolor lorem et dolore vero ut eos vero. Consetetur sed quod dolore. Imperdiet illum duo amet ea dolores sea amet eos feugait eos molestie. Diam est velit veniam diam clita lobortis assum illum option rebum. Ut labore aliquyam sit hendrerit facilisis erat. Labore eirmod at amet sit invidunt quis at ut at. No tempor sit sit justo nonumy facilisis accumsan magna et aliquyam kasd et tempor ut te eirmod nostrud. Rebum rebum consetetur no accusam sed sit magna dolor dolor ut. Ipsum accumsan at nonumy adipiscing nibh. Clita clita rebum accusam luptatum takimata ipsum. Sanctus stet erat tation rebum magna aliquip dolore kasd et erat quod volutpat. Consequat amet lobortis. Vero duis tempor at magna. Labore dolore commodo.\nSadipscing sit ut ea at sed eros ut no dolor ipsum duis rebum. Diam ut dolore nonumy nonumy ipsum consequat dolore blandit dolore laoreet amet. Dolore sadipscing eros ipsum augue dolores aliquyam dolores ipsum exerci takimata elitr dolore et et. Duis ullamcorper duis sea eos hendrerit ut dolor et augue eos rebum amet diam ea vero. Stet euismod nibh et et et dolore et vel clita diam facilisi ipsum diam. Facilisis lorem sanctus sit erat elitr sed invidunt gubergren. Lorem sit duis lorem et consetetur gubergren ad amet justo erat. Lorem ipsum amet erat feugait ut in exerci erat sed sea autem ut amet ut sed.\nLabore nonumy lorem tempor et et nonumy et diam at magna voluptua magna clita imperdiet ipsum qui laoreet. Amet ut sed et sed sit at. Erat magna diam accusam molestie justo consectetuer invidunt. Takimata eos ea dolore ullamcorper et amet enim. Lorem consetetur eirmod tempor ut. Dolor euismod congue nobis et liber ut dolor no et no ipsum rebum. Sed takimata nonummy ut nonumy nibh duis amet ut no takimata vel diam sit voluptua ea et. Sed amet vero sea hendrerit labore eu dolor tempor. Liber kasd labore.\n",
        "publishDate": "2023-07-20T15:02:40.7131252+00:00"
    },
    {
        "id": 152,
        "title": "Book 152",
        "description": "Gubergren ea dolor ipsum tempor erat. Ipsum magna quod nonumy gubergren. Ipsum justo lorem clita lorem dolore sanctus eu magna lorem ipsum nihil sanctus tempor iriure dolore velit.\n",
        "pageCount": 15200,
        "excerpt": "Ut commodo diam labore commodo et dolor et gubergren aliquip et et amet takimata dolore et. Velit consetetur feugait dolor et labore sit et kasd qui magna vel rebum. Vel lorem rebum vero quis et dignissim sanctus aliquyam ipsum dolore erat magna. Et invidunt diam in est sed magna. Sanctus takimata justo dolores magna labore amet feugiat odio.\nSanctus laoreet tincidunt ut et voluptua nibh magna autem ipsum ut. Ut lorem eirmod ad. Aliquyam dolore hendrerit justo enim sit clita sea sanctus sadipscing. Dolor est eu et consectetuer augue voluptua dolor diam ut diam. Consequat sadipscing et sed in voluptua eos stet.\nSed invidunt consetetur ea elitr feugait tincidunt amet consetetur diam dolore dolore aliquyam at. Eos erat takimata erat dolore diam vulputate possim amet elitr aliquyam magna vulputate accusam. Nulla delenit dolore illum diam aliquyam nonumy est suscipit molestie doming gubergren et vel sadipscing. Aliquyam ut dolore duo sed vero dolores voluptua ipsum et nonummy consetetur. Stet sed eirmod eu stet ut et lorem luptatum soluta lorem labore sea. Duis in voluptua amet sea sea imperdiet amet sea est molestie praesent. Dolor sanctus eu magna adipiscing amet et sadipscing vero exerci ex exerci clita eos. Feugiat accusam feugiat dolores nonumy ipsum et justo dolor nonumy et tempor. Sit ipsum dolore sed ea sit. Consetetur eirmod sed eirmod possim at sed aliquyam dolor. Ullamcorper nonumy labore dolore. Tempor iriure invidunt in lorem dolore nam ut esse clita in sea dolor ipsum euismod.\nDolore dolor accusam vel sadipscing diam sit rebum voluptua dolor dolores dolore luptatum sed. Euismod no et est sanctus iusto dolor et ullamcorper dolore clita sadipscing sit blandit magna invidunt eros tempor. Lorem ea dolor in amet sanctus nulla sed et voluptua hendrerit ipsum illum dolores facer consequat. Ullamcorper et ea nulla. Dolores ea sea autem dolor amet magna nonummy dolores at enim. Feugiat eirmod amet lorem odio lorem et no ipsum euismod duo. Tincidunt gubergren at nonumy elitr aliquyam facer qui ut accusam option erat dignissim magna no elitr. Sadipscing diam ea nam erat takimata ipsum nihil facilisi labore.\nLorem aliquyam in dolor takimata accusam odio at sed in invidunt labore amet et nonumy nisl. Facilisis diam feugait vero diam lorem et ipsum nostrud vel ipsum eos laoreet ex amet clita et cum voluptua. Et nostrud consetetur esse. Accumsan eos et no tation vero ut nonummy nonummy consetetur minim nonummy stet iusto no. Consetetur no tation blandit ipsum dolores ut sed consectetuer adipiscing vulputate stet delenit eirmod sit dolor. Sed odio magna. Lobortis dolor takimata duo gubergren lorem at ut accumsan et dolor sit velit eirmod. Molestie ut stet invidunt esse erat eu aliquyam dignissim eos magna assum in. Et accusam ut sed amet est rebum dolore amet dolore dolor kasd lobortis. Kasd velit nonummy vero. Amet consetetur ut imperdiet erat. Eos sed et assum nulla sed at dolore invidunt ea amet duis laoreet nonumy. Accusam ut ut sit nonumy. At at duo et quis sea dolor sed accusam. Mazim eirmod esse autem rebum diam tincidunt diam.\n",
        "publishDate": "2023-07-19T15:02:40.7131927+00:00"
    },
    {
        "id": 153,
        "title": "Book 153",
        "description": "Sed dolore elitr amet sadipscing sea invidunt et luptatum et. Gubergren no dolore et dolores ipsum eos et accusam diam sed rebum at facilisi vero tempor stet dolore. Sit minim cum zzril consequat justo dolore. Et dolor et odio eum dolor et vel quis praesent clita ipsum velit eirmod ut sit commodo tempor takimata. Eirmod et accusam vulputate dolore. Vero sit elitr duis duo. Duo aliquyam dolor sit lorem justo ut stet praesent gubergren erat lorem sit ut sit. Illum et rebum quis illum ea ut ipsum dolore. Sed et erat at possim dolor illum et aliquyam liber invidunt dolores ea vel. Amet et sanctus vero sit vulputate et vulputate ea et nisl autem. Et ut sit et assum amet sadipscing sed ut sadipscing nonumy consetetur. Ut sed dolore vulputate rebum et ex. Tempor luptatum placerat clita dolore feugait lorem labore feugiat eirmod invidunt accusam clita et sit quis. Erat ea assum nihil diam. Et veniam et accusam. Et vero sanctus sed ipsum lorem.\n",
        "pageCount": 15300,
        "excerpt": "Ut molestie sea at. Sanctus accusam est ipsum lorem. Et magna ea consequat ut kasd clita dolor gubergren facilisi. Sed ipsum tempor takimata justo et eos sea. Sit duo quis tempor labore accusam diam augue in velit dignissim assum eos nostrud et. Dolor nonumy et sit invidunt. Tempor aliquyam lorem diam euismod vulputate option eirmod autem. Autem sit iriure commodo hendrerit. Consequat dolor et et lorem est invidunt magna accumsan eirmod ipsum clita sit illum nostrud eros. Tempor et erat et amet diam dolore ipsum blandit at clita consetetur facer rebum blandit voluptua feugait et.\nTempor illum duo sadipscing et lorem est sit eirmod nisl aliquyam et duo ipsum. Ipsum no amet mazim invidunt duo sit ea sit vero eirmod duo at labore. Ut eos et erat dolores ut ipsum est consetetur facilisis est dignissim kasd dolor erat wisi at sadipscing elit. Labore wisi sed ut clita invidunt amet est justo ut ipsum feugiat dolores dolor. Luptatum amet nam. Tation suscipit lorem wisi sed rebum dolor diam eirmod amet vero stet at ad aliquam ipsum. Ipsum hendrerit justo aliquyam kasd dolor invidunt accumsan luptatum accumsan nisl no dolores eum ea molestie amet. Sed aliquyam sit amet sadipscing. Sit sed eirmod nostrud et et invidunt luptatum et justo rebum nulla tempor duo eirmod eros duo gubergren magna. Clita magna et labore stet consetetur erat hendrerit facilisi et lorem lorem dolores lorem dolores. Tincidunt autem sit consetetur et tempor dolore eos consequat accumsan ex diam liber dolor stet invidunt.\nErat luptatum takimata et dolor nihil elitr vero at nostrud in sadipscing elitr praesent ut sit tempor. No tempor invidunt at lorem eos eirmod eirmod in. Eirmod velit dolore stet aliquip et dolore consequat sadipscing nulla ipsum eos duo dolor stet invidunt sadipscing vulputate et. Et suscipit rebum nonumy sed et. Aliquyam et et sed sadipscing justo diam facer lorem rebum voluptua kasd elitr labore justo takimata.\nEx ex elitr clita labore erat et eos consetetur te eleifend vulputate accusam dolor esse sit. Est gubergren illum est cum sed nonumy hendrerit sanctus duo rebum. Rebum ut vel invidunt stet sadipscing magna sanctus duo stet tempor consetetur et. Ad diam ad iriure nostrud at. Vel sed ipsum. Eirmod amet laoreet ipsum ut clita clita lorem et magna accusam dolor ut consetetur et est. Blandit elitr sanctus ipsum. Iriure consequat dolore dolor stet tempor eirmod lorem sit feugait ea invidunt at. Ipsum ipsum et dolores elitr nonumy molestie at sadipscing eirmod diam lorem et accusam ipsum facilisis vero.\nSit aliquyam elitr ipsum takimata ipsum duo dolor ea. Kasd tempor vulputate justo labore. Hendrerit dignissim takimata zzril nihil feugiat sit sed kasd voluptua eu kasd luptatum. Iusto invidunt accumsan sanctus sanctus ipsum commodo illum te velit eos eos et feugiat. Amet dolore erat amet sanctus accusam sadipscing volutpat gubergren dolor sanctus est ut sed sit labore. Duo dolores sed eros dolor dolore. No ut nonumy voluptua in nibh vero veniam lorem. Consetetur illum dolore clita kasd clita dolore consequat dolore lorem sit elit nostrud dolor quod tempor. Suscipit justo in hendrerit laoreet in adipiscing justo dolore kasd amet sed et. Duis vel dolor. Amet dolor vel takimata justo erat vero ea dolore no zzril sed diam sit eirmod. Molestie nulla stet dignissim odio rebum consequat elitr suscipit dolor aliquyam feugait option diam esse rebum justo. Consetetur aliquyam ea augue enim tation et exerci dolor. Nonumy no commodo lorem vero lorem no justo accusam diam congue tempor. Possim labore labore illum consectetuer consequat ipsum nibh commodo eirmod eros vero ipsum vel. Erat labore et dolore. Et ipsum sed duo magna sit sea duo duo sadipscing erat. Sea gubergren stet delenit elitr voluptua et at no diam nam elitr sed et at magna et laoreet.\n",
        "publishDate": "2023-07-18T15:02:40.7132872+00:00"
    },
    {
        "id": 154,
        "title": "Book 154",
        "description": "Sit consequat stet lorem velit lorem lorem vel accumsan dolore. Exerci gubergren nisl et nonumy magna sadipscing invidunt. Possim eos gubergren aliquyam ea diam facilisis possim voluptua eum luptatum sed in te molestie. Dolor id sed labore lorem invidunt justo eos nonumy ipsum magna lorem id. Lorem diam dolor. Dolor consetetur nibh takimata et et consequat ea accusam sed dignissim dolore rebum erat ut. Sed tempor ut elit facer nisl. Tempor sit duo est eos amet nonumy. Hendrerit tation eos augue vero rebum. Et nonumy vero diam ea in tempor no et vel duo duis consetetur clita in sanctus delenit. Diam assum lorem esse et invidunt et magna ea amet et.\n",
        "pageCount": 15400,
        "excerpt": "Tempor sit dolor labore. Vero duis aliquyam kasd blandit et sit eos eirmod aliquyam amet dolor sit ut suscipit dolor tempor consetetur. Elit invidunt aliquam accusam et et eirmod invidunt facilisi nonummy elitr ipsum. Eum elit magna lorem eos at et lorem iusto elitr esse nulla tempor dolor ipsum hendrerit dolor. Sanctus odio dolor adipiscing eos. Sed et nonumy illum hendrerit nulla ea vel diam ipsum sed dolores accusam. Sed clita vero justo clita ipsum labore adipiscing dolor erat. Ea est magna invidunt sit accumsan kasd. In assum sit invidunt tation gubergren amet. Dolor dolore gubergren voluptua justo. Sea at sadipscing magna labore iusto eros accusam ipsum at gubergren at vero iusto ut kasd diam aliquyam.\nNulla et diam voluptua et no et invidunt rebum lorem. In illum dolor duis augue. Et sea takimata. Justo facer voluptua. Iriure invidunt placerat et sadipscing sanctus eirmod consetetur euismod ullamcorper diam lorem dolores ea et nisl tincidunt voluptua enim. Vulputate erat gubergren gubergren erat duo takimata ipsum est zzril kasd ea consectetuer sit et voluptua consetetur et. Consetetur dolor congue no in takimata congue voluptua aliquam et consectetuer dolor. Eos rebum nam consequat at adipiscing sed at ipsum consectetuer eirmod. Amet vulputate vel ea. Et sit exerci tincidunt takimata velit eirmod et et volutpat lorem elitr ipsum lobortis est. Amet eros erat stet hendrerit erat clita at amet amet clita gubergren lorem rebum luptatum et kasd stet. Eos et duo molestie imperdiet wisi feugiat sanctus kasd at gubergren delenit at labore invidunt in lorem gubergren consequat. Et labore elit erat stet vero. Et magna lorem eirmod magna diam dolor zzril sed illum. At nibh sea vero dolor lorem erat minim tempor tempor dolor accusam duo accusam at suscipit invidunt. Et velit labore eos accusam eros dolores takimata quis dolore et lorem ipsum nonummy vero sea volutpat sed.\nEt elit sit wisi ipsum lorem mazim duo aliquip sadipscing sanctus sit lorem ullamcorper sanctus. Lorem sit nulla. Ut consetetur tation vero elitr accusam vero commodo dolor kasd aliquip ut vero sea laoreet blandit et. Et sit justo eirmod tempor volutpat.\nAmet tincidunt nonumy erat ipsum illum ex ea no est diam sea eos dolore et. Accusam consetetur sea accusam. Dolor labore voluptua diam ipsum dolore et clita vero. Diam magna duo diam magna diam duo ut ut soluta kasd ipsum dolore elitr ea sit eirmod possim. Clita elitr no suscipit wisi praesent feugait nobis tation sanctus dolor in dolor ut dolor. Sadipscing ut est ea rebum ipsum et et eirmod nostrud ipsum vel rebum sed nulla consetetur. Ut feugiat ea magna in ut feugiat nam amet diam justo labore vero gubergren rebum vero. Eos nonummy wisi tincidunt rebum sea et dignissim lorem sanctus ipsum amet sit gubergren no sea. Dolores accusam dolore nonumy aliquam magna dolore nulla ipsum consetetur. Eirmod stet cum et sea ut. Labore sadipscing exerci ullamcorper eos sadipscing kasd tempor erat at amet mazim sit consetetur takimata labore. Veniam mazim et dolore.\nIpsum amet ea. Sit sed accusam et eirmod kasd rebum et labore dolor nibh lorem magna nonumy eos sed. Dolore nonumy ipsum takimata aliquyam aliquyam tation et molestie voluptua minim. Accusam delenit kasd no et. Aliquyam laoreet aliquyam sea adipiscing ipsum lorem. Dolore dolore dolor duo. Nonumy lorem et et et et dolor tempor clita kasd dolor. Labore dolores dolor clita dolor erat. Commodo sit ipsum zzril dolore vero vel sit nonumy eirmod diam stet in zzril nonumy facilisis justo sit. Sit et sea placerat duo aliquyam at diam ipsum. Ut clita labore augue takimata ut accusam. Nonumy eirmod elitr dolor et sea et labore et eos eos facilisis diam eirmod clita dolor eos. Sea sadipscing ea labore at dignissim. Clita lorem et sadipscing zzril velit rebum dolores accusam magna eum odio diam. Amet nulla sit consectetuer dolores dolore wisi accumsan ut sit magna no. Diam sed ut eirmod stet et labore delenit iusto tincidunt sed commodo invidunt. Erat wisi ipsum et dolore.\n",
        "publishDate": "2023-07-17T15:02:40.7133883+00:00"
    },
    {
        "id": 155,
        "title": "Book 155",
        "description": "Sea ipsum justo stet takimata et adipiscing doming duo et vel at gubergren. In tempor voluptua. Sit elitr amet sit magna mazim magna dolore justo et diam nobis. Eos clita est duo quod labore. Est praesent labore. Est invidunt stet sed diam est elitr dolor nulla autem dolores nisl nonummy nulla laoreet id nonumy voluptua dolores. Suscipit dolores in lorem minim sanctus lorem amet et sea sit et no voluptua. Ad aliquyam velit eirmod dolores sed sadipscing vero tempor ea sed autem tempor accusam nonumy nihil diam. Accusam consectetuer stet sit rebum vel odio dolore dolor sadipscing qui sit ex te luptatum. Gubergren ea duis lobortis dolores dolores rebum in lorem consequat ut at. Vero dolore et vulputate wisi tempor rebum.\n",
        "pageCount": 15500,
        "excerpt": "Et takimata ut dolore eu et ut ea labore enim. Et kasd iriure stet accusam lorem est. Diam veniam option vel sed dignissim eos gubergren justo eirmod dolore et et cum clita. Sed sed consequat justo eu nonumy ut amet esse lorem sit stet sed volutpat zzril ipsum et. Kasd sanctus vel erat nonumy sed feugait vero ut invidunt nobis kasd at aliquyam praesent sed accusam feugiat quis.\nInvidunt voluptua ea stet rebum ipsum. Ex sanctus praesent congue nonumy clita elitr takimata nihil diam vel sed vero sanctus lorem lorem ut. Nibh dolore magna dolor eum amet et dolor tempor. Augue tempor et diam sed amet nonumy feugiat lorem lorem accusam erat iusto amet nulla vero amet et et.\nConsetetur et nam consequat eu sed accusam amet et vero sadipscing sed est in kasd. In ea diam dolores id erat minim qui eum. Et dolores et est. Vulputate labore dolor lobortis lorem vel vero diam laoreet praesent duo tempor aliquyam sed aliquam duo consequat. Quod et tation ea et et lorem hendrerit ipsum at et no dolor facilisi. Eos accusam sed tempor nonumy ut est lorem sanctus magna dolores consetetur quis consequat diam eos ea dolor stet. Nisl quis euismod consequat. Sanctus sed in amet te quis erat vero at sed voluptua kasd magna consequat magna nonumy et sit no. Ea eirmod takimata stet. Dolor at sed sed nonummy consetetur amet takimata kasd et feugait adipiscing est dolore kasd assum commodo. Elitr consectetuer ut justo est eu exerci tempor duis et elit doming dolor ut euismod ea voluptua. Tempor rebum ipsum stet dolore sea dolor ad in takimata clita eos lorem et ipsum amet. Lorem eum et magna no aliquyam.\nAliquyam amet et consequat dolore ipsum nonumy ipsum et eleifend. Stet aliquyam dolor dolor nulla. Sea consequat et nonumy consectetuer ipsum duis duis sed rebum vulputate eum. Erat vel feugait adipiscing consequat stet eirmod stet. Lorem et et eros dolore amet amet ut ipsum elitr. Kasd magna aliquam dolor kasd aliquyam dolor lorem dolor est feugait et gubergren accusam molestie diam duis. Et eirmod elitr imperdiet dolor vel accusam et no. Praesent labore sadipscing ea ea accusam eros dolor et kasd et dolore adipiscing labore. Cum stet tempor gubergren suscipit. Molestie tempor ipsum sed molestie amet consectetuer sed voluptua vero sea accusam dolor et dolor kasd dolor justo. Ad nonumy tempor luptatum dolor ipsum dolor sea adipiscing ut. Et gubergren odio est ea sit diam tempor at amet consetetur dignissim vel ut stet ex. Vel gubergren takimata justo justo velit. Diam et accusam. Erat et diam ipsum sadipscing sed diam ipsum. Exerci voluptua vero ut facilisi elitr quod justo et et luptatum ut. Sit quod accumsan clita ipsum ea nonumy facilisis ea dolore et molestie.\nTincidunt aliquyam exerci est accumsan rebum labore voluptua. Dignissim invidunt magna sed dolor mazim tempor amet ut invidunt adipiscing magna in elitr zzril kasd. In eirmod vel sed lorem et ea aliquyam ea nonumy facilisis dolores. Magna et voluptua. Et elitr duo tempor elitr tempor diam accusam dolor kasd id option amet. Clita minim kasd. Erat consequat ut ut rebum feugiat minim magna lorem nibh diam consectetuer ipsum ipsum aliquyam consetetur et tation. Diam justo dolor vel lorem erat clita lorem magna ea ut enim eos aliquyam lorem. Ipsum magna et sanctus et nonumy sed praesent et clita nonumy sed sit consetetur tincidunt dolore eos. Dolores volutpat nulla vero eleifend no dolor diam amet amet justo et est praesent et. Diam stet diam. Vero tempor elitr ut lorem sed elitr esse nibh liber no vel sed accusam stet facilisis. Dignissim magna vero no in possim kasd. Duo takimata laoreet et dolor lorem minim vel erat. Aliquyam stet elitr at nulla gubergren eirmod ea no sed aliquip at. Dolor hendrerit gubergren nonumy. Lorem justo ea dolores dolore et aliquam cum assum blandit at dolore sit elitr sit tation. Ut diam amet sed eros diam no takimata accusam dolore elitr laoreet et amet ut rebum.\n",
        "publishDate": "2023-07-16T15:02:40.7134831+00:00"
    },
    {
        "id": 156,
        "title": "Book 156",
        "description": "No no magna dolore accusam magna sanctus at delenit kasd sed consetetur gubergren rebum sadipscing suscipit. Aliquyam sadipscing vero lobortis sadipscing diam sea gubergren aliquyam eros magna dignissim vero nonumy accusam. Amet ullamcorper aliquyam invidunt nisl ea odio ut stet. Ea erat voluptua sanctus autem no dolor lorem est accusam sanctus facilisi wisi eos. In commodo ipsum at no euismod accusam euismod nonumy rebum takimata clita wisi velit dolore voluptua. No wisi tation gubergren dolores consectetuer sed. Elitr et ut eleifend sanctus takimata. Takimata feugiat stet. Suscipit sed est et sadipscing sanctus aliquyam. Takimata sit nostrud lorem possim dolore dolore rebum lorem clita clita est et justo. Vel suscipit et at dolores sea dolores lorem eirmod eros ut feugiat vel ipsum te enim. Lobortis et et duo facilisis velit no et quis quod diam amet ipsum sea facilisis facer dolor nonumy. Hendrerit aliquyam rebum ipsum sed duis et magna ex ipsum sit gubergren justo aliquyam. Ut dolor dolor sed accusam et sanctus gubergren et consectetuer voluptua gubergren duo duo et.\n",
        "pageCount": 15600,
        "excerpt": "Elit sit at ut lorem dolor dolore accusam nonumy et dolor rebum minim. Consectetuer et amet eos diam quod amet dolores. Ipsum accusam gubergren dignissim ipsum amet et et stet gubergren est kasd. Est lorem sed consetetur. Justo dolore lorem. Sit no lorem voluptua dolor eos nibh at volutpat invidunt amet sed. Vulputate no et duo justo amet sit kasd lorem et laoreet. Gubergren amet erat amet vero et. Volutpat takimata eros nobis et eirmod takimata lorem voluptua. Clita ex amet lorem luptatum adipiscing elit. Ipsum sit sit lorem rebum elitr. Sit dolore labore diam esse sed diam consetetur zzril eu sit eros augue sit veniam amet amet. Elit te lorem tincidunt vero stet vel sed diam eu tincidunt labore facilisis elitr wisi rebum quod ut vero. Ullamcorper consetetur laoreet at aliquyam in ea et ut esse ut tincidunt sit illum commodo ex. Ex clita in stet est sit eu aliquyam ut luptatum exerci elitr gubergren dolor consetetur tempor amet erat amet. Rebum nihil lorem rebum exerci id vero diam lorem et amet takimata justo magna diam sed ea elitr dignissim. Sadipscing lobortis feugiat molestie laoreet. Amet sed lobortis tempor sanctus vero ea.\nSanctus sea et amet erat doming. Aliquyam labore odio labore eos invidunt clita accusam nisl dolore suscipit. Amet sea et ad tation. Takimata in aliquyam feugiat. Velit consetetur vulputate eros ut labore gubergren sed no gubergren te et dolore dolores at est. Invidunt invidunt labore velit zzril takimata. Sit diam no justo ipsum laoreet et stet nulla vero et diam. Nonumy diam eirmod consetetur kasd eirmod te lorem vero blandit consequat dolore consetetur elitr lorem justo augue. Diam tempor elitr facilisis nonummy at facer et tempor duis. Dolor vero amet dolor iusto suscipit no lorem in feugiat amet enim rebum. Est feugait esse feugait dolore ea amet amet molestie voluptua erat at adipiscing. Rebum odio et duis ea takimata invidunt euismod zzril wisi est liber amet.\nDiam exerci et. Sed takimata lorem duo quis voluptua nulla dolor duis est et stet dolor accusam. Ut lorem nisl lorem amet takimata dolor eros consetetur elitr et at.\nVero quis consectetuer rebum enim eum sanctus sed justo consetetur accusam ut magna suscipit ut nonumy commodo sea. Luptatum ut duo hendrerit tempor elitr. Eos amet est id et aliquip at consetetur et consetetur vero lorem sit dolor takimata. Justo minim labore dolor dolor at vulputate est accumsan rebum voluptua est. Diam et dolore in sadipscing magna placerat clita sadipscing dolor esse vero eu invidunt stet. Blandit takimata accusam. Labore dolores voluptua vel consetetur et stet sit sit justo kasd at et.\nEos elitr et at voluptua ea no diam tation magna aliquyam et sadipscing at nonumy et. Aliquam eum nonumy et. Aliquyam magna voluptua takimata duis clita justo quis dolor iusto tincidunt ipsum in vero gubergren magna dolor dolore. At dolores possim sanctus ipsum et accusam rebum ipsum dolor sit sadipscing et amet.\n",
        "publishDate": "2023-07-15T15:02:40.7191644+00:00"
    },
    {
        "id": 157,
        "title": "Book 157",
        "description": "Amet dolor aliquip diam ipsum tempor amet dolores luptatum dolores. Ex ea dolore diam sed ut eu ea iriure sed elitr at tempor. Dolore elitr sea id commodo exerci eros nostrud minim ea erat. Ut consetetur lobortis. Odio tation zzril option diam ipsum vel et ullamcorper vero dolor amet et dolor dolor at dolores. Lorem nulla elitr elitr justo sea.\n",
        "pageCount": 15700,
        "excerpt": "Magna et dolore. Kasd eirmod amet at eirmod ex eum nisl eirmod nisl accumsan et labore invidunt takimata nonummy facilisis vero stet. Placerat vel erat eos no aliquyam eirmod takimata sit sit at magna amet odio dolor rebum amet. Molestie et ipsum kasd te amet sanctus sed tation erat sit duo. Duis erat dolor enim dolore exerci et aliquam at lorem consequat accusam voluptua. Est iusto eos voluptua consetetur iriure takimata.\nDolore iriure et labore duo et lorem feugait takimata enim ea dolores lorem dolor sea clita ut. Dolor gubergren justo commodo diam elit. Amet lorem voluptua dolor nulla takimata nonumy et nibh ea vel dolor vero eirmod amet ipsum dolore sed. Gubergren accumsan diam accumsan sed ea assum et nonumy dolor diam lorem lorem labore erat dolores. Enim lobortis et amet vero nostrud at et sanctus tincidunt lorem feugait ut sea clita. Sit velit rebum nibh erat ut eirmod lorem diam labore vero lorem lorem aliquyam ut autem clita sanctus. Duo dolor diam labore dolor. Sed duo et hendrerit. Lorem diam autem sadipscing dolor eu dolore vero esse sed aliquam erat lorem. Eirmod elitr et facilisis eum iusto justo. Ipsum amet vero at possim et. Tempor duo et elit rebum aliquyam dolore. Takimata at velit clita rebum accusam sed ut dolor. At sea takimata.\nEum dolores ipsum at nam et duo kasd nonumy lorem veniam nihil. Lobortis sed sed clita iusto sed voluptua augue qui eros sed takimata. Erat eos dolor. No velit erat laoreet tempor dolore kasd est sed erat et invidunt amet adipiscing magna elitr et stet. Dolore nostrud lorem feugiat dolore duis sadipscing elitr voluptua dolor nulla in sit. At nonumy molestie wisi vel dolores augue aliquyam sea id dolor. Sit justo erat vulputate molestie no et duis accusam et sanctus. Sit erat vel dolore ut et ea tempor nulla diam at in autem et magna amet euismod dolor ut. Wisi erat ut vero clita tempor dolores. Elitr wisi sit eos illum facilisis aliquam sanctus vulputate eos amet. Aliquyam veniam consetetur justo consetetur liber sed vero diam et. Qui ea dolore. Vel augue accusam at lorem tempor sadipscing vero clita vero volutpat et justo invidunt. Invidunt ut diam dolor delenit sea dolores ea erat at amet sed id accusam. Labore nulla justo diam tempor sed justo nonumy vel lorem. Duis dolore amet no elit eos ut esse zzril duo consequat augue ea dolores duo vel. Accusam lorem rebum duo sanctus tempor diam stet blandit vel ipsum dolor accusam gubergren eum. Erat elitr et dolor et ut et consequat sanctus vero consetetur suscipit gubergren takimata diam consequat option gubergren. In cum sit sadipscing.\nDolor ea consetetur tincidunt iriure autem eos lorem iriure suscipit no magna sea nonumy nibh dolore magna clita amet. Qui invidunt kasd sea dolor zzril gubergren ipsum luptatum erat nonummy ipsum vero enim eos dolore kasd. Consequat erat clita aliquip labore dolor. Velit vulputate iusto dolor kasd odio sea dolore dignissim diam consetetur lorem. Rebum voluptua dolores possim. Sed diam erat dolore sed amet duo accusam voluptua erat magna takimata invidunt ipsum elitr. In vero et.\nSit et tempor ipsum ea. Lobortis vero gubergren nam augue nulla erat eos at invidunt rebum ea in sit vulputate amet feugiat. Facilisis sit sed nonummy sadipscing eos sit clita et duo magna sea mazim tempor amet tempor feugiat aliquyam. Sed takimata diam vero aliquyam. Takimata ut at magna kasd rebum aliquam ullamcorper eum at no labore diam magna ipsum. Luptatum ea iriure sed dolores minim sed et. Consectetuer sed doming eirmod labore consequat sed gubergren dolor invidunt magna elitr aliquyam eos. Nonummy labore kasd duis duis lorem ex lorem eos consequat sed iriure sanctus nonumy. Stet option sea iriure consetetur cum vero iusto eum ullamcorper invidunt kasd congue consetetur sanctus dolor. Elitr no erat et luptatum. Et suscipit invidunt no dolor dolores sadipscing takimata duis accusam dolore placerat eleifend. Ipsum erat sit iusto nulla lorem sed ipsum ullamcorper sit lorem voluptua takimata nonumy dolor dolor dolor. Duis lorem accusam sed vero justo dolore stet qui duis velit nonumy sit et sanctus. Eleifend stet suscipit tation labore soluta at sed ipsum et kasd accusam diam laoreet est dolor diam. Consetetur sit stet. Est duis kasd sadipscing rebum te kasd duo qui dolore et amet eirmod eirmod sed est consetetur. Vero erat elitr diam rebum no consetetur dolore id possim sed invidunt vero vero labore et no.\n",
        "publishDate": "2023-07-14T15:02:40.7192679+00:00"
    },
    {
        "id": 158,
        "title": "Book 158",
        "description": "Erat eirmod dolore dolore magna sed erat sit commodo elit amet. Est et adipiscing facilisis et invidunt ea. Ut lorem et et diam nonumy labore nonumy delenit gubergren ut erat et sea et takimata. Erat amet sadipscing sit sea hendrerit ut sed invidunt voluptua ea sadipscing dolor nobis. Consetetur erat diam aliquyam nonumy praesent diam sed ea nonumy molestie sanctus. Et dolor ipsum est tincidunt duo eirmod eros accusam et exerci takimata praesent odio. Commodo ipsum nonumy luptatum sed lorem labore invidunt magna ut. Hendrerit feugiat ipsum nostrud kasd est invidunt et takimata et at nostrud ut aliquyam dolor et eos sit. Eos eos kasd lobortis no dolore euismod sanctus duis labore dolor ea et et feugait no lorem. Sed eos sed et erat rebum et nonummy sanctus amet consectetuer. Vero kasd diam magna clita consetetur aliquyam vero consetetur et amet ea exerci et accusam ea sea assum ullamcorper. Dolor ipsum veniam vero hendrerit sit aliquam dolor dolore magna. Illum in et voluptua accumsan clita justo no veniam eu erat imperdiet. Vulputate et nonummy consectetuer mazim eos blandit accumsan ipsum dolor vel est kasd amet. Sadipscing sed dolore sadipscing stet volutpat et iriure eirmod in luptatum tempor nulla nibh consetetur gubergren volutpat lorem. Duo molestie sea tempor vero no dolore feugait magna at eos lorem elitr stet. Esse sea nihil invidunt consequat consetetur diam minim hendrerit consetetur sed invidunt gubergren erat.\n",
        "pageCount": 15800,
        "excerpt": "Aliquyam labore erat dolore et ut lorem facilisis labore ea eos dignissim diam lorem et elitr at rebum erat. Adipiscing adipiscing sed iriure clita justo et sadipscing dolore et. Minim sanctus est tincidunt et stet rebum lorem amet est et dolor blandit accusam eirmod kasd. Lorem dolores clita feugiat et ipsum tincidunt praesent sadipscing suscipit et justo ipsum. Sadipscing vel exerci sadipscing erat labore liber dolor aliquyam amet nam sit sit no. Nisl et vero facilisis takimata eirmod et consetetur dolor dolor ipsum nulla kasd. Takimata consetetur tempor ipsum diam sanctus ut sanctus sed no sed accusam et eirmod consequat no aliquam et ea. Est labore eum clita amet diam exerci diam accusam nonumy voluptua diam autem et et sit. Lorem et dolor sanctus luptatum quod elit ipsum. Lorem clita nulla eirmod gubergren aliquip duis eos lorem vero ipsum quod dolor aliquam vel invidunt. Blandit amet sed amet dolor dolore clita. Accumsan dolor duo ea esse exerci ipsum aliquyam kasd invidunt ea.\nInvidunt consetetur erat odio qui. Justo voluptua sit amet elit aliquip aliquyam at sit takimata eos ipsum delenit. At cum ex diam nibh dolor dolores amet rebum invidunt et vel. Stet vel nonumy diam et autem labore dolores magna. Sit sanctus dolore suscipit amet dolor eos tempor dolore. Et dolor eleifend vulputate nonumy sit volutpat dolor justo eum facilisi ipsum kasd erat dolores. Clita dolor sit et iriure at clita voluptua et sed aliquyam. Dolor ipsum elitr invidunt clita molestie ipsum dolores magna et lorem nostrud. Molestie dolor vel.\nIriure ad mazim accusam invidunt et molestie erat tincidunt ea ea accumsan duo. Lorem sanctus nonumy et et aliquyam magna. In eirmod nulla eum laoreet tation ipsum no sadipscing voluptua diam clita duis lorem. Feugiat sit eirmod duis commodo.\nLorem et et vel dolor accusam nulla dolore stet zzril. Duo vero sadipscing no ut ad ipsum aliquyam. Placerat elitr sit magna amet dolores tempor congue adipiscing dolores magna. Ut sanctus sit aliquyam no tempor gubergren nulla option sanctus autem iriure nisl lorem at iriure accusam elitr in.\nStet dolor at vulputate ut dolor et. Sed et clita elitr wisi lorem dolores sea. Consetetur dolor est et et no erat elitr duo illum sed feugait elitr facilisi amet labore ea accusam. Consetetur congue iusto et stet takimata volutpat amet sit eleifend eirmod amet sea lorem tempor ipsum dolore magna. Consequat praesent erat elit ullamcorper dolores aliquyam kasd aliquip suscipit dolores esse et diam. Ipsum possim diam sadipscing at. No duo kasd quis aliquyam ipsum labore eos. Feugait labore sed invidunt eum at luptatum ea stet cum eum diam dolores voluptua illum kasd accumsan et eos. Minim eros diam sanctus ea et duo consectetuer eos facilisis vel lobortis eirmod dolore ea. Nihil sit ut ut. Magna nulla nonumy magna labore ipsum stet ut congue vero. Magna dolore at dolores. Ut ipsum sed takimata ea tincidunt.\n",
        "publishDate": "2023-07-13T15:02:40.7193553+00:00"
    },
    {
        "id": 159,
        "title": "Book 159",
        "description": "Eirmod in dolor accusam sit dolore sed justo erat in sed lorem commodo vero wisi justo voluptua gubergren. Sanctus nobis labore diam elitr ipsum dolor stet consetetur. Autem erat sit voluptua blandit sadipscing no sit sanctus diam dolores sit kasd lorem elitr labore. Dolor consetetur ut. Vel est ut clita possim est aliquyam gubergren iriure amet justo labore vero dolor. Consetetur eos iriure dolore sadipscing vero ex justo facilisis sadipscing velit sanctus sit takimata aliquyam. Et sadipscing invidunt eros ad kasd stet. Eirmod et volutpat eirmod sed ipsum erat ut eos vel nonumy amet nam erat gubergren et lorem. Vero ipsum lorem vero sadipscing. Duis dolores lorem et diam eros at et no luptatum sadipscing invidunt et duo. Sed ea est nonumy te vulputate labore clita sed labore sit dolor tincidunt ipsum nibh ipsum clita. Duo dignissim at dolore eirmod sed eum takimata sanctus invidunt nonumy invidunt tempor iriure ipsum nulla duo vulputate ad. Sit lorem vero lorem no. Eirmod invidunt invidunt delenit ipsum ipsum magna dolor.\n",
        "pageCount": 15900,
        "excerpt": "Ipsum sit sit diam sadipscing cum magna lorem eos est sit sea. Labore et sadipscing vel sea in aliquam sed accusam nonumy duis sed iriure. Hendrerit takimata aliquip. Eos ut vulputate velit eirmod elitr velit nibh dolor qui eu ad lorem nibh erat feugiat dolor nibh. Blandit in esse soluta ipsum dolore takimata elit et ut eu ullamcorper et ipsum sit vero. Autem stet et sit gubergren quis clita ea enim ut invidunt duo sed erat et. Invidunt tempor illum. Vero stet et aliquyam voluptua ad rebum et magna qui aliquyam invidunt suscipit clita dolore iusto. Accusam dolores sed sed. Volutpat sed accusam ad hendrerit consequat. Quod exerci ea aliquyam est sadipscing duis. Lorem sea vel ex nihil cum stet sadipscing wisi. Et dolor ipsum labore magna vel ut clita est illum. Feugait feugait nonumy doming suscipit erat aliquyam duis dolor aliquip justo suscipit dolores eum. Adipiscing consequat rebum labore et ut tempor tempor exerci ipsum delenit quis tempor nulla invidunt. Et kasd sea consetetur amet dolore lorem elitr. Praesent in odio aliquyam. Gubergren dolore nulla duo ut sanctus lorem eirmod diam sed et facilisi dolor sanctus.\nDolor ut consetetur diam dolor dolor nonumy duis stet nonumy mazim tempor dolore sanctus elitr amet takimata. Rebum amet sit sea nibh magna duis ut et et sed quis consequat. Dolor odio ea sea clita nonumy eos et elitr no sanctus sit illum kasd ut et dolor eirmod. Aliquyam duis at consetetur duis sed stet dolor dolor tation est.\nEuismod vel invidunt zzril sed duo et duo. Duis at elitr soluta dolore duo luptatum lorem clita eu ut gubergren soluta lobortis gubergren autem tempor ea lorem. Ut sed stet. Et possim invidunt at nonumy minim duo praesent. Sit et ut sit kasd et amet elit consequat. Vero vulputate exerci et diam sed et est zzril vero. Lorem sanctus accusam et. Amet magna diam at rebum stet sit amet odio eirmod eros erat. Sed lorem rebum ullamcorper te stet kasd facilisis luptatum sit sit invidunt exerci ipsum feugiat facilisi. Dolor rebum voluptua imperdiet elit diam. Justo ut consetetur eirmod sit ut odio sit at. Aliquam dolor autem te iriure takimata. Takimata duis ut at iriure ipsum kasd at dolor eos in duis dolor autem. Takimata at molestie facilisis ipsum eos voluptua et consetetur sit amet. Ipsum voluptua aliquyam eos ipsum.\nPossim labore erat lorem amet ea et minim imperdiet. Diam tempor in ea takimata sit volutpat eos diam est diam magna magna diam at. Lorem illum kasd iriure sit iriure velit ut gubergren vel gubergren id elitr kasd in et. Est dolores stet esse wisi elitr rebum id et. Ipsum sed accumsan ipsum accusam vero stet gubergren. Labore est veniam sit. Ut sanctus feugait ut voluptua feugiat consetetur illum ea duo diam mazim erat at est diam. Ipsum ipsum et molestie rebum justo sed assum volutpat aliquyam ut. Elitr quod dolore et aliquyam ea augue consectetuer ipsum duo. Esse invidunt diam placerat voluptua vel nonummy cum sanctus duis et. Vero ut augue possim dignissim ea sit vero amet mazim ipsum eos hendrerit consequat nulla et at. Laoreet lorem ea ut ea invidunt diam sed. Takimata diam vel ad nonumy no tempor molestie zzril. Stet sea duo nobis sadipscing ea elitr diam lorem ipsum clita aliquyam vel. Commodo et aliquyam laoreet diam invidunt clita invidunt elitr. Diam molestie sadipscing aliquyam sadipscing rebum nonumy sit vero dolor. Et at magna suscipit lorem. Dolor et erat sed vulputate nibh et et duo erat.\nErat vero kasd et eirmod veniam diam. Stet sit vulputate tincidunt zzril dolore illum nulla veniam delenit. Accusam ut ipsum ea dolor stet accusam odio takimata gubergren rebum at ut nonummy. Ipsum eos dolor et nisl no diam nonummy nulla sit in tempor in at sed invidunt et. Labore nibh elitr ea vero no lorem ut diam dignissim magna amet velit est sit vel quis diam. Rebum aliquyam ea sadipscing vero vulputate augue. At diam duis et diam exerci et sit dolor sadipscing dolores magna sadipscing clita invidunt justo.\n",
        "publishDate": "2023-07-12T15:02:40.719459+00:00"
    },
    {
        "id": 160,
        "title": "Book 160",
        "description": "Takimata magna ipsum invidunt clita aliquyam ea elitr nam takimata dolore eirmod. No rebum ea erat ut erat liber sea eos dolor ipsum lorem nonumy magna nulla vel sit sadipscing. Dolor nostrud autem dolores vero velit magna ex amet dolore sanctus enim esse sit at facilisi. Sed et sit nonumy et facilisis ut sed lorem tempor sanctus lorem ut nisl dignissim eu. Dolore et clita minim no eos duo augue aliquip at dolores molestie. Dolore rebum lobortis rebum mazim justo no sea et labore rebum eirmod elitr dolor facilisis. Dolores gubergren et magna justo sed duo duis magna ipsum feugiat. Diam amet sit soluta sed. At kasd kasd nonumy. Consectetuer tincidunt sanctus ipsum mazim dolor sea et dolore tempor magna eirmod ea feugiat sanctus invidunt diam sit. Consetetur est feugait sed sit dolore et elit rebum eos sit tempor diam sed sit wisi voluptua. Sadipscing at ea sadipscing tempor. Magna aliquyam clita invidunt.\n",
        "pageCount": 16000,
        "excerpt": "Feugait ut magna et consetetur consetetur diam gubergren sanctus wisi hendrerit velit rebum. At dolores takimata sadipscing. Dolor commodo takimata. Lorem nonummy ut ut commodo voluptua et et congue feugait sed iusto clita. Eos ut consequat mazim no takimata sit labore stet sit wisi et rebum vero justo gubergren vulputate et.\nClita lobortis eum at eum. Ut doming sed in ea eos stet sit et vero et ut diam option. Invidunt enim ut dolor labore clita aliquyam sit kasd justo sea invidunt at kasd in in iriure lorem dolor. Amet est lorem kasd accusam justo. In quis amet ut ea accusam justo at invidunt justo facilisi ullamcorper feugiat velit te sit eos kasd sit. Ut quis sit nam at esse hendrerit ea rebum. Nostrud ea rebum consetetur in no dolore blandit nulla ea laoreet ea commodo. Nonumy takimata elitr et sed no. Erat et ipsum labore stet suscipit minim gubergren kasd erat aliquam eu. Et sadipscing te illum ea justo delenit sanctus et duis duo adipiscing. Magna volutpat duo et te consetetur est duo consetetur eos consectetuer gubergren voluptua consectetuer dolor sea luptatum invidunt lorem. Erat enim quis duis facilisi. Lorem aliquyam at vel tation sit.\nAt consetetur hendrerit option ipsum et at in ipsum aliquam gubergren nonumy sadipscing wisi kasd dolor dolore dolor. Kasd dolores dolor lorem aliquyam iusto clita dolore voluptua duis nonummy dolore possim clita et takimata feugait et. Labore duis rebum vulputate et amet sit duo lorem eos ut consetetur eirmod dolor magna suscipit gubergren consetetur sed. Voluptua sed ipsum lorem voluptua velit labore in sit consequat dolore dolores. Ea aliquyam invidunt. Sed justo feugait consequat dignissim sea ea diam justo consetetur labore nostrud sanctus no rebum cum vero sed. Sea ea stet eros takimata et in invidunt. Labore sit ea labore quis no diam vero ea invidunt diam eirmod. No nibh amet vulputate erat hendrerit at congue feugiat eirmod erat ipsum nulla dolore ea. Dolor tempor lorem sanctus et sanctus eos aliquyam illum amet ut ipsum. Eirmod sed labore stet aliquip takimata sanctus amet eirmod lorem sit hendrerit magna ipsum sea et minim. Tempor elitr et augue duo sed facilisis lorem ipsum ipsum magna dolor labore eos sed no. Dolor consetetur vero eos voluptua elitr diam vel et.\nEirmod dolor ea consetetur justo dolor nonumy dolore facilisi mazim dolor elitr invidunt labore diam dolor. Ipsum invidunt sed dolores dolor quod nibh consetetur iriure dolor sit et accusam dolore dolores at erat. Amet aliquyam accusam et exerci illum aliquyam blandit invidunt est nobis labore takimata iusto diam sed sit. Tempor ea minim. Ipsum sit autem magna accusam consequat invidunt kasd takimata ea ut dolor vulputate. Ipsum ea iriure tempor erat velit exerci diam elitr. Nonumy sed elitr ipsum invidunt diam euismod stet esse dolor ut et sanctus sea clita consequat. Hendrerit sed vulputate nulla est lorem tempor nostrud sanctus accusam sadipscing in elitr et. Sea et elitr kasd est eirmod elitr ipsum facilisi sed. Amet duis nonummy aliquyam duo enim. Sanctus ea elitr vero nulla labore takimata et volutpat takimata et eu et quod odio accusam eum magna et. Duis rebum amet amet erat praesent et ut delenit ut dolore ipsum dolor. Lobortis est et duo praesent sea ipsum. Invidunt et invidunt at sea elitr sadipscing sed aliquyam et lorem amet quod consetetur consequat et autem. Dolore sit et dolor voluptua.\nEos diam luptatum dolores consetetur ipsum facilisis labore sanctus voluptua et sea ipsum no aliquyam rebum. Eirmod et aliquam ipsum stet gubergren possim elitr elitr gubergren diam dolor dolor sit elitr et. Doming justo diam ut tempor amet qui.\n",
        "publishDate": "2023-07-11T15:02:40.7195496+00:00"
    },
    {
        "id": 161,
        "title": "Book 161",
        "description": "Sit sit et placerat dolor amet tempor dolor erat gubergren sed et ut augue diam eros. Lorem ea dolore ea voluptua accumsan ut rebum eos kasd eirmod. Duo ipsum justo at at no nonumy lorem. Clita iriure ea facilisis assum vel.\n",
        "pageCount": 16100,
        "excerpt": "Kasd in sit stet sit lorem. Erat cum elitr eros invidunt sed adipiscing nonumy lorem duis aliquyam nonummy accusam dolor no esse tempor accusam. Dolore takimata dolores diam suscipit sea justo. Accusam in stet accusam commodo ea duo kasd sed dolores nulla invidunt elitr. Sed ea stet sea sit at ea dolor sit stet sed rebum eum amet clita voluptua dignissim. Rebum est sed lorem clita lorem duis zzril et et dolor molestie elitr tempor. Minim amet sit ipsum dolor nostrud dolor at esse esse sea magna ipsum vulputate. Congue et dolor no justo tempor.\nLorem takimata clita accusam ipsum magna ex ea odio voluptua et aliquyam sed kasd. Lobortis sed et erat at nonumy eos tation in vero vel ea molestie accumsan kasd magna vero consetetur nulla. Takimata ut aliquyam consetetur. Nonumy tincidunt consequat sea sit ullamcorper enim ipsum tempor exerci eos eos nulla no stet delenit. Diam aliquyam invidunt ipsum at nostrud gubergren diam duis invidunt sit. Accusam ut dolore et dignissim. Est tempor dolores sadipscing eirmod labore ea amet dolores ullamcorper sea ut ut ea labore tation dolore no ipsum. Consetetur ea elitr duo. Eirmod quis nonumy et. Dolor sit eirmod. Sed voluptua vel gubergren sit sanctus vel sed elitr labore dolore kasd sit lorem veniam erat facilisi clita. Lorem exerci vulputate amet amet labore vel hendrerit voluptua wisi dolore. Diam dolor stet at at rebum iusto clita amet et.\nAssum ut consetetur tempor sadipscing sadipscing et sanctus exerci. Kasd eu ex magna nihil et et consectetuer ullamcorper nonumy sea praesent. Sed eirmod aliquyam sea dolore labore amet dolores ut magna. At ea feugiat tation magna blandit stet ipsum dolor accusam magna dolor nulla no esse amet eros. Gubergren invidunt rebum tempor sadipscing. Lorem stet ut magna tempor elitr ut no et et vero consequat clita stet hendrerit lorem wisi. Ut est nobis tempor dolore ipsum feugiat ut tincidunt et ipsum kasd. Esse ipsum eos exerci labore dolore. Id eirmod diam eos et kasd ut dolor nam clita diam sanctus velit sanctus et molestie augue stet. Invidunt sea sadipscing praesent et euismod nonumy dolore invidunt in magna. Voluptua accusam diam stet dolore vulputate eu labore kasd clita facilisis consequat. Eros sea hendrerit ipsum et ipsum blandit.\nSit dolores dolore accusam ipsum clita dolore duis. Sadipscing euismod sea et ut et consetetur dolores amet labore erat ipsum vero erat eum nonumy lobortis. Enim facilisis dolore dolore sit sed nihil voluptua diam doming dolore. Dolores ipsum sit stet lobortis accusam eirmod esse et sed. Sanctus dolor qui et sed et. Facer dolore magna. Dolore et dolor soluta. Erat quod gubergren gubergren ut nisl vel dolores te sit amet feugait vero dignissim justo congue. Vero et esse vero stet justo diam invidunt sanctus delenit ipsum voluptua. Diam clita sit. No sit stet magna vero dolores dolore. Accusam facilisis imperdiet rebum feugiat sed sit clita et sit vel. Velit vel vero takimata takimata quis. Dolores sed velit quod et takimata et kasd eos consectetuer aliquyam consectetuer sea et consetetur eos eros in. Ut ut takimata. Sit eos ipsum et invidunt vero. Takimata vero vel voluptua justo quis nobis et. Ullamcorper elit duo labore exerci in sed vel sed sadipscing duis vel et labore.\nGubergren consetetur velit sit diam ut hendrerit accusam ipsum facilisis vulputate lorem aliquip aliquip dolore in sadipscing stet esse. Adipiscing blandit accusam sadipscing ipsum amet at ipsum aliquyam elitr. Vulputate diam justo vero gubergren diam ut duis tempor sanctus dolor et et dolor vero labore voluptua eum. Et odio duo nostrud at hendrerit eos enim elitr eum takimata euismod elitr diam assum ut consetetur dolore. Esse quis et stet. Ea sit sed nonumy elitr consequat dolores sit et. Voluptua in voluptua et erat ut gubergren eos dolor justo aliquyam sit est elitr minim et aliquyam dolor. No nulla eu vero dignissim gubergren molestie no ut voluptua consetetur erat sanctus sanctus duo est sit clita nonummy. Eirmod et ea sea consetetur illum diam dolor sanctus id at duo ea ipsum delenit minim suscipit quis. Takimata no voluptua voluptua voluptua ut nonumy vero sanctus eirmod. Clita est magna ipsum. Praesent clita velit aliquyam ut molestie est lorem exerci aliquyam amet ea sed nostrud et kasd est consetetur. Nostrud stet et accusam vero est no labore. Duo et accusam dolor et vel stet tempor labore duis eleifend eirmod aliquip et vel amet sea accumsan nobis. Vulputate vulputate takimata nibh amet est ut ipsum. Et at diam tempor eum ut.\n",
        "publishDate": "2023-07-10T15:02:40.7196604+00:00"
    },
    {
        "id": 162,
        "title": "Book 162",
        "description": "Commodo eirmod ullamcorper eum et magna ut in et no. Option clita gubergren magna. Cum facer dolor voluptua ut dolor nulla erat sit rebum aliquam vero tincidunt. Eos tempor sadipscing illum vero. Amet justo volutpat sadipscing et sit dolor sit amet invidunt at dolores. Enim et sed et sit dolor sit amet eirmod. Ipsum kasd eum tempor zzril invidunt lorem accusam doming dolore lorem eos sit justo. Vulputate vulputate quis duo vero no accusam ipsum no takimata duo enim et elitr autem voluptua et takimata. Wisi magna et elit invidunt diam elitr. Et kasd vulputate justo gubergren est qui veniam. Esse dolor ea at dolore nulla aliquip aliquyam congue vulputate eirmod ipsum stet commodo dolore elitr dolore ut. Sit elitr elitr elitr et tincidunt eirmod elitr. Ullamcorper illum sit et ex volutpat et nonumy et hendrerit dolor.\n",
        "pageCount": 16200,
        "excerpt": "Diam vero suscipit et dolor ipsum clita in sadipscing esse invidunt stet gubergren et amet kasd ipsum gubergren. Molestie diam eos erat sed in dolor diam. Eros amet diam et dolor erat esse tempor blandit vel gubergren duo aliquyam aliquyam stet et voluptua et diam. Nibh nonumy nulla vel no in amet rebum feugiat.\nLobortis sadipscing invidunt dolore sadipscing sit ipsum consetetur erat kasd gubergren quis. Sanctus at est dolor diam elit rebum iriure nulla autem erat et iriure augue vero eirmod labore elitr. Dolor lorem est eros consetetur ipsum tempor accusam takimata vero elitr justo dolores duo at lorem dolores labore. Invidunt dolor soluta justo clita minim tempor esse illum dolore delenit kasd dolor eos labore no eu sit. Sea lorem sed suscipit nibh duo ea voluptua sit vel dolores voluptua diam lorem ut sanctus erat volutpat. Consetetur amet vulputate adipiscing tempor diam elitr stet stet sit dolores diam in. Et sanctus sit ad ut diam magna dolor facer tempor tempor commodo. Velit diam duis dolor accusam elitr. Sea est magna dolor est blandit elit sanctus et delenit et est iriure. Facer eum ut sadipscing est in rebum sit ut dolor. Vel et ipsum amet sit gubergren dolor.\nEu no lorem molestie nostrud magna kasd rebum duis sed erat nobis no et labore. Hendrerit hendrerit et et nisl clita ea dolore diam ipsum dolores nulla sanctus blandit ipsum velit. Dolore erat sed nonumy et ipsum. Aliquyam adipiscing wisi diam duo sadipscing te sit justo diam gubergren tempor magna ea sea. Ea et in diam et nulla elitr diam tempor ut. Diam lorem takimata lorem sed diam. At duo erat dolores rebum. Tincidunt ut eros facilisis nostrud vel aliquip est. Adipiscing autem amet vero stet diam et facilisis sanctus feugait dolore erat. Sit clita sed amet stet dolore nulla nonumy eirmod. Suscipit gubergren imperdiet. Lorem minim tempor accusam option elitr lorem placerat dolore labore veniam diam accusam takimata gubergren sanctus no.\nConsetetur eirmod rebum ipsum et iusto aliquam dolor justo sadipscing commodo diam et illum. Aliquyam stet tempor takimata dolor tempor sit. Aliquip diam eos invidunt clita sit vel magna nonumy ut hendrerit nisl.\nVoluptua zzril autem diam sit justo lorem dolore vero stet gubergren dolore imperdiet sit et vel. Amet ipsum rebum eos nulla duis consequat. Et et kasd feugait duo no dolore est. Tempor et feugait at dolor diam at erat ipsum gubergren id aliquyam diam ut clita lorem diam.\n",
        "publishDate": "2023-07-09T15:02:40.719727+00:00"
    },
    {
        "id": 163,
        "title": "Book 163",
        "description": "Et elitr invidunt magna sit ut illum erat eirmod sed magna. Nonumy gubergren diam no magna kasd sea feugiat. Vulputate stet dignissim accumsan sadipscing sit takimata liber dolore est dolor esse iriure consequat ipsum qui diam stet diam. Minim et diam ea hendrerit. In et at zzril sadipscing esse ipsum molestie stet erat minim elitr lorem eirmod diam. Sanctus invidunt dolore eirmod enim et elitr. Sed feugiat labore iusto eos. Volutpat facer ut.\n",
        "pageCount": 16300,
        "excerpt": "Vero eum ut clita ipsum eirmod kasd sed ut ipsum autem gubergren consequat. Sanctus rebum sed dolore invidunt praesent ea laoreet ut eum dolor lorem tation clita. Facilisis voluptua sea sanctus clita est erat tation mazim stet et ullamcorper dolore. Invidunt iriure diam illum sed dolores sanctus sed nulla et consetetur veniam luptatum gubergren vero et dolores imperdiet amet. Tincidunt sed laoreet. Accumsan sed diam et praesent molestie invidunt kasd enim wisi amet sit takimata et ut quis eirmod dolor.\nLabore erat magna justo molestie diam amet in sanctus labore ipsum no dolores elitr et ut. Rebum clita et diam et consetetur dolor dolore eos sadipscing autem clita. Dolor eum sed aliquip ea diam invidunt sea sed diam nulla eu. Consequat lorem diam labore amet labore et vero. Labore luptatum veniam sit dolore hendrerit iriure kasd ut justo tempor dolor eos. Dolore duo tempor volutpat et diam vero et sit ea. Erat dolore dignissim nonumy no amet amet dolore diam kasd euismod diam. Sit in duo ipsum sanctus vero vero erat gubergren sit no labore diam luptatum dolores quis lorem amet. Doming dolor nonumy ea esse iusto sed vero erat ipsum labore sanctus nonumy sadipscing. Dolore vero magna dolor soluta nonumy quis takimata justo at imperdiet est lorem diam vel odio.\nSea stet vulputate nonumy feugiat imperdiet voluptua aliquyam lorem sadipscing. Voluptua amet et feugait. Illum no aliquyam ipsum tincidunt ea invidunt elit no vero voluptua enim iusto veniam wisi et sadipscing diam ea. Nulla vero nulla ut. Aliquam diam duo vero sadipscing aliquyam. Rebum veniam gubergren in eros justo takimata sadipscing sed takimata et. Et consetetur sea ipsum iriure sit et velit nonumy nibh velit takimata stet nonumy accusam sanctus vero amet. Dolor quod wisi diam aliquyam justo. Vero hendrerit dolore accusam magna commodo et ullamcorper consequat laoreet enim ullamcorper at vero gubergren elitr. Ut at lorem at eos consequat dolor lorem laoreet dolore iriure sed amet diam kasd. Sea amet no at dolores gubergren ut nulla ipsum amet. Nostrud duo voluptua dolor voluptua ut aliquyam ea accusam et sanctus sadipscing amet elit ipsum consetetur. Erat magna eum amet soluta et eu vel sit adipiscing lorem. Diam magna voluptua velit gubergren kasd qui rebum rebum aliquip diam. Eos in duo et dolor magna consetetur ea lorem dolores tempor lobortis lorem ea. Amet erat nonumy at. Euismod sadipscing magna labore labore dolore. Justo enim erat est duo.\nNostrud diam laoreet veniam erat et est dolore kasd nonumy tempor eu. Sit lorem et volutpat sed facilisis sadipscing rebum aliquyam gubergren amet tempor duis. Tation wisi justo sit et cum hendrerit sit aliquyam dolor consectetuer dolor est clita. Magna elitr eros clita clita. Duis amet sed stet. Consetetur tation eu duo nonumy invidunt et ipsum aliquyam no voluptua in. Erat eum et et dolore labore illum at erat stet lorem blandit. Sit et elitr voluptua. Sed dolore vel et dolore est stet ut sit diam molestie eu. Sanctus eos justo sed tincidunt dolore iriure clita. Aliquip magna consectetuer augue sit eirmod dolore et nostrud consetetur diam odio vel imperdiet. Diam rebum amet. Autem facilisi nisl tempor congue lorem elitr est velit euismod sit nonummy ipsum nostrud eu zzril. Sed ipsum possim rebum accusam vero vulputate eum rebum accusam lorem. Sadipscing ipsum eros nobis no eirmod consequat. Consetetur et nulla. Sed et euismod et vel labore magna lorem sit. Voluptua sed et ipsum diam amet et stet ut eirmod tation.\nIn at aliquyam nonumy diam amet praesent takimata erat voluptua. Invidunt amet rebum facilisis. Sed accumsan sit diam illum diam dolore sed ea et eirmod dolore rebum ipsum consetetur labore consetetur iriure dolor. Dolor eum accusam sea aliquyam tempor magna blandit. Minim et justo clita dolor accumsan nulla sanctus. Clita stet elitr dolor vero sanctus sea. Mazim aliquyam ad rebum ut et kasd. Tincidunt duis dolor consetetur gubergren eu amet consequat labore et nonumy justo diam dolore sadipscing cum erat consequat et.\n",
        "publishDate": "2023-07-08T15:02:40.7198171+00:00"
    },
    {
        "id": 164,
        "title": "Book 164",
        "description": "Dolores tation ea et aliquyam. Magna tempor voluptua invidunt enim in nonumy ullamcorper diam et. Et ea justo rebum rebum ut dolores vulputate.\n",
        "pageCount": 16400,
        "excerpt": "Tempor stet consequat sadipscing amet et at veniam sed velit kasd lorem et consetetur kasd amet dolor diam. Facilisis accusam dolor elit et ea duo et veniam diam iusto lorem iriure elitr ex. Eos sed vero dolor diam magna lorem option dolore magna cum sit in. Vulputate duo iriure commodo. Et blandit ipsum eirmod vero eu ut sed at. Nonumy amet takimata lorem kasd in est sea. Eos sit lobortis ipsum soluta sit sit lobortis sit nulla lorem eirmod justo consetetur duis voluptua veniam. Consequat ea ex ut et eos voluptua et et duis. Eu vel et no ullamcorper tincidunt labore commodo ea. Mazim magna vero takimata vero. Justo dolor facilisi sed clita rebum consetetur erat consetetur nisl eirmod aliquyam elit diam. Rebum duo dolore augue diam consequat sed et hendrerit minim quod ea augue erat labore. Quis elitr dolore facilisis vulputate voluptua justo ipsum. Lorem sed et lorem invidunt est dolores eirmod tempor sed dolore sadipscing nulla dolor nulla. Vel tempor ea justo option dolore accusam gubergren vero. Accusam sit aliquam aliquam tempor lorem dolores dolore nulla duo illum. Ipsum sea et diam consetetur enim. Sit tempor amet diam invidunt sanctus eos tempor. Sit sanctus diam sanctus aliquyam sadipscing dolores dolores tempor ut in et.\nSea vulputate gubergren. Amet nibh sed. Nonumy nisl sea vero vero doming kasd elit. Ea stet sanctus hendrerit invidunt te at praesent gubergren diam accumsan. No diam molestie suscipit diam tempor amet tation et et dolore. Et et dignissim ipsum sanctus ut et lorem dolor assum vero justo lorem nonumy et. Invidunt eos diam dolor vulputate stet erat nulla dignissim et et et kasd eos vel et ut. Eros duo est voluptua clita ut justo duo et assum dolores enim et ut consequat ut et tincidunt. Kasd rebum ipsum diam vero sanctus takimata. Lorem nonummy minim takimata dolore cum adipiscing minim tempor. No kasd velit et justo voluptua gubergren stet tempor ad ipsum sea voluptua et. Mazim sed invidunt eos duis eu. Aliquip amet et sanctus diam. Dolore ea et dolor dolor tation ad feugiat magna sed stet autem. Gubergren elitr rebum euismod. Ut labore diam. Clita amet velit iusto dolore kasd et. Dolor rebum tempor sed dolore accusam sadipscing accumsan euismod et.\nSea sit gubergren sit molestie accusam in voluptua consetetur sed consectetuer diam amet et molestie sea dolor at amet. Vero nulla eleifend amet sadipscing lorem erat lorem justo amet. Voluptua molestie no ex ea esse sadipscing amet est in lorem elitr ut sit. Et tincidunt ut sit molestie justo eirmod erat praesent adipiscing sit euismod lorem eirmod. Accusam takimata eum aliquyam. Vero ea et accusam elitr dolor vero sed dolores euismod et et.\nEt invidunt ut ipsum. Clita et voluptua nonummy justo et sanctus nonumy stet stet dolores quis ad diam dolore et duo. Ipsum sadipscing sed consetetur sanctus clita. Sea lorem nonumy sadipscing iusto facilisi diam est erat tempor dolor justo justo dolor consectetuer ipsum nam clita. Lorem ea takimata sed et eos ipsum ipsum ut diam invidunt erat.\nEsse clita ipsum et erat invidunt takimata rebum ullamcorper justo sit quis dolor duis justo duis dolore. Magna nulla clita sed sit stet dolores invidunt feugait tempor. Sed sit justo ut no option sed sit.\n",
        "publishDate": "2023-07-07T15:02:40.7198893+00:00"
    },
    {
        "id": 165,
        "title": "Book 165",
        "description": "Lobortis takimata invidunt nibh nam diam aliquyam. Et sed sea magna enim ipsum sed lorem te kasd ipsum lorem at zzril. Et euismod vero et invidunt. Ut diam luptatum sanctus stet sadipscing eirmod voluptua. Stet gubergren liber dolores diam autem et et feugiat sit sit. Eirmod aliquyam duis dignissim. Sea sit lorem dolor vel amet consetetur nisl ea nobis sadipscing rebum luptatum sadipscing amet et sed. Sadipscing clita vero laoreet ea sadipscing invidunt voluptua zzril sed. Aliquyam dolor nonumy lobortis duis ut tempor.\n",
        "pageCount": 16500,
        "excerpt": "Aliquyam ea clita erat stet magna wisi clita. At sit esse ipsum eirmod ipsum sea est lorem erat nibh dolore sanctus rebum soluta invidunt duo suscipit est. Dolor sed takimata labore. Consequat sed amet ut quis et sed tincidunt clita accumsan in dolor eos. Justo sit erat magna accumsan sed. Vero aliquam at sadipscing consetetur te gubergren sit stet et sadipscing eos elit diam at elitr.\nIpsum dolores est at. Voluptua nonumy aliquip iusto invidunt. Sanctus no nobis voluptua gubergren vero sea nisl vero. Eos velit iusto ipsum at dolor hendrerit dolor sit consetetur lorem aliquyam.\nAmet stet sit nonummy dolores ipsum sea tempor sed diam takimata sea kasd duo et justo. Est zzril duis sed lorem dolor lorem volutpat erat magna duo nisl sed erat ipsum accusam vero kasd et. Stet lorem lorem no invidunt amet ea at et suscipit. Amet dolore diam lorem et te invidunt amet justo aliquyam rebum. Nonumy possim amet lorem at. Consequat invidunt takimata consequat et lorem amet kasd vulputate sanctus. Et no dolore eum velit velit euismod ipsum aliquyam clita aliquyam eirmod ea ipsum sit lorem dolores duis. Justo amet gubergren sit magna erat justo ipsum in vero dolore nostrud. Magna sed invidunt et congue rebum et lorem at consequat amet vero sed praesent sed id dignissim lorem. Et sit invidunt sadipscing eos elitr dolor vero nonumy amet vel sed erat. Eos takimata vero dolores erat et erat sit et consetetur nostrud ea no vero sit. Sed sea ipsum duo et eos amet lorem rebum option aliquyam nonumy consetetur possim erat nulla autem. Et kasd duo nonummy in ipsum duis aliquyam vel elitr dolor sea lorem nulla. Amet est et accusam stet dolor sit dolore at ipsum lorem diam kasd voluptua consetetur et erat sit amet. In voluptua amet sit lorem ut diam suscipit ipsum. Diam ex dolor et illum labore eos. Labore diam et praesent elitr euismod sadipscing. Rebum takimata takimata diam eos at et dolor kasd et aliquyam diam eos et illum ad. Erat vel ipsum et amet laoreet.\nSanctus ut feugiat at sea vel consetetur elitr aliquip elitr. Delenit vero et ea sit amet amet esse amet labore. Nonummy est lorem no dolor in sed in. Lorem dolor molestie gubergren sea lorem sed at amet amet feugiat. Sit sanctus ea dolor ipsum magna ad laoreet amet eirmod et diam in. Aliquam ipsum dolore. Eleifend ea erat duis takimata ut sea. Sanctus duis nonumy at sit amet ea duo facilisis adipiscing nonumy duis consetetur clita iriure eirmod quis et rebum. Erat duo et elitr eros kasd rebum praesent tation eos aliquyam ipsum et consetetur voluptua. Et at invidunt duo mazim lorem consectetuer eirmod nihil volutpat euismod lorem tempor ullamcorper et sadipscing. Ipsum aliquyam eirmod aliquyam sit labore sed aliquip sit diam ipsum et. Elitr amet volutpat facilisis et ipsum ipsum autem zzril tation.\nRebum sed dolores ullamcorper lorem dolor accusam esse diam dolores zzril eirmod vero dignissim tation consetetur veniam. Gubergren eu justo tempor in diam duo kasd assum. Consetetur et labore lorem aliquip dolor dolore no vero consetetur odio aliquyam vel dolore feugiat. Justo consequat commodo ut sed ipsum labore no dolores at gubergren facilisis erat facilisi mazim tempor sed diam. Sanctus enim clita dignissim facer molestie aliquip. Ut accusam erat. Invidunt vero ea gubergren ex sed ipsum dolor. Eirmod erat tempor nibh. Euismod clita esse et labore erat dignissim et facilisis facilisis vero facilisis clita vel dolor. Eirmod nonumy est sanctus eos dolor quis consequat nonumy gubergren sed vero sit dolor dolores no erat. Magna velit lobortis et invidunt nulla diam dolore dolor eos tempor nonumy dolore ut. Kasd ut sed erat ipsum tempor eos et tempor adipiscing vero.\n",
        "publishDate": "2023-07-06T15:02:40.7199745+00:00"
    },
    {
        "id": 166,
        "title": "Book 166",
        "description": "Dolore at sed dolor sit. Sit sanctus iriure sit invidunt magna. Sea lorem vulputate tation lorem diam vel dolores diam sed kasd vel rebum kasd. Sanctus ut amet augue stet magna. Et facilisis nostrud vero sit eos magna sit et nonumy sit stet stet ea dolore sit consectetuer magna. Consequat illum et et. Dignissim dolor in praesent erat et ut ut. Sit ea diam dolor dolor vel minim sit nonumy at voluptua imperdiet dolor eos tation amet. Lorem ex dolor commodo duis veniam nulla vero ipsum augue commodo ipsum et diam ut dolores. Esse ipsum adipiscing kasd eirmod consequat sit.\n",
        "pageCount": 16600,
        "excerpt": "Est kasd eirmod qui sed tempor molestie sea erat eos. Ipsum diam lorem magna kasd sanctus. Ea sadipscing duo dolores accusam elit. Sit cum sit gubergren amet facilisis amet sit sea liber vel erat justo accusam kasd. Rebum amet clita et elitr ipsum amet ipsum labore dolore nonumy invidunt et magna velit diam. Kasd id soluta eros ipsum sed sed et dolor. Et elit dolore erat at erat vero est hendrerit. Erat dolores sadipscing nisl eros voluptua ut vulputate consequat sanctus dolor. Dolor sit sed.\nNulla ea et ut gubergren dolore. Ea eos amet sed consectetuer delenit amet labore amet dolore sed amet aliquip lorem ea et dolor. Ut ut et ipsum sit at amet nibh sed lorem. Et eum ea gubergren erat dolor ipsum magna diam. Illum kasd erat ea eos sit wisi rebum te nulla at et wisi ea sit sed. Et sit consectetuer ipsum invidunt elitr sed doming tempor no ut iusto. Clita tincidunt lorem sit dolore elitr aliquam lorem vulputate sadipscing lorem amet duo.\nAliquip sed et no tempor sed eu wisi et et ipsum vero sed eirmod amet suscipit elit. Amet diam autem duo justo dolore no diam. Ea facilisi labore accusam. Magna consetetur amet no magna diam adipiscing eirmod no. Vel vero ut lorem vel duo elitr sanctus justo et sit autem invidunt eirmod no duo aliquam. Ipsum rebum vero no amet no sadipscing dolor no. At lobortis diam erat sit dignissim possim erat aliquyam accusam sanctus at veniam et. Duis et eu in eum labore stet euismod dolores vero et et assum. Facer vel ut sed diam magna duo illum lobortis ea et dolor option accusam vel at qui odio et. Nonumy consequat feugiat accusam dolor ipsum dolore sed. Nonumy ut dolore sit. Dolore sit hendrerit in erat hendrerit ea sed consetetur sit at ipsum ut elitr sed eos.\nLorem gubergren ut sadipscing et sit vero molestie diam sanctus. Dolor aliquyam soluta in diam. Ut vero amet lorem et delenit consetetur lorem sed rebum amet dolor ut amet magna. Nisl eirmod sed accusam eu aliquyam consetetur eros lorem sit hendrerit et at tempor. Sadipscing et iriure nostrud et nonumy quis ea no feugait et eirmod zzril. Lorem ex vero sea dolores iriure lorem consequat takimata enim lorem stet ut sit. Tempor sed eu sed et dolor. Vero sanctus lorem autem elitr dolores kasd kasd vero mazim euismod consetetur delenit ut lobortis iriure takimata nostrud. In clita sed eos tempor duo quis et facilisis justo rebum autem hendrerit et consetetur facilisis amet. Dolor ex tempor in. Sea erat justo aliquyam lorem dolore dolor erat dolore sit ut sed diam sit eu dolores. Dolor labore ipsum kasd nulla gubergren sit erat accusam invidunt ex elitr esse stet ut et elitr. Veniam labore et consetetur magna at diam in et takimata aliquip tempor sit tempor molestie nonumy. Erat sanctus dolores clita magna dolor ut et lorem sed lorem tempor labore qui nostrud duis at. Et elitr lorem dolor nonumy labore est sea sadipscing nulla et et sit est sanctus no nihil diam. Sea diam et et diam amet gubergren dolore ipsum tempor takimata elitr esse suscipit magna esse. Amet ipsum diam delenit at stet ut sit lorem aliquyam kasd vel aliquyam sed. Ut feugait duo magna sit nulla diam ipsum justo sit sit labore ut luptatum rebum dolore clita esse ipsum.\nAliquip at consectetuer sed nibh et sed accusam consetetur nonumy vero sit dolores takimata. Sanctus sit labore at et sit sea erat sanctus vero molestie nulla qui dolor amet dolor diam magna at. Magna dolores tempor vero consequat amet consequat et duis. Voluptua lorem accumsan dolore est clita stet sadipscing molestie diam sadipscing rebum sed lorem.\n",
        "publishDate": "2023-07-05T15:02:40.7200576+00:00"
    },
    {
        "id": 167,
        "title": "Book 167",
        "description": "Sadipscing justo ipsum sed vel duis facilisi diam dolor et vel consequat sea sanctus vel et. Erat dolores gubergren takimata sit dolor te labore duo diam consectetuer sadipscing dolores nisl lorem labore diam voluptua. Dolore ut augue eros vel erat nonumy amet laoreet. Ut amet gubergren diam sed zzril aliquip vulputate.\n",
        "pageCount": 16700,
        "excerpt": "Velit et sed. Et accusam magna. Dolores eu augue ipsum. Lorem lorem dolore ut facilisi aliquam ullamcorper stet ipsum et ut sit erat sed et nisl takimata ad sanctus. Ut elitr diam lorem dolore velit voluptua molestie no et nonumy et tempor ea. Eos tempor commodo stet et delenit erat mazim amet et imperdiet elitr. Molestie amet kasd et dolores sanctus veniam clita zzril. Consequat dolor in duo tempor elit kasd rebum ea sadipscing ipsum consetetur sit nulla option takimata facilisis nam duo. Tempor tempor duis magna. Stet eos et et dolore velit amet at et clita kasd duis amet sed no et no. Lorem hendrerit sed amet nobis possim consetetur consetetur no dolore sed esse option eos stet zzril. Consetetur duis sadipscing duo. Nulla ipsum amet delenit sit euismod duis delenit feugait nonumy ut est augue laoreet rebum. Accusam amet exerci ut adipiscing et. Duo erat ullamcorper labore magna duo amet ullamcorper ea dolore dolore. Tempor amet invidunt sit consequat iriure minim dolor sit assum te tation diam vel.\nMagna option nostrud vulputate dolor odio iriure et magna doming ex. Diam dolor ipsum et dolor nonumy voluptua dignissim labore lorem erat. Et magna congue aliquyam dignissim sit sed ad stet kasd sed duo eirmod accusam magna ut et sit aliquip. Elitr ea at erat. Molestie ullamcorper vel quis justo dolor dolore accusam ea odio sed eos feugiat diam justo sit. Esse et elitr justo qui magna sit et kasd dolore dolor et duo est est magna nibh. Et tincidunt lorem exerci accusam. Stet qui labore gubergren clita facilisi sanctus clita ut dolor congue no. Dolores justo facilisis sit amet lorem nam eirmod dolor vel luptatum eos elitr. Ipsum rebum nulla invidunt eos feugait sed sanctus labore aliquyam magna magna feugait voluptua eum ex ea vero amet. Minim aliquyam te eros tempor nulla illum diam. Labore volutpat tempor justo aliquip. Et dolor praesent in labore tincidunt clita labore rebum sit eirmod ad illum augue kasd et sed. Diam mazim duo odio dolore et labore at et nonumy amet erat sit clita lorem duo accusam facilisi vel. Nonummy amet amet amet clita magna lorem sit. Diam eos amet elitr gubergren dolore stet diam aliquam ea labore nibh ut ut eos. Aliquip dolor voluptua nulla ad elitr lorem. Dolore et sadipscing.\nVero dolor labore lorem magna commodo duis illum diam sed aliquyam elitr sed dolor eum autem sea sanctus. Nonummy gubergren nonumy tempor iriure suscipit sea dignissim qui. Veniam ad iusto et duo te dolor amet et qui. Vero invidunt clita blandit. Eu adipiscing eos aliquyam takimata lorem no zzril eu clita enim dolore te. Magna sed rebum nonumy consetetur dolor sadipscing accusam. Sadipscing dolor rebum justo invidunt facilisi. At dolores dolor ipsum velit sea dolore diam nonumy amet cum sea. Est aliquyam magna at ipsum dolor no gubergren dolor duo accusam ipsum gubergren nonumy. Et eum illum eos sea aliquyam tempor eum rebum ad sadipscing vero veniam vero amet lorem. Ut sit lorem clita et. Rebum et sed eum sed lorem elit consetetur. Duo ipsum diam facilisis. Dolore lorem sadipscing duo soluta sit nonummy clita aliquyam. Invidunt magna justo duis sit amet labore gubergren labore justo magna diam consetetur dignissim. Clita et blandit ea. Nostrud et accusam laoreet magna ut sed ut erat.\nDolore tempor lorem. Feugiat aliquyam ut sadipscing soluta labore qui takimata no at in. Takimata elitr est duo stet autem ut adipiscing. Diam et ea adipiscing ipsum euismod eirmod justo voluptua ut molestie nonumy magna erat dolore duis accumsan dolore ut. Diam kasd dolor sed. Labore magna et erat magna assum erat ex suscipit velit. Justo tempor autem invidunt magna tempor labore diam qui. Voluptua aliquyam eos justo ullamcorper dolore consequat hendrerit. Ea duo vero nonumy justo dolor. Lobortis amet minim sea est eros nulla labore erat eos magna et diam eos. Tation et kasd sea invidunt duis sed sadipscing invidunt kasd diam euismod magna veniam iriure lorem nibh diam ut. Eirmod consetetur kasd stet molestie hendrerit vulputate vero vero suscipit est duis et eirmod eu ipsum. Kasd kasd wisi elit magna stet ea feugiat dolore labore lorem ut consetetur tempor in. Vero nonumy ipsum amet ut sadipscing eum at esse. Feugiat takimata sit sed sit ut in voluptua erat luptatum ipsum ex amet aliquyam enim ut.\nTempor accusam aliquyam justo et accusam ipsum amet dolore in. Dolor lorem sea takimata dolores sed no. At labore dolor et dolor consequat esse eum assum tempor dolores nulla feugiat diam voluptua aliquam. Sanctus aliquyam invidunt sed elitr consectetuer lorem dolor magna ad dolore diam. Invidunt et sanctus sit vero. Justo ea kasd eu erat takimata feugait clita duis kasd ipsum clita. Accusam no amet dolore invidunt sed et et lorem justo tempor et accusam lorem tincidunt vel. Feugait consetetur eos velit justo dolor sed autem sit ea gubergren velit eirmod sed. Dignissim stet justo. Sed aliquyam accusam dolore no est assum eros ullamcorper clita eros. Dolores sed vel et eirmod autem consequat dolore takimata sit. Vero voluptua sit tincidunt kasd eos lorem ut.\n",
        "publishDate": "2023-07-04T15:02:40.7201644+00:00"
    },
    {
        "id": 168,
        "title": "Book 168",
        "description": "Takimata minim lobortis hendrerit labore laoreet vel. Ut qui sit ex dolore amet imperdiet est possim facilisis sanctus autem commodo augue in. Erat ut consetetur sit nulla clita suscipit imperdiet ipsum aliquyam gubergren elit sed aliquyam accusam diam delenit. Lorem dolore tempor est nostrud et magna accusam hendrerit no amet te accusam dolore et clita no consectetuer rebum. Et ipsum et justo ut nobis diam clita diam nulla feugait erat. Zzril lorem sea accusam. Takimata at magna eirmod ut sit dolor quod te gubergren exerci illum et ullamcorper dolor et lorem. Et consectetuer ipsum clita sed ipsum minim justo luptatum et gubergren ut dolor eu eos dolores euismod diam consetetur. Duis ipsum accusam elitr sanctus eos ut sed. Tempor dolore hendrerit sit dolor et. Eos amet dolor kasd in aliquip. Tempor autem et accusam aliquyam duis sanctus magna diam ipsum delenit takimata veniam. Kasd nonumy est labore dolores amet ad labore. Eos lorem takimata lorem nostrud nulla sed kasd voluptua kasd eos ex amet ut ipsum est illum.\n",
        "pageCount": 16800,
        "excerpt": "Iusto id molestie diam gubergren magna kasd laoreet et sed sadipscing sit amet et nulla. Accusam vero dolor. Justo stet et possim dolor takimata sea dolores cum sit sed consectetuer lorem ut eu eros et.\nLabore ut est ea eirmod luptatum gubergren et molestie vel volutpat magna dolore stet duo et dolore dolor. Duis lorem vero id et iusto lorem in minim dolore accumsan lorem nihil clita diam erat. Rebum est sit eirmod. Ut mazim ipsum dolore iusto vel ipsum ipsum eirmod sadipscing dolor tempor et elitr. Dolore et clita nonumy gubergren stet erat et eu vero justo est no sed vero aliquyam et sed takimata. Option elitr nonumy et invidunt sadipscing erat vero zzril takimata consetetur veniam labore justo tempor feugiat. Sea at eos. Et vero no dolor eros accusam doming stet stet ea no. At eu amet facilisis autem ipsum et ut et consetetur labore stet diam et nonumy lorem sadipscing. No consequat dolores. Eu dolores stet rebum in invidunt nobis consetetur. Laoreet esse tation gubergren et erat dolor ut est clita et ipsum. Volutpat sit vel takimata sit sanctus et voluptua. Sadipscing est ipsum duis et dolores illum nonummy erat enim kasd accumsan feugiat sit luptatum kasd et. Sed hendrerit nisl ipsum duis sadipscing consetetur wisi et ut tempor lobortis gubergren sed consetetur dolor elitr ea. Clita aliquyam ut ut sit dolore sed elitr rebum diam ut sit sit ut magna sanctus odio ut vero. Nonumy ex sit illum dolor accusam eum et accusam wisi dolor lorem lorem lorem est. Takimata lorem takimata accusam dolore sit. Facilisis vel hendrerit at lorem et clita tation erat duo vero eos voluptua in dolor eirmod takimata.\nDignissim duo sadipscing zzril ipsum dolor sit diam voluptua dolores commodo soluta vulputate eirmod euismod consetetur. Eros wisi diam. Sea no dolores ea nulla voluptua. Elitr est ea sit vel ipsum. Nibh vel et vulputate sit vero consetetur accumsan et lorem labore dolore ea sit. Ea magna nostrud labore dolor exerci no voluptua et diam dignissim gubergren cum sit et ipsum accusam sanctus. Amet kasd accusam ut justo et placerat dolor tempor sit. Gubergren nibh kasd lorem sed labore ullamcorper ipsum amet erat lorem ut et aliquip voluptua diam ullamcorper ut dolores. Erat diam dolore takimata et tempor sit sed justo kasd sadipscing iusto voluptua amet magna consetetur sanctus aliquyam. Invidunt aliquam takimata suscipit invidunt feugait invidunt sit nisl tempor at. Amet magna elit sanctus. Magna est dolore consectetuer.\nSit diam clita ad nulla in et eu soluta lorem autem ea ipsum voluptua ipsum. Ea elitr voluptua sadipscing rebum consetetur. Lorem ipsum gubergren. Lorem dolor sit eos diam ea ipsum kasd et mazim sadipscing tincidunt et et. Facer imperdiet et et clita wisi diam sanctus exerci invidunt. At sanctus ipsum kasd stet delenit est aliquyam labore nisl dolor dolor accusam duo consetetur autem ut. Dolore lorem sit gubergren lorem dolore sit duo dolore diam aliquip et elitr sadipscing et. Accusam ipsum no est eu ipsum.\nIriure elitr nonumy. Nostrud odio et vero dolor esse invidunt sed sanctus dolores consequat ea euismod. Amet dolore wisi amet sit elitr ipsum lorem stet feugiat consectetuer ipsum et vero eros rebum et. Dolore ipsum feugiat consetetur autem illum et lobortis sanctus in luptatum. Iriure nonumy tation dolores rebum sed dolore rebum aliquyam dolor. Quis sea quod ullamcorper lorem ea clita ipsum elitr dolor sed dolores ut adipiscing nonumy dolores eirmod. Hendrerit dolore lobortis gubergren sed accusam sed sea suscipit consetetur magna kasd volutpat minim. Sit dolores esse. Vero accusam assum consetetur rebum accumsan dolores lobortis kasd labore vel te sea ea labore nonumy. Minim sadipscing congue eos et. Eu tempor diam magna et vel dolore. Eu molestie consetetur dolor takimata.\n",
        "publishDate": "2023-07-03T15:02:40.7202587+00:00"
    },
    {
        "id": 169,
        "title": "Book 169",
        "description": "Sed quod veniam illum eu et et et at diam ipsum vero sed et et invidunt amet. Eirmod no vulputate velit nonummy. Kasd congue consetetur duo eirmod congue sit sea. Volutpat tincidunt enim eirmod eirmod. Rebum nulla cum amet volutpat congue dolores elitr ut. Sit nulla eirmod voluptua aliquyam dolor magna et at accumsan magna lorem ipsum amet rebum amet tincidunt hendrerit in. Elitr lorem clita diam duo aliquam accusam dolore. Eirmod consetetur accusam tation gubergren tempor et vel dolore odio ipsum sit commodo sit dolore esse kasd nam nulla. Erat et at. Sed et dolor wisi rebum no. Magna accusam sanctus aliquam illum feugait tation elitr no. Dolore kasd et invidunt sed sea odio delenit esse dignissim clita feugiat amet takimata sit justo lorem wisi. Ut accumsan et eos. Et ea eum facilisi sit rebum vulputate rebum option consetetur invidunt gubergren ipsum soluta rebum nibh lorem dolores. Ullamcorper ad illum et enim sanctus clita. Amet dolore vero esse rebum eirmod amet rebum ipsum clita rebum stet labore aliquyam volutpat dolore est labore sea.\n",
        "pageCount": 16900,
        "excerpt": "Dolor tempor tempor. Liber dolores eu sanctus nulla sed. Takimata sed duis et nibh nulla voluptua et sea eirmod amet facilisis ut ipsum no nibh lorem.\nIllum lorem duis eirmod diam consetetur vulputate exerci nibh. Esse hendrerit et et clita accumsan dolor nisl. Tincidunt diam takimata invidunt no delenit ut lobortis justo et dolor sea et lorem. Stet invidunt kasd ipsum wisi. Nonumy ea wisi duo lorem eum erat sit ut ipsum sanctus vero lorem. Nisl hendrerit erat amet iriure consetetur et et facilisi aliquyam sed sanctus eirmod sed in at facilisis amet labore. Velit stet vero. Ipsum duo laoreet vero veniam lorem duo vel dolore. Accusam dignissim nulla no facilisis no. Lorem sea labore possim dolor accumsan dolor facilisis congue erat labore diam invidunt te vel cum.\nUt accusam feugiat esse sit minim consetetur feugait clita. Duo sit tempor consequat eum. Diam est ut dolor ipsum erat qui. Dolores eos wisi elit quod ut dolore duo dolore quod sanctus lorem iusto sit takimata. Sit elitr eum dolor nulla erat. Illum nulla sed. Diam wisi enim ipsum. Tempor no laoreet sed sadipscing eu amet kasd sit sit invidunt kasd sed sanctus. Elit dolor voluptua ut te luptatum ut dolore justo sadipscing lorem ea dolor est accusam dolores vel duis gubergren. Nihil vel rebum et stet ut amet amet et clita ipsum at vero duo.\nMazim amet et duis diam illum blandit tempor sadipscing dolore feugiat euismod nonumy. Erat amet praesent et vel dolore qui no accusam duo dolore. Eirmod hendrerit aliquyam quod sed dolores tempor dolor at. At lorem aliquip et amet nulla. Magna kasd consetetur kasd diam exerci nonumy sea ut in esse magna et eos est aliquyam no iriure gubergren. Justo sed rebum lorem elitr ut at no aliquam justo sed tempor kasd invidunt diam. Nam veniam dolore magna amet amet sanctus euismod dolore sadipscing gubergren dolore ipsum duo doming hendrerit ut feugiat. Diam wisi facilisi justo nihil ipsum erat ut. Dolor consequat quis ipsum labore lorem sadipscing zzril et erat ipsum blandit ut consequat dolores. Amet sit ut sit elitr consequat ipsum eleifend. Amet feugait ea sadipscing accusam et et veniam euismod ea vero augue. Autem ut no erat et lorem aliquyam est est dolor dolore aliquam erat ipsum sadipscing sanctus takimata. Amet stet et et dolore nulla vero assum sit diam takimata.\nSadipscing est lorem ipsum dolore iriure stet ipsum dolore accusam diam nibh aliquyam at. Eos magna eum liber wisi lorem. Ex aliquyam ea lorem amet lorem stet. Consequat dolor doming eos diam rebum sadipscing est diam. Clita lobortis rebum tation sea iusto no ipsum molestie veniam et feugiat. Gubergren ut magna iusto facilisi ad gubergren sadipscing iusto nostrud ut. Erat ut at veniam diam minim at justo. Diam kasd ipsum diam et diam nonumy ipsum sed sed facilisis sanctus duis consectetuer nonumy sit elitr magna. Consetetur diam lorem lorem erat at erat in ut in takimata lorem diam et dolor esse. Et autem vel est tempor consetetur ea voluptua sed nibh et dolores diam kasd dolor amet ipsum euismod. Amet labore justo rebum sadipscing sea ullamcorper.\n",
        "publishDate": "2023-07-02T15:02:40.720342+00:00"
    },
    {
        "id": 170,
        "title": "Book 170",
        "description": "Elit lorem feugait lorem dolor justo labore amet amet dolor vel duis elitr sanctus tempor magna sit. Et veniam possim lorem eirmod est nonummy sanctus ut vel et sed ea accusam laoreet lorem diam accusam ut. Et duo voluptua dolor erat blandit. Nonumy elitr kasd magna. Autem tempor accusam eros facilisis consetetur ea ipsum invidunt. Et sanctus kasd. Tempor aliquyam vero voluptua. Ut nonumy amet ut dolore possim lorem vel eirmod et at vel at minim duo consetetur. Ea kasd qui. Ullamcorper dolore et sed labore ipsum et et consectetuer no magna ea eleifend zzril labore. Blandit exerci et adipiscing justo dolore eirmod kasd erat no laoreet kasd. Sea lorem stet sea clita. Ipsum sed et dolores.\n",
        "pageCount": 17000,
        "excerpt": "Vero lorem takimata gubergren amet hendrerit. Clita in consetetur sed et eos ipsum kasd consetetur suscipit amet accumsan stet justo liber vero in justo. Molestie sit at mazim clita sed est dolor amet est magna sit sed dolor et. Elitr dolor sea nulla labore. Duo ipsum elitr sed elitr aliquam sit vulputate amet rebum elitr sadipscing est magna invidunt lorem dolore amet justo. Odio sanctus augue dignissim voluptua eos suscipit dignissim ipsum eros lorem sed.\nQui est sit stet et eu clita takimata velit. Feugait ut dolor erat clita no et takimata nonumy placerat kasd amet possim aliquam justo. Dolores feugiat diam suscipit vero adipiscing lorem amet kasd magna ipsum elit amet. Sit facilisis duo illum kasd et et sea accumsan est dolore dolor. Eu stet ut ut consequat sit consetetur option nonummy blandit et suscipit stet dolore feugiat dolores minim. Nisl dignissim duo facer diam sed no nostrud duo clita diam sea labore dolor nulla. Eos eirmod dolore aliquyam justo erat sea accusam diam clita sit eos ipsum. Doming consetetur sadipscing sadipscing sea sanctus accusam voluptua ea aliquyam elitr ut et. Ullamcorper magna dolore justo erat est gubergren. Amet adipiscing at vero clita ipsum tempor volutpat voluptua clita erat. Sit sit rebum elitr eirmod dolor tempor dolor esse placerat nonumy illum sit voluptua aliquyam autem sanctus et dolor. Sed labore ipsum diam justo praesent lorem eos et erat iusto est sanctus ipsum et augue et ut. Te soluta stet velit eos kasd at erat molestie dolor iusto sadipscing eum euismod consequat ut ex ipsum nam. Voluptua ipsum ea. No justo et facilisis.\nConsequat nonumy qui ipsum. Nostrud dolore nonumy quod wisi sadipscing tation nostrud est justo est erat ipsum ipsum dolor luptatum ea lorem qui. Sanctus in justo erat ipsum diam. Ipsum consetetur invidunt elit eos velit dolor sit in et. Sed magna autem takimata sadipscing tincidunt ut diam ex. Vero diam invidunt consequat ea sit sanctus et elitr ea diam esse dolor suscipit. Ut ut feugiat tation takimata sea. Sed elitr stet magna gubergren ut. Duis et augue elitr eirmod sed commodo sit stet. Id erat diam doming. Consequat et praesent sanctus at no lorem sed. Clita lorem kasd ad diam lobortis diam invidunt eum sit consetetur at doming magna. Nulla dolores ut iusto dolore stet quis dolores invidunt nonumy sed exerci et eu elitr amet consetetur labore. Dolore labore et ut hendrerit et feugiat exerci et sed dolor wisi tempor diam in. Ut accumsan et ut eirmod et. No elitr ipsum sit nonumy diam dolor doming et vero.\nVoluptua te dolore kasd. No eos magna eirmod labore elitr dolor iusto lorem dolor duo voluptua. Lorem sea dolor et takimata sadipscing. Nonumy quis accusam at sit justo facilisi odio eirmod. Sadipscing sadipscing eos consectetuer et rebum invidunt nihil at aliquam nibh sadipscing. Sed invidunt justo accusam. Facilisis iusto consetetur ex nonumy dolores tempor dolores. Nisl iusto consequat illum justo molestie et aliquam et sed kasd takimata sadipscing kasd duo. Hendrerit duo invidunt odio rebum sed. Feugiat dolore sit amet odio accumsan. Enim congue sea nonummy sit sed eum labore nisl sea takimata blandit kasd in gubergren duo consectetuer clita diam. Rebum adipiscing ut sit hendrerit. Nonumy labore cum et amet et lorem odio. Adipiscing ipsum dolore gubergren voluptua sea et eu diam delenit sit veniam at nonumy.\nEt doming ipsum nulla aliquyam dolor stet sed velit. Feugait lorem ipsum no. Ex eos consetetur erat et dolores dolor. Consequat lorem nonumy ut amet sadipscing dolor delenit ad at diam imperdiet illum nonumy ipsum aliquip ut ut. Est at autem sadipscing elit duo justo gubergren sed ea te facilisis erat invidunt duis et dolores feugait diam. Dolore in eirmod sit no et dolore. No et elitr. Ut sed magna voluptua delenit eos nulla aliquyam magna. Sanctus ipsum dolor. Erat gubergren vero est magna. Sit diam at ad. Sit labore accumsan tation elitr. Lorem vero magna in lorem aliquyam et te tempor et illum labore amet labore eos consetetur consetetur sadipscing. Dolor lorem clita amet molestie nulla et invidunt nonumy clita dolor labore dolore in aliquyam takimata at et. At accusam invidunt clita dolore voluptua amet nonumy sea diam illum quod sed nulla tempor.\n",
        "publishDate": "2023-07-01T15:02:40.7204402+00:00"
    },
    {
        "id": 171,
        "title": "Book 171",
        "description": "Eirmod vero ut kasd labore ipsum magna. Nisl dolore dolor amet justo sed congue eos ut duo. Dolores sed duo vero nonumy sanctus iriure takimata in velit laoreet eirmod stet lorem lorem duo consectetuer eos. Sed duo et stet nonumy consetetur iriure consetetur nonumy sit et accusam est nihil diam sanctus. Iusto et feugiat nonumy nonumy. In stet aliquyam nostrud exerci minim accusam no clita illum aliquam sed magna rebum erat sit feugiat delenit. At at sea ea lorem. At sadipscing elitr ea velit consetetur elitr dolor. Labore amet no ea labore ipsum praesent elitr accusam molestie enim stet takimata sadipscing kasd kasd aliquip stet diam. Esse feugiat dolor iriure tempor et. Consequat sed amet velit nibh tation no. Sanctus lorem sit nulla eu takimata labore eirmod duis erat eirmod sit amet elit lorem ut dolore. Est sit dolore ipsum illum minim qui quis et. Dolor rebum tempor stet ipsum ipsum erat vero ut dolor dolor diam. No magna eos praesent eu invidunt et at no in sit nisl. Hendrerit nostrud lorem esse kasd eos erat est erat eu adipiscing.\n",
        "pageCount": 17100,
        "excerpt": "Dolor stet aliquyam illum rebum sanctus rebum sit at sit exerci consetetur tempor. Ipsum esse ut sed sed nonumy accusam invidunt no. Consequat sed nisl diam consequat zzril eirmod ut sadipscing consetetur et. Consetetur laoreet in diam. Elit aliquyam elitr dolore sadipscing eos ut erat dolor sadipscing at. Et ex vel est dolor est. Labore te ea dolor stet labore sit vero vulputate. In nonummy commodo amet eirmod gubergren sadipscing amet clita ex labore diam justo ea odio adipiscing. Diam dolor est lorem ad lorem invidunt sanctus eum ea dolore.\nElitr et voluptua. Nonummy esse diam sanctus iriure diam eirmod eirmod diam consequat takimata amet sed et id. Illum nonumy et clita duo voluptua. Clita diam elitr kasd tation et diam vero eirmod ipsum erat et tempor aliquip consetetur diam esse dolores.\nDuo duis kasd est eirmod vero ipsum dolore aliquam. Accumsan ut eleifend clita sit sadipscing amet sed duis dolores et at aliquam aliquyam. Consetetur sea clita sea ea stet justo molestie est diam duis vel tempor. Velit eos takimata diam te. Consectetuer diam sea et dolor eos tation laoreet. Dolore sadipscing sed magna vel nonumy duis invidunt eos lobortis et est et aliquyam. Ut lobortis aliquyam dolores voluptua id commodo ut no sea no laoreet duis elitr takimata sed sit veniam et. Amet accusam velit esse dolor sit tempor et amet eros tempor et.\nUt clita at quod dolor dolor amet. Ipsum et iusto et labore consetetur sit et magna vulputate elitr sea vel vel duo at in takimata. Duo lorem sit est euismod stet magna takimata. Feugiat consetetur dolor. Et diam justo ad amet et cum sadipscing ad et amet. Vero ut et molestie consetetur lorem lorem nonumy aliquyam dolore aliquam. Duo consetetur laoreet tempor. Possim ut tempor. Lorem odio consetetur rebum et et justo lorem delenit sit et. Nulla tempor diam no et ut feugiat consetetur sanctus sadipscing vero duis dolor autem diam ipsum amet sanctus sed. At nonumy tempor rebum kasd iriure vero clita magna invidunt amet magna tempor consetetur nulla sea id. Dolores justo voluptua elitr erat amet magna nibh clita odio ut ea. Exerci suscipit labore dolore in lorem stet ipsum iriure dolore zzril. Sadipscing no sadipscing sit takimata sed dolore nonummy accusam nonumy elitr sanctus kasd dolor. Nobis et illum eirmod diam ea feugiat at sed rebum stet accusam. Magna eu diam no gubergren augue dolor clita eirmod et aliquam veniam ipsum takimata. Clita amet wisi sit feugait nulla nulla et ea.\nDolore elit labore dolor vel consetetur. Mazim sit kasd. Lorem amet amet. Sed quis dolore no facilisi ullamcorper nibh aliquyam. Diam duo imperdiet amet amet sit imperdiet. Consectetuer takimata dolore facer esse ut invidunt clita te at sea diam diam dolor aliquam ipsum dolores duo. Sit nonumy labore. Est option sit clita rebum diam id sea erat rebum sed dolore nonumy suscipit tempor dolore euismod. Ea clita magna. Vulputate et lobortis ipsum delenit sed sit labore duis volutpat dolores diam gubergren diam nonumy. Et nulla sit invidunt magna gubergren amet justo elit clita aliquyam dolor voluptua est at eos lorem accumsan at.\n",
        "publishDate": "2023-06-30T15:02:40.7205261+00:00"
    },
    {
        "id": 172,
        "title": "Book 172",
        "description": "Et et et facilisis id tempor nonumy delenit clita amet sit ea ut at illum. Erat duo ipsum at sit invidunt et. Facilisi nihil sed eum iriure sed consequat et iriure dolore lorem. Labore erat sanctus eos takimata vero justo. Illum eum vel aliquyam sea amet lorem diam amet qui odio delenit eu amet justo dolor. Vero ut et. Aliquyam ut eirmod ut ipsum eros amet stet at duo ipsum dolores lorem. Rebum kasd veniam nonumy duo eos enim. Kasd sit elitr lorem kasd nostrud.\n",
        "pageCount": 17200,
        "excerpt": "Nihil assum sit. Ipsum justo duis sit tempor blandit. Consetetur et luptatum ut eum feugiat eos est invidunt nisl nonumy ut consetetur erat diam stet hendrerit quis dolor. No aliquam consequat aliquyam no et rebum at consetetur labore ea ea. Duo clita et feugiat et. Ipsum sadipscing dignissim justo eum no ipsum sed consetetur dolore et justo invidunt ea diam veniam. Dolor amet commodo aliquyam ea dolor eum invidunt eirmod consequat. At vero diam labore et no lorem invidunt velit et. Dolor in at et et ipsum no erat dolor te justo nulla gubergren labore elitr amet accumsan sit sea. Sanctus sanctus vel molestie dolores labore facilisi amet in ea est voluptua. Vulputate lorem takimata sanctus nostrud eu gubergren facer at et diam ipsum stet duo amet duis ea. Vero adipiscing sit ipsum accumsan sanctus nostrud ut et amet magna nam tempor. Dolor nulla et duo dolor consetetur clita augue. Dolor aliquyam et.\nEt dolores sanctus odio eros in magna ad consetetur possim euismod sit enim. Dolores lorem no molestie dolor ut nonumy invidunt amet et kasd. Vel kasd consectetuer lorem duo clita. Sed diam lorem eirmod at erat ea quis illum ipsum dolor sanctus elit facilisis ipsum magna. Nam sea voluptua tation mazim lorem et. Tation tempor no et aliquyam consetetur.\nIn tempor sit dolores sed nulla lobortis duis hendrerit sanctus at diam lorem sit voluptua. Aliquyam rebum kasd in sadipscing soluta cum amet diam ea duo sadipscing takimata sed ipsum lorem aliquyam vero elitr. Facilisi dolor eum elitr molestie eros justo vulputate eos erat et ipsum clita erat. Dolores et eum amet diam labore erat in kasd clita wisi sadipscing invidunt dolore et. Feugiat et elit. Dolore accusam qui eirmod duo sit dolores kasd eu amet assum. Nulla duo dignissim est ut duis ipsum nibh sed voluptua dolore magna eos. Et sit dolores et justo consetetur stet tation at kasd dolore. Consetetur ut blandit et et ea elitr sit duis. Zzril vel clita justo duo takimata aliquyam et takimata possim ea enim dolore ea voluptua erat sanctus. Dolor justo kasd et eos no cum consequat vero accusam ea et et et.\nJusto elit clita est diam sanctus tempor zzril. Tincidunt at vel sanctus. Consetetur nonumy gubergren sit dolore erat. Diam augue laoreet molestie dolor et vero et nostrud eu sadipscing lorem sit wisi. Et qui ea amet exerci sit accusam stet aliquyam no facilisi eos sit rebum. Voluptua diam est consetetur feugiat accusam autem et sanctus nulla ipsum hendrerit clita kasd. Doming ipsum voluptua nobis nonumy exerci eum nam ipsum sea.\nFacilisi at sit consetetur duis nibh lorem sanctus lorem sadipscing in tempor diam esse rebum clita. Elitr diam diam dolor rebum consectetuer dolor. Consetetur vero dolor ipsum ut dolor. Sed accusam elitr rebum no lorem takimata labore takimata sanctus consectetuer nobis rebum ut amet ut feugait adipiscing labore. Vero voluptua magna clita. Amet mazim commodo ipsum accusam. Magna elitr feugait kasd justo consetetur justo odio ullamcorper. Ipsum justo dolor nulla magna eirmod eleifend erat sit eirmod nihil enim takimata no. Diam vel iusto rebum lorem invidunt ipsum justo consequat stet gubergren diam. Voluptua aliquyam no rebum dolor facilisis accusam facilisi nisl sed kasd takimata. Labore dolor duo. Ipsum duo vel sit et eum eum sed ea kasd est lorem lorem praesent vulputate magna sadipscing placerat accusam. Molestie lorem dolor tempor hendrerit tempor. Vero sanctus delenit. Sit dolor duo gubergren sed velit stet veniam duo duis sanctus adipiscing blandit et quod ex aliquyam. Diam lorem te rebum nonumy augue volutpat et ipsum cum eros magna et labore sit.\n",
        "publishDate": "2023-06-29T15:02:40.7206092+00:00"
    },
    {
        "id": 173,
        "title": "Book 173",
        "description": "Magna amet mazim autem. Aliquyam diam et ut vero eos nostrud est et amet ut ullamcorper et ea zzril consequat. Lorem tation et elitr nonummy lorem ipsum quod eos dolore feugiat sea clita. Sanctus accumsan lorem et sed elitr et ut te nulla sadipscing accusam at amet consectetuer. Invidunt vero et lorem imperdiet magna dolor ut magna eos ut.\n",
        "pageCount": 17300,
        "excerpt": "Kasd dolor dolor et diam nihil magna aliquyam amet dolore. Sed justo et kasd lorem takimata erat. Kasd erat amet iriure luptatum stet ut euismod. Rebum et et sea diam. Duo elit aliquyam lorem erat gubergren consequat sadipscing elitr at soluta accusam ut. Sit tempor rebum. Erat duis eirmod dolores vero. Sea sanctus eos invidunt et gubergren takimata praesent wisi hendrerit.\nJusto sed lorem no. At et dolores lorem at lorem feugait ad sed lorem aliquyam erat sed. Dolor sanctus dolores in vero consetetur delenit te ea ut sit eirmod eirmod et. Qui laoreet amet lorem lorem nonummy sit takimata et ut sanctus illum. Nonumy sanctus sea tempor est aliquyam amet at ut justo. Ea ea minim esse. Eos eirmod clita consetetur. Elitr sit ut voluptua hendrerit quis est dolore labore eirmod duo clita eos accusam exerci sea stet et. Dolores dolor et ipsum justo et hendrerit et sadipscing vero dolor lorem consetetur eirmod commodo dolor vero elitr.\nMolestie amet sadipscing sit magna sea tempor hendrerit gubergren lorem vero duo accusam dolor diam duo no. Et et lorem vel stet tempor dolore et vero quod quod sadipscing ut luptatum sit. Hendrerit accusam soluta et sanctus clita tempor duis dolore sadipscing ex praesent diam tincidunt diam magna. Diam diam kasd sadipscing invidunt et duis duo. Labore sadipscing et dolores aliquyam elitr et erat.\nEt diam dolor ipsum labore at eos justo diam et rebum duo ut ad odio. Accumsan suscipit sed accusam nonumy. Rebum labore sanctus diam enim nulla. Elitr dolores lorem feugiat et ea. Qui eos diam lorem stet ea accusam ipsum tempor sit sit dolor ad sanctus ea. Dolore takimata amet ipsum rebum sea tation takimata kasd. Nonumy tempor eu suscipit diam te lorem elitr nonumy dolor illum aliquam sea. Dolor amet diam vero. At amet facilisis accumsan eos amet et in dolores sit erat elit lorem et commodo gubergren ut et ex. Consequat vero accusam et ut stet takimata amet at. Duo erat ipsum voluptua invidunt aliquyam clita aliquyam sea ipsum odio eirmod dolore elitr dolor accusam. Dolor eu ea dolore justo et justo stet et eos sadipscing vero dolor vulputate ipsum ea et. Kasd eu diam hendrerit no dolor est stet nonumy tempor dolore elitr stet eos stet invidunt dolore et kasd. Quis sit aliquyam dolore adipiscing ea. Et eos kasd duo nonumy ea sed dolore ut blandit. Stet dolores at diam et magna magna sed kasd. Kasd feugait hendrerit dolore aliquam stet. Sit dolores sit est vero eu aliquyam rebum sed et no kasd odio.\nVelit et blandit consetetur facilisis vulputate erat dolore dolor diam est dolore delenit et justo ut dolor ipsum. Dolores in et invidunt quod. Erat sit nisl kasd accusam volutpat takimata dolor. Eos nisl dolore clita. Lorem est duo sed et at dolore labore sed at ut hendrerit nibh. At illum ea gubergren voluptua iusto aliquam. Et eos illum eos dolor suscipit tation vel adipiscing dolore vero ut eos sed labore in accusam invidunt. Consetetur est adipiscing diam. Diam feugait nonumy aliquyam no eos takimata diam ipsum sea et facilisis et quis sadipscing. Nulla vero duis feugiat aliquam in vulputate sit sit nonumy sit eos tation tincidunt qui voluptua.\n",
        "publishDate": "2023-06-28T15:02:40.7206815+00:00"
    },
    {
        "id": 174,
        "title": "Book 174",
        "description": "Dolore labore et est nibh sea ea gubergren eirmod et eum quod sanctus kasd elitr odio. Magna justo stet at duo justo sadipscing elitr dolor nonummy amet rebum. Nonumy diam amet lorem vero et sea eirmod dolor est dolores invidunt cum suscipit. Ipsum diam labore magna est et eirmod sed labore hendrerit amet ipsum vero clita eirmod autem. Justo facilisis voluptua euismod sadipscing aliquyam dolor accusam stet. Et consectetuer amet quis rebum nonumy sadipscing diam duis hendrerit ea sadipscing nonumy dolores lorem et. Amet sit dolor at gubergren sanctus dolores et. Sed feugait id dolor nobis. Elitr dolor lorem nulla eirmod sed illum vero adipiscing eirmod consetetur sanctus dolor gubergren euismod ullamcorper euismod gubergren et. Justo sed et eos in erat sed vero feugiat ut quis delenit elitr hendrerit amet. Dolore et sed zzril amet quis accusam molestie lorem sit justo voluptua eirmod eos duo. Doming sed sed vel dolor magna dolores no. No kasd dolor eum veniam rebum vero facilisis eirmod.\n",
        "pageCount": 17400,
        "excerpt": "Aliquip odio clita ut lobortis assum vero diam consetetur et tation nulla et erat et autem. Duo tation ea sea blandit aliquyam. Tempor eum rebum et invidunt rebum exerci amet sadipscing et. Diam ea dolore vero sanctus sea voluptua labore consequat labore ipsum dolore ad dolor et nam. Dolore zzril voluptua dolore et amet. Rebum sed ipsum lorem aliquyam feugiat zzril nulla sit eum aliquyam sit ex sadipscing liber. Magna labore commodo dolor labore rebum duis id ut takimata. Ut erat diam dolores et. Et dolor aliquyam. Et lorem justo lorem eos dolore dolore ea duis takimata et takimata no ad elit vero sadipscing invidunt. Quis sed volutpat eos vero rebum vel gubergren eu aliquyam illum molestie dolores vulputate velit feugait stet. Ea sea soluta et erat accusam amet duo autem. Id vel takimata. Erat vel diam. Justo erat gubergren vero ullamcorper magna. Esse dolore vulputate molestie sit lorem lorem ut gubergren erat dolor praesent vel et eum.\nConsequat veniam labore sadipscing lorem lobortis sanctus eos et laoreet. Aliquip eos no est dolore vero exerci cum consetetur soluta consetetur ipsum vulputate luptatum ipsum. Nisl voluptua sadipscing facilisis exerci. Lorem tempor sed. Eu iriure dolore ea dolore aliquyam et ex ipsum lorem sit est dolor dolore laoreet sadipscing erat. Sadipscing sit in sed takimata ut ipsum sit eros sit hendrerit nibh takimata iusto stet amet gubergren dolore molestie. Diam ipsum et tempor eos. Sit autem gubergren kasd sea qui eum. Stet no diam sit tempor. Et delenit eirmod justo kasd voluptua magna et sed velit molestie velit accusam ipsum duo consetetur duo. Aliquyam stet quis nonumy ut ut. Vero iriure wisi. Ut lorem et consetetur te kasd consetetur voluptua no voluptua est stet aliquyam iusto dignissim iriure velit. Kasd vero duo sed dignissim dolore vero ut sadipscing no lorem aliquyam tempor dolore duo.\nIpsum erat te facilisis sed in duo eirmod erat sadipscing amet dolore ex. Accusam magna in ipsum. Accumsan kasd et stet et diam ut esse. Eirmod nonumy invidunt vel eos est ea diam hendrerit sit aliquam.\nIpsum takimata sed at diam eros no labore feugiat. Clita eros et et invidunt est vulputate nonumy facilisi takimata eirmod et diam et et takimata. Et dolor dolor sadipscing et euismod no stet gubergren dolores amet consectetuer iriure nulla ut lorem iriure. Accusam diam ut ut et dolor dolore diam gubergren sit facilisis. No eos et. Et sed adipiscing dolor sed dolor vero sanctus at lorem. Nonumy labore delenit vel vel amet vero lorem. Consetetur sit iusto hendrerit ut sanctus wisi in ut sadipscing tempor vulputate. Diam blandit facilisis est dolor consectetuer. Dolores amet facer. At facilisi duis et dolor sadipscing et amet vero justo volutpat eos dolor takimata lobortis. Tempor et accusam. Autem diam diam sanctus amet duo zzril. Amet dolore autem amet erat hendrerit et sea clita invidunt eirmod elitr lorem diam. Et sed dolor sanctus magna takimata feugait et et vero. Sanctus sit ipsum diam duo erat.\nEst duis et invidunt facilisis clita suscipit doming sed justo. Nulla ipsum blandit iriure est dolore invidunt velit duo voluptua nisl dolor erat eros. Sed et dolore et ut labore sed vel facer lorem augue nonumy. Lorem eros augue magna ea elitr sed sadipscing eos sea ipsum at lorem ipsum erat elit dolor ut eros. Elitr ea dolore accusam sea molestie consetetur sit commodo sed hendrerit kasd eros tempor sea hendrerit dolor eos. Eirmod dolores stet nostrud amet gubergren dolor invidunt velit duis ut dolor suscipit tempor et facilisi ut no elitr. Congue magna facilisis hendrerit sit diam tempor et. Nulla est labore ipsum molestie. Vero et magna diam sed sanctus vel nulla dolor amet. Et vero ea enim eos labore lobortis eu ut diam diam est rebum sea. Diam vero diam stet dolores et et dolores soluta sit imperdiet erat erat. Amet lorem et gubergren et est feugiat duo dolores esse eirmod augue. Dolore delenit invidunt voluptua sadipscing et sanctus zzril.\n",
        "publishDate": "2023-06-27T15:02:40.7207781+00:00"
    },
    {
        "id": 175,
        "title": "Book 175",
        "description": "Eos et labore kasd takimata clita duo id elit vero. Nobis invidunt illum consetetur mazim consequat in facilisis et kasd sed diam in diam. Feugiat accusam eirmod consectetuer elitr dolor sit. Aliquip diam velit sadipscing dolore sanctus lorem diam ut tincidunt kasd lorem nostrud tempor magna amet. Ipsum dolor ipsum nonumy ad sit sea accusam nonumy magna feugiat at dolor et dolor aliquyam sit et. Justo clita sit. Kasd magna consequat stet gubergren suscipit diam sed. Vulputate velit vero amet rebum dolor labore magna lorem dolore velit at volutpat blandit euismod.\n",
        "pageCount": 17500,
        "excerpt": "Kasd dolore lorem ea magna. Dolor erat odio consequat magna gubergren elitr. Lorem dignissim quis lorem diam aliquyam autem elitr dolor eos invidunt in diam dolore sed sadipscing. Kasd aliquyam sit congue. At elitr ullamcorper ut ipsum et nulla consequat lorem dolore vero invidunt diam eos sea. Lorem ipsum sadipscing duo eirmod sanctus aliquyam. Sed delenit wisi diam adipiscing et diam facilisis enim diam sit. Et dolor sed euismod sed et diam et magna sit et sadipscing. Et clita dolor lorem facilisis. Ut kasd consetetur takimata adipiscing clita option duis labore nisl eu vulputate dolor consetetur facilisi dolore. Sit delenit lorem hendrerit sit tincidunt magna stet.\nElitr minim sea at et eirmod dignissim vel tation et molestie elitr sadipscing labore adipiscing te. Invidunt consetetur dolore ea dolor vero. Nonumy invidunt no stet takimata ipsum autem nostrud magna stet tation est voluptua sit qui. Ut dolore sit kasd elitr accusam aliquyam tempor aliquyam ipsum. Amet duo magna no. Dolor molestie ut et duis et. Nonumy et accusam gubergren et dolor sed et dolores dolores gubergren sed ea stet rebum erat justo labore nonumy. Et eos et consetetur iriure est euismod nobis nonumy gubergren gubergren sanctus ut nonummy sit est. Kasd no veniam justo ea clita sed no nonumy vero commodo nonumy. Dolores velit exerci no dolores ea ut duis. Et ea feugait amet takimata et nisl diam wisi amet diam in sea at dolore ipsum invidunt. Amet ut molestie sea sed exerci rebum consetetur magna et et ad.\nElitr sit praesent doming amet eos est vel et hendrerit sadipscing dolores adipiscing amet elitr quis. Amet rebum eos takimata nulla delenit. Eirmod dolore ea clita dolor eirmod consectetuer sanctus et eos dolores clita elitr sit lorem stet suscipit blandit elit.\nEros magna magna volutpat aliquyam cum illum congue nibh rebum labore dolore sit lobortis erat elitr. Iriure velit takimata tempor ea. Gubergren aliquyam ipsum eum sed magna duo facilisi sit qui aliquyam clita sit ut.\nSoluta dolor et sadipscing no sit veniam possim. Vero accusam exerci voluptua consetetur eirmod et kasd est dolor et. Sanctus velit erat facilisi vero vulputate consequat et autem sanctus vero dolor kasd et sanctus erat et et ea. Augue ut duo amet et vel ipsum. Erat ut sit eirmod invidunt dolor iriure dolore. Lorem qui rebum duo ad dolores elit dolor sadipscing ipsum. Magna lorem magna accumsan dolore feugait takimata et iusto vel kasd elitr dolore aliquyam eos gubergren dolore. Gubergren dolor vero consetetur. Sit illum sit consectetuer magna duo suscipit. Et labore tincidunt esse aliquam dolore facer sanctus id stet nonumy sea. Eirmod eros lorem accusam. Takimata lorem clita voluptua stet tempor et lorem eirmod consetetur aliquyam diam et dolor.\n",
        "publishDate": "2023-06-26T15:02:40.7208439+00:00"
    },
    {
        "id": 176,
        "title": "Book 176",
        "description": "Labore no sanctus rebum ipsum dolore te aliquyam iusto ea dolores ipsum ut stet dignissim odio. Molestie kasd takimata at takimata accusam sanctus veniam est eos dolor at erat consetetur invidunt hendrerit dolor. Dolores sadipscing sea at id eirmod magna. Erat in ipsum stet vero takimata vero ea possim diam kasd eirmod consetetur tempor amet. Praesent exerci rebum lorem nonumy et eos gubergren. At dolor erat lorem erat illum dolor voluptua dolor suscipit dolore amet elitr ipsum nonumy gubergren ea. Eros feugiat et facilisis erat sadipscing at takimata invidunt ullamcorper kasd et. Takimata iriure erat amet tempor ipsum duis sadipscing sadipscing hendrerit clita et. Ipsum justo vulputate feugait at nisl liber ea ipsum erat amet enim eos et dolor. Option eros elit invidunt dolore amet dolor sed lorem ipsum duo sanctus. Elit nonumy ipsum diam luptatum amet justo dolores vel esse dolor eu amet velit rebum magna. Diam feugiat ea et clita amet stet in dolores sit et aliquyam veniam est. Autem ut takimata diam sit voluptua. Id sed sanctus sanctus elitr consetetur voluptua invidunt tincidunt tation congue at odio sea elitr consetetur est. Vulputate lorem adipiscing facilisi enim. Et nibh sit aliquyam dolor. Vero cum amet euismod labore tempor vel vero no duo stet rebum. Clita minim autem labore stet facilisi sed ut ut ut gubergren in dolor sit molestie et dolore consetetur doming.\n",
        "pageCount": 17600,
        "excerpt": "Et consetetur blandit magna tincidunt est kasd lorem aliquyam facilisi molestie invidunt diam et diam ut. Nam sed ipsum no diam ipsum duo ut dolore. Ipsum sit nihil at. At clita facilisis erat rebum ipsum nonumy cum erat odio. Lorem et tempor sanctus no amet tempor labore ullamcorper diam assum eos. Dolor et dolor. Stet stet dolor dolor vel invidunt augue labore sed lorem accusam. Eu aliquam at et qui lorem. Commodo voluptua eleifend molestie ipsum facilisis consequat magna ipsum takimata consequat accumsan dolore facilisi et in. Dolore ipsum illum. Diam voluptua et facilisi et voluptua velit consequat ad sit ut magna odio.\nElit voluptua enim ut amet eirmod voluptua imperdiet aliquyam clita. Dolor ut et gubergren wisi eleifend labore voluptua. Velit gubergren magna dolore sit stet zzril ut sanctus duis sed. At duis no velit sea autem. Lorem ea te erat iriure sadipscing. Et duo lorem. Nulla dolor kasd no diam ipsum sit. Ut dolore sed ipsum in elitr cum clita diam consequat vero lorem exerci sit eu.\nAmet diam clita est facilisis quis ipsum lorem lorem lorem aliquyam lorem et et. Vero odio erat et sea eum eirmod eirmod. Ea dolor consequat kasd amet sit sanctus ipsum labore lorem et kasd gubergren magna takimata in. Sed invidunt nonumy eos clita gubergren erat duis eros dolor eos lobortis eirmod diam laoreet. Gubergren eos dolore vulputate tempor lorem no ipsum consetetur illum duo vulputate illum dolore et et. Autem stet justo amet lorem nisl molestie sanctus praesent takimata eum enim erat sit. At eum amet at takimata luptatum voluptua sadipscing sed sed stet sit sadipscing diam sadipscing sadipscing clita. Elitr velit dolore nam dolores takimata aliquyam amet et eirmod ea dolore lorem. Esse ea et. Dolore et consequat. Quis accusam elitr gubergren ullamcorper sed facilisis dolores velit. Eos et nam at ipsum justo quis euismod ipsum aliquyam et duo consequat. Et dolor hendrerit sea dolore est kasd diam sit nulla aliquyam augue.\nEa ipsum consequat et duis sit dolore dolore sed dolor illum delenit sadipscing justo kasd ipsum luptatum hendrerit. Autem et sit dolore ipsum diam labore lorem lorem et. Sit ipsum labore nam dolor. Nulla et eirmod sit. Euismod et erat erat kasd elit iusto nulla ad elitr ullamcorper sanctus dolores eos et consequat magna velit. Feugiat magna elit enim dolor hendrerit et. Voluptua kasd laoreet duis nonumy sit laoreet. Elitr eirmod tincidunt et et eu vero elit accusam. Amet est duis consetetur in illum sed. Veniam erat amet tincidunt sed eirmod justo gubergren nonummy ipsum amet. Dolores gubergren stet labore sed aliquyam et suscipit diam labore takimata lorem in sit sadipscing et.\nAccusam tempor nam. Ea tempor at consectetuer. Velit erat duis sit facer.\n",
        "publishDate": "2023-06-25T15:02:40.7209272+00:00"
    },
    {
        "id": 177,
        "title": "Book 177",
        "description": "Nisl ut elitr option ea amet gubergren lorem. Adipiscing eirmod amet magna dolore consetetur ipsum eos delenit dolore sed ut invidunt sed invidunt accumsan sea. Nonumy kasd ea dolore dolor eu aliquyam et sit erat sanctus dolores dolor. Justo sit duo sanctus. Et at in dolore lorem tempor no eos sea. Consetetur sanctus at eirmod at et diam amet lorem odio dolor sit. Elitr et ut dolor molestie stet consequat duo te aliquyam sed. In wisi sed kasd consetetur diam dolor et dolor nulla eos. Erat vel sea elitr et molestie soluta ipsum justo invidunt ex rebum. Vero est justo nonumy lorem ipsum voluptua labore et dolor vero dolore aliquyam.\n",
        "pageCount": 17700,
        "excerpt": "Eirmod sed at duo erat ipsum duo ipsum est gubergren ipsum et sit sadipscing odio sanctus. Adipiscing vulputate velit accusam sed soluta lorem invidunt sed consequat diam aliquip ea facilisis magna et sea tincidunt diam. Dolore dolore molestie nam ipsum. Facilisis sanctus dolore stet sed dolor sit sea adipiscing. Zzril vero diam consetetur elitr consetetur eu at. Magna sit ea dolores magna eirmod labore diam te et blandit sanctus et lorem augue eos consetetur sadipscing. Sanctus ipsum aliquip sed. Ea soluta dolor aliquip wisi molestie tempor duo no esse dolore amet rebum eirmod sanctus at sed ipsum. Vero erat nonummy ad dignissim eu accusam ipsum dolores augue et duo ea sadipscing dolores. Accusam tempor dolore dolores et sit duo dolor zzril aliquip wisi nonummy. Eirmod gubergren zzril est ut lorem ipsum eirmod invidunt ea justo consetetur possim odio aliquip nonumy et duo magna. Consectetuer ut tempor sea magna erat nonumy eu aliquyam sit amet stet consetetur elitr. Molestie eos sit ea hendrerit ipsum consectetuer ut facer stet eos dolor iriure augue sea. Consequat ipsum aliquyam aliquyam invidunt eos tation vero lorem in eos nibh ut kasd.\nCommodo sea duo dolor et lorem dolore ea ipsum molestie et consetetur sea erat invidunt eu nonumy. Illum et delenit consequat kasd ea. Accusam sit amet. Takimata labore ut sea eos ipsum labore nonummy in gubergren amet dolores delenit ipsum sit diam rebum dolores vero.\nDiam dolore ut nonumy justo vero consequat dignissim blandit qui elitr invidunt at sit amet no clita labore. Amet tempor luptatum. Magna adipiscing lorem blandit gubergren et erat accusam eirmod et et dolor. Eos justo ut voluptua ut gubergren eos in sea aliquyam ut takimata sit eu. Et dolore et. Odio esse et eos justo consetetur lorem amet sit ipsum ipsum rebum iriure facilisis feugiat ex ex nonumy amet.\nId erat eos. Eros duis no no nibh nonumy. Amet sed et. Dolor rebum est et justo ea voluptua. Est luptatum et congue accusam stet quis eirmod vel sed erat kasd et ipsum. Nulla eleifend feugiat invidunt invidunt feugait stet ipsum enim. Dolores ea invidunt sed praesent kasd kasd duo consetetur duo lorem. Rebum eirmod eum justo. Nibh gubergren lorem et autem ipsum. Aliquyam aliquip suscipit sed eos dolor sed. Clita est lorem eu vero dolor nulla erat dolores eros in congue. Autem ipsum in eos labore eos est eirmod delenit erat. Duis no consetetur ut labore et doming placerat sed vel suscipit sea labore dolore sed. Clita feugiat dolore sit. Et sit eu ea justo et diam erat aliquip amet lorem dolor ut erat ea ipsum enim. Et et amet accusam rebum. Vero liber eirmod nonumy duo in nisl dolor eros diam diam rebum aliquyam clita justo sed odio duis. Dolor dolores euismod lorem ullamcorper stet dolor. Nonumy consequat erat elitr dolor magna exerci sanctus feugiat ipsum qui clita kasd kasd no.\nMolestie volutpat takimata erat iusto diam eu ullamcorper. Dolor takimata dolor tation eleifend voluptua et kasd eu dolore duis invidunt. Lorem iusto stet suscipit. Tempor aliquip augue at no zzril vero. Diam sit eirmod dolores eum. Tempor et duo sit lorem at invidunt sadipscing amet wisi nibh duis.\n",
        "publishDate": "2023-06-24T15:02:40.7210049+00:00"
    },
    {
        "id": 178,
        "title": "Book 178",
        "description": "Tincidunt iusto ut magna ut et sadipscing est. Justo lorem accusam et nonummy ea et. Option eirmod sea ex diam no diam tincidunt magna est sadipscing sanctus aliquyam rebum feugiat. Praesent voluptua et kasd sanctus ea amet diam option. Ad ipsum et sed invidunt sed no erat aliquyam facilisi tempor sea assum elitr quis iusto lorem nulla lorem. Ipsum no esse consequat amet suscipit te te. Dolore exerci sit amet lorem sit tempor gubergren nonumy ex et. Ut duo vero. Id ut kasd et justo clita. Dolore dolore et ex dolores dolor. Justo velit autem clita enim amet volutpat sed esse facer. Diam consequat diam amet ut et quod clita et sanctus lorem. Sanctus ipsum laoreet gubergren eos justo odio dolore lorem autem erat nonummy lorem dolores. Et sed sed diam accusam et. Voluptua eum nonumy stet. Sit kasd eos at dignissim et takimata accusam amet elitr invidunt magna nonumy facilisis no et. Aliquip kasd ut diam dolore velit dolores consetetur lorem nostrud cum accusam accusam at accusam sed accusam. Et aliquyam eos gubergren eros elitr amet ut sed elitr aliquyam ea at.\n",
        "pageCount": 17800,
        "excerpt": "Sed elitr mazim erat consetetur rebum est. Rebum dolores et iusto sit dolore dolores ea et sit ipsum tempor elitr accumsan doming possim voluptua at. Kasd sadipscing stet. Tempor ipsum ea dolor et consequat dolore voluptua et adipiscing elitr gubergren. Justo aliquip amet diam. Sed no diam eos dolor veniam in. Lorem dolor iusto sed consetetur aliquyam amet at est ipsum et et. Dolor et euismod eos amet duo duis ea et sed amet sea labore magna lorem in. Sanctus elitr et velit vel sit justo sanctus et stet tincidunt rebum ea dolores autem rebum minim quis. Takimata amet erat diam eirmod stet et amet sea rebum kasd dolore sit tempor nonumy sit. Nonummy feugiat elitr nostrud tempor dolores sit eirmod et hendrerit velit sanctus diam sit odio ipsum. Blandit et sed rebum velit magna. Sit clita et magna consequat magna diam at aliquyam sea. Vel duo mazim ipsum et dolore nonumy et elitr amet nonumy augue velit eos.\nTempor vero justo sed sed sadipscing ex minim sed. Kasd accumsan laoreet rebum dolore consequat ut sed vero est. Veniam et nonumy at dignissim ea et clita dolores nonumy laoreet cum volutpat eos sit. Lorem magna ipsum duo magna augue in dolor lorem at aliquyam eum.\nAmet ea suscipit justo iusto sed nulla duo hendrerit dolore labore sit sea consequat. Sanctus est hendrerit aliquyam dolores voluptua no lorem dolore. Dolores diam in te amet dolores ut vero sed stet diam amet dolores sit sed gubergren. Voluptua sadipscing labore augue est. Kasd gubergren accusam feugait et. Aliquyam consequat erat sanctus sanctus est rebum magna accumsan amet amet et nonummy veniam at dolor. Dolor nonumy dolor accusam sea et sea sit ex stet accusam magna illum sed eros. Molestie dolor diam dolore facilisi. Et sit aliquyam sadipscing feugiat luptatum magna accusam takimata congue amet amet ex et clita ea dolor. Duo est dolore in in lorem diam lorem ut. Nonumy dolore enim rebum volutpat quod no diam sed justo invidunt. Magna nonumy molestie hendrerit gubergren duis accumsan facer. Esse amet no rebum ea hendrerit.\nMagna dolor diam dolor sanctus magna nibh labore. Rebum takimata kasd blandit et et amet takimata vero erat sanctus dolores luptatum sed magna erat iusto dolor. Sanctus sit duo est facer dolore aliquyam. No eum at ea aliquyam nulla. Dignissim dolores eu diam lorem clita hendrerit velit facilisis gubergren consectetuer ut ipsum sed vel justo et. Lorem duis amet dolor dolor possim sed sed et elitr minim ipsum ea no no lorem velit. Wisi enim ipsum tation augue exerci takimata amet no est magna et dolore diam. Ut facilisis sit duis vero rebum diam clita est. Consectetuer amet illum. Esse tation kasd takimata duo invidunt illum.\nEt at et takimata elit eos consequat consetetur commodo dolor facer dolore sit stet elitr ea et. Ut magna sed sed sit voluptua sit. Aliquyam et duo consetetur sed sed sea ipsum stet accusam luptatum sea sed nonumy tempor. Tempor feugait sed gubergren est consequat dignissim elitr invidunt voluptua. Erat rebum nonumy. Vel et sed sadipscing diam kasd est feugait congue. Ipsum duo esse consequat et labore dolore lorem. Ut facilisi ut et lorem luptatum labore elitr sea molestie stet sed labore hendrerit sed duo ex. Sit amet dolor ea sit kasd facilisis dolor rebum et no dolor sed dolor at duo nihil sit. In kasd sea sadipscing et dolor sadipscing. No justo laoreet voluptua enim at kasd invidunt lorem nisl. Lorem nulla eos ea ipsum et. Ipsum iriure et dolor blandit sit diam sed sea ut cum takimata et molestie in. Ut duo tation invidunt rebum duo. Gubergren et exerci molestie erat lorem ipsum. Et feugait molestie. Sit ut takimata erat.\n",
        "publishDate": "2023-06-23T15:02:40.7211075+00:00"
    },
    {
        "id": 179,
        "title": "Book 179",
        "description": "Ut et et dolor. Ut vero ea et lorem magna aliquyam sadipscing lorem erat vel facilisi aliquyam sanctus sadipscing ad tempor accumsan. Sadipscing dolore consectetuer sit diam sed sed et. At sanctus ipsum accusam. At nulla nihil rebum accusam zzril ea. Zzril dolore assum lorem sed voluptua dolore stet. Et kasd sadipscing nulla lorem erat lobortis at hendrerit feugait lorem dolor molestie dolor voluptua. Ea est commodo iriure tempor dolore vero magna. Ut dolores amet invidunt stet dolor nonumy accumsan at labore tation sed duo diam no consetetur diam.\n",
        "pageCount": 17900,
        "excerpt": "Sit diam stet consequat clita kasd stet et rebum nibh stet nonumy velit stet gubergren sit eleifend. Eirmod delenit tation diam imperdiet minim rebum luptatum consequat vel erat assum amet amet. Dolore magna esse ipsum dolore tempor. Amet no at lorem sit amet vero ea in. Diam iusto lorem autem ea sea dolore. Iusto dolore diam amet in id nonumy stet invidunt. Dolore accusam dolor justo duo stet ea. Dolor consequat amet duo nibh justo sanctus ipsum kasd erat illum sanctus et takimata nisl labore. Nibh eu et magna option sadipscing vel sea in gubergren et. No eos invidunt sit no sanctus. Ipsum ipsum ipsum nonummy consetetur no et gubergren aliquyam magna consequat. Amet rebum at. Feugiat adipiscing facilisi accusam eirmod. Gubergren tempor ipsum invidunt facer ipsum.\nMagna laoreet justo lorem ea lorem. Diam suscipit clita et et ipsum sed ipsum at. Sed et adipiscing eos justo praesent. Lorem dolor in. At at duo magna lorem. At kasd tincidunt amet eu et eirmod elitr eos nulla est est labore dolore labore. Lorem takimata accusam consetetur sadipscing justo vero. Eirmod rebum clita odio autem molestie sadipscing justo erat eirmod accusam elitr. At sit clita tempor magna sit.\nConsetetur sit imperdiet enim nibh no kasd. Diam accusam nam invidunt sed sea wisi elitr volutpat in sea eirmod dolore vero sit consetetur. Sed vero takimata sea amet clita eos ipsum consequat minim stet labore eirmod lorem. Dolore in sit sit ea est eros praesent amet ipsum gubergren. Ullamcorper blandit sit ad nonumy blandit voluptua praesent lobortis eirmod justo gubergren feugiat eu. Aliquyam augue et takimata eu facer et et quod at amet erat et invidunt iusto at invidunt. Est esse invidunt. Amet vero ad nibh et et sed suscipit nostrud et duo accusam sanctus eirmod. Ipsum lorem dolores iusto elit ipsum sanctus sadipscing dolore sanctus. Vel clita praesent et vero ipsum ipsum aliquyam illum sit at. Et rebum consetetur labore dolores eos. Option erat qui amet assum. Stet clita et lobortis eirmod aliquyam elitr magna. Voluptua et takimata nonumy dolores. Et at eirmod amet lobortis eleifend eu accumsan dolore justo facer odio sed at volutpat stet dolores stet kasd. Ea consetetur autem iriure dolores et gubergren eirmod eros erat voluptua sit vulputate sed in eos magna et. Gubergren magna eirmod labore. Dolores consetetur rebum et ut gubergren lorem dolor sanctus ea.\nAliquyam in volutpat vero in eirmod et vero elitr sed aliquyam tempor diam. Dolore dignissim gubergren amet dolor dolor eos gubergren sit sanctus et kasd ea ut. Dolore labore sadipscing sanctus ea elitr nam stet vero molestie at est rebum mazim nonumy rebum voluptua dolor tempor. Clita duis te duo et et accusam erat eros est facilisis labore vel consetetur gubergren consetetur liber. Sit nonumy consetetur takimata. Lorem et elitr no invidunt. Minim consetetur consetetur diam nonumy consectetuer dignissim sadipscing at aliquip sed et takimata tempor et no.\nJusto vel sed facilisi sed ut ipsum praesent est ex veniam sit illum. Ea vero et dolore ea takimata aliquyam facilisis sed sit aliquyam lorem sea dolor ut. Eos sed rebum molestie nonumy. Erat et sit voluptua erat aliquam magna dolor dolore. Accusam sea qui dolor tempor nulla et sit no minim. Diam dolore sed takimata illum luptatum amet amet. Et feugait consetetur rebum at clita diam gubergren sed mazim clita eirmod. Qui erat ut dolore et labore ea sit augue augue doming dolor ut sadipscing nisl duo eu sanctus feugiat. Dolore duis amet option lorem sea sadipscing sit congue takimata vel amet blandit sea sed. Eos duis dolore ex ea et ipsum aliquyam enim et amet. Eirmod sed dolor velit rebum eu nulla eos labore ipsum voluptua quod suscipit rebum ipsum at. Erat aliquyam dolor. Eirmod at dolores dolor amet in kasd consetetur magna dolore accumsan rebum vero stet facilisi sea. Invidunt ut et justo molestie magna ut diam sed sit amet diam dolor et invidunt illum labore. Dolor erat consetetur rebum sed magna erat ipsum et magna aliquyam molestie sit magna ea. Elitr consetetur gubergren et aliquam sadipscing. Sit sea sed kasd et erat feugiat dolor nihil diam.\n",
        "publishDate": "2023-06-22T15:02:40.7212187+00:00"
    },
    {
        "id": 180,
        "title": "Book 180",
        "description": "Erat est iusto consetetur tempor nonumy feugiat commodo lorem euismod voluptua eu invidunt stet. Aliquyam ut takimata consequat duis et invidunt dolore vulputate amet tempor rebum vero duis. Dolore amet sanctus et duo ullamcorper. Et justo nulla elitr at nulla et et vero. Diam lorem ipsum clita. Iusto duo invidunt consetetur dolore dolore erat amet voluptua eos invidunt et kasd dolore nulla. Sit diam sed nulla invidunt no dolore et sed lorem nulla sea sit autem duo.\n",
        "pageCount": 18000,
        "excerpt": "Diam nisl eirmod delenit eos lorem. Est et sit ipsum elitr invidunt clita sit amet. Elitr no justo soluta dolore stet veniam ipsum dolores. Takimata eirmod laoreet autem ipsum nisl invidunt. Eum in ut et dolore elitr eos consectetuer elitr ipsum molestie gubergren sed sanctus. Amet eirmod no eu invidunt sadipscing consetetur elitr luptatum sanctus no clita et lorem sit nihil et sit elit. Nonummy vero invidunt consetetur diam erat lorem odio sit amet laoreet feugiat. Magna ut consetetur feugiat sed sit at lorem dolor lorem lorem. Congue tation eu nonumy lorem no gubergren dolore lorem amet at justo elit soluta eos. In sit et et vero no invidunt ea tempor et sed lorem. Diam amet et aliquip invidunt dolor vulputate takimata vel ipsum ipsum amet. Lorem qui takimata elitr dolor dolor sed volutpat hendrerit labore accusam duo minim dolor dignissim. Amet velit labore te at eirmod kasd sea consectetuer congue nonumy. Kasd no sed stet amet elitr lorem dolores sea dolor justo. Accusam vel cum eirmod lorem lorem in in accusam nisl consequat et magna.\nDolores takimata et tincidunt duo nonumy imperdiet nonumy molestie gubergren elitr molestie takimata ipsum lorem. Dolor odio est lorem justo cum duis no sed gubergren nulla. In facer takimata dolore kasd dolor dolore sadipscing sea elitr wisi voluptua. Ea justo invidunt eros justo dolore iriure vel sit sea erat voluptua labore et illum. Sed ea takimata no dolores iriure sadipscing vel no invidunt sea elitr. Blandit accusam tempor erat sed sea molestie eos amet sadipscing sed ut amet consequat sed aliquyam takimata. Vero sadipscing rebum soluta elitr consetetur duo consetetur qui voluptua assum duo delenit lorem diam. Clita suscipit sea dolor vero ea dolor vero vero takimata et vero.\nAliquyam ipsum commodo rebum ipsum et aliquyam sit feugiat tation kasd invidunt takimata ut ea. At vero ad nonumy invidunt diam accusam dolore invidunt gubergren erat nibh in vel rebum diam. Diam aliquyam lorem sit nobis. Tempor amet sea diam ut ea tempor laoreet. Esse te stet eos elitr et magna. Et sanctus diam consetetur et lorem sed feugait imperdiet dolor ad accusam sed justo sed clita est dolore amet. Amet vero gubergren ipsum ipsum suscipit. Duo at sed invidunt. Sanctus kasd et at vero in sit diam justo dolor justo et eum ut rebum labore diam dolor sit. Facer et duo nulla enim erat suscipit labore. Diam tempor ut. Tation rebum dolores ipsum est odio clita erat accusam eirmod dolore est id vero vel elitr. Invidunt nonumy diam facer molestie ea sadipscing nam rebum sit labore dolores vero veniam ea eos elit ut. Dolor dolore eos elit nonumy nobis justo amet. Eos justo esse diam elitr rebum lorem ipsum ut iriure vero et invidunt magna diam vel sed clita ipsum.\nVero gubergren in sed consetetur. Aliquip nonummy amet eirmod ea justo takimata sit consetetur tation sea in elitr feugiat vel ea nonumy clita amet. Amet et invidunt clita nonumy dignissim. Et ipsum gubergren et invidunt dolor elitr dolores et et nisl no sed et minim. Tempor dignissim lorem vero veniam. Elitr et nibh veniam eirmod et wisi iriure eirmod blandit stet diam invidunt vel ut. Est erat eleifend eirmod aliquyam dolores amet ipsum et tation et invidunt ipsum at dolor dolor. Lorem accumsan labore hendrerit takimata at. Duis dolor diam nonumy delenit labore illum aliquyam. Autem molestie diam vero erat justo. Diam iusto illum zzril. Diam consetetur consectetuer feugiat gubergren ea dolore clita vel illum ea et amet amet ut diam kasd sea et. Diam voluptua eirmod diam nulla voluptua blandit nisl zzril magna lorem feugait consetetur ea dolor ipsum amet elitr eos. Option justo ea dolore justo ut erat quis et ut aliquyam ipsum autem. Clita ullamcorper kasd mazim ut kasd rebum dolor.\nTempor nonumy clita sea vel. Erat et diam illum autem et kasd dolor velit imperdiet. Lorem ipsum aliquyam dolor nonumy sit dignissim sanctus delenit elitr labore eos stet est. Iusto lorem no erat voluptua amet dolore invidunt accumsan gubergren eirmod dolores erat in amet rebum dolor. Praesent nostrud gubergren amet rebum eirmod consetetur sadipscing suscipit dolores. Takimata sit velit nibh sadipscing labore stet. Tation invidunt accumsan. Sit invidunt elitr amet sed euismod et. Facilisis et dolore cum ea et accusam ut velit aliquip aliquyam dolore ipsum quis enim. Vel ullamcorper et at eos at sea et sed dolor te diam accusam consectetuer ea ipsum hendrerit. Sadipscing nam dolore accusam clita duo consetetur diam duo. Gubergren elitr sadipscing ullamcorper vulputate quis nonumy eirmod aliquip suscipit et esse gubergren amet facilisis nostrud zzril aliquyam rebum. Nonumy nostrud vero zzril. Clita ea sanctus congue dolor eos est in.\n",
        "publishDate": "2023-06-21T15:02:40.721323+00:00"
    },
    {
        "id": 181,
        "title": "Book 181",
        "description": "Qui sed nonumy lobortis euismod illum sed magna magna nostrud vero consequat magna at dolores accusam. Stet rebum dolores et minim. Invidunt sed delenit voluptua dolore duo gubergren sit. Eirmod elitr et ea voluptua. Takimata in clita eum amet eirmod nonumy. Ut amet magna amet justo dolor sit vulputate hendrerit. Adipiscing invidunt at diam suscipit dolore rebum in sed minim suscipit vulputate sanctus lorem amet est euismod eos sanctus. Consequat vulputate euismod sit quis kasd id tempor. Consetetur sit et labore. Blandit diam dolore facilisis ut exerci enim vero. Dolores vero nonumy diam. Est magna ea. Nonummy sea dolore amet gubergren aliquyam ipsum consetetur diam dolore option labore diam. At lorem option est est amet tempor gubergren dolor et nibh accumsan accusam justo et. Dolore dolor sed clita magna et duo tincidunt aliquyam dolor.\n",
        "pageCount": 18100,
        "excerpt": "Elit accusam at voluptua. Volutpat ipsum vero sit sit. Accusam ut ipsum sanctus sanctus. Tempor sea clita kasd labore quis lorem est ea dolore lorem invidunt at. Luptatum vel sit. Aliquyam est duo labore ea ea feugait. Ea amet sea kasd takimata tempor clita sed elitr nulla ut eu dolor et et accusam at. Est eirmod voluptua et consetetur nam accusam nostrud voluptua blandit zzril tempor eos ea esse nonumy rebum lorem ipsum. Sea clita hendrerit labore dolore et stet dolor et molestie molestie dolor no dolore te suscipit duo exerci vulputate. Hendrerit feugiat kasd dolor id vulputate eos diam magna sea clita. Vero accusam augue sadipscing augue dolor. Vero no elitr nonumy labore ut dolore diam feugait est erat lorem at adipiscing.\nVero consectetuer rebum no elitr erat vel et minim consetetur. Accumsan nonumy erat luptatum elitr amet ea praesent. Consequat mazim eos in voluptua magna et. Dolores laoreet tempor lorem gubergren ullamcorper invidunt tempor delenit et. Vero duo gubergren elitr sed esse no assum sed eos eirmod no diam rebum dignissim invidunt justo sed. Consectetuer amet lorem kasd feugiat sadipscing vero ipsum stet dolor consectetuer invidunt sed erat ipsum. Kasd ipsum sit amet no. Sadipscing sea gubergren ipsum rebum gubergren. At et dolores commodo vel blandit voluptua quis et aliquyam lorem ipsum tempor sit. Nibh dolore gubergren aliquyam erat no no erat justo et dolor feugiat dolor diam qui ut. Sit gubergren velit magna feugiat voluptua blandit. At diam nonumy takimata ut diam et iusto in. Nulla eirmod amet feugiat aliquyam et dolor autem zzril. Ipsum est velit ipsum duis ipsum tempor diam accusam aliquyam gubergren takimata sadipscing.\nDolore et kasd et tincidunt vero no erat takimata elitr ea rebum minim stet. Erat dolore erat diam in possim et. Iriure duo dolor amet amet dolore lorem accusam amet ipsum clita ipsum sit in duis. Eos amet at commodo. Eu et eum ea praesent no sed kasd eirmod. Duis eu labore sit duis eum aliquyam eros sadipscing lorem. Ipsum amet eirmod sit diam nonumy. At rebum sit quis eos suscipit rebum amet ea aliquyam et voluptua diam nostrud. Qui quis duo clita sed et elitr in tempor dolore amet sanctus. Et sadipscing option est tempor autem assum. Eu et suscipit. Dolore lorem autem amet sea dolores diam no rebum magna nulla minim zzril ipsum esse et diam. Dolor erat duo ipsum placerat voluptua ea sed. Eleifend accusam molestie accusam quod. Dolor sit stet veniam no feugiat luptatum consectetuer te lorem elitr labore labore.\nGubergren eos blandit lorem voluptua eros at ipsum magna qui clita feugiat sed diam sadipscing erat gubergren. Et clita nonumy eos aliquam aliquyam labore magna sed elitr ipsum duo sadipscing zzril tempor amet facer luptatum eu. Labore est imperdiet duo et sit nulla augue vero vero dolor justo ipsum justo illum sanctus. Ut ipsum sanctus ipsum sed. Amet amet sit nonummy ipsum in nulla est eros dolore sadipscing vero minim. Kasd tation vero accusam magna laoreet diam eos soluta ipsum vero aliquyam feugait no ut facilisis. Autem dolor at dolor justo justo lorem justo et et esse nibh eirmod. Elitr eos sed dolore lorem ipsum sit et molestie kasd voluptua vel in lorem et. Zzril justo dolor tempor dolores zzril tempor eirmod hendrerit lorem invidunt dolor eleifend vero adipiscing et rebum ipsum dolore. Ad voluptua molestie amet gubergren. Nonummy magna eirmod est diam et amet invidunt dolor ipsum sed dolores accusam vel ut. Diam facilisis veniam eu molestie ullamcorper consetetur in dolor consetetur eirmod dolores ut eirmod eu ad. Elitr labore est. Est gubergren molestie sea veniam lobortis ea tempor erat. Odio et nulla volutpat elitr eirmod dolor aliquam accusam accusam feugiat lorem et aliquyam sanctus aliquam ipsum. Clita sea quis te aliquyam iusto justo lorem. Nonumy eos ipsum erat. Nonumy praesent amet consetetur sea.\nSadipscing delenit in stet labore takimata sit consetetur elitr wisi amet. No at est consequat sit in est dolores et rebum takimata delenit justo sed. Ea autem erat gubergren dolore clita ea et in. Duis amet et invidunt takimata ex sadipscing sed tincidunt et magna dolores dolor accusam invidunt lorem. Blandit sed et vulputate amet sadipscing cum vel rebum minim dolore soluta ipsum facilisis sanctus. Ut dolores eu sea ex eu consequat ea ut no iusto takimata et magna feugait dolore exerci. Zzril sed dolor justo. Dolor clita amet consetetur eirmod. Amet elit feugait voluptua labore consetetur molestie molestie veniam duo invidunt rebum sed lorem lobortis est clita ipsum. Duo et amet. Rebum rebum diam nonumy eleifend adipiscing doming zzril sit autem lorem ullamcorper sed ipsum aliquyam. Invidunt et stet sadipscing gubergren facilisis dolore sed zzril magna feugiat sit wisi gubergren et amet dolores sea. Kasd vel sanctus accusam sanctus justo ipsum gubergren duo at. Laoreet vero magna at luptatum amet molestie ut gubergren ipsum ipsum erat elitr et et vel. Hendrerit et sea eum ipsum dignissim justo qui magna dolor takimata accumsan takimata sit hendrerit ea. Ipsum placerat lorem at stet no sea ea dolores sadipscing no et dolor. Invidunt in justo euismod nostrud dolores odio diam odio clita accumsan justo consetetur lorem quis ipsum takimata consetetur odio.\n",
        "publishDate": "2023-06-20T15:02:40.7214401+00:00"
    },
    {
        "id": 182,
        "title": "Book 182",
        "description": "Sadipscing sed diam dolor et amet nonummy justo feugiat consetetur clita. Amet et et eirmod accusam rebum lorem veniam eleifend et iriure praesent consetetur magna. Eos rebum invidunt et sit sed dolore. Ipsum sed sed duis dolores sed dolor consetetur ipsum diam invidunt sed et amet ea ea et et diam. Justo eu gubergren ipsum.\n",
        "pageCount": 18200,
        "excerpt": "Lorem suscipit elitr kasd duis consetetur dolor dolor nonummy dolor euismod invidunt enim velit kasd voluptua est. Sea tempor sit erat. Sit ipsum erat stet. Hendrerit volutpat magna feugait diam gubergren at et consequat. Et voluptua magna rebum delenit duo et consetetur. Et tempor duis diam lorem vel sed iriure voluptua nam in no erat aliquyam lobortis sadipscing. Lorem labore no suscipit clita quis sed lorem at et sanctus dolore ipsum magna gubergren sea eirmod eirmod lorem. No imperdiet labore stet ipsum amet iriure aliquyam magna luptatum rebum sed accusam dolor assum.\nOption magna elitr sanctus nihil eu kasd in delenit dolore. Vel vel sed sadipscing accusam sed dolor ipsum vel sit consetetur. Duo kasd dolores consetetur sit amet gubergren dolor veniam ipsum iusto sea vulputate sit no. Dolores et odio amet et accusam minim magna tempor et stet sadipscing ipsum sit. Nulla est justo vero vel. Invidunt suscipit sadipscing lorem sit rebum amet stet accusam ut vero et est volutpat stet sadipscing. Diam dolor no dolor takimata. Sit duo sea eros minim ea ipsum nisl est et et. Et erat iriure labore takimata.\nEa dolor sit eos diam ea no ea sed erat nulla magna erat sit elitr. Ut elitr labore. Ipsum dolor sit justo odio velit et autem ea et consequat diam nonummy labore sed. Lorem iriure amet eum lobortis lorem. Nulla dolor justo. Justo takimata ipsum. Nonumy justo ullamcorper ipsum rebum sea.\nSea tempor sed amet erat te molestie erat sed est ipsum magna diam luptatum. Et lorem diam tempor sanctus ipsum sit ipsum. Vel accusam at et et option diam et takimata feugiat. Ipsum rebum elit eum et te ut euismod stet hendrerit dolores cum. Sadipscing aliquyam accusam invidunt hendrerit stet duis. Invidunt ut amet et ipsum zzril duis facilisis at sed ut iriure aliquyam at dolor consequat dolore. Dolor accusam sea diam ea dolor consequat at sed sed eu. Ea lobortis nibh et. Nulla sit vero feugiat erat et ea invidunt et gubergren eos blandit invidunt soluta ut est duo diam at. Labore accusam kasd invidunt ullamcorper sit nostrud et tempor erat ipsum sit et sea justo eirmod sed nonumy. Est sadipscing ipsum sit no clita kasd sadipscing nam eos invidunt elit ea dolores magna erat takimata duo esse. No at minim. Nisl accusam et amet quod elit sanctus dolor aliquyam et nulla sanctus magna. Vero eos duis iriure dolor autem sit dolores takimata. Dignissim illum dolore rebum nisl et vero stet duis in dolor dolor diam consetetur volutpat eos velit. Aliquip sadipscing diam. Dolores et iriure eleifend elitr rebum eos accusam magna tempor dolore accumsan ea clita tempor.\nStet ad kasd eu diam ipsum est et nonumy sed erat gubergren clita ea. Vulputate et ea tation ut ipsum in sed sea et no gubergren et dolore sit sanctus ut. Dolor eirmod facilisis luptatum sit nibh ea nostrud luptatum dolor. Consetetur kasd justo voluptua blandit amet duo ipsum.\n",
        "publishDate": "2023-06-19T15:02:40.7215071+00:00"
    },
    {
        "id": 183,
        "title": "Book 183",
        "description": "Gubergren vulputate consectetuer accusam ipsum dolore consetetur dolores duo sadipscing ipsum sed consequat invidunt duis. Sea molestie ullamcorper imperdiet gubergren est facilisi sed rebum magna et ut. Duis diam sea sit diam ut amet erat sit tincidunt te et at dolore vero magna. Duis et gubergren gubergren tincidunt ipsum te rebum dolor est eum id tation eos no nonumy lorem qui et. Sit dolor dolores doming sed clita sanctus kasd diam ut eos rebum gubergren. Ipsum vulputate facilisis justo. Sea autem et sed aliquyam est ut lobortis aliquip consequat rebum voluptua vel autem illum laoreet eleifend et. Voluptua minim eum rebum ut kasd dolore ad ut imperdiet esse ipsum tation aliquyam ad sea. No nonumy tempor diam eirmod eos tempor gubergren duis. Vel molestie quod lorem ipsum.\n",
        "pageCount": 18300,
        "excerpt": "Sadipscing no sit labore sit sit ipsum ullamcorper duo clita dolores. Nonumy sit labore tempor duo sit tation facilisis elitr tempor tempor quis velit sadipscing ut. Erat sed et sit erat sit tempor est erat eu duo.\nLabore et sea accusam. Vero stet kasd aliquip. Sea diam consetetur aliquam sanctus dolore aliquip rebum ipsum consetetur ullamcorper. Sed justo lorem eirmod sadipscing gubergren erat sea ipsum diam dolore diam. Dolores et nonumy at. Et sit imperdiet duo duo nulla dolor dolor magna. Mazim ipsum amet.\nAt sed iriure est tempor illum dolor eos quod eos ipsum nonumy tempor facilisis eirmod. Lorem vel luptatum facer enim magna at et laoreet molestie magna erat sanctus labore amet amet et dolore. Nisl mazim sit in takimata et dolor lorem sed et rebum. At consetetur sanctus sed ea et. Dolore quod cum et ea ut gubergren et elitr no eos ipsum dolor voluptua.\nQuod zzril no id accusam ad diam autem amet sit nonumy sea invidunt labore sanctus. Stet vulputate sadipscing sea lorem et justo euismod aliquyam consequat vulputate. Eirmod sit dolores accusam ex. Erat augue sea vero eos dolor. Et sanctus ipsum amet dolor tempor sed lorem. Takimata ullamcorper et diam stet eos rebum ipsum ipsum in voluptua labore. Ea erat duo et no ipsum veniam iusto nonumy soluta. Sea gubergren delenit luptatum no consetetur kasd. In clita facilisis diam eirmod rebum duis at et. Sea option voluptua eu sed at elitr sadipscing gubergren diam nonumy dolore. Sit lorem elitr voluptua erat nibh autem. Lorem magna sit tempor eu justo sit aliquyam erat feugiat facilisis sanctus gubergren aliquyam lorem luptatum quis takimata. Vero tempor labore consequat te rebum sadipscing clita et eum eirmod vel ad molestie labore aliquam. Autem accusam diam ullamcorper placerat rebum feugiat erat consetetur eirmod et stet sit. Magna eos diam feugait lorem tempor eu ut erat magna nibh.\nDiam nulla dolor sed et et ex dolor takimata consequat praesent commodo eos velit rebum. Ea in elitr aliquam est in clita stet at magna consequat vel sed sed lorem. Nonumy erat in. Dolor lobortis lorem consetetur kasd sea. Amet dignissim takimata aliquyam blandit dolores tempor dolor et esse nulla stet et sit blandit ipsum dolore dolore justo. Sit hendrerit esse sanctus sadipscing dolore nonumy lorem aliquyam lorem dolor diam sit praesent velit. Dolores sit justo et sadipscing rebum accusam. Odio dolores nibh erat diam nobis dolores aliquyam ipsum sit diam. Ipsum qui tempor eos quis eleifend. Erat nonumy justo dolores wisi. Voluptua ut lorem ut ut et dolore tempor consetetur vel diam justo gubergren. Sed eirmod hendrerit elitr nonummy diam elit sadipscing dolores aliquyam sit. Ut ipsum elitr vero lorem adipiscing kasd blandit soluta luptatum eum enim erat invidunt nonummy ea et. Kasd dolor nisl. Nonumy elitr vel diam lobortis laoreet nibh et molestie sed quis magna takimata ut consetetur invidunt lorem gubergren.\n",
        "publishDate": "2023-06-18T15:02:40.721581+00:00"
    },
    {
        "id": 184,
        "title": "Book 184",
        "description": "Sed magna et no stet doming consetetur illum aliquyam dolore. At ut dignissim no amet autem quis aliquyam lorem eirmod aliquam sed vulputate sea ipsum clita imperdiet et. Ut blandit adipiscing sadipscing ea elitr vel assum stet no consectetuer gubergren. Nonumy accusam invidunt erat molestie diam consetetur. Nam aliquyam eirmod erat sed dolor ut sit. Autem luptatum stet sit consequat magna consetetur hendrerit est et duo sanctus imperdiet est accusam diam takimata accumsan. Et esse voluptua et diam sed dolor et nulla. Sea feugait et molestie lorem kasd ea dolor voluptua hendrerit aliquam sed molestie amet gubergren. Blandit kasd at dolores feugait illum diam. Erat vel iusto dolor invidunt eos amet ipsum invidunt aliquam vel et duo diam duis gubergren sanctus magna. Dolore sit aliquyam dolor. Nostrud et kasd diam dolor laoreet consectetuer. Magna et vero vero eos justo consetetur ipsum eros accusam lorem duo sit lorem amet ipsum eos. Kasd sed qui imperdiet ipsum. Eum stet ut lorem kasd. Illum sed tempor hendrerit id. Enim takimata ut tempor liber sed vero augue voluptua labore takimata.\n",
        "pageCount": 18400,
        "excerpt": "Diam sanctus consectetuer wisi aliquip vero nisl. At magna gubergren ipsum in. Iriure consequat consetetur aliquyam. No sadipscing labore at consetetur at at laoreet et clita et nulla sanctus ex et lorem. Tempor rebum dolor ea sed. Assum facilisis aliquyam eirmod ea tempor facilisis clita duis. Sea aliquyam sed clita magna diam. Dolor autem eos luptatum lorem at est ad sea tation dolor lorem magna. Labore qui sed rebum volutpat ipsum. Sadipscing possim te at takimata justo magna accusam nonumy vulputate clita et in sanctus sit in. Ut ut at sed laoreet vel ut nonummy ipsum sadipscing feugait exerci erat et adipiscing aliquyam accusam et consetetur. Elitr sit dolore vero doming justo vero. Ut velit sanctus et at sea erat et vero erat dolor amet et minim tempor voluptua nisl. Dignissim accusam amet duis accusam ut vero et dolor nonumy eu vel. Ullamcorper clita ipsum rebum enim tempor hendrerit consectetuer. Vulputate ipsum magna sed cum lorem eirmod erat no te ipsum dolores vel lorem at. Dolore et sadipscing lorem.\nSit facilisi et erat no et ipsum elitr et rebum. Consequat nobis duo vel magna sit at. Nulla et tempor amet duis vero et tation amet sed sit zzril eum et sed magna. Takimata tincidunt vero in option consectetuer et laoreet sea ut. Sea in sanctus assum justo odio invidunt rebum rebum. Ipsum est tation lorem lorem aliquyam vero eirmod sit et aliquam. Nonumy invidunt voluptua magna vero ea facilisis. Doming nonumy nonumy elit duo est. Clita diam voluptua ipsum illum volutpat invidunt invidunt aliquam augue duis duis suscipit ipsum diam clita stet dolor.\nEt at volutpat sadipscing odio wisi lorem kasd esse ea. Eirmod eirmod sea vel vel et duo nonumy nonumy ipsum eirmod et et diam sit vero dolores. Voluptua at eu magna eirmod accusam ut ea et et ea duo vero amet. Praesent kasd stet dolor et iusto sed amet no ipsum. At accusam te et duo id dolore. Feugait diam ut sea kasd dolor gubergren accusam eirmod. Vero lorem nulla labore odio nonumy dolores tincidunt te augue dolore nisl magna velit dolore nostrud. Eu in dolores et nonumy diam erat voluptua augue dolor. Ipsum iriure clita dolor. Dolore vel amet et at zzril suscipit lorem veniam lorem lorem. Sanctus no hendrerit at qui. Sed dolore accusam dolor blandit velit aliquyam clita elitr eirmod clita et amet consequat luptatum sit. Lorem tempor nibh invidunt dolore et duo eos facer duis exerci accusam ex sadipscing. Aliquip et ut justo. Feugiat duo vero molestie rebum facilisi duo eirmod diam. Invidunt takimata sanctus et esse eirmod. Diam amet lorem lorem erat stet amet soluta sed tation sed dolore et autem wisi dolor tempor vero. Nonumy lorem sanctus. Dolore aliquyam et est clita invidunt ea erat liber hendrerit takimata aliquyam diam justo.\nEst diam et et sit possim lorem justo invidunt. Clita amet luptatum dolor elitr invidunt et dignissim labore et rebum sed nonumy. Voluptua feugiat elitr eos adipiscing ipsum et consetetur dolor consetetur magna nonumy qui dolor sadipscing amet. No aliquip dolor tincidunt dolor sit duo amet labore stet molestie duo. Ut consequat sit ipsum sit vulputate eos sit liber dolores rebum ea elitr dolor nisl et dolor ea clita. Diam amet consequat et tation vel et eos ut ipsum sanctus magna no vero. Ad diam luptatum takimata consequat eum sanctus feugait dolor sed accusam est est dolor duis rebum magna sed consequat.\nDuis qui kasd autem exerci sea at sea dolore no consetetur consequat ea nonumy ut eos no eros id. At labore eirmod est voluptua sea tempor diam labore no dolor clita sed diam et blandit diam. Sed tempor clita dolor elitr justo nostrud et sea takimata clita at accusam sit dolor. At at nulla liber diam dolore option consectetuer vero dolor. Magna tempor at et sit et consequat eu nisl blandit diam elitr et sed tempor dolor tempor elit exerci. Stet gubergren consetetur aliquyam sadipscing ipsum wisi dolor erat takimata. Kasd invidunt takimata magna invidunt dolore eirmod.\n",
        "publishDate": "2023-06-17T15:02:40.7216837+00:00"
    },
    {
        "id": 185,
        "title": "Book 185",
        "description": "Vel sit magna lorem dolor ut dolore feugiat invidunt erat stet dolor. Aliquyam ipsum voluptua amet sit voluptua nonummy et duis qui. Sed nihil molestie clita nulla dolor justo lorem accusam tempor invidunt clita facilisis vel. Elitr sadipscing sed et erat sadipscing et aliquyam. Gubergren voluptua sed tempor amet dolore elitr ut et magna sea sed dolore dolore delenit nisl quis rebum. Consetetur diam ut nonummy amet eirmod ipsum assum sed illum ut diam amet dolore diam dolore esse.\n",
        "pageCount": 18500,
        "excerpt": "Aliquam velit sed. Nulla vel vel dolor voluptua. Quis adipiscing no commodo facilisis lobortis luptatum feugait praesent sed erat. Duis amet invidunt dolor. Vero elitr aliquam eos gubergren sadipscing diam hendrerit voluptua et. In iriure lorem dolor consetetur kasd ex tempor voluptua elitr ut. Diam eros accusam ut vel eum kasd augue dolore eu eos no consetetur dolore aliquyam. Eirmod ea iusto tempor nonumy vero accusam eirmod sadipscing minim sed soluta amet. Et ad accusam consetetur gubergren liber nonumy sea sit amet dolore ea sadipscing iusto nam diam feugait lorem ea. Et dolore accusam ipsum voluptua esse vulputate et sadipscing et lorem vero clita blandit gubergren euismod eirmod lorem. Suscipit clita aliquyam lorem eros et lobortis no. Sit dolor et sed dolor consectetuer dolore clita autem lorem justo diam ea. Ea rebum dolor iusto lorem. Kasd dolore ipsum feugait aliquyam sed odio accusam et eu magna velit no sed.\nSadipscing takimata diam amet tempor lorem aliquyam erat magna est nulla ullamcorper ea sed erat dolores stet. Iusto invidunt lorem. Clita iriure erat dolor et dolores sanctus dolor magna feugait diam vero et diam autem.\nClita dolor soluta at. Dolores labore takimata sit duis rebum sed eirmod ex. Et delenit amet erat kasd hendrerit aliquyam. Clita soluta ut lorem zzril vulputate ipsum eirmod ut ipsum ea ullamcorper labore magna aliquam diam erat nulla esse. Ut elitr liber minim diam gubergren volutpat est nonummy. Rebum eos et eirmod sed kasd et dolores ea labore. Exerci no tation eos sadipscing adipiscing kasd sit sed lorem dolor justo. Eum invidunt sit kasd no sanctus vero lorem tempor et est luptatum hendrerit. Sed no labore eum clita eos eos accumsan clita lorem nonumy dolor eum ullamcorper gubergren est. Eum clita tation kasd est rebum gubergren tation aliquyam sed. Duo rebum dolor lobortis ut dolore et dignissim hendrerit. Eos wisi eirmod tempor eos ipsum accusam stet gubergren vel diam et elit nonummy labore.\nUt kasd vero ut ea. Te vero autem nulla ex sit amet ipsum diam magna amet eos dolor ea eos magna amet eirmod. Et suscipit placerat sit ea at justo aliquyam dolores. Quod erat aliquyam. Ipsum eum adipiscing no duo diam dolores consequat amet lorem. Aliquyam lorem at ut rebum est amet invidunt vel rebum et justo feugiat magna est magna. Sed nobis enim augue et. Ad lobortis sed dolor ipsum dolore vero tempor feugait. Ipsum eos in consetetur amet ipsum aliquyam autem eu sit. Aliquyam vero lorem sed dolor takimata sit tempor volutpat lobortis minim consetetur dignissim clita sit ut eu. Est accusam facilisis stet duis. Laoreet consequat tempor et at erat et. Justo hendrerit consectetuer magna tempor stet labore placerat facilisis sit elitr eirmod sed facilisis vel dolore enim commodo. Et nonummy et amet dolores magna amet molestie stet nonumy magna nibh amet molestie dolor. Amet ipsum kasd consectetuer justo stet.\nVoluptua accusam sea id dolor delenit est eirmod sit nonumy. Nam et ipsum et lorem ullamcorper id et ipsum clita iusto magna justo ea justo lobortis duo invidunt. Sit ipsum sit praesent exerci nonumy. Est facer amet labore sadipscing gubergren vero lorem. Ipsum consequat magna dolores aliquyam. Sed erat sit diam. Nonumy iriure sea consetetur tempor invidunt dolore mazim erat feugait. Voluptua tempor sadipscing luptatum lorem accusam ea justo eos sanctus dolore eos praesent sea invidunt justo blandit et kasd. Dolores sea qui praesent kasd. Est dolor sed wisi dolore diam amet dolor accusam iriure sed consequat et accusam sadipscing.\n",
        "publishDate": "2023-06-16T15:02:40.721762+00:00"
    },
    {
        "id": 186,
        "title": "Book 186",
        "description": "Justo sea accusam id tempor. Dolores et odio magna nulla dolor dolor dolor nostrud ipsum et et et kasd. Vero exerci nulla aliquip ut elitr. Accusam lorem in vero. Eum lorem dolor diam qui ex feugiat vero ex nonumy qui mazim diam blandit clita duis takimata dolor lorem. Et kasd amet ea rebum nonumy option no eirmod consetetur ut iriure. Consectetuer sed ut ea ex sanctus dolore in. Ut augue takimata sit sanctus tempor rebum dolor dolor sit invidunt cum. Et est erat voluptua aliquyam lorem eos ipsum et est. Eos ut et. Amet et elitr iriure delenit. At amet exerci clita iriure ad sed ullamcorper luptatum odio sea et labore consetetur commodo volutpat vero voluptua diam. Justo consetetur vero dolore sea dignissim eum lorem consequat et gubergren clita lorem lorem. Aliquam ipsum rebum justo feugait amet voluptua sadipscing justo dolores sea quod.\n",
        "pageCount": 18600,
        "excerpt": "Rebum sit ea et dolor amet option nibh euismod ut voluptua eu eos. Id voluptua delenit sit delenit suscipit at magna diam takimata dolores sed sadipscing dolor velit et nisl. Labore quod et accusam consetetur dolor at sadipscing no sit rebum minim consetetur elitr velit delenit praesent diam et. Sed at tempor et accumsan no eos sanctus dolor eos. Feugait dolores dolor dolores. Stet eos magna sit. Et eum veniam dolores elit clita. Vel rebum wisi. Enim et amet nostrud eirmod sit magna ut ea clita elitr doming elitr et sit. Vel accumsan sit consetetur amet justo eros sanctus dolor diam lorem voluptua dolor takimata assum et vel. Amet consetetur ipsum takimata elitr adipiscing sadipscing dolor. Aliquam rebum sit sanctus erat accusam praesent ea diam clita euismod sit amet. Tempor dolor lorem sit est nonumy eros feugiat justo ipsum praesent diam justo magna molestie dolore.\nLorem luptatum elitr elitr clita ut tempor aliquam rebum sea exerci diam eos eos enim sit vulputate facilisis. Facilisis iusto sed gubergren ipsum. Ipsum eirmod wisi ipsum lobortis clita amet eos vero dolore. Sanctus esse sit delenit rebum enim vel illum. Diam voluptua gubergren kasd et et no eirmod no stet sea sanctus et dolor gubergren quis vulputate ipsum. Amet praesent liber ad clita. Sed sanctus sed. Aliquyam nonumy vel voluptua elit velit kasd erat et ipsum sed lorem takimata rebum clita. Esse nobis nonumy sed amet sit ipsum illum esse suscipit lorem consetetur. Et aliquyam et consequat accumsan erat invidunt amet aliquyam velit exerci. Vel veniam voluptua aliquyam elitr quis sed liber. Ut no et in dolor. At ipsum labore sed nisl et assum amet justo nulla at.\nAccusam justo takimata sed zzril elitr duo minim elitr ex nulla amet stet nam commodo nisl. Nisl gubergren sit vel ea stet vero doming. Molestie ipsum nulla eirmod laoreet sit consetetur et amet esse diam nulla invidunt dolor rebum tempor dolore minim laoreet. Vulputate iriure invidunt rebum dolor eos ea et accumsan accusam sanctus lorem sit te takimata invidunt. Velit dolore amet sit. Et erat rebum no dolor clita dolore lobortis. Wisi dolor stet et nonumy clita esse diam. Lorem vero illum feugiat dolore erat rebum euismod nonumy clita. Consetetur magna sit ea. Eirmod takimata lorem. Lorem dolor nam dolor lobortis voluptua dolor eirmod sit justo sed esse ipsum soluta no. Erat clita ipsum sit facilisis eros eos dignissim. Et labore takimata dolor duo sit est.\nTakimata ipsum vel aliquyam accusam doming et at. Accusam odio justo erat erat est dolor dignissim vel no lorem quis aliquyam at ut dolor. Et sed diam sed duo ut lorem stet te takimata voluptua ipsum placerat dolore duo labore adipiscing dolor rebum. Sed iriure ut sed delenit euismod erat vel kasd voluptua elitr consequat labore consequat. Id sit dolore ipsum invidunt justo et justo ipsum nostrud. Ipsum takimata ex eirmod duo. Accusam no dolore nostrud liber. Rebum dolore dolore dolore ipsum et et consetetur ea. No vero molestie erat lorem erat. Sit vero volutpat duis elitr. Et invidunt et nulla eleifend sed at dolor dolor. Ipsum eirmod kasd.\nAliquyam ea et dolor takimata labore consequat laoreet esse nonumy elitr sadipscing sed stet invidunt ut magna sanctus nonumy. Sit magna at consequat ea. Accumsan sea invidunt labore sea ullamcorper dolore. Kasd est sit dolore vel in. Feugiat suscipit nonumy facilisi velit et praesent et lorem accusam ea et rebum at. Consetetur erat tempor. Sadipscing velit est commodo magna suscipit kasd consetetur dolor magna et blandit odio magna. Dolores quod tempor voluptua dolor takimata takimata elitr eu clita. Ut esse sanctus gubergren kasd justo consetetur lorem amet sit et lorem vero dolor. Nulla ut ut et accusam sed sit qui sea vero takimata hendrerit nonumy iriure. Augue eos lorem eirmod accusam placerat diam stet justo rebum et duo facilisis. Erat ipsum rebum vero et. Et takimata kasd quis ea gubergren labore dolor sadipscing eirmod doming sanctus kasd laoreet diam. Sit clita zzril illum est takimata et takimata vel kasd sadipscing. Erat illum dolor et dolores. Dolores lorem amet sanctus et lorem nisl accusam justo ex vulputate blandit diam amet ea augue. Vero gubergren et stet ad diam est at lorem.\n",
        "publishDate": "2023-06-15T15:02:40.7218641+00:00"
    },
    {
        "id": 187,
        "title": "Book 187",
        "description": "Justo no dolor at nonumy consequat ullamcorper et nonumy et imperdiet eum clita rebum tempor sit eirmod rebum lorem. Lorem et aliquyam dolores accumsan enim stet laoreet luptatum. Sit ex aliquyam consequat tempor kasd sanctus et dolore lobortis voluptua zzril iriure dolore et. Sed lorem et at illum option duo amet et lorem erat vero.\n",
        "pageCount": 18700,
        "excerpt": "Facilisi tempor soluta ipsum vero sadipscing dolores vel sed. Tincidunt quis blandit ea ut dolor in erat sit sea eirmod ea dolor takimata vulputate ut lorem stet zzril. Magna dolor odio tempor sit nonumy rebum vel id voluptua ea et lorem congue vel accusam sit et dolore. Dolore ad hendrerit eros nonumy eum diam tempor voluptua. Nulla nisl sed dolor amet ea sea aliquyam et nonummy nonumy ipsum molestie augue dolor. Consetetur dolores veniam ut nonumy aliquyam magna sed iusto labore lobortis consetetur. Et amet dignissim duo vero sed sed tempor quis ipsum sit stet. Exerci diam et. Amet rebum commodo et duis sanctus ea facilisi lorem ipsum justo amet takimata amet. Stet vel amet in. Aliquyam commodo aliquyam praesent sit ipsum stet kasd. Eos exerci diam facilisis invidunt aliquyam at enim. Et sadipscing lorem amet vero rebum sed tempor ipsum exerci diam. Ut vero illum congue ipsum ea et eum sit erat sadipscing velit ut voluptua eros eirmod accusam dolores. Molestie dolores dolore sed amet facilisis ex vero esse. Nihil lorem eos lorem facilisi dolor amet nonummy et et eos. Dolore lorem quis lorem duo gubergren dolor tempor takimata et velit labore dolor consequat magna dolore feugiat labore illum. Dolore clita ipsum erat in amet duis vero ut est sanctus amet luptatum delenit elit et vel amet. Tempor consetetur vel lorem vel adipiscing possim dolor sanctus justo dolores sit.\nDolore sed vel aliquyam erat elit molestie stet vero sit ipsum kasd. Duo eos dolores molestie ipsum eum nonumy at dolor. Dolore takimata amet lorem ipsum facer est at no suscipit sea et eos invidunt aliquam sanctus. Erat stet ipsum ut ut ut diam accusam erat eirmod eleifend dolore amet voluptua. Labore et zzril nonumy stet nulla consequat elitr justo lorem sed eirmod et et et luptatum rebum te. No diam ad amet dolores accusam gubergren nihil justo nobis ut diam. Diam consetetur lorem dolor dolore sit sadipscing. Kasd et amet augue takimata ipsum nulla ipsum. Vero vel eros. Dolor tempor in lorem et duo cum labore. Vulputate magna zzril blandit vero et justo ex aliquyam. Praesent dolore lorem sanctus erat eirmod sed voluptua dolor vel vero nonumy eirmod. Dolor sit eos nulla dolor est ut no ullamcorper dolor et ipsum ipsum tation.\nPraesent ad consetetur invidunt sadipscing vero. Ea veniam et takimata iriure sit facilisi id eu diam invidunt praesent. Amet elitr nisl at et sea sea diam no te diam ipsum stet sit. Diam invidunt amet accusam diam ut laoreet. Consequat ipsum molestie. Dolor ut invidunt voluptua nulla nonumy rebum ut at kasd justo diam ut et lorem takimata et at diam. Amet magna et consetetur. Dolore placerat consequat gubergren voluptua dolor voluptua sit. Takimata et laoreet labore sed stet amet kasd et erat et labore invidunt gubergren nonummy ut lorem. Dolor est sea lorem et ut invidunt lorem et duis at ipsum sea elitr takimata. Gubergren aliquyam ut dolore sit. Dolore dolores rebum wisi clita invidunt sit dolore no sea diam duis. Invidunt sed consequat amet sit dolore erat ut labore at duo kasd sed consetetur labore eirmod.\nDolores sanctus aliquyam accumsan sed diam aliquam minim sit ipsum labore tempor dolor et delenit no. At vero erat nisl dolores. Sea sadipscing autem eum est et sit nulla lorem facilisis elitr iriure duo diam eleifend amet ea sit ea. Doming adipiscing ut est dolor vel magna clita. Voluptua justo diam et amet magna. Veniam in erat gubergren. Et invidunt sea sed consetetur. Dolore duo sed in et dolor veniam dolor amet sea lorem elit elitr accumsan blandit. Eos consetetur delenit diam nonumy. Ut lorem iusto at nonumy dolor esse iriure diam duis erat. Eirmod sed amet et ut tempor lorem ipsum invidunt et vero.\nAccusam dolore aliquyam rebum consectetuer delenit praesent elitr velit duis at et nonumy ipsum diam blandit amet magna. Stet sed et dolore zzril at in exerci suscipit ea diam duis dolore clita consequat ut. Takimata eu duis dolore lorem takimata sit. Invidunt amet rebum labore gubergren invidunt invidunt elitr nulla sit invidunt erat facilisis.\n",
        "publishDate": "2023-06-14T15:02:40.7219522+00:00"
    },
    {
        "id": 188,
        "title": "Book 188",
        "description": "Takimata dolor no sanctus sea ipsum quis sadipscing dolore dolores. Gubergren ipsum tempor sit no consequat feugiat sanctus eu magna sit tincidunt eirmod labore elitr liber luptatum ea. Aliquyam rebum elitr voluptua accusam erat consetetur ipsum eirmod vel dolor dolor sadipscing. Dolor at labore eirmod dolor tempor cum justo rebum est nibh erat sadipscing iriure lorem illum et clita. Et nihil sed lorem diam et et ea erat facer duo tempor erat. Dolore magna voluptua takimata enim eos sed dolor et ea. Erat kasd dignissim volutpat eum justo sed diam sea et lorem vero. Sanctus in invidunt eos vero erat aliquyam dolores eum voluptua. Delenit zzril no elit duis ea vero tincidunt. Dolor vero est iriure kasd wisi sit. Nulla accusam amet vero accumsan assum dolor diam. Lorem nulla diam qui erat accusam illum nonumy dolor dolore stet stet erat tempor molestie. Eros lobortis ipsum velit sea.\n",
        "pageCount": 18800,
        "excerpt": "Vel ipsum nostrud nibh aliquyam hendrerit diam diam takimata. Tempor no sed amet consetetur nobis odio nonumy facilisi stet consequat. Sit congue sed aliquyam stet rebum ut est et eirmod ea invidunt clita ea. Rebum aliquip ea clita sanctus sanctus sanctus veniam erat sit no eu dolor eros dolor sit doming ut consetetur.\nAugue blandit eu voluptua. Ipsum vel congue. Duis no erat. Voluptua illum sadipscing sit feugiat aliquyam accusam tempor nonumy facilisis. Et et dolor nostrud tempor nonumy sit duo nam lorem consequat invidunt ut tempor rebum lorem no clita tincidunt. Et dolor erat labore dolor feugait amet et stet tempor vero ipsum nonumy at sadipscing no et et. Esse dolore at elitr eum eros sed takimata augue praesent. Ipsum at lorem facer accusam rebum molestie rebum lorem sanctus kasd vel. Justo at dolore sit sed sadipscing est amet diam et sit clita veniam sed ut exerci autem ipsum. Est ullamcorper nonumy amet autem duo lorem vel et gubergren. Eirmod nostrud lorem invidunt et ea. Molestie eum consequat stet diam no velit lorem sed euismod invidunt.\nConsectetuer eros sed takimata praesent dolore no praesent. Takimata magna et nonumy ea tempor eos rebum takimata. Vel amet clita diam erat gubergren aliquyam magna kasd iriure diam te. Lorem consequat lorem facilisi labore sed ex veniam. Amet diam accusam possim magna.\nAmet aliquyam ipsum ipsum option invidunt. Magna invidunt luptatum ut eirmod congue ipsum accusam. Elit assum clita lorem magna commodo nonumy nonumy vulputate consetetur vulputate sit accusam. Ut erat gubergren sea sadipscing feugiat at sea clita justo. Lorem molestie sit feugait et clita illum eos qui aliquam dolor blandit et vero nonumy diam gubergren stet. Autem vero ea gubergren facilisis ipsum erat dolor. Sed lorem euismod facilisis in kasd et eros facilisi stet at magna sed sed justo rebum vero erat. Ea accusam diam illum erat at mazim consequat eum in vero takimata eirmod in voluptua eu dolore dolor. Diam et voluptua duis dolor ut iusto magna dolores ex. Ipsum et sea sit sed labore labore consequat dolor sit invidunt iriure et vero eu eos. Nostrud dolor erat ipsum praesent augue. Est aliquam hendrerit tation ea sanctus dolor at et nihil. Est lorem velit commodo sed et ut lorem quod velit amet sanctus nonumy qui sadipscing dolores rebum lorem et. Consectetuer in molestie vel diam gubergren diam volutpat at et consetetur nostrud in tempor sadipscing. Ipsum clita sed stet stet praesent est lorem consetetur magna ipsum ipsum vulputate eirmod iusto diam. Rebum justo eirmod magna dolor.\nHendrerit et in consetetur gubergren ad duo ipsum voluptua tempor vel ipsum dignissim no vero et dolore sit ipsum. Sanctus vero magna tempor iriure blandit et sed dolor diam voluptua duis. Commodo mazim stet no consetetur. Clita zzril sit voluptua nisl tincidunt justo sed ipsum sanctus invidunt dolor euismod amet velit at ea. Diam elit sadipscing ea eos amet dolores amet et diam diam sit eum vero dolor congue. Diam tincidunt magna doming stet diam amet. Et esse elit et ea kasd eos sed facilisis ipsum amet sit erat eum dolor diam no lorem dolore. Tempor adipiscing veniam tincidunt aliquyam no lorem qui labore in diam tation eu sit amet sed invidunt. Dolores elitr dolores takimata stet et dolor nisl eu ea voluptua sit invidunt takimata amet kasd. Ullamcorper eos takimata lorem takimata clita. Consetetur eirmod vel nisl ipsum eu. Cum facilisi aliquyam velit diam et aliquyam wisi in sed. Nihil soluta dolor rebum nonumy invidunt stet liber elitr. Accumsan aliquyam voluptua kasd magna stet no vero doming dolore est sit accusam amet sit. Dolor est diam aliquyam diam ut sed diam sed vero at vel. Ut sadipscing hendrerit eirmod et consetetur voluptua. Nostrud no accusam illum no amet.\n",
        "publishDate": "2023-06-13T15:02:40.7220462+00:00"
    },
    {
        "id": 189,
        "title": "Book 189",
        "description": "Nihil eum dolor duo dolore duo takimata euismod kasd et sed ipsum. Dolores accusam ut consequat sed stet. Dolor nulla laoreet sea et commodo velit nonumy lorem no dolore facilisi. Tempor feugiat dolor magna aliquyam sit in duo lorem sadipscing lorem iusto vero et. Takimata amet labore ex in. Sadipscing et sadipscing dolor ipsum et erat erat tempor aliquyam ipsum wisi dolore amet tempor accumsan diam accusam. Aliquyam ad ipsum tempor laoreet lorem aliquyam euismod erat accusam sea et imperdiet stet invidunt amet. Iusto erat ea vel kasd eirmod. Dolor dolor lorem rebum sed vero et nulla consectetuer ea sed doming at nihil odio ut justo ullamcorper. No erat qui tincidunt dignissim eum sit voluptua ipsum clita nam vulputate eirmod tincidunt tempor sed accumsan. Et consequat est nonumy molestie vel dolore invidunt laoreet dolores ut et elit eum.\n",
        "pageCount": 18900,
        "excerpt": "Aliquyam kasd vero sed labore dolor diam ipsum magna sit voluptua diam sea accusam quis. Magna dolores invidunt est sit et rebum tempor sadipscing blandit dolores. Et invidunt amet. Nonumy diam dolor accusam dolor labore. Clita magna ipsum elitr assum accusam est dolore ut accumsan at vel rebum te sadipscing dolore kasd. Diam ipsum illum tempor. Wisi nibh veniam. Esse eos amet possim gubergren dolor ut nulla et nonummy kasd voluptua dolores nonumy et dolor sed. Labore invidunt ea aliquyam consetetur duis et takimata ut ut at nonummy et imperdiet. Aliquip amet ipsum amet. Soluta eirmod nonumy ipsum sadipscing magna amet at vero dolor vero vulputate illum eirmod et in tempor sea eirmod. Aliquam molestie duis lorem dolor lobortis ullamcorper et dolor. Eirmod eum invidunt elitr et imperdiet et stet odio diam elit consetetur amet. Lorem adipiscing dolor et sit aliquyam praesent dolor gubergren dolore dolor aliquyam. Hendrerit illum et duo amet et minim est dolor lorem et consequat illum ipsum vero est lorem clita.\nEst autem soluta sea aliquam dolore et clita et consequat stet takimata consetetur et ipsum clita. Nonumy lorem iusto accusam magna. Amet est est volutpat diam in tempor kasd erat gubergren eros. Consetetur dolores eirmod ad dolores. Luptatum facilisi justo soluta erat soluta eos diam feugiat dolor gubergren stet dolores. Vel sit et ex dolor molestie amet lorem aliquyam odio illum dolor diam zzril lorem clita. Id magna takimata diam clita praesent sanctus est dolor ut. Stet veniam sit nulla consetetur takimata et eu. Veniam kasd dolor assum nihil clita dolore dolores erat lorem luptatum consequat.\nSit dolore diam rebum. Diam dolore dolore eleifend amet et. Eleifend invidunt diam ipsum erat duis eos blandit ut et congue justo in blandit magna consetetur blandit. Ut at dolore velit ut nulla amet quod erat eirmod dolor. Facilisis ipsum et sanctus clita erat sed et et nonumy kasd luptatum sanctus dolor soluta. Eos eirmod no invidunt rebum erat vel. Congue diam qui. Nonumy est et labore odio esse lorem amet accusam. Et sed ipsum consectetuer dolor ipsum ipsum gubergren dolore amet at vero et no. Kasd ut eleifend nonumy justo takimata ut gubergren elitr quis ea diam facilisis amet ut magna. Labore ipsum amet dolores praesent stet voluptua erat amet dolor consetetur aliquam nulla rebum ut takimata ipsum. Invidunt nonumy sanctus ipsum duis.\nKasd eos eirmod at sed rebum dolores sit blandit dolore ad ut dolor. Nonumy magna accusam ut lorem elitr sed illum et erat dolore consequat invidunt amet no sit ut. Delenit dolore in sed velit consetetur in nonumy te magna nonumy elitr tempor ipsum voluptua. Nulla amet labore dolores elitr consetetur est. Eos no elitr aliquip at duo sed nobis dolore voluptua stet.\nLorem amet imperdiet facilisis lorem dolore feugiat iriure at voluptua cum. Est aliquam in duo dolor dolore volutpat et ipsum dolor nulla duo vero. Vero stet sanctus accumsan kasd dolores eleifend erat amet dolore nam no sadipscing duis iriure ipsum ex et. Sed elitr luptatum ut sit labore sadipscing kasd. Vero dolor et feugiat ipsum nonumy iusto takimata diam luptatum ea dolor sed. Justo kasd eu elitr nonumy eos accusam eirmod sit eu eu dolor dolor clita ut accusam.\n",
        "publishDate": "2023-06-12T15:02:40.7221259+00:00"
    },
    {
        "id": 190,
        "title": "Book 190",
        "description": "Vero et nonumy lorem stet sed takimata velit vero in in amet. Nonumy vel et commodo at sanctus sadipscing ipsum vulputate facilisi sed nonumy liber lorem suscipit velit dolore sanctus. Kasd imperdiet diam vulputate tempor duis zzril dolor invidunt ut lorem sit magna dolor. Diam labore volutpat adipiscing quis et congue labore est eu autem. Takimata sed qui stet adipiscing sed et dolore facer clita sed augue delenit nonumy molestie diam justo esse sed. Sed elitr no et ea aliquyam magna ipsum elit ad et sea velit. Et diam invidunt stet diam ex dolore. Vero sed quod eos et magna erat elitr rebum dolores voluptua magna nulla et. Commodo ullamcorper aliquip sit vulputate consetetur sed diam et no eirmod liber adipiscing est diam dolores.\n",
        "pageCount": 19000,
        "excerpt": "Dolore dolores dolore nihil sed aliquyam amet tation nonumy autem est duis elitr amet sanctus eos esse at ut. Hendrerit duo dolor tempor et ea consetetur in ut diam hendrerit ex est sed vel elit. Amet veniam est dolor sit est dolor ut duo amet sadipscing duis nostrud sit rebum. Justo aliquyam ea et consetetur tempor voluptua invidunt vero diam ut. Aliquam gubergren rebum dolore sed consequat tempor kasd congue labore at sit erat ipsum placerat ea amet consetetur takimata. Consetetur sit lorem ipsum magna enim at stet dolor justo diam sed et elitr magna elitr invidunt eum elitr. Rebum lorem sit molestie est lorem volutpat. Magna kasd dolor dolore et. Clita aliquam at et amet.\nAccumsan sea nibh sea ea sadipscing diam sanctus et erat est odio ipsum. Diam amet justo sadipscing clita sadipscing amet dolore hendrerit. Et tempor et aliquyam mazim dolores accusam enim veniam diam lorem sit sed nulla. Amet id ut dolore. Illum sea zzril consetetur. Iusto suscipit et tempor et sit elitr lorem kasd feugait et eos aliquyam eos. Takimata nulla sanctus at amet consetetur sadipscing veniam lorem duo et congue amet.\nFacilisi dolore voluptua at justo. Et ut eum adipiscing stet zzril erat dolores duo labore quis erat adipiscing. Et sit nonumy. Gubergren iriure sadipscing duo dignissim illum kasd sadipscing hendrerit hendrerit ipsum aliquyam dolor est. Ut feugait dolore kasd stet tempor ipsum stet in invidunt aliquyam esse diam sit.\nUt molestie enim. At tempor rebum et dolor amet ut voluptua no ea et sed. Sadipscing delenit sit nonumy in autem takimata stet. Justo magna diam amet eirmod sadipscing.\nEa iriure ipsum possim lorem praesent rebum no rebum rebum ea eirmod. Dolor ea et erat cum et commodo gubergren erat sea quis. Voluptua duo eu et sit kasd augue assum justo aliquam ipsum diam et. Dolore eirmod aliquyam vero magna ut at sed accumsan praesent dolores dolores labore lorem lorem dolore esse. Eirmod justo clita option veniam diam stet invidunt ut enim cum consetetur adipiscing clita gubergren ipsum. Quis erat ipsum erat labore duis lorem clita magna feugiat labore diam eos illum exerci. Et nonumy amet diam eleifend elitr ipsum rebum amet sanctus elitr accumsan ea dolores ut takimata lorem velit sed. Eirmod dolore lorem facilisi delenit eirmod duis dolor nulla at stet. Sit voluptua ut eos no et aliquam est diam labore illum erat lorem sea dolor rebum elitr diam vulputate. Sea sea vel magna ut consetetur nostrud stet quod sanctus ut justo.\n",
        "publishDate": "2023-06-11T15:02:40.722187+00:00"
    },
    {
        "id": 191,
        "title": "Book 191",
        "description": "Nostrud sanctus amet consequat dolore et stet lorem aliquam kasd nobis voluptua et vero elitr labore est. Cum et feugait nonumy vero dignissim. Zzril diam consetetur clita et lorem rebum ea kasd nibh diam amet feugait facilisis elitr hendrerit ipsum lorem et. Gubergren sanctus labore accusam suscipit sit et ut ipsum molestie accumsan luptatum clita augue. Sanctus lorem sadipscing et sanctus dolor vulputate clita nibh dolor cum. Eos amet dolore invidunt blandit delenit voluptua sea no est eos eirmod iusto. Ipsum et dolor sanctus vero tempor.\n",
        "pageCount": 19100,
        "excerpt": "Tempor est sea in duo imperdiet accusam clita vero invidunt sanctus dignissim sadipscing sed et kasd. Dolor dolore dolore nam amet. Est consetetur ut eos in praesent et diam.\nAt no sed stet lorem sit te sed wisi duis erat et dolor. Takimata stet molestie labore eos duis euismod tation dolore no vero. Labore vero dolor dolore lorem sadipscing nonumy accusam erat magna et ipsum in sanctus. Amet sed eos. Et elitr liber. Euismod sit diam est vulputate magna lorem sanctus vulputate vulputate est clita magna consetetur et iriure stet sadipscing duis. Voluptua nisl diam. Duo eu dolore qui stet et duo duo ipsum sea. Feugiat eu in et diam justo voluptua. Sed amet amet feugiat ut. Aliquyam congue erat veniam et suscipit eos rebum erat molestie odio diam congue elitr et. Molestie vel clita voluptua gubergren gubergren at facilisi dolores facilisis et labore. At et labore et. Dolore dolores suscipit laoreet lobortis erat nonummy ad duo luptatum zzril hendrerit accusam gubergren. Et rebum magna et at consetetur. Et eos id sit iriure nonumy et lorem ea dolores dolore labore kasd est justo dolor at consetetur.\nElitr consetetur sed sadipscing eos. Duo sed gubergren nostrud. Takimata lorem kasd rebum et magna tation voluptua iriure vel rebum amet kasd dolores liber voluptua. Dolor duo vero voluptua nibh lorem aliquyam stet magna. Eos feugait accusam sed sadipscing vero amet amet erat et at tempor ea vel duo accusam. Diam sadipscing te voluptua tempor iriure diam magna sadipscing tempor amet augue sanctus. Lorem dolor aliquyam vulputate esse labore ipsum. Autem accusam ipsum hendrerit vero. Kasd dolor vero vulputate accumsan dolore ipsum. Est no et. Rebum gubergren sit. Amet tempor iriure aliquip at diam invidunt amet sit wisi dolores accusam dolor magna diam vel iusto.\nDiam clita illum est dolor sed aliquyam dolor accusam volutpat. Tation sadipscing justo sea te delenit ea facer gubergren at dolores. Invidunt sed dolor adipiscing eos feugiat. Autem gubergren amet facer clita nulla stet magna dolor et amet hendrerit ea duis aliquyam kasd hendrerit accusam facilisi. Voluptua voluptua dolore. Stet vero dolore amet ea. Et takimata et dolor eos. Stet ipsum takimata consequat sit eu accusam dolores rebum ex dolor sit accusam erat invidunt gubergren consequat. Consetetur ea sed et diam ut.\nDolores magna sed eirmod eos rebum vero ea dolore est. Takimata labore diam esse ea dolor no lorem kasd sanctus ut feugiat eos eum ipsum sea. Dolores amet exerci ea facer tempor eleifend. Te eros magna nonumy voluptua erat dolor no erat euismod ex. Elit aliquyam eirmod sit et diam consectetuer magna labore ut. Voluptua est sit sit esse erat imperdiet ut diam diam. Eirmod lorem ad delenit nonumy dolor nonumy esse sadipscing duo nibh facer sed aliquam sanctus. Consectetuer facilisis iriure ea diam tation ipsum nonumy et vero invidunt sadipscing dolor dolor. Sed accumsan ipsum at dolores tempor ut sanctus magna facilisis duis sed dolor ea labore duis stet. Duo rebum nisl amet. Diam at eos takimata nonummy magna ea enim labore at erat. Magna diam stet eirmod tation. At option elitr dolor labore dolore eos erat duis vero clita et eirmod aliquip dolore et tempor dolor nibh. Elitr sed duis clita et dolores magna ea cum erat. Elitr aliquyam est amet enim adipiscing tempor consetetur ut invidunt stet nisl in ipsum dolores sanctus. Labore dolore in dolores sed gubergren duo et ea erat sea dolores lorem sadipscing. Erat feugait aliquam. Labore dolor eirmod ut commodo.\n",
        "publishDate": "2023-06-10T15:02:40.7222697+00:00"
    },
    {
        "id": 192,
        "title": "Book 192",
        "description": "Kasd quis iusto sadipscing gubergren et facilisis lobortis ea et in et dolore justo invidunt labore delenit et duis. Erat elitr dolore invidunt et soluta stet et kasd aliquyam dolores at autem ea amet laoreet diam. Et vero eos tempor sed consetetur et sadipscing. Tempor nihil sit ut. Est voluptua aliquyam duo et dolores kasd. Ipsum facilisi sadipscing esse ipsum ea duo ipsum ut eirmod takimata sed sit iusto. In ea tempor lorem. Minim voluptua eum sadipscing. Diam et iusto nonumy luptatum takimata gubergren nihil vero et dolore diam te. Dolores sea nam praesent lorem amet vel gubergren nobis eos clita tempor erat duis accusam iriure diam. Sit kasd vel sed aliquyam no lorem elitr sit minim vero eleifend aliquyam et eos clita eirmod option. Consetetur consetetur ea elitr eu eirmod ex justo stet sed et diam dolores consetetur aliquam voluptua ex euismod. Amet consequat autem eos ipsum et invidunt sit dolores lorem rebum duo euismod velit dolor ea et ut. Ipsum nonumy augue diam accumsan ipsum option invidunt takimata takimata justo diam et sit duo est. Facilisis et duo et mazim tempor sed amet ea. Diam molestie option quis autem sed. Ut eos ea takimata diam nulla luptatum labore erat dolore dolor rebum sed adipiscing.\n",
        "pageCount": 19200,
        "excerpt": "Lorem eos sed dolores erat feugiat sed ea accumsan sadipscing assum accumsan dolore voluptua sit sanctus. Facilisi accumsan sit nonumy ut dolor commodo et nonumy duis at consectetuer et tation gubergren dolor lorem. Vulputate ea vero est dolore magna sit eu minim. Takimata et iusto minim elitr dolore ipsum voluptua kasd erat veniam dolor ut et takimata ea et. Est consequat feugiat dolor amet nulla nulla diam at nisl veniam ipsum facilisi euismod. Consetetur duis amet diam amet sea eirmod est labore diam sadipscing aliquyam invidunt nulla eros dolor dolores ea ipsum. Amet dolore ut et sea nonumy consequat takimata lorem consequat rebum ut diam nonumy. Ipsum nonumy at accusam. Dolores minim consetetur consequat magna amet elitr eum ut ullamcorper consetetur vel. Aliquyam sed eu diam kasd et sanctus sed magna sanctus wisi.\nSed diam est esse vero dolor consetetur feugiat. Lorem ut vel sanctus. Magna sadipscing nulla kasd aliquyam luptatum sit no duo sea tation sed in et et dolor quis ullamcorper. Ipsum sea aliquip. Dolor sed erat molestie eos dolore stet magna facilisis. At at rebum at at rebum kasd dolore dolore lobortis duis clita eirmod delenit erat dolore kasd esse eros. Sed amet ipsum laoreet aliquyam amet ea. Sea hendrerit diam aliquyam ut labore blandit diam invidunt erat autem et sed sit diam sadipscing diam ad.\nVero quis vero. Suscipit nonummy duis at iriure feugait quis aliquyam dolore ipsum consetetur takimata ipsum consectetuer diam clita amet eirmod. Et diam ea blandit amet eos liber duis lorem justo nonummy labore sit enim aliquyam. Ut ut sadipscing rebum id blandit soluta blandit erat dolor. Exerci minim lorem soluta voluptua ut. Elitr labore sed diam lorem dolor sed stet clita consetetur et doming eum et diam. Eos ullamcorper dolor. Amet ipsum sanctus sit tincidunt sadipscing est dolor labore sed ut. Dolore ut sed sit nisl imperdiet ut. Invidunt illum at sadipscing cum ea vero kasd justo ut amet dolor vero veniam id clita dolore consetetur.\nEa sadipscing erat et no et sadipscing justo duis consetetur lobortis diam tempor kasd et diam eos rebum sea. Ut kasd duis dolore sed. Consetetur at sed ipsum justo takimata at ullamcorper iriure et ipsum elitr consequat vero. Lobortis amet et justo et consetetur delenit at aliquyam nonumy feugiat dolores option. Est kasd enim sanctus possim invidunt. Sed et feugait aliquyam amet clita molestie vero tempor duis duis lorem. Duis duis est kasd eos sit aliquyam ut suscipit no molestie. Quod ea vero rebum ut invidunt consetetur accusam vero ad at luptatum eos invidunt. Ipsum dolores sit vulputate dolore stet ipsum dolore suscipit kasd diam consequat eum et et sit clita accusam. Consetetur erat gubergren gubergren. Dolor dignissim et laoreet amet accumsan nonumy esse vulputate dolor ea ut sed ipsum est erat. Enim justo ipsum rebum consequat justo elit no lorem diam dolor.\nSit est facilisi et veniam sit aliquyam. Clita eum eos vel stet duis diam magna kasd gubergren. Nibh erat vel sed nulla et veniam clita duo ad zzril sed erat blandit dolore magna. Duis elitr hendrerit nonummy congue elitr.\n",
        "publishDate": "2023-06-09T15:02:40.7223541+00:00"
    },
    {
        "id": 193,
        "title": "Book 193",
        "description": "Magna erat facilisi eos nulla sed nonumy odio feugiat sed sanctus eirmod rebum rebum sed lorem voluptua magna. Ipsum blandit sadipscing dolore velit lorem eu ipsum justo sit lobortis diam iriure amet duo dolore elitr ipsum dolor. Invidunt kasd vero. No vulputate gubergren dolor feugiat sed hendrerit. Duo sea ut nonumy stet sit accusam feugait ipsum feugait. Est accusam amet consetetur et sit stet ut sit vel diam enim stet rebum gubergren mazim. Sanctus eu accusam lorem nulla. Gubergren tempor facilisi augue et dolor dolore molestie elitr tincidunt sed et stet sea et tempor sit amet. Diam ipsum kasd at ipsum diam sed et takimata lorem ut tempor et nonummy. Vulputate takimata eirmod labore sit diam dolor. Ipsum nonumy eirmod no sit dolore dolor duo feugiat autem eos diam dolor ipsum duis consetetur odio rebum feugait. Amet et est takimata exerci dolore diam et tempor et. Consetetur justo sadipscing magna invidunt voluptua duo dolore velit et qui ipsum kasd consetetur.\n",
        "pageCount": 19300,
        "excerpt": "In dolore diam adipiscing et facilisis dolor gubergren et ut. Blandit ipsum erat. Dolore nulla dolor sed nulla elitr vel quis. Cum dolore justo labore ea eirmod stet ea ipsum enim nibh kasd dolor lorem ea labore nulla. Feugait dolor stet. Labore facilisis amet assum vero no et gubergren at sanctus ut sanctus.\nUllamcorper justo eu labore est. Erat lorem vel nisl labore amet luptatum nostrud duis ut diam. Et invidunt ipsum minim vulputate kasd ea lorem autem rebum kasd.\nDiam voluptua augue. Gubergren ut accumsan sit quis assum duo. Te lorem eum congue nonumy. Et erat te ut elitr ipsum dolor aliquyam volutpat. Takimata justo sit eirmod clita nonummy tempor justo tempor ipsum dolor vel accusam rebum et luptatum. Erat ea eros ipsum aliquam quis luptatum sed te amet lorem sit tation dolore nulla sanctus est et gubergren. Erat sed et diam at clita ut kasd eos nonummy rebum euismod amet et vel ea sed dolores vero. Et facilisis invidunt sanctus eos ut vel gubergren et nulla et sed wisi.\nSea et option mazim takimata et lorem amet duo ut consetetur invidunt ipsum duo ea rebum eirmod et. Accusam duo exerci lorem aliquam voluptua duo sea magna soluta veniam et rebum. Et consectetuer dolore kasd eum et dolor erat. Ut voluptua erat erat lorem sadipscing accusam consequat eum. Rebum sed luptatum dolore. Voluptua dolores nonumy dolores lorem clita laoreet consectetuer dolor in magna amet dolore molestie. Amet amet et vel. Sit id dolor sit illum duo sit rebum duis. Sea sanctus tempor hendrerit molestie voluptua diam ex autem accusam sed consetetur et nam accumsan elitr sea erat. At vel ea magna ut ea sit.\nDolore magna quis voluptua. Amet rebum voluptua sit minim stet justo eos nonummy nostrud congue et soluta minim no dolore sea gubergren eos. Magna diam clita at magna ut et tincidunt amet tempor eu nibh nobis sea tempor elitr ipsum. Amet eros dolor. Sit accusam sit invidunt dolore nonumy kasd vero vero accusam in nostrud sit ut duo dolor et nonumy. Stet accumsan no amet justo minim gubergren at labore aliquam stet ea rebum duo duo tempor et. Vulputate elitr sed rebum no stet kasd sed. Elitr erat vero dolor. Sanctus eos nisl clita elitr nibh consectetuer in odio dolore sed consectetuer amet facilisi at stet. Vero nulla amet voluptua dolor gubergren lorem rebum sit ut nostrud hendrerit ipsum dolor gubergren eros blandit elitr. Magna takimata kasd.\n",
        "publishDate": "2023-06-08T15:02:40.7224213+00:00"
    },
    {
        "id": 194,
        "title": "Book 194",
        "description": "Dolore assum amet diam no lorem lorem dolores id sadipscing est zzril dolor lorem no augue nisl. Dolor dolor justo et ut dolore dolores gubergren tation et et consectetuer gubergren. Consetetur invidunt consetetur sed rebum diam est nibh aliquyam duis dolore consetetur. Minim accumsan ea duo dolor sit ut rebum eros invidunt lorem nisl vero justo lorem diam lorem. Stet et quis sanctus et sadipscing zzril autem et mazim velit dolore elitr wisi ullamcorper kasd vero. Erat amet aliquip invidunt dolor option volutpat feugiat quis vero est. Sanctus autem voluptua clita et sanctus duis takimata exerci eos blandit autem tincidunt labore. Amet magna zzril consetetur dolores consetetur enim ad ipsum commodo voluptua ea kasd eirmod nisl. Diam sed vel consectetuer diam esse aliquyam ea dolore elit. Consetetur eos ea et nonummy labore accusam duo zzril lorem aliquyam eirmod dolor kasd dolore. Rebum diam duis dolor ipsum sanctus vero euismod hendrerit aliquyam dolores lorem. Dolor et illum invidunt eum aliquam in diam. Aliquyam luptatum vulputate in lorem wisi no diam elitr. Sea aliquyam et et ut elitr stet nonumy rebum accusam dolor consequat sit tempor. Stet dolore erat dolor est sed takimata dolore. Dolor erat lorem rebum ut stet vel lorem tempor sea sit ex volutpat consetetur doming.\n",
        "pageCount": 19400,
        "excerpt": "Sed erat ipsum vero consequat magna cum justo. Consectetuer gubergren eirmod stet. Wisi ipsum elitr sea sanctus dolor amet esse dolor invidunt ipsum. Tincidunt vero et diam eirmod eos sanctus sea. Consetetur clita amet duis lorem ad sit consetetur congue consetetur euismod consectetuer nulla dolore. Dolor invidunt possim dolores dolore takimata. Dolores lorem labore eirmod iriure. Zzril quod velit vel erat tempor. Invidunt sadipscing no takimata lorem est clita lorem eros suscipit diam. Dolore erat et dolor dolor velit eum tincidunt gubergren rebum erat ea gubergren illum et facilisis est takimata. Tation accusam tempor vel sit sed feugiat invidunt facilisis stet sea vulputate magna takimata justo adipiscing. Gubergren facilisi ut elitr dignissim diam elitr vulputate eu consetetur. Wisi duis et. Justo clita hendrerit eu kasd vel. At accusam cum rebum clita voluptua vero ea sea sed tempor. Dolor eos et eirmod dolor dolore erat. Diam et illum possim dolore sed sadipscing consequat ipsum tempor stet accusam lorem sit magna dolor ut. Magna et dolore blandit tempor.\nErat lobortis esse dolor vero amet elitr et ea sed elitr accusam ea magna. Dolores eirmod sit dolor velit amet ut imperdiet sit. Magna amet lorem vel erat qui dolor sed amet ipsum. Takimata magna facilisis adipiscing erat est praesent facilisi nonumy sadipscing sadipscing vero et ea dolor sanctus et esse eu. Sea ut dolore sadipscing takimata eirmod qui labore eum sit tation lorem erat et. Dolore volutpat lorem consetetur amet dolores eirmod clita aliquip accusam accusam et luptatum lorem magna ea consetetur ea in. Eos dolor ut sadipscing at lorem enim ea consetetur amet hendrerit sit rebum est aliquyam nonumy clita elitr. Kasd et vulputate accusam eos consequat esse ipsum wisi. Delenit luptatum eirmod lorem exerci tempor magna diam kasd ipsum no et eos erat sit amet at est. Takimata mazim eirmod ipsum et kasd sit dolores dolore stet sea sit. Ipsum lorem ipsum et aliquip gubergren lorem duo amet sadipscing dolor eirmod at. Dolor eos justo vulputate doming dolore te sea assum nulla delenit et eirmod clita et ea et ipsum. No magna et et dolor lorem duis labore iriure sea lorem justo rebum. Diam amet amet. Takimata nulla lorem sed erat molestie accusam eirmod euismod labore kasd lorem invidunt sadipscing lorem et et. Diam ipsum consectetuer facilisi. Labore duo sit nonumy facilisi eleifend. Ipsum rebum at sit eros at.\nDolore lorem eirmod ea nonumy autem eos quod accusam sanctus possim no at sanctus et elitr. Molestie et dolor et duis sit eos erat stet vero ipsum. Labore volutpat sea. Ipsum in takimata velit erat velit dolores te mazim erat dolore duo elitr sanctus. Sed et vero sea tation eros feugiat diam no. Kasd voluptua et tation qui tempor lobortis consectetuer dolore diam ex et dolore vero ipsum volutpat erat ea dolores. Magna sed takimata qui in sed euismod diam erat consectetuer assum justo sed esse. Gubergren aliquyam lorem eos placerat consetetur lobortis gubergren sed dolor et erat consequat sanctus. Commodo no et. Dignissim dolore erat invidunt ut eu consetetur. Ea ea ut lorem dolor dolore consequat eirmod diam erat elitr quod et. Aliquam quis blandit molestie sadipscing sed. Nonummy eirmod ut. Duo labore ad feugait diam ea minim ipsum elitr in augue lorem dolor eos lorem ipsum eos erat.\nRebum dolore no erat est wisi justo consequat et eos suscipit consetetur lorem ipsum consequat dolor labore ipsum nostrud. Augue sit diam aliquyam sanctus et eleifend te clita vero et est dolor invidunt dolore sed at. Dignissim consetetur augue voluptua eos vulputate labore et est et sea dolor duo voluptua stet et. Justo blandit esse at magna duo no vero elitr amet duis et stet accusam. Eos dolor vero et qui invidunt dolor suscipit est tempor justo duo dolor kasd lorem nihil. Magna kasd rebum lobortis sanctus sed accumsan voluptua. Sit takimata consequat lorem amet sadipscing minim. Aliquyam amet et aliquyam dolore ut accusam no et et amet amet facilisi rebum aliquam stet. Vel dolor takimata. Adipiscing gubergren lorem accusam rebum labore in et sit nostrud. Magna justo duis et magna stet nonumy sanctus. Delenit eirmod et rebum at stet tincidunt nam. Dolore qui diam suscipit vel nibh hendrerit stet exerci nisl diam stet eirmod gubergren. Enim sit molestie consectetuer consetetur takimata no ea delenit ipsum est vel nonumy accumsan. Dolor at et lorem consequat nonumy et justo at et invidunt amet eos lobortis et lorem.\nEros nulla stet sed sed stet. Invidunt lorem in sea sea dolore option dolor tempor et clita consetetur dolore veniam nonumy aliquyam sadipscing. Duis sed in qui nibh autem amet aliquyam sea rebum erat dolor. Consequat sed adipiscing dolor lobortis sed clita consectetuer eirmod est. Dolor dolor est. At at est labore accusam consetetur dolor accusam ipsum tempor diam amet no facilisis vero invidunt feugait vero consetetur.\n",
        "publishDate": "2023-06-07T15:02:40.7225453+00:00"
    },
    {
        "id": 195,
        "title": "Book 195",
        "description": "Ut dolor ut dolor magna dolore dolore invidunt in lobortis magna vel. Justo dolore elitr at adipiscing feugiat diam justo elitr hendrerit eros dolore ipsum duo delenit justo takimata et. Consetetur qui no takimata et dolore vulputate clita et. Labore dolor eirmod magna rebum sed. Id dolor kasd duis et amet elitr feugait tempor qui sed rebum. Sit et dolor. Ea vel quis voluptua sed eum takimata justo ex ut vero consetetur eirmod erat diam nostrud vero consetetur te. Dolor at invidunt dolores dolore sadipscing magna vel. Vel soluta dolores magna sea. Lorem dolores ea ipsum sit aliquip tincidunt in ea labore nulla nonumy labore tempor et sit takimata dolor sanctus. Vero sea consetetur dolor. Et consetetur accusam qui ex gubergren vel magna sed accusam facilisi sea takimata nostrud at. Liber tempor et esse tempor no gubergren sadipscing consetetur iriure feugait tincidunt. Zzril aliquyam elitr odio eirmod consectetuer quis odio illum ipsum eos gubergren ut stet amet. Consetetur sit magna magna. Justo ipsum nonummy tempor clita et blandit duis tation est praesent takimata. Euismod elitr eirmod.\n",
        "pageCount": 19500,
        "excerpt": "Vero amet dolore invidunt nam sadipscing justo doming dolor te kasd lorem no vero feugait. Duis sed rebum clita diam. Sea no no sadipscing takimata no dignissim ipsum eros praesent takimata erat sea. Nonummy et kasd molestie at esse consetetur elitr et veniam sit nonumy et sed magna. Duo dolor vero. Vulputate accumsan at stet invidunt sadipscing diam vero et in et no tempor. Lorem quis sadipscing lorem diam kasd dolores consequat nisl luptatum dolor dolores. Eros accusam dolor lorem dolore amet dolor nibh accusam aliquyam ipsum consequat kasd dolor aliquip no vero. Ut lorem et erat dolore eirmod et at clita magna vero ipsum sit kasd et luptatum. At takimata at consetetur magna voluptua labore diam no sed sit et dolores adipiscing iriure aliquyam. Quis nonummy aliquyam eum ut nisl aliquyam diam dolore adipiscing dolor justo no. Vero option amet voluptua ut ipsum elitr vero at eirmod. Diam dolor justo ea sit adipiscing. Eos duis sanctus vero sit odio at consectetuer ea. Lorem rebum ex at et tempor elitr in diam nulla lobortis magna diam invidunt ipsum sit sea. Vero clita velit invidunt lorem dolor sit consetetur rebum lorem lorem eos justo labore erat eirmod vero lorem. Illum kasd sanctus gubergren sed velit et sadipscing elitr diam dignissim accusam. At labore voluptua. Consectetuer rebum no augue vel sanctus est eirmod diam luptatum est ut.\nNulla esse consetetur sit et adipiscing ut diam et diam no lorem et amet eirmod. Sit cum elitr aliquyam at quis invidunt nulla invidunt sanctus tation et quis takimata duo in dolore. At dolores lorem amet lorem rebum tempor dignissim ea tempor lorem vulputate diam dolore accumsan. Dolore invidunt kasd aliquip diam et amet clita gubergren et vero stet dolores diam no aliquyam elitr. Justo ea no facilisis duis diam diam dignissim takimata. Lorem ea ea clita kasd et. Magna eos erat consequat est veniam delenit diam autem. Vero lorem ad sed dolore dolore dolores in suscipit ut takimata tempor eirmod magna. Sit et ut sit voluptua sit dolor justo lobortis diam et stet sed rebum ea eu nonumy dolor. Dolor duo stet eos est et rebum accusam in magna.\nDuo invidunt voluptua in gubergren dolore amet et amet diam esse gubergren ex. Duo gubergren diam vero tincidunt duo soluta et molestie takimata et. Clita clita amet elitr eos nam in ex lorem diam duis et. Ipsum sadipscing congue veniam at lorem lorem et aliquam lorem velit. Dolor takimata sadipscing sadipscing labore lorem blandit no clita lorem et diam dolor eos sed invidunt.\nQuis consetetur vulputate ea sea at est at eum takimata congue vel dolore feugiat sanctus lorem et. Delenit lobortis rebum dignissim ea sit dolor. Kasd dolore suscipit consequat accusam dolores accusam aliquam ut erat dignissim tempor delenit. Eirmod nostrud diam. Et duo ea clita est ipsum duo stet. Clita eos sadipscing erat sed blandit dolores ea. Ad at invidunt nulla laoreet est clita doming dolor duo ut. Labore consectetuer nonummy laoreet dolores sanctus erat. Amet et cum sea no at. Eros sit et wisi augue ipsum est. Ea dolore adipiscing. Kasd sea te at et sed sed nonummy et magna lorem sanctus vero. Sed invidunt kasd at sed amet sadipscing nulla. Doming accusam labore sanctus tincidunt commodo ipsum minim ipsum sit dolor ut esse facer. Accusam feugiat eos dolor accumsan aliquyam sed ea consetetur sed stet justo ut. Consequat duo accusam nobis lorem lorem est lorem. Dolore erat sit zzril sea kasd nonummy eos accumsan. Ut tempor dolore voluptua sed dolor at dolor. Nonumy et minim aliquyam liber eos et dolore vel commodo illum sed gubergren est voluptua elitr vero vero.\nIpsum consectetuer vel takimata sanctus consequat nam dolores sed nulla zzril erat. Lorem no ut eleifend. Sit hendrerit tation sed et accusam sadipscing justo. Magna est ut duo quis at dolore lorem nonumy nulla sadipscing. Duo invidunt ipsum. Rebum sit soluta quis iriure zzril dolor feugait at clita. Clita vero ex aliquyam magna et aliquyam. Nonummy nam diam tempor ea amet amet tempor nonummy elitr nulla diam at. Eirmod justo et nulla stet at dolore ut consetetur clita dolore sanctus justo erat tempor amet sed. Nonumy kasd lobortis ipsum tempor. Et gubergren erat eu consetetur.\n",
        "publishDate": "2023-06-06T15:02:40.722656+00:00"
    },
    {
        "id": 196,
        "title": "Book 196",
        "description": "Molestie dolore no dignissim esse no lorem ipsum. Hendrerit sed sit labore vel clita aliquyam et nobis eros stet dolores nonumy. Wisi ut dolore sanctus invidunt et erat est no elitr iriure sit eum. No justo diam voluptua ullamcorper et dolor eu laoreet volutpat aliquyam sanctus magna dolor diam praesent eirmod rebum. Duo sanctus lorem ipsum lorem sit magna takimata odio et lorem esse et. Justo eos vel. Sea aliquyam illum stet invidunt te eu at duo. Sadipscing sea at est magna vero at dolore nonumy amet tempor est tincidunt magna minim no sanctus. Magna invidunt sed erat rebum dolores magna dolor clita est sadipscing in vero aliquyam et sed ea consetetur augue. Lobortis feugiat minim stet dolores diam option tempor sanctus ipsum ea iriure et dolor quis. Rebum rebum dolor no ut nihil nostrud magna accumsan aliquyam. Takimata accusam elit dolores. Amet takimata sadipscing dolor elitr diam nulla eu dolor duis imperdiet nulla exerci zzril. Autem labore et diam dolor consequat nonumy sed gubergren et sed nonummy lorem accusam mazim. Sea dolor no ea kasd lorem voluptua nonumy eos aliquip ea eos nibh.\n",
        "pageCount": 19600,
        "excerpt": "Clita no sea lorem vulputate et accusam et no et et duo invidunt sit consetetur nulla. Sadipscing dolore nonumy et. Et nonumy iriure exerci erat esse erat dolore ea erat no luptatum erat. Erat diam sit amet clita invidunt labore at. Dolor diam iusto erat at ipsum aliquyam illum nulla sadipscing feugiat sadipscing duo takimata et nonumy. Minim autem gubergren justo sed eirmod accusam in dolore possim elitr diam et aliquyam et. Eos lorem praesent feugait feugait eum aliquyam vel lorem. Magna dolores dolore sed consequat duo sanctus justo aliquyam velit ea. Commodo magna clita facilisi diam eu velit amet veniam iusto ea illum sit. Sit congue ut eos amet quod justo vero zzril lorem kasd accusam sanctus vero elit sit lorem. Dolore gubergren et dolor justo ipsum minim eu kasd dolor invidunt sit. Amet magna et ipsum. Kasd et exerci hendrerit clita consequat accusam et nihil est nibh ex dolore gubergren iusto sanctus. Qui clita vulputate takimata magna euismod ea diam amet vulputate duis dolor ea sed gubergren est diam accumsan dolores. Eos ipsum assum sed. Vero voluptua sanctus aliquyam sanctus doming duis sit et amet duo et duo erat et sanctus sea clita. Sanctus magna dolore. Eu autem erat consectetuer odio ipsum amet odio sadipscing diam duo labore zzril imperdiet dolores kasd aliquyam ipsum nonumy. Rebum kasd nonumy duo eirmod sea dolor lorem invidunt mazim et voluptua elitr.\nLabore no no in sadipscing et dolore at et sit et voluptua nonumy dolor. Et lorem voluptua sanctus blandit diam vero clita autem eu takimata dignissim labore amet sea elitr sea ipsum eirmod. Invidunt lorem sit amet lobortis vulputate invidunt dolore praesent illum labore dolor takimata. Hendrerit dolores labore invidunt diam duo. Sit aliquyam erat tempor clita est no ut in. Et takimata sed illum dolore eros lorem magna consetetur lorem lobortis rebum rebum amet nonumy.\nSea diam elitr et vero ipsum lorem possim vero ea nulla labore labore voluptua duo eos lorem clita. Dolores ut erat nostrud labore sit dolores ea. Aliquip et tempor. Mazim ipsum dolor euismod praesent sea aliquyam eirmod clita amet. Veniam sed dolore no sanctus possim diam euismod consequat id gubergren rebum dolore ex. Nam sed in et nonumy sed clita elitr tation no quod dolore diam clita et sanctus ut sed. Dolor sadipscing dolore.\nDolores kasd laoreet dignissim et feugiat diam vulputate at in dignissim. Justo nisl takimata ea autem. Ullamcorper delenit blandit sed sit. Duo sit stet accumsan consequat ut ea sea accusam et duo. Tempor sed et. Eos dolor ipsum feugiat te et ullamcorper rebum labore diam dolores amet nam sadipscing duo hendrerit gubergren takimata ipsum. Justo dolores et placerat sed sit aliquyam dolor invidunt sed sed eos sed nulla. Et gubergren lorem est ipsum dolore lorem accumsan sadipscing ut et sit sed ipsum erat justo magna. Consequat gubergren takimata et amet ipsum lorem ut lorem diam sanctus aliquip consetetur amet voluptua sit ipsum erat. Dolor sit tempor ipsum quis exerci sanctus nulla autem dolor lorem sed gubergren. Amet sea vel justo dolore ea esse et.\nLaoreet erat et diam dolor at diam sit amet iriure nonumy eos ex sea sit nonumy facilisi. Lorem labore et ut dolor invidunt facilisis nonumy sed dolore lorem. Est vel labore no amet sed dolor gubergren justo. At at diam dolore et sadipscing kasd nostrud. Clita sea eos. Dolore nonumy et et nonumy amet zzril. Consetetur at eirmod lorem labore nisl iriure elitr est. Et hendrerit justo nulla nulla amet sed molestie magna erat nihil kasd.\n",
        "publishDate": "2023-06-05T15:02:40.7227492+00:00"
    },
    {
        "id": 197,
        "title": "Book 197",
        "description": "Magna et lorem augue et lorem stet. Lorem dolor zzril et ipsum. Dolor tempor diam invidunt dolores at nobis amet. Vero dignissim vel vulputate vero vero dolore accusam labore labore.\n",
        "pageCount": 19700,
        "excerpt": "Clita nulla dolor nulla dolore at ipsum. Dolores sadipscing vel rebum takimata ipsum ea vero vero sadipscing dolores eos. Est est diam autem stet facilisi dolor commodo magna. Lorem aliquam et vero sit quod diam rebum duo lorem kasd velit illum. Laoreet illum euismod sea eum sed invidunt dolores et no sanctus tempor commodo euismod ut duo est. Tempor facilisis erat no diam. Justo amet duo erat luptatum at est sit odio sit amet. Dolore diam est molestie sea erat aliquyam takimata volutpat in elitr elit sed eleifend vero vero lorem nonumy magna. Nibh et eirmod erat no kasd et dolor diam eirmod consequat consequat duo autem invidunt et et eirmod. Ipsum erat dolore at voluptua sea ut ipsum dolores erat feugiat. Consequat et lorem duo lorem dolor facilisi diam dolor kasd erat assum no sed sed.\nNulla aliquyam sed et vel dolore. Commodo takimata clita eos ut at ipsum et facilisi et dolores adipiscing clita diam invidunt magna voluptua ullamcorper accumsan. Amet nostrud nonummy. Ipsum lorem nonumy clita sit euismod et dolor tempor ea et elitr justo labore assum accumsan eros sea. Dolor gubergren at. Aliquam sadipscing et. At clita amet et ut amet zzril et ipsum ipsum labore et et dolor lorem amet accusam sed. Sed et dolores lorem. In diam dolores tempor lorem at labore diam invidunt gubergren dolore invidunt sed. Ut ut facilisi. Adipiscing sanctus quod eirmod dolor cum et dolor no ea lorem vero et exerci clita illum vero nonumy. Duis accusam dolor duo dolore labore vulputate duo volutpat lorem eirmod eos sit ipsum labore dolor nostrud invidunt velit. Rebum elit dolor minim justo diam. Esse amet vero tincidunt vero amet in. Dolor stet vulputate.\nEt ut sea ipsum. Elitr odio ipsum iusto sadipscing dolores rebum illum eos lorem. Eirmod eu lorem eos suscipit ipsum dolor nulla facilisis facilisis sanctus sea takimata ea aliquyam voluptua duo consectetuer iriure. Et lorem gubergren dolore est sea et euismod at eros no facer diam. Amet possim assum.\nJusto labore et ipsum voluptua aliquyam quis kasd sea clita sea sit. Magna sit at labore nisl eirmod nibh commodo tempor eros sit lorem consequat odio qui eum dolore gubergren nisl. Dolor et no nonumy ut et feugiat diam et takimata stet et aliquyam. Ullamcorper et lorem eirmod dolore amet. Justo dolore sed dolore amet sed consetetur no eos sed ipsum magna vel ea dolore nam possim congue ut. Lorem esse aliquyam autem et eos gubergren sit ea nonumy praesent. Accusam ipsum eos duo et sanctus lorem elitr ullamcorper dolores dolor. Gubergren vel et kasd stet et rebum illum diam no. Dolore et hendrerit lorem sadipscing no rebum augue wisi. Eum magna aliquyam aliquip sadipscing elit eu erat.\nEt invidunt consectetuer. Tempor laoreet lorem dolore option sea ipsum sit dolore ipsum. Nonummy magna sea sed eum elitr iusto dolor nonumy vel eleifend dolore nonummy accusam duo dolores tincidunt eum. Lorem aliquyam suscipit nonumy. Ipsum ea et rebum. Consetetur elitr illum sea ut ipsum cum diam duo labore tation dolor soluta hendrerit. Aliquip eos sed clita. Sea elitr nonumy liber et dignissim eos sed sit feugait kasd sed. Sea amet tempor dolore sed sadipscing et consectetuer gubergren takimata.\n",
        "publishDate": "2023-06-04T15:02:40.7228173+00:00"
    },
    {
        "id": 198,
        "title": "Book 198",
        "description": "Est diam et clita et rebum eos accusam eleifend dolor dolore ipsum stet labore veniam at. Sadipscing nibh amet ut invidunt dolor congue dolor. Vel ipsum nonumy lorem dolore. Vero takimata magna sadipscing. Vulputate possim sit elitr diam gubergren sanctus mazim eos aliquip dolor duis dolor accusam dolores aliquyam gubergren dolor qui. Velit ullamcorper in sit te magna consequat lorem consequat amet nonumy eu molestie justo et et.\n",
        "pageCount": 19800,
        "excerpt": "Amet diam lorem sanctus est duo luptatum sit sed erat consequat est erat. Et et assum aliquyam dolor feugait eu ut diam et sanctus. Aliquyam sit et facilisis amet consetetur amet delenit sit tincidunt ipsum illum nonumy clita invidunt sea vulputate iusto et. Voluptua ipsum dolore clita congue sed et sanctus eum. Enim dolor amet elitr et. Diam duis erat assum nonumy justo et vero sit sea. Et iusto dolore erat est option sadipscing tempor ex ipsum. Ea no quod stet duo dolore gubergren. Magna stet dolor amet. Rebum sadipscing sit diam. Euismod nulla illum dolor commodo tempor elit takimata accusam sed dolor vulputate nonumy accusam sed dolor eos ipsum amet. Amet diam ea ex. Ipsum duo accusam takimata diam aliquyam et. Aliquyam vero velit. Nulla nonumy eirmod quis clita eu magna consetetur in eos diam gubergren cum aliquyam nonumy est aliquip takimata. At ut eum sit amet sed eirmod dolore ut molestie. Dolor sit vel labore et at.\nEirmod elit et sanctus lorem sed elitr sit nonumy takimata sed sed consequat nonumy sea clita. Clita erat clita. Nihil dolor dolore at et stet aliquyam quod lorem voluptua ea dolor lorem duo sanctus. Augue ut gubergren gubergren et kasd takimata voluptua accumsan. Ipsum tation et voluptua exerci aliquyam odio clita no et duo magna lorem clita. Dignissim justo dolore euismod option aliquyam accusam. Labore amet lorem duo gubergren tempor vulputate hendrerit exerci luptatum eum et. Justo ipsum zzril ut eros elitr hendrerit et sanctus. Takimata lorem ipsum eum sed at blandit. Amet labore lorem diam takimata sed elit et at et at no amet gubergren nonumy sanctus commodo. Duo possim eos accusam aliquyam feugiat. Erat dolor clita sanctus no sit enim diam facer lorem nonumy lorem nulla elitr elitr vero et et. Consetetur dolor ex eum gubergren sadipscing. Lorem sea erat. Vero ipsum dolor dolores ullamcorper id consetetur duo esse te et justo feugait dolore lorem ipsum. Facilisis no et exerci. Sadipscing lorem ipsum justo ut sed invidunt rebum elitr odio kasd est. Ut sit vel tempor autem aliquyam rebum magna gubergren amet vel sanctus et gubergren tincidunt no dolore ipsum. Mazim et aliquyam.\nIn gubergren labore dolore et dolores veniam no eos nonumy rebum dolor vero. Clita invidunt et eum et nulla elitr sit justo lorem nibh sanctus ipsum eos ipsum clita sadipscing. Elitr tempor et takimata aliquyam. Gubergren sadipscing dolor vero dolor kasd sit labore ut enim tempor diam.\nDolor magna lorem elitr at cum eirmod elit zzril dolor gubergren te dolor voluptua. Accusam consetetur magna dolore dolor consectetuer takimata at duo sadipscing sed nisl iriure magna. Invidunt et molestie et ut amet lorem vero. Tation sadipscing amet minim vel aliquyam elitr duis et blandit rebum et ipsum et sed voluptua sed est. Dolore amet sit veniam stet sadipscing blandit labore eos dolor duo lorem et et facilisi. At labore minim vero aliquam dolor eros sed elitr iusto tempor eirmod magna aliquyam sea dolor diam stet quis. Te dolore ipsum et amet elitr justo tempor accusam eirmod elitr sit nulla sanctus vel ut eum erat feugiat. Iriure invidunt blandit at est erat dolor dolore sanctus dolore ea gubergren tincidunt. Et kasd diam sadipscing magna eum et nonumy amet at. Et ipsum rebum eu. Nonumy gubergren et aliquyam mazim at dolore in delenit et. Et dolore hendrerit dolores ad facilisi duo labore dolor eirmod tempor eos amet lorem ipsum sed diam. Ut consequat iusto amet dignissim elitr est sadipscing congue ipsum. Nihil praesent duis ea vulputate diam sed sanctus exerci dolore magna magna no aliquyam lorem. Vel lorem rebum invidunt labore elitr dolor nibh labore ipsum dolore iriure duis adipiscing. No justo ut justo luptatum sea ut erat. Sea ut dolor sit laoreet ipsum sadipscing ea sit lobortis takimata quis.\nAliquyam accusam magna dolores amet lorem erat ea. Magna quod eos sed hendrerit eros assum sit dolore accusam at stet lorem. Vel takimata aliquyam consetetur. Sed nonumy velit gubergren sadipscing consetetur euismod dolore magna et et. Aliquyam sit diam et dolor amet elitr adipiscing takimata stet amet tation mazim sadipscing nonummy magna amet. Dolor et gubergren stet tempor possim. Sit aliquyam duo duo in takimata accusam et erat sit dolores gubergren dolore. Sea velit diam.\n",
        "publishDate": "2023-06-03T15:02:40.7229131+00:00"
    },
    {
        "id": 199,
        "title": "Book 199",
        "description": "Clita stet esse sit autem amet nam stet veniam veniam magna. Gubergren ea sed tempor et takimata praesent delenit vero eos iriure augue sit augue et elit. Molestie nonummy amet ipsum possim sed. Lorem erat nonumy sanctus eirmod sadipscing et justo elit aliquyam diam vero justo facilisis tempor. Kasd nulla sed eirmod esse et eirmod ut nonumy et dolor sed et. Vel aliquyam takimata. Est sed justo voluptua exerci elit ipsum sed aliquyam vel. Erat erat diam zzril magna nonumy sit ea nonumy sed voluptua eros et soluta. Gubergren ipsum invidunt dolore consequat sit ea at nulla vel erat invidunt et diam sed at. Molestie dolore elitr. Liber sit sit doming dolore diam justo vel erat ipsum ipsum sadipscing consequat dolor et vero dolor rebum. Quis tation ex dolores et ipsum dolore et eos molestie labore vero. Tation eos duis sit sed eos laoreet clita dolore nam facilisis. Et diam diam magna takimata dolores sit esse justo dolor tempor est erat. Et dolor justo dignissim dolore eum et. Praesent vero dolor magna voluptua eos kasd amet aliquyam amet accusam blandit. Voluptua sadipscing magna vero dolore accusam et accusam dolor.\n",
        "pageCount": 19900,
        "excerpt": "Placerat erat magna consequat elitr erat vero ipsum consetetur. Nonumy stet nulla at. Et amet sed et ex labore gubergren ut lorem in aliquyam rebum erat sadipscing est lorem et tempor. Sea magna sadipscing accumsan. Sit vel eos euismod tation ipsum erat no lorem sed ea vero sadipscing aliquyam et sea vel consetetur. Diam stet amet. Vero nonumy magna at voluptua tempor dolor diam aliquyam. No et no clita ipsum iriure. Rebum est ea consequat sadipscing. Sed nonumy lorem.\nInvidunt kasd commodo takimata vel lorem luptatum tempor. Et lorem et. Duo wisi ipsum dolores ipsum. Dolor minim accusam erat nonummy hendrerit blandit. Elit sea eum invidunt accusam ipsum vero quis qui elitr ipsum ea consetetur augue et suscipit aliquyam kasd lorem. Diam consetetur diam euismod elitr magna sed amet et magna dolores lorem duo sed invidunt aliquyam no tempor. Ipsum nonumy vero ea. Delenit luptatum lorem enim iriure. Et lorem vero wisi lorem. Rebum duo tempor diam stet accumsan vel molestie tincidunt et dolor ut diam aliquip sit. Feugiat aliquyam rebum minim nonumy magna rebum voluptua ea facilisi laoreet amet dolore illum odio dolore ut duis.\nDiam elitr dolore lorem ipsum sed accusam elitr diam sit nonumy sed dignissim. Voluptua dolore dolor sed elitr dolore lorem dolores voluptua ut tempor amet est sadipscing praesent voluptua duo. Lorem velit consectetuer ipsum ipsum lorem ea. Tation accusam eos duo duo adipiscing rebum duis liber exerci justo sanctus sanctus ut lorem clita luptatum dolor. Lorem eos dolor no gubergren nihil sed tempor aliquyam in sea nonummy soluta rebum at odio dolore sed at.\nAliquyam kasd ullamcorper consetetur sea kasd eirmod stet. Accusam ut lorem accusam clita sadipscing ipsum adipiscing magna accusam sed consetetur consequat et magna magna. Sadipscing aliquyam eum aliquip labore consetetur ipsum accusam eos eum. Dolore ea invidunt diam amet iriure et. Nonumy vel sit magna elitr et sit sit ea rebum et. Takimata dolor elitr volutpat sea tincidunt eleifend tempor gubergren in duo. Ipsum lobortis lorem at et wisi consetetur dolor erat feugait sed ipsum sadipscing ipsum et ea tempor sadipscing. Sea laoreet invidunt ex justo amet molestie eirmod consetetur aliquyam labore stet volutpat dolor clita labore ut accusam dolor. Rebum justo vero et eleifend est. At no dolor magna et duo takimata kasd et takimata takimata aliquyam. Nobis et sit nostrud ea nulla iriure at magna ea ipsum lorem qui duis. Eirmod stet dolor amet sed sanctus stet diam. Ipsum sit sit kasd ut ipsum diam minim suscipit amet ipsum consetetur justo tempor. Justo clita stet kasd amet eirmod dolores enim. Dignissim eos justo ut sed sed amet nonumy aliquyam ut te et. Dolore facer et eirmod takimata accumsan justo ipsum nulla justo. Veniam aliquyam ut consetetur dolor sit gubergren. Suscipit vulputate vero adipiscing.\nVoluptua voluptua ut no autem sea exerci eirmod ipsum lorem dolor sed. Vero kasd te voluptua. Lorem et sea sed clita aliquip tempor sit ad euismod stet amet sea no eirmod adipiscing ipsum vel no.\n",
        "publishDate": "2023-06-02T15:02:40.7229999+00:00"
    },
    {
        "id": 200,
        "title": "Book 200",
        "description": "Elitr et sea imperdiet. Accusam nulla nonumy invidunt in gubergren enim clita sea eirmod augue. Rebum eos in. Facilisis et accumsan exerci sed vel diam sed accusam. Ea aliquip ipsum clita ut luptatum. Et magna euismod stet nonummy eirmod ipsum. Veniam eu ut accusam sea consequat sed ipsum sit magna amet erat nonumy. Eirmod diam magna ea tincidunt rebum gubergren takimata ipsum doming dolor kasd et elitr clita qui lorem iriure. No vero luptatum odio invidunt rebum ipsum vero nisl. Magna eros consetetur tation erat elitr voluptua. Nulla sed lobortis possim nonumy et vero vero et dolore lorem tempor eros eos aliquyam amet erat. Voluptua luptatum iriure sit rebum sanctus eirmod erat ea duo ipsum velit euismod.\n",
        "pageCount": 20000,
        "excerpt": "Hendrerit justo labore rebum assum takimata et feugiat stet labore consequat no. Et et labore amet diam elitr et gubergren justo erat et aliquip. Accusam amet sanctus et accusam dolore ipsum et est aliquyam est ut no rebum. Labore dolore vel vero magna dolor ut illum veniam sed sea sit.\nEt eos labore illum tempor esse nobis at diam. Ipsum facilisis ex dolor ipsum et te voluptua erat ea at consequat et facilisi lorem option. Wisi nostrud ea stet magna labore takimata dolor vulputate accusam erat eirmod imperdiet. Nonummy in dolore velit consequat. Accumsan magna illum elit volutpat eos duis labore aliquip vero autem sed nisl ipsum tempor et voluptua. Et amet consequat eros rebum clita eos ut sit eum kasd no dignissim et ea dolores nostrud sit sed. Quis no duo sanctus wisi nobis id vel eleifend commodo ut dolore nobis vero et. Aliquip et dolores clita tation vel sanctus invidunt lorem hendrerit in exerci id diam lorem dolore. Takimata ad rebum voluptua. Takimata illum consequat nihil nisl dolor suscipit dolor et no dolores kasd clita elit luptatum hendrerit iriure. Invidunt amet justo diam. Dolore amet gubergren amet eirmod aliquam dolor kasd dolor lorem ad at suscipit enim gubergren et est consequat. Amet vero gubergren et kasd. Lorem dolor clita esse nihil. Sanctus magna duo dignissim eum sadipscing. Gubergren dolores ad dolor zzril stet gubergren sanctus. No labore hendrerit dolore ad accusam te nonumy et duo lorem et erat nibh vel at et et.\nTempor stet eirmod diam erat invidunt dolore enim est sit et consetetur ipsum elitr. Clita clita amet diam ut accusam eu eu consetetur consetetur magna magna exerci ut clita diam nulla voluptua erat. Sit magna dolor. Nonumy nonumy diam labore. Dolor est ex ipsum in et eu vero erat takimata eos ut amet hendrerit eum kasd sadipscing elitr consequat. Justo sed justo exerci dolores. Elitr kasd lorem ea. Consetetur sit nam sit et et stet accusam ea eleifend ipsum consequat dolor sanctus gubergren. Magna sanctus diam erat magna duis. Sea in consequat sit wisi imperdiet sanctus justo takimata rebum elit sed magna dolor iriure sadipscing. Erat stet justo sanctus. Iusto consectetuer soluta qui stet kasd sanctus sed invidunt rebum eleifend eos commodo vero consectetuer dignissim iriure eum. Dolore amet iusto accusam diam. Tempor facilisi nonummy erat sit sed consetetur gubergren sed justo invidunt duis amet consequat aliquip rebum luptatum sed dolores. Sea no duo in at ut sed consectetuer dolor accusam lorem erat accumsan. Diam eirmod sadipscing dolore ut ut takimata sit tation est. Sadipscing nonummy gubergren lorem dolor ipsum gubergren ipsum eleifend.\nIn diam accusam et luptatum nibh. Accusam justo takimata eirmod aliquip. Rebum et sit vero dolore nonumy sit sanctus eum sed dolore et. Erat consetetur lorem diam vero vero.\nEu lorem clita ipsum justo nostrud magna vel diam eum lorem erat dignissim sed dolore. Dolores exerci veniam lorem lorem. Ipsum eirmod clita sit aliquip odio ea. Dolore rebum erat lorem adipiscing dolor. Takimata stet amet consequat sanctus feugiat ut diam consetetur labore eirmod. Elitr eos adipiscing elit et lorem eos voluptua vero diam voluptua kasd tation et tation veniam nonumy et. Nonummy wisi gubergren elitr autem dolores illum consetetur amet option kasd duo. Stet in sanctus sanctus kasd ipsum sed.\n",
        "publishDate": "2023-06-01T15:02:40.7287217+00:00"
    }
]
4th book id --------->4
]]></system-out>
  </testcase>
  <testcase name="test_updateBook" classname="api.test.BookTest" time="4.596">
    <system-out><![CDATA[Random Number in Range: 303
HTTP/1.1 200 OK
Content-Type: application/json; charset=utf-8; v=1.0
Date: Mon, 18 Dec 2023 15:03:22 GMT
Server: Kestrel
Transfer-Encoding: chunked
api-supported-versions: 1.0

{
    "id": 303,
    "title": "Palma",
    "description": "Cremin",
    "pageCount": 408,
    "excerpt": "darius.homenick@yahoo.com",
    "publishDate": "2024-05-06T15:02:46.6465312+00:00"
}
]]></system-out>
  </testcase>
  <testcase name="test_getBookingByIds" classname="api.test.RestfulBookerTest" time="1.927">
    <system-out><![CDATA[HTTP/1.1 200 OK
Server: Cowboy
Report-To: {"group":"heroku-nel","max_age":3600,"endpoints":[{"url":"https://nel.heroku.com/reports?ts=1702911805&sid=c46efe9b-d3d2-4a0c-8c76-bfafa16c5add&s=rvoG4eiPcDsafAGk2i6zPiabdbGMf%2BFrZ53BVCYg9UA%3D"}]}
Reporting-Endpoints: heroku-nel=https://nel.heroku.com/reports?ts=1702911805&sid=c46efe9b-d3d2-4a0c-8c76-bfafa16c5add&s=rvoG4eiPcDsafAGk2i6zPiabdbGMf%2BFrZ53BVCYg9UA%3D
Nel: {"report_to":"heroku-nel","max_age":3600,"success_fraction":0.005,"failure_fraction":0.05,"response_headers":["Via"]}
Connection: keep-alive
X-Powered-By: Express
Content-Type: application/json; charset=utf-8
Content-Length: 2603
Etag: W/"a2b-ZMG02MtysehWFUL7gncjrGLajOw"
Date: Mon, 18 Dec 2023 15:03:25 GMT
Via: 1.1 vegur

[
    {
        "bookingid": 33
    },
    {
        "bookingid": 15
    },
    {
        "bookingid": 180
    },
    {
        "bookingid": 166
    },
    {
        "bookingid": 135
    },
    {
        "bookingid": 96
    },
    {
        "bookingid": 126
    },
    {
        "bookingid": 165
    },
    {
        "bookingid": 16
    },
    {
        "bookingid": 19
    },
    {
        "bookingid": 56
    },
    {
        "bookingid": 109
    },
    {
        "bookingid": 93
    },
    {
        "bookingid": 117
    },
    {
        "bookingid": 153
    },
    {
        "bookingid": 67
    },
    {
        "bookingid": 163
    },
    {
        "bookingid": 104
    },
    {
        "bookingid": 94
    },
    {
        "bookingid": 32
    },
    {
        "bookingid": 71
    },
    {
        "bookingid": 23
    },
    {
        "bookingid": 138
    },
    {
        "bookingid": 129
    },
    {
        "bookingid": 18
    },
    {
        "bookingid": 146
    },
    {
        "bookingid": 97
    },
    {
        "bookingid": 145
    },
    {
        "bookingid": 121
    },
    {
        "bookingid": 175
    },
    {
        "bookingid": 162
    },
    {
        "bookingid": 7
    },
    {
        "bookingid": 27
    },
    {
        "bookingid": 170
    },
    {
        "bookingid": 87
    },
    {
        "bookingid": 77
    },
    {
        "bookingid": 103
    },
    {
        "bookingid": 20
    },
    {
        "bookingid": 143
    },
    {
        "bookingid": 28
    },
    {
        "bookingid": 78
    },
    {
        "bookingid": 134
    },
    {
        "bookingid": 106
    },
    {
        "bookingid": 84
    },
    {
        "bookingid": 172
    },
    {
        "bookingid": 30
    },
    {
        "bookingid": 58
    },
    {
        "bookingid": 59
    },
    {
        "bookingid": 139
    },
    {
        "bookingid": 99
    },
    {
        "bookingid": 2
    },
    {
        "bookingid": 68
    },
    {
        "bookingid": 52
    },
    {
        "bookingid": 50
    },
    {
        "bookingid": 60
    },
    {
        "bookingid": 62
    },
    {
        "bookingid": 110
    },
    {
        "bookingid": 118
    },
    {
        "bookingid": 111
    },
    {
        "bookingid": 54
    },
    {
        "bookingid": 177
    },
    {
        "bookingid": 9
    },
    {
        "bookingid": 173
    },
    {
        "bookingid": 13
    },
    {
        "bookingid": 119
    },
    {
        "bookingid": 141
    },
    {
        "bookingid": 46
    },
    {
        "bookingid": 92
    },
    {
        "bookingid": 17
    },
    {
        "bookingid": 100
    },
    {
        "bookingid": 76
    },
    {
        "bookingid": 12
    },
    {
        "bookingid": 148
    },
    {
        "bookingid": 34
    },
    {
        "bookingid": 85
    },
    {
        "bookingid": 29
    },
    {
        "bookingid": 142
    },
    {
        "bookingid": 174
    },
    {
        "bookingid": 39
    },
    {
        "bookingid": 144
    },
    {
        "bookingid": 169
    },
    {
        "bookingid": 115
    },
    {
        "bookingid": 41
    },
    {
        "bookingid": 74
    },
    {
        "bookingid": 158
    },
    {
        "bookingid": 40
    },
    {
        "bookingid": 6
    },
    {
        "bookingid": 112
    },
    {
        "bookingid": 36
    },
    {
        "bookingid": 37
    },
    {
        "bookingid": 80
    },
    {
        "bookingid": 51
    },
    {
        "bookingid": 124
    },
    {
        "bookingid": 61
    },
    {
        "bookingid": 4
    },
    {
        "bookingid": 21
    },
    {
        "bookingid": 5
    },
    {
        "bookingid": 156
    },
    {
        "bookingid": 105
    },
    {
        "bookingid": 49
    },
    {
        "bookingid": 167
    },
    {
        "bookingid": 45
    },
    {
        "bookingid": 149
    },
    {
        "bookingid": 147
    },
    {
        "bookingid": 44
    },
    {
        "bookingid": 70
    },
    {
        "bookingid": 72
    },
    {
        "bookingid": 157
    },
    {
        "bookingid": 11
    },
    {
        "bookingid": 24
    },
    {
        "bookingid": 53
    },
    {
        "bookingid": 116
    },
    {
        "bookingid": 128
    },
    {
        "bookingid": 137
    },
    {
        "bookingid": 113
    },
    {
        "bookingid": 57
    },
    {
        "bookingid": 35
    },
    {
        "bookingid": 107
    },
    {
        "bookingid": 83
    },
    {
        "bookingid": 65
    },
    {
        "bookingid": 136
    },
    {
        "bookingid": 102
    },
    {
        "bookingid": 98
    },
    {
        "bookingid": 69
    },
    {
        "bookingid": 75
    },
    {
        "bookingid": 25
    },
    {
        "bookingid": 131
    },
    {
        "bookingid": 132
    },
    {
        "bookingid": 3
    },
    {
        "bookingid": 91
    },
    {
        "bookingid": 10
    },
    {
        "bookingid": 159
    },
    {
        "bookingid": 81
    },
    {
        "bookingid": 31
    },
    {
        "bookingid": 42
    },
    {
        "bookingid": 154
    },
    {
        "bookingid": 82
    },
    {
        "bookingid": 1
    },
    {
        "bookingid": 127
    },
    {
        "bookingid": 89
    },
    {
        "bookingid": 14
    },
    {
        "bookingid": 114
    },
    {
        "bookingid": 64
    },
    {
        "bookingid": 130
    },
    {
        "bookingid": 48
    },
    {
        "bookingid": 43
    },
    {
        "bookingid": 90
    },
    {
        "bookingid": 47
    },
    {
        "bookingid": 8
    },
    {
        "bookingid": 55
    }
]
Assertion pass for test_getBookingByIds
]]></system-out>
  </testcase>
  <testcase name="test_createToken" classname="api.test.RestfulBookerTest" time="3.442">
    <system-out><![CDATA[HTTP/1.1 200 OK
Server: Cowboy
Report-To: {"group":"heroku-nel","max_age":3600,"endpoints":[{"url":"https://nel.heroku.com/reports?ts=1702911808&sid=c46efe9b-d3d2-4a0c-8c76-bfafa16c5add&s=xmColKGGjbt0IjoADaz0icIJ%2BBVpktFXR3Pu5fP%2B%2F6c%3D"}]}
Reporting-Endpoints: heroku-nel=https://nel.heroku.com/reports?ts=1702911808&sid=c46efe9b-d3d2-4a0c-8c76-bfafa16c5add&s=xmColKGGjbt0IjoADaz0icIJ%2BBVpktFXR3Pu5fP%2B%2F6c%3D
Nel: {"report_to":"heroku-nel","max_age":3600,"success_fraction":0.005,"failure_fraction":0.05,"response_headers":["Via"]}
Connection: keep-alive
X-Powered-By: Express
Content-Type: application/json; charset=utf-8
Content-Length: 27
Etag: W/"1b-KnX9eh+gokpgfHocSB9sxBPWpcM"
Date: Mon, 18 Dec 2023 15:03:28 GMT
Via: 1.1 vegur

{
    "token": "5fbf175b477ae0e"
}
Toekn Generated //////////////> 5fbf175b477ae0e
]]></system-out>
  </testcase>
  <testcase name="test_getBookingById" classname="api.test.RestfulBookerTest" time="10.663">
    <system-out><![CDATA[HTTP/1.1 200 OK
Server: Cowboy
Report-To: {"group":"heroku-nel","max_age":3600,"endpoints":[{"url":"https://nel.heroku.com/reports?ts=1702911812&sid=c46efe9b-d3d2-4a0c-8c76-bfafa16c5add&s=ko2BfFCJGiyKQHWUdcTvs58FZuQ2i3YMYxg%2BALJ41No%3D"}]}
Reporting-Endpoints: heroku-nel=https://nel.heroku.com/reports?ts=1702911812&sid=c46efe9b-d3d2-4a0c-8c76-bfafa16c5add&s=ko2BfFCJGiyKQHWUdcTvs58FZuQ2i3YMYxg%2BALJ41No%3D
Nel: {"report_to":"heroku-nel","max_age":3600,"success_fraction":0.005,"failure_fraction":0.05,"response_headers":["Via"]}
Connection: keep-alive
X-Powered-By: Express
Content-Type: application/json; charset=utf-8
Content-Length: 171
Etag: W/"ab-MG4aCOdqq15ogV4Uqb+rfjZOkQk"
Date: Mon, 18 Dec 2023 15:03:32 GMT
Via: 1.1 vegur

{
    "firstname": "Josh",
    "lastname": "Allen",
    "totalprice": 111,
    "depositpaid": true,
    "bookingdates": {
        "checkin": "2018-01-01",
        "checkout": "2019-01-01"
    },
    "additionalneeds": "super bowls"
}
]]></system-out>
  </testcase>
  <testcase name="test_createBooking" classname="api.test.RestfulBookerTest" time="2.412">
    <system-out><![CDATA[HTTP/1.1 200 OK
Server: Cowboy
Report-To: {"group":"heroku-nel","max_age":3600,"endpoints":[{"url":"https://nel.heroku.com/reports?ts=1702911821&sid=c46efe9b-d3d2-4a0c-8c76-bfafa16c5add&s=d4K1Up7yOMAFs6apvr3Ge0XgjYE%2BJJ4VafmyAPjLIsI%3D"}]}
Reporting-Endpoints: heroku-nel=https://nel.heroku.com/reports?ts=1702911821&sid=c46efe9b-d3d2-4a0c-8c76-bfafa16c5add&s=d4K1Up7yOMAFs6apvr3Ge0XgjYE%2BJJ4VafmyAPjLIsI%3D
Nel: {"report_to":"heroku-nel","max_age":3600,"success_fraction":0.005,"failure_fraction":0.05,"response_headers":["Via"]}
Connection: keep-alive
X-Powered-By: Express
Content-Type: application/json; charset=utf-8
Content-Length: 196
Etag: W/"c4-ucNXKsQQgQRmIIN5o3EM9MrQrAY"
Date: Mon, 18 Dec 2023 15:03:41 GMT
Via: 1.1 vegur

{
    "bookingid": 321,
    "booking": {
        "firstname": "Davidd",
        "lastname": "Joee",
        "totalprice": 111,
        "depositpaid": false,
        "bookingdates": {
            "checkin": "2023-12-19",
            "checkout": "2023-12-23"
        },
        "additionalneeds": "Dinner"
    }
}
Generated booking id-------->>321
]]></system-out>
  </testcase>
  <testcase name="patchBooking" classname="api.test.RestfulBookerTest" time="2.269">
    <system-out><![CDATA[HTTP/1.1 200 OK
Server: Cowboy
Report-To: {"group":"heroku-nel","max_age":3600,"endpoints":[{"url":"https://nel.heroku.com/reports?ts=1702911823&sid=c46efe9b-d3d2-4a0c-8c76-bfafa16c5add&s=RNQVXwz9B2H6jcagQxYhKKWsc2i6LSMAWmjVR%2B8g5W8%3D"}]}
Reporting-Endpoints: heroku-nel=https://nel.heroku.com/reports?ts=1702911823&sid=c46efe9b-d3d2-4a0c-8c76-bfafa16c5add&s=RNQVXwz9B2H6jcagQxYhKKWsc2i6LSMAWmjVR%2B8g5W8%3D
Nel: {"report_to":"heroku-nel","max_age":3600,"success_fraction":0.005,"failure_fraction":0.05,"response_headers":["Via"]}
Connection: keep-alive
X-Powered-By: Express
Content-Type: application/json; charset=utf-8
Content-Length: 167
Etag: W/"a7-0FQsp32wmE+0hpCuhk98ODeZlXw"
Date: Mon, 18 Dec 2023 15:03:43 GMT
Via: 1.1 vegur

{
    "firstname": "Madan",
    "lastname": "Asis",
    "totalprice": 111,
    "depositpaid": false,
    "bookingdates": {
        "checkin": "2023-12-19",
        "checkout": "2023-12-23"
    },
    "additionalneeds": "Dinner"
}
]]></system-out>
  </testcase>
  <testcase name="test_dataDrivenCreateBooking[Manisha, Koirala, 3232, true, 12/12/23, 12/14/23, Tour](1)" classname="api.test.RestfulBookerTest" time="1.572">
    <system-out><![CDATA[
================PRINTING ALL DATA FROM EXCEL============================
1<--row-|-col-->7
Manisha | Koirala | 3232 | true | 12/12/23 | 12/14/23 | Tour | 

=====================END=======================
HTTP/1.1 200 OK
Server: Cowboy
Report-To: {"group":"heroku-nel","max_age":3600,"endpoints":[{"url":"https://nel.heroku.com/reports?ts=1702911827&sid=c46efe9b-d3d2-4a0c-8c76-bfafa16c5add&s=WeU9QVeiCI3%2FT5vCsf2M7mpG42dCY3hZMPy5T2rfIMw%3D"}]}
Reporting-Endpoints: heroku-nel=https://nel.heroku.com/reports?ts=1702911827&sid=c46efe9b-d3d2-4a0c-8c76-bfafa16c5add&s=WeU9QVeiCI3%2FT5vCsf2M7mpG42dCY3hZMPy5T2rfIMw%3D
Nel: {"report_to":"heroku-nel","max_age":3600,"success_fraction":0.005,"failure_fraction":0.05,"response_headers":["Via"]}
Connection: keep-alive
X-Powered-By: Express
Content-Type: application/json; charset=utf-8
Content-Length: 198
Etag: W/"c6-TkcOE/WEKTSDTbNLcWQWmxnLIgo"
Date: Mon, 18 Dec 2023 15:03:47 GMT
Via: 1.1 vegur

{
    "bookingid": 371,
    "booking": {
        "firstname": "Manisha",
        "lastname": "Koirala",
        "totalprice": 3232,
        "depositpaid": true,
        "bookingdates": {
            "checkin": "2023-12-12",
            "checkout": "2023-12-14"
        },
        "additionalneeds": "Tour"
    }
}
]]></system-out>
  </testcase>
</testsuite>