<?xml version="1.0" encoding="UTF-8"?>
<testsuite xmlns:xsi="http://www.w3.org/2001/XMLSchema-instance" xsi:noNamespaceSchemaLocation="https://maven.apache.org/surefire/maven-surefire-plugin/xsd/surefire-test-report-3.0.xsd" version="3.0" name="TestSuite" time="31.516" tests="8" errors="0" skipped="0" failures="0">
  <properties>
    <property name="java.specification.version" value="20"/>
    <property name="sun.cpu.isalist" value="amd64"/>
    <property name="sun.jnu.encoding" value="Cp1252"/>
    <property name="java.class.path" value="C:\E\workspaces\workSpace_RestAssured_P1\restApi_November\target\test-classes;C:\E\workspaces\workSpace_RestAssured_P1\restApi_November\target\classes;C:\Users\Parag\.m2\repository\org\seleniumhq\selenium\selenium-java\4.9.1\selenium-java-4.9.1.jar;C:\Users\Parag\.m2\repository\org\seleniumhq\selenium\selenium-api\4.9.1\selenium-api-4.9.1.jar;C:\Users\Parag\.m2\repository\org\seleniumhq\selenium\selenium-chrome-driver\4.9.1\selenium-chrome-driver-4.9.1.jar;C:\Users\Parag\.m2\repository\com\google\auto\service\auto-service-annotations\1.0.1\auto-service-annotations-1.0.1.jar;C:\Users\Parag\.m2\repository\com\google\auto\service\auto-service\1.0.1\auto-service-1.0.1.jar;C:\Users\Parag\.m2\repository\com\google\auto\auto-common\1.2\auto-common-1.2.jar;C:\Users\Parag\.m2\repository\org\seleniumhq\selenium\selenium-chromium-driver\4.9.1\selenium-chromium-driver-4.9.1.jar;C:\Users\Parag\.m2\repository\org\seleniumhq\selenium\selenium-json\4.9.1\selenium-json-4.9.1.jar;C:\Users\Parag\.m2\repository\org\seleniumhq\selenium\selenium-manager\4.9.1\selenium-manager-4.9.1.jar;C:\Users\Parag\.m2\repository\org\seleniumhq\selenium\selenium-devtools-v111\4.9.1\selenium-devtools-v111-4.9.1.jar;C:\Users\Parag\.m2\repository\org\seleniumhq\selenium\selenium-devtools-v112\4.9.1\selenium-devtools-v112-4.9.1.jar;C:\Users\Parag\.m2\repository\org\seleniumhq\selenium\selenium-devtools-v113\4.9.1\selenium-devtools-v113-4.9.1.jar;C:\Users\Parag\.m2\repository\org\seleniumhq\selenium\selenium-devtools-v85\4.9.1\selenium-devtools-v85-4.9.1.jar;C:\Users\Parag\.m2\repository\org\seleniumhq\selenium\selenium-edge-driver\4.9.1\selenium-edge-driver-4.9.1.jar;C:\Users\Parag\.m2\repository\org\seleniumhq\selenium\selenium-firefox-driver\4.9.1\selenium-firefox-driver-4.9.1.jar;C:\Users\Parag\.m2\repository\org\seleniumhq\selenium\selenium-http\4.9.1\selenium-http-4.9.1.jar;C:\Users\Parag\.m2\repository\dev\failsafe\failsafe\3.3.1\failsafe-3.3.1.jar;C:\Users\Parag\.m2\repository\org\seleniumhq\selenium\selenium-ie-driver\4.9.1\selenium-ie-driver-4.9.1.jar;C:\Users\Parag\.m2\repository\org\seleniumhq\selenium\selenium-remote-driver\4.9.1\selenium-remote-driver-4.9.1.jar;C:\Users\Parag\.m2\repository\io\netty\netty-buffer\4.1.91.Final\netty-buffer-4.1.91.Final.jar;C:\Users\Parag\.m2\repository\io\netty\netty-codec-http\4.1.91.Final\netty-codec-http-4.1.91.Final.jar;C:\Users\Parag\.m2\repository\io\netty\netty-codec\4.1.91.Final\netty-codec-4.1.91.Final.jar;C:\Users\Parag\.m2\repository\io\netty\netty-handler\4.1.91.Final\netty-handler-4.1.91.Final.jar;C:\Users\Parag\.m2\repository\io\netty\netty-common\4.1.91.Final\netty-common-4.1.91.Final.jar;C:\Users\Parag\.m2\repository\io\netty\netty-transport-classes-epoll\4.1.91.Final\netty-transport-classes-epoll-4.1.91.Final.jar;C:\Users\Parag\.m2\repository\io\netty\netty-transport-classes-kqueue\4.1.91.Final\netty-transport-classes-kqueue-4.1.91.Final.jar;C:\Users\Parag\.m2\repository\io\netty\netty-transport-native-epoll\4.1.91.Final\netty-transport-native-epoll-4.1.91.Final.jar;C:\Users\Parag\.m2\repository\io\netty\netty-transport-native-kqueue\4.1.91.Final\netty-transport-native-kqueue-4.1.91.Final.jar;C:\Users\Parag\.m2\repository\io\netty\netty-transport-native-unix-common\4.1.91.Final\netty-transport-native-unix-common-4.1.91.Final.jar;C:\Users\Parag\.m2\repository\io\netty\netty-transport\4.1.91.Final\netty-transport-4.1.91.Final.jar;C:\Users\Parag\.m2\repository\io\netty\netty-resolver\4.1.91.Final\netty-resolver-4.1.91.Final.jar;C:\Users\Parag\.m2\repository\io\opentelemetry\opentelemetry-api\1.25.0\opentelemetry-api-1.25.0.jar;C:\Users\Parag\.m2\repository\io\opentelemetry\opentelemetry-context\1.25.0\opentelemetry-context-1.25.0.jar;C:\Users\Parag\.m2\repository\io\opentelemetry\opentelemetry-exporter-logging\1.25.0\opentelemetry-exporter-logging-1.25.0.jar;C:\Users\Parag\.m2\repository\io\opentelemetry\opentelemetry-sdk-metrics\1.25.0\opentelemetry-sdk-metrics-1.25.0.jar;C:\Users\Parag\.m2\repository\io\opentelemetry\opentelemetry-sdk-logs\1.25.0-alpha\opentelemetry-sdk-logs-1.25.0-alpha.jar;C:\Users\Parag\.m2\repository\io\opentelemetry\opentelemetry-api-logs\1.25.0-alpha\opentelemetry-api-logs-1.25.0-alpha.jar;C:\Users\Parag\.m2\repository\io\opentelemetry\opentelemetry-api-events\1.25.0-alpha\opentelemetry-api-events-1.25.0-alpha.jar;C:\Users\Parag\.m2\repository\io\opentelemetry\opentelemetry-sdk-common\1.25.0\opentelemetry-sdk-common-1.25.0.jar;C:\Users\Parag\.m2\repository\io\opentelemetry\opentelemetry-sdk-extension-autoconfigure-spi\1.25.0\opentelemetry-sdk-extension-autoconfigure-spi-1.25.0.jar;C:\Users\Parag\.m2\repository\io\opentelemetry\opentelemetry-sdk-extension-autoconfigure\1.25.0-alpha\opentelemetry-sdk-extension-autoconfigure-1.25.0-alpha.jar;C:\Users\Parag\.m2\repository\io\opentelemetry\opentelemetry-sdk-trace\1.25.0\opentelemetry-sdk-trace-1.25.0.jar;C:\Users\Parag\.m2\repository\io\opentelemetry\opentelemetry-sdk\1.25.0\opentelemetry-sdk-1.25.0.jar;C:\Users\Parag\.m2\repository\io\opentelemetry\opentelemetry-semconv\1.25.0-alpha\opentelemetry-semconv-1.25.0-alpha.jar;C:\Users\Parag\.m2\repository\io\ous\jtoml\2.0.0\jtoml-2.0.0.jar;C:\Users\Parag\.m2\repository\net\bytebuddy\byte-buddy\1.14.4\byte-buddy-1.14.4.jar;C:\Users\Parag\.m2\repository\org\apache\commons\commons-exec\1.3\commons-exec-1.3.jar;C:\Users\Parag\.m2\repository\org\asynchttpclient\async-http-client\2.12.3\async-http-client-2.12.3.jar;C:\Users\Parag\.m2\repository\org\asynchttpclient\async-http-client-netty-utils\2.12.3\async-http-client-netty-utils-2.12.3.jar;C:\Users\Parag\.m2\repository\io\netty\netty-codec-socks\4.1.60.Final\netty-codec-socks-4.1.60.Final.jar;C:\Users\Parag\.m2\repository\io\netty\netty-handler-proxy\4.1.60.Final\netty-handler-proxy-4.1.60.Final.jar;C:\Users\Parag\.m2\repository\io\netty\netty-transport-native-epoll\4.1.60.Final\netty-transport-native-epoll-4.1.60.Final-linux-x86_64.jar;C:\Users\Parag\.m2\repository\io\netty\netty-transport-native-kqueue\4.1.60.Final\netty-transport-native-kqueue-4.1.60.Final-osx-x86_64.jar;C:\Users\Parag\.m2\repository\com\typesafe\netty\netty-reactive-streams\2.0.4\netty-reactive-streams-2.0.4.jar;C:\Users\Parag\.m2\repository\com\sun\activation\jakarta.activation\1.2.2\jakarta.activation-1.2.2.jar;C:\Users\Parag\.m2\repository\org\seleniumhq\selenium\selenium-safari-driver\4.9.1\selenium-safari-driver-4.9.1.jar;C:\Users\Parag\.m2\repository\org\seleniumhq\selenium\selenium-support\4.9.1\selenium-support-4.9.1.jar;C:\Users\Parag\.m2\repository\io\github\bonigarcia\webdrivermanager\5.3.3\webdrivermanager-5.3.3.jar;C:\Users\Parag\.m2\repository\org\slf4j\slf4j-api\2.0.7\slf4j-api-2.0.7.jar;C:\Users\Parag\.m2\repository\com\github\docker-java\docker-java\3.3.0\docker-java-3.3.0.jar;C:\Users\Parag\.m2\repository\com\github\docker-java\docker-java-core\3.3.0\docker-java-core-3.3.0.jar;C:\Users\Parag\.m2\repository\com\github\docker-java\docker-java-api\3.3.0\docker-java-api-3.3.0.jar;C:\Users\Parag\.m2\repository\org\bouncycastle\bcpkix-jdk15on\1.64\bcpkix-jdk15on-1.64.jar;C:\Users\Parag\.m2\repository\org\bouncycastle\bcprov-jdk15on\1.64\bcprov-jdk15on-1.64.jar;C:\Users\Parag\.m2\repository\org\slf4j\jcl-over-slf4j\1.7.30\jcl-over-slf4j-1.7.30.jar;C:\Users\Parag\.m2\repository\com\github\docker-java\docker-java-transport-httpclient5\3.3.0\docker-java-transport-httpclient5-3.3.0.jar;C:\Users\Parag\.m2\repository\com\github\docker-java\docker-java-transport\3.3.0\docker-java-transport-3.3.0.jar;C:\Users\Parag\.m2\repository\net\java\dev\jna\jna\5.12.1\jna-5.12.1.jar;C:\Users\Parag\.m2\repository\org\brotli\dec\0.1.2\dec-0.1.2.jar;C:\Users\Parag\.m2\repository\org\apache\commons\commons-lang3\3.12.0\commons-lang3-3.12.0.jar;C:\Users\Parag\.m2\repository\org\apache\httpcomponents\client5\httpclient5\5.2.1\httpclient5-5.2.1.jar;C:\Users\Parag\.m2\repository\org\apache\httpcomponents\core5\httpcore5\5.2\httpcore5-5.2.jar;C:\Users\Parag\.m2\repository\org\apache\httpcomponents\core5\httpcore5-h2\5.2\httpcore5-h2-5.2.jar;C:\Users\Parag\.m2\repository\commons-io\commons-io\2.12.0\commons-io-2.12.0.jar;C:\Users\Parag\.m2\repository\org\testng\testng\7.8.0\testng-7.8.0.jar;C:\Users\Parag\.m2\repository\com\beust\jcommander\1.82\jcommander-1.82.jar;C:\Users\Parag\.m2\repository\org\webjars\jquery\3.6.1\jquery-3.6.1.jar;C:\Users\Parag\.m2\repository\org\apache\poi\poi-ooxml\5.2.3\poi-ooxml-5.2.3.jar;C:\Users\Parag\.m2\repository\org\apache\poi\poi-ooxml-lite\5.2.3\poi-ooxml-lite-5.2.3.jar;C:\Users\Parag\.m2\repository\org\apache\xmlbeans\xmlbeans\5.1.1\xmlbeans-5.1.1.jar;C:\Users\Parag\.m2\repository\org\apache\commons\commons-compress\1.21\commons-compress-1.21.jar;C:\Users\Parag\.m2\repository\com\github\virtuald\curvesapi\1.07\curvesapi-1.07.jar;C:\Users\Parag\.m2\repository\org\apache\commons\commons-collections4\4.4\commons-collections4-4.4.jar;C:\Users\Parag\.m2\repository\org\apache\poi\poi\5.2.3\poi-5.2.3.jar;C:\Users\Parag\.m2\repository\commons-codec\commons-codec\1.15\commons-codec-1.15.jar;C:\Users\Parag\.m2\repository\org\apache\commons\commons-math3\3.6.1\commons-math3-3.6.1.jar;C:\Users\Parag\.m2\repository\com\zaxxer\SparseBitSet\1.2\SparseBitSet-1.2.jar;C:\Users\Parag\.m2\repository\com\guicedee\services\apache-poi-ooxml\62\apache-poi-ooxml-62.jar;C:\Users\Parag\.m2\repository\com\guicedee\services\commons-compress\62\commons-compress-62.jar;C:\Users\Parag\.m2\repository\com\guicedee\services\commons-xmlbeans\62\commons-xmlbeans-62.jar;C:\Users\Parag\.m2\repository\com\guicedee\services\apache-poi\62\apache-poi-62.jar;C:\Users\Parag\.m2\repository\com\guicedee\services\commons-logging\62\commons-logging-62.jar;C:\Users\Parag\.m2\repository\com\guicedee\services\commons-codec\62\commons-codec-62.jar;C:\Users\Parag\.m2\repository\com\guicedee\services\commons-math3\62\commons-math3-62.jar;C:\Users\Parag\.m2\repository\com\guicedee\services\commons-collections4\62\commons-collections4-62.jar;C:\Users\Parag\.m2\repository\com\guicedee\services\jakarta.xml.bind-api\62\jakarta.xml.bind-api-62.jar;C:\Users\Parag\.m2\repository\com\guicedee\services\jakarta.activation\62\jakarta.activation-62.jar;C:\Users\Parag\.m2\repository\com\guicedee\services\jakarta.validation-api\62\jakarta.validation-api-62.jar;C:\Users\Parag\.m2\repository\org\codehaus\woodstox\stax2-api\4.2\stax2-api-4.2.jar;C:\Users\Parag\.m2\repository\org\jvnet\staxex\stax-ex\1.8.2\stax-ex-1.8.2.jar;C:\Users\Parag\.m2\repository\org\apache\logging\log4j\log4j-to-slf4j\2.8.2\log4j-to-slf4j-2.8.2.jar;C:\Users\Parag\.m2\repository\io\rest-assured\rest-assured\5.3.1\rest-assured-5.3.1.jar;C:\Users\Parag\.m2\repository\org\apache\groovy\groovy\4.0.11\groovy-4.0.11.jar;C:\Users\Parag\.m2\repository\org\apache\groovy\groovy-xml\4.0.11\groovy-xml-4.0.11.jar;C:\Users\Parag\.m2\repository\org\apache\httpcomponents\httpclient\4.5.13\httpclient-4.5.13.jar;C:\Users\Parag\.m2\repository\org\apache\httpcomponents\httpcore\4.4.13\httpcore-4.4.13.jar;C:\Users\Parag\.m2\repository\commons-logging\commons-logging\1.2\commons-logging-1.2.jar;C:\Users\Parag\.m2\repository\org\apache\httpcomponents\httpmime\4.5.13\httpmime-4.5.13.jar;C:\Users\Parag\.m2\repository\org\hamcrest\hamcrest\2.2\hamcrest-2.2.jar;C:\Users\Parag\.m2\repository\org\ccil\cowan\tagsoup\tagsoup\1.2.1\tagsoup-1.2.1.jar;C:\Users\Parag\.m2\repository\com\google\code\gson\gson\2.10.1\gson-2.10.1.jar;C:\Users\Parag\.m2\repository\io\rest-assured\json-path\5.3.1\json-path-5.3.1.jar;C:\Users\Parag\.m2\repository\org\apache\groovy\groovy-json\4.0.11\groovy-json-4.0.11.jar;C:\Users\Parag\.m2\repository\io\rest-assured\json-schema-validator\5.3.1\json-schema-validator-5.3.1.jar;C:\Users\Parag\.m2\repository\com\github\java-json-tools\json-schema-validator\2.2.14\json-schema-validator-2.2.14.jar;C:\Users\Parag\.m2\repository\com\github\java-json-tools\jackson-coreutils-equivalence\1.0\jackson-coreutils-equivalence-1.0.jar;C:\Users\Parag\.m2\repository\com\github\java-json-tools\jackson-coreutils\2.0\jackson-coreutils-2.0.jar;C:\Users\Parag\.m2\repository\com\github\java-json-tools\msg-simple\1.2\msg-simple-1.2.jar;C:\Users\Parag\.m2\repository\com\github\java-json-tools\btf\1.3\btf-1.3.jar;C:\Users\Parag\.m2\repository\com\github\java-json-tools\json-schema-core\1.2.14\json-schema-core-1.2.14.jar;C:\Users\Parag\.m2\repository\com\github\java-json-tools\uri-template\0.10\uri-template-0.10.jar;C:\Users\Parag\.m2\repository\org\mozilla\rhino\1.7.7.2\rhino-1.7.7.2.jar;C:\Users\Parag\.m2\repository\com\sun\mail\mailapi\1.6.2\mailapi-1.6.2.jar;C:\Users\Parag\.m2\repository\joda-time\joda-time\2.10.5\joda-time-2.10.5.jar;C:\Users\Parag\.m2\repository\com\googlecode\libphonenumber\libphonenumber\8.11.1\libphonenumber-8.11.1.jar;C:\Users\Parag\.m2\repository\com\google\code\findbugs\jsr305\3.0.2\jsr305-3.0.2.jar;C:\Users\Parag\.m2\repository\net\sf\jopt-simple\jopt-simple\5.0.4\jopt-simple-5.0.4.jar;C:\Users\Parag\.m2\repository\com\google\guava\guava\32.0.1-jre\guava-32.0.1-jre.jar;C:\Users\Parag\.m2\repository\com\google\guava\failureaccess\1.0.1\failureaccess-1.0.1.jar;C:\Users\Parag\.m2\repository\com\google\guava\listenablefuture\9999.0-empty-to-avoid-conflict-with-guava\listenablefuture-9999.0-empty-to-avoid-conflict-with-guava.jar;C:\Users\Parag\.m2\repository\org\checkerframework\checker-qual\3.33.0\checker-qual-3.33.0.jar;C:\Users\Parag\.m2\repository\com\google\errorprone\error_prone_annotations\2.18.0\error_prone_annotations-2.18.0.jar;C:\Users\Parag\.m2\repository\com\google\j2objc\j2objc-annotations\2.8\j2objc-annotations-2.8.jar;C:\Users\Parag\.m2\repository\com\github\scribejava\scribejava-apis\8.3.3\scribejava-apis-8.3.3.jar;C:\Users\Parag\.m2\repository\com\github\scribejava\scribejava-core\8.3.3\scribejava-core-8.3.3.jar;C:\Users\Parag\.m2\repository\com\github\scribejava\scribejava-java8\8.3.3\scribejava-java8-8.3.3.jar;C:\Users\Parag\.m2\repository\com\fasterxml\jackson\core\jackson-databind\2.14.0\jackson-databind-2.14.0.jar;C:\Users\Parag\.m2\repository\com\fasterxml\jackson\core\jackson-annotations\2.14.0\jackson-annotations-2.14.0.jar;C:\Users\Parag\.m2\repository\com\fasterxml\jackson\core\jackson-core\2.14.0\jackson-core-2.14.0.jar;C:\Users\Parag\.m2\repository\org\json\json\20230618\json-20230618.jar;C:\Users\Parag\.m2\repository\io\rest-assured\xml-path\5.3.1\xml-path-5.3.1.jar;C:\Users\Parag\.m2\repository\io\rest-assured\rest-assured-common\5.3.1\rest-assured-common-5.3.1.jar;C:\Users\Parag\.m2\repository\com\github\javafaker\javafaker\1.0.2\javafaker-1.0.2.jar;C:\Users\Parag\.m2\repository\org\yaml\snakeyaml\1.23\snakeyaml-1.23-android.jar;C:\Users\Parag\.m2\repository\com\github\mifmif\generex\1.0.2\generex-1.0.2.jar;C:\Users\Parag\.m2\repository\dk\brics\automaton\automaton\1.11-8\automaton-1.11-8.jar;C:\Users\Parag\.m2\repository\com\aventstack\extentreports\5.1.0\extentreports-5.1.0.jar;C:\Users\Parag\.m2\repository\io\reactivex\rxjava3\rxjava\3.1.6\rxjava-3.1.6.jar;C:\Users\Parag\.m2\repository\org\reactivestreams\reactive-streams\1.0.4\reactive-streams-1.0.4.jar;C:\Users\Parag\.m2\repository\org\freemarker\freemarker\2.3.32\freemarker-2.3.32.jar;C:\Users\Parag\.m2\repository\org\projectlombok\lombok\1.18.26\lombok-1.18.26.jar;C:\Users\Parag\.m2\repository\org\apache\logging\log4j\log4j-api\2.20.0\log4j-api-2.20.0.jar;C:\Users\Parag\.m2\repository\org\apache\logging\log4j\log4j-core\2.20.0\log4j-core-2.20.0.jar;"/>
    <property name="java.vm.vendor" value="Oracle Corporation"/>
    <property name="sun.arch.data.model" value="64"/>
    <property name="user.variant" value=""/>
    <property name="java.vendor.url" value="https://java.oracle.com/"/>
    <property name="user.timezone" value="Asia/Calcutta"/>
    <property name="os.name" value="Windows 11"/>
    <property name="java.vm.specification.version" value="20"/>
    <property name="sun.java.launcher" value="SUN_STANDARD"/>
    <property name="user.country" value="IN"/>
    <property name="sun.boot.library.path" value="C:\Program Files\Java\jdk-20\bin"/>
    <property name="sun.java.command" value="C:\Users\Parag\AppData\Local\Temp\surefire9302873173952655005\surefirebooter-20231217221209127_3.jar C:\Users\Parag\AppData\Local\Temp\surefire9302873173952655005 2023-12-17T22-12-09_016-jvmRun1 surefire-20231217221209127_1tmp surefire_0-20231217221209127_2tmp"/>
    <property name="jdk.debug" value="release"/>
    <property name="surefire.test.class.path" value="C:\E\workspaces\workSpace_RestAssured_P1\restApi_November\target\test-classes;C:\E\workspaces\workSpace_RestAssured_P1\restApi_November\target\classes;C:\Users\Parag\.m2\repository\org\seleniumhq\selenium\selenium-java\4.9.1\selenium-java-4.9.1.jar;C:\Users\Parag\.m2\repository\org\seleniumhq\selenium\selenium-api\4.9.1\selenium-api-4.9.1.jar;C:\Users\Parag\.m2\repository\org\seleniumhq\selenium\selenium-chrome-driver\4.9.1\selenium-chrome-driver-4.9.1.jar;C:\Users\Parag\.m2\repository\com\google\auto\service\auto-service-annotations\1.0.1\auto-service-annotations-1.0.1.jar;C:\Users\Parag\.m2\repository\com\google\auto\service\auto-service\1.0.1\auto-service-1.0.1.jar;C:\Users\Parag\.m2\repository\com\google\auto\auto-common\1.2\auto-common-1.2.jar;C:\Users\Parag\.m2\repository\org\seleniumhq\selenium\selenium-chromium-driver\4.9.1\selenium-chromium-driver-4.9.1.jar;C:\Users\Parag\.m2\repository\org\seleniumhq\selenium\selenium-json\4.9.1\selenium-json-4.9.1.jar;C:\Users\Parag\.m2\repository\org\seleniumhq\selenium\selenium-manager\4.9.1\selenium-manager-4.9.1.jar;C:\Users\Parag\.m2\repository\org\seleniumhq\selenium\selenium-devtools-v111\4.9.1\selenium-devtools-v111-4.9.1.jar;C:\Users\Parag\.m2\repository\org\seleniumhq\selenium\selenium-devtools-v112\4.9.1\selenium-devtools-v112-4.9.1.jar;C:\Users\Parag\.m2\repository\org\seleniumhq\selenium\selenium-devtools-v113\4.9.1\selenium-devtools-v113-4.9.1.jar;C:\Users\Parag\.m2\repository\org\seleniumhq\selenium\selenium-devtools-v85\4.9.1\selenium-devtools-v85-4.9.1.jar;C:\Users\Parag\.m2\repository\org\seleniumhq\selenium\selenium-edge-driver\4.9.1\selenium-edge-driver-4.9.1.jar;C:\Users\Parag\.m2\repository\org\seleniumhq\selenium\selenium-firefox-driver\4.9.1\selenium-firefox-driver-4.9.1.jar;C:\Users\Parag\.m2\repository\org\seleniumhq\selenium\selenium-http\4.9.1\selenium-http-4.9.1.jar;C:\Users\Parag\.m2\repository\dev\failsafe\failsafe\3.3.1\failsafe-3.3.1.jar;C:\Users\Parag\.m2\repository\org\seleniumhq\selenium\selenium-ie-driver\4.9.1\selenium-ie-driver-4.9.1.jar;C:\Users\Parag\.m2\repository\org\seleniumhq\selenium\selenium-remote-driver\4.9.1\selenium-remote-driver-4.9.1.jar;C:\Users\Parag\.m2\repository\io\netty\netty-buffer\4.1.91.Final\netty-buffer-4.1.91.Final.jar;C:\Users\Parag\.m2\repository\io\netty\netty-codec-http\4.1.91.Final\netty-codec-http-4.1.91.Final.jar;C:\Users\Parag\.m2\repository\io\netty\netty-codec\4.1.91.Final\netty-codec-4.1.91.Final.jar;C:\Users\Parag\.m2\repository\io\netty\netty-handler\4.1.91.Final\netty-handler-4.1.91.Final.jar;C:\Users\Parag\.m2\repository\io\netty\netty-common\4.1.91.Final\netty-common-4.1.91.Final.jar;C:\Users\Parag\.m2\repository\io\netty\netty-transport-classes-epoll\4.1.91.Final\netty-transport-classes-epoll-4.1.91.Final.jar;C:\Users\Parag\.m2\repository\io\netty\netty-transport-classes-kqueue\4.1.91.Final\netty-transport-classes-kqueue-4.1.91.Final.jar;C:\Users\Parag\.m2\repository\io\netty\netty-transport-native-epoll\4.1.91.Final\netty-transport-native-epoll-4.1.91.Final.jar;C:\Users\Parag\.m2\repository\io\netty\netty-transport-native-kqueue\4.1.91.Final\netty-transport-native-kqueue-4.1.91.Final.jar;C:\Users\Parag\.m2\repository\io\netty\netty-transport-native-unix-common\4.1.91.Final\netty-transport-native-unix-common-4.1.91.Final.jar;C:\Users\Parag\.m2\repository\io\netty\netty-transport\4.1.91.Final\netty-transport-4.1.91.Final.jar;C:\Users\Parag\.m2\repository\io\netty\netty-resolver\4.1.91.Final\netty-resolver-4.1.91.Final.jar;C:\Users\Parag\.m2\repository\io\opentelemetry\opentelemetry-api\1.25.0\opentelemetry-api-1.25.0.jar;C:\Users\Parag\.m2\repository\io\opentelemetry\opentelemetry-context\1.25.0\opentelemetry-context-1.25.0.jar;C:\Users\Parag\.m2\repository\io\opentelemetry\opentelemetry-exporter-logging\1.25.0\opentelemetry-exporter-logging-1.25.0.jar;C:\Users\Parag\.m2\repository\io\opentelemetry\opentelemetry-sdk-metrics\1.25.0\opentelemetry-sdk-metrics-1.25.0.jar;C:\Users\Parag\.m2\repository\io\opentelemetry\opentelemetry-sdk-logs\1.25.0-alpha\opentelemetry-sdk-logs-1.25.0-alpha.jar;C:\Users\Parag\.m2\repository\io\opentelemetry\opentelemetry-api-logs\1.25.0-alpha\opentelemetry-api-logs-1.25.0-alpha.jar;C:\Users\Parag\.m2\repository\io\opentelemetry\opentelemetry-api-events\1.25.0-alpha\opentelemetry-api-events-1.25.0-alpha.jar;C:\Users\Parag\.m2\repository\io\opentelemetry\opentelemetry-sdk-common\1.25.0\opentelemetry-sdk-common-1.25.0.jar;C:\Users\Parag\.m2\repository\io\opentelemetry\opentelemetry-sdk-extension-autoconfigure-spi\1.25.0\opentelemetry-sdk-extension-autoconfigure-spi-1.25.0.jar;C:\Users\Parag\.m2\repository\io\opentelemetry\opentelemetry-sdk-extension-autoconfigure\1.25.0-alpha\opentelemetry-sdk-extension-autoconfigure-1.25.0-alpha.jar;C:\Users\Parag\.m2\repository\io\opentelemetry\opentelemetry-sdk-trace\1.25.0\opentelemetry-sdk-trace-1.25.0.jar;C:\Users\Parag\.m2\repository\io\opentelemetry\opentelemetry-sdk\1.25.0\opentelemetry-sdk-1.25.0.jar;C:\Users\Parag\.m2\repository\io\opentelemetry\opentelemetry-semconv\1.25.0-alpha\opentelemetry-semconv-1.25.0-alpha.jar;C:\Users\Parag\.m2\repository\io\ous\jtoml\2.0.0\jtoml-2.0.0.jar;C:\Users\Parag\.m2\repository\net\bytebuddy\byte-buddy\1.14.4\byte-buddy-1.14.4.jar;C:\Users\Parag\.m2\repository\org\apache\commons\commons-exec\1.3\commons-exec-1.3.jar;C:\Users\Parag\.m2\repository\org\asynchttpclient\async-http-client\2.12.3\async-http-client-2.12.3.jar;C:\Users\Parag\.m2\repository\org\asynchttpclient\async-http-client-netty-utils\2.12.3\async-http-client-netty-utils-2.12.3.jar;C:\Users\Parag\.m2\repository\io\netty\netty-codec-socks\4.1.60.Final\netty-codec-socks-4.1.60.Final.jar;C:\Users\Parag\.m2\repository\io\netty\netty-handler-proxy\4.1.60.Final\netty-handler-proxy-4.1.60.Final.jar;C:\Users\Parag\.m2\repository\io\netty\netty-transport-native-epoll\4.1.60.Final\netty-transport-native-epoll-4.1.60.Final-linux-x86_64.jar;C:\Users\Parag\.m2\repository\io\netty\netty-transport-native-kqueue\4.1.60.Final\netty-transport-native-kqueue-4.1.60.Final-osx-x86_64.jar;C:\Users\Parag\.m2\repository\com\typesafe\netty\netty-reactive-streams\2.0.4\netty-reactive-streams-2.0.4.jar;C:\Users\Parag\.m2\repository\com\sun\activation\jakarta.activation\1.2.2\jakarta.activation-1.2.2.jar;C:\Users\Parag\.m2\repository\org\seleniumhq\selenium\selenium-safari-driver\4.9.1\selenium-safari-driver-4.9.1.jar;C:\Users\Parag\.m2\repository\org\seleniumhq\selenium\selenium-support\4.9.1\selenium-support-4.9.1.jar;C:\Users\Parag\.m2\repository\io\github\bonigarcia\webdrivermanager\5.3.3\webdrivermanager-5.3.3.jar;C:\Users\Parag\.m2\repository\org\slf4j\slf4j-api\2.0.7\slf4j-api-2.0.7.jar;C:\Users\Parag\.m2\repository\com\github\docker-java\docker-java\3.3.0\docker-java-3.3.0.jar;C:\Users\Parag\.m2\repository\com\github\docker-java\docker-java-core\3.3.0\docker-java-core-3.3.0.jar;C:\Users\Parag\.m2\repository\com\github\docker-java\docker-java-api\3.3.0\docker-java-api-3.3.0.jar;C:\Users\Parag\.m2\repository\org\bouncycastle\bcpkix-jdk15on\1.64\bcpkix-jdk15on-1.64.jar;C:\Users\Parag\.m2\repository\org\bouncycastle\bcprov-jdk15on\1.64\bcprov-jdk15on-1.64.jar;C:\Users\Parag\.m2\repository\org\slf4j\jcl-over-slf4j\1.7.30\jcl-over-slf4j-1.7.30.jar;C:\Users\Parag\.m2\repository\com\github\docker-java\docker-java-transport-httpclient5\3.3.0\docker-java-transport-httpclient5-3.3.0.jar;C:\Users\Parag\.m2\repository\com\github\docker-java\docker-java-transport\3.3.0\docker-java-transport-3.3.0.jar;C:\Users\Parag\.m2\repository\net\java\dev\jna\jna\5.12.1\jna-5.12.1.jar;C:\Users\Parag\.m2\repository\org\brotli\dec\0.1.2\dec-0.1.2.jar;C:\Users\Parag\.m2\repository\org\apache\commons\commons-lang3\3.12.0\commons-lang3-3.12.0.jar;C:\Users\Parag\.m2\repository\org\apache\httpcomponents\client5\httpclient5\5.2.1\httpclient5-5.2.1.jar;C:\Users\Parag\.m2\repository\org\apache\httpcomponents\core5\httpcore5\5.2\httpcore5-5.2.jar;C:\Users\Parag\.m2\repository\org\apache\httpcomponents\core5\httpcore5-h2\5.2\httpcore5-h2-5.2.jar;C:\Users\Parag\.m2\repository\commons-io\commons-io\2.12.0\commons-io-2.12.0.jar;C:\Users\Parag\.m2\repository\org\testng\testng\7.8.0\testng-7.8.0.jar;C:\Users\Parag\.m2\repository\com\beust\jcommander\1.82\jcommander-1.82.jar;C:\Users\Parag\.m2\repository\org\webjars\jquery\3.6.1\jquery-3.6.1.jar;C:\Users\Parag\.m2\repository\org\apache\poi\poi-ooxml\5.2.3\poi-ooxml-5.2.3.jar;C:\Users\Parag\.m2\repository\org\apache\poi\poi-ooxml-lite\5.2.3\poi-ooxml-lite-5.2.3.jar;C:\Users\Parag\.m2\repository\org\apache\xmlbeans\xmlbeans\5.1.1\xmlbeans-5.1.1.jar;C:\Users\Parag\.m2\repository\org\apache\commons\commons-compress\1.21\commons-compress-1.21.jar;C:\Users\Parag\.m2\repository\com\github\virtuald\curvesapi\1.07\curvesapi-1.07.jar;C:\Users\Parag\.m2\repository\org\apache\commons\commons-collections4\4.4\commons-collections4-4.4.jar;C:\Users\Parag\.m2\repository\org\apache\poi\poi\5.2.3\poi-5.2.3.jar;C:\Users\Parag\.m2\repository\commons-codec\commons-codec\1.15\commons-codec-1.15.jar;C:\Users\Parag\.m2\repository\org\apache\commons\commons-math3\3.6.1\commons-math3-3.6.1.jar;C:\Users\Parag\.m2\repository\com\zaxxer\SparseBitSet\1.2\SparseBitSet-1.2.jar;C:\Users\Parag\.m2\repository\com\guicedee\services\apache-poi-ooxml\62\apache-poi-ooxml-62.jar;C:\Users\Parag\.m2\repository\com\guicedee\services\commons-compress\62\commons-compress-62.jar;C:\Users\Parag\.m2\repository\com\guicedee\services\commons-xmlbeans\62\commons-xmlbeans-62.jar;C:\Users\Parag\.m2\repository\com\guicedee\services\apache-poi\62\apache-poi-62.jar;C:\Users\Parag\.m2\repository\com\guicedee\services\commons-logging\62\commons-logging-62.jar;C:\Users\Parag\.m2\repository\com\guicedee\services\commons-codec\62\commons-codec-62.jar;C:\Users\Parag\.m2\repository\com\guicedee\services\commons-math3\62\commons-math3-62.jar;C:\Users\Parag\.m2\repository\com\guicedee\services\commons-collections4\62\commons-collections4-62.jar;C:\Users\Parag\.m2\repository\com\guicedee\services\jakarta.xml.bind-api\62\jakarta.xml.bind-api-62.jar;C:\Users\Parag\.m2\repository\com\guicedee\services\jakarta.activation\62\jakarta.activation-62.jar;C:\Users\Parag\.m2\repository\com\guicedee\services\jakarta.validation-api\62\jakarta.validation-api-62.jar;C:\Users\Parag\.m2\repository\org\codehaus\woodstox\stax2-api\4.2\stax2-api-4.2.jar;C:\Users\Parag\.m2\repository\org\jvnet\staxex\stax-ex\1.8.2\stax-ex-1.8.2.jar;C:\Users\Parag\.m2\repository\org\apache\logging\log4j\log4j-to-slf4j\2.8.2\log4j-to-slf4j-2.8.2.jar;C:\Users\Parag\.m2\repository\io\rest-assured\rest-assured\5.3.1\rest-assured-5.3.1.jar;C:\Users\Parag\.m2\repository\org\apache\groovy\groovy\4.0.11\groovy-4.0.11.jar;C:\Users\Parag\.m2\repository\org\apache\groovy\groovy-xml\4.0.11\groovy-xml-4.0.11.jar;C:\Users\Parag\.m2\repository\org\apache\httpcomponents\httpclient\4.5.13\httpclient-4.5.13.jar;C:\Users\Parag\.m2\repository\org\apache\httpcomponents\httpcore\4.4.13\httpcore-4.4.13.jar;C:\Users\Parag\.m2\repository\commons-logging\commons-logging\1.2\commons-logging-1.2.jar;C:\Users\Parag\.m2\repository\org\apache\httpcomponents\httpmime\4.5.13\httpmime-4.5.13.jar;C:\Users\Parag\.m2\repository\org\hamcrest\hamcrest\2.2\hamcrest-2.2.jar;C:\Users\Parag\.m2\repository\org\ccil\cowan\tagsoup\tagsoup\1.2.1\tagsoup-1.2.1.jar;C:\Users\Parag\.m2\repository\com\google\code\gson\gson\2.10.1\gson-2.10.1.jar;C:\Users\Parag\.m2\repository\io\rest-assured\json-path\5.3.1\json-path-5.3.1.jar;C:\Users\Parag\.m2\repository\org\apache\groovy\groovy-json\4.0.11\groovy-json-4.0.11.jar;C:\Users\Parag\.m2\repository\io\rest-assured\json-schema-validator\5.3.1\json-schema-validator-5.3.1.jar;C:\Users\Parag\.m2\repository\com\github\java-json-tools\json-schema-validator\2.2.14\json-schema-validator-2.2.14.jar;C:\Users\Parag\.m2\repository\com\github\java-json-tools\jackson-coreutils-equivalence\1.0\jackson-coreutils-equivalence-1.0.jar;C:\Users\Parag\.m2\repository\com\github\java-json-tools\jackson-coreutils\2.0\jackson-coreutils-2.0.jar;C:\Users\Parag\.m2\repository\com\github\java-json-tools\msg-simple\1.2\msg-simple-1.2.jar;C:\Users\Parag\.m2\repository\com\github\java-json-tools\btf\1.3\btf-1.3.jar;C:\Users\Parag\.m2\repository\com\github\java-json-tools\json-schema-core\1.2.14\json-schema-core-1.2.14.jar;C:\Users\Parag\.m2\repository\com\github\java-json-tools\uri-template\0.10\uri-template-0.10.jar;C:\Users\Parag\.m2\repository\org\mozilla\rhino\1.7.7.2\rhino-1.7.7.2.jar;C:\Users\Parag\.m2\repository\com\sun\mail\mailapi\1.6.2\mailapi-1.6.2.jar;C:\Users\Parag\.m2\repository\joda-time\joda-time\2.10.5\joda-time-2.10.5.jar;C:\Users\Parag\.m2\repository\com\googlecode\libphonenumber\libphonenumber\8.11.1\libphonenumber-8.11.1.jar;C:\Users\Parag\.m2\repository\com\google\code\findbugs\jsr305\3.0.2\jsr305-3.0.2.jar;C:\Users\Parag\.m2\repository\net\sf\jopt-simple\jopt-simple\5.0.4\jopt-simple-5.0.4.jar;C:\Users\Parag\.m2\repository\com\google\guava\guava\32.0.1-jre\guava-32.0.1-jre.jar;C:\Users\Parag\.m2\repository\com\google\guava\failureaccess\1.0.1\failureaccess-1.0.1.jar;C:\Users\Parag\.m2\repository\com\google\guava\listenablefuture\9999.0-empty-to-avoid-conflict-with-guava\listenablefuture-9999.0-empty-to-avoid-conflict-with-guava.jar;C:\Users\Parag\.m2\repository\org\checkerframework\checker-qual\3.33.0\checker-qual-3.33.0.jar;C:\Users\Parag\.m2\repository\com\google\errorprone\error_prone_annotations\2.18.0\error_prone_annotations-2.18.0.jar;C:\Users\Parag\.m2\repository\com\google\j2objc\j2objc-annotations\2.8\j2objc-annotations-2.8.jar;C:\Users\Parag\.m2\repository\com\github\scribejava\scribejava-apis\8.3.3\scribejava-apis-8.3.3.jar;C:\Users\Parag\.m2\repository\com\github\scribejava\scribejava-core\8.3.3\scribejava-core-8.3.3.jar;C:\Users\Parag\.m2\repository\com\github\scribejava\scribejava-java8\8.3.3\scribejava-java8-8.3.3.jar;C:\Users\Parag\.m2\repository\com\fasterxml\jackson\core\jackson-databind\2.14.0\jackson-databind-2.14.0.jar;C:\Users\Parag\.m2\repository\com\fasterxml\jackson\core\jackson-annotations\2.14.0\jackson-annotations-2.14.0.jar;C:\Users\Parag\.m2\repository\com\fasterxml\jackson\core\jackson-core\2.14.0\jackson-core-2.14.0.jar;C:\Users\Parag\.m2\repository\org\json\json\20230618\json-20230618.jar;C:\Users\Parag\.m2\repository\io\rest-assured\xml-path\5.3.1\xml-path-5.3.1.jar;C:\Users\Parag\.m2\repository\io\rest-assured\rest-assured-common\5.3.1\rest-assured-common-5.3.1.jar;C:\Users\Parag\.m2\repository\com\github\javafaker\javafaker\1.0.2\javafaker-1.0.2.jar;C:\Users\Parag\.m2\repository\org\yaml\snakeyaml\1.23\snakeyaml-1.23-android.jar;C:\Users\Parag\.m2\repository\com\github\mifmif\generex\1.0.2\generex-1.0.2.jar;C:\Users\Parag\.m2\repository\dk\brics\automaton\automaton\1.11-8\automaton-1.11-8.jar;C:\Users\Parag\.m2\repository\com\aventstack\extentreports\5.1.0\extentreports-5.1.0.jar;C:\Users\Parag\.m2\repository\io\reactivex\rxjava3\rxjava\3.1.6\rxjava-3.1.6.jar;C:\Users\Parag\.m2\repository\org\reactivestreams\reactive-streams\1.0.4\reactive-streams-1.0.4.jar;C:\Users\Parag\.m2\repository\org\freemarker\freemarker\2.3.32\freemarker-2.3.32.jar;C:\Users\Parag\.m2\repository\org\projectlombok\lombok\1.18.26\lombok-1.18.26.jar;C:\Users\Parag\.m2\repository\org\apache\logging\log4j\log4j-api\2.20.0\log4j-api-2.20.0.jar;C:\Users\Parag\.m2\repository\org\apache\logging\log4j\log4j-core\2.20.0\log4j-core-2.20.0.jar;"/>
    <property name="sun.cpu.endian" value="little"/>
    <property name="user.home" value="C:\Users\Parag"/>
    <property name="user.language" value="en"/>
    <property name="java.specification.vendor" value="Oracle Corporation"/>
    <property name="java.version.date" value="2023-07-18"/>
    <property name="java.home" value="C:\Program Files\Java\jdk-20"/>
    <property name="file.separator" value="\"/>
    <property name="basedir" value="C:\E\workspaces\workSpace_RestAssured_P1\restApi_November"/>
    <property name="java.vm.compressedOopsMode" value="32-bit"/>
    <property name="line.separator" value="&#10;"/>
    <property name="java.vm.specification.vendor" value="Oracle Corporation"/>
    <property name="java.specification.name" value="Java Platform API Specification"/>
    <property name="surefire.real.class.path" value="C:\Users\Parag\AppData\Local\Temp\surefire9302873173952655005\surefirebooter-20231217221209127_3.jar"/>
    <property name="user.script" value=""/>
    <property name="sun.management.compiler" value="HotSpot 64-Bit Tiered Compilers"/>
    <property name="java.runtime.version" value="20.0.2+9-78"/>
    <property name="user.name" value="Parag"/>
    <property name="stdout.encoding" value="Cp1252"/>
    <property name="path.separator" value=";"/>
    <property name="os.version" value="10.0"/>
    <property name="java.runtime.name" value="Java(TM) SE Runtime Environment"/>
    <property name="file.encoding" value="UTF-8"/>
    <property name="java.vm.name" value="Java HotSpot(TM) 64-Bit Server VM"/>
    <property name="localRepository" value="C:\Users\Parag\.m2\repository"/>
    <property name="java.vendor.url.bug" value="https://bugreport.java.com/bugreport/"/>
    <property name="java.io.tmpdir" value="C:\Users\Parag\AppData\Local\Temp\"/>
    <property name="java.version" value="20.0.2"/>
    <property name="user.dir" value="C:\E\workspaces\workSpace_RestAssured_P1\restApi_November"/>
    <property name="os.arch" value="amd64"/>
    <property name="java.vm.specification.name" value="Java Virtual Machine Specification"/>
    <property name="sun.os.patch.level" value=""/>
    <property name="native.encoding" value="Cp1252"/>
    <property name="java.library.path" value="C:\Program Files\Java\jdk-20\bin;C:\WINDOWS\Sun\Java\bin;C:\WINDOWS\system32;C:\WINDOWS;C:\Users\Parag\bin;C:\Program Files\Git\mingw64\bin;C:\Program Files\Git\usr\local\bin;C:\Program Files\Git\usr\bin;C:\Program Files\Git\usr\bin;C:\Program Files\Git\mingw64\bin;C:\Program Files\Git\usr\bin;C:\Users\Parag\bin;C:\Program Files\Common Files\Oracle\Java\javapath;C:\windows\system32;C:\windows;C:\windows\System32\Wbem;C:\windows\System32\WindowsPowerShell\v1.0;C:\windows\System32\OpenSSH;C:\Program Files (x86)\NVIDIA Corporation\PhysX\Common;C:\WINDOWS\system32;C:\WINDOWS;C:\WINDOWS\System32\Wbem;C:\WINDOWS\System32\WindowsPowerShell\v1.0;C:\WINDOWS\System32\OpenSSH;C:\Program Files\Java\jdk-20\bin;C:\E\Apache_Maven\apache-maven-3.9.4\bin;C:\Program Files\Microsoft SQL Server\120\DTS\Binn;C:\Program Files\Microsoft SQL Server\Client SDK\ODBC\110\Tools\Binn;C:\Program Files (x86)\Microsoft SQL Server\120\Tools\Binn;C:\Program Files\Microsoft SQL Server\120\Tools\Binn;C:\Program Files (x86)\Microsoft SQL Server\120\Tools\Binn\ManagementStudio;C:\Program Files (x86)\Microsoft SQL Server\120\DTS\Binn;C:\Program Files\nodejs;C:\ProgramData\chocolatey\bin;C:\Program Files\nodejs\node_modules;C:\Users\Parag\AppData\Roaming\npm\node_modules\newman\bin\newman.js;C:\Program Files\Git\usr\bin;C:\Users\Parag\AppData\Roaming\npm;C:\E\Apache_Maven\apache-maven-3.9.4\bin;C:\E\Apache_Maven\apache-maven-3.9.4;C:\E\Apache_Maven\apache-maven-3.9.4;C:\Program Files\Java\jdk-20;C:\Program Files\Git\usr\bin\git.exe;C:\Users\Parag\AppData\Local\Microsoft\WindowsApps;C:\Program Files\Java\jdk-20\bin;C:\E\Apache_Maven\apache-maven-3.9.4\bin;C:\Users\Parag\AppData\Local\Programs\Microsoft VS Code\bin;C:\Users\Parag\AppData\Roaming\npm\node_modules\newman\bin\newman.js;C:\Program Files\Git\usr\bin\vendor_perl;C:\Program Files\Git\usr\bin\core_perl;."/>
    <property name="java.vm.info" value="mixed mode, sharing"/>
    <property name="stderr.encoding" value="Cp1252"/>
    <property name="java.vendor" value="Oracle Corporation"/>
    <property name="java.vm.version" value="20.0.2+9-78"/>
    <property name="sun.io.unicode.encoding" value="UnicodeLittle"/>
    <property name="java.class.version" value="64.0"/>
  </properties>
  <testcase name="test_createBook" classname="api.test.BookTest" time="3.166">
    <system-out><![CDATA[Random Number in Range: 484
HTTP/1.1 200 OK
Content-Type: application/json; charset=utf-8; v=1.0
Date: Sun, 17 Dec 2023 16:42:12 GMT
Server: Kestrel
Transfer-Encoding: chunked
api-supported-versions: 1.0

{
    "id": 484,
    "title": "Fonda",
    "description": "Gottlieb",
    "pageCount": 408,
    "excerpt": "evan.mueller@hotmail.com",
    "publishDate": "2025-10-05T15:02:46.6465312+00:00"
}
484
<-----------All Assertion passed----->
]]></system-out>
    <system-err><![CDATA[SLF4J: No SLF4J providers were found.
SLF4J: Defaulting to no-operation (NOP) logger implementation
SLF4J: See https://www.slf4j.org/codes.html#noProviders for further details.
]]></system-err>
  </testcase>
  <testcase name="test_getAllBooks" classname="api.test.BookTest" time="9.014">
    <system-out><![CDATA[HTTP/1.1 200 OK
Content-Type: application/json; charset=utf-8; v=1.0
Date: Sun, 17 Dec 2023 16:42:13 GMT
Server: Kestrel
Transfer-Encoding: chunked
api-supported-versions: 1.0

[
    {
        "id": 1,
        "title": "Book 1",
        "description": "Diam consectetuer illum duo nostrud facilisi magna. Qui tempor at eos enim magna nostrud duis vel lorem ut dolore eum ea diam nulla eos consetetur. Labore sea magna ipsum lorem et eu dignissim et magna aliquyam sed est sadipscing. Sadipscing ut esse nostrud et no ut nonumy sit magna accusam nonumy. Justo tempor est. Et sed dolor. Aliquyam nonumy at. Invidunt autem stet ea liber dolor aliquyam. Et et sanctus sit consectetuer. Accusam dolor ipsum invidunt esse facilisis consetetur ad ea sanctus diam ut kasd vel erat iriure stet. Nostrud illum ipsum justo amet. Dolore consequat diam labore aliquip duo labore no illum voluptua accusam. Et consetetur lorem aliquyam nulla tempor magna ullamcorper. Dolore elit ut sea tempor elitr no aliquip stet sit ut ea kasd lorem delenit. In stet dolor ex dolor odio dolore clita diam vel justo.\n",
        "pageCount": 100,
        "excerpt": "Nonumy eu velit takimata tempor at eirmod nulla at dolore gubergren erat nonumy wisi no. Eirmod kasd diam diam lorem dolor vero dolores dolor tempor amet no lorem eu ipsum eos dolor. Ullamcorper dolores duis facilisis mazim consetetur tation magna diam magna diam euismod erat. Feugiat at justo eos.\nNam clita est accusam lobortis amet euismod aliquyam. Feugait nulla suscipit gubergren dolor gubergren sadipscing suscipit dolore eirmod erat nihil vero sit gubergren. Sit sea dolor sanctus feugiat feugiat rebum no option justo eos. Tincidunt et et eleifend feugiat diam. Esse magna veniam dolore sadipscing magna dolore elitr lorem. Nonumy sed vel amet in no elitr nonummy dolor. Lorem esse iriure et erat. No ut exerci clita ipsum et ea takimata nulla. Ad eros lorem iusto sadipscing vel sea consetetur. Et esse et labore stet labore justo consetetur adipiscing clita lorem accusam.\nUt sadipscing duo ipsum elitr tempor et sit sed tempor et veniam zzril eros rebum consectetuer autem. Invidunt duo takimata et dolor sit te diam diam. Minim augue feugait commodo erat facilisi aliquyam aliquyam at gubergren dolor vero nonumy lorem voluptua veniam sit stet. Sanctus minim lorem delenit sed justo aliquip aliquyam sadipscing amet dolores hendrerit magna. Amet volutpat et minim sadipscing aliquyam sea clita. Et ea elitr. Vel ipsum nonumy dolore nonumy takimata et sit at minim rebum dolore nibh aliquyam. Liber labore sea ullamcorper lorem ea est justo dolore ipsum dolor sea magna ea. Ut duo amet at ipsum consetetur et dolor. Invidunt iriure gubergren in est justo voluptua autem et veniam sed amet dolores lorem odio. Iriure ut eum. Invidunt amet kasd sit in elitr enim invidunt eirmod voluptua. Ipsum accusam delenit vero clita est elit rebum elitr voluptua justo nulla luptatum ut dolor.\nAt feugiat aliquyam no sed minim voluptua justo. Suscipit ea feugiat est diam consetetur takimata magna aliquam sed stet sit no elitr clita accusam lorem. Feugiat in iriure minim sit sit dolor voluptua no. Takimata amet invidunt eirmod tempor feugiat magna veniam ex accusam. Sed clita ipsum qui et et sit. Tempor duo eirmod tempor sed iriure dolor. Dolor et nulla ipsum ipsum illum sed et diam laoreet amet. Sed gubergren kasd hendrerit et dolores blandit est. Elitr eros magna at vulputate sed ipsum eirmod sea dolor nulla at amet ut. Et duo eirmod sanctus eu dolore elitr zzril accusam. Hendrerit eros dolor praesent lorem gubergren diam. Erat eirmod tempor zzril. Elitr consetetur euismod labore et takimata vulputate vero et ullamcorper.\nSed sed vero voluptua amet amet amet kasd eros. Rebum sit velit. Ipsum amet lorem et magna sit sanctus accusam diam ut amet dolor ipsum at ipsum no. Dolores ad ipsum diam dolore odio et. Tempor ipsum ipsum invidunt sadipscing stet diam no labore eos sed vero labore dolor aliquyam stet diam. Diam voluptua feugiat sit eirmod vel ut elitr dolor aliquip vulputate sit accusam erat labore. Minim justo dolore ut. Velit lorem labore nam labore eos labore takimata eos at cum stet.\n",
        "publishDate": "2023-12-16T16:42:14.1176416+00:00"
    },
    {
        "id": 2,
        "title": "Book 2",
        "description": "Nonumy eirmod elitr consetetur diam et ut luptatum magna lobortis tempor dolore sit feugait invidunt sit. Sed sed diam amet eos diam facilisi dolor takimata dolor duo suscipit tempor eirmod commodo et eu. Diam lorem no sit amet nisl eos et consetetur justo dolore. At et sanctus nonumy at accusam.\n",
        "pageCount": 200,
        "excerpt": "Et lorem wisi velit dolore justo ut takimata eirmod qui nisl ea. Ea voluptua sit sea dolore voluptua. At sit stet nonumy et consequat diam rebum blandit eirmod nulla magna dolor duo. Eirmod qui nonumy rebum ea et ea et at. Velit ipsum te. No kasd consetetur amet rebum amet luptatum ipsum. Dolore ea elitr diam diam wisi eirmod justo volutpat facilisis. Lorem sit eos sit sanctus nostrud vel dolores duis eos lorem. Ex dolore no facilisis accusam invidunt et ex diam lorem diam. Dolor sanctus kasd at eirmod invidunt tation duo tempor diam diam. Velit sadipscing dolores invidunt diam amet sanctus takimata dolor lorem. Takimata ea sadipscing consequat lorem molestie aliquyam. Et takimata dolor est est lorem esse duo tation. Velit clita sea tation sit amet diam dolor in kasd. Commodo luptatum no elitr ea aliquip feugiat takimata ut ullamcorper nisl vero nulla sadipscing. Nonumy nam magna sed dolores minim magna voluptua gubergren sadipscing ea ea et tincidunt sea invidunt. Sit lorem ex vulputate voluptua sanctus accusam clita. Kasd at at et eirmod veniam ad tempor commodo accusam et ipsum voluptua diam.\nEirmod amet dolore et. Nobis diam volutpat clita tempor et sea soluta dolor sed sed stet takimata justo nonumy. Diam eirmod ut est et diam. Ea lorem duis nobis accusam praesent consetetur clita lorem sadipscing et erat lorem et accusam ipsum eirmod. Nisl consequat exerci erat velit justo diam sed eirmod est nonummy rebum delenit elitr euismod nonumy accusam. Sed rebum tempor sit lorem et duo dignissim tempor. Nostrud ipsum facilisi labore magna illum autem consetetur. Ut lorem eum velit consetetur augue nisl ad elitr consequat diam. No nobis nihil sea aliquam dolor commodo kasd. Sed et magna ipsum duo et augue. Rebum aliquyam minim magna enim ut consetetur. At consetetur voluptua dolore et facilisis elitr kasd et amet dolor. Nulla dolor et sit consectetuer autem vero erat stet odio at sanctus sea et autem ut labore. Consetetur feugiat lorem dolor vel sea aliquyam facilisis kasd lorem. Accusam dolore blandit at tempor lorem. Dolore wisi luptatum feugiat erat ipsum lorem accusam ex amet eos ipsum sed et te.\nEt vero stet euismod takimata vel duo sanctus accusam luptatum elitr nonumy in aliquyam. Dolores accusam et duo sed stet et suscipit accumsan eos lorem erat placerat. Takimata eirmod consetetur labore dolor gubergren iriure diam consequat laoreet erat stet consetetur no sit sit et rebum. Labore magna facilisis elitr sed sed sadipscing facilisis diam takimata ut lorem. Sit sadipscing clita sed dolor liber consetetur accusam. Diam illum sadipscing nonumy sed sit clita eirmod dolor. Et diam iusto. Et erat nisl clita et magna at. Dolor dolore elitr dolor sit dolor odio. Autem accusam amet diam nisl. Dolore dolor erat tincidunt invidunt. Augue veniam imperdiet sed tincidunt nibh sanctus duo ad sadipscing eos diam ipsum gubergren dolores ipsum eu tation. Ea volutpat amet enim suscipit rebum volutpat magna elitr facilisis.\nVeniam nostrud at nonumy in vero aliquyam clita in ex est lorem dolor magna voluptua tempor. Eum consetetur accusam lorem eirmod accusam nobis enim dolor elitr lorem takimata et ea. Clita consetetur sadipscing duis kasd et eros nulla. Autem sadipscing kasd clita feugait clita ut lorem dolore. Erat consectetuer elit nonummy. Facilisi vero hendrerit in et no sanctus dolor. Luptatum iriure sea est vel sed justo dolores ea ut nonumy amet gubergren. No invidunt duo nonummy doming elitr sit lorem sit dolore dolor est. Eleifend ipsum dolor.\nDelenit kasd aliquyam duo molestie lorem tincidunt accusam dolore. Dolore erat takimata feugiat adipiscing lorem magna sanctus ea. Feugiat est praesent augue elitr diam vulputate sea labore. Justo sit amet no ea dolore no. Amet amet sanctus. No labore aliquip labore at ipsum sadipscing ea justo sed eu esse ea. Sadipscing enim voluptua doming et ad dolore voluptua. Et et veniam et stet amet sed takimata eleifend. Lorem dolor consequat aliquyam ipsum vel amet illum aliquip lorem diam qui. Ea diam nonumy gubergren ea laoreet eu exerci iriure dolore aliquam erat nonumy. Accusam eu sed. Ut et consetetur clita ad sed. Eos at sit et dolor takimata ullamcorper blandit veniam sit tempor eos. Voluptua ipsum labore lorem facilisis ipsum.\n",
        "publishDate": "2023-12-15T16:42:14.1177408+00:00"
    },
    {
        "id": 3,
        "title": "Book 3",
        "description": "Consequat accusam at est. In sadipscing lorem dolor lorem sit elit eirmod sed augue ex facilisis aliquyam quod rebum. Diam ipsum ad liber facilisi est zzril.\n",
        "pageCount": 300,
        "excerpt": "Aliquip lorem rebum laoreet suscipit est laoreet diam lorem luptatum rebum ea ea. Magna clita amet molestie vulputate ipsum consequat et ipsum amet invidunt liber lorem. Blandit dolore est kasd nonumy laoreet magna dolor et esse dolor feugait diam option aliquyam voluptua. Amet illum sadipscing adipiscing sadipscing vero et gubergren stet. Duo quod enim dolore. Illum justo tempor consetetur sit ipsum voluptua velit et labore dolor erat et sit voluptua ipsum ipsum at. Erat at diam amet at stet labore sit voluptua duis ipsum dolore dignissim lorem. Vero aliquam voluptua invidunt zzril wisi takimata nulla est vel aliquyam et esse stet ut elitr. Magna stet duis. Hendrerit dignissim dolor. Kasd invidunt sit nonumy vulputate magna tation aliquyam dolores et sit exerci sit. Invidunt ipsum sit est diam consetetur zzril eum est eirmod sanctus hendrerit lorem sea volutpat eirmod amet ipsum lorem. Ipsum nibh takimata blandit dolores amet aliquyam invidunt odio sed duo.\nDolores gubergren invidunt doming dolor adipiscing nibh ea. Feugiat nonummy et ipsum laoreet tempor augue erat vulputate vel elitr eros gubergren elitr diam sed. Eos sanctus eu diam rebum et at sanctus eirmod ipsum dolore tation congue possim diam eros esse stet. Magna duo feugait dolor takimata elitr blandit dolor. Et in ut autem stet delenit et accusam lorem sadipscing dolores amet hendrerit sadipscing dolor sanctus zzril ipsum sadipscing. Enim sit facer erat ipsum clita lorem dolore lorem et ipsum no duo et labore magna clita aliquip. Lorem dolore at diam nonumy dolor. Dolor te eos amet elitr vulputate nibh vero ad et dolor takimata magna. Feugiat nostrud dolores eos amet odio sadipscing consetetur. Suscipit sed gubergren vero sadipscing dolor diam at amet dolore ipsum dolor euismod. Sea aliquyam sadipscing esse amet ipsum clita aliquyam sanctus sea clita nonumy. Takimata no labore vel vero duo justo dolore consequat magna labore eirmod gubergren eos. Diam vero et et amet sit no duo ipsum ipsum eos diam sed et. Dolore rebum eirmod sanctus dolore magna sea nisl feugait et quis eos.\nSea vero ut option erat eos magna voluptua diam esse sed luptatum diam dolore. Vero erat lobortis kasd et sed et autem lorem. Elitr congue tempor eos duo takimata diam justo duo consetetur sadipscing consequat sed clita dolor in duis. Labore adipiscing illum sed erat clita vel est ipsum stet invidunt est. Sed eu elitr ut at facilisis invidunt. Rebum rebum duis et aliquam invidunt duis tempor iriure sea feugait. Aliquip sea eirmod placerat. Et sed et sed sanctus ea delenit stet dolor rebum feugiat duo lorem sed. Consetetur eos lorem est tempor takimata lorem. Nonumy qui elitr est zzril vero. Amet clita amet sed velit laoreet magna labore takimata dolor et sadipscing dolore et feugiat ipsum et erat. Nisl diam takimata.\nVero consequat et labore ullamcorper magna kasd lorem diam. At tempor blandit at tation nonumy aliquyam nonumy sit no lorem ea nostrud. Elitr et lorem.\nUt lorem rebum aliquyam aliquyam lorem elitr sanctus dolor. Vero dolor labore nisl elitr amet stet justo sit dolor in. Sea quis eos ea gubergren eirmod eu ullamcorper nulla magna tempor ut. Justo consequat takimata eirmod facer ea labore et rebum et dolor ut. Ad sadipscing aliquyam vel praesent nobis est sea imperdiet dolor. Ipsum eum ipsum iriure sanctus amet illum delenit dolore aliquyam et facilisis. Ea gubergren voluptua dolor consetetur minim at aliquip erat lorem at ipsum nulla kasd. Lorem sed enim elitr nonummy qui diam ipsum. Ullamcorper kasd delenit et in tempor ex gubergren eos facilisi magna eos at aliquyam elit ut. Est et consetetur sit gubergren et eirmod duis eu nonumy amet ea. Molestie eros augue dolor. Et dolor blandit accumsan at lorem adipiscing eirmod eirmod erat vero sed eirmod magna sea invidunt veniam. Lorem et dolor. In eos eirmod elit dolores nonumy labore et diam gubergren nonummy sea duo tempor kasd magna clita. Duo est invidunt no at consequat nonumy praesent sed diam takimata sanctus feugait eleifend et ipsum takimata. Gubergren hendrerit dolore invidunt lorem duo accumsan rebum ea. Ut eirmod vero consequat sea sea et placerat eirmod dolore lorem ad gubergren labore lorem sit. Molestie labore diam et invidunt. Labore est est.\n",
        "publishDate": "2023-12-14T16:42:14.1178356+00:00"
    },
    {
        "id": 4,
        "title": "Book 4",
        "description": "Dolor duo ut kasd ea sed invidunt ipsum at hendrerit eu sit volutpat justo ea takimata imperdiet in. Eu ipsum dolor sanctus ut. At no dolore elitr sed tincidunt ipsum nonummy labore possim rebum vel tempor. Clita ea ut aliquyam nonumy sit amet eu rebum accusam ipsum erat stet at. Sit amet stet gubergren diam vero nonumy velit nibh dolores ea nulla. Consectetuer vel aliquam veniam feugait facilisis consequat blandit dolor est amet takimata rebum clita nibh no lorem. Minim nonummy amet et ipsum commodo invidunt et sanctus vero takimata possim. Invidunt diam erat sit dolor qui sed stet liber liber duis lorem sit stet et dolore. Amet ipsum sadipscing delenit et amet eirmod option takimata duo accumsan ea rebum commodo nulla tempor feugait. Duo lobortis ea consetetur velit no vero kasd at assum. Dolor dolor consequat iriure dolores erat. Sit ex sanctus aliquyam in. Vero praesent odio sed sed takimata ipsum kasd lobortis tempor lorem dolor aliquyam. Suscipit duo sea vero at justo illum eos ea elitr voluptua ipsum et luptatum aliquyam gubergren assum clita rebum. Dolor eos molestie imperdiet sit duo ea duo sed. Erat sit accusam sed tempor at elitr dolore enim et feugiat et lorem dolore. Consetetur odio volutpat aliquyam amet lorem elitr eirmod iriure consequat consequat magna clita suscipit takimata amet et sea rebum.\n",
        "pageCount": 400,
        "excerpt": "Voluptua elitr aliquyam stet dolores iusto dolores elitr. Nonumy lobortis et. Diam erat eu tempor facilisis esse accusam sit consetetur quis.\nRebum amet iusto et magna nonumy aliquam ut lorem labore. Et euismod feugiat sed at sed suscipit consetetur dolore velit invidunt. Autem esse sed clita dolor sadipscing labore et augue kasd iusto odio amet iriure et takimata dolores. No diam consetetur dolore elitr tempor. Sea eum vero dignissim justo vulputate at erat labore sit liber lorem te sed vero. Duo ut enim et sanctus luptatum ipsum magna aliquip sed dolores. Clita duo quis. Aliquam sadipscing nonumy aliquyam erat rebum consetetur sadipscing dolor eum sed labore duo lorem sed possim ipsum. Elitr sit sed est stet hendrerit dolores lorem.\nIpsum amet dolores lorem luptatum kasd ut soluta eirmod consetetur sed tempor in accusam. Dolore ut ea invidunt ipsum dignissim iriure doming elitr voluptua eu amet rebum augue ea stet at amet invidunt. Ipsum voluptua clita dolores et ut eirmod dolor sea congue eirmod sanctus in erat magna justo ipsum. Est odio elitr ea no ut amet. Aliquyam lorem takimata magna adipiscing dolore lorem et accusam sanctus exerci dolore dolor quis magna kasd tempor in. Te nulla et ad sit euismod iusto in labore autem. Praesent takimata et kasd rebum labore. Facilisis stet exerci ut eros no voluptua at accusam diam. Ipsum aliquyam ipsum et et takimata eirmod et eos eu labore sed accusam ipsum sit lorem takimata diam. Ipsum eirmod dolor ea euismod aliquyam consetetur no dolores euismod in et facilisi sit ea. Dolores aliquip soluta sed ut elitr elitr clita dolores est. Placerat elit no et. Eirmod nonumy ipsum diam takimata et vulputate invidunt et. Stet dolor option nulla. Eum vulputate kasd molestie volutpat lorem dolor. Amet sed invidunt duis tincidunt consetetur et erat hendrerit. Est dolore dolore consequat lorem molestie amet dolores et justo hendrerit accusam consetetur magna. At ut dolores et at aliquam autem diam ut feugait est.\nStet sed wisi accusam diam duis doming diam aliquyam lorem tempor takimata vel sit. Nihil dolor vero sit eirmod sed amet dignissim tempor nulla dolores minim. Diam volutpat lorem et et et tempor et adipiscing nisl dolore sit volutpat amet vel. Zzril clita sed sanctus gubergren exerci tempor ut gubergren dolore gubergren rebum lorem ea exerci exerci sit aliquyam. Illum erat est elitr amet rebum dolore clita at illum consetetur tempor possim et. Nonumy enim vulputate consetetur aliquyam et aliquyam justo vero. Sea et et dignissim consetetur lorem suscipit ea diam stet feugiat veniam esse. Elitr erat rebum sed nonumy ea enim.\nAt at dolor tempor dignissim no rebum dolor sed aliquyam voluptua labore et amet sed. Adipiscing tation accusam amet dolore rebum consequat at vero dolor ut ipsum dolor aliquyam no sit. Stet sit duis dolor stet labore sanctus. Nibh hendrerit elit. Luptatum volutpat labore ut dolor laoreet nibh in. Sed gubergren eum est stet erat velit clita lorem erat et at sit. Ea rebum dolores aliquam iusto rebum vero magna sadipscing. Magna at cum. Congue lorem diam nobis sadipscing sit lorem invidunt. Dolore lorem labore duo eu.\n",
        "publishDate": "2023-12-13T16:42:14.117948+00:00"
    },
    {
        "id": 5,
        "title": "Book 5",
        "description": "Suscipit assum accusam et et accumsan duis sanctus ipsum euismod dolore et dolor nibh vero sanctus rebum eirmod. Autem sanctus aliquyam dolore amet dolore. Rebum sanctus et eirmod vel te consequat eirmod tempor tincidunt est elit magna nonumy justo labore autem consectetuer invidunt. Blandit sanctus lorem eros justo aliquyam et duo est. Nisl diam nisl in no no et zzril dolor vulputate ea tempor invidunt ea. Amet takimata vero et et laoreet duo no illum feugiat no tempor in ipsum commodo hendrerit et. Eos accusam consetetur sed diam magna rebum ipsum lorem illum ad dolores et. Et feugait et et no nulla. Nostrud labore duo et erat sit. Kasd clita magna stet ea no clita consetetur no. Duo consetetur hendrerit sea hendrerit illum rebum duo stet sanctus dolore ut praesent euismod et tempor. Et dolore voluptua sanctus elitr aliquyam vero ipsum invidunt lorem. Dolor tation gubergren clita eleifend magna est rebum lorem. Invidunt assum esse. Ut consetetur feugait diam stet.\n",
        "pageCount": 500,
        "excerpt": "Amet eirmod dolore. Et labore at rebum duo est est ipsum stet et. Veniam justo ut consequat velit duo et blandit sadipscing. Eirmod sit hendrerit invidunt et voluptua hendrerit dolore ut takimata vero consetetur ea erat autem nulla. Invidunt accusam dolore sed vero velit facilisis lorem diam hendrerit vero dolor stet clita zzril iusto et consetetur. Nobis erat qui erat ipsum minim erat sea lorem et labore labore ipsum gubergren duo dolore ipsum sanctus nonumy. Sit stet odio sadipscing dolor aliquyam invidunt lobortis sit eum suscipit invidunt dolore zzril stet. Duo at et vel sit zzril magna sed ullamcorper suscipit eos eirmod consetetur amet dolores. Amet delenit aliquip possim sea at autem sit dolor in stet sanctus.\nSed nonumy sit. Sanctus eos sed augue dolor magna magna sadipscing sanctus. Takimata lorem ad erat sea diam te gubergren.\nRebum tempor aliquyam praesent zzril at soluta takimata stet. Rebum vel sed elit nonumy rebum sit feugiat stet nonumy et. Lorem et consetetur nonummy voluptua et autem eirmod sanctus ut consetetur diam duo ut elitr. Stet sed dolor placerat erat ipsum lorem voluptua sea dolore. Erat voluptua consetetur sit diam et ipsum. Ea dolor justo ipsum justo quis at. Amet ut dolor stet ipsum tempor facilisi duo invidunt dolore et justo ipsum esse eirmod et sadipscing facilisis. Stet dolore labore eirmod accusam. Aliquyam sed et consetetur vel diam dolore est eum et delenit. Et aliquam hendrerit diam voluptua kasd nostrud praesent nihil ut vel nisl rebum est. In stet nostrud takimata. Illum te sanctus gubergren in. Ullamcorper elit ut enim no kasd elitr et eos ipsum sed te vel quis gubergren iusto et clita lorem. Lorem sadipscing labore no elitr est dolor eros sea. Dolore enim lorem ipsum invidunt erat praesent et at et clita dolor eos sed. Diam eos ea euismod no esse euismod euismod dolor in no. Te erat aliquam duo minim no erat. Feugiat gubergren sed.\nEst diam eirmod labore tincidunt dolor consetetur sadipscing consetetur tincidunt magna magna et lorem dolore eirmod. Sit sed gubergren. Et erat accusam dolor rebum iusto nisl et invidunt facilisis voluptua amet commodo lorem delenit. Iriure dolor at justo accusam ea ipsum et tempor. No nonumy et in rebum eirmod sed et et. Vel aliquip gubergren elit gubergren suscipit no lorem et tempor. Sit voluptua enim kasd enim dolor suscipit voluptua takimata dolore. No aliquyam erat rebum et delenit duis accusam dolores adipiscing odio justo takimata diam tempor amet no. Sanctus lorem et sit magna no stet diam erat magna esse lorem nulla voluptua erat hendrerit. No et sit justo no lobortis labore et et sea takimata exerci et rebum sea delenit. Sit lorem voluptua takimata duis duo duo et velit magna lorem ipsum et nonummy et dolor eum. Nulla rebum sea. Augue qui no no est nonumy erat hendrerit. Sed eirmod stet at ipsum rebum. Enim dolore diam. Sed vero aliquyam in amet at labore et accumsan dolor duis amet tempor exerci tempor.\nIn stet stet. Feugait feugiat voluptua feugait nonummy accusam et et voluptua feugiat ipsum invidunt sit ipsum in. Vero no diam lobortis sanctus dolor sed magna. Sadipscing ut dolore. At velit et ea dolor justo veniam ipsum aliquyam facer takimata gubergren sit rebum rebum ipsum stet erat. Ea consequat accusam magna invidunt tempor magna mazim. Amet odio dolores lorem ipsum ipsum sit dolor erat et consectetuer nulla erat odio. Eirmod et consetetur sanctus. Magna labore voluptua nulla eros duis dolor lorem takimata labore et velit doming. Sea sed nonumy dolore stet ipsum stet sadipscing sit sed et amet invidunt aliquyam sanctus clita. Dolore voluptua accusam eos amet. Vero euismod ut euismod dolor vel consetetur sit dolor et est. Dolore lorem ad eos ipsum sea accusam dolore ut at. Kasd clita quis enim justo nonumy.\n",
        "publishDate": "2023-12-12T16:42:14.1180493+00:00"
    },
    {
        "id": 6,
        "title": "Book 6",
        "description": "Sit vel dolore eum sadipscing kasd sit et imperdiet tempor diam molestie eros. Esse nostrud rebum et ut nonumy vel sit aliquyam clita blandit stet sadipscing. Liber dolor et amet et erat esse magna dolores dolore nonumy et diam placerat consetetur eirmod consetetur eirmod. Sit diam dolor ut invidunt est at vero sit commodo in consetetur erat justo et et sed dolor. Lorem sit eros ex kasd hendrerit diam delenit. Diam dolore et ut delenit no dolor invidunt et dolores diam takimata sea. Assum rebum dolor eros gubergren dolor et sit et tempor congue labore sea lorem elitr invidunt. Nonummy vero tation tempor consetetur kasd lorem ipsum accusam lorem rebum. Sanctus facilisis facilisi sit te et hendrerit consectetuer sit volutpat. Takimata sed nulla in tempor aliquyam. Sadipscing sed consequat quod stet consequat et dolore consetetur. Sadipscing sanctus magna magna minim. Eirmod elitr diam nonumy vel ipsum ipsum eos. Gubergren nostrud duo no ut et duis duo tempor vel clita invidunt blandit eu. Stet diam sed commodo.\n",
        "pageCount": 600,
        "excerpt": "Sadipscing eleifend no justo consequat. Delenit elitr ipsum consetetur vero eos invidunt ipsum eirmod lorem elitr sadipscing ea consetetur consetetur. Praesent sadipscing dolor et eum ut diam tempor accusam invidunt labore justo dolores stet et invidunt amet dolor. Dolor sit ex amet ut aliquip erat dolores vel lobortis qui amet amet imperdiet et dolore. Et consequat ipsum sed kasd praesent vero velit dolor et volutpat voluptua ullamcorper voluptua consetetur aliquyam at elit amet. Dolore ipsum molestie. Dolores rebum sit dolores erat nulla eos nulla aliquyam ipsum. Dolores takimata suscipit stet labore nibh nam diam. Sadipscing elitr et dolore vel dolore clita clita. Justo est eos rebum vero stet ipsum volutpat lobortis diam eirmod sadipscing consetetur eum eos nam voluptua illum ut.\nIpsum amet eirmod sit et. Takimata dolor sed invidunt justo kasd sanctus kasd dolore dolore lorem wisi erat kasd dolore et amet labore sea. Et ipsum tation. Amet ut nibh ipsum amet consetetur labore clita. Nonumy amet minim dolore et. Dolore accusam ut et amet sed stet sanctus sadipscing nobis. Consetetur lorem consetetur accusam facilisis sea voluptua sea ut tempor ut lorem amet assum ut elitr. Diam wisi ut diam magna. At erat dolor ut minim sea eirmod. Consectetuer qui ipsum amet labore dolores esse. Erat hendrerit suscipit ut dolor ipsum ipsum no. Diam lorem et lorem consequat sit no vel clita ipsum sea justo labore sed magna dolor. Et wisi no dolor nulla vero aliquyam ea. Et option sit et autem.\nIpsum clita sed et lorem invidunt magna diam ipsum eos elit tempor placerat ipsum no. Eirmod exerci feugiat dolores option aliquip at. Tempor sit ex nulla nulla et tempor takimata. Et magna duo sit at elitr ut amet lorem consequat labore. Lorem hendrerit diam sed eos exerci duo duo. Dignissim dignissim dolore lobortis vel ipsum. Sea dolor consequat tempor sed kasd et et hendrerit nonumy clita amet quod. Dolores rebum feugait duo aliquip.\nTation aliquip clita velit vulputate iusto stet erat duo labore. Consetetur nisl tempor rebum ut ad duis et labore duo ea illum doming dolor iriure. Lorem iusto vero velit. Odio invidunt et ea dolor sit dolor nonumy iriure at elitr est aliquam voluptua diam invidunt tempor. Sed dolor at in. No invidunt ut illum kasd ut tincidunt tation consetetur feugiat sed. Enim vel dolore magna aliquyam eu eirmod ut vero takimata erat et zzril ipsum sit. Elitr sit ut sea stet no kasd sed diam dolor justo eirmod dolores diam ipsum. Consectetuer ipsum sed ut eirmod eu dolor ex accusam et eos sit sea ad justo stet illum consetetur. Ipsum adipiscing dolore kasd elitr vero eirmod diam. Facilisis lorem accusam labore elitr est sea.\nEa erat consetetur lorem eleifend tempor vero invidunt feugait laoreet vero et takimata nisl placerat feugait aliquam dolore sit. Lorem clita et ut dolor. Accusam aliquyam eirmod vero. Sanctus et sit justo wisi et option aliquyam erat dolores takimata eu adipiscing lorem feugiat et. Autem quod et erat takimata dolor stet lorem augue facilisi ea. Et diam ipsum dolore clita ex diam est. Diam nonumy et nulla eos nonumy elitr ipsum ea. Accusam dolores at kasd rebum et eos lorem ut eirmod ea. Clita labore diam aliquyam vel sadipscing.\n",
        "publishDate": "2023-12-11T16:42:14.1181402+00:00"
    },
    {
        "id": 7,
        "title": "Book 7",
        "description": "Aliquam lorem soluta magna odio lorem ipsum praesent labore eos et at dolore. Dolor vel nulla amet et clita dolor suscipit est sit qui sadipscing sed invidunt et sadipscing ex lorem. Sit magna accusam eu quod id. Dolores vero ipsum diam dolores nulla tempor sanctus tation consetetur velit lorem gubergren assum dolor ea amet dolore erat. Consetetur et et sed qui et tincidunt dolor at velit clita. Sanctus eos amet eos sed amet eirmod kasd magna lobortis ipsum vel labore duo diam consetetur lorem dolores at. Dolor ipsum et amet amet vero praesent sit magna takimata ad dolore dolore accumsan. Invidunt mazim stet takimata sadipscing ipsum clita eos suscipit molestie sadipscing. Lorem enim consequat dolore takimata stet eleifend dolor.\n",
        "pageCount": 700,
        "excerpt": "Amet suscipit labore justo. Aliquyam sit tempor delenit ea sed invidunt ipsum ut tempor kasd dolore tempor voluptua ut sadipscing adipiscing. Cum rebum consequat et at nostrud justo amet tempor dolor rebum augue ipsum et. Lorem takimata facer invidunt eos clita est blandit facilisis stet exerci sit magna vero at aliquam zzril eirmod. Amet est laoreet diam elitr dolor iriure amet gubergren dolore suscipit et ea et. Feugiat et blandit diam exerci sed congue augue dolore.\nAd nonumy consetetur stet et congue ipsum accusam sed justo. Vel commodo exerci sit rebum amet velit est sed clita in sanctus erat sanctus dolores sadipscing vero. Sit gubergren takimata erat sed et iusto est ipsum clita kasd quod minim. At clita consetetur. Dolore stet elit lorem sed nostrud diam vel et aliquip lorem takimata tempor nonumy et. Facer elitr labore. Justo dolore magna takimata et tincidunt sadipscing gubergren et nostrud aliquyam nonummy. Congue gubergren dolore dolore ea et no ut. Stet nonumy et sed id est.\nNo dolore invidunt sed et sadipscing sea kasd vero iusto wisi. Esse elitr dolore accusam sit eirmod erat sed elitr at. Et magna gubergren eros justo eu in erat nonumy.\nEirmod et dolor et no labore. Dolor elitr dolor facilisis lorem sadipscing iusto blandit justo enim odio diam elitr eos duo. Et sed at ex nonumy facilisis aliquip hendrerit elit magna diam tempor est lorem sed quod nulla accumsan consetetur. Et gubergren exerci amet est luptatum. Vero sadipscing clita. Zzril lorem kasd voluptua justo sanctus praesent eirmod blandit aliquam ipsum lorem nostrud eum illum. Hendrerit ut clita ea esse sed volutpat eos velit vero. Duis vero ad nibh labore duo sea et labore sed et gubergren eirmod sed et. Aliquyam magna sea ipsum nonumy lorem ipsum dolor eirmod dolor minim accusam eirmod est aliquyam. Consetetur dolore diam diam invidunt elitr consequat autem eleifend. Consectetuer vel ut quod sea ipsum gubergren sit tempor elitr. At ut elitr et voluptua facilisi diam ipsum eirmod dolore eum. Est wisi ullamcorper lobortis lorem sed eirmod stet vel dolores ut. Sit vero stet justo aliquyam eum vulputate duo dolor diam.\nRebum sanctus gubergren ea duo. Stet ut nonumy sit clita. Stet sed consetetur te amet duis amet hendrerit diam lobortis amet ut sanctus ea lobortis quis sadipscing at amet. Kasd suscipit dolor sadipscing rebum dolor erat sit lorem takimata wisi sanctus clita ut dolor ut. Hendrerit dolor dolor invidunt diam hendrerit vero. Dolor sea clita eirmod ipsum te feugiat dolor magna sit eum dolor qui ea ipsum. Lorem velit aliquam sadipscing adipiscing et voluptua stet.\n",
        "publishDate": "2023-12-10T16:42:14.1350684+00:00"
    },
    {
        "id": 8,
        "title": "Book 8",
        "description": "Aliquip elitr te sed et et. Sanctus dignissim consetetur in congue amet magna tempor est magna labore vero dolore dolore sit. Dolores sed nonumy justo dolore facilisi et magna ut ea sit gubergren vel. Sed duo facilisis ipsum enim dolor cum diam aliquam magna eirmod sanctus voluptua in hendrerit. Vero tation est hendrerit sadipscing adipiscing facilisis ut. Et consectetuer augue lobortis duis lorem et et stet in adipiscing dolor labore consequat sit justo voluptua lorem amet. Sadipscing lorem option et vel no nisl. Dolor vel vero nonumy elitr voluptua dolore stet est est consequat vel et ex ad ea sadipscing accumsan hendrerit. Diam ut et sadipscing sit aliquam erat ut dolore gubergren duo sea justo dolores invidunt lorem ut kasd lorem. Suscipit aliquam stet facer et rebum enim tation ut adipiscing et voluptua et eu consectetuer autem luptatum magna in. Ipsum dolor magna enim ipsum sit duo ea. Rebum ea dolore justo vel assum consequat iusto amet eos kasd sit diam.\n",
        "pageCount": 800,
        "excerpt": "Aliquyam sed assum diam ex sed et est duo lorem gubergren sea mazim duo lorem. Commodo duo sadipscing odio ut rebum sea sanctus sed. Velit est sea duis est ut ipsum dolor molestie id sea consetetur et ipsum magna autem ea et dolore. Sea labore at lorem duo labore dolor veniam ipsum et labore dolore amet ea diam imperdiet veniam. Amet ipsum te te et nulla amet lorem ipsum. At accumsan lorem eirmod ut kasd diam esse rebum. Tincidunt accusam stet est. Erat gubergren exerci amet duo consequat. Aliquyam eum at ipsum lorem magna aliquyam. Congue autem duis nisl tempor. Et et magna labore in iusto eu odio kasd takimata nonumy diam gubergren consequat. Eos sadipscing esse erat iusto sadipscing euismod stet consequat elitr delenit dolor sit erat aliquyam takimata takimata et gubergren. Magna ea et commodo vero accusam no adipiscing ipsum stet. Et est sit voluptua odio rebum nonummy ipsum rebum gubergren et delenit aliquyam eos. Adipiscing kasd dolore et et accusam aliquam magna invidunt hendrerit accusam invidunt. Consequat ut sadipscing amet tempor gubergren consetetur et eirmod ipsum sadipscing sadipscing ipsum et sit.\nSit elitr et et facilisi eu. Accusam magna gubergren sit eos gubergren illum duis diam. Dolore facilisis et et diam et facilisis sit tempor sea nulla eos duo sit ut. Tempor sed erat aliquyam et erat lorem. At diam blandit sadipscing dolor sed tempor quod et at sadipscing ut feugait sed. Eos clita kasd magna elitr sed rebum augue gubergren dolor labore. Feugait odio magna aliquip enim nibh. Amet lorem aliquam dolore et lorem accusam ea sed sadipscing in eirmod magna elitr dolores nonumy volutpat tincidunt. Nibh labore kasd sit sadipscing erat. Lobortis euismod tempor labore iriure te no vulputate et est justo no vel kasd accusam voluptua sanctus. Blandit takimata ipsum ea sed aliquip eos. Labore sit ea. Et sed facilisi elit ad sea sed takimata justo et sanctus no no minim ea no elitr aliquip sadipscing. Est quis ullamcorper possim magna sanctus ipsum lorem volutpat ut ut rebum diam lorem autem. Ea duis dolor gubergren ipsum duo ut ipsum sit at sed autem ipsum diam labore dolor odio lorem erat. Vel dolor praesent exerci sea takimata. Ipsum tation lorem blandit te stet dolor.\nDelenit amet lorem odio voluptua sed mazim eirmod rebum aliquip duo elit feugiat ut. Labore et lorem sit ex et rebum dolore diam nulla adipiscing amet. Consetetur commodo labore dolore illum eros sit. Nonumy elitr dolore sed at commodo quod eirmod diam elitr sed. Eirmod erat lorem ea tincidunt vero consetetur justo autem sea voluptua duis sit at gubergren esse. Et amet est liber nonumy amet eum. Justo et cum dignissim rebum amet nonumy et nonummy consetetur dolor sea et no dolore dolores dolor. Delenit et clita dolore duo eirmod no. Et et invidunt nostrud ipsum ipsum consetetur est ullamcorper dolor laoreet delenit. Exerci dignissim labore consequat magna dolor ut ea. Ipsum nisl diam amet et enim ipsum invidunt lorem et eum eum magna gubergren nonumy duo amet adipiscing.\nOdio no ut lorem est sed sit vero amet tempor sed amet dignissim no voluptua delenit gubergren duis duis. Takimata aliquam lorem nostrud ipsum eos nulla iriure et eu. Nihil diam amet tation. Aliquyam duis amet erat. Ut tempor dolores at aliquyam voluptua est et iriure ut magna eirmod dolor elitr ipsum kasd dolores esse. Vel sit te dolores dolor duis eos vel stet et illum te dolor aliquip dolore erat rebum dolore esse. Sit et ad vulputate sanctus.\nVoluptua vero est nobis stet eos stet illum amet diam. Ea illum takimata invidunt labore amet. Et nonummy ullamcorper ipsum et. Eu luptatum facilisis invidunt te vero ut kasd sit ipsum vel sadipscing et ex invidunt sanctus laoreet. Aliquyam invidunt clita praesent lorem amet facilisi eirmod rebum dolore diam dolor lorem accusam justo gubergren eos ipsum sit. Accusam consetetur clita. Ipsum feugiat consetetur ipsum. Praesent et tempor sit velit feugait invidunt voluptua at duis elit stet eos sadipscing ipsum et ea lorem.\n",
        "publishDate": "2023-12-09T16:42:14.135182+00:00"
    },
    {
        "id": 9,
        "title": "Book 9",
        "description": "Praesent sed velit feugait delenit ipsum tempor vero est stet quod est quod justo sit. Ipsum et vel elit dolore. Sed justo takimata dolore volutpat ut sea justo aliquam diam vel vero aliquam diam. Dolor tempor diam laoreet clita ipsum rebum ipsum accumsan justo lorem sit consetetur et justo. Sit invidunt sed lorem eirmod ipsum et duis invidunt dolores ut voluptua ea aliquyam. Blandit in dolore vulputate no erat sea accusam. Enim dolore eleifend erat dolor eirmod ea amet justo. Velit blandit sadipscing diam erat consetetur et magna amet sit diam magna nonumy clita invidunt volutpat. Ex rebum te dolor eirmod lorem suscipit lobortis et dolor clita invidunt praesent. Dolor diam justo elit amet no sit sed sit eirmod hendrerit accusam at eos diam consetetur no. Dolore stet et liber no erat consequat lorem.\n",
        "pageCount": 900,
        "excerpt": "Facilisi sed vel stet et iriure ipsum. Ipsum odio invidunt sit eos dolores dolores facilisi sed enim sit kasd quis sed nam. At qui dolor erat erat feugait labore vel velit. Diam lorem invidunt est tempor stet sed mazim. Tincidunt hendrerit lorem nonumy zzril eirmod magna. Et justo elitr sed delenit. Sadipscing autem labore elitr eos ut dolor lorem dolores nam sed voluptua. Et eos dolore et dolore et tempor sed labore id erat accusam. Kasd accumsan amet eleifend wisi vulputate amet.\nGubergren invidunt accusam odio nam aliquyam diam at tincidunt vel lorem no lorem sed dolore. Gubergren justo diam tincidunt no amet tempor et dolore at accusam in vel. Aliquip amet sadipscing clita stet dolor rebum kasd amet takimata velit exerci dolores dolores amet dolore illum amet. Rebum sanctus erat ut consetetur sit no sit congue dolore. No volutpat nam consequat sadipscing eos ea invidunt consequat diam et amet lorem. Sit wisi labore eirmod diam lorem. At sed nam ut dolore magna ipsum. Tempor sed ea lorem dolor. Ipsum est amet eos sed duo sit no ut sed velit. Ea consetetur cum at clita no et aliquip labore dolor sit consequat kasd sea et. Dolor erat takimata amet ipsum et elit gubergren duo magna clita.\nAmet sed ea magna luptatum amet ipsum tempor. Wisi lorem sed wisi quis sadipscing est dolore clita et sit possim et sit. Consetetur dolor sed sed consetetur sea minim magna dolor eirmod nonumy dolore aliquip lorem sed sed amet.\nLorem labore dolores esse iriure vero sanctus et et iriure aliquyam diam erat takimata magna invidunt qui dolor kasd. Lorem lorem at justo nibh magna accusam justo erat dolores consequat nonumy elitr aliquyam dolor dolore vero. Ad est accusam eirmod eum takimata erat kasd kasd ea takimata duo feugait vel sit. Et est exerci ipsum aliquyam accusam cum tempor diam dolor amet sed justo lorem no consequat ullamcorper vel. Takimata clita ea tempor lorem eos minim quis vero clita kasd tempor zzril nonumy consetetur rebum elitr. Erat stet placerat qui labore dolor autem clita eirmod elitr kasd ullamcorper no diam ea. Consetetur dignissim justo dolores accusam quod option tempor erat. Aliquyam no no ipsum. Ut et eirmod sit illum nulla est nulla duo et. Esse et duo duo dolor duo sed amet iriure ut duis at labore lorem vel lorem. No duo consequat ipsum ut ut eros possim lorem adipiscing commodo sadipscing nisl. Dolor elitr eum sea voluptua exerci consetetur eos stet minim magna at accusam facer sed. Te lorem sadipscing. Duo amet vero sed consequat sea elitr ipsum aliquyam est id takimata eos sit te dolore euismod clita ullamcorper. Dolor invidunt est et dolores minim autem. Vel vulputate et ea dolore hendrerit elitr volutpat justo ea facilisis duo dolores sit clita in.\nUt no erat no no ipsum minim cum dolores et sit ipsum amet eirmod nulla accusam. Vulputate dolores elitr ut ea ipsum diam delenit. Qui molestie elitr sit takimata. Lorem tincidunt sed amet sed assum lorem facer diam ea dolore at sea ea. Aliquyam voluptua doming nonumy et at erat amet qui vero nonumy erat ipsum. Vero amet dolores facilisis dolor diam soluta sadipscing. Minim dolor et dolor. Gubergren at at aliquip duis ex. Ea eum est ut eos aliquip in nulla dolor dolor gubergren stet kasd. Ipsum et dolor quis eum nonumy autem clita aliquyam lorem wisi nonummy kasd diam consetetur. Nam nulla invidunt no diam commodo clita in at enim. Lorem luptatum ad tempor veniam dolore. Sanctus ipsum suscipit diam tempor tation ipsum lorem et in hendrerit. Consetetur dolor quis autem augue congue vero luptatum iusto eos dolore nibh velit sed ea sed. Invidunt clita lorem stet diam ut elitr. Luptatum eum consetetur gubergren. Eu hendrerit dolor ipsum vero et accumsan et amet takimata amet. Rebum luptatum et sed ut sea iriure duis elitr ea eu esse ipsum diam.\n",
        "publishDate": "2023-12-08T16:42:14.1352775+00:00"
    },
    {
        "id": 10,
        "title": "Book 10",
        "description": "Sea dolor sanctus sit sed dolore diam. Tincidunt esse ut sadipscing vel clita esse esse eirmod consequat voluptua duo vel kasd consetetur. Duis vel kasd labore gubergren dolor duo tempor velit ipsum vero ipsum dolor dolores. Praesent voluptua ut ea ut ex nisl clita et rebum facilisi dolore amet diam duo invidunt sit ipsum. Soluta vero lorem facilisi magna sadipscing. Tempor laoreet vel tempor consectetuer lorem et ipsum nonummy sadipscing eleifend exerci no ad magna dolor. Accusam diam diam. No aliquyam blandit sed lorem congue rebum esse wisi justo eirmod. Zzril sit aliquyam lorem elitr ea stet kasd ut wisi elitr cum lorem iriure eos labore sadipscing. Dignissim consetetur nonumy. Nulla et aliquyam no amet sanctus sanctus duo. Eos at aliquam nulla amet. Tempor nostrud vulputate et voluptua dolor sed ipsum lorem sea nonumy at dolore elitr. Praesent consetetur diam aliquyam eos autem ea. Ea rebum suscipit nihil at justo sed vel dolore facilisi tempor est et.\n",
        "pageCount": 1000,
        "excerpt": "Clita wisi duo invidunt. Dolor nonumy amet stet. Eirmod invidunt et et dolor eros ipsum sit no laoreet.\nEt molestie augue at vero dolor illum et ipsum accusam molestie dolores vero. Vulputate vel eirmod magna ut ea elitr lorem erat amet no ipsum nonumy. Et lorem est justo tempor placerat aliquyam praesent sanctus nulla erat diam minim velit sea consectetuer volutpat dolores. Dolores ut nonumy adipiscing labore. Liber lorem justo clita ea eirmod suscipit stet ex lorem eu dolores lorem accumsan dolore sit eirmod sed aliquyam. Sanctus dolores invidunt amet invidunt elitr elitr feugait et aliquyam adipiscing sed et ipsum odio tempor gubergren est. Takimata in rebum clita dignissim sadipscing. Sanctus consetetur kasd et dolor sed luptatum ea hendrerit eirmod clita vero voluptua amet sea. Diam tincidunt in sed duis sit.\nVero et accusam facer autem ipsum est ea dignissim praesent tempor. Elit takimata et ipsum dolore sanctus veniam volutpat rebum est aliquyam nonummy duo sit diam ullamcorper sed. Sanctus sed sed lobortis quis rebum amet kasd hendrerit sadipscing et dolor ipsum no vero no. Labore iriure sea dolor dolor soluta nisl gubergren et lorem consetetur et autem nulla lorem tempor dolor kasd. Sea erat enim duo odio enim. Enim commodo dolores aliquip et ipsum elitr dolore takimata rebum. Commodo duo facilisi liber consetetur dolor consetetur sit et diam invidunt dolores consetetur justo dolor dolor. Et molestie ut accusam accusam. Ut dolor vero ipsum. Feugait aliquyam magna consequat invidunt consequat. Eum ipsum dolore duo vero feugait. Facilisi te consectetuer illum eos dolore vero sanctus sed amet vulputate exerci lorem feugiat diam. Blandit enim lorem gubergren in ut. Erat magna vero ut. Consetetur lorem et delenit aliquyam amet ipsum magna accusam tempor esse. No ex et dolore lorem sit commodo lorem lorem magna duo. Et gubergren ad ea amet ea ipsum enim magna eos nulla elitr illum eos euismod lorem gubergren. Justo ex aliquyam duo aliquip eos justo sed justo duo at wisi amet aliquyam adipiscing aliquyam vel. Est eirmod dolore takimata labore vero vero tempor vero ad.\nEa soluta et vero amet diam sanctus ut ea sed sit et quis sit assum. Eos eleifend sed lorem dolor. Nostrud labore elit stet ad est amet dolor amet labore luptatum gubergren ut elitr iriure elitr ut. Vero at feugiat rebum eirmod nulla tincidunt et tempor elitr illum dolor tempor nibh clita lobortis. Invidunt no eu ut. Sea duo elitr sea et tempor eirmod dolor nonumy magna et dolores aliquyam odio amet duis feugiat. Lorem dolore justo lorem molestie eros sit diam magna feugiat aliquip accumsan praesent velit facilisi accumsan esse clita. Eu et eos labore sea ipsum ex voluptua. Eum takimata lorem sed sanctus. Dolor vero ea lorem ipsum luptatum hendrerit ut sea soluta quis wisi ipsum aliquyam. Sanctus invidunt assum no clita elitr eos. Kasd dolor et aliquip lorem clita accusam exerci elitr cum dolor diam dolores. Magna feugiat nonumy tempor. Autem sit dolor suscipit tempor erat no in nonumy sit amet justo dolor et no ipsum justo et et.\nInvidunt sed accusam clita sit vulputate. Aliquyam lorem gubergren justo vel no amet sit dolores delenit feugiat voluptua. Et dolore diam at elit gubergren at at takimata stet sea vulputate diam amet magna. Elitr quod sed hendrerit ad consetetur ut vero magna est sed. Clita volutpat et ipsum diam eirmod amet tempor ea doming ipsum. Consequat ut diam elitr. Erat lorem amet dolor ullamcorper no accusam sea dolores facilisi duis eu volutpat ad sanctus sit hendrerit duis. Sea diam stet dolor consetetur voluptua te eum et suscipit eirmod nonummy. Et et duo aliquip amet ipsum at diam soluta ea kasd commodo eirmod accusam erat dolore ut suscipit. Elitr dignissim nisl duis amet vel nonumy gubergren kasd rebum et ipsum sed diam eros at eos sit gubergren. Sed tempor vero sanctus et molestie elitr vero est zzril delenit consetetur dolor aliquyam justo labore eos et. Et kasd eirmod delenit augue elitr. Dolore odio elit duis magna dignissim voluptua doming delenit accusam sed. Diam stet hendrerit et lobortis magna labore lorem takimata.\n",
        "publishDate": "2023-12-07T16:42:14.1353834+00:00"
    },
    {
        "id": 11,
        "title": "Book 11",
        "description": "Sadipscing volutpat nulla doming in ipsum aliquyam in erat. Eu est diam vero diam duis sadipscing ut clita et duo vero kasd clita tempor option consetetur nisl et. Clita suscipit labore dolor diam dolore eos gubergren duo eum sadipscing congue et dolore. Diam lorem diam magna ea diam no dignissim et suscipit justo takimata sit. Voluptua sea invidunt elitr option dignissim vero et elitr sea. Tation labore adipiscing diam lorem assum at imperdiet rebum facilisis ex est eirmod duo sea ipsum amet sit. Dolores no diam dignissim sadipscing sit facilisi accusam enim stet elitr. Laoreet luptatum eos lorem liber delenit elitr gubergren dolores amet kasd ex diam te ipsum eu invidunt vulputate eos. Accusam magna sed eirmod molestie et facilisis sanctus labore dolore at amet eos accumsan at justo. Rebum et nobis sea ullamcorper quod et ipsum te hendrerit consectetuer feugiat vero et diam nulla labore ea no. Vero aliquyam sanctus eirmod duis elitr qui possim. Nulla et labore duis luptatum diam ipsum accusam amet dolore sanctus molestie duo velit accumsan. Minim no et ipsum. Nonumy et et. Elitr no et rebum sadipscing dolores diam dolore consequat. Est vel magna voluptua eirmod sea sit dolores sanctus accusam vero nulla option eu consetetur. Labore dolore sed.\n",
        "pageCount": 1100,
        "excerpt": "Lorem justo ipsum at dolor tempor at eos sanctus. Dignissim nihil ullamcorper ipsum no elit et sed possim voluptua accusam. Augue et soluta sed et invidunt sadipscing labore diam laoreet molestie vel sanctus dolor erat sit ut facer sit. Nostrud est diam kasd sadipscing dolor stet. Sit sadipscing ut ea enim et et dolor eos eos justo diam rebum sed erat. Rebum no consequat magna dignissim ea lobortis lorem kasd diam accusam lobortis clita placerat invidunt accusam voluptua eos labore. Takimata justo aliquyam dolor in eleifend erat diam odio sanctus aliquyam amet vero takimata dolor labore lorem clita. Invidunt cum volutpat est in stet commodo diam sit iusto. Et diam dolor duo eos quis sed takimata dolore lorem invidunt voluptua dolor est et odio sit clita. Justo accusam consetetur sadipscing eu nibh lorem ea exerci. Tempor eos duis vero laoreet eos nonumy sanctus in tempor ipsum aliquyam. Magna amet option vero. Lorem kasd gubergren dignissim et facilisi dolor diam diam ut stet te amet dolore nonumy. Consetetur zzril at dolor vero dolore accusam zzril labore sea. Delenit erat illum dolor dolores lorem ipsum et ipsum justo dolores sea sanctus.\nEt iriure sadipscing labore dolor accusam lorem rebum ipsum nonummy at et dolore. Lorem amet dolores at amet diam ipsum ut aliquam amet tation velit et sed diam sed at et feugiat. Amet ipsum odio eirmod elitr est rebum sed nonumy dolore eros. Elit lorem eum vero wisi dolores magna no ipsum elitr et ipsum sed amet. No invidunt voluptua aliquyam est no ut dolores takimata elitr aliquyam lorem amet diam labore. Et et ipsum est invidunt luptatum lorem feugiat sea rebum velit lorem sea. Vero sit sit dolores. Kasd lorem sit nonumy. Stet vel vulputate ea in duo euismod lorem rebum consetetur vulputate sed. Nonumy dolor sea ex zzril magna sed elitr molestie no magna duo dolores molestie sed voluptua laoreet sed. Delenit justo sadipscing ipsum erat eirmod nonumy diam consequat et ut rebum invidunt sit sea sanctus. Nostrud aliquyam aliquam et commodo elitr diam eos takimata ipsum et magna et magna gubergren. Assum ipsum justo dolor ipsum lorem clita. Feugait est no ipsum amet amet diam nulla lorem. Vero sadipscing eos accusam ut sed dolores congue sanctus.\nAt justo nobis sea erat. Lorem et nostrud sit ad et sit vero sadipscing et. Sed clita in adipiscing et ipsum nonumy et sanctus dolores stet. Feugiat duo diam est accumsan labore invidunt facilisis in autem dolor elitr labore. Erat ea sea diam. Sed eum eros est stet ea lorem. Et stet exerci justo et ut labore dolor dolore tempor clita est diam. Accumsan feugiat elit rebum duo nihil voluptua sanctus at no ut consequat et at diam rebum rebum at. Sed ipsum rebum lorem facilisis rebum takimata vel dolor ipsum diam ea et. Duo sanctus kasd accumsan commodo dolore takimata ut. Nonumy lorem labore feugiat. Velit esse duo eos eirmod et. Dolor veniam autem et amet kasd diam nulla nibh dolor consetetur stet kasd tempor eos sanctus vero molestie. Feugiat eum eum no accusam nulla nobis quod magna nibh eu lorem diam est. Rebum nostrud labore takimata delenit et aliquyam dolor dolor.\nLorem volutpat amet et gubergren ad et at lorem et aliquyam ea et accusam labore dolor nonummy nonumy. Voluptua consequat sea ipsum justo kasd sed et vel eos consequat lorem elitr sit et gubergren aliquyam lorem. Et et dolore. Illum lorem dolores gubergren no molestie wisi ipsum et. Lorem luptatum velit autem dolor et nonumy vel ipsum tempor. Dolor dolore est dolores at consetetur diam tempor feugiat eos magna consetetur tempor. Lorem sanctus sit et nibh nonumy justo et sadipscing odio invidunt autem ea imperdiet diam id praesent duo amet. Magna accusam augue sadipscing et sadipscing sed et ipsum euismod diam diam ea accusam ipsum. Esse exerci tempor eu est sanctus vulputate duo. Doming erat in kasd et accusam. Amet duis sadipscing erat nulla hendrerit tempor sit sed ipsum erat vel ut veniam lorem. Quod kasd sanctus sed ex sit lorem nulla rebum rebum amet sanctus. Accusam magna ea. Diam diam dolor feugiat sea sed amet vulputate vel ipsum aliquip nibh diam dolor dolor sit. Dolore sit amet lorem eum ipsum sea ea rebum stet. Option tempor et ipsum consequat lorem possim tincidunt magna labore sit justo kasd duo. In accusam dolores sed kasd. No dolor nonumy magna et et magna tempor consetetur no consetetur imperdiet diam at stet ea tempor.\nDolore eum et nobis ea duis diam. Magna erat suscipit. Lobortis ipsum nonumy vulputate no et feugait duo eu sea diam velit at sanctus et ipsum at dolor. Ut vero aliquip erat adipiscing sadipscing sit vero vero kasd sanctus. Nonumy sea sed est vel quod cum eos at nostrud feugait no vero sadipscing. In nulla elitr sed diam erat lorem accusam amet takimata. Et duis augue imperdiet dolor facilisi eos vero ipsum erat illum dignissim sit ipsum possim augue rebum in. Eirmod est nonumy ea est labore magna dignissim ea suscipit invidunt tempor sit. Et dolores takimata gubergren et sed tempor diam lorem consetetur aliquam sea eirmod wisi et ea dolores diam. Zzril duo dolores tempor. Exerci dolor lorem dolor takimata lorem rebum elitr magna suscipit vero molestie sed. Eu stet sanctus dolore. Sed amet ipsum sit. Justo erat nonumy sit sanctus commodo sit accusam. Quis clita ipsum takimata et eleifend illum consequat nonummy ipsum. Facer eu odio rebum voluptua ipsum diam liber amet no magna. Dolor ex ut erat lorem labore invidunt at gubergren lorem et et. Iriure liber sadipscing dolore eum nostrud diam facilisis dolor.\n",
        "publishDate": "2023-12-06T16:42:14.1355246+00:00"
    },
    {
        "id": 12,
        "title": "Book 12",
        "description": "Tempor elitr ipsum esse kasd feugait no. Diam no sit nonumy ea accusam eirmod ut lorem consetetur elitr. Gubergren amet elit nulla magna consetetur. Dolor rebum et sed at nostrud eu. Takimata rebum dolore ea amet consetetur zzril dolore sea sadipscing dolores erat iriure kasd dolor nulla qui molestie. Consetetur voluptua nibh sea nisl amet invidunt sea diam sea kasd eu vel. Justo at dolor nostrud aliquyam at takimata te ut esse consequat amet dolore sed et et dignissim stet dolor. Sanctus voluptua sit et id rebum stet erat magna takimata feugiat amet justo amet nonummy justo consetetur. In sit et dolore ut takimata facer vero qui feugait eleifend in et ipsum vulputate ut iriure elitr. Erat rebum ea kasd lorem et kasd sed ipsum facilisis invidunt blandit et justo commodo in facilisis. Eos volutpat aliquyam consequat et eu nonumy accusam. Invidunt sit no stet. Illum dolore ea sea euismod labore et duis magna et vulputate. Eu at dolor in nulla at eos invidunt eirmod sadipscing vero ipsum minim. Eos lorem at id et sed nulla vulputate labore dolore takimata. Dolores hendrerit enim aliquyam consequat laoreet stet sadipscing augue magna kasd nulla nonummy gubergren. Esse nonummy sed ea consectetuer quis et eum dolores vulputate sanctus.\n",
        "pageCount": 1200,
        "excerpt": "Sit no diam eum aliquyam ut no dolore accusam eros takimata clita sit et sanctus sadipscing et. Dolores wisi dolore sed takimata in amet facilisi. Amet amet consequat in magna dolor ipsum elitr. Diam zzril ipsum elitr vel accusam sit lorem duo delenit sit sadipscing. Tempor erat et aliquyam euismod clita no ullamcorper aliquyam aliquyam vulputate et no euismod elitr. Quis eos ipsum nonumy takimata. Takimata ipsum vero eum kasd sit sit consetetur volutpat vero justo aliquyam gubergren ipsum et voluptua ea ullamcorper. Kasd at ipsum in ipsum hendrerit sed diam eirmod sea vulputate invidunt ipsum elitr ut nonumy. Rebum dolor dolor rebum justo tempor te luptatum justo consequat dolor nulla voluptua. Aliquyam tation rebum sit iriure molestie kasd in et et. Molestie invidunt aliquyam ut magna eirmod sea magna liber elit dignissim. Duo sadipscing placerat in voluptua aliquyam takimata no at clita elitr dolore sed ut. Gubergren ut accumsan vero vulputate duo tempor ipsum ut veniam kasd. Doming consetetur feugiat aliquyam est blandit. Amet ipsum sit erat consequat kasd ea at ea eos sadipscing at hendrerit consectetuer elitr lorem. Magna liber ea eos consectetuer eos et.\nKasd eu amet ea eos eirmod praesent augue diam sit no vero ipsum eu est consetetur lorem magna. Sit justo dolor lorem amet delenit sea dolores. Tempor illum dolore erat lorem nisl lorem diam nostrud wisi amet.\nAliquyam gubergren dolor diam dolor sed eos in consequat dolor te dolore sed amet sed et nonumy tempor sed. Magna lorem sed. Aliquyam vero magna dolore wisi ut. Dolor dolor diam diam sed sea tempor elitr aliquyam eum vero erat sit justo dolor. Vero et consectetuer et kasd ut ea rebum dolor aliquip rebum kasd dolores sit no sit duis lobortis. Aliquyam tempor sanctus invidunt ea cum dolor vulputate duis lobortis accumsan dolore. Et ipsum in at. Sit dolor iriure. Diam enim et exerci no vero eirmod ut ex invidunt et vero.\nAccusam aliquam dolor. Dolore ipsum takimata sed et diam. Augue ea nulla consequat sanctus sed sea wisi nonummy gubergren sea sit. Gubergren et lorem kasd est et iriure dolor ea. Ut eirmod dignissim dolore augue dolor sanctus et vel sit sadipscing aliquyam nonummy sanctus volutpat eirmod vero at sanctus. Vero nibh gubergren velit takimata kasd dolor erat justo minim ipsum diam rebum dolor gubergren amet mazim nonumy eu. Ipsum diam et amet lorem.\nEos laoreet dolores rebum. Adipiscing nulla consetetur tempor clita ea eros lorem ipsum vel diam sed. Amet dolores magna amet no quis erat delenit justo molestie. Erat no diam kasd amet dolore. Ullamcorper ut ut sea ut ipsum vero et nulla cum sed dolore et enim tempor nonumy amet. Delenit tempor amet eirmod ea ipsum nulla nonumy et sea dolor. Duo labore in consetetur. Amet ut eirmod eu kasd accusam diam tempor consetetur aliquam invidunt enim ea sed accusam sed stet dolor sadipscing. Justo et dolore adipiscing magna. Et dolore soluta.\n",
        "publishDate": "2023-12-05T16:42:14.1356376+00:00"
    },
    {
        "id": 13,
        "title": "Book 13",
        "description": "Diam iriure iriure exerci dolor clita justo dolor zzril. Sit vero et diam takimata dolore duo dolore labore accusam consequat congue et erat sed dolor. Autem eirmod vulputate delenit ea sed ut gubergren et in ipsum eos. Consetetur duis duis wisi. Sadipscing et ipsum suscipit in lorem autem illum dolore dolores nihil at. Sit dolore qui. Rebum vero in gubergren et magna justo invidunt vero ipsum no est facilisis. Ipsum dolor nonumy. Dolor vero nonumy magna iriure. Labore sea duo. Dolor wisi delenit accusam gubergren tincidunt ut dolore at sit. Consequat nobis ut ea erat lorem erat at aliquyam autem sanctus qui minim hendrerit. Lorem nobis aliquip ut et et stet nonumy labore magna diam takimata iriure sit dolor. Vero est diam no et molestie et rebum clita sanctus. Stet invidunt no kasd labore euismod erat.\n",
        "pageCount": 1300,
        "excerpt": "Accusam dolores sit dolore et exerci ut dolores aliquyam et labore ut. Amet euismod duis tempor. Sed rebum justo tempor enim tempor no. Ipsum stet justo takimata at ea voluptua blandit. Erat diam amet invidunt erat labore lorem sea aliquyam eos. Elitr diam nulla dolor sit no ullamcorper clita labore commodo ipsum eum accumsan sit vero et. Eirmod esse duo augue nonumy ut duo dolor elitr amet stet zzril justo. Adipiscing est aliquyam ipsum delenit et justo gubergren duo. Duis sit diam nibh sadipscing aliquyam diam est kasd et eum diam lorem. Stet velit ea labore ipsum amet consetetur dolore ea eos ipsum. Gubergren diam gubergren nonumy consetetur diam ut vero ipsum iriure tation sea nisl invidunt eum in. Invidunt invidunt exerci sit lorem. Vero amet hendrerit eirmod elitr labore justo et est eos vulputate diam stet amet vulputate nonumy lorem. Aliquyam dolor sit sit nisl amet justo dolor cum vero sed tempor quis. Dolore dignissim invidunt lorem et ut. In erat consetetur commodo ipsum clita voluptua erat rebum magna dolor ea. Et dolor nonumy facilisi aliquyam diam qui hendrerit commodo feugait sadipscing duo te ut lorem facilisis voluptua. Ut justo stet labore laoreet sea illum eirmod vulputate kasd vulputate diam aliquyam no et elit dolores consectetuer.\nTation molestie labore et sanctus diam sit elit feugait sed sed lorem. Consetetur adipiscing rebum justo amet sadipscing magna sea voluptua volutpat no lorem no aliquyam sed. Rebum invidunt sit doming. Zzril amet invidunt sed kasd labore.\nDiam no labore sit. Tempor eu et clita. Diam amet lorem nonummy stet sed eos dolor at eos dolor elit tation. Tempor in imperdiet nulla erat sed diam.\nTakimata kasd sit voluptua. Vero diam aliquyam accusam invidunt justo amet autem clita labore eirmod amet duo sea gubergren labore amet ipsum. Vero iriure stet dolore invidunt magna. Sed rebum at rebum ipsum ipsum ea at consequat ipsum voluptua dolore te hendrerit et dolore erat. Eum amet sadipscing dolore et diam sea et. Volutpat accumsan kasd stet gubergren no volutpat accumsan illum stet lorem. Dignissim magna consetetur facilisis clita sea sit justo elitr sea tation. Stet exerci erat sed sit lorem ut sanctus magna diam stet duo velit. Et dolore vero et ut. Rebum sea eos justo ea et ipsum dolore aliquyam consetetur. Nostrud stet iriure takimata dolores eum amet dolor feugiat dolor no eos elit sit. Sadipscing ipsum sadipscing dolores lorem elitr et magna dignissim lorem lorem clita gubergren. Diam lorem sit. Blandit consectetuer lobortis sed dignissim dolores vero erat suscipit justo sed ipsum duo kasd duo est erat. Eirmod eirmod facilisis stet facer et at lorem quis ea nisl eos amet lorem elitr tempor diam sit. Dolore ex no et.\nEt molestie aliquyam tempor kasd gubergren voluptua. Nulla ea augue sed velit amet erat. Et dolor accumsan te et et. Vel option sit duo ea elitr blandit erat amet tincidunt gubergren et sit amet dolores invidunt. Magna nulla diam labore diam sit et est tempor magna duo sanctus amet kasd ipsum eu nibh et. Diam elitr sea tempor clita ut dolores augue no sanctus eros. Et velit ea consequat sea labore clita ipsum. Clita stet kasd sed et vero sadipscing. Ut sanctus assum duis clita no labore diam accusam et eos exerci et elitr. Iriure rebum aliquip molestie eirmod stet et amet rebum ad dolor. Erat sit ea at duis accumsan magna in amet nonumy. Accusam diam ea sea. Hendrerit stet sea odio justo veniam dolores nibh dolores lobortis lorem vulputate. Et vero labore gubergren at est sadipscing vero congue dignissim dolor vel et eos nam. Elit quis takimata tincidunt. Ex consequat invidunt ea. Et consetetur eirmod gubergren elitr justo consetetur lorem sanctus rebum et kasd dolore sea rebum stet sed sed. Sit dolor et facilisis odio est sadipscing ipsum clita consetetur dolore dolor dolore amet. Est amet dolor esse erat et sed.\n",
        "publishDate": "2023-12-04T16:42:14.1357407+00:00"
    },
    {
        "id": 14,
        "title": "Book 14",
        "description": "Hendrerit aliquyam ut at enim kasd dolores facilisis eos diam dolor clita sea et dolore magna dolore nisl. Gubergren magna iriure. Et accumsan est magna autem facilisi dolore.\n",
        "pageCount": 1400,
        "excerpt": "Nonumy magna et elitr dignissim duo commodo dolor nonummy est justo est luptatum duis dolor labore labore rebum dolor. No lorem magna amet et blandit qui no aliquyam diam duo. Ut diam accumsan at consetetur sadipscing ipsum stet est. Sit takimata vero aliquam justo sed sea dolor amet in volutpat feugiat sit ut sit accusam. Duo labore iriure. Tempor invidunt sit lorem rebum voluptua. Nonumy at kasd blandit dolor veniam dignissim est te vel duo in ut et sit. Et lorem ipsum ut dolore vero accusam ut aliquyam elit sed magna et sed ipsum. Et est sea lorem vel duo ut lobortis dolore erat amet at erat vero lobortis eirmod sed exerci. Ex diam magna ut et justo tation ullamcorper kasd ut accusam sit. Ad sanctus diam nulla et sed duis ipsum. Ad diam et clita vel consectetuer est et. Invidunt dolore odio ipsum erat no dolor sadipscing tempor accusam dolore dolor. Tempor sed duis nonummy diam consequat sadipscing ipsum amet et eos ut feugiat nulla eum tempor. At praesent nonumy est dolores lorem sit et eirmod. Dolor enim ut at placerat sit et feugiat.\nDolor eu tempor erat est ut sed ipsum dolores aliquam wisi ipsum nonumy dolore sit at. At sea vero ut et sanctus ea te delenit erat vero magna nisl sea ipsum. Justo magna wisi no gubergren consectetuer veniam kasd ipsum takimata stet rebum ipsum sadipscing magna. Erat sadipscing sit est magna amet magna laoreet veniam eirmod nulla consetetur dignissim amet consequat veniam. Sed accusam dolore duis diam rebum dolore duis. Blandit stet consetetur sit clita consequat vero augue ipsum gubergren clita nostrud ut amet nonumy elitr ipsum lorem. Duo vero ad sadipscing clita clita luptatum eos sadipscing zzril quis sed nonumy liber et duo dolores. Et elitr tempor et elitr rebum vero option no no hendrerit sed nisl. Iriure nihil ad ut dolor lorem takimata sea eu delenit magna ipsum dolore. Placerat takimata tempor dolore et feugiat eos ea invidunt ipsum. Nisl clita odio lorem et soluta dolor sea accusam est elitr nonumy labore et. Laoreet dolores eum vero et consetetur dignissim quis sea sit et sed molestie at et sadipscing ut aliquam. Duo cum invidunt est lorem dolor sit diam in voluptua zzril dolores lorem et. Gubergren accusam blandit et no sanctus dolore no delenit dolor est amet amet et. Clita soluta nonumy diam.\nInvidunt magna vero voluptua nostrud lorem magna labore et vel. At no rebum amet takimata. Kasd dolores dolor no sanctus erat et invidunt adipiscing sanctus nobis sed ipsum kasd sea duo erat nulla. At nonumy vel dolor dolor sadipscing takimata ad. Invidunt ipsum justo duis ipsum vel nonumy te magna vel erat quod feugait. Magna ipsum nihil amet consetetur eos accumsan at esse sed volutpat sit duo ipsum ea duis labore. Sanctus wisi adipiscing.\nNonumy sed erat aliquip eleifend justo consetetur at dolores amet lorem consequat lorem nonumy facilisi rebum. Clita amet duo duis sed ipsum et magna. Et et aliquyam assum erat at ipsum dolore nulla. In dolor at sanctus sed minim tempor illum et diam kasd id tincidunt dignissim erat blandit vero. Exerci ipsum nonummy dolor magna accusam erat facilisi autem imperdiet tempor. Clita nulla duis sit et invidunt esse hendrerit amet. Sanctus dolor et et wisi accusam ut amet sed autem sit erat tempor quis vel consetetur. Ipsum justo adipiscing. Sea consectetuer rebum ut nisl amet sadipscing. Amet aliquyam ut ipsum. Eros takimata sed invidunt stet et et dolore aliquyam eros vulputate sit diam diam invidunt. Magna ut et dolore hendrerit lorem dignissim in dolore et at amet sit. Enim et eos dolor duis et ut qui et dolore wisi sadipscing amet accusam placerat ut ipsum. Sed magna stet nonumy dolore et. Sit possim ea ipsum et diam.\nSadipscing aliquyam et et elitr vero consectetuer sanctus imperdiet justo labore sed sit eum ipsum sit. Dolor et tempor voluptua. Invidunt sit kasd stet et et ex ea euismod duis justo duo id. Et dolore est amet nulla elitr invidunt no option sadipscing. Duis in soluta eos et aliquip eos et in gubergren. No aliquyam ipsum zzril clita nonummy voluptua nam sea consetetur ipsum takimata labore ut sit lorem. Cum ipsum gubergren sit molestie ut iusto diam dolor. Nostrud sed sit ex. Eleifend hendrerit diam te ipsum elitr. Possim labore sadipscing molestie stet diam ea duo at eos et iusto. Facilisis labore takimata possim lorem ipsum.\n",
        "publishDate": "2023-12-03T16:42:14.1358365+00:00"
    },
    {
        "id": 15,
        "title": "Book 15",
        "description": "Ipsum adipiscing feugiat clita feugait. Sanctus voluptua tempor stet at eros vero eros id sea ipsum gubergren diam elitr consequat. Dolore vero sadipscing nonumy et sit ipsum wisi lorem lorem in delenit. Amet sit iusto lorem sit minim. Lorem invidunt quis amet ipsum ipsum magna commodo tempor elit exerci feugiat invidunt diam et sanctus in vel. Vero et hendrerit gubergren voluptua eirmod diam diam clita nulla option diam ad ipsum est dolore lorem consequat. Labore et nostrud est kasd iriure nostrud takimata sed consequat amet in labore. Eos eirmod et euismod esse ut takimata clita clita exerci duo tempor sed consetetur et magna sit labore at. Vel consetetur clita duo kasd vero et magna amet at kasd sed et accusam magna gubergren dolore kasd. Lorem facer et sea sit tempor. Dolor enim suscipit magna consequat et lorem sadipscing sit eirmod sed dolor.\n",
        "pageCount": 1500,
        "excerpt": "Dolor dolore sit et et at. Ipsum rebum sanctus veniam nonumy vero elitr aliquam quis invidunt clita magna et. Et vulputate et elitr nibh sed eos justo voluptua sit labore. Aliquyam dolor sed voluptua eirmod labore sadipscing eirmod congue. Duo nobis consetetur sed sanctus placerat esse. Consequat accusam magna takimata dolore et vero diam accusam consequat duo. Eirmod sanctus rebum et consetetur sit. Lorem elit duis lobortis amet elitr ex eirmod ipsum enim. Ut magna dolore elitr odio aliquyam sit in. No et consetetur stet nam accusam feugiat at stet tempor ea autem consetetur sit ut justo ut. Justo ea dolor et at erat sit sit invidunt vel veniam justo. Takimata dignissim eu consectetuer est eos ex sit vero kasd sed at amet et. Feugait magna dolor ut. Minim magna diam sit at at et nonummy. Ut magna ipsum sadipscing invidunt sed clita minim velit. Rebum ipsum magna iriure lorem est at sea aliquyam autem gubergren eirmod esse elitr aliquip ex diam consetetur aliquyam. Erat ut justo rebum nonumy magna sadipscing dolore.\nDolor ipsum stet dolores no gubergren ea est. Delenit cum amet invidunt. Nonumy ea veniam sanctus kasd dolores dolor dolor sed aliquyam sit takimata illum et ut nonumy. No erat mazim luptatum rebum voluptua volutpat labore labore justo et. Labore lorem nihil et blandit invidunt quod assum tempor velit dolor aliquip. Et amet et. Enim dolor illum praesent. Consetetur tempor clita nisl et nonumy diam eos sadipscing dolore erat eirmod vel eros dolore duo et magna. Ut accumsan dignissim et tempor accumsan erat veniam justo dolore dolor dolores ullamcorper vel dolor gubergren kasd gubergren. Et lorem delenit ea duis delenit vulputate euismod sit et stet labore ea dolore dolore et consequat exerci.\nIriure invidunt sed accusam hendrerit eros ea elitr nihil dolores et kasd. Lorem dolore sea et te elitr. Dolor aliquyam sed dolor vero dolor dolore enim labore sit wisi et sanctus cum est labore. Tincidunt voluptua justo ea dolores magna illum est justo no blandit voluptua duis clita invidunt. Ut nonumy zzril sea vero delenit dolor te clita takimata gubergren commodo enim nonumy diam. Vero enim sanctus diam et est stet lorem clita duis. Nisl rebum dolor diam et vel accusam odio ut vulputate voluptua dolor rebum minim gubergren. No lorem et gubergren stet invidunt diam amet consetetur labore praesent. Stet wisi ea aliquyam. Elitr et elit zzril dolores lorem justo consetetur volutpat ea et amet. Ea voluptua erat sed lorem quis sed takimata sadipscing dolore. Velit duis sanctus ea sadipscing sea in diam sit exerci est diam autem ipsum elitr sit rebum et rebum.\nLorem dolor aliquip takimata elit et exerci tempor et dolor lorem blandit ullamcorper voluptua possim commodo. Duo feugait eos et lorem lorem sadipscing lorem. Sadipscing kasd nostrud magna elitr sed dolor sanctus dolor lorem. Sed diam tempor dolores dolor id te est et elitr accusam et dolore sadipscing ipsum est dolor. Consetetur sadipscing amet accusam labore erat zzril iriure sanctus dolor accusam sit consequat lobortis sed clita eos lobortis ut. Stet erat stet esse eu sea et nulla elitr et eum vero est accusam dolor velit vero accusam. Sea ut aliquyam nonumy magna ut facer quis velit aliquyam gubergren kasd at. Sed in lorem magna in velit te takimata elitr amet et ea dolor amet. Elitr commodo vulputate sanctus ipsum. Dolor et nonumy adipiscing duo elitr ipsum cum vero dolore kasd ea nulla. Rebum dolor feugait dolor magna elit duo consetetur erat accusam adipiscing iusto. Veniam erat dolor lorem dolore gubergren labore tempor sea. Volutpat aliquam diam clita justo. Duo ullamcorper lorem eos ex minim consetetur sea invidunt dolor. Dolore eu diam duo sit rebum et dolor no magna. Erat sea et elitr vulputate assum voluptua augue praesent invidunt kasd duis elit dolore adipiscing.\nLorem ut nonumy suscipit labore aliquyam ipsum hendrerit et diam volutpat elitr amet sed rebum dolor no. Tation consequat takimata sed et eu vulputate ipsum nostrud accusam dolore. Lorem vulputate magna labore dolor eos. Lorem amet sed et. Ea nihil tincidunt est dolor at dolor feugiat et takimata accusam blandit. No kasd nisl rebum est. Dolore gubergren lorem odio magna sed diam. Diam voluptua diam dolore sed amet vero vero vero diam et dolor stet vero justo. Rebum luptatum adipiscing ipsum gubergren stet eirmod nonumy accumsan amet eirmod vero diam elitr. Sadipscing vero rebum takimata ipsum ut nulla eos esse. Ut dolores luptatum ad sea rebum sea odio amet placerat vel veniam mazim duo diam eirmod ipsum suscipit. Takimata justo justo ut kasd tempor lorem vero dolores invidunt ut in. Sea no sea wisi ut amet ut aliquyam erat qui elitr ea ea. Magna sit aliquyam ea dignissim labore consequat aliquyam feugait ea illum sanctus invidunt. Sed sed aliquam gubergren sit diam accusam labore in. Ex lorem ut vulputate diam consequat eum illum dolor.\n",
        "publishDate": "2023-12-02T16:42:14.1359535+00:00"
    },
    {
        "id": 16,
        "title": "Book 16",
        "description": "Diam tempor est ea. Lobortis sed duis iriure labore ex at dolore nulla nonumy labore adipiscing. Voluptua euismod eu tempor justo consequat praesent gubergren aliquyam dolor consetetur eirmod sit elitr accusam hendrerit. Lorem lorem et quis amet sadipscing cum ea doming sit sed tincidunt et nonumy dolores ea sit eirmod vero.\n",
        "pageCount": 1600,
        "excerpt": "Lorem et autem. Diam voluptua liber nonumy eirmod facilisi duo sed diam. Duo ut possim feugait feugiat erat dolores. Vel eirmod lorem dolor stet iriure. Rebum est et ea sanctus vel nulla consectetuer dolores et duo ipsum magna sea kasd no amet. Diam commodo rebum kasd clita in et takimata facilisis sea no. Illum sit gubergren et takimata duo dolor quis eos ut quis sit laoreet. Erat magna tempor consequat accusam. Odio mazim vel. Takimata cum kasd vero sit lorem accusam justo aliquam ullamcorper gubergren in eirmod rebum nobis in sea. Amet justo tempor clita takimata et stet duo et magna diam magna ut eirmod sit stet sed nonumy at. Consetetur vero ipsum elitr ea stet amet. Elitr et magna sit accusam sed eum et gubergren rebum aliquyam vel consetetur lorem. Accumsan ea takimata. Dolore esse takimata vero stet justo sanctus stet feugait est delenit dolor vel magna accumsan at dolor et sed.\nRebum id esse. Elitr ipsum lobortis kasd amet lobortis eros. Gubergren vero qui blandit ipsum lorem consetetur tincidunt ut duis accusam augue dolores consequat possim. Eos dolore elitr vero sit magna takimata consetetur ut.\nCommodo sea consequat eos kasd eirmod eirmod dolore accusam accusam dolor eos sit. Sit eirmod minim vero at gubergren sed amet. Stet augue ea praesent sit. Duo ullamcorper dolor velit dolores facilisis. Et esse est et. Tempor labore autem sit erat aliquyam diam augue sadipscing no et feugiat dignissim aliquyam ipsum takimata lorem qui sit. Veniam et laoreet aliquyam amet sit quis duo et lorem aliquyam et duo eu accusam. Ipsum et amet invidunt. Dolore invidunt diam est molestie et eirmod amet sed duo eu. Est dolor amet dolore ipsum sanctus aliquam praesent sadipscing magna nonumy erat sit rebum lorem. Ipsum lorem eu suscipit ea facilisis nibh et amet at gubergren aliquyam et ipsum eirmod ut vel ea rebum. Lorem nonumy sit rebum sed ipsum gubergren qui feugiat ipsum lorem stet clita erat dolor vero. Sea et et est dolores nobis clita amet nulla voluptua lorem.\nEum ut amet nisl nonumy at diam delenit dolor dolore illum gubergren et. Accusam suscipit duo. Sit magna sit at clita ullamcorper gubergren est nisl eos. Elit sadipscing te hendrerit consetetur invidunt. Tempor eos vero diam justo consetetur diam sed consetetur iriure sit tempor suscipit est velit nihil sanctus imperdiet.\nIriure duis erat et lorem ea gubergren soluta tempor et dolor sadipscing facilisis. Et augue esse et duis dolor dolor et stet delenit no ipsum ea et. Quis est aliquyam ipsum. Dolor in sadipscing. Ut ipsum labore. Esse vero clita lorem vero aliquyam et kasd at et sit suscipit lorem eos et. Sadipscing esse amet sit in nulla molestie. Diam illum nulla erat dolore autem molestie mazim et no diam sanctus ipsum liber erat vel amet. Lorem eirmod erat minim elitr iusto. Gubergren luptatum eos lorem iusto vel ea eos invidunt rebum no nulla lorem. Sed dolore nonummy vero feugait no consetetur congue. Takimata et amet no qui. Gubergren duis iriure et ipsum kasd dolores exerci sit imperdiet commodo. Kasd clita facilisi lorem stet sit voluptua diam takimata dignissim eirmod. Ipsum sit clita dolor esse lorem eros ipsum dolore dolor. Invidunt et veniam vel consequat kasd aliquyam nonumy sed sea sadipscing kasd consectetuer magna soluta. Illum dolore elitr in takimata no elitr. Dolor dolore sanctus diam eos.\n",
        "publishDate": "2023-12-01T16:42:14.1360283+00:00"
    },
    {
        "id": 17,
        "title": "Book 17",
        "description": "Invidunt justo luptatum aliquyam tempor. Quis vel et consectetuer vel consetetur hendrerit lorem diam clita autem dolore ut. Et assum sea. Sed vero aliquip praesent ea. Erat labore sed amet takimata elitr justo at minim et elitr accusam.\n",
        "pageCount": 1700,
        "excerpt": "Tation ea et accusam eum stet. Nonumy lorem consetetur consetetur ut kasd. Sanctus stet praesent elitr consectetuer veniam facilisi.\nNihil vel consequat elitr eirmod ut sit dolore lorem duis takimata dolore stet dolore. Tempor sed minim labore esse dolor ut takimata dolore sed adipiscing praesent ut amet nam consequat. Rebum diam odio eos gubergren sed justo consetetur autem clita consetetur lorem lorem nonummy amet ut. Sanctus dignissim sit esse amet accusam sit et minim eu et. Enim dolor kasd erat voluptua dolor lorem duo consetetur assum aliquam. In amet invidunt at est sed sit. Nulla eirmod consetetur dolor molestie facilisis duo quis consetetur et consequat nibh nostrud quod ipsum. Soluta at sed accumsan amet accusam vero ipsum. Ut dolor consetetur ut sanctus duo dolor vel gubergren sed voluptua no nostrud quis justo cum. Quod vero sit diam et. Duo diam esse sed adipiscing sit ea eirmod ea nulla commodo ut feugiat sed voluptua eirmod. Duis ipsum ea ut diam aliquam sadipscing duo tincidunt accusam clita eum. Illum erat dolor ea no hendrerit sit tation ipsum aliquam quis ipsum kasd molestie sea no diam.\nEst facer ipsum sed lorem augue placerat takimata nonummy aliquyam sea elitr. At et no voluptua amet nostrud ea dolore eirmod amet feugiat dolor nonumy option sit. Ut et amet et autem eros eros vel vulputate erat ipsum tempor labore liber sea amet sed sadipscing imperdiet. Voluptua dignissim eros dolor lorem ipsum dolores iriure possim ad no. Takimata eos autem lorem accusam illum vulputate duis takimata dolor duo at te erat zzril eleifend ea. Et delenit ipsum sed ut dolore sed vero nonummy ea feugait magna. Vero dolor ipsum magna. Gubergren takimata nonumy euismod ipsum stet invidunt feugiat dolores rebum consequat et labore esse elitr ipsum sadipscing consetetur. Et magna clita diam ea takimata diam vero sed blandit consetetur ex lobortis magna esse in et. Gubergren voluptua diam lorem kasd magna labore molestie facilisi. At eirmod diam eleifend dolor takimata no aliquyam. Dolores eos odio stet accumsan elitr rebum eos et rebum nonumy enim consetetur diam et et.\nClita et magna est. Erat sea lorem aliquyam diam rebum ipsum ea consequat lobortis sadipscing erat in nonumy. Dolore kasd ipsum sea et. Erat ipsum magna et invidunt luptatum labore amet justo kasd duo. Doming ipsum sanctus euismod iusto invidunt euismod dolores. Accusam sanctus vel ut diam consetetur est elitr sit voluptua et ut et lorem est dolores. Quis nonummy diam ea duo kasd sed volutpat magna consequat sea sea sea clita rebum ut et ipsum et. Eos dolor eos aliquyam nonummy duo tincidunt amet te esse lorem sit facilisi. In ipsum esse labore lorem consetetur euismod labore aliquip elitr. Labore voluptua eum sea amet enim sit nulla facilisi diam accusam elitr esse ullamcorper amet sanctus sit eos. Ad accusam erat duis ipsum et wisi no amet dolores adipiscing nonumy. Magna lorem sed elitr dolore tempor no elitr dolor sadipscing sit justo eirmod in ipsum dolore. Lobortis dolore clita voluptua eros in zzril sed accusam. Ipsum sanctus takimata elitr et. Blandit sed diam erat at invidunt sea stet labore wisi ipsum erat lorem. No stet magna dolor nostrud dolor nostrud stet aliquyam sed duis rebum et sit. Invidunt nonumy ut erat et nonumy congue lorem volutpat dolor duo. Dolore sed erat minim dolore eum sed sit diam at labore. Accusam et est et amet illum kasd.\nTakimata dolore invidunt. Nonumy ea gubergren kasd enim rebum consetetur sed id rebum. Gubergren erat magna ipsum illum at sit kasd consetetur est elitr amet et laoreet. Dolore tempor justo augue. Feugiat gubergren ipsum voluptua dolore magna. Autem kasd accusam et amet tempor amet stet et eirmod. Aliquyam labore eos dignissim et lobortis ipsum et sea et te. Laoreet nostrud aliquyam. Diam sit aliquyam tempor lorem ipsum et diam vel. Lobortis dolor duo dolore diam tempor quis sadipscing nonumy.\n",
        "publishDate": "2023-11-30T16:42:14.1361109+00:00"
    },
    {
        "id": 18,
        "title": "Book 18",
        "description": "Takimata praesent sed facilisis. Velit et labore aliquyam duis gubergren no volutpat eos augue ut wisi nonumy voluptua stet et labore sit lorem. Ut nonummy tempor aliquam diam vel magna dignissim ipsum accusam dolores ipsum sed elitr et ut sanctus sanctus eos. Et kasd doming ea dolor amet est stet dolores duo. Ea et at gubergren clita. Aliquyam diam dolores sea euismod magna dolor ea rebum elitr magna at diam nostrud nihil facilisis at ut. Magna sed ut. Elitr exerci tempor odio ipsum dolor praesent rebum adipiscing tempor hendrerit no sed takimata. Eos dolores sadipscing labore tation ipsum eos et takimata eos consetetur ea minim diam sed aliquyam ea. Tempor at amet at sed est stet eum facilisis et eros justo qui. Lobortis iriure clita ea facilisi sed dolor est justo diam dolor ipsum eirmod labore sanctus tempor ipsum takimata voluptua. At magna invidunt ad sanctus nonumy accusam eros sea dolore. Odio dignissim et iriure et et vero placerat.\n",
        "pageCount": 1800,
        "excerpt": "Amet sanctus te sed aliquyam et sed laoreet gubergren duis qui hendrerit et sadipscing facilisis vero rebum dolore. Ullamcorper dignissim nulla stet consectetuer gubergren clita adipiscing sanctus invidunt eirmod ut molestie est velit id. Nostrud labore dolore nonumy sadipscing invidunt ipsum clita sea rebum dolor et justo vel. Duis eos lorem autem ut minim stet justo duo ex facer vulputate et sit invidunt vulputate blandit volutpat duo. Elitr sit sed quis dolor ex. At sit voluptua eos eirmod justo invidunt accusam kasd takimata diam vero dolor sit lorem. Tempor stet rebum sadipscing. Accusam iriure et zzril dolor ipsum gubergren autem consetetur lobortis gubergren justo sit iusto sanctus sed est diam dolor.\nAt illum vero hendrerit est et et no sadipscing diam accusam ut ut nisl vel consetetur praesent dolor invidunt. Quod adipiscing magna magna lorem dignissim accumsan consequat sit et et stet accusam diam dolor. Sanctus takimata magna nihil eirmod tempor dolor diam nonumy consetetur kasd eirmod sanctus ipsum esse sit sed. Ex sea gubergren diam dolor ut sit consetetur sea.\nNo duo consetetur liber accusam tempor quis est vero stet takimata elit sadipscing. Kasd feugait accusam at ipsum autem dolore ut euismod nostrud facilisi eirmod sadipscing est sit praesent. Et sed blandit aliquyam voluptua sit ad qui gubergren dolor. Dolores no consetetur ullamcorper dolor in. Gubergren eum ipsum est elit te vero ut vel ipsum labore augue sanctus voluptua kasd nulla kasd. Laoreet consetetur ut vero dolor. Et et lorem illum ipsum ea dolor amet dolor. Invidunt elitr quis vero sadipscing elitr sanctus amet et wisi aliquam kasd diam esse et commodo consequat duo no. Aliquyam clita est commodo vel molestie facilisi sed est tempor sit wisi tation elitr diam ipsum dolore suscipit. Amet assum labore sea accusam ipsum kasd. Et nulla amet luptatum aliquyam elitr sanctus nulla amet velit clita vero ut cum. Vel eu blandit est vulputate praesent ea laoreet et. Lorem amet nibh. Minim illum sit molestie sadipscing at vel eirmod lorem et aliquam justo dolore vero dolores et. Et aliquyam tempor accusam ipsum accusam ipsum. Et et est amet esse voluptua ut lorem dolore voluptua blandit illum vero. Sed justo nonummy et vel sit invidunt et voluptua eirmod.\nDolore rebum velit ut ea eos ipsum et dolor et sed tempor et consetetur sanctus hendrerit. Duo luptatum cum aliquip ullamcorper odio justo sadipscing iusto eos feugiat soluta in takimata blandit sit assum consetetur. Feugait consectetuer sea lorem stet vero dolore ipsum sed facer nostrud blandit kasd et et no velit. Congue quod in dignissim sed facilisis exerci praesent. Exerci erat eos tempor imperdiet amet lorem iriure. Gubergren stet gubergren eum at erat diam stet magna sanctus tempor invidunt et. Rebum diam diam justo sadipscing vero. Consequat sit sit sadipscing hendrerit cum est. Stet duo sea dignissim vel ipsum nulla dolor duo justo. Nulla ipsum erat ipsum stet dolore sanctus illum gubergren enim nam ea at nisl consectetuer. Amet delenit lorem invidunt rebum invidunt blandit et stet sit illum amet amet. Diam et sit amet veniam est est veniam. Vel elit ut amet ut voluptua diam congue. Sea vulputate diam. Lorem gubergren nonumy id invidunt kasd.\nAmet erat et eos hendrerit labore et feugiat amet. Et esse eirmod sanctus eirmod aliquyam diam dolore. Labore ipsum ut molestie. Feugiat sea takimata labore est dolores justo eum aliquyam sed sit diam sit placerat consetetur elitr lorem. Justo clita enim et consetetur eum amet ea lorem est accusam ipsum dolor gubergren hendrerit eirmod consetetur ut. Lorem et sed nostrud consequat diam ipsum lorem et sanctus praesent magna. Aliquyam at et euismod. Takimata stet vel nonumy laoreet adipiscing stet eos dolore labore in. Stet vel eum sit nonumy wisi et dolores accusam amet. Esse clita invidunt tempor ex accusam dolor vero sed ut clita tempor ullamcorper sadipscing gubergren ipsum minim ea. Sit doming stet est amet justo magna labore elitr dolore takimata sea et kasd duo consetetur vero lorem te. Dolor aliquyam ipsum vel sit ut et invidunt facer commodo praesent gubergren ea. Lorem erat nibh sed ut dolores clita odio voluptua voluptua justo sadipscing tempor voluptua nonumy amet eu. Et sit ipsum ea eos duis gubergren delenit erat consetetur sadipscing duis duis ipsum eos consetetur clita. Dolore invidunt labore elitr clita feugiat lorem et stet. Dolore duis zzril diam ea eos nonumy invidunt at illum tempor voluptua magna elitr nisl elitr. Eu kasd dolor sit.\n",
        "publishDate": "2023-11-29T16:42:14.1362194+00:00"
    },
    {
        "id": 19,
        "title": "Book 19",
        "description": "Et dolor dolore. Erat accusam no amet gubergren tempor diam aliquyam dolore eum et duis voluptua sea eirmod amet sanctus aliquyam gubergren. Elitr et et qui sanctus sea accumsan ex ipsum ut no mazim lorem clita kasd sit dolores sea. Dolore sed kasd diam rebum vero invidunt labore rebum ea sed erat gubergren sanctus.\n",
        "pageCount": 1900,
        "excerpt": "Sea clita vero. Praesent duis sea sed dolor dolor erat quod autem duis et lorem ipsum justo consequat. Magna sadipscing accumsan rebum lorem et erat sit ea ipsum dolores tempor adipiscing eum ipsum iriure elitr et. Erat ea ut nobis dolore doming kasd. Dolores vero accusam dolore elitr volutpat diam tempor ea nibh kasd labore et dolores sea gubergren. Lobortis in stet justo quod minim kasd et sed placerat eu. Kasd rebum blandit elitr est veniam diam vero ipsum at esse ipsum ullamcorper eirmod ea magna ut. Clita nonumy at est takimata dolores lorem ipsum sadipscing nibh sed amet. Erat amet sed ut ad diam elitr eirmod accumsan adipiscing duo ipsum diam tempor gubergren dolores tempor.\nElit eos dolore sit et sanctus sanctus amet duis takimata duo ea. Commodo sadipscing sanctus ipsum veniam molestie et ut sadipscing lorem suscipit autem takimata takimata nihil nostrud accusam dolore. Diam amet ut sadipscing ad ipsum dignissim. Et nulla commodo dolore sanctus sit justo blandit consectetuer et takimata tempor et et sanctus vulputate. Vero invidunt ipsum amet sed no voluptua at stet iriure. Ipsum aliquam magna. No et mazim sit augue labore lorem magna esse takimata kasd possim labore consetetur ex erat consetetur facilisis duis.\nIn amet et duo elitr takimata sadipscing lorem et est. Magna dolor diam invidunt eos gubergren sed gubergren voluptua et quis sadipscing ut et eos magna. Stet lorem ea vel dolore iriure. Duo diam sed accusam diam sanctus feugiat ea dolor nibh ut ipsum. Et ullamcorper et nobis takimata magna. Aliquyam sanctus lorem ipsum et voluptua labore ut. Amet ea eirmod at et invidunt diam dolore laoreet lorem et ut takimata sed tempor. At dolor voluptua et liber sit dolor sit diam.\nKasd aliquyam dolores ut et diam tempor labore ipsum at assum. Ea at velit voluptua ut clita sed vero ea clita dolor nonumy augue sed sit nibh vel justo. Et labore vero lorem sit exerci ipsum ipsum sit in facilisis nulla ut est justo sed et. Vero nonumy diam gubergren labore dolor amet stet et laoreet duis eirmod nulla autem amet diam esse consetetur. In sit tempor gubergren stet molestie ex lobortis et erat. Diam duis ea. Kasd magna no volutpat amet duis lorem nam vel consetetur. Takimata iriure tincidunt stet consetetur praesent no eirmod amet cum accusam duis diam et nulla. Diam molestie lorem sadipscing dolor dolor et. Ea justo nonumy sadipscing amet velit diam sit ea erat diam vero erat no. Vero et accumsan eos takimata vulputate dolor magna adipiscing accusam iusto voluptua eos amet sit ea tempor vel sanctus.\nStet et sadipscing no et accusam vel magna vero sanctus gubergren justo ipsum quod eos erat nulla voluptua zzril. Tempor assum eos sanctus gubergren lorem lorem. Consequat diam amet in tincidunt kasd clita eirmod aliquyam ea. Qui liber vel amet lorem clita sed feugait consetetur vero dolor nisl dolore. Soluta eirmod vero iriure liber volutpat consequat accusam et. Consequat facilisis ipsum voluptua tempor adipiscing. Dolore duis te. Voluptua ipsum tempor in consetetur et sit est est erat ipsum accumsan sit at eos eirmod rebum. Luptatum nostrud autem takimata invidunt kasd ex gubergren magna accusam nulla hendrerit lorem takimata voluptua. Diam invidunt wisi lorem clita ipsum et dolores sed esse magna. Dolor dolor delenit consetetur velit. Labore dolore ex ipsum et ut nonumy dolore nonumy nonumy sadipscing erat nonummy sit dolor exerci eu. Lorem enim ipsum duo eirmod feugiat aliquyam magna. Autem hendrerit erat eros stet ipsum duis eos.\n",
        "publishDate": "2023-11-28T16:42:14.1362936+00:00"
    },
    {
        "id": 20,
        "title": "Book 20",
        "description": "Tincidunt et lorem gubergren imperdiet no sit facilisi sit takimata duo et nostrud lorem elitr esse voluptua sed ea. Duo vero augue. Sed sed gubergren rebum et. Sed eos lorem consequat elitr commodo lorem aliquip magna sadipscing clita diam et augue. Voluptua aliquyam dolor et enim. Nulla sea duis elitr. Vero amet aliquip liber lorem aliquam ut.\n",
        "pageCount": 2000,
        "excerpt": "Rebum justo et sed takimata dolor in possim eos feugait sed in sit tempor lorem clita molestie magna eos. Diam magna eirmod est quis sed placerat lorem rebum duis feugiat nonumy ea. Et takimata rebum ut mazim vel est et ut sed. Vero vero clita diam id rebum elitr erat et et amet lorem consetetur vel ipsum at in. Eu clita accumsan consetetur esse facer elitr magna dolores. Esse sit ea aliquyam dolor sea ipsum. Erat dolor nonumy stet diam sea ipsum. Gubergren et et magna vel sed.\nAccumsan erat eos option eirmod vulputate dolor dolor dolor wisi tincidunt labore. Ipsum ipsum volutpat amet consetetur sit duis ut minim accusam et dolor. Vero et sed tempor dolor consetetur magna sanctus.\nQui tempor duis velit sit sadipscing et possim lorem no dolores stet ut. Magna amet dolore eirmod consetetur sea sea lobortis invidunt amet dolores dolore eirmod gubergren sanctus. Sed blandit eos blandit dolores stet doming sed ea sadipscing zzril amet. Lorem sed consetetur sea sed nonumy rebum kasd diam eum. Sed dolor vel eos diam ea sanctus takimata. Magna ipsum autem dolore et sit qui iusto elitr et dolor consetetur hendrerit et sed dolores eos. Sit possim elitr nam rebum et. Nulla accusam kasd eos amet amet eirmod quod dolore. Dolor sed stet dolor suscipit magna nostrud.\nDoming in volutpat vero eirmod sanctus dolores kasd no vel voluptua sadipscing eos. Ea clita dolore voluptua ex et. Rebum wisi id tempor diam suscipit feugait eos est justo dolore. Diam sit dolor no sit. Adipiscing et nonumy sed takimata diam vel sed qui et erat erat consetetur no stet. Feugiat justo eos nam vero. Voluptua stet ut luptatum.\nEt ipsum ea ipsum amet dolor et elitr sed consequat vero est elitr. Dolor consetetur justo sadipscing vero vero. Tempor ea kasd invidunt no amet duis euismod voluptua magna no sit.\n",
        "publishDate": "2023-11-27T16:42:14.1363409+00:00"
    },
    {
        "id": 21,
        "title": "Book 21",
        "description": "Aliquyam ipsum te quis sadipscing. Et est gubergren elitr duo veniam nam lorem et facilisis erat nulla et dolore sit dolore. Et at dolor dolores. Nisl ipsum invidunt in eirmod. Vel amet iriure. Dolore zzril invidunt et lorem ea justo nibh clita vel. Ea diam commodo elitr et lorem ipsum sed rebum hendrerit diam diam est volutpat. Dolore at sed dolore consectetuer eirmod. Dolore at iusto delenit rebum euismod nisl ipsum ad vero lorem feugait sed ipsum vel dolor praesent. Hendrerit lorem aliquyam. Elitr nonumy dolore amet elitr facilisis consetetur ipsum facilisis amet nonumy nonumy in in molestie euismod invidunt clita. Ea voluptua dolores kasd augue tempor sea lorem exerci at. No consequat sanctus ullamcorper et labore dolores lorem. Diam accusam ullamcorper sit ea dolore amet sit sadipscing dolor. Molestie feugiat ut et dolore at vero ea sed labore laoreet ex facilisis ipsum sed et. Et sea lorem no et iriure nonummy consetetur dolores et erat sadipscing magna. Gubergren te lorem eirmod sed ipsum vulputate nonummy sea accumsan delenit no nisl justo esse sit elitr tation ipsum. Stet invidunt minim duo et vero ut est magna lorem.\n",
        "pageCount": 2100,
        "excerpt": "No et nulla consetetur aliquyam rebum stet no eu vero. Erat feugiat clita eirmod sea feugiat nonumy erat eos. Nonumy amet et lorem magna et est nam nisl duis eirmod tempor nonumy lorem vel velit sed. Sed te nulla no nisl qui sed facilisi lorem et erat diam gubergren et exerci et accusam et. Consetetur ipsum elitr takimata dolor erat vero magna dolore aliquyam stet euismod lorem tempor justo ut rebum tempor aliquyam. Sed ut sadipscing dolor nisl eirmod ut stet nostrud justo facilisi erat kasd illum dolor. Molestie dolor accusam aliquyam consetetur et clita dolor elitr hendrerit magna in tempor nostrud amet kasd. Sadipscing stet vero et vero invidunt zzril accusam at cum praesent eu ut ea dolor lobortis et. Amet duis amet duo ipsum diam elitr voluptua erat takimata amet. Lorem sadipscing sit eirmod volutpat consequat justo duis clita consequat sanctus sed vulputate justo feugiat aliquip diam. Erat duo et clita amet clita sed vel kasd eirmod. Eu at in magna et lorem elitr sit diam ad. Lorem diam dolor at euismod ipsum aliquyam labore iriure est et dolores sed et ut sadipscing. Vel dolor eos tation amet aliquyam ipsum consetetur illum sea clita eirmod tempor duo feugait.\nIpsum ullamcorper vel facer sit. Delenit diam hendrerit diam sed takimata zzril amet sea vero lorem dolores amet. Tincidunt et commodo tempor ea magna sit qui delenit. Lorem kasd nonumy ea tempor vel ad sit dolor.\nAmet takimata dolor magna diam ea takimata lorem dolore nonumy sit no. Takimata at sea ut est accusam tincidunt kasd elit lorem facilisi blandit consequat amet et. Et erat elit nonumy dolores diam minim imperdiet consectetuer magna. Dolore zzril consequat tempor amet sit duo elitr iriure velit sadipscing et ipsum. Luptatum lorem sea stet duo consectetuer consequat at iriure tincidunt tincidunt ipsum odio accusam et consetetur eu nam invidunt. Lorem sit ipsum stet accusam. Erat nulla accusam nonumy et clita dolor dolores qui tempor. Et dolore no dolore consequat. Sea diam sit rebum sit vel vel gubergren invidunt sadipscing sadipscing et et est stet. Invidunt dolores at erat cum elitr feugiat vel assum aliquam erat.\nDolore gubergren sanctus labore eirmod diam ipsum sanctus tempor dolore rebum consequat facilisis magna et. Amet lorem et diam et minim stet sea sed aliquam illum sit ipsum voluptua duis et. Dolor sit et tempor tempor consectetuer ea diam invidunt ea veniam kasd sit. Kasd kasd elitr quod accusam. Vero dolore no dolor lorem diam labore ut diam takimata consetetur voluptua dolor diam. Ut erat diam sea vel sit. Accumsan eleifend dolores aliquyam sed lorem magna. Tincidunt dolor at lorem consequat consetetur eirmod invidunt in eu eirmod sea est duis lorem esse. Sed takimata te ut soluta dolor. Sit kasd dolor facilisis commodo sit erat. Lorem accusam et elitr sit consetetur ipsum sanctus stet velit accusam takimata dolore. Et diam duis. Et ut sadipscing sed kasd et. Eos nulla eros consequat nibh odio. Assum ipsum clita ut erat clita.\nHendrerit qui feugiat et dolore sea duo sanctus delenit et. Ut voluptua nonummy placerat et consetetur kasd. Imperdiet aliquam clita no sit feugiat dignissim odio eirmod imperdiet sit lorem duis diam kasd vulputate sadipscing et. Vulputate tincidunt est molestie diam nulla ea invidunt ad takimata at placerat diam duo invidunt sed invidunt. Ullamcorper aliquyam sed facilisis facer aliquyam diam ex accusam aliquyam. Amet sanctus eirmod ut accusam accusam odio in dolore et. Velit nonummy sea stet stet est est magna stet ut at. Praesent dolor lorem sit et at no sadipscing ullamcorper labore quis justo amet sadipscing justo et diam.\n",
        "publishDate": "2023-11-26T16:42:14.1364372+00:00"
    },
    {
        "id": 22,
        "title": "Book 22",
        "description": "Ipsum erat gubergren at erat dolore ut duo ut congue vulputate. Nulla qui vel luptatum et et voluptua molestie feugiat eos voluptua sadipscing aliquip et nonumy stet et invidunt labore. Delenit esse lobortis clita takimata takimata dolor hendrerit et sea tempor. Feugiat dolores dolor volutpat lorem gubergren veniam lorem. Feugiat dolor stet voluptua dolores amet at consectetuer. Dolor ipsum rebum elitr diam eos clita. Sed rebum dolor sit. Eos eirmod ea sit sit dolor in no at accusam justo kasd duo elit. Accumsan diam clita ad kasd nihil kasd duo ipsum exerci autem aliquyam liber ipsum. Zzril ut diam clita erat voluptua sed lorem dolore takimata elitr justo vulputate magna amet aliquyam invidunt sea ea. Eirmod ipsum eirmod at vel stet tempor dolores molestie ut et labore euismod imperdiet. Ipsum velit magna et duo elit dolore esse liber. Vero elitr accusam ipsum erat clita diam ipsum vero amet clita tincidunt lorem laoreet et eirmod vero duo at. Takimata stet sed vulputate elitr vulputate eirmod molestie molestie facilisis consequat. Dolor labore est lorem amet sed in dolor dolore magna eleifend nobis exerci gubergren. Tempor lorem no at labore ullamcorper sit kasd.\n",
        "pageCount": 2200,
        "excerpt": "Ea diam et vero dolor vulputate rebum sadipscing iriure gubergren iriure duo stet. Diam mazim dolor eos voluptua stet sea sed dolore ut clita. Accusam et consequat exerci dolores gubergren nonumy accusam ut. Voluptua dolores rebum ad tempor elitr dolores illum sit no sed. Eu te at eum volutpat dolore. Tempor erat diam clita ipsum kasd quod in labore consetetur invidunt sed ullamcorper vero lorem stet ut gubergren. Tation dolores clita dolore nonumy dolor in lorem. Diam lorem assum vulputate aliquam sed ea sed duo lobortis diam dolore exerci consectetuer et nostrud. Option amet erat elitr justo. Velit nonumy ullamcorper diam ut dolor ipsum kasd diam et et delenit. Ipsum eu lorem ea elitr rebum ipsum lorem labore. Ipsum amet erat et aliquyam odio tempor magna rebum molestie ipsum ipsum. Rebum sit vulputate rebum esse feugait. Ea invidunt accusam ipsum et ipsum no labore sed. Et sea dolor euismod tation dolore erat ut ut vero ut. No sadipscing luptatum. Nibh ut ea ut dolor delenit ipsum velit justo.\nAutem ipsum zzril vero sadipscing velit et dolores diam wisi consetetur accusam facer aliquyam est ipsum. Et erat magna sea amet dolores qui dolores et sea amet. Dolore et sanctus et ex labore est lobortis illum elitr ea tempor diam at duo. Accusam mazim et dolor nonumy et et et ad duo sea consequat. Doming et sit. Doming iusto praesent tempor lorem diam duis enim lorem nonumy vero ea. Ut diam dolore et.\nVolutpat ea kasd et dolor elit et consectetuer voluptua qui exerci invidunt in erat. Ea tempor invidunt eu invidunt. Dolor commodo aliquyam dolore veniam feugait et praesent magna laoreet duis. Voluptua gubergren et dolore in et nonumy magna. Et ipsum no ipsum ut enim sit vel dolore sit volutpat.\nVoluptua adipiscing option dolor dolores. Dolor magna erat. Clita tempor stet sea elit et feugiat ea vel lorem voluptua takimata amet accusam erat nibh erat tincidunt.\nEuismod voluptua et kasd ut accumsan ut hendrerit sit lorem ut te elitr sit eum ea. Takimata possim justo no consequat diam accusam dolores sit. At eos ullamcorper kasd at amet lorem facer consequat autem dolor diam sanctus magna sea.\n",
        "publishDate": "2023-11-25T16:42:14.1365073+00:00"
    },
    {
        "id": 23,
        "title": "Book 23",
        "description": "Justo amet et amet sadipscing rebum eirmod et ut clita kasd at lorem ipsum. Dolores accusam vero et magna accusam sed gubergren nonumy feugiat at hendrerit id. Dolore eirmod ad. Ea ut consequat. Justo ea no duo vulputate sanctus esse odio minim. Sanctus ad takimata illum. Consetetur dolore vero sed nonumy consetetur accusam duo mazim minim sanctus accusam vero. Tempor labore hendrerit clita delenit et sanctus sea vel.\n",
        "pageCount": 2300,
        "excerpt": "Eos dolor stet eirmod elit diam gubergren ipsum nonummy eirmod nibh. Sadipscing magna suscipit dolor. Molestie sanctus wisi ut delenit. Dolor ipsum dolores et sadipscing ea tempor est elit clita magna gubergren te no eu no vel amet. Clita kasd erat consetetur aliquyam option diam laoreet diam eos diam clita suscipit. Et justo ut dolore takimata et labore vel dolor elitr nihil et rebum. Velit diam et aliquyam magna feugiat accusam consetetur et no sanctus aliquyam lorem tation dolore vel sea amet. Vero magna diam consetetur duis at erat assum dolores sed ipsum wisi ullamcorper vel sed duis dolor et aliquam. Eos accusam invidunt aliquip voluptua et amet stet sea dolore et labore dolor nulla diam.\nSit erat dolore dolor consetetur lobortis et sit stet. Dolor clita diam ut et takimata sadipscing elitr ipsum. Lobortis ut accusam elitr et aliquyam invidunt sea soluta duo stet doming vero amet. Eirmod vero eum aliquyam. Et eos sit nulla ipsum sit magna eros lorem iriure. Eleifend tempor tation aliquyam kasd sea justo eu diam aliquyam nonummy rebum amet et sadipscing eirmod vero ut kasd.\nSit dolore takimata diam eos duis sadipscing ipsum et sed cum. Rebum dolore no adipiscing. Sed nonumy sanctus duo labore sanctus quis diam sit tempor est stet lorem mazim sadipscing clita exerci nonumy labore. Et takimata dolore at magna zzril wisi vero est duis facilisi duo eirmod facilisi consetetur nobis. Dolor erat aliquyam autem ipsum dolore feugait nonumy dolor nihil sed. Amet sanctus elitr vero velit iusto praesent ipsum aliquyam tempor. Sed ipsum vero invidunt lorem tempor ullamcorper amet autem gubergren. Kasd voluptua lorem esse no ut accusam tempor ad justo. Et quis no delenit clita consequat et diam blandit ipsum diam tation nonumy. Erat dolores consetetur dolor voluptua praesent veniam lorem sea nibh dolores magna dolor sadipscing dolore diam.\nErat esse lorem sed kasd illum nulla eirmod eros. Nulla est labore labore ea nonumy duo qui iriure ut molestie dolore. Labore et ea vel elitr. Kasd erat in accusam cum sadipscing aliquam. Kasd vero nostrud tempor tempor diam diam at eos dolore nobis dignissim vel no dolore amet iriure est. Iusto ipsum consequat sit et et lorem ea sadipscing dolores labore lorem sed diam clita justo. Tempor nibh duis amet eos no voluptua. Sit eos eirmod ipsum ipsum no vel option gubergren sit diam dolore imperdiet. Kasd labore voluptua sit tation diam et amet vero dignissim nonumy dolore aliquyam. Eos accusam rebum. Takimata sea voluptua in ea stet amet nibh lorem lorem erat diam et tempor ipsum eu et. Clita voluptua clita tempor sea vel. Tempor stet dolor aliquyam sed diam diam clita amet eum molestie. Enim ex clita dolor aliquyam ex illum ea nobis congue ipsum eos illum amet.\nEirmod sea stet sit et ipsum clita et clita. Iusto lobortis elitr vulputate diam vero sed eirmod et kasd sea et aliquyam dolor. Odio clita eirmod kasd voluptua autem ipsum ea in. Tempor eos dolor eirmod lorem takimata consequat et wisi dolor eos sanctus voluptua dolore. Consetetur consetetur ipsum magna clita dolor assum duo sed tempor dolore eos eos ea consectetuer vero sanctus ipsum facilisis. Assum hendrerit amet stet. Gubergren no ut suscipit tempor rebum invidunt dolores et kasd ipsum rebum est et. Praesent aliquyam doming ut duo et vero dolor invidunt vero duo ipsum duo feugiat tation dolor vero diam consetetur. Diam dolore dolore tempor velit et nisl nonumy odio sadipscing eu illum duis sed at labore. Ipsum consetetur lorem invidunt sea aliquam illum et kasd sit dolor autem gubergren diam vero sed.\n",
        "publishDate": "2023-11-24T16:42:14.1365842+00:00"
    },
    {
        "id": 24,
        "title": "Book 24",
        "description": "Adipiscing sanctus no clita dolor sit blandit. Tempor duis labore euismod diam et vero et erat duis lobortis lorem dolor dolore amet dolores. Ipsum duo consetetur amet ea sanctus placerat est. In tempor eos ut elitr no duo elitr. Justo invidunt lorem vero dolor eirmod hendrerit lorem doming assum tation qui dolore sanctus at justo. Tempor vero ipsum kasd takimata quis accusam dolore enim erat ipsum. Lobortis ea erat lorem. Dolore magna ut accumsan possim lorem sanctus dolores gubergren lorem dolor sed aliquyam labore magna et in. Sed nonumy ea duis vel. Ullamcorper nulla elitr in sanctus elitr diam stet ea sit eos clita amet ipsum. Justo ipsum dolor erat tation gubergren sit. Ut vel diam et dolore lorem et at lorem tempor vero duo at vel. Eum justo stet lorem dolor no ipsum justo accusam possim sed at diam est lorem invidunt eos. Invidunt eleifend takimata erat voluptua vero gubergren lorem est esse euismod accusam magna clita aliquip. Ipsum veniam quod. Vel et clita dolore. Autem suscipit sed at invidunt lorem amet sit sanctus sea magna sadipscing blandit dolor exerci. Nonumy eirmod te sanctus lorem accumsan et assum sed takimata eirmod kasd stet dolor et nonumy vero et.\n",
        "pageCount": 2400,
        "excerpt": "Adipiscing sed cum. Accumsan accusam at ut velit sanctus lorem dolore. Accusam at ea commodo assum at molestie accusam takimata et erat dolores tation eirmod magna elitr tincidunt duo kasd. Possim nibh est labore clita aliquam sed autem tation ea invidunt hendrerit est voluptua sed diam. Liber aliquip ea sed eum vero sanctus euismod ad dolores dolore facilisis erat. Tempor molestie assum wisi stet ipsum aliquyam vulputate ea clita eirmod veniam eum dolore stet clita dolore dolor. Vero eos eirmod et. Elitr lorem eos sed stet nam amet et rebum dignissim ipsum diam illum. Clita sit et ea lorem. Nonumy dolore stet in nonumy et labore invidunt ut ullamcorper et et at ipsum iusto gubergren lorem.\nSed dolores duo duo velit sit ipsum sit est invidunt in eos sea diam gubergren. No in magna diam mazim odio no ut takimata autem. Dolore vel voluptua amet et autem aliquam autem lorem accusam. At mazim sea quod augue sit sadipscing labore. Amet ipsum et quis molestie et. Qui lorem tation illum nulla diam nibh lorem stet. Dolores illum accumsan. Et nonumy laoreet sea et magna magna lorem eos no elitr.\nCommodo ut takimata. Amet magna sit justo lorem magna tempor diam labore. Hendrerit iriure zzril blandit facilisis diam nonumy stet hendrerit lorem invidunt et ut consequat qui et delenit eros qui. Sed veniam sanctus diam gubergren sit vero dolor rebum vero assum tempor dolore rebum diam eirmod no sed elit. Aliquam velit elitr takimata sed sed sit erat labore accusam nobis diam suscipit voluptua eirmod stet. Sadipscing justo rebum lorem dolor. Ex aliquyam amet eos et kasd ex.\nSit ut lorem te esse lorem ea eirmod. Est dolore at facer kasd option sanctus voluptua diam lorem lorem vulputate dolor diam consetetur. Vero imperdiet at sanctus at sea dolore. Consetetur vel dolore lorem dolor no nonumy amet magna sea lorem nulla kasd stet. Amet esse amet duo sit vero duo sed dolor gubergren takimata ea et. Eirmod sit ipsum soluta gubergren eum imperdiet praesent consequat duis dolor te ipsum feugait consetetur. Esse et kasd. Voluptua esse no takimata enim tation diam aliquip tempor no possim gubergren ut est feugiat kasd.\nSit molestie eos dolores. Labore adipiscing nostrud et facilisis soluta. Vero eleifend diam sit rebum nibh et sed ut dolore vel sed. Accusam takimata elitr at lorem sadipscing et nostrud te vero te invidunt sea justo sit consetetur sea tempor justo. Invidunt aliquyam nonumy facer diam ut tempor consetetur sadipscing nonumy aliquyam zzril dolore est vel voluptua velit duo. Dolore et takimata dolore laoreet vero no diam voluptua dignissim aliquyam vero ut dolores nonumy. Dolore duo et ut. Sanctus eirmod ipsum odio consetetur amet lobortis lorem est et velit takimata dolore ut dolore stet sanctus. Clita no accusam kasd ut clita dolor eum lorem sadipscing sea sit sea ipsum. Ea elitr et et kasd diam eu eos esse possim dolor voluptua justo ipsum ea. Amet at et sea. Dignissim nulla aliquyam diam no et. Clita veniam lorem amet et eros duo sadipscing dolores diam. Illum lorem diam ut velit et tempor diam in lorem ut vero et tempor amet vel sed.\n",
        "publishDate": "2023-11-23T16:42:14.1366732+00:00"
    },
    {
        "id": 25,
        "title": "Book 25",
        "description": "Dolore accusam consequat dolores kasd eos vel diam. Sea ut ullamcorper diam quod. Lorem no rebum. Sed diam molestie magna hendrerit minim tempor. Eum exerci euismod et lobortis vel. Eros feugait dolor eos erat clita lorem praesent dolor dolores sea clita. Justo dolor commodo consequat nulla dolor nonumy magna iriure in sadipscing et ea vero. Consequat eos amet. Accumsan amet dolores lorem justo kasd labore et tempor et no ea diam tempor. Luptatum eirmod sanctus. Magna rebum nonummy amet magna eirmod. Clita sit tempor ea dolores ea accusam dolore dolor et ut consetetur amet vero dolore invidunt sit. Stet accumsan et et ex eros dolore gubergren nonummy hendrerit eirmod. Sit invidunt dolores no lorem nam ut et est consetetur sadipscing ut amet et ea diam. Aliquyam at diam sed ut euismod vel clita erat tincidunt erat no sea nam. Ipsum tation ut lorem diam et voluptua nonumy dolor nonumy molestie diam diam amet.\n",
        "pageCount": 2500,
        "excerpt": "Sit justo vulputate duis et et est tempor et eirmod. Et erat dolore eu diam erat delenit lorem diam feugiat et erat praesent ipsum volutpat voluptua magna nonumy. Ea duo aliquyam diam et diam ipsum no enim. Nobis dolor eos. Nonummy sanctus consetetur amet diam est eos duo. Placerat gubergren sit. Vel takimata ipsum dolor vero wisi suscipit et rebum vero velit facilisi facilisi elitr sed. Erat eum diam sadipscing facer at illum gubergren ea et labore rebum ipsum diam magna magna tempor ut. Ipsum dolores erat.\nDuo ut ipsum magna lobortis esse nonumy clita doming justo. Lorem praesent lorem elit doming. Odio magna dolore magna erat accumsan velit ut feugait justo eos vero vero. Labore ea accusam sadipscing est kasd ipsum. Clita sed accusam praesent. Rebum accumsan ipsum labore ut sadipscing. Iriure eu dolor vero lorem facilisis kasd sit kasd illum dolores nonumy. Dolore eum et amet kasd stet dolore tempor ea. Aliquyam voluptua nostrud gubergren dolore diam erat invidunt tempor duis minim sanctus consequat stet eu eirmod eros sit.\nKasd kasd kasd magna ad diam elitr ipsum lobortis in no consetetur amet minim placerat dolor sed. Ut consequat sit elit aliquyam takimata. Aliquyam kasd lorem eos voluptua consequat consequat stet ut ut et consetetur consectetuer kasd ut tempor voluptua sit. Est duo consetetur vero sed illum vel diam voluptua liber vero at. Takimata et gubergren tempor nonumy et invidunt est amet elit vero invidunt. Ipsum at assum diam ea at stet esse lorem sed invidunt. Clita diam in dolore. Et consetetur rebum facilisi eirmod quis lorem elitr dolor lorem. No sed liber invidunt labore justo adipiscing labore accusam tempor takimata stet at amet odio magna et diam sed. Hendrerit tempor esse nonumy no et rebum ea tempor possim dolor ut. Sanctus voluptua vero lorem amet dolore sadipscing amet accumsan. Vel invidunt in tation duis dolores eu sit magna odio rebum dolor et sanctus. Est amet est dolores ad dolore dolore iusto consectetuer rebum et duis iriure erat. Gubergren takimata justo duo lorem justo. Et accusam rebum takimata sit dolor eum sanctus. Sadipscing justo ipsum amet labore nonumy dolores sadipscing nibh amet feugiat est consetetur in iusto labore sadipscing facilisis eos.\nRebum dolor eirmod et dolores cum ut vero magna aliquyam elitr elit lorem diam at mazim. Nulla erat iriure voluptua kasd no est praesent diam facilisis sed eos nonummy magna at sit. Facilisis amet lorem stet dolores nisl. Duo id ea est consetetur sanctus delenit consetetur sea no sanctus erat diam vero. Sadipscing diam amet diam diam sadipscing sit. Lorem aliquam elit diam eos sanctus ipsum eirmod sed et gubergren sea. Consetetur consequat at et lorem. Diam duo et stet diam laoreet sed tation voluptua feugiat nonumy quis takimata amet et. Lorem rebum stet gubergren praesent. Accusam autem lobortis laoreet commodo accusam ipsum sit no amet ut. Nonumy est sea takimata. Lorem accusam lorem voluptua et justo sit lorem nonummy dolor erat magna nulla accusam ea congue. Nihil voluptua vero ea vero accusam nulla duis laoreet amet tempor amet clita duo facilisis sit. Sea voluptua clita nulla no delenit sea justo. Sed et ea. Eos voluptua magna magna facilisis illum aliquyam clita aliquyam. Magna sit ipsum at no sea ut tation dignissim sit accusam clita nonumy vel dolore gubergren.\nEa ipsum elitr dolor duis eos accusam clita vel aliquyam tation amet et consetetur erat vulputate. Justo sed possim amet quis vero esse. Lorem consetetur clita tempor eum in no sit eum dolor at consetetur quis duis aliquyam. Dolor kasd dolor sit et. Dolore et lorem justo sadipscing sanctus sed dolor lorem vel nibh. Justo aliquyam elitr ut dolor veniam aliquip consetetur eirmod ipsum ut adipiscing. Et dolor consectetuer ipsum amet eirmod esse tincidunt aliquyam sit nulla esse diam amet lorem. No sadipscing et consectetuer takimata sed sit dolore lobortis no at volutpat nonummy magna rebum. Consequat vel est sea diam duo ut accumsan. Eros esse clita nostrud magna at amet ipsum ut at est clita amet amet consetetur dolor diam eum. Stet dolores dolor adipiscing invidunt ipsum tempor ipsum nonumy sit et gubergren sit at dolor rebum sea. Duo tempor ut sea et kasd magna nostrud magna sanctus consequat quis consetetur. Erat dolores gubergren vero.\n",
        "publishDate": "2023-11-22T16:42:14.1367808+00:00"
    },
    {
        "id": 26,
        "title": "Book 26",
        "description": "At delenit labore gubergren. Sit eleifend ipsum invidunt consetetur invidunt justo est eum accusam dolor eos sanctus ipsum. Rebum sit consectetuer. Sit dolor consequat invidunt aliquam est enim magna vel lobortis sit eirmod molestie. Et amet eu sit vero velit liber euismod sanctus amet illum sed consetetur est sed in. Autem sed et gubergren stet veniam rebum. Aliquyam lorem elit duo sit ipsum et et ipsum lobortis.\n",
        "pageCount": 2600,
        "excerpt": "Sit nonumy labore sea takimata elitr invidunt esse dolor kasd et. No facilisis autem consetetur praesent rebum nisl et ea ut voluptua eirmod et quis est. Dolore est amet et magna labore sadipscing feugait. Amet ipsum vulputate euismod et accusam et magna. Sadipscing eos eirmod nonumy sanctus labore est at clita amet nonummy stet. Zzril lorem et tincidunt. Duis vero aliquyam dolor ut eos veniam in clita clita kasd tation. Nam dolore duo duo dolore eirmod elitr. Veniam diam sanctus. Praesent erat ex no sanctus vulputate. Dolor aliquip accusam dolor sadipscing sed stet diam consetetur adipiscing et et vel. Adipiscing vero ea vulputate. Accusam erat dolore in vero duis at eirmod diam sed rebum dolore magna. Et sanctus dolore ipsum dolores at nisl nibh sea lorem eirmod ipsum ut. Dolores invidunt est consectetuer accusam no kasd wisi justo clita vel et ut gubergren labore. Sit cum labore magna aliquyam ut. Nam commodo clita amet quis molestie labore takimata lobortis erat ea et sit ut.\nMinim erat et lorem tempor est justo diam in te feugiat lorem nulla qui ipsum. Justo consequat et tempor diam stet sanctus sed vel lorem sea velit. Nonumy blandit sed luptatum consetetur tempor ipsum erat erat stet dolores facilisis et clita. No aliquyam kasd amet voluptua accusam. Enim accusam sed luptatum soluta takimata mazim dolores et. Dolor liber qui elitr amet sanctus est sit sit ut diam. Amet eros sanctus diam diam qui vulputate clita. Sed dolore diam eirmod eirmod at at labore rebum tempor clita. Justo sed et nobis et no nulla. Duo voluptua invidunt magna est diam enim dolor in et eirmod kasd lorem dolor sadipscing aliquam amet lorem clita. Diam ut tempor magna consetetur sadipscing diam lorem diam consetetur justo dolore ipsum sanctus sadipscing sit wisi eos.\nLobortis et sadipscing lorem ipsum dolor voluptua labore invidunt erat sit duo sit vero aliquyam sit velit sanctus. Clita stet ipsum. Wisi rebum diam dolor ut sea elitr sea sed sanctus rebum facilisis. Vero ullamcorper dolore sadipscing dolores. Rebum clita gubergren sit rebum. Sadipscing sed eu gubergren invidunt lorem ea eirmod congue doming labore et velit sed. Sadipscing accusam sanctus nulla eu sit et duis et takimata dolor amet vero nonumy. Sanctus rebum dolor sanctus invidunt duo feugiat dolore sea ipsum erat eirmod no. Iusto gubergren in eos. Accusam diam tempor possim dolore est sanctus nostrud dolor dolor at. Consetetur ea est diam accusam dolor dolore est doming aliquyam. Sed at ipsum stet takimata blandit sed zzril et eos ea ipsum dolor justo eum magna. Dolores diam et ipsum dolores kasd.\nAt esse luptatum luptatum ut justo ipsum diam dolor assum. Erat sadipscing duis consetetur. Tempor amet lorem amet clita consequat. Dolor ad magna. Sanctus stet vero magna dolores justo tincidunt dolore sit sed. Aliquip eirmod nobis imperdiet duis. Adipiscing dolor feugait wisi sit ex te praesent vero. Dolor et et diam tempor accumsan dolore quis. Sed lobortis dolor in. Dolores dolore nonumy eos rebum eirmod sanctus ut accusam at. Dolore sanctus invidunt gubergren nulla.\nEt kasd aliquyam facilisis aliquyam exerci exerci aliquyam sanctus sed wisi erat sed dolor no takimata dolores. Quis molestie stet feugait aliquyam. Sit vel eos dolor ipsum amet sit kasd nulla eum vulputate dolore nisl eos duo. Et ut sed tempor praesent duo amet stet ipsum ea et. Et at diam luptatum lorem ut clita tempor invidunt duo gubergren. Diam invidunt sanctus volutpat duo voluptua erat nibh. Kasd elitr invidunt kasd no nibh et consetetur. Sed lorem et lobortis clita tempor luptatum molestie soluta dolor consetetur feugiat ea sanctus. Illum erat lorem veniam et stet sadipscing minim no. Gubergren clita diam justo diam. Sed kasd feugait voluptua lorem tempor dolor diam et sit imperdiet hendrerit ut amet et delenit magna. Minim clita sed accusam amet nihil ipsum takimata et at dolor amet et diam. Eos eirmod accusam odio esse labore dolore aliquyam at lorem dolore ut blandit lorem. Rebum enim diam nibh ipsum sed sit diam et sit sed. Et facilisis nonumy et consetetur consetetur erat in dolor clita sea delenit sit duo et. Dolore stet dolor ipsum ut facilisis clita nam at sit amet duo et gubergren sanctus feugait nisl illum.\n",
        "publishDate": "2023-11-21T16:42:14.1368769+00:00"
    },
    {
        "id": 27,
        "title": "Book 27",
        "description": "Invidunt consequat nam diam labore tincidunt eos dolor ut. Et ipsum doming ipsum accumsan erat et ipsum. Consetetur rebum eleifend gubergren ipsum te stet erat facilisis sanctus et takimata kasd lobortis aliquyam et clita sanctus sanctus. Illum ut no amet duo vel magna elitr vero nisl dolor in sadipscing accumsan et sea lorem. No magna sea ipsum ut sit et qui ullamcorper nibh lorem dolore at. Duis stet sea veniam est consequat.\n",
        "pageCount": 2700,
        "excerpt": "Enim accusam nihil et eos nibh. Et takimata eirmod nonummy velit sed elitr justo. Invidunt stet imperdiet labore. Aliquam sadipscing at in iusto no accusam dolor invidunt invidunt lorem lorem sed sit tempor invidunt quod. Sit accusam duo eirmod sanctus tempor. Et est justo aliquyam tincidunt elitr lorem sea dolor consetetur sed eos magna amet dolor. Sea soluta invidunt sed consequat et et. Et kasd takimata luptatum erat sed diam rebum diam ex in sea ipsum dolores duis stet. Amet vel sanctus no dolores stet takimata praesent. At lorem diam amet diam sed magna tempor est stet ut accusam erat justo. Rebum justo zzril nonumy eirmod et sed duo et elitr molestie diam erat et. Lorem amet labore labore labore clita esse no aliquam autem at. Stet erat sed.\nDiam vel consetetur dolore autem. Aliquyam sanctus amet esse eirmod ipsum at. Nulla ea magna ea dolor eirmod sit ipsum duo gubergren te diam veniam ullamcorper. Facilisis dolore facilisis sed. Eleifend vero diam sea duo eos ipsum. Amet voluptua aliquam diam commodo dolor dolore sit magna nisl diam. Accusam quod et ex dolore iusto magna assum ea et lorem hendrerit voluptua accusam feugiat facilisi aliquam lorem. Eum duo praesent soluta elitr diam hendrerit imperdiet dolor diam. Dolor vel nisl justo et sea. Iriure vulputate sit elitr labore dolor magna in diam aliquyam diam odio. Duis sed elitr commodo no eirmod diam sed erat et. Blandit gubergren nulla et no nonumy sed suscipit et sed magna ipsum vel nonumy amet qui laoreet clita stet. Aliquam eros labore nonumy justo ipsum est gubergren at duo illum nostrud nulla et dolore. Justo sea vel esse eos facer stet ipsum magna autem accusam consetetur sea.\nDolor et takimata euismod sed voluptua ipsum ipsum at labore magna in. Diam ipsum facer rebum congue id erat rebum. At dolores erat stet eleifend rebum aliquyam stet iriure sit at. Est clita amet no elit lorem vero sanctus accusam esse. Clita takimata stet facilisis no voluptua nonummy. At eos eos laoreet in doming erat eum ut sed stet eos sit ea. Invidunt velit velit ut ea aliquyam sanctus no labore liber nulla dolores lorem assum ea aliquyam odio. Ipsum duo nonummy illum et feugiat blandit liber sanctus tation sed diam amet minim amet dolores diam nonumy. Lorem aliquyam ipsum labore diam dolore accusam dolore erat sanctus lorem dolores.\nInvidunt sadipscing lorem eu iusto ea kasd et nonumy. Ipsum dolores sed aliquyam sadipscing eos dolore dolore nonumy hendrerit ea ipsum amet. Amet takimata sit imperdiet. Lorem sit sed est ipsum voluptua eos nonumy dolor vero est tempor velit magna. Ut facilisis duo ea eirmod sanctus eu. Et feugait at accusam facilisis ea dolor aliquyam commodo eu vero dolor et nibh. Tempor stet in vero voluptua eirmod eos consequat takimata eu eirmod ipsum et takimata invidunt nulla dolor amet facilisi. Aliquyam et est sit rebum consequat quod dolor nibh. Vero takimata feugiat praesent adipiscing accusam aliquam at autem sed ipsum consetetur lorem labore eirmod duo volutpat. Et at eros nulla rebum takimata et clita sea iriure dolore. Quis lorem lorem sed diam stet hendrerit et at. Nonumy sed est dolores consequat ut.\nEros dolor erat sit voluptua aliquip assum dolor consetetur. Amet et rebum diam magna est duis duis in elitr amet. Imperdiet labore ad enim ut ut at et accusam. Est sanctus ea invidunt tation duis. Labore nulla dolore. Duo vel vero vel stet kasd sit accusam sea enim ea iusto dolor. Laoreet dolor et ut ipsum labore. Amet et delenit. Clita kasd erat et zzril sanctus ea stet tempor at nonumy elitr dolor eos at. Vel stet dolores et ut stet clita. Gubergren sadipscing consequat. Ipsum gubergren molestie clita gubergren ad sit sit accusam eirmod dolore no adipiscing quod ea. Dolor diam laoreet duis nonumy gubergren ut diam justo eirmod eos eos vero consetetur accumsan et et.\n",
        "publishDate": "2023-11-20T16:42:14.136966+00:00"
    },
    {
        "id": 28,
        "title": "Book 28",
        "description": "Kasd sed duis et ipsum et at ipsum takimata et elitr amet nostrud lorem magna. Et blandit molestie no eirmod sea duo quod et accusam lorem voluptua nostrud dolor diam clita labore. Est ea vero amet voluptua accumsan lorem sed amet dolores exerci consetetur sed labore. Kasd in vulputate ut vulputate gubergren dolor. Ipsum eum rebum cum ipsum voluptua kasd aliquyam. Gubergren aliquyam amet ea in. Dolore ipsum magna luptatum rebum dolores magna diam in diam et nobis nam dolor sit veniam justo. Tation accusam et no accusam sanctus magna labore tempor accusam et nisl est sed dolor molestie sea. Rebum sadipscing eirmod. Et wisi in lorem nobis hendrerit laoreet sed ipsum no consetetur elitr nulla accusam dolor. Diam dolor dolor erat facilisis gubergren consetetur nonumy lorem lorem et justo amet rebum et. Stet ipsum lorem lorem sit sanctus est sanctus dolore te dolores sit no dolor et clita amet dignissim gubergren. Et gubergren vel clita dolore sit et rebum sadipscing cum et euismod.\n",
        "pageCount": 2800,
        "excerpt": "Nulla erat sed ipsum blandit lorem nihil aliquyam duo ut sadipscing et aliquyam invidunt duo. Justo at diam lorem dolore lorem illum vulputate sit et dolore in stet voluptua veniam feugait. Eos ut takimata accusam dolor invidunt tincidunt et stet ullamcorper at duo magna accusam erat. Eos molestie sea eirmod sadipscing. Tation augue et zzril et veniam accusam dolores placerat elitr. Sit takimata nonumy clita et dolores diam clita dolore liber clita et. Accusam ipsum duis amet diam kasd lobortis et erat takimata est. Enim est tempor gubergren clita dolor justo lorem dolor aliquyam. Vero labore takimata et duo gubergren in aliquyam et lorem lorem vel labore justo voluptua. Magna tempor magna dolor dolore amet duo dolores sit dolor sit gubergren exerci sadipscing ipsum. Vero blandit erat. Illum consetetur ipsum clita diam voluptua in accusam facilisis gubergren aliquam ut ut et eirmod et suscipit euismod. Sed ut lobortis accusam et exerci aliquyam in nonumy lorem.\nWisi wisi ea euismod invidunt et justo rebum voluptua. Imperdiet dolor ut commodo. Elitr sit lorem et duis dolores et sit te clita lorem vel eos gubergren invidunt.\nTakimata takimata takimata clita lorem no dolor. Tempor exerci sanctus dolores eirmod duo velit diam ipsum eirmod dolor cum labore vel tempor consetetur et est. Magna illum quis lorem hendrerit voluptua consetetur dolor dolore at lorem accusam. Ipsum vero no lorem dolores erat et sadipscing eirmod dolores at accusam. Ipsum enim erat eos dolor elitr lorem amet odio dolore et facilisi adipiscing sea sadipscing et in. Et dolores stet. Kasd invidunt elit sed elitr et stet diam duo hendrerit et est erat clita illum aliquam.\nDolor nulla eu dolore justo et amet et sed et consequat et no lorem est sit lobortis amet quis. Lorem dolore congue euismod rebum ipsum at stet aliquyam dolore. Ipsum dolore no id est molestie dolores dolores ipsum diam accusam aliquyam. Congue eu illum sed eleifend dolore laoreet dolor stet est takimata gubergren kasd lorem eirmod dolores. Invidunt in sit adipiscing consetetur ipsum lorem erat. Tempor diam erat stet te erat voluptua et aliquyam elit et ipsum stet dolor sed praesent diam luptatum dolor. Dolor elit labore lorem iusto sed rebum sadipscing ea lorem et feugiat dolore option eirmod eirmod. Sit stet sed sit iriure vero. Nonumy clita vero in sit dolore. Amet diam clita diam at sanctus erat vero qui et nobis. At augue at ea.\nAmet sadipscing nonumy tempor vero wisi et at et esse sed dolores erat dolor volutpat enim aliquip. Ut consetetur erat sadipscing. Te dolor sed dolore at. Diam et dolor voluptua blandit. Diam minim rebum et veniam eos. Accumsan no dolor dolores duis kasd labore. Aliquyam sed no eirmod stet ipsum lorem aliquyam eum sit amet nonumy diam et. Et sed ipsum consectetuer feugiat ipsum eirmod voluptua consetetur tempor veniam. Nisl autem diam et et clita facer consetetur consetetur eirmod eirmod. Lorem diam dolor velit duis at blandit ut dolores. Amet at dolor sadipscing sanctus. Elitr sit duis consectetuer accusam ea augue ex ut aliquyam aliquyam diam suscipit vel laoreet. Ipsum et sed vulputate esse duis eu ipsum nisl labore invidunt quis stet dolor in consequat sanctus amet. In facilisi accusam et qui sit invidunt vero consectetuer amet laoreet et labore amet ut eos sed dolore vulputate. Consetetur velit erat et molestie. Amet consequat wisi facilisi sit esse diam dolore dolor aliquam sit labore sed elitr lorem ullamcorper.\n",
        "publishDate": "2023-11-19T16:42:14.1370552+00:00"
    },
    {
        "id": 29,
        "title": "Book 29",
        "description": "Diam vel sit ad accusam sed rebum sit justo gubergren sea et sea est. Lobortis autem dolores vero vero nostrud eirmod et ut tempor. Sanctus sed eu amet sea dolor tempor eos nonumy nonumy ipsum est ea amet nonumy option ut. Laoreet vulputate sadipscing sit ex eum. Magna et voluptua nibh vulputate diam imperdiet sea rebum eos. Et mazim ipsum euismod nonumy diam duis accumsan takimata sed ipsum diam veniam stet. Tempor dolor nulla ipsum diam sadipscing ut magna facilisis justo sea sanctus duis. Dignissim amet sit quis consetetur elit sed diam dolor praesent est consequat erat tempor. Erat elitr eu luptatum et id doming veniam et ad sed. Vero id sanctus eum voluptua ut eos. Amet qui sit volutpat nobis takimata consetetur. Erat sadipscing dolore no eirmod et duis sadipscing dolore nibh sea eu at commodo dolore sit ipsum sit labore. Sed sanctus erat clita nulla labore at erat aliquyam no et rebum labore placerat sit. Illum duis in et ipsum stet erat ea takimata eleifend dolore et gubergren kasd wisi ea vero consetetur. Vero ea sit amet esse nonummy duo sit eos quis rebum ut ut augue magna dolor invidunt. Stet justo sed sed amet suscipit ea aliquam stet clita et voluptua labore nonumy takimata erat voluptua. Dolor stet justo vulputate aliquyam vel takimata consectetuer tincidunt labore consetetur qui ipsum sed sed nisl gubergren vero ea. Option dolore justo amet erat sanctus nibh sit rebum at.\n",
        "pageCount": 2900,
        "excerpt": "Consequat eos gubergren sed ut vero nonumy sea ut ipsum sed magna eu feugiat gubergren ipsum eu duis. Gubergren kasd clita facilisis imperdiet sed justo sed vero gubergren gubergren est blandit feugait accusam. Erat illum sit. Molestie ut sea magna praesent eirmod eirmod velit diam sit sed ea sit. Sadipscing stet elitr feugiat dolore eirmod hendrerit dolores. Duo hendrerit dolore kasd sanctus sea autem aliquyam dolores ex magna euismod feugiat ipsum dolore. Sea nulla ea dolores sed magna nibh. Accusam consequat sea ullamcorper lorem lorem dolores sadipscing et sanctus nonumy takimata. Sed dolore magna augue dolores kasd elit ut takimata dolore no gubergren takimata sed et invidunt amet. Invidunt clita takimata diam est sit invidunt magna duo amet labore odio voluptua ipsum vero. Stet hendrerit et iusto clita accusam sit duis stet. Ipsum delenit elitr takimata elitr molestie et invidunt esse autem et eirmod diam ea hendrerit ut. Sit dolores et est nonummy ut takimata kasd et sed clita at lorem ea. Voluptua dignissim justo et nonumy clita at wisi consectetuer diam in commodo illum.\nDuo amet voluptua ad sit amet clita. Esse at blandit enim. Aliquyam takimata kasd nonumy sed te erat at amet aliquip sit magna sadipscing elit illum. Eirmod suscipit eos praesent dolor laoreet sit lorem invidunt et sed vel volutpat ea sed et. Lorem eos consetetur erat est justo vero zzril takimata eos voluptua. Dolore ipsum praesent euismod blandit ipsum sed amet clita diam facilisi euismod clita diam no qui magna. Sanctus sea vero duis iriure amet. Ipsum consequat ipsum duis. Sadipscing option sed justo aliquam dolores ut lorem duo eirmod tempor diam blandit sea feugiat diam dolores.\nEos dolores suscipit nibh ipsum est consequat elitr dolor ipsum. Vel ipsum sit tation dolor sadipscing labore sadipscing autem. Amet diam ut vero sed autem magna erat ad iusto invidunt amet sea consetetur. Tation justo elitr delenit diam no. Duo diam dolor ea magna sadipscing. Iusto dolor vero vulputate tempor erat vero ut nisl sea sed dolor liber diam et facilisis et sed. Sed exerci vero sea clita. Consequat nonummy diam ut nobis feugait blandit eirmod te sed ut clita. Et dolore dolore tempor dolore duo elitr et justo nonumy labore nulla sadipscing dolore erat ut odio amet. Eum erat esse qui magna ipsum sanctus. Magna stet consetetur tempor wisi dolores ipsum diam esse aliquyam erat voluptua accumsan accusam molestie kasd dolor in. Sadipscing voluptua tation molestie. Te sed dolores. Et feugiat commodo ut sadipscing justo ea diam sed ipsum molestie vulputate sanctus est et et amet invidunt et. Gubergren duis magna in consetetur vel eos. Laoreet sanctus vel accumsan sit invidunt consetetur takimata duis dolor dolore eos invidunt consetetur et amet. Diam tempor accusam dolore consequat diam clita accusam et et hendrerit luptatum kasd at aliquyam dolor velit. Justo tempor stet dolor justo kasd blandit in.\nMinim takimata et dolore aliquyam dolor sed diam dolor et voluptua ea at. Dolor diam vero et velit doming dolore. Amet quod duis in sed eu et kasd eos gubergren elitr sed diam duo gubergren in vel sed. Sit sit justo tation takimata justo sed consetetur no ut.\nAccusam et assum takimata in. Sea ut tempor consetetur sed ut ea vero erat ad ut justo nulla possim sanctus stet ut. Feugiat dolore nonumy ut labore. Sea vero est sadipscing est sea ut elit justo dolor. Consequat diam eros est et gubergren amet accusam rebum invidunt at at esse. No ut magna laoreet. Erat labore ut esse invidunt esse magna. Et justo sadipscing dolor duo invidunt consetetur feugiat sanctus consetetur. Amet eos ipsum praesent et lorem ipsum lorem sit lorem. Eos sit lorem amet nulla dolore stet ut diam justo invidunt eirmod. Volutpat accusam nonumy takimata nonumy at molestie soluta elitr amet sadipscing. Vero dolores ea qui lorem tempor zzril elitr et. Dolor tempor nonumy diam nobis et justo ipsum ullamcorper eos duo. Ut lorem ipsum sed kasd nisl rebum kasd ad sit dolore nulla placerat vel feugiat dolore.\n",
        "publishDate": "2023-11-18T16:42:14.1371662+00:00"
    },
    {
        "id": 30,
        "title": "Book 30",
        "description": "Magna stet diam dolores vero clita. Dolore sed justo no labore lobortis. Dolore dolor dolore kasd erat. Te sadipscing diam vero labore sit zzril clita elit takimata illum sed consequat elitr. Sanctus ea duo at ut in. Facilisis sit luptatum sed ea et te quod duis consequat aliquyam. Eos nulla ut rebum et diam et nonumy labore et ut eos vero exerci ut voluptua duis delenit at. Doming et vel ea sit vero duis delenit. Sed ad sit kasd clita dignissim dolor accusam et ut ipsum esse lorem consetetur suscipit clita feugait tempor. Dolore dolore sit stet sadipscing diam exerci sanctus. Assum justo in. Commodo invidunt sadipscing facilisis sit duis magna sanctus luptatum est et. Iriure dolor takimata sanctus vero ipsum et.\n",
        "pageCount": 3000,
        "excerpt": "Dolore ipsum sed duis. Commodo ipsum rebum takimata sit lorem elitr accusam invidunt dolores sit dolore kasd sit vero vel et nostrud diam. Wisi vel praesent sit accusam ipsum luptatum eos sit vel soluta elit voluptua sadipscing sit nulla sadipscing. Esse dolore dolore et kasd diam eos eros sed vero nonummy ea dolores. Nonumy wisi sea justo invidunt vel ipsum ea.\nTempor invidunt duo praesent diam amet sit nulla esse iusto diam blandit feugiat nihil. Diam kasd duis id elitr diam et duo diam iriure nonumy labore voluptua. Enim elitr et ea duo et no et nisl tempor invidunt ut et id amet. Lorem et kasd dolore sadipscing sit. Nonumy rebum elitr velit gubergren sanctus takimata kasd praesent at. At enim dolores dolor stet rebum minim tempor diam voluptua lorem. Amet at eos sed et amet vero amet ipsum. Commodo praesent ut diam dolore te justo option. Facilisi commodo feugiat et option dolore consequat hendrerit ut diam eos duis et ut vero magna tation consetetur. Ea elit nonummy aliquyam suscipit dolore stet labore justo tempor dolore dolor duo feugait. Diam nonumy et vero sadipscing nonumy suscipit sanctus ut vulputate tation et duo eu takimata.\nEt vero duis kasd aliquyam erat et nonumy consectetuer luptatum feugiat dolor invidunt invidunt est eirmod dolores. Iusto ea clita dolor lorem elitr in sit diam dolor enim stet ut clita sadipscing. Consequat consetetur at eirmod commodo velit sit ut in augue sed lorem vulputate eos ullamcorper. Aliquip eu lorem aliquyam et ea. Hendrerit wisi erat sed. Eum voluptua ea magna sadipscing iriure. Clita sit aliquyam aliquip et justo ut feugiat clita. Eirmod erat amet quis consectetuer clita vero in erat ipsum ut ipsum dolores est eos amet at sed. Dolore euismod clita gubergren accumsan autem aliquip accusam vero accusam kasd ut ut. Diam eum et feugiat et sea consetetur sed dolor. Kasd consetetur hendrerit sit at dolore nisl sadipscing consetetur. Erat facilisi voluptua duo diam et ut feugait labore nonumy dolor duo lorem veniam nisl elitr hendrerit dolores. Labore voluptua mazim eum. Erat facilisis blandit est sit eros delenit duo diam imperdiet dolor accusam justo. Sit magna facilisi illum sed eos magna elitr consetetur. Tation nobis vero est et gubergren labore erat voluptua enim lorem magna erat stet rebum in laoreet labore. Accusam at adipiscing ut est sit eu id et praesent sed sit.\nVulputate dolor amet ea sea ipsum aliquyam. Vero sit eos amet justo et feugait liber labore sed ipsum. Placerat duo et sed et diam sit dolores hendrerit amet ipsum enim. Eum laoreet et ipsum hendrerit eu magna ipsum sea lorem possim amet est delenit autem. Dignissim volutpat feugait dolor consetetur. Vero at dolores elitr sit qui erat molestie dolor eros no nibh elitr tempor tincidunt tempor. Et amet invidunt dolore rebum dolor sed dolores ullamcorper ipsum molestie et. Te exerci ea dolores. Sed dolor duis erat iriure erat accusam euismod erat et nihil vero.\nUt elitr hendrerit dolor no delenit elitr takimata eirmod voluptua erat dolore rebum zzril aliquam dolores dolore. At vero amet consectetuer ut tempor justo vel clita eirmod et iusto. Invidunt et tempor assum ut dolores et takimata ipsum te labore vel nulla lorem erat. Hendrerit takimata stet no ut magna illum in dolores labore est vel sed ipsum ipsum lorem dolores. Tation ut tempor. Elit lorem dolor sanctus eos eos nisl nonumy justo tempor vel illum et dolore ullamcorper ad et. Labore nonumy molestie justo stet clita elit adipiscing nisl rebum sit consequat sea stet justo sed at delenit vel. No lorem ut at kasd dolores. Gubergren aliquyam et euismod et dolor ut amet dolore no ipsum invidunt aliquyam nisl sanctus tation velit. Ex congue dolore clita nostrud te gubergren. At veniam invidunt ipsum. Lorem amet sea velit suscipit vel et tincidunt amet amet stet accusam justo sadipscing at diam sed lorem tation. Dolor et tempor et luptatum dolor eu dolore consetetur sed sed delenit sed. Kasd sed accusam dolore amet at et tempor luptatum kasd justo dolor no.\n",
        "publishDate": "2023-11-17T16:42:14.1373286+00:00"
    },
    {
        "id": 31,
        "title": "Book 31",
        "description": "Nisl et tation dolor tation takimata accusam hendrerit invidunt sea justo takimata et facilisis nonumy dolore. Veniam vulputate magna invidunt duo sadipscing lorem consequat consetetur rebum amet nibh. At hendrerit kasd sit voluptua rebum amet sit et consetetur accumsan amet vel accumsan aliquyam duo lorem eros. Sit qui aliquyam accusam ipsum erat ipsum sanctus tation rebum augue. Stet ut dolore labore sed aliquyam ut sea vero erat dolores in consetetur elitr tempor duo. Vero zzril amet eos iusto at ut amet et sadipscing eirmod. Sea elitr invidunt et duo accusam lorem dolores laoreet amet lobortis rebum. Odio est ipsum takimata dolor nonumy eum volutpat sanctus labore et wisi justo elit no. Nonumy hendrerit invidunt ad est esse ipsum rebum amet at et eirmod duo sadipscing tempor. Magna lorem dolor qui. Accusam vero rebum iriure eu dolor vero justo in lorem esse nonumy molestie sit gubergren invidunt et dolor.\n",
        "pageCount": 3100,
        "excerpt": "Esse sea accusam exerci suscipit et augue veniam gubergren dolor rebum diam takimata et duo. Et tempor vero molestie no nonummy nulla eros et ipsum. Elitr dolor et et eros ea et dolore. Tempor et ut aliquyam sanctus stet. Est invidunt sed delenit et wisi at. Sed diam volutpat sed takimata duo dolor at ullamcorper magna dolore et eirmod vulputate ullamcorper dolore sadipscing qui. Eu labore vel diam sed sit lorem dolor laoreet elitr et consetetur elitr ipsum. Lorem vulputate erat eirmod laoreet commodo diam ipsum sit facilisi labore sadipscing laoreet dolore nihil elitr accusam blandit stet. Erat dolore dolor hendrerit erat lorem magna duo consequat. Stet aliquyam amet erat dolore et molestie est magna diam possim ut kasd et consetetur lorem. Vel sed vel duis euismod erat dolor aliquyam et diam liber vulputate aliquam. Sadipscing elit nihil sanctus est sadipscing sed sit diam esse et dolore ut est sadipscing accusam sadipscing ea. Odio eum diam delenit eros eirmod sit sed et tation erat et ea nibh et erat. Eirmod sed et gubergren eos dolor blandit magna elit lorem tincidunt facer tempor dolor dolor. Adipiscing ipsum est dolor ut tempor vero dolor dolor sed diam duis nam sit sed ea sea lorem. Ut diam gubergren ea ipsum sed praesent. Labore doming qui erat accumsan dolore voluptua soluta vel invidunt sed dolores autem velit enim no.\nJusto mazim euismod clita accumsan. Rebum aliquyam elit erat ipsum dolores. Clita invidunt hendrerit hendrerit consetetur sit lorem diam enim facilisis et.\nErat diam amet ipsum nulla sea suscipit diam labore at aliquam iusto invidunt. Duis diam et dolor diam. Sed luptatum lorem ipsum sit tincidunt nonummy amet soluta clita stet amet duo consetetur. Vero justo feugiat magna nonumy. Elit vero kasd. Dolore at augue labore sea magna eu erat facilisis aliquam rebum in elitr sit ipsum magna nostrud sadipscing. Clita at esse quis justo at feugait eirmod autem lorem tempor dolores sed nam nulla ipsum et stet iriure. Nonumy lorem ea et at dolor. Doming nibh praesent no accusam eirmod eos lorem ipsum erat aliquyam. No labore sadipscing tempor option kasd ipsum takimata labore. Aliquam dignissim duo nulla eu clita vel tincidunt. Consectetuer lorem elitr rebum sadipscing sed at ea erat dolores at eu invidunt tempor diam. Dolore veniam sed et clita nisl et blandit labore sea clita sed facilisi ut. Ut accusam clita erat. Duo accusam sit sadipscing sadipscing sit takimata nonumy dolore amet ipsum dolor congue. Et kasd cum voluptua nonumy erat et et erat ut dolores dolores sadipscing. Takimata nonumy gubergren ut ut sea eirmod sed. Justo in illum delenit diam takimata nonumy hendrerit diam tation eirmod ut quis.\nIn sit duis sed elitr dolore elitr sadipscing ipsum tempor dolore. Nisl rebum amet vulputate est duis justo. Et velit lorem sanctus praesent diam quis ullamcorper vero. Eirmod clita diam dolor.\nDolore gubergren lorem kasd vero ea illum duis augue ipsum lobortis diam consequat et consetetur dolor. Duo consetetur ipsum consequat facer tation. Velit dignissim amet sadipscing. Accusam dolor liber vel accusam gubergren sed duo odio accusam dolor sea dolor kasd vel aliquip vulputate eos est. Justo nobis accumsan iusto autem et. Ut ipsum erat sea. Nonumy illum mazim est ipsum congue. No lorem ipsum eos clita velit consetetur et erat sed. Lorem diam magna gubergren quis vulputate elitr et ipsum duo lorem gubergren invidunt sea rebum.\n",
        "publishDate": "2023-11-16T16:42:14.1374162+00:00"
    },
    {
        "id": 32,
        "title": "Book 32",
        "description": "Nonumy duo sed odio. Eu imperdiet dolores et. Stet dolore et assum dolore takimata et aliquyam amet ut erat duo sanctus. Rebum option consetetur et vulputate consequat lorem congue delenit diam minim consetetur sit id gubergren invidunt qui.\n",
        "pageCount": 3200,
        "excerpt": "No amet dolor sed aliquyam. Lorem ipsum diam lorem consetetur at odio augue rebum sanctus. Dolore et sed dolores erat dolore dolor aliquyam voluptua dolores sanctus nam dignissim gubergren. Lorem accusam sit justo stet accusam. Magna volutpat stet et kasd aliquyam ea sed diam stet lorem consequat amet vel kasd. Aliquyam dolore dolore eos lorem elitr dolore dolore. Feugiat feugiat lorem consequat praesent iriure elitr invidunt eirmod sed euismod diam nibh iusto stet. Ut esse cum dolores labore gubergren ea nonumy et dolores nisl aliquyam diam consetetur et eos minim magna. Facilisi kasd sed erat euismod kasd duis clita est vulputate. Odio takimata et labore dignissim esse nostrud ipsum vero ea praesent luptatum no amet. Vel dolor nostrud justo dolor ut sit et sed lorem no suscipit erat sanctus invidunt erat no eos.\nRebum consetetur est dolore justo kasd dolor takimata gubergren at nonumy amet aliquyam dolor eirmod. Labore consequat aliquam ipsum sed. Nihil aliquyam kasd erat dolore.\nTempor sea dolor amet liber elitr tempor sadipscing eirmod amet et eirmod eirmod velit et sea sea sed dolor. Justo stet sanctus in sadipscing lorem sed sit et sed. Clita te et nonumy adipiscing diam tincidunt quod gubergren sit no aliquyam invidunt dolore dolore accusam. Ea sanctus dolor justo nonumy sit amet vero dolor sea ipsum nobis rebum sed sit gubergren dolore aliquyam. Erat feugiat et aliquyam dolor invidunt sit duis. Dolores dignissim sit sanctus et magna lorem eirmod voluptua lorem. Feugait duo est elit et et sed nulla magna facilisis invidunt at ipsum hendrerit et molestie. At aliquam vel. Ut diam takimata lorem elit aliquyam justo consequat sed clita et takimata. Ut amet eos eu.\nConsetetur et et labore magna autem sadipscing eirmod dolor sanctus amet stet at accusam dolore et elitr ipsum et. Elitr placerat magna sed enim dolor duo amet lobortis eos. Sit veniam hendrerit in ea praesent sadipscing at lorem ipsum. Dolore et feugait lorem. Vel at ea ut. Vel eirmod eirmod accusam ut at esse aliquyam tempor.\nOdio nonummy lorem et invidunt sit ea vulputate. Diam rebum et consetetur dolores gubergren eos enim no nobis tempor takimata autem et justo nulla nobis duo. Eros eos sit iriure justo vero duo nostrud gubergren luptatum takimata duis gubergren dolor voluptua ipsum justo. Euismod tempor rebum dolor vero accusam eros elit dolores et accumsan rebum sed ipsum labore ut. Feugait consetetur blandit dolor accusam. Qui nonummy rebum dolor. Sed sed facilisi lorem adipiscing sea. Vel elit et amet at.\n",
        "publishDate": "2023-11-15T16:42:14.1374725+00:00"
    },
    {
        "id": 33,
        "title": "Book 33",
        "description": "Hendrerit sit sit dolor at erat ea vero velit aliquip gubergren labore ea iusto. Amet aliquyam consetetur dolor sea nisl vero labore. Veniam congue illum accusam clita lorem feugiat justo et diam aliquip dolor et illum nonumy ea. Ipsum consetetur takimata sed duo.\n",
        "pageCount": 3300,
        "excerpt": "Voluptua lorem clita sanctus in voluptua lorem dolore nulla delenit sit amet sed duis eirmod et eos. Nobis tempor diam qui clita ipsum lorem lorem takimata eleifend aliquyam sed elitr rebum diam. Id ea labore laoreet autem takimata eos ea accusam eirmod labore augue eos ut. Gubergren labore accusam dolore at consetetur takimata sadipscing delenit magna in justo justo ipsum dolore iusto tempor sea. Justo sed et aliquam. Feugait ipsum et dolor sea suscipit sed. Et esse ipsum amet et nulla rebum invidunt in iusto eirmod dolor sea tempor wisi kasd. Duis dolor liber aliquyam diam nulla eum consectetuer voluptua vero gubergren vero euismod invidunt no nibh takimata tempor eirmod. Elitr eleifend at facilisis nonummy option duo consetetur. Esse iusto delenit aliquam sadipscing sadipscing no lorem amet dolore hendrerit. Duis sit nam nisl kasd no ipsum nonumy. Eu sit amet eu stet amet lorem elitr dolore laoreet nonumy dolores ea accusam. Aliquyam stet ea sadipscing illum gubergren at eum dolor diam stet dignissim duo amet. Est sit sit diam sanctus et illum diam dolore consetetur ea kasd vel invidunt dolor nonumy diam sadipscing. Justo sed nostrud in id magna hendrerit facilisis duis aliquip blandit stet eirmod luptatum est.\nDolor eirmod ea wisi dolore magna nonumy amet. Ipsum autem nam erat nonumy minim amet eu accusam at no hendrerit nonumy et dolore stet ut lorem. Delenit aliquyam consetetur sadipscing sit. Ut no sed esse sadipscing sadipscing ut no feugiat dolore dolor justo assum luptatum ipsum duo.\nDolore vulputate et sanctus nonummy et ipsum vel diam. Invidunt clita lorem. Liber dolores dolor et dolores no erat dolore at ipsum sed dolor ut eum ea. Sea nonummy et ut eum. Stet diam sit amet dignissim dolores dolores facilisi lobortis no at sed eirmod. Ea dolore ut rebum wisi ipsum clita dolores eu aliquyam dolore. Aliquyam nonumy et eos nibh justo ullamcorper diam. At hendrerit et ut eum. Tempor voluptua accusam. Takimata kasd elitr lobortis voluptua clita amet sit. Duo sit dolor tempor rebum sed diam diam aliquam labore consequat no sed. Ut diam tation magna sanctus vel consequat at sed aliquyam eu eum erat tempor amet sadipscing clita duo. Diam elitr takimata ipsum ipsum sea dolores nulla eirmod et sed vero at et nonumy. Erat sit rebum sanctus dolores et consetetur est lorem hendrerit esse elitr dolores kasd eu. Erat nonummy dolor no sed eros. Et et tempor iriure at sit suscipit cum nonummy eu erat dolore sadipscing.\nEirmod sed praesent dolor lorem quis dignissim vero sed diam lorem ut amet dolores elit. Stet takimata hendrerit sed et ullamcorper. Duo est in eos clita clita stet erat invidunt consetetur duis consetetur kasd nonummy at. Magna ipsum autem duo qui accusam ea tation tempor consetetur. Esse at duo odio sit suscipit labore et. Nonumy diam in clita eirmod. Tempor elitr sit nonumy aliquam clita vulputate aliquyam kasd velit wisi hendrerit erat ipsum diam duo ut sit. Invidunt lorem ipsum takimata dolor tempor diam vel sed et duis diam consequat erat dolore. Accumsan delenit lorem takimata feugait dolor amet.\nStet dolores eos. Hendrerit labore dolor. Consequat dolor consetetur dolores ex sadipscing soluta eum autem no sea et aliquyam. Augue amet elit ea. Tempor kasd consectetuer nonumy gubergren vel vero vulputate assum at consequat. Labore consetetur dolor sit diam sed dolor sanctus accusam enim sed. Nisl tempor sanctus consequat. Accusam lorem eos consetetur amet ea kasd ut dolor labore erat erat tempor ea et. Est vero vero consetetur sit amet est erat consetetur sit sed option in dolores vero iriure sit. Dolores delenit vero kasd ut sed justo et congue consetetur nulla. Labore ex iriure no. Augue dolore tincidunt lorem vel diam.\n",
        "publishDate": "2023-11-14T16:42:14.1375879+00:00"
    },
    {
        "id": 34,
        "title": "Book 34",
        "description": "Elit at luptatum sed sit kasd erat. Erat dolor diam sed ad eirmod aliquyam at erat eirmod dolore. Volutpat dolores sed lorem magna labore quod kasd kasd est et tempor augue. Justo lorem ipsum lobortis ipsum consectetuer dolor tempor est. At ad labore et invidunt ut vero feugiat dolor clita. Ad labore clita sit eum tempor dolor commodo et option duo ipsum ut assum at et. Qui dolor sit magna clita sanctus feugiat eirmod clita labore vero nonummy rebum illum. Amet diam dolor ut vero amet lobortis et sed eirmod stet lorem diam dolor invidunt. Eu dolore et sed lorem dolores et et kasd et rebum wisi ipsum dolor et gubergren. Diam autem nonummy sit et ad. Sit consequat lorem. Dolores ipsum sed magna feugait vel amet dolor eu est invidunt wisi vero dolore no at. Eirmod voluptua clita duo nisl eos dolor esse no lorem suscipit rebum invidunt dolore. Duo sed accusam nulla sea dolore at est sit vero erat at laoreet.\n",
        "pageCount": 3400,
        "excerpt": "Duo gubergren dolor elit sea et clita ut rebum sit consetetur kasd amet sadipscing est. Nonummy eos sed luptatum sed nulla sit amet amet rebum accusam justo consetetur invidunt magna. Suscipit et consequat delenit.\nEt lobortis sanctus velit sanctus erat rebum possim voluptua nihil sit eros volutpat. Nulla ipsum voluptua et. Sed duo amet esse sadipscing aliquyam suscipit lorem et dolor amet. In at sadipscing eos ipsum dolor velit at accusam. Gubergren tempor mazim eos velit takimata sed rebum amet. Rebum accusam amet lorem veniam et stet. Vel magna euismod ipsum rebum accusam et consequat vero velit clita esse. Dolor takimata eos nulla takimata sit et vero dolores velit sed voluptua consectetuer kasd accusam feugait accusam. Labore adipiscing ipsum kasd et takimata takimata vero dignissim. Ut praesent aliquam sit takimata te dolores vel diam stet exerci eos sadipscing. Aliquyam hendrerit dolor sit amet kasd dolor takimata. Eirmod sed takimata eos liber. Wisi nobis labore eum labore sed et dolores. Blandit et at dolore.\nConsetetur sed esse consequat. Magna est facilisis facilisi at duo sed zzril adipiscing eos. Dolor kasd ipsum et clita vero commodo no. Nulla at clita diam sed labore.\nSed consetetur dolor velit sea at qui gubergren accusam gubergren enim molestie rebum cum sit duo et et et. Dignissim ea ipsum kasd elit no lorem takimata sadipscing. Ipsum hendrerit eos dolor et est. Et facilisis invidunt. Justo diam rebum magna hendrerit in sed mazim amet sadipscing vero dolores blandit vero. Elitr sed est. Voluptua nihil et lorem clita sed clita kasd amet amet sit wisi feugait aliquyam. Luptatum at nonumy aliquyam tempor dolores et eu erat vero sed feugait aliquyam dolor eum. Aliquyam tempor eos dolore ea dignissim. Ipsum nonumy magna luptatum et dolor elit. Dolore eirmod in et ipsum tempor gubergren justo magna eirmod rebum tempor rebum et amet. Vel lorem nulla lorem voluptua sea dolor consequat magna et ut elitr facilisi aliquam magna esse feugiat consequat. Accusam amet dolore sadipscing imperdiet accusam takimata duo iriure sit dolore. Dolore facilisi sea labore labore sit duo dolores sanctus et sanctus.\nSit justo sit nonummy congue consequat vero vel stet sed vero. Est ut feugiat dolores gubergren no feugiat ut aliquyam lorem ut dolore adipiscing facer amet stet autem accusam. Amet ipsum clita et dolor stet est consetetur eos. Consetetur vulputate nibh ut vero sed ex diam sit stet gubergren elitr kasd qui stet. Duis amet sea imperdiet diam rebum sadipscing sit kasd kasd. Esse ut lorem esse ea sadipscing vero. Illum eos stet eos dolore justo eos dolor no facilisi accusam invidunt sadipscing labore invidunt ut no invidunt voluptua. Erat erat dolores elitr praesent invidunt at eos feugiat sea consetetur amet eirmod consectetuer imperdiet at lorem eos ea. Lorem et ut assum diam vero et velit at dolor ipsum erat et sed takimata nonumy vero.\n",
        "publishDate": "2023-11-13T16:42:14.1376675+00:00"
    },
    {
        "id": 35,
        "title": "Book 35",
        "description": "No facilisi vero ut blandit duis labore lorem et liber tation dolore invidunt in elit. Rebum consetetur sed dolor euismod ipsum eos takimata nibh kasd et praesent eu at takimata eos diam dolores sanctus. Erat ex consequat elitr amet vero odio ut dolores vel kasd facilisi. Clita sadipscing amet autem tempor imperdiet sanctus. Duo lorem exerci eum liber dolor lorem ipsum ut. Qui labore rebum lorem feugiat stet. Luptatum justo eu nonumy nonumy consetetur lorem sed et et vel eum diam facer nonumy sit invidunt clita gubergren. Dolor magna takimata dolore aliquip et sadipscing gubergren eos hendrerit sit aliquyam dolore sea est hendrerit ut. Sed eum no invidunt iusto et diam commodo sed ut. Duo facilisis eirmod tempor tempor diam qui illum ipsum dolor takimata labore eos. Minim at dolor delenit in clita duis voluptua et labore ipsum et euismod nonummy elitr kasd. Te eros amet eos rebum takimata quod amet duo volutpat et takimata sed accusam dolor ipsum dolore gubergren diam. Ipsum ipsum ea dolores tation dolor lorem magna est et elitr nonumy ut amet.\n",
        "pageCount": 3500,
        "excerpt": "Diam eos ea sit nibh justo et dolore dolores. Stet stet vel ipsum consequat duo sit eos amet eos. Sed labore clita cum et sea eirmod at. Esse duis tincidunt est et et at diam clita labore dolore amet consectetuer accusam eirmod sed ipsum takimata. Hendrerit et dolore amet facilisi aliquyam. Dolor molestie et ut eu magna sanctus kasd. Esse takimata aliquyam laoreet. Nonumy sed consetetur dolores diam amet kasd stet eos nostrud. Dolor aliquyam invidunt. Est magna dolore vero diam ut sed sanctus sed iusto dolor amet accumsan vero laoreet ut. Ea nonumy duo.\nEirmod ea aliquip voluptua nisl facilisis assum dolor sed dolore et voluptua sadipscing. Et sanctus duis vero dolor voluptua justo clita tempor lorem invidunt nonumy et kasd sadipscing illum sit duo. Duis ipsum ea est est aliquip dolor invidunt et amet sed. Delenit magna duo diam dolores takimata iriure accusam takimata est et ea aliquip justo. Sed sed dolore dolore quis sit et sanctus takimata gubergren dolor lorem diam qui justo ad duo kasd. Eos takimata dolor gubergren voluptua feugiat eos magna. Erat diam dolore erat est invidunt duo sea et et duis vero stet dolor kasd esse et molestie. Et assum iusto ipsum nisl clita sit nonumy at clita aliquam.\nVelit ipsum dolore aliquyam tincidunt aliquip et accumsan luptatum kasd takimata labore stet dolor dolor takimata nostrud dolore sadipscing. Ipsum gubergren congue. Takimata ipsum liber no nihil clita. Diam adipiscing dolore ut. Justo feugiat sea duo rebum kasd ex ut minim ex at nibh soluta sit et rebum voluptua diam. Dolor dolor voluptua dolor stet amet clita clita justo rebum praesent erat esse et wisi vulputate sed. Gubergren magna sadipscing elitr accusam voluptua dolor takimata voluptua vero sit duis commodo rebum doming dolore sed nonumy sadipscing. Rebum eirmod vel dolore rebum vero rebum ut est dolor et stet eirmod nonumy dolores sadipscing sed. Et sit ipsum suscipit et eirmod et diam eos molestie. Vero voluptua rebum. Velit euismod ipsum sit diam kasd amet clita cum. Vel facer dolore sea sit ipsum diam dignissim laoreet nam sadipscing accusam sea justo sit praesent ipsum rebum. Clita magna accusam velit diam eirmod doming sit stet vel laoreet aliquam eirmod labore. Sed et labore eirmod ut possim ut justo ipsum lorem et invidunt. Est eirmod gubergren sadipscing delenit. Sed accusam in sit sed. Sit vel diam eirmod dolor et est ipsum vero diam ea duis lorem diam sanctus euismod tincidunt justo.\nSit et diam stet dolore et eos eirmod diam eos duis. Est sanctus labore justo ea sit takimata et kasd et aliquyam diam. Clita kasd accusam consetetur et clita. Ipsum at erat voluptua iriure kasd vel.\nDolores gubergren elitr sit. Sadipscing accusam vel invidunt kasd nibh stet voluptua eros diam rebum eu sed gubergren et ipsum consetetur gubergren et. Stet option amet takimata. Lorem sit euismod clita iriure eos eirmod magna sit dolor justo te sea sanctus ut dolore diam duis wisi. Dolor vel takimata tempor takimata eos lorem. Lorem velit sanctus et ipsum kasd takimata elitr suscipit dolor aliquyam vero diam nobis diam. Dolore consetetur invidunt est labore dolore ipsum amet soluta clita sed possim takimata dolore lorem nisl iriure magna iriure. Sed aliquip sea dolor elit elitr diam autem wisi lorem aliquip delenit voluptua dolor amet rebum clita. Labore eirmod lorem clita eirmod at labore dolor blandit ut placerat sadipscing sit amet sanctus. Dolores lorem ut dolore in elitr elitr tempor amet kasd euismod eos et takimata tempor vero accusam dolore tincidunt. Consetetur duis ipsum dolores stet lorem at et takimata gubergren vero nostrud.\n",
        "publishDate": "2023-11-12T16:42:14.1377612+00:00"
    },
    {
        "id": 36,
        "title": "Book 36",
        "description": "Dolores amet sed facilisis lorem aliquyam aliquyam et clita voluptua lorem vel sit duis et stet. Et esse volutpat. Nonumy dolor justo. Elitr dolores voluptua aliquyam diam ullamcorper dolores suscipit consetetur ipsum. Amet in nulla illum diam. Illum accusam dolores clita. Duis enim consetetur eirmod. Vero sed eirmod sit sadipscing no duo illum stet et justo et et et kasd.\n",
        "pageCount": 3600,
        "excerpt": "At consectetuer magna exerci est accusam gubergren velit magna dolor ut gubergren nonumy elit erat dolore invidunt elitr erat. Dolor dolor at et amet. Sea nibh stet dolor labore sit facilisi in ut facilisis eos vero et ut consetetur at nihil sanctus. Accusam vero suscipit sed ut ea. Dolore duo magna feugiat sed. Minim ut eirmod nobis voluptua no duo et qui ipsum dolor. Ipsum in et elit nonummy justo justo labore est vero consetetur dolores consetetur dolor dolores tempor magna sea. Justo eirmod zzril kasd ut magna te amet et nonumy et dolore voluptua rebum velit est gubergren duo. Erat sed clita sed. Facilisi in ea iusto et sit et nonumy erat nonumy. Aliquam eu diam eirmod stet accusam ipsum sit autem et nisl justo ipsum nonumy. Sea sea gubergren erat magna diam nihil rebum nonumy diam tempor ipsum. Accusam ea ut takimata tempor ut. Et sit magna. Nobis takimata clita rebum rebum ut lobortis. Volutpat gubergren facilisi dolores aliquam nulla takimata erat voluptua.\nDolore eros sit et stet erat praesent zzril magna exerci voluptua elit. Diam amet accusam vulputate et et illum et qui eos est vero rebum stet est et rebum vel sed. Justo qui vero duo est dolore labore dolor lorem hendrerit justo amet consetetur imperdiet takimata. Iusto dolores aliquyam elitr adipiscing vero eros ex sit et lorem dolores. Ex consequat aliquyam ea consetetur elitr sea et et velit. Amet invidunt amet diam lorem. Commodo tempor est nihil iriure diam ipsum lorem et nulla sea hendrerit eirmod no et illum ipsum ipsum. Vulputate aliquyam lorem lorem amet lobortis dolores lorem amet hendrerit stet takimata duis duis tempor magna eum. Et est suscipit kasd wisi accusam sed lorem ea amet eros. Sit ea sit tempor dolor rebum option et sanctus. Sadipscing erat sea sea at vero no diam nobis sed velit eos tempor ipsum ea erat duo sed. Labore sanctus invidunt sed.\nSit kasd clita invidunt mazim sit stet odio et clita elit lorem sea sit sanctus sed. Lorem option dolores clita lorem dolor takimata duo. Accusam no placerat. Facilisis accusam ea ea veniam vel dolor et no kasd ut ut magna tempor duo voluptua voluptua dolore ipsum. Rebum lorem ut no rebum nulla stet et justo delenit erat est ea. Tempor ullamcorper justo elitr. Feugait euismod eirmod diam ipsum nostrud diam ut kasd eirmod elitr ipsum aliquyam sed. Nulla eirmod erat sed sit lorem dolor mazim ipsum stet magna aliquam tempor aliquyam sit sed tempor. Ea diam delenit sadipscing duis nonumy vel esse facilisis ipsum.\nDolore exerci feugiat dolores diam minim. Et elitr sit elitr tempor duo sit accusam consetetur nonumy velit vero. Est justo ut rebum duo option voluptua invidunt tempor dolor aliquyam lorem sanctus in sit dolor tempor accusam. Consequat ipsum iusto amet et dignissim dolore no dolores duo esse ipsum sanctus at voluptua vero. Labore duo luptatum iriure hendrerit sanctus est consetetur clita elitr rebum gubergren id ipsum diam ea cum. Sit dolore vero sed te. Sed vero eos magna commodo. Vero magna ipsum nulla ullamcorper qui et mazim magna ut enim ex. Sit stet et in ipsum dolore magna stet duo stet placerat justo consetetur iriure et. Delenit et amet rebum vel labore nobis diam dolor elitr magna aliquyam. Te tempor amet hendrerit dolor eos consetetur voluptua labore lorem et labore clita sanctus duo duis magna nostrud sit. Tempor adipiscing nulla sit invidunt. Sed aliquyam takimata eirmod kasd kasd ut takimata. Tempor elitr amet sed gubergren ad aliquyam dolore nihil vero dolor velit erat. Erat stet ea takimata et at at kasd eu ullamcorper erat accusam ipsum amet aliquyam eum. Et invidunt rebum sed diam sanctus volutpat dolor dolore vulputate eirmod sit.\nEt amet stet. Eros vel odio ut labore ex et tation nonumy stet diam labore nulla ut est diam stet eleifend. Sadipscing vero labore minim eos labore ut nisl luptatum justo ut sea et ut sit. Duis sadipscing ipsum magna eos in nostrud eos et stet dolore. Ipsum sed ipsum voluptua vulputate ut justo eos sed ipsum ipsum sit lorem consetetur zzril accusam sed. Justo ipsum sadipscing feugiat diam consectetuer. Aliquyam ea volutpat magna elit velit kasd odio diam ex tation vero lorem ut invidunt. Enim nostrud nulla. Ipsum est in consetetur et dolore dolores sadipscing et ut est diam. Imperdiet te justo accusam voluptua et vel tempor consequat takimata voluptua diam sit adipiscing nonumy labore. Dolor lorem lorem voluptua sit sea duis et est nihil laoreet dolor eirmod velit dolore sed sadipscing amet vero. Delenit assum dolores aliquyam diam justo sit rebum lorem sed gubergren duis gubergren sit eirmod duo autem voluptua.\n",
        "publishDate": "2023-11-11T16:42:14.1378603+00:00"
    },
    {
        "id": 37,
        "title": "Book 37",
        "description": "Iriure vel accusam eu at ut. Aliquam diam clita lorem facer delenit duo velit sea dignissim justo amet et clita et. Iriure magna voluptua sed et sit aliquyam. Dolores lorem takimata in dolore erat illum lorem elitr no autem esse in vero eros et. Ea erat vel quis. Stet takimata sed stet. Velit eos duis diam blandit eu aliquyam aliquam placerat facilisi amet ex no. Dolor ipsum eos dolores feugiat diam et assum euismod ea sanctus accusam eu dolor ea invidunt sit et. At lorem elitr vel sit voluptua. Clita dolor et quod zzril. Esse clita amet erat diam ipsum diam et eirmod ipsum esse rebum labore eum et rebum. Aliquip nam erat lorem ut accusam sanctus diam lorem sea diam erat lorem. Ut et no dolor eirmod clita sed vel et tempor autem invidunt ut. Amet diam lorem tempor volutpat et. Invidunt consequat aliquyam tempor sed consetetur eirmod justo magna commodo. Duo nihil lobortis magna. Nonumy consequat amet sit et sea elitr dolor lorem.\n",
        "pageCount": 3700,
        "excerpt": "Dolore dolores gubergren diam facilisis accusam labore ipsum magna ipsum rebum sit voluptua ipsum sed ea. Lorem justo erat et ipsum duis justo nostrud eos eirmod exerci feugait vel sed nonumy volutpat. Ipsum dolor accusam eros eirmod vel at sanctus lorem sed rebum ex et vero sadipscing sit accusam dolore magna. Justo sanctus nonumy sed amet takimata dolores sea et et et voluptua amet duo est voluptua consetetur feugiat possim. Sea kasd ipsum aliquam et no lorem veniam wisi vel ut sit elitr consequat. At diam aliquyam amet sadipscing aliquyam liber et aliquyam sea in sanctus dolor in duo dolor veniam ut. Voluptua sea dolor dignissim.\nConsequat et exerci diam kasd vero labore nulla sed dolore no ea labore. At accusam sed invidunt kasd invidunt ipsum dolor accusam consequat aliquyam clita tempor. Quis magna eos. No ipsum diam. Ipsum sadipscing ipsum labore lorem illum eos kasd. Diam sed no aliquam velit aliquyam vel. Ex assum ipsum lorem takimata gubergren lorem aliquip duo et ipsum nam diam vel. Sea adipiscing justo ut facilisis diam zzril sed aliquyam kasd erat voluptua ea vero ea molestie. Amet enim stet labore eirmod lorem sed et duis ipsum diam lorem at et duo cum stet voluptua.\nAmet accusam amet amet ipsum eos sadipscing sed ut vel adipiscing volutpat. Dolor sit ut accusam magna et magna lorem ipsum stet erat dolor. Est nam eu elitr hendrerit sit nulla labore diam diam eu rebum invidunt ea kasd dolor dolor. Et consequat et. Diam stet eu et dolore assum ut in elitr et et sanctus amet volutpat volutpat. Sit nibh diam takimata eros voluptua.\nAugue est et ut. Invidunt stet eum sanctus sadipscing dolore ad dolor vero sit sadipscing invidunt duis eu clita tation aliquyam sit. Nulla accusam magna et te vel ut lorem at dolore ipsum. Justo eleifend magna sanctus takimata et wisi feugait sed sit duo eos.\nEst aliquyam tincidunt. Kasd dolores feugiat facilisis sanctus et sanctus sed et feugait elitr eros takimata justo est lorem in est. Consetetur lorem ut imperdiet sit et. Lorem sea diam augue. Possim ipsum autem elitr lorem ipsum nonumy vel est sit et sanctus at. Eu consetetur dolore amet elitr at lorem at magna eos dolore et vulputate. Diam aliquyam erat rebum et amet dolor rebum no doming amet dolor dolores kasd. Sadipscing tempor vel odio dolore volutpat labore est takimata ut nonumy nulla et labore te kasd dolore sit minim. Vero et ipsum aliquyam in eu lorem invidunt volutpat sit diam facilisi nonumy justo tempor. Blandit labore et ullamcorper voluptua at sed erat tempor eos assum sit et ut dolore nonumy. Duis consetetur vero ut dolore sed dolor amet duis et aliquyam consetetur duis nonumy gubergren. Voluptua te amet eos. Diam amet erat eos clita. Amet vero esse clita molestie sit et. Amet sit eirmod dolor nonumy illum consetetur vero sanctus ut labore. Ut vero et sed vero ut dolores. Aliquam sed sit duis nonumy elitr in elitr sit et lorem consetetur.\n",
        "publishDate": "2023-11-10T16:42:14.1379703+00:00"
    },
    {
        "id": 38,
        "title": "Book 38",
        "description": "Ea ut sadipscing vero. Nonumy nonummy erat dolor sadipscing justo dolore dolor esse at nihil duis option ut ipsum et sit. Dignissim magna stet at duo vel et dolore sed sed nulla sed congue dolor lorem accumsan diam elitr. Dolore invidunt sea delenit vero no dolores luptatum sanctus invidunt feugait volutpat eos. Soluta in kasd ipsum rebum gubergren lorem nam clita et et tincidunt lobortis sit eleifend duis diam sea est. Dolor ea stet enim nonumy et dolor et amet in ea eos. Rebum amet euismod nam te stet nobis nibh sed vero voluptua ea. Magna lorem et gubergren consequat ipsum dolore laoreet clita sit sed dolor gubergren dolor no. Iusto accusam dolores. Elitr no amet voluptua nonumy lorem amet eos nonumy at nostrud invidunt invidunt. Ea magna amet nonumy tempor erat. Gubergren sit tempor magna sed aliquip et elitr quod aliquyam lorem elitr accusam nonumy. Eos diam accusam ut sed nonumy dolor molestie.\n",
        "pageCount": 3800,
        "excerpt": "Nonummy dolore nobis sed et eu sed nonumy rebum et takimata eos sed clita. Aliquyam dolor ea justo diam quis. Qui lorem sea no justo sea sanctus sea no ea ea diam clita ea consequat rebum. Facilisi at lorem sanctus in qui amet stet gubergren accusam sanctus sadipscing. Dolores et nostrud amet praesent clita lorem ut augue dignissim commodo takimata. In sea tempor at luptatum minim et est magna rebum sadipscing takimata. Invidunt eros diam no aliquip amet et odio magna elitr sit vero luptatum volutpat consetetur dolor gubergren odio. Lorem labore voluptua elitr takimata ut est nulla gubergren. Odio no ipsum tempor suscipit vero nostrud dolore assum sit tation. Invidunt elit et. Sit lorem consetetur nonumy ipsum accusam sadipscing sanctus. Sed no justo sanctus at ea consectetuer sanctus accusam nostrud et elitr tempor clita. Et feugait accusam aliquip. Sea dolore rebum voluptua dolore et est consequat et augue justo et duis dolore vero ea tempor. Rebum ea vero invidunt luptatum et dolore enim rebum eirmod invidunt eos sed magna takimata tation sit. Quis elitr eos elitr gubergren sit ut elitr diam dolores enim.\nEt eos est voluptua justo sanctus accusam minim sadipscing eum ea. Et eleifend autem aliquam diam tincidunt invidunt nonumy stet nonumy dolores et dolore no erat. Sadipscing magna et lorem esse ipsum. Amet takimata est eirmod suscipit eu lorem. Erat sea suscipit sadipscing ea accusam et ut vero euismod magna sed dolores facilisi nonumy. Kasd diam accusam takimata veniam feugiat kasd enim consectetuer et eu at amet. Lorem lorem ipsum qui et exerci stet ea sed. Accusam sit sed eum sanctus stet eu dolore blandit et diam erat ut quis. Diam dolor consetetur dolore doming nonumy consetetur. Soluta rebum dolore consetetur zzril sanctus option nostrud. Clita takimata invidunt et consequat diam lobortis magna. Et kasd duo augue justo feugait molestie voluptua eros clita dignissim ut eirmod nostrud. Sadipscing ut aliquyam vero duo rebum accusam ipsum et magna et sit et sit. In lobortis no invidunt dolores labore diam eirmod consetetur dolor diam esse. Eirmod est dolor et et at eos stet eos lorem commodo vel labore takimata sadipscing et lorem no lorem. Justo wisi labore at sit facilisi gubergren takimata ea.\nConsequat consetetur in et aliquam molestie tation invidunt amet invidunt gubergren tempor ut tempor. Soluta sed consetetur sanctus sed eirmod sed. Vulputate in facer. Eos ullamcorper justo ea consetetur in. Est labore iriure elitr placerat augue clita eos lorem no erat. Duis enim voluptua diam et sit minim dolor et diam est dolor doming erat ut stet amet doming. Et dolores sed eirmod quis gubergren dolores sit sed aliquyam voluptua lorem autem doming.\nUt stet aliquam. Et option sed autem lorem erat dolor magna duis dolor. Duis vero dolor stet sit et elit adipiscing magna molestie consetetur dolores et consetetur dolor vulputate vero et. Adipiscing at at gubergren nonumy esse voluptua quis eirmod adipiscing consequat ipsum at dolores nonumy consequat vel vel dolore. Ut et consequat hendrerit sit at ipsum takimata commodo vel takimata duo gubergren. Amet et tempor praesent eum duis accusam no elitr lorem. Eos justo duo nonumy ea ut sadipscing elitr sed consequat clita iriure. No rebum tempor justo clita vero vero blandit consetetur amet eos eos. Voluptua et volutpat sanctus nulla magna sadipscing voluptua. Takimata aliquyam nihil clita sanctus stet. Magna stet dolore. Sit suscipit ut nostrud sit vel dolores erat consetetur nonumy lobortis enim voluptua ipsum. Sed diam in dolore aliquyam dolore.\nSanctus sed facer eros justo amet hendrerit clita et diam blandit consetetur tempor dolore kasd lorem dolore. Rebum dolore amet accusam ea et zzril et ut liber vero rebum dolor. Et ut dolor wisi aliquyam et volutpat ut tempor facilisis ut vero lorem dolore nihil facilisis erat tempor amet. Et stet in labore at lorem amet consetetur at tempor eirmod sanctus eirmod. Eirmod illum invidunt veniam at gubergren aliquyam. Amet takimata tempor hendrerit esse ut at suscipit gubergren esse augue illum magna no kasd sit. Magna voluptua eos tincidunt amet vulputate sed justo. Sadipscing erat minim blandit clita. Dolore vero duo sit ut. Veniam kasd amet eos dolore ut veniam lobortis ut stet eos nonumy duo consetetur ut at. Amet esse no et lorem voluptua lorem sadipscing. Eros velit magna diam laoreet amet nulla nostrud molestie. Eos dolor eos tempor velit.\n",
        "publishDate": "2023-11-09T16:42:14.1380765+00:00"
    },
    {
        "id": 39,
        "title": "Book 39",
        "description": "Aliquyam est laoreet amet duo est dolor et takimata sit sea amet dolore labore sit erat lorem. Molestie vero ea erat nihil consetetur tempor et duo dolor labore. Invidunt et tation vel amet sadipscing in facilisi in et sit kasd ipsum. Lobortis ea diam eu lorem justo justo at delenit sed et sadipscing diam. In voluptua iusto at illum ea sed ut eirmod aliquyam nonumy sea lobortis aliquyam rebum. Eos lorem ipsum lorem odio erat. Et eum ipsum et lobortis sadipscing erat at ipsum illum sed sit et aliquyam sanctus. Tempor duo laoreet gubergren aliquyam at kasd duis nonumy rebum. Sanctus et vero erat. Minim imperdiet ipsum dolores vel sadipscing et voluptua. Est et vero dolore nonumy dolore sadipscing adipiscing dolor ea no lorem. Justo sed rebum duo et no. Vero invidunt sed diam dolore nam voluptua sadipscing aliquyam stet vel sit eum et.\n",
        "pageCount": 3900,
        "excerpt": "Iriure et euismod et ipsum aliquyam et no rebum eros eros nonummy amet molestie invidunt. Stet duis ipsum molestie dolor. Sea et gubergren et aliquyam esse hendrerit et accusam justo quis praesent. Rebum et voluptua eum invidunt. Justo at consetetur sit at dolore soluta amet dolore et labore aliquyam consequat sit diam amet accusam vero accusam. Duo in veniam sanctus. Rebum vero ea eirmod tation. Dolore duo facilisi laoreet diam ea voluptua dolore gubergren sed kasd sanctus labore tempor nonumy elitr magna. Dolor sit ipsum sadipscing diam nulla. Gubergren esse nonumy rebum est amet eos voluptua eum invidunt stet. Ipsum clita magna amet sed lorem magna sea feugiat magna ipsum duo accusam amet labore clita sanctus. Takimata sed diam et dolores sed tempor dolores sed diam lorem nulla molestie dolor sed at. Dignissim lorem takimata kasd aliquyam amet ut duo enim ut.\nConsetetur ea tempor accusam. Sed et invidunt elitr amet et takimata vero voluptua est. Et exerci vel nonummy. Clita ipsum augue eu vero duo amet eos lorem erat et luptatum takimata duo iriure amet. Sed sea tempor nonummy gubergren at consequat. Tempor stet diam qui ipsum dolor duo nostrud elit magna aliquyam sadipscing labore invidunt te voluptua. Nonumy elitr quis at sit sea. Aliquam takimata dignissim sanctus diam adipiscing dolor laoreet elitr nobis. Velit lorem lorem sit labore sanctus eirmod feugait tempor lorem sanctus sanctus sit vel kasd iriure stet. Sea accumsan odio voluptua feugiat sit amet sit takimata ut. Erat et aliquip. Lorem accusam et sadipscing tempor sea et. Vero accusam sed feugiat illum ut autem duis est zzril accusam vel elitr. Aliquip autem takimata aliquyam soluta amet amet dolore sea accusam. Adipiscing feugiat ut nonumy sit et consetetur justo est eum sit sit. Kasd et facilisis voluptua consetetur ea amet feugiat erat velit in doming invidunt luptatum sanctus et.\nStet takimata et ut eirmod accusam elitr lorem amet diam ut suscipit tempor. Consetetur hendrerit erat invidunt elitr iusto erat elitr nibh feugait accusam elitr eirmod sadipscing. Et labore duis ex ipsum. Amet vero diam consetetur lobortis ut nonumy lorem duo ea elitr praesent eirmod sit consetetur et dignissim. Et rebum et commodo luptatum dolor erat illum commodo eirmod amet.\nSanctus lobortis sed amet. Duo elitr tempor eirmod diam. Nostrud stet ipsum sed sit tincidunt ut stet nobis sit duo labore justo delenit tempor rebum lorem consequat. Sit dolores veniam at tempor amet gubergren ut kasd accusam sed duis sed lorem diam eirmod eirmod lorem justo. Accusam eleifend accusam et elitr nisl ut gubergren. Feugait eirmod sadipscing sit labore hendrerit in. Tempor clita magna. Takimata nonumy elitr velit ipsum hendrerit aliquyam sed eros diam ea aliquyam ipsum et invidunt magna assum. Feugiat et amet amet sit dolores ut kasd quis duis. Diam amet eirmod esse diam stet voluptua clita labore exerci dolores consetetur duo consetetur magna. Stet ipsum dolores placerat nihil feugiat eos no amet vero sea nonummy.\nSed voluptua esse nulla consequat. Sed et quod lorem stet dolor est. Congue te luptatum sanctus amet stet et stet eum et dignissim elit voluptua mazim clita lorem sanctus at est. Ut vero hendrerit vel euismod clita amet facilisi ut vel vero erat vero ipsum. Labore sea sit sea stet dolore vel. Rebum eirmod takimata eum tempor clita nonumy rebum invidunt dolor sed nonummy at et eos lorem vulputate. Consequat diam rebum clita nostrud sanctus vel elitr diam aliquyam diam esse elitr elit justo voluptua dolor suscipit justo. In dolor labore enim elitr eos dolore accusam euismod sit ut et eos amet duo et duo ipsum consequat. Labore vero ipsum gubergren no illum et dolore. Ipsum suscipit vel aliquyam accusam sea eirmod lorem. Accusam sed et sed dolores nonummy te duo nostrud ipsum stet dolor at consetetur no sit. Rebum sed at eos.\n",
        "publishDate": "2023-11-08T16:42:14.1381681+00:00"
    },
    {
        "id": 40,
        "title": "Book 40",
        "description": "Volutpat lorem nonummy ad ut in accusam duo. Et justo magna ea sed tempor kasd at eirmod sed. Gubergren et te eos clita vero aliquyam possim dolor eu luptatum elitr magna lobortis esse ut sea ea. Sit et eu commodo aliquyam takimata clita et. Accumsan odio lorem at dolore soluta dolores tempor nam lorem dolor facilisis sea. Facer dolor erat kasd qui ea. Illum ex kasd lobortis ad rebum magna. Nulla amet et justo et ea tation gubergren takimata.\n",
        "pageCount": 4000,
        "excerpt": "Eirmod invidunt accusam eos nonummy labore. Vel eirmod qui illum sit in sea ea nonumy dolores vulputate dolor vulputate ipsum velit consequat voluptua. Aliquam nam in et aliquyam duis eros justo sanctus nostrud laoreet enim magna et eos sed aliquyam elitr. Lorem ipsum sed kasd. At nulla erat vulputate et diam volutpat ea amet et clita eum minim vero no est odio. Invidunt magna aliquyam vel erat labore duis no vel eum. Sed vel feugiat iriure duo. Et ut accusam nihil. Elitr eos justo sit lorem diam duis. Et elitr kasd takimata lorem minim at. Accusam nibh sadipscing stet duis diam tation sit amet praesent sit. Amet tempor lorem vel ipsum sed labore takimata at laoreet et ut magna. Quis sit ut diam at aliquyam takimata. Dolor sed diam duis dolor et magna justo vel clita diam ea.\nFacilisi voluptua no sit diam dolores at rebum elitr no sit elitr adipiscing quis et liber kasd. Takimata sed ut voluptua sea labore sanctus ullamcorper te sanctus consetetur dolor no dolores eros rebum sea nulla justo. Iusto at invidunt et invidunt justo dolores sadipscing et blandit. Voluptua no takimata ut illum autem feugiat tempor id in et elitr ea invidunt amet amet ut dolores. Diam voluptua invidunt dolore et duis sed stet diam diam dolores eum sed sed. Sit nonumy dolores hendrerit sed duo voluptua et in ipsum praesent amet amet volutpat at ipsum magna sadipscing iriure. Dolore nostrud diam no nostrud diam feugiat lorem dolor tincidunt consetetur. Amet kasd justo et dolore hendrerit at velit stet accusam in. Delenit adipiscing vero sed et tempor ut assum eum enim et elitr kasd voluptua dolor vel est accusam at. No eirmod et. Dolores molestie ex sea justo tempor labore euismod eu ipsum iriure. Lorem lorem accumsan gubergren takimata at. Consequat nonumy voluptua amet lobortis. Exerci magna sadipscing sit voluptua lorem autem et et consetetur consequat dolor imperdiet. Ipsum dolore sit kasd rebum amet nulla sed sit enim rebum no. Invidunt dolor enim diam diam sit dolore facilisis stet accumsan erat est diam amet. Labore gubergren sed elitr. Est volutpat et eirmod et magna at ipsum gubergren rebum erat magna ea sit no et. Lorem et est augue consetetur sed odio diam est tempor et erat.\nInvidunt eos clita ipsum duo sanctus et. Sit magna ut no eu amet rebum labore at elitr nonumy ut dolore sea suscipit commodo kasd sea cum. Dolore consetetur elitr ipsum eos iusto. Sadipscing ipsum iusto sed rebum amet aliquyam vero minim diam ut exerci. Et dolores kasd at aliquyam soluta. Sed dolor et diam et eirmod vel dolor volutpat consectetuer ut tempor amet ut est luptatum labore amet. Nonummy sed labore nonumy eos voluptua ipsum in tincidunt sadipscing lorem duo duo hendrerit magna labore nulla consetetur. Dolore voluptua dolore et accusam labore eos elit stet elitr accusam ea et ut voluptua. Takimata vel dolore eos sed eirmod eu et nisl laoreet enim molestie minim in justo dolor eos lorem invidunt. Ipsum sit illum lorem et quis sea et ipsum mazim sed dolor iriure rebum. Nulla dolor tempor takimata gubergren ea qui. Lorem esse est duo dignissim et et stet justo et. Et elit stet. Eos consequat lorem no dolores kasd sit vel takimata invidunt aliquyam kasd lorem ut sit facilisis dolores labore sed. Dolor sed iriure sit nihil kasd dolore sed et et.\nDoming elitr dolor possim erat takimata dolor consequat aliquam duo dolor et diam clita sadipscing diam. Delenit sanctus eirmod ipsum ex ipsum amet consetetur duis dolore takimata ex lorem stet ut sadipscing sed duo sanctus. Et dolor facilisis kasd dolor sea et. Ut stet ipsum ex ipsum duo sadipscing dolores accusam justo. Diam dolor amet enim voluptua eum tempor labore sanctus clita eos sadipscing dolore invidunt eirmod feugiat volutpat amet. Dolor in dignissim rebum velit lorem. Accusam dolor lobortis justo. Et dolor nonumy dolores hendrerit aliquyam ipsum blandit magna no at kasd eirmod justo dignissim. Enim rebum molestie dolor diam. Praesent eos ipsum tempor no labore et sadipscing nonumy ipsum invidunt gubergren sit. Dolor justo lorem sit et ut. Elitr luptatum sed sadipscing praesent erat lorem lorem et dolores consetetur clita elitr nulla ea. Commodo accusam delenit vel diam justo. Vero sed justo sed dolores rebum et. Tincidunt augue amet vulputate sanctus vero.\nIpsum erat possim takimata dolore eros dolore eros lorem laoreet accusam kasd erat ut. Consetetur et accusam lorem. Delenit eirmod dignissim nonumy duo et qui lorem ipsum diam no vero eos facilisis vero est nisl stet. Autem aliquyam sea elitr ut tincidunt dolore et sit sanctus sit duo ut et enim. Ut gubergren option accumsan ea sea lorem clita no. Erat sadipscing ea duis ipsum sanctus te. Vero ut accusam erat erat et duo sadipscing blandit. Stet et vero ipsum nibh dolore sed nibh takimata facilisi labore vulputate dolore. Illum no magna exerci.\n",
        "publishDate": "2023-11-07T16:42:14.1537976+00:00"
    },
    {
        "id": 41,
        "title": "Book 41",
        "description": "Dolor quis no stet zzril et voluptua eos dolore ipsum sanctus eirmod justo. Ea invidunt takimata nulla luptatum dolore elitr sed. Eirmod iusto dolore tempor laoreet iriure justo lorem no velit et magna erat stet. Vero magna takimata ea congue tempor sit eum dolor. Dolore vel dolor lorem sea clita erat erat lorem accusam vulputate dolor sadipscing erat duis rebum lorem magna. Sanctus dolores minim eos clita accusam lobortis sed eos sadipscing minim. At lorem sea lorem rebum et amet. Ipsum eirmod voluptua justo elitr nonumy no diam accusam et dolor aliquip accusam ipsum sit gubergren ipsum. Diam dolore labore in est in tempor.\n",
        "pageCount": 4100,
        "excerpt": "Et commodo dolore feugiat dolor no amet rebum. Suscipit duis magna eos iriure dolores sea sit. Kasd sit duis lorem dolores amet diam voluptua sit stet duis lorem tempor et. Sadipscing elitr volutpat eirmod voluptua in sadipscing voluptua sit. Justo accumsan at dolores tempor et sit. Clita voluptua duis duo clita molestie aliquyam iriure et rebum magna qui esse consequat magna dolore stet dolor enim. At eirmod dolores no eum nonumy feugiat stet elit no ut hendrerit amet amet eros possim. At option invidunt no praesent. Aliquyam consetetur ea est sed vel takimata ipsum ut eros magna erat sea. No at labore qui. Kasd kasd nonumy eos no quod kasd feugait euismod tation eirmod sed sed elitr in eirmod enim dolor. Et molestie vero nonumy nonumy sit aliquyam et invidunt nulla ut ut ea aliquip sed sanctus. Diam in sed elit erat labore sit ea dolor eos ipsum accusam. Accusam amet gubergren sadipscing volutpat.\nLorem amet justo erat diam in sed diam eos takimata voluptua. Velit magna eu vero takimata euismod aliquyam blandit sed vero elitr dolor diam erat ut. Lobortis vero laoreet magna kasd et praesent vero duo amet dolor. Sanctus ut sed diam ullamcorper consequat ipsum nonumy ullamcorper accusam lorem et et eum eu magna nulla et justo. Sed velit assum option ipsum amet gubergren justo ipsum no sanctus kasd tincidunt sit. Elitr dolore sit ea doming at. Est sit odio justo euismod veniam nonumy ut. Eu diam amet amet in minim kasd. Quis sanctus sit. Dolor ea sadipscing facer eos labore consequat amet takimata sanctus dolor. Et vel amet consetetur aliquyam hendrerit aliquyam stet ad clita at labore.\nElitr kasd diam aliquyam lorem est et dolores ut invidunt nostrud eu nobis. Tempor vel vero tation lorem rebum ea takimata. Praesent diam et.\nDolor ut sed sea eleifend placerat. At euismod voluptua ut amet elit ipsum sanctus. Et et tempor volutpat sadipscing in. Vel stet duis sit dolores dolore et diam dolore erat. Justo sanctus sit justo. Kasd justo eum elitr ipsum no blandit augue aliquyam labore ea dolor in ut sadipscing quis. Et diam sit lorem vulputate gubergren consetetur accusam invidunt dolor exerci eum sit lorem qui. Et voluptua commodo aliquyam consectetuer velit eos sit et ipsum sit duo nonumy. Sed invidunt ut rebum no amet accumsan sit eirmod tincidunt magna accusam stet takimata erat et sit. Eu et nulla elitr duis gubergren lorem eros est lorem odio sit takimata elitr aliquip ut.\nUllamcorper invidunt nulla dolores ut odio tation accusam no wisi hendrerit et sit. Quod amet nam dolores at at placerat diam amet elit et et et vulputate. Nonumy sit diam stet sanctus sit kasd tation clita ut tempor vel. Takimata eos labore aliquyam ipsum sanctus. No ex labore eu no aliquyam wisi accumsan at wisi sit aliquyam et. Option diam ea facilisis consetetur tempor consectetuer vero amet dolore in ipsum amet. Eos zzril sed dolore justo kasd sadipscing ullamcorper cum volutpat.\n",
        "publishDate": "2023-11-06T16:42:14.1538765+00:00"
    },
    {
        "id": 42,
        "title": "Book 42",
        "description": "Aliquyam clita sit in in takimata zzril eirmod sea erat justo te lorem duo sadipscing ut nostrud dolor diam. Magna stet justo gubergren in lorem gubergren sea sadipscing diam. Kasd iusto duo takimata dolor sanctus ut minim nulla diam aliquyam feugait consetetur elit esse. Vel sit in amet sit nibh dolores sit dolores amet et invidunt. Sit sanctus amet dolores invidunt tempor lorem ut sea zzril sed vero suscipit sed blandit wisi nonumy. Autem takimata sit voluptua ut consequat in sed vulputate justo et invidunt sit magna lorem diam. Labore ut hendrerit takimata in feugiat nonumy iriure. Ea voluptua in ipsum ipsum dolor eum feugait. Erat nonumy odio. Stet diam sit ipsum option dolor invidunt lorem dolor no kasd euismod ut gubergren duis ut est id. Blandit takimata consectetuer zzril lorem eros vero dolor. Consequat ipsum ea lorem erat justo et eleifend. Duis dolore at suscipit amet dolores dolores autem vulputate vel aliquyam sit ullamcorper et lorem ut ipsum no nostrud. Ipsum possim voluptua molestie consetetur ea consetetur nulla erat zzril gubergren. Sit eos nonummy minim eu magna accumsan dolore amet odio nonumy elitr delenit veniam diam. Ea nisl voluptua gubergren. Est rebum sanctus sanctus sanctus clita autem vero eros dolores esse et duo. Consequat stet sed duis est nisl amet kasd vel sit et vero dolore dolore dolor. In velit vero dolores sed no odio.\n",
        "pageCount": 4200,
        "excerpt": "Invidunt elitr no sanctus eirmod ut diam kasd ut no velit eos et. Euismod vel consetetur in tincidunt eos eirmod stet sea doming et voluptua ipsum elitr sit sit. Elitr lorem eos dignissim tation invidunt est sed dolores aliquyam sit. Lorem kasd consequat blandit soluta eu ipsum sed velit ipsum. Clita lorem vel dolore vero kasd. Ut gubergren kasd dolore in molestie erat esse ea duis nonumy magna tation. Eirmod et hendrerit amet dolor tempor rebum kasd ut delenit tempor. Liber sea rebum diam iusto magna erat. Lorem invidunt diam volutpat dolor et amet duo dolores. Id elitr nulla magna.\nSadipscing eu voluptua ut. Et clita ipsum. Rebum et sed accusam. Eos sea dolor. Ipsum ut eos sadipscing eu. Sadipscing sit tempor feugait lorem ad et invidunt tempor sed dolor diam est consetetur ut nibh vero sit iusto. Sit sadipscing minim elitr labore invidunt diam delenit et eos stet illum lorem clita sed. Et dolor sadipscing amet ut hendrerit lorem sadipscing sed. Lorem tation dolores tempor. Facilisi ut amet rebum labore minim ut nibh dolor. Dolor sea stet lorem stet sed elitr lorem et ipsum voluptua placerat. Facilisis elitr nonumy sanctus ea sit eirmod nobis adipiscing aliquyam vero diam rebum magna ipsum at. Dolore consetetur elitr. Ut ut sed. Rebum sed kasd. Ut nonumy at dolores vel zzril in id consetetur aliquam voluptua. Et no sea tempor at lorem diam sed nihil est et clita. Magna consetetur nisl elit clita sit sadipscing et dolor dolor ut accusam vero duis. Et aliquyam ea.\nEsse lorem sed sadipscing lorem. Et et nobis takimata aliquyam. Stet consectetuer invidunt accusam. Kasd dolore aliquam. Et at adipiscing qui amet sit dolores stet ipsum ad et erat sadipscing dolore sadipscing ut ipsum. Iriure ut aliquip et diam dolores consequat sea. Ipsum ea at et volutpat clita consequat iusto sanctus at vero. Dolores dolores consetetur option takimata at ipsum invidunt at no accusam odio et exerci duo. Sit ut rebum ipsum hendrerit stet et dolore nonummy eum amet. Sed lorem ea diam eos facilisis tincidunt dolor.\nRebum velit ut accusam dolore aliquyam illum qui lorem clita dolore ut dolore eros. At duis ut dolor amet justo vel sadipscing vero erat. Consetetur rebum kasd et labore vel ipsum diam et sea ea et magna zzril ipsum. Sea iusto rebum labore sea vero sed commodo aliquyam dolor ut kasd et invidunt sit vero elitr erat. Enim diam magna sed ipsum et consequat accusam elitr at euismod iriure eu ea sea est nonumy quis. Elitr et eos duo in dolore sea sed. Cum minim in sed dolor esse zzril takimata exerci amet adipiscing clita euismod. Adipiscing justo vero nonummy sed dolore exerci magna laoreet aliquyam erat invidunt. Te aliquam et erat accusam magna et tempor autem eirmod imperdiet facer consetetur dolor dolor sed consetetur. Illum velit nisl. Ipsum diam vero dolores vel vero et invidunt amet ad dolores consequat et vero justo. Sed magna no et tempor feugiat diam tempor dolor et tation justo dolor amet imperdiet enim. Accusam odio ut est invidunt dolor velit magna.\nAliquyam esse wisi et. Nonumy nostrud qui ipsum sed lorem tempor. Gubergren velit justo vulputate dolor lorem eirmod consetetur et labore sed dolores ut nonumy amet est. Assum justo sadipscing lorem sit et amet diam dolor. Et minim no vero invidunt ut lorem hendrerit diam accusam dolore lorem diam eirmod dolore. Velit magna labore consetetur wisi dolor.\n",
        "publishDate": "2023-11-05T16:42:14.1539766+00:00"
    },
    {
        "id": 43,
        "title": "Book 43",
        "description": "Vulputate sit diam dolor rebum eirmod sit consectetuer est et justo ipsum consetetur dolor vero et lorem. Sea et tempor sit sadipscing est accusam invidunt at. Magna ipsum facilisis sit amet aliquip illum. Vero sea erat lorem ut at et diam justo cum esse gubergren labore duo. Nonumy gubergren feugiat ipsum velit sea. At consetetur dolor voluptua stet dolores erat dolores ea dolore. Nonumy no sea sit no amet kasd vel nonumy invidunt tempor vel dolore veniam ullamcorper voluptua placerat. Ipsum nobis gubergren diam luptatum praesent ut. Nibh stet lorem at sit eirmod kasd luptatum clita elitr ut ut. Dolore elitr eirmod et sanctus tempor eum diam consequat euismod takimata nam voluptua eum eos et eum. Vero et tempor vero eos lorem autem ut ipsum eos dolores amet ipsum eirmod ut eros.\n",
        "pageCount": 4300,
        "excerpt": "Et vero doming nulla quis imperdiet sadipscing takimata. Molestie voluptua hendrerit aliquam dolores amet. Dolore diam delenit elitr facilisis qui hendrerit lorem eirmod aliquam gubergren labore sea et volutpat volutpat et illum doming. Ad te est no magna vero facilisis clita at sed ea. Amet et eos nonummy clita rebum magna nonumy duo. In diam consectetuer no sit ipsum et nonummy molestie. Accusam elitr et suscipit et nam quis aliquip est feugiat nulla eu ut sea et erat. Diam ullamcorper rebum sit takimata ipsum diam duo. Elitr et erat. Amet ad sanctus consetetur duis elitr. Amet sit vero dolore consetetur. Sea at gubergren vulputate no voluptua duo diam at et et vero consequat eirmod accusam. Ipsum lorem sit in aliquyam et lorem at takimata congue. Kasd amet augue dolore in sea diam.\nNo vero et vel kasd tempor justo iriure qui lorem ipsum accusam doming amet sadipscing voluptua et. Tempor at diam labore blandit gubergren eirmod sanctus amet. Nonumy rebum dolores sadipscing sanctus est vero sit et sanctus erat eum no. At invidunt duo vulputate dolore amet magna sanctus sea et tempor diam. At accumsan eos vel est consetetur iusto ut est vulputate lorem ipsum sed placerat. Consetetur diam velit dolor. Vero tincidunt diam doming tincidunt sed lorem gubergren. Ullamcorper stet sanctus ut magna praesent possim sadipscing iriure vero amet mazim et tempor duo erat et. Justo et stet magna dolore sadipscing dolore et et elitr duis est autem amet kasd ut. At volutpat stet te nonumy voluptua aliquam lorem. At tempor nulla in ipsum. Invidunt ea voluptua voluptua accusam at erat rebum dolore dolor erat vel dolor sit diam nonumy. Sanctus assum consetetur clita stet consequat consequat magna.\nVel amet nulla consetetur eros quis erat tempor illum. Et ipsum sed erat eirmod vero. Accusam at erat luptatum molestie vero vero. Dolor ipsum diam eos dolore tation voluptua eros aliquyam amet nulla dolores accusam sea. Dolor duo diam. Sea no dolor et hendrerit sanctus tempor consetetur ut diam consetetur dolor. Labore ea vero at sadipscing ea et sadipscing congue voluptua amet sit exerci takimata et adipiscing dolor. Sit erat est dolores accusam et aliquam nibh dolores vel volutpat placerat sit ut dolor liber dolore. Et gubergren mazim justo sea et nonummy et dolor et ut ipsum facilisis nulla. Dolor minim molestie eirmod amet exerci ut. Eirmod dolor at dolor sea at nostrud lorem dolor vero justo congue qui duis illum accusam vel.\nErat lobortis doming justo ea invidunt et dolor elitr feugiat dolor et nibh. Eos sadipscing facer dolore minim aliquam. Kasd kasd dolore et tation et nonumy voluptua magna amet accumsan no vero adipiscing commodo esse erat kasd accumsan. Diam duo in qui sed ut rebum imperdiet lorem sed diam magna aliquyam aliquyam amet dolore. Tempor nonumy ipsum euismod accusam clita sed vero vero takimata tempor quod suscipit kasd.\nAmet magna consetetur diam. Illum tempor ipsum te sanctus nonumy gubergren in esse. Stet dolor sadipscing dolor. Accusam enim takimata velit ea sea. Sit imperdiet lorem ipsum feugiat ut at. Amet sit sadipscing. Quod invidunt qui duo ea nonumy duo. Ea sed et sanctus clita no duo tempor magna vero tempor accusam esse et dolor lorem facilisi takimata. At qui dolor doming justo diam tation nonummy ut clita sit sed dolor. Vulputate amet accusam nulla dolore molestie nisl ut tempor stet et et laoreet consetetur diam. Sed sed sed magna tempor volutpat no labore zzril dolor et eleifend lorem amet ipsum. Justo hendrerit ipsum et aliquyam kasd gubergren accusam consequat sed feugiat vel lorem lorem est ad. Adipiscing elitr dolores. Dignissim et sed elitr sanctus ea labore dolores sanctus. Eirmod in gubergren dolor erat amet dolore diam dolores et tempor. Invidunt invidunt id zzril dolore mazim ipsum nobis autem voluptua ipsum feugiat eirmod erat in at vero sit. Justo veniam tempor sadipscing dolor gubergren dolore at volutpat sanctus iriure. Sed consectetuer ullamcorper blandit est wisi in accusam sed.\n",
        "publishDate": "2023-11-04T16:42:14.1540724+00:00"
    },
    {
        "id": 44,
        "title": "Book 44",
        "description": "Sanctus sit elitr duis ea sadipscing nonumy amet ea iusto nostrud. Lorem ad veniam sanctus possim invidunt luptatum duo sit lorem sit ipsum amet lobortis justo lorem. Dolor hendrerit amet sanctus sed delenit nihil duis diam tation dolore et qui. Duo accusam et consetetur tempor consetetur ullamcorper dolor dolor euismod rebum sed. Amet eos dolor at vero. Elitr sit rebum dolor consetetur ut. Rebum sed sea. Lorem volutpat gubergren placerat dolore et praesent ipsum dolore te blandit dolores sea liber sed. Kasd ut vero et clita vel. Sit sit est in dolore ut justo aliquyam kasd.\n",
        "pageCount": 4400,
        "excerpt": "Amet dolor dolores erat clita possim nibh diam vero elitr accumsan nulla sanctus sed dolor. Takimata dolore lorem nulla vero eos nonumy ea sea sed voluptua. Clita rebum nonummy accusam eos dolores eros ipsum aliquyam option at cum iusto sadipscing accusam vero. Justo duis et blandit vel stet. Clita ea amet in lorem ipsum justo ut stet ea amet te. Ipsum takimata nonumy ea est nonummy nibh diam consectetuer invidunt. Ipsum sed sadipscing eirmod stet sadipscing nulla duo dolor. Gubergren aliquyam velit lorem at voluptua sed voluptua diam vero no diam sed ex stet. Amet sed stet lobortis nonumy consetetur ad adipiscing eirmod no. Dolor lorem justo duo zzril vero eirmod. Velit consequat consetetur lorem et amet dolores. Clita sanctus accumsan justo facilisi voluptua dolores facilisi dolores est kasd. Dolores lobortis dolor. Dolores et at eleifend lorem nonumy sed qui enim elitr id vero takimata commodo elitr eirmod clita dolor justo. Consequat nonumy eirmod at eirmod. Sit kasd nonummy et iriure erat labore clita magna velit elitr dolore sadipscing hendrerit quis.\nMinim duis sadipscing amet diam clita sed ut ipsum ipsum sea cum nonumy. Eirmod exerci sea est sit diam ipsum kasd feugiat nonumy amet luptatum et stet diam velit clita ea iriure. Dolor consetetur amet sit vel lorem. Sadipscing voluptua at voluptua consetetur odio dolore hendrerit suscipit ut in. Erat sadipscing labore et. Est odio vero rebum sit vel laoreet dolor kasd elit liber diam eu facilisis sed dolore te. Nonumy sanctus rebum sit consetetur gubergren lorem vulputate est nulla stet quis facer sea. In in diam at vel ea facilisis et kasd labore elitr takimata sit sed. Dolor at justo eirmod vel sed vero lorem eros. Eu no sadipscing et iriure et diam consequat augue diam eirmod ea dolor gubergren et kasd ullamcorper volutpat blandit. Ipsum praesent doming aliquyam. Amet doming commodo feugiat et ut amet duo kasd. Ullamcorper magna dolores eos consectetuer dolor diam diam amet vel luptatum nonumy no dolores duo vulputate takimata. Eos consetetur at et sit sanctus imperdiet accusam sea et ea accumsan clita magna ex ipsum. Suscipit accusam feugait dolores dolor consetetur eros dolor aliquyam amet illum ipsum illum. Eros diam ex quis dolores clita vero at erat sit aliquyam at exerci nostrud. Amet ut ullamcorper est consequat tation justo lorem accusam accusam sit dolor esse et. Kasd ipsum et soluta et sit justo assum vulputate quis sea sit. Vel invidunt at luptatum invidunt eirmod stet amet vero illum labore nisl sea aliquyam et possim.\nJusto sed lorem duo duis est no molestie amet elit magna eos. Eos voluptua sadipscing consectetuer labore dolor dolor amet vero ipsum. Invidunt et esse sit zzril adipiscing exerci lorem clita lorem elitr hendrerit magna lorem accumsan et. Eu labore dolor aliquyam dolor dolores nulla elit rebum nibh amet. Duis tation consetetur facilisi et dolor accumsan sit. Tempor option eos dolore tempor enim dolore ut assum ipsum amet vero consetetur dolor sed dolor invidunt. Est sadipscing ut amet sanctus stet et dolore takimata dolor invidunt dolore ut ut dolor amet. Ut nonumy ipsum rebum accusam amet sed. Sadipscing sit aliquyam lorem nostrud laoreet liber dolore sed qui at kasd eirmod. Gubergren diam labore sea consequat dolores tempor praesent diam vero. At eirmod facilisi eirmod lorem commodo elitr takimata vero. Clita consetetur ad dolor vel. Lorem nulla amet at amet facilisi sea duo sea ea rebum. Facilisis sea gubergren eos sanctus est labore illum. Ipsum takimata duo dolore eos. Nonummy autem enim praesent kasd nonumy.\nNo duis sit labore dolores erat vero erat est et et at dolore et eirmod eirmod. Rebum no illum consequat amet delenit feugiat kasd at dolor volutpat nostrud vel. Dolore exerci est sit aliquyam no tempor et aliquip eros duo dolor delenit nonumy te eleifend sadipscing iriure.\nErat aliquyam ipsum aliquip sea dolor amet eos sadipscing praesent odio invidunt sea ipsum. Sit sea accusam hendrerit sed at sed diam sea invidunt. Sit sea labore. Lorem voluptua invidunt facilisis et luptatum elitr et sadipscing et amet ipsum vero dolor sanctus. Consetetur amet sadipscing dolor invidunt eirmod duo magna dolore eu diam amet ea gubergren dolor in facilisi. Augue imperdiet amet consequat illum ipsum. Eirmod duis diam et gubergren nulla stet. Lorem lorem magna amet vulputate justo et takimata lorem consetetur vero ut dolor sea labore invidunt aliquip laoreet et. Feugiat kasd erat rebum amet et velit quis nostrud lorem et at molestie sadipscing amet est. Elitr dolore clita dolor nonumy rebum accusam vero accusam eum ea duis sed dolor. Gubergren ipsum quod tempor at vero justo vero ut et minim sanctus nonumy amet nonumy. Minim nonumy consetetur stet no stet et nonumy. Eos eros lorem accusam tempor. Erat ut dolor in facer amet takimata erat erat dolor sea erat vulputate accumsan no dolores vero dolor sea. Duo ipsum labore.\n",
        "publishDate": "2023-11-03T16:42:14.1541856+00:00"
    },
    {
        "id": 45,
        "title": "Book 45",
        "description": "Est lobortis tempor ipsum et. Ipsum wisi sanctus ipsum magna tempor elitr volutpat eirmod aliquip lorem id quis. Labore volutpat ipsum in. Nisl volutpat stet sit sit qui dolor nonummy. Amet no odio diam. Soluta est stet stet dolore facilisi aliquyam zzril illum et amet dolor et sadipscing. Et et sanctus diam aliquyam delenit sed vulputate enim ea imperdiet. Tincidunt suscipit eu hendrerit lorem accusam consetetur takimata eum accusam at. Accusam et lorem dolor sadipscing wisi consetetur. Tincidunt ut dolores minim at clita ut odio et lorem duo dolor et eirmod stet consetetur. Doming sit lorem erat ut duis illum clita ipsum eos aliquip gubergren eum sit amet accusam ipsum elitr in. Dolor erat liber est nisl eirmod et invidunt consetetur iusto et eos id. Gubergren dolor augue justo.\n",
        "pageCount": 4500,
        "excerpt": "Ex justo ipsum est kasd tation vero ut laoreet autem consectetuer aliquyam nostrud eirmod. Diam sit eum in. Ea stet tempor nonummy sed dolore labore amet autem duis takimata aliquyam sit stet. Et sed amet consetetur. Rebum stet eirmod. Accusam invidunt gubergren iusto. Diam sanctus et eum erat sed sit ex no ea veniam sea sanctus lorem no molestie hendrerit nonummy voluptua. Praesent et rebum lorem. Et aliquip ea in tation est sanctus nostrud amet elitr takimata. Praesent tempor nonumy invidunt luptatum justo dolore. Dignissim volutpat gubergren eos nonumy eleifend sed ipsum accusam gubergren sea sed ipsum. Zzril nostrud eirmod stet dolores gubergren sadipscing eu dolores dolore ipsum ea accusam diam dolor delenit sit. Sed dolor vulputate duis dolor voluptua no kasd rebum lorem sanctus nihil. Ea et ea eirmod et dolor dolor et voluptua sanctus et eirmod congue.\nEuismod rebum sanctus sea kasd augue stet sit sit justo duo stet. Vero amet nonumy in justo. Iusto et vero eirmod sed luptatum erat elitr consequat amet ea eum elitr ut facilisis amet amet minim. Magna et dolore stet et et. Ut sit rebum aliquyam amet ea. Nisl ipsum nulla eirmod at dolor at ut dignissim sed sea dolor consetetur. Nulla vero sanctus sit nulla elitr iusto vero clita in est justo tation magna eu sed at consetetur. At takimata tincidunt et stet vero blandit elitr et invidunt at suscipit takimata feugait exerci. Vero at labore gubergren et eum magna duis elitr dolore takimata facilisi id tincidunt.\nStet in ea amet labore diam euismod. Nonumy qui tempor eirmod clita et sit consetetur amet lobortis praesent ullamcorper sed cum lorem. Diam diam diam rebum dolores clita dolor est clita et placerat justo sea at. Consequat vel sed et dolor in no illum no erat feugiat vero diam et clita. Erat facer sanctus nostrud diam lorem ipsum diam sed. Dolore in suscipit gubergren kasd ut et.\nSea clita et. At justo sed dolore tincidunt lorem et takimata dolore elitr sed stet dolor ut esse et consequat. Suscipit elitr ea et amet at eu consetetur duis takimata sit sed kasd duo. Sadipscing magna dolor erat duo aliquip labore nibh erat assum aliquip et ipsum ea sit lorem et. Quod laoreet vero et no nisl invidunt amet duo in gubergren kasd elitr delenit sed lorem. Et consetetur elitr cum quis. Augue invidunt sit dolore sadipscing ut erat nonumy. Suscipit feugiat duo sit et sea et tempor diam duo stet kasd. Justo dolor dolor kasd ipsum sit erat gubergren aliquyam ullamcorper erat ipsum clita ipsum adipiscing. No zzril nonumy dolor eirmod stet diam sit vel eum te sit. Et esse diam dolor eu dolores lorem rebum zzril nonumy et amet stet eu accusam eirmod lorem sea aliquyam. Dolor blandit magna ipsum ea no eu justo sanctus et. Volutpat vel ipsum rebum vero dolore aliquam commodo magna. Sea diam kasd sanctus sit voluptua sed nam takimata sit. Aliquyam hendrerit in illum ea erat eirmod ea ea magna takimata duis molestie. Sit vero ea autem velit nihil in amet sed diam no no elitr duo.\nErat amet assum amet. Et stet nobis sadipscing tempor tempor velit eum sit ut at accumsan takimata sed duo. Vero diam lorem eros magna zzril stet eos sanctus invidunt magna kasd sed. Ut erat accusam sea dolore quis. Ut gubergren gubergren takimata tempor. Mazim nulla justo invidunt accumsan justo enim ullamcorper tincidunt. Tincidunt consetetur sanctus sit feugiat velit sed sanctus. Invidunt praesent doming labore et amet autem dolor elit. Aliquyam tation tempor sadipscing est assum voluptua sanctus dolores facer elitr rebum sit delenit tincidunt. Rebum tation sed lorem eirmod. Lorem eleifend sit sed sit ea dolor ea ipsum amet labore eirmod illum dolore justo labore dolor erat. Magna vero labore sed laoreet voluptua magna no euismod invidunt labore at voluptua dolore sed lorem lorem sadipscing. Mazim kasd takimata magna tempor exerci aliquyam vero et elitr diam delenit feugait ut dolor takimata amet et dolores. Sanctus et suscipit possim et rebum vero sea diam lorem erat.\n",
        "publishDate": "2023-11-02T16:42:14.1542807+00:00"
    },
    {
        "id": 46,
        "title": "Book 46",
        "description": "At velit elitr est sadipscing sea et hendrerit ipsum ipsum ipsum autem et. Sed sea invidunt dolore labore tempor ea est nibh ut dignissim dolores stet labore et. Clita erat kasd elitr sit in sed ipsum ipsum clita amet lorem hendrerit duo justo sed sed.\n",
        "pageCount": 4600,
        "excerpt": "Sit adipiscing et. Erat diam ipsum magna lorem invidunt te erat illum odio ea invidunt takimata amet stet feugait vel ut. Erat et et veniam vel no tempor sed nonumy tincidunt et accusam dolores no ut et. Eum elit et et tempor blandit clita dolor vero dolore nulla nonumy ipsum autem erat. Consequat elitr eos laoreet amet sed et dolore at hendrerit. Facilisis duis luptatum iriure nonumy tempor luptatum clita est no. Erat tempor aliquyam sadipscing accusam sadipscing vero et sed dolore dolor eirmod et dolores clita. Eu vulputate lobortis vulputate dolor tempor dolores ex consequat. Lobortis elitr ex feugiat amet invidunt no elitr dignissim tempor elitr et et quis no blandit congue lorem sed. Eum facilisis sed at amet at et justo iriure amet tempor doming in gubergren iusto. Et gubergren ad hendrerit at at et et labore facilisis. Sadipscing eu sed ut sit vero at et at rebum euismod. Sadipscing takimata in delenit. Duo eum wisi kasd takimata. Autem nonumy erat invidunt commodo et eirmod et erat elitr et et. Qui dolore vero et amet iriure dolor tempor sed sanctus vero amet ipsum ipsum gubergren.\nSea gubergren tempor invidunt consetetur duo no tempor et ea dolore. Takimata exerci sanctus lorem. Kasd sed sadipscing sadipscing dolor consequat gubergren diam ullamcorper diam magna tempor. Consequat eos erat dolor illum erat. Sit feugait nulla magna ut nonummy dolor est et lorem lorem justo ea. Stet et lorem et vero voluptua voluptua ut nisl hendrerit clita sit no. Sit luptatum gubergren eos diam justo eum. Qui clita no at diam nonumy stet tempor takimata erat sanctus amet consequat in stet. Consetetur ipsum sea. Ipsum et ipsum. Praesent dolor nobis te sadipscing aliquyam elitr sit nonumy sit adipiscing velit at ea suscipit eirmod accusam. Ipsum dolore nonumy nonummy no clita dolor sit vel hendrerit at adipiscing. Ex nonummy sea et labore voluptua accusam consetetur facilisis tempor feugiat quis consequat. Autem nonumy iriure dolor stet sed aliquam adipiscing aliquam est sed nonumy velit vero duis dolor. Praesent diam ea diam sea dolores vero velit ea dolore feugait diam adipiscing.\nAliquyam blandit et sea duo stet elitr ipsum dolor eos no ipsum invidunt eum commodo nihil et at dolor. Et aliquyam sit lorem lobortis nam sanctus. Sea gubergren cum tempor sanctus eos elitr tempor volutpat nonumy labore lobortis. Erat accusam est amet rebum et elitr et accusam sadipscing ipsum nibh vero. Lorem ut esse justo.\nInvidunt eu tempor lorem accusam. Erat eos facilisis aliquyam diam at et sit dolore gubergren imperdiet consequat quod dolore stet eos tempor praesent. Tempor magna eirmod elitr magna iriure. Lorem eum tation. Et invidunt aliquyam et in assum nisl sed amet diam dolor takimata eos diam nonumy invidunt at diam. Delenit te accusam molestie vero. Sed magna consetetur ea sea odio dignissim sadipscing diam diam consetetur iusto diam sanctus iriure sit. Esse eirmod erat at elit dolor nonummy. Amet sed et no stet augue commodo ipsum lorem. Takimata sed sanctus sadipscing diam vero stet et. Ad ipsum et diam et. Stet qui ipsum autem elitr voluptua clita adipiscing ullamcorper clita lorem ipsum labore diam dolor sit cum euismod lorem. Clita diam elitr luptatum accusam kasd consequat in dolores erat augue eleifend stet duis amet sadipscing eleifend nonumy sea. Iriure at magna et sed dolore erat takimata esse enim consetetur erat erat diam.\nMinim sit amet magna et sadipscing rebum ea labore duis nostrud ea iriure lorem magna ea invidunt sadipscing sea. Te sit laoreet nonummy magna dolor lorem erat. Voluptua erat diam duo diam ex et sadipscing diam qui dolore dolore duis. Elitr et facilisis erat magna tempor veniam sit consetetur sed magna sit zzril ullamcorper zzril illum et aliquyam. Magna at et dolore dolores. Ipsum dolore et gubergren elitr eos dolore gubergren amet sit wisi volutpat amet et magna. Ut invidunt et clita magna labore nulla. Sea lobortis dolor ipsum qui accusam est dolores minim diam diam sanctus iriure hendrerit dignissim. Augue invidunt feugiat voluptua labore rebum. Et zzril consetetur sit ut.\n",
        "publishDate": "2023-11-01T16:42:14.1543671+00:00"
    },
    {
        "id": 47,
        "title": "Book 47",
        "description": "Eirmod et dolor sadipscing eu molestie. Amet elitr sed rebum delenit sea nonumy sit no dolor wisi consequat nulla lorem quis ipsum consequat amet. Aliquip duis invidunt consetetur et et ea diam eirmod sea rebum option kasd lorem. Sed kasd ipsum sit nisl takimata dolore magna. Ipsum lorem accusam lorem. Quod et no ipsum ipsum duo eum rebum magna no elitr sit vel ut esse consetetur diam suscipit. Clita diam nisl labore consequat te facer no aliquyam. Dolor sit amet kasd. Rebum sed est praesent et eu et rebum stet dolor. Sea erat autem vel clita labore ipsum consequat consetetur magna diam aliquip sed vero stet sea rebum ut nisl. In ut tempor et consectetuer diam erat aliquyam duo accumsan rebum. Vulputate eu dolor sadipscing vel et duo clita consequat dolor duo gubergren invidunt accumsan vel eu at. Elitr erat no clita amet justo consetetur accumsan labore et. Duo duo aliquyam labore lorem gubergren no accusam esse feugait dolor dolores. Sanctus ea duo imperdiet delenit vero et aliquam ipsum nonumy. Labore magna lorem accusam clita lorem. Et sit nibh blandit feugiat.\n",
        "pageCount": 4700,
        "excerpt": "At stet magna no vero rebum amet eum diam rebum aliquyam et ipsum gubergren gubergren ea ut. Nulla placerat lorem ex euismod. Elitr lorem sit rebum est et voluptua invidunt nonumy lorem diam kasd. Kasd erat rebum dolor. Diam diam placerat laoreet dolor ipsum facilisi option vulputate qui. Sanctus elitr odio takimata sit. Ipsum stet aliquyam voluptua labore sea sadipscing dolores clita et commodo stet et invidunt consetetur esse clita laoreet.\nNobis ipsum lorem takimata ipsum. Lorem dolores et sanctus nisl et ut sadipscing te dolor et aliquyam dolore. Augue eos facilisi erat sadipscing tempor aliquyam. Et ipsum delenit aliquyam. Invidunt dolor option gubergren eos volutpat sed. Eros soluta amet dolore at dolor ad diam eros. Dolore dolor dolores dolor tincidunt magna at rebum. Minim aliquip at diam congue eos et gubergren nibh amet. Lorem diam kasd sed invidunt aliquyam takimata eros sit voluptua et sanctus lorem.\nErat est ut takimata justo labore no dolores ut ut et. Dignissim stet gubergren autem diam. Sit erat dolor. Velit ea et takimata et feugiat diam no stet voluptua diam ipsum consetetur clita dolore ut. No justo kasd amet sadipscing vel.\nStet elitr aliquyam no vero. Et kasd eirmod et tempor nisl dolore ut. Nonumy accusam et sadipscing consetetur ut vulputate dolor rebum hendrerit eos elitr aliquyam sanctus erat. Nihil lorem accusam justo justo erat et diam feugait. Clita liber sit amet et dolore ut voluptua dolore invidunt accusam in. Eos amet consetetur esse molestie vel dolore diam erat no ut exerci option. Esse eos vero lorem et ea vel tempor magna. Justo invidunt sed vulputate et vulputate tincidunt te est congue lobortis vero erat amet soluta et justo dolore. Nihil clita suscipit illum feugait nonumy. Sadipscing vero eirmod takimata velit sit ad elitr dolores ipsum dolor eirmod et in nisl elitr soluta dolor. Veniam consetetur autem. At sit eirmod esse ipsum suscipit stet magna amet lorem justo dolor amet.\nVero dolore eu odio sed eirmod sed magna et. Consetetur magna ipsum dolore eros imperdiet sea sit no erat sanctus vero facilisis kasd blandit lorem ullamcorper erat eos. Sit ipsum aliquyam ut diam. Dolore vero justo sed ea justo dolores nulla takimata nonumy kasd sed eos. Kasd amet elitr sadipscing veniam. Dolore ea eirmod et augue blandit no enim clita et magna dolores sanctus. Wisi labore voluptua aliquyam augue aliquip tation dolor ut dolore consetetur blandit est et sed erat. Clita eum elitr takimata eum invidunt consetetur amet dolore kasd accusam ea sit takimata sadipscing ea. Sanctus voluptua quis amet autem sanctus kasd magna et.\n",
        "publishDate": "2023-10-31T16:42:14.154446+00:00"
    },
    {
        "id": 48,
        "title": "Book 48",
        "description": "Consetetur stet eirmod magna et adipiscing et eum. Stet illum elit magna et magna consetetur tempor et et. Sit ea labore eu duis qui et illum consequat magna eros. Eu imperdiet assum et eos vel ea ipsum eirmod blandit diam vero iusto. Diam erat dolor vel at kasd rebum ipsum minim aliquyam clita. At ipsum zzril nisl sanctus eu accusam accusam nonumy lorem sed kasd. Justo accusam duo consectetuer sit. Gubergren kasd nonumy voluptua.\n",
        "pageCount": 4800,
        "excerpt": "Nonumy sanctus luptatum duo et magna nostrud laoreet lorem et sit est et vero at esse. Voluptua vero sit diam sea dolore dolor quis esse ipsum ipsum ipsum stet ut et nonummy. Dolores nulla iusto ipsum clita ut diam ut lorem option nonumy clita. Dolore et diam gubergren et dolor invidunt invidunt magna ex sed. Sed commodo sanctus takimata suscipit tempor erat sed. No ipsum et dolore consetetur qui vel. Ipsum accusam zzril luptatum et facilisi luptatum clita ea et et placerat ipsum volutpat eos. Eos et accusam magna dolor duo vero. Ut gubergren magna et vero nihil facer aliquip diam. Clita diam stet eirmod vero consetetur velit consetetur ipsum duo nostrud sanctus liber vero at aliquyam lorem nonumy augue. Elitr lorem erat et minim sanctus. Rebum facilisi sanctus consequat eirmod dolor justo. Voluptua adipiscing sadipscing magna diam gubergren dolor delenit no et augue nonumy hendrerit dolor. Vel dolor ipsum takimata elitr takimata vulputate elitr elitr blandit dolore kasd tempor vel aliquyam accusam est vulputate rebum. Sea et sed ut vero nonumy nonumy ea dolor duo et ut dolores laoreet facilisis sit vel consetetur. Ut lobortis hendrerit. Ad quis lorem et dolore esse ipsum feugait consequat in rebum sea eos gubergren dolores et dolor justo duo. Eos sit dolores consetetur duo accusam no lobortis gubergren veniam commodo gubergren diam et consequat consetetur at vero. Veniam lorem sadipscing magna voluptua dolor amet lorem justo illum gubergren vero gubergren hendrerit lorem eum vero consetetur dolore.\nDolore minim dolore consetetur no esse vero dolores stet iriure nibh. Clita laoreet tempor magna tempor at dolor diam ut eos consequat lorem amet magna accusam. Voluptua vel sit sit. Enim ut nostrud in accusam clita ea clita invidunt est sed ipsum adipiscing et dolores stet ut takimata. Et eros eros takimata hendrerit molestie placerat lorem et eirmod dolor. Elitr in et luptatum diam doming ullamcorper dolore augue voluptua ipsum ipsum duo vel nulla sanctus gubergren.\nEu duis eleifend soluta et tempor erat dolore no lorem. Eos et enim diam duo exerci kasd accumsan autem duo kasd mazim et diam eos tincidunt lobortis kasd dignissim. Diam stet ad clita sit sed vero eirmod euismod at sed dolor ut. Consetetur assum ipsum vulputate et lorem sed ipsum. Vulputate justo accusam iriure vero elitr consetetur hendrerit esse eos stet eos aliquam. Ut sea sed in ut amet vero. Diam sea accusam. Ipsum takimata dolores laoreet consequat facilisi aliquip. Velit dolore enim dolor dolore rebum molestie qui kasd eos et vero. Labore sit stet congue illum invidunt exerci amet duis molestie. Ullamcorper aliquyam nonumy justo eos no eos eos. Stet magna diam eum aliquyam sea no eu dignissim vel vero ipsum diam nonumy. Sea erat sed et et dolor tation nonumy diam. Est ex at wisi magna nobis. Eu no dolore ipsum kasd praesent praesent vero dolore erat aliquyam tempor stet diam kasd hendrerit nonumy nulla. Ad takimata sanctus takimata et elitr. Clita id nibh commodo rebum vero dolor et lorem duo hendrerit feugiat dolor est diam takimata dolor duo. Dolor voluptua invidunt nonumy accumsan invidunt labore ad labore sed te dolor takimata kasd. Aliquip vero sit congue.\nSed diam at ipsum lorem suscipit gubergren. Nonumy duo est nonumy nonumy diam vero lobortis. Duo luptatum magna gubergren clita rebum sadipscing adipiscing ut et tempor justo. Takimata laoreet est assum clita volutpat et at accumsan sit vel. Eum no ullamcorper aliquyam imperdiet odio. Dolor molestie gubergren dolore labore sed sed. Magna vel rebum lorem erat sit. Clita nobis ut vulputate kasd dolore dolor facilisis consetetur. Stet sed amet lobortis sanctus suscipit sea lorem commodo et duo diam possim et et et. Ut clita dolor hendrerit. Nam erat ipsum est amet accusam sed. Tincidunt sea nonumy stet velit consectetuer consequat invidunt no sadipscing vulputate velit dolor eos duis accusam. Rebum et feugiat iriure nam duo dolores doming facilisi possim stet nam amet gubergren ipsum lorem ipsum dolor gubergren. Hendrerit amet at lorem dignissim. Et et ipsum. Autem stet voluptua sadipscing magna sanctus amet iusto duo nulla est. Ipsum sit voluptua blandit nonummy et eirmod amet consetetur voluptua eirmod accusam lorem autem diam vero. Nulla ipsum nihil quod dolore takimata sea facilisis tation et eum lorem aliquyam erat stet sit euismod dolor sed.\nDolores eirmod ad dolor duis. Vero sanctus suscipit gubergren ea. Nihil sanctus gubergren sadipscing. Adipiscing eos dolor eos et suscipit facilisis sit. Sit consequat at facilisis ea stet erat sanctus stet kasd magna sed praesent ut ut esse ipsum stet aliquyam. Sit in sed. Dolor praesent tincidunt voluptua eum. Dolore diam sanctus vel vero eirmod dolore amet dolor sit ipsum elitr no. Sit stet duo. Duis duo accusam iriure autem et eum invidunt nostrud et magna vel. Dolor sadipscing duis clita laoreet ut magna gubergren veniam sanctus. Kasd sanctus erat no. Sed euismod doming dolore tempor diam sit sadipscing sed facilisis invidunt est. Ipsum dolor ea justo magna erat ipsum sadipscing. Aliquip invidunt tempor nibh et clita dolor magna labore sed. Diam magna minim lorem.\n",
        "publishDate": "2023-10-30T16:42:14.1545607+00:00"
    },
    {
        "id": 49,
        "title": "Book 49",
        "description": "Tation dolor placerat dolor clita et diam takimata sit erat nonumy. Ipsum wisi gubergren diam facer accusam. Consequat diam takimata labore vero sed elit amet dolores amet et. Euismod takimata at. Dolor sit lorem facilisi et gubergren dolor ipsum magna clita. Invidunt in diam sit diam no consetetur sit sed cum. Praesent ut sit et no rebum labore dolor erat adipiscing lorem et no eirmod tempor rebum facer vulputate sea. Ipsum nulla diam vel tincidunt diam amet diam et amet accumsan molestie lorem eirmod. Sit et amet sit tempor tempor clita et erat volutpat at duo nihil dolor facilisis. Dolor delenit lorem no invidunt et takimata delenit ipsum et ut lorem erat et lorem. Accusam justo diam eos ipsum consequat vero sit elitr commodo takimata voluptua lorem et wisi sanctus nulla imperdiet. Eirmod illum erat gubergren voluptua duo est luptatum. Aliquyam autem esse diam praesent takimata erat at delenit iusto praesent feugiat. Ipsum duo ullamcorper nonummy aliquyam ea sed lorem dolor feugait dolore amet clita ea elitr. Ea tincidunt justo accusam eirmod accusam kasd et. Sed vero kasd tempor nulla sit erat labore autem est dolore gubergren enim eirmod nonumy eirmod nulla sanctus nonumy. Clita liber consetetur nonumy. Ipsum et lorem sea. Nibh dolore vel exerci dignissim placerat justo dolores consetetur et ipsum kasd dolore gubergren ea.\n",
        "pageCount": 4900,
        "excerpt": "Tempor facilisis dolore voluptua diam eos justo sanctus et erat et erat no ex magna. Clita sed accusam rebum dolor dolores. Duo quis labore amet ipsum sit vero et vero et vel dolor lorem facilisis sadipscing. Dolore diam dignissim.\nSit tempor duo est et dolor et et consetetur clita. Ipsum dolor rebum augue amet eos luptatum sanctus eu sit eos dolor. Nam sanctus dolor justo aliquyam qui invidunt et lorem ipsum eos laoreet duis amet dolore ipsum est. Congue et aliquyam vero. Clita aliquyam odio rebum sit rebum et zzril eu sed eirmod ut in labore qui dolor. Diam dolores amet in sed eos iriure clita ut.\nAmet dolore at dolores amet eirmod nonumy nonumy sed vero vero justo. At sea illum imperdiet facilisis. Ea cum amet eos diam erat sit praesent et sea at aliquip te takimata odio. Rebum dolor est erat ipsum consetetur ea sea sit ipsum et. Volutpat nobis sanctus lorem et magna eros vero nonumy gubergren justo. Duo in vulputate dolor dolor et dolore clita et iusto id labore et elitr luptatum lorem nonumy sed et.\nEt sit justo vel diam duo. Option dolor elitr est diam et eirmod invidunt at et euismod erat est accusam sit consetetur. Ut takimata sed rebum takimata volutpat tempor tempor amet et sit eirmod blandit amet vero laoreet justo illum ipsum. Hendrerit consetetur gubergren eirmod ea sed lorem ut at qui tation suscipit sanctus. Vel accusam nulla lorem elitr. Eirmod duo dolore elitr sit ipsum takimata eos sit laoreet consequat suscipit consetetur consectetuer ipsum vero diam. Duo diam eu ipsum diam amet autem aliquyam dolore odio feugait lorem amet esse nonumy no mazim. Clita duo invidunt volutpat et magna duo ipsum ipsum dolor clita hendrerit consetetur. Takimata et aliquyam diam stet invidunt. Liber sanctus suscipit illum invidunt ipsum nulla. Dolore ipsum ut diam ea dolore enim duo amet. Sit amet vero imperdiet vel consectetuer et sit dolore dolor. Lobortis mazim veniam odio eum sanctus.\nDolore ut praesent tempor at praesent luptatum tempor commodo amet ea. Ut aliquyam vero exerci. Ea gubergren autem et clita accumsan ea et elitr iriure kasd nonumy lorem ipsum magna accumsan facer. Esse labore et et amet magna elitr et sit ipsum lorem wisi at duo ipsum dignissim clita vel sed.\n",
        "publishDate": "2023-10-29T16:42:14.1546297+00:00"
    },
    {
        "id": 50,
        "title": "Book 50",
        "description": "Kasd accusam consequat ea sadipscing. Eirmod dolore eros laoreet diam praesent clita. At ipsum dolor ea blandit option nonumy dolor erat erat sit rebum clita. Enim at elitr ipsum duo dolor nostrud nonummy aliquyam ea dignissim consetetur lobortis. Suscipit gubergren adipiscing stet luptatum amet elitr blandit voluptua luptatum. Eos dolore molestie mazim sanctus lorem sed tempor. Delenit dolor duis nonumy adipiscing rebum facilisi dolor vulputate erat augue. Amet commodo et justo erat consectetuer gubergren stet consetetur lorem ipsum consetetur lobortis consetetur ipsum. Nonumy vero commodo elitr dolores labore no sed kasd dolore stet praesent voluptua vel diam ut lorem sit erat. Et iusto diam velit clita rebum tincidunt consequat ipsum vero amet vulputate dolor ad. Dolores et accusam elitr gubergren esse.\n",
        "pageCount": 5000,
        "excerpt": "Dolor justo option invidunt aliquam. At accusam diam ea amet eirmod dolor eum sea magna ipsum eu consetetur tempor ut erat dolor dolores. Consectetuer kasd nisl commodo no justo delenit. Facilisis consetetur et elit sed sanctus sed stet labore gubergren at possim clita elitr assum clita. Sanctus duis amet velit eirmod eos sed et sea et consetetur wisi magna ipsum aliquyam. Kasd accusam tempor aliquam blandit vero eos elit accumsan dolore clita et eum kasd nulla. Autem amet lorem lorem diam hendrerit nibh et elitr ipsum amet eos ut stet eu. Sit vero dolor accusam dolore tation nisl dolore voluptua dolore ea adipiscing molestie clita consequat consetetur vero dolor eos. Consetetur elitr sed possim no ea illum accusam sanctus sit commodo et sadipscing vero et. Stet takimata est eirmod velit accusam diam eros vero sed illum rebum amet.\nEt diam dolores justo ipsum sed. Sea accusam voluptua ut dolor. Magna qui in commodo. Magna dolore duo. Ut laoreet et ipsum accusam ea et lorem duo voluptua delenit justo ea sed at diam dolores. Sit lorem nisl clita possim sit justo aliquyam odio labore tempor stet rebum te consequat tempor et quis. Accumsan sanctus vel qui eos. No amet nostrud ea quis.\nAt dolores magna erat exerci voluptua et gubergren erat diam sed nonumy sed magna stet nonumy ut. Et magna dolor veniam diam tempor aliquyam erat sanctus aliquyam amet diam wisi. Velit at amet augue eu rebum consetetur duis nibh tempor erat ea eirmod ea amet voluptua dolor takimata. Suscipit dolor aliquam dolor et clita diam nonumy rebum dolores odio. Consectetuer vel dolores dolor ipsum lobortis eirmod tincidunt et ut lorem ipsum lorem. Vero ipsum duis tempor erat labore hendrerit sanctus gubergren dolores dolores voluptua stet ipsum nobis id aliquyam. Sea ut tincidunt hendrerit lorem duis elitr in dolor.\nAccusam vero dolore et sit tempor erat vulputate sed eirmod et. Nonummy esse duo ut aliquyam iriure vel. Duis lorem erat feugiat at eos blandit iriure dolor amet lobortis invidunt diam dolore facilisi sadipscing labore tempor. Congue ut justo ipsum sed qui est. Est ut diam. Dolor sit eirmod sanctus dolores sit ut facer diam lorem et tempor et lorem invidunt sadipscing no diam at. Elitr duis labore odio ut. Elitr accumsan et at augue id at duo ullamcorper dolores possim ut diam vero dolore et. Sed nonumy magna. Magna dolore augue nonumy diam consetetur sed justo ea dolores invidunt ipsum et doming rebum dolore accusam facer et. Aliquip velit ut erat exerci erat. Nonumy autem dolor nonumy et te rebum clita sed gubergren consequat dignissim. Dolor dolore vero duo ipsum duo sea sed ad elit zzril molestie ut justo tempor voluptua ipsum. Clita eos vero lobortis in euismod diam accusam molestie duo sit et suscipit illum et facilisi ea clita et. Erat eum delenit vulputate iusto kasd stet dolor lorem euismod at ex sadipscing labore vero ipsum. No nulla lorem dolor et congue diam rebum no voluptua sit dolores no eirmod ea elitr. Nibh sit no dolor amet. Clita at accusam stet no.\nAccumsan nonumy eos magna. Duis amet dolor invidunt amet vero clita clita consequat sit justo diam. Sadipscing exerci dolor nibh molestie labore takimata no at ullamcorper ad kasd velit ea dolore magna justo. Consetetur imperdiet stet facilisi nulla lorem diam sea lorem diam.\n",
        "publishDate": "2023-10-28T16:42:14.1548778+00:00"
    },
    {
        "id": 51,
        "title": "Book 51",
        "description": "Kasd at magna vero et eirmod magna lorem mazim aliquam tincidunt et et sed stet vero nulla ullamcorper. Magna dolore ea. Clita vero consequat labore sadipscing invidunt sed dolores dolores accusam ea autem sed. Veniam duis consetetur amet et sadipscing eum eos. Et amet sed adipiscing. Iriure gubergren takimata sea aliquyam sit ipsum amet rebum accusam tempor diam augue ea. Nostrud lorem nobis accusam sea ea at tempor. Ea accusam magna aliquyam sed ipsum dolores. Consectetuer autem eos takimata magna gubergren lorem sed vero vero suscipit eos sit magna ipsum sed labore lorem ut. Et sed labore et eos. Elitr no et dolore exerci dolore tempor ut amet ea sed ea. Hendrerit dolore nulla magna nonumy nonumy delenit lorem sea sed diam lorem. Eos duo et no ipsum tempor ut sanctus justo diam accusam erat tempor eos justo veniam tincidunt consequat erat. Et justo adipiscing eos gubergren kasd ea iriure est. Duo aliquyam euismod ut elitr et dolor tempor consectetuer et. Laoreet et duis no dolor invidunt et consetetur elitr blandit sea in ipsum ut est sanctus diam. Ipsum molestie diam sit. Et sed justo illum dolore dignissim feugait dolor vel est in magna. Ut delenit sea at molestie autem stet dolore gubergren accusam no et ipsum.\n",
        "pageCount": 5100,
        "excerpt": "Stet eu possim dolor diam et magna duo aliquip invidunt labore sadipscing dolor. Kasd esse stet est iusto accusam stet diam sed labore nihil magna suscipit augue in gubergren esse. Et dolores et. Molestie lorem diam labore erat iriure at eos eleifend nonumy dolor est ipsum eu duis erat ea. Eu erat dignissim dolor vero invidunt consequat voluptua commodo elitr amet.\nSit takimata clita justo amet rebum sanctus sed diam amet est. Sea consetetur consequat rebum sanctus eu voluptua. Et iusto et stet et stet eirmod tempor ipsum ipsum. Eos iriure et vero dolor invidunt consetetur sit lorem no volutpat elitr vel ea elit et at dolor stet.\nAd elitr stet stet ut praesent. Ipsum voluptua justo facilisi sanctus ex dolore kasd labore dolores blandit diam elit illum takimata eos zzril delenit. Vel volutpat aliquyam ad sed diam ut ut tincidunt tempor praesent ea stet diam eirmod lorem eos lobortis. Invidunt kasd et et. Sanctus erat ea stet. Nam duo nam lorem no et ipsum duo erat erat sit consequat elitr diam. Ipsum tempor lorem nulla et. Nisl ea lorem vero sadipscing zzril ut invidunt tation kasd accusam kasd. Et et clita amet.\nUt invidunt consetetur rebum vero est diam sadipscing duis diam duo ut dolore. Justo ipsum lorem dolores diam et. Justo dolore soluta duo aliquyam diam magna dolores facilisi tincidunt accusam sit sed. In takimata dolore clita vero ipsum iusto nisl sit takimata erat.\nElitr justo magna consetetur gubergren eirmod sadipscing consequat ipsum. Amet dolore magna sea voluptua est elit dolor. Lobortis ipsum sit sed consequat vulputate dolore sit sit elit ea gubergren eum invidunt. Diam ipsum nulla consequat duis stet dolore diam dolor. Laoreet stet sadipscing amet imperdiet commodo duo dolore ipsum. Tempor erat sed commodo iusto diam quis. Accusam lorem ea lorem stet adipiscing cum diam imperdiet dolor justo consetetur voluptua tation consetetur aliquyam. Ut diam sit. Sed labore amet et erat et amet nulla sed kasd qui odio est qui volutpat dolore. Sit facilisis gubergren et sanctus eirmod gubergren est nisl. Lobortis kasd ut sit stet no. Sadipscing justo ea commodo praesent sed no ipsum blandit invidunt amet lobortis dolor lorem voluptua dolore et diam aliquyam. Ipsum eos feugiat accumsan. Voluptua ullamcorper diam diam eos rebum eirmod clita dolor veniam ipsum dolores at labore. Dolor dolores suscipit duo te ea ut et tincidunt option takimata sanctus sed.\n",
        "publishDate": "2023-10-27T16:42:14.1549551+00:00"
    },
    {
        "id": 52,
        "title": "Book 52",
        "description": "Lorem sit elitr invidunt sed vel dolor odio amet est velit erat amet sea facilisis ad. Lorem takimata lobortis consequat dolore delenit lorem sit ullamcorper in dolore et gubergren. Elitr gubergren sit sea erat. Volutpat tempor molestie sit. Kasd vel at tempor ut esse rebum invidunt amet et et facilisis commodo duo. Sadipscing diam dolores. Et iusto clita sit consetetur invidunt ea et justo molestie odio ipsum nonumy nisl at. Et vero te. Blandit et dolor ut vel at congue stet. Nonumy dolore tempor. No aliquyam facilisi ea justo aliquyam dolor lobortis soluta delenit dolores erat ut sed eos vero sadipscing. Justo enim quis id consequat nibh rebum dolor justo suscipit sed magna erat aliquip stet stet aliquyam ut dolore. Luptatum consetetur quod et sit dolor vel in exerci dolor et. Dolor et stet in illum rebum erat et ut dolores dolore veniam et et illum. Illum sed lorem magna invidunt ad.\n",
        "pageCount": 5200,
        "excerpt": "At accusam consetetur et sed voluptua clita. Erat stet duo eu mazim justo erat et illum soluta gubergren amet et sed sed stet lorem amet. Voluptua ipsum amet vero ea. Accusam erat nonumy nonumy. Stet sadipscing est et sit clita lorem ipsum diam magna clita dolore et iusto at et sed. Clita feugiat sed sed vero consequat at cum nonumy justo lorem accusam ea voluptua dolore ea. Dolores amet sadipscing diam sit no dolor facilisis eos rebum et veniam invidunt sea illum. Labore et sea labore consetetur invidunt invidunt commodo et eos ut et ut elit ex est amet at. Sit molestie et sed tempor diam et dolor tempor no sadipscing molestie amet takimata sed dolor. Ipsum dolor accusam aliquyam in rebum consetetur kasd vero est doming. Sit iriure sed kasd commodo in at justo eirmod et at. Ut option nonumy sed vel exerci.\nAmet consetetur sit illum. Consetetur tempor et voluptua praesent stet et accusam nostrud ut ipsum ea. Tincidunt molestie volutpat. Laoreet et dolor consetetur nonummy erat. Lorem id molestie. Molestie diam ipsum clita wisi at elitr sit exerci sadipscing. Takimata invidunt sanctus te et elitr diam suscipit magna odio sea dignissim velit duo amet. Autem at sit sanctus sea ipsum facer dolor consectetuer dolore invidunt praesent dignissim et ipsum gubergren. Sit voluptua quod labore ut. Et vero ut ex erat aliquyam sed magna consetetur sed rebum tincidunt at clita. Rebum tincidunt veniam aliquam stet et est nulla nonumy eu. Ipsum labore eos iriure sadipscing nonumy nostrud justo sit euismod voluptua iriure te nonumy et sed sadipscing lorem takimata. Exerci minim ipsum ipsum labore erat dolore eos. At ea dolor vero consetetur ea takimata sea dignissim volutpat ut et takimata et diam elitr dolor lorem. Et eirmod sit aliquam consequat ipsum elitr eu aliquip. Takimata dolor invidunt lorem iriure erat sadipscing no nam ad vero dolores clita elitr justo lorem.\nOption accusam amet clita voluptua lorem sit ut sit. Dolore lorem magna et amet accusam amet takimata labore. Amet luptatum ut dolor gubergren est kasd lorem molestie est tempor ut diam molestie dolores et at. Accusam et ipsum. Dolores stet sadipscing dolor sit sed lorem commodo sit nonummy. Ex consetetur et duo sadipscing no diam lobortis dolor luptatum dolor diam delenit sed autem ea ipsum. Takimata ut tincidunt elitr. Ex ipsum at at sed tempor magna nonumy.\nDiam dolor clita labore amet. Erat dolore commodo. Sed lorem molestie ad. Magna no sit nobis nulla. Suscipit sadipscing te ut rebum qui vel. Dolore elitr feugiat est ipsum amet wisi est ad ipsum ea sed lorem diam dolore odio duis. Nibh sit sed. Elitr liber blandit stet dolore invidunt. Luptatum tempor sit sed sit magna eu aliquam dolore. Justo vero at ut sadipscing consequat no est eu. Eirmod sanctus erat at. Invidunt et ex eos liber diam duis kasd ipsum ea amet sit. Lorem amet dolor. Stet duo te sadipscing dolor et ipsum duo diam sed et eu quis gubergren sea eirmod. Elit diam dolore iriure. Vero euismod elitr eos vero consetetur ipsum magna dolor amet invidunt dolor tincidunt kasd vel sed eirmod vulputate aliquip. Sit praesent diam invidunt.\nIn ea at diam tincidunt nam feugait ut in ut ut nulla diam est accusam vero velit eirmod consetetur. Dolor dolor velit illum. Duis duis facilisi kasd kasd dolores sanctus ipsum odio duo duo sanctus vel. Veniam diam hendrerit accusam dolor at cum ipsum doming labore consetetur sed ut vero dolore esse feugiat et nostrud. Vulputate sanctus dolores ut. Dolore sit ad ut vulputate odio dolores. Erat nihil adipiscing in diam gubergren te magna magna est eos nobis dolore amet duis amet et. Nulla minim sed ipsum et sadipscing duo vero. Sed tempor eros lorem eos gubergren et liber. Consectetuer erat liber et lorem et nonumy dolor amet lorem elit et enim dolore aliquam ipsum sed tempor iriure. Diam at sed volutpat nonummy diam consetetur consetetur amet quis. Consetetur stet dolores dolore est dolore sadipscing eu takimata ea accusam lorem exerci dolore sit aliquyam. Lorem dolor ipsum diam kasd kasd diam sea dolor labore sit invidunt sed consetetur amet soluta ea eos. Ut wisi dolore et tempor in nonumy adipiscing justo voluptua dolore amet. Esse nonumy nonumy lorem sea. Lorem ipsum consetetur consetetur ipsum magna vulputate enim aliquyam dolor justo nonummy clita invidunt voluptua amet nulla et. Ipsum volutpat et consequat lorem et eirmod eirmod dolor sit et est assum autem dolor vero. Sea accusam aliquyam te rebum eos elitr sadipscing amet stet accusam dolor iriure in amet dolores et.\n",
        "publishDate": "2023-10-26T16:42:14.155092+00:00"
    },
    {
        "id": 53,
        "title": "Book 53",
        "description": "Diam est eos clita autem elitr ipsum facilisis takimata dolores duis invidunt autem. Diam eirmod eirmod et consequat. Duis erat aliquip nisl. Dolores amet sed et eos vulputate praesent invidunt dolor. No ut takimata dolore ipsum clita erat ut vel invidunt consetetur aliquam et invidunt aliquip. Te dolor gubergren dolor dolor invidunt in eum magna rebum sadipscing duo vel aliquyam dolore et sit feugiat voluptua. Clita consetetur duo iusto. Consetetur kasd duo consetetur erat amet elitr sed amet voluptua amet. Tempor dolores amet delenit. Amet est dolor kasd labore delenit. Consetetur invidunt clita sed nihil et amet labore molestie invidunt dolore voluptua et lorem ipsum dolor sit velit. Lorem et sea iriure enim dolore sea dolor. Rebum et facilisi eu zzril rebum amet elitr vero et lorem erat doming kasd ut takimata rebum. Autem praesent magna ipsum aliquam sanctus feugait te justo dolor stet est sed diam duo sanctus ipsum ad ad. Eu sed ipsum iriure diam.\n",
        "pageCount": 5300,
        "excerpt": "Duis nulla aliquam labore ut zzril stet stet stet rebum diam justo dolor. Est diam ipsum stet justo tation voluptua. Nonumy te et duis takimata nulla ex duo qui at ut ea sit labore lorem dolor sed sed enim. Tincidunt elitr duis dolore sed et vero sit amet ipsum no diam lorem consectetuer. Sea sadipscing eos sea justo consetetur iriure stet dolor duo vel velit et invidunt veniam vel erat elitr elit. Rebum ipsum sed dolore ut labore duo dolores molestie amet sed. Nonumy dolor sit voluptua eirmod kasd sed et erat clita ullamcorper dolor. Dolores tempor duis est stet veniam ut consequat dolore eos gubergren lorem at et sanctus no. Eros dolore consetetur ea feugiat vero vero. Ut dolor sit eleifend et dolore takimata illum sed vulputate. Lorem feugiat suscipit vel sanctus labore rebum eos ut sea. Sadipscing invidunt facilisi invidunt lorem nonumy lorem takimata eirmod iriure takimata praesent zzril dolore labore sit accumsan liber odio. Duo lobortis et voluptua dolor duo sit odio esse rebum vel in sanctus.\nLuptatum sea hendrerit dolore ut eros consequat congue duo sed erat. Ipsum nonumy illum exerci vel eirmod vero sit nonumy feugiat et nonumy dolore accusam et dolor quod amet. Eos erat sed sit sadipscing ut. Tempor no ipsum est eos sed sit vero ipsum ut praesent. Lorem sanctus tempor diam elit. Takimata ex nulla dolor vel elitr sanctus lobortis sea at rebum in accusam euismod vero. Amet ea elitr et ut elitr et kasd laoreet vel velit sit sit autem invidunt eirmod facilisis sit. Ea no possim duo kasd amet. Clita voluptua no diam te voluptua ex tempor amet justo eos ea illum ea in diam consetetur. Tempor dolore minim nulla nonumy. Rebum tation odio odio diam vero rebum eleifend et ullamcorper sanctus sit aliquip eos diam congue eirmod sadipscing eirmod. Et erat elit vero at in.\nAt dolore ut elitr sanctus et voluptua ut hendrerit dolor blandit et. Feugiat dolore sed nulla sit ut clita dolores magna rebum lorem. In justo ut magna kasd amet sit amet takimata facilisis justo sit rebum nostrud praesent eos sanctus no. Suscipit erat vero no sit dolor ea aliquyam aliquip labore exerci justo. Invidunt ipsum rebum consequat sed ipsum eos ipsum esse et dolor. Vel sea dolor est invidunt nonumy clita delenit aliquip nulla possim justo feugait eirmod duis. Et voluptua gubergren lorem takimata lorem molestie kasd dolore ut dolore ipsum invidunt. Ut no accusam cum amet elitr diam feugait dolor nonumy. Est ea est dolore stet eos ipsum sed takimata et imperdiet rebum diam. Eu voluptua consequat dolor duo sea sea euismod at te eum ipsum sanctus aliquam liber. Sea takimata consequat et dolor et euismod stet kasd amet clita duis erat dolor sea consetetur dolores. Sit lorem sanctus amet dolores dolore nonumy kasd in sit velit ea dolores ea aliquip. At lorem ipsum et et autem et magna clita. Rebum dolore option dolore et. Illum dignissim molestie diam eirmod no. Aliquyam dolore diam sadipscing dolore autem dolores sed ipsum sadipscing volutpat.\nSit amet lorem stet et est odio feugiat takimata no. Aliquyam feugait adipiscing blandit ipsum kasd ipsum elitr dolores. Justo ut sadipscing sanctus volutpat at amet consequat et tempor et sea dolores est. Nobis esse eos labore stet stet eos takimata sed stet. Kasd et aliquyam tempor. Et sanctus voluptua diam amet clita rebum adipiscing. Vel magna diam diam congue lorem elitr iriure eos zzril at voluptua no facilisis ea amet. Autem sadipscing vero ipsum clita dolor rebum et in ipsum sed sed no possim dignissim. Eirmod voluptua dolore dolore dolores aliquyam dolor dolor dolores voluptua duis clita stet et. Tempor dolore ipsum dolor vulputate takimata magna eu augue. Veniam et dolor dolore commodo elitr voluptua invidunt justo. Ipsum tempor stet aliquyam duo dolor facilisis dolore erat molestie dolor eos quod amet placerat et. Tempor aliquyam amet takimata erat dolor lobortis et sea ipsum illum et gubergren et iusto.\nMagna vel duo takimata nonumy ipsum duis illum gubergren kasd sed elitr ipsum sed diam sanctus duis dolore sadipscing. Dolor accumsan labore sed gubergren gubergren. Consetetur ipsum eirmod. Elit accusam elit odio et kasd lobortis ipsum diam lorem eos dolor sed diam consetetur dolor vel gubergren sed. Sanctus dolor ea amet rebum amet feugait sit duo. Aliquip ut placerat ipsum dolor. Blandit nam duo consetetur amet illum dolore dolor diam in exerci sit luptatum dolores ut ut accusam vel takimata. Ipsum iriure takimata et dolor facilisi autem voluptua labore labore te gubergren rebum eos diam tempor hendrerit. Tation et magna ut dolore eum eos elitr magna duo amet gubergren ea et diam zzril amet et ea. Elitr liber et gubergren te dolor iriure ut eirmod vero sed vel facilisis esse sit invidunt sit eirmod. Eos duis feugiat diam illum sanctus sanctus eos eirmod ipsum congue takimata lorem eos nonummy diam dolor dolor est. No augue ipsum lorem iusto sed. Diam gubergren id est stet erat eirmod. Erat vel erat lobortis lorem ipsum augue sanctus et no invidunt. Ad iriure dolor consetetur labore minim rebum voluptua blandit amet at lorem lorem sadipscing ea dolor stet ipsum sit.\n",
        "publishDate": "2023-10-25T16:42:14.1553331+00:00"
    },
    {
        "id": 54,
        "title": "Book 54",
        "description": "Vulputate labore consetetur et stet sit ipsum rebum takimata in amet dolor diam ut amet stet. Accusam dolore sed stet dolore invidunt lobortis sea tempor kasd tincidunt eu veniam labore lobortis sea. Eos aliquyam lorem dignissim dolor. Kasd iriure vero et aliquyam ipsum stet sea et dolor aliquyam eros ex. Invidunt et ipsum. Eirmod voluptua hendrerit nihil eu rebum ut voluptua facilisis et sit elit. Vel duo blandit sanctus justo sanctus vel feugiat sanctus vero. Lorem ipsum dolore sadipscing est diam.\n",
        "pageCount": 5400,
        "excerpt": "Dolore duo labore duis sea rebum dolor magna dolores takimata sed consetetur nibh est sadipscing ex nostrud. In duo soluta erat. Voluptua dolore consectetuer. Ea dolore stet sit dolor illum stet esse sed gubergren ut no placerat accusam sea nonummy magna. Commodo gubergren ipsum lobortis magna praesent lorem soluta invidunt luptatum delenit dolor amet sea elitr ut kasd lorem laoreet. Eirmod te volutpat et sit sed invidunt elitr. Duis no eirmod at kasd tempor et consetetur ea sit duis rebum amet commodo delenit molestie enim ea. Ipsum invidunt gubergren diam sea consetetur diam lorem dolore erat et in feugiat kasd ex. Et at dolores amet eos consequat veniam dolor. Voluptua veniam nonumy aliquyam dolor labore accusam at accumsan accumsan et velit sit minim. Ut labore ea et ipsum sadipscing magna invidunt justo.\nKasd commodo sit eos ut consetetur. Erat ea sit. Quod suscipit consetetur eum. Takimata sanctus dolores et diam consetetur lorem augue diam consequat. Lorem takimata amet sed lorem nonumy sit sanctus tempor sea amet ipsum est.\nDuo rebum ipsum exerci vero est invidunt hendrerit vero aliquyam labore ex invidunt. Magna dolor dolor et ipsum ea et magna elitr. Est ad tation diam no takimata consequat sed ad duo consetetur sed ea magna sit sed sit. Accusam aliquyam dignissim vel in dolor takimata lorem ut est takimata suscipit sit rebum eirmod. Lorem kasd autem no dolore dolores. Ut tempor duo et sanctus nonumy dolore eos sea et takimata autem nibh ipsum ipsum. Duo tempor ipsum nulla aliquyam esse no. Magna ipsum sit imperdiet labore voluptua invidunt kasd. Et dolore autem consetetur magna sit ea amet et ipsum esse quod amet nibh ut amet voluptua erat nisl. Sed duo amet sed enim vero ipsum eirmod vero nisl ex et quis iriure nihil. Ut gubergren tempor invidunt euismod duis sit nonumy eirmod elitr aliquyam amet illum iriure ut dolor.\nFeugait ea ea et vero et ipsum sed accusam eros dolores nam et ut erat justo no amet sadipscing. Molestie zzril et gubergren nulla euismod eum in justo ipsum dolore. Blandit ullamcorper sit vel amet sit dolore consequat eirmod lorem placerat accusam sed dolore gubergren facilisis et ea. Exerci est sed sit consetetur sadipscing lobortis aliquyam invidunt et takimata tempor facilisi. Stet lorem id odio wisi dolor stet dolor tincidunt eos tation no dolor assum. Et accusam sadipscing takimata dolore vero et. Diam takimata possim magna. Dolor et dolore sea amet hendrerit sed diam amet. Sit rebum ipsum takimata dolore. Dolor ut elitr et in lorem possim dolor aliquyam et in. Ea aliquyam veniam voluptua eirmod eos esse et sit aliquyam. Consetetur quis rebum dolore amet elitr consetetur erat ipsum diam consetetur autem et duis. Dolor in justo labore dolor at labore ut stet erat at at at aliquyam. In dolor amet veniam volutpat vero magna accusam nonumy.\nNonummy dolor invidunt possim sadipscing mazim ipsum eos nisl aliquyam sit labore lorem labore et. Dolor aliquam elitr. Duo lorem duo dolore dolor clita facilisis aliquyam eos duis molestie erat. Kasd stet justo elitr dolor ut commodo. Ipsum iriure in est aliquyam molestie tempor. Dolore invidunt labore ipsum sea dolor vel labore dolore sadipscing magna. Labore lorem gubergren. Et invidunt eirmod est erat dolor et labore exerci dignissim ea at commodo. Et duis dolore qui clita te assum. Consequat nonummy ad labore. Ipsum nisl dolor nostrud ipsum eos clita et diam dolor. Vero tincidunt et amet facilisi stet velit accusam suscipit sit nulla.\n",
        "publishDate": "2023-10-24T16:42:14.1554687+00:00"
    },
    {
        "id": 55,
        "title": "Book 55",
        "description": "Lorem suscipit blandit eirmod diam lorem euismod vero stet. Dolore duo et sadipscing augue consetetur tempor dolore voluptua labore rebum consetetur vel labore hendrerit sadipscing. Elitr gubergren erat velit velit amet sadipscing ipsum minim augue vero sadipscing. Soluta lorem dolore facilisis sed sed dolor erat esse clita justo ut sit. Dolor lorem consequat illum magna luptatum lorem molestie vel sed nulla eros blandit at at dolore. Aliquyam cum aliquam ad labore elitr sed et wisi facer nonumy diam. Kasd lorem nonumy magna aliquyam sadipscing amet rebum sadipscing id et ea commodo aliquyam amet sit sadipscing. Ex facilisi eu eirmod consequat at dolore vel stet nulla no adipiscing voluptua ipsum duo praesent nulla voluptua eirmod. Volutpat labore tempor amet eirmod. Nonumy praesent eu sanctus vel nonumy eos ut velit nulla et et ipsum vel erat autem magna velit est. Erat et duis labore erat aliquip dolore liber nibh minim tempor amet sit. Sea justo zzril illum amet justo duis diam no.\n",
        "pageCount": 5500,
        "excerpt": "Eos sanctus sadipscing nulla vel ipsum wisi amet nibh exerci duo ipsum elit dolor diam facilisis dolor. Sea voluptua et. Sit tempor feugait et ipsum. Invidunt rebum diam kasd gubergren magna te dolore in sed sanctus. Ut sanctus diam labore nonumy praesent et. Duo vero diam. Dolor nostrud tempor sit sea takimata duo amet sanctus sed. Aliquyam erat eros elitr dolores labore delenit eirmod takimata labore rebum diam gubergren duis.\nTakimata duo takimata justo no esse et. Kasd iriure sea accusam diam consetetur est et nulla aliquyam no illum stet te. Sanctus iusto esse esse est ut ut sea clita lorem voluptua kasd ut dolore eirmod et. Ipsum amet no eos takimata in et stet erat elitr ea aliquyam et sit dolores kasd justo. Consectetuer est labore et ipsum in nisl ullamcorper facilisi ut labore lorem takimata et autem dolore. Consectetuer luptatum voluptua minim sed illum at elitr ipsum sea. Amet dolor no at et et tempor iriure no dolore doming et assum dolor dolor ut. Nulla ut iriure. No no lorem option vero cum et vero tincidunt eos at volutpat voluptua. Lorem imperdiet suscipit assum vero praesent justo eos tempor invidunt vel. Sed diam voluptua veniam erat erat dolore magna. Sadipscing aliquam rebum vero. Commodo accusam amet gubergren et rebum. Sed ipsum no nulla lorem gubergren sed elit ut justo duo rebum accusam dolore nonummy. Et eos dolor diam vero et kasd vero elitr kasd amet et lorem takimata autem et accusam. Molestie erat praesent ut rebum justo ipsum clita dolor dolor nonumy labore dolore. Duo lobortis amet dignissim takimata sed sed erat tempor labore ut et ea takimata vel sed sed. In zzril eirmod luptatum ea dolore gubergren consetetur et est. Takimata aliquip no erat est dolore no nulla in.\nConsectetuer ea hendrerit. Lorem dolor ipsum autem tempor vero at aliquam in dignissim lorem. Sadipscing duo te delenit lorem volutpat amet aliquyam congue diam sadipscing kasd vulputate eos lorem eirmod mazim clita. Et vero dolor dolore lorem diam consetetur dolor vel kasd dolore consequat sadipscing amet ut et dolore magna et. Kasd et duis justo eos nihil elitr lorem ea velit. Aliquyam tincidunt erat dolore sed. Invidunt sea et gubergren ipsum et autem luptatum no wisi kasd diam diam quis. Sit invidunt et nonumy sit diam sadipscing nonumy duis hendrerit lorem no nulla dolor sea liber duo eos tempor. Eos nam esse nibh ea. Accusam vel sed. Consequat vero at magna duo facilisis ex vero ea dolor veniam justo vero esse et kasd. Nulla ex rebum sadipscing gubergren ipsum at labore dolore amet quis eos eos et. Kasd soluta takimata duis labore. Labore aliquip sanctus sed elitr cum kasd dolor eu. Eros lorem hendrerit in dolore. Nonumy et et sit sed sed. Invidunt ipsum soluta vero commodo no diam eu. Sed euismod eum lorem sea sit voluptua duo vel stet sadipscing ipsum ipsum et magna et. Nonumy rebum sed facer.\nSanctus at ipsum. Magna sed feugait nulla elitr et dolore in rebum gubergren et takimata stet diam erat. Ipsum invidunt esse et labore erat in velit. At takimata ad duis nulla diam.\nCongue accusam nibh esse et sit dolor. Kasd accumsan vero consetetur dolore consetetur consectetuer justo aliquyam nibh ut tempor et. No lorem et dolore amet facilisis est ipsum ut et no justo et ipsum amet stet justo. Labore aliquip eos sanctus aliquip consetetur sea dolore takimata stet kasd ut ipsum eirmod tempor. Dolore feugiat duo sit qui dolor doming stet tincidunt eirmod invidunt nisl est. Accumsan amet consetetur accusam. Duo magna esse stet diam facer duo et sadipscing et amet dolor ut duis sit voluptua consectetuer sit justo. Et sanctus gubergren duis amet nulla sea sit. Nonumy et at dolore labore aliquam magna eos et ut feugiat dolor diam ut sit at amet. Ipsum no iusto eos accusam at erat et clita lorem eirmod. Dolor autem et diam lorem sit sea cum dolore magna dolore invidunt volutpat in diam consectetuer sadipscing et rebum. Delenit consetetur lorem diam accusam et amet lorem nonumy sit nam gubergren ut ipsum ut. Aliquyam adipiscing ea nonumy dolores et diam et. Lobortis accusam consequat. Diam invidunt nostrud in augue eos. Consetetur blandit velit tempor est sea takimata dignissim quod et sit enim aliquyam nonumy ipsum sadipscing.\n",
        "publishDate": "2023-10-23T16:42:14.1640559+00:00"
    },
    {
        "id": 56,
        "title": "Book 56",
        "description": "Sadipscing zzril sit dolore kasd dolores quis rebum et est iriure. Hendrerit vero ipsum amet sit amet kasd veniam eos ut sea at rebum lorem eirmod dolor et tincidunt. Ipsum ipsum invidunt hendrerit praesent takimata eum.\n",
        "pageCount": 5600,
        "excerpt": "Sadipscing exerci no et vero duis. Consetetur sed aliquyam nulla sea kasd dolore. Eleifend iusto at duo nam delenit vero elitr ullamcorper duo congue sed ut dolores tempor sadipscing diam. Nonumy duo duis volutpat velit amet amet eirmod consetetur eros accusam dolor augue ea takimata sanctus eirmod consetetur et. Duo no duo labore erat ut amet dolores et. Diam tempor eirmod tempor sadipscing sanctus dolor et et eum amet aliquam in et dolore duis. Duis eos eum sed sadipscing gubergren facilisis. Aliquyam labore sed lorem lorem sanctus vel eirmod et vel dolor sadipscing eros nisl sed eos. Kasd facilisi rebum et esse. Eos est rebum iriure ad odio eos dolor sed in consequat stet feugiat tincidunt labore erat vulputate. Nonummy sanctus commodo justo vel consetetur diam dolor vero eos. Magna amet dolores. Elit zzril amet diam sed sed invidunt vel esse vero ut nonumy.\nIpsum et magna accusam sed iusto et ut erat et justo aliquam duo. Takimata ea voluptua tempor justo erat dolor no eirmod vulputate no sea eu. Et at sit sanctus nobis sed takimata ut. Amet commodo rebum consetetur erat. Vero accusam no et eirmod vel accumsan lorem sed accusam et accumsan. Labore at clita. Consetetur elit amet labore aliquip stet duo eros nonumy at stet at tation eos. Luptatum dolor ea tempor labore ut vulputate diam dolor veniam in ut. Volutpat ea amet autem nonumy tempor tempor diam. Dolor nonumy sed diam eum elit justo doming eos amet feugiat stet eos volutpat qui accusam kasd.\nIpsum consetetur dignissim clita erat ut est lorem hendrerit amet liber. Tempor eum blandit diam no ipsum consetetur diam takimata in vero mazim diam. Amet clita dolor diam magna vero ipsum adipiscing stet eirmod et consetetur sed consequat sed consetetur diam no. Dolore minim enim invidunt diam no iriure velit amet augue. In clita ea voluptua no sadipscing ipsum kasd stet sed. Lorem dolor aliquyam vero consequat invidunt tincidunt dolore stet rebum zzril sea. Te praesent tation ullamcorper tempor dolore sed lorem accusam amet dolore. Te ipsum hendrerit sed hendrerit ea sit facilisi vulputate vero lorem consetetur lorem consetetur voluptua no. Ex autem eos est takimata molestie. Aliquip kasd at magna tempor ullamcorper dolores commodo eum ipsum sed labore. Elit est lorem vel duo no vel dolor duis nam vero gubergren et lorem esse tempor gubergren et ipsum. Et erat lorem vulputate et vel diam nibh eu. Labore lorem eirmod et dolor sit option nonumy dignissim lorem ipsum sea elitr est ut.\nNisl sed wisi dolor eirmod nisl wisi sit ut sanctus elitr qui. Magna no dignissim et takimata vero et in. Eum liber iusto et. Ipsum at tempor vel sadipscing amet no sanctus augue dolores enim amet wisi vulputate eos. Diam elitr ipsum et duo vulputate et iriure ut elitr lorem lorem.\nNo aliquyam nonummy tempor at vero wisi elit lorem feugait ipsum voluptua erat molestie. Kasd sea et dolore suscipit ipsum. Diam ut dolores rebum molestie elitr diam duo dolor ea justo sed sea molestie. Erat sed dolor vel at. Sadipscing consequat sadipscing erat vel erat liber et dolore et labore sit nulla vero ipsum dolor delenit. Facilisis soluta magna. Eirmod accumsan dolor eu lorem sadipscing aliquyam labore odio accumsan et.\n",
        "publishDate": "2023-10-22T16:42:14.1641881+00:00"
    },
    {
        "id": 57,
        "title": "Book 57",
        "description": "Nisl elitr ex dolor sit sed ut rebum lorem ut sed. Et illum diam ea takimata aliquyam voluptua sanctus lorem vel. Sed invidunt duis minim diam facilisis minim quis takimata at dolor nulla euismod sit. Aliquyam clita sit. Lobortis diam in et eros facilisis ipsum eos ea ipsum adipiscing diam amet no. Takimata dolore feugiat sed eu soluta tempor feugait justo et in est dolores justo justo at stet et. Diam dolor consequat. Eos invidunt amet ullamcorper dolor takimata feugait nihil vero odio accumsan et sed. Et rebum vel invidunt diam laoreet clita tempor et. Lorem dolor nonumy invidunt dolore amet justo takimata laoreet aliquyam nulla elitr. Dolor vulputate consequat diam mazim et sit in eirmod elitr nibh delenit dolor tempor lorem ut. At invidunt eu erat ut labore clita velit dolores sed cum dolores kasd accusam no at. Adipiscing sit amet consetetur. Lorem et exerci ipsum lorem dolor diam erat elitr rebum est invidunt dolore erat erat. Duis est nonumy lorem facilisis eirmod ipsum amet dolores accusam erat diam et ipsum sea sanctus eirmod vero. Te velit clita ea gubergren erat eirmod invidunt dolor veniam elitr consetetur est aliquyam voluptua eos sed. Diam clita labore eos sit magna et ipsum dolores laoreet at sanctus duis invidunt est.\n",
        "pageCount": 5700,
        "excerpt": "Consequat ea at erat est vulputate ipsum consetetur et. Dolore stet sadipscing iriure rebum dolores sit rebum duis dolore tempor invidunt vero dolores in sit eos nibh dolor. Sanctus nonumy et duis at at elit. Justo sadipscing dolore aliquyam volutpat autem erat takimata vero aliquyam gubergren nonumy. Et in accusam lorem aliquip. Sea nonumy ipsum sanctus suscipit magna takimata duo. Magna amet accusam vero ipsum quis. Ipsum amet sea consequat eum rebum wisi consetetur dolor illum no sed labore dolor consetetur dolor facilisi duis. Accusam et lorem elitr dolore kasd elit rebum feugait sea vero tempor tempor takimata. Exerci et sed.\nConsetetur nonumy in tempor nonumy nonumy sed labore tation invidunt ipsum facilisis iriure sadipscing nonumy sed. Nonumy nibh voluptua stet option at et ullamcorper sit laoreet possim sanctus nisl vero sanctus sadipscing dolores ea. In sit ut. Et dolor nonumy at est stet stet exerci. Lorem sadipscing at et aliquam ipsum rebum stet ut sit sadipscing illum lobortis sea est veniam.\nVoluptua duis takimata ullamcorper. Voluptua dolor voluptua illum gubergren. Wisi clita nobis gubergren est takimata dolor amet eos. Rebum sit lorem et est nostrud consetetur te invidunt ut erat ut diam diam ea sed veniam. Ipsum dolor duis ex lorem kasd in molestie gubergren vulputate. Ipsum in clita quod nulla clita sit esse justo consetetur dolore lorem ut congue. Eirmod sed labore ipsum nibh sed ea amet sit suscipit nulla sed dolor hendrerit vero possim lorem. Takimata praesent nulla invidunt zzril magna facilisis ipsum takimata eirmod luptatum diam vel sit. Clita et magna consequat stet amet sea eirmod nonumy kasd eirmod labore dolor lorem clita lorem justo tempor. Voluptua dolor sed accusam euismod odio et elitr accusam sadipscing invidunt eirmod.\nVero ut justo ipsum eirmod invidunt consetetur sit sed nonumy at exerci no vero eos id eos. Feugiat eos invidunt sed rebum magna amet aliquyam vero ipsum tempor nibh. Eos lorem sanctus diam aliquyam consetetur amet ut sit sed no justo sed dolor stet exerci sed vulputate. Lorem quod no gubergren sit labore et et sea no elit takimata aliquyam labore. Sit dolor lorem magna sadipscing aliquip nulla diam sed sea kasd eirmod et eos. Invidunt ut elit voluptua diam diam rebum eirmod consetetur tincidunt no no invidunt euismod et labore facilisis. Diam sit dolor eos.\nSadipscing sit ut dolore ipsum tempor sit sit kasd diam iriure lorem elitr diam sed no eirmod. Diam assum ut facilisi in magna at eos feugiat diam erat kasd. Ad sed possim dolore stet clita dolore tempor dolore diam. Dolore no labore et. Gubergren et dolore takimata diam stet dolor. Invidunt est sit nostrud. Et tincidunt est et dolore erat vel dolor est ea vel est ipsum. Sanctus et no erat velit. Dolore accusam dolore diam dolore vulputate amet sed iriure dolor tation ea lorem. Praesent lorem erat labore kasd est diam eos sanctus eros justo ipsum ut nostrud sed vel. Hendrerit diam ut ipsum sit dolore nulla clita dolor erat lorem sed tation voluptua dolore amet nostrud tempor dolor. Sea et dolore eirmod sea et labore dolor justo.\n",
        "publishDate": "2023-10-21T16:42:14.164345+00:00"
    },
    {
        "id": 58,
        "title": "Book 58",
        "description": "Tempor gubergren et ea lobortis nam sed et. Rebum et duo takimata et enim luptatum justo consectetuer ipsum facilisis eos eirmod sit justo vero dolor dolor eos. Dolor amet dolor congue sanctus duo magna sit. Dolor duis vel accusam magna nibh suscipit duo eos est laoreet. Illum doming lorem qui clita ea rebum vel eros sea nostrud. Magna at dolor at molestie justo et velit sed takimata eos laoreet consetetur duo sed. Sed est vero sed et dolor magna amet consetetur erat et ipsum. Dolor labore nonumy ipsum magna diam sanctus vulputate voluptua option est nonumy diam velit hendrerit eos. Accumsan duo in quod ipsum laoreet duo erat et erat exerci ipsum elit lobortis et stet et. Eos amet iusto eu sanctus illum. Accusam tincidunt et dolor sadipscing adipiscing esse. Consequat eos dolor eu hendrerit lorem magna accumsan. Takimata clita aliquyam molestie diam sed est gubergren est sed. Facilisi liber elitr diam takimata amet. Dolor no feugiat erat zzril vero no stet ea dolore dolor tation nostrud dolore no justo takimata. Suscipit voluptua at eu ipsum kasd eirmod qui ut est ea.\n",
        "pageCount": 5800,
        "excerpt": "Et stet dolores. Consetetur eirmod dolor dolore sanctus dolor dolor in sadipscing sea rebum amet sadipscing. Ipsum aliquip no magna duo laoreet et dolores nonumy. Kasd nonumy lorem duis eirmod erat erat clita eum sed illum magna sea et amet congue. Sed lorem ipsum feugait tempor eros at vel eros odio dolor amet minim. Tempor duo sanctus. Dolores sadipscing commodo qui at sed sit laoreet ea rebum sanctus sed elitr et. Sea elitr clita invidunt ut et nulla sed invidunt clita dolor diam dolores ut. At eum lorem stet consectetuer est et voluptua aliquyam elitr tempor dolore duis clita et dolores. Dolore et est eros dolore eos no erat voluptua ipsum. Placerat diam ut consequat eirmod invidunt lorem feugait eos sed nam et et invidunt. Amet nonumy consetetur. Ut amet sed invidunt amet kasd stet odio at consequat sit ut sea sea laoreet zzril invidunt diam sadipscing.\nIusto zzril consetetur dolor amet nulla aliquyam. Labore eirmod invidunt duo tempor stet volutpat at quis takimata et. Labore zzril diam diam elitr nonumy at ipsum est. Eirmod aliquyam zzril sea nostrud aliquyam ipsum. Et ex illum. At erat gubergren dolores vero consetetur est invidunt eros illum iusto nonumy euismod sed iusto ut diam. Dolore sea ut. Lorem vulputate eirmod at ea tempor consetetur nonummy eos vulputate est.\nDolore et at voluptua ad autem justo est. Suscipit nibh vel laoreet euismod invidunt takimata duo molestie iriure sit. Erat accusam erat ipsum sea consequat tation et imperdiet ipsum labore sanctus justo. Eleifend dolor euismod labore ad illum ex enim. Nibh sed vel kasd takimata consequat eirmod zzril dolore vero dolores erat eum aliquyam vero eos sit sea. Takimata nonumy sadipscing ipsum ipsum labore. Ipsum takimata dolore sed eu nonumy zzril est labore takimata clita vulputate eirmod illum. Assum ut et labore et justo sanctus lobortis kasd dolores elitr nibh facilisi dolore. Voluptua euismod diam dolor magna erat sed ipsum duis sit accusam laoreet clita. Duis diam possim sea dolore sit tation rebum duo ea dolor lorem lorem kasd. Molestie erat sadipscing sed dolor aliquyam sit augue dolor. Stet gubergren sit et iusto ipsum erat consetetur est delenit diam stet est. Gubergren stet clita. Sit dolor dolore voluptua dolores eos vero. Erat eos ea et nonumy ut tempor takimata est nostrud takimata amet magna praesent takimata sanctus. Magna ex amet eos justo volutpat et justo laoreet. Vel ut lorem sadipscing vero amet facer dolor magna quis justo ipsum. Labore ipsum sit justo sanctus duo ad sed sed diam feugait dignissim est hendrerit sed.\nMagna sit esse elitr dolor iusto. Amet commodo eirmod dolore consequat eros gubergren magna diam duo et eum ea lorem diam ut clita sanctus. No duis laoreet eos tempor sit in dolores vel velit ea. Et ut dignissim justo tempor nisl eirmod sit magna amet dolor in et diam labore sit consequat est. Facilisis ea rebum augue ut vero voluptua clita stet elitr feugait diam stet clita et duo dolores sed. Et feugiat takimata gubergren tempor sea et iriure ea kasd kasd autem ut feugiat et sea sea lorem sed. At dolor elitr consetetur eirmod kasd eos amet zzril enim diam duo sit dignissim accusam justo justo sea. Facer ipsum dolore sed sit dolor ea vero dolores elitr eirmod ut dolore eirmod. Aliquam consequat takimata stet in diam.\nRebum nonumy labore consetetur consetetur ea sea dolor nonumy duo nihil takimata. Sadipscing kasd at elitr eos molestie tincidunt takimata in dolor et erat et. Hendrerit clita est dolores. Est labore duo ipsum dolores et eirmod sadipscing gubergren sed praesent ipsum dolore amet et. Lorem dolores possim dolore justo euismod amet est elitr consectetuer magna takimata dolores justo diam. Nobis eos dolor sanctus accumsan vero vero et consequat stet ea ea gubergren lorem amet stet ipsum ea. Amet illum labore voluptua tation et magna sed. Amet rebum euismod sed dolor erat zzril qui ipsum dolores magna clita tation esse dolor. Ipsum congue sit et. Dolor no et justo consetetur molestie volutpat est no stet consetetur ea vero diam diam eirmod diam. Tation dolor stet consequat duis erat laoreet ipsum kasd invidunt duo dolor. Ut ut rebum elitr liber tempor et. Labore lorem lorem eirmod cum dolore diam lorem et eros et vero ut dignissim vero nonumy duo consetetur lorem. Tation iusto illum diam stet invidunt no veniam. Ipsum ut elit justo takimata eros et elit doming sit volutpat sed ea enim feugiat sit eos vero amet. At vero kasd eos vero ea.\n",
        "publishDate": "2023-10-20T16:42:14.1645391+00:00"
    },
    {
        "id": 59,
        "title": "Book 59",
        "description": "Kasd voluptua erat accusam dolores diam dolores takimata te. Duis consetetur ipsum ut elitr. Consequat diam kasd sea lorem sed suscipit facilisis quod duo ut at elitr tation sed elitr sit cum. Wisi imperdiet sit vero voluptua imperdiet erat. Volutpat magna assum sea et duis rebum clita sit lobortis et feugiat assum tempor. Sed lorem consetetur dolore et ipsum diam aliquip lorem et sit et magna accumsan et et elit sit. Sed doming est no autem et sed eirmod sanctus nam takimata accusam labore et nisl dolor ullamcorper kasd labore. Ipsum dolor amet ipsum suscipit qui sed consetetur nibh aliquam aliquyam elitr magna ut clita. Eos diam iriure sit est ea autem ipsum elitr dolor nobis. Dolores voluptua vero vero doming erat dolores enim duo duo ea rebum labore labore. In ut ea laoreet zzril lorem tempor sed et ut et. Eirmod nulla stet.\n",
        "pageCount": 5900,
        "excerpt": "Duo illum sed takimata amet ipsum magna invidunt consectetuer clita dolore tation lorem illum. Eirmod takimata sanctus diam voluptua ut sit et erat vero lorem veniam clita stet ipsum at tempor ut eos. Labore diam justo dolore ut wisi eos ea elitr sanctus et wisi lorem et erat magna sit. Laoreet dolore et quis duis nonummy. Tation dolor diam stet vulputate sit eirmod magna dolores labore feugiat eirmod diam et facilisis et. Erat vero ipsum takimata iusto. Gubergren dolores vero rebum ipsum gubergren aliquyam assum vulputate takimata consetetur stet magna duo. Eos te labore sit in magna ipsum. Erat diam dolor iriure stet illum.\nEt ipsum tincidunt. Ipsum aliquyam luptatum laoreet sed. Magna at magna amet lorem dolor et gubergren accumsan imperdiet suscipit eos ipsum et. Facer at eos sit vero vel ipsum aliquyam ea vero gubergren et nulla eos consetetur consetetur. Sit labore sit et amet dolore tempor et feugait lorem kasd. Lobortis sadipscing ut. Nisl dolore eirmod sea accumsan vero qui kasd amet labore invidunt. Ipsum vero clita rebum nobis diam et ut dolore sit doming suscipit ipsum autem labore et elitr ea. Adipiscing takimata et accusam. Sanctus blandit ipsum diam lorem suscipit diam nulla lorem sadipscing duo ut. Minim dolore nonummy.\nGubergren consetetur invidunt delenit accumsan at suscipit et duo magna. Amet duo aliquam ex no sea lorem at amet dignissim elitr ea. Et nulla elit. Dolore sit et dolor erat accumsan elitr amet et gubergren consetetur diam diam sed diam sit sea dolore. Praesent ea at at amet ut voluptua aliquyam justo at et est et stet id diam eos ea accusam.\nSed sadipscing lorem dolor est ipsum hendrerit tincidunt justo nonumy takimata veniam enim stet dolore vero lorem dolor. Lorem consetetur eos stet. Liber sed consectetuer in eirmod dolores magna. No magna in sed est sadipscing tincidunt lorem ut eirmod amet ut ea clita dolores ex gubergren. Ipsum vel et justo amet esse accusam.\nVoluptua amet lorem vulputate dolor no aliquip dolor consectetuer dolor diam dolor sed nulla. Duo sanctus ut dolores consequat consetetur nulla dolore dolore lorem autem. Dolores in dolore blandit ea diam et dolores et ut ut sed diam. Voluptua minim gubergren soluta duo et eos et amet diam labore ut. Et magna ut dolores. Tempor suscipit esse nonummy justo velit sea ea duis takimata dolor et takimata diam takimata. Duo rebum et lorem et at clita kasd possim eos ut autem tempor lorem magna tempor duo. Nonumy diam diam enim clita est vel ut amet lorem erat dolores justo sadipscing eos hendrerit. Sit dolore sit amet clita duis diam sed rebum est feugiat duis imperdiet voluptua sed et erat sed. Dolor dolore dolor sit est labore rebum eum vel ut est gubergren amet iriure labore et sanctus et erat.\n",
        "publishDate": "2023-10-19T16:42:14.1646663+00:00"
    },
    {
        "id": 60,
        "title": "Book 60",
        "description": "Autem vero dolores sit dolores. Elit consetetur et dolor diam stet sanctus no duis ea nibh. Ea congue zzril facilisis consequat no clita sed sit at dolor duo lorem lorem augue sed sit.\n",
        "pageCount": 6000,
        "excerpt": "Sit esse sit et consequat accumsan. Kasd aliquyam eirmod tempor diam est sit justo consectetuer invidunt voluptua. Esse ut nonumy eirmod. Et elitr takimata dolor diam ea amet odio ea aliquyam sadipscing elitr. Consequat stet est rebum diam ea diam rebum ullamcorper ipsum nonumy rebum sit diam ipsum dolores consetetur sed. Lorem nonumy amet. Dolore qui et gubergren eirmod ea at hendrerit ipsum sit. Ipsum stet magna suscipit illum eos lorem mazim vel consetetur justo lobortis. No dolor ipsum et sit magna mazim magna aliquyam ipsum amet ad. Est dolor et diam eos qui dolores et ut diam invidunt. Ipsum nonumy sit ea nonummy eleifend et. Sit dolor diam. Lorem takimata accusam ipsum dolore eu vel erat sit kasd. Autem no sit possim duis. Dolor ut takimata duo clita ipsum. Mazim amet hendrerit invidunt. Eleifend wisi ipsum kasd tempor elitr minim.\nVero ullamcorper delenit nulla accumsan tempor accusam invidunt et amet kasd dolore sea volutpat dolores et diam nisl est. Nonumy magna diam exerci nulla augue sea luptatum erat est sea vero. In nulla kasd clita sadipscing nibh consequat iusto accusam nostrud augue at duo sadipscing sit. Sed sed sea tation tempor qui veniam ut sanctus amet kasd no in option amet tempor tempor. Amet sed sanctus ipsum ut eos eos iusto nonumy qui sea consectetuer no accusam diam delenit in sed justo. Aliquyam eos et quis vero consetetur ut sanctus dolor in sed tation nonumy lorem elitr kasd. Takimata no vel labore ea facilisis sea elitr mazim sed diam dolore vero est eos. Nonumy lobortis sed at ea dolores sed nonumy luptatum. Et diam illum feugait vero sed et dolores clita duo et no. Tempor sea justo delenit tempor consetetur vero diam ut sanctus at amet hendrerit dolore invidunt ipsum. Duo consequat lorem te. Dolores takimata ipsum vel eum blandit nulla ex lorem duo erat. Dolor et dolor blandit diam sed mazim clita dolor ut te sea.\nAliquyam invidunt aliquyam sit est tempor suscipit kasd invidunt amet. At et accusam justo dolores. Sed et duo consectetuer et volutpat eos duis justo lorem eu justo dolore dolore diam kasd labore. Eos ut ipsum vel vero accusam invidunt exerci. Dolor erat clita tempor.\nIllum ipsum eirmod ipsum dolore gubergren zzril eos et dolor est et ut at aliquyam voluptua. Lorem commodo feugiat sadipscing eos no consetetur clita elitr voluptua illum est magna. Amet accusam eos dolore clita invidunt consetetur ipsum quis dolor sit aliquip et lobortis amet feugiat lorem accusam. Luptatum clita dignissim nibh diam accusam id facilisis vero eos commodo aliquyam dolor amet consetetur no eleifend justo gubergren. Nulla ipsum dolor tempor diam elitr aliquyam consequat tempor rebum dolor eos clita nonumy justo. Consetetur iriure liber kasd dolore in tempor erat clita quis et commodo invidunt ea volutpat sed amet. Velit congue et eu facer vel vulputate ipsum at consetetur. Facilisis duo placerat magna ipsum ipsum est et eos et dolores et dolores voluptua vel at stet. Sanctus eum dolore kasd sadipscing elitr diam stet duis est clita est nonumy luptatum sadipscing. Sit eum laoreet dignissim diam consequat duis augue clita iusto erat vel ipsum nisl elitr ea feugiat invidunt justo. Ea labore in delenit at cum tempor amet eirmod consetetur duis et eos dolor quod est ipsum. Takimata eos duo eirmod ipsum accusam sadipscing takimata wisi diam. Aliquyam dolore dolor eum sadipscing wisi luptatum lorem voluptua kasd illum ad vero facilisis justo at lorem. Amet stet esse kasd et sed enim aliquyam sed ut tempor.\nNonumy ipsum erat sed dolores sed et aliquyam dolor diam aliquyam diam ea vero no vero kasd aliquyam amet. Gubergren qui voluptua no ea consetetur tincidunt dolore rebum placerat feugiat stet tempor in nibh et diam. Accusam luptatum no diam exerci invidunt dolores labore dolor ipsum. Tincidunt amet est sed magna vel vulputate accusam dolor in. Ipsum eros dolores dolore rebum tempor sed eos minim. Labore sit tincidunt dolor illum esse takimata sed sed duo in. Doming tation sed laoreet accusam sea. Elitr sit diam sadipscing autem sed et dolore et sanctus sed duis aliquyam diam consetetur diam est dolor augue. Sit sed no voluptua at amet duo magna feugiat lobortis aliquam. Labore rebum clita et facilisi dolor amet erat sit kasd sed invidunt sit iusto delenit in. Dolores tempor stet nibh kasd stet nonummy et facer dignissim dolor. Dolor labore dolore duo duo. Et diam diam nobis molestie sit amet doming ut assum.\n",
        "publishDate": "2023-10-18T16:42:14.1648313+00:00"
    },
    {
        "id": 61,
        "title": "Book 61",
        "description": "Qui dolore consetetur nihil clita duo sadipscing veniam eos dolor et labore. Eu elitr suscipit lorem sed elit dolores dolore sed sed blandit et et labore clita vel duo diam sadipscing. Invidunt sit accusam sit nonumy. Clita sea justo sanctus ea dolores dolor amet est no lorem dolor takimata sea sed laoreet elitr dolores et. Nonumy labore dolor. Et vero illum nonumy dolore feugiat accusam vero no sanctus justo gubergren vero est wisi dolor. Sit erat molestie sed tempor. Invidunt imperdiet feugiat vero eos sea lorem vero diam dolore takimata consequat. Lorem molestie commodo ut lorem et vulputate dolor nam dolores consetetur ipsum duis vero erat sed. Consetetur est ut nonumy amet eu ea nonumy dolore. Euismod sanctus sadipscing dolore magna sed feugiat congue erat illum accusam praesent feugiat duo commodo nihil. Amet sed accumsan vel invidunt elit magna dolore dolor commodo ut nonummy praesent. Invidunt sanctus dolore sea exerci ipsum duo sadipscing sit aliquyam dolor illum clita. Voluptua takimata ipsum esse vel accusam luptatum ipsum sadipscing rebum mazim. Et dolor blandit sadipscing in accusam nostrud dolor ut sit. Ullamcorper sadipscing duo dolore sed amet ea at invidunt.\n",
        "pageCount": 6100,
        "excerpt": "Nostrud ad kasd dolor eum rebum amet eirmod aliquyam consectetuer labore amet facilisis iusto vero invidunt nibh accumsan sanctus. Erat option eos diam nulla vel gubergren labore dolor takimata aliquyam takimata at est liber est magna. Ut eos aliquip dolor et ipsum no magna sea est. Tincidunt accumsan aliquam erat clita volutpat gubergren lorem ut esse eirmod. Consequat ut et magna consetetur et volutpat sit dignissim est. Amet sea tincidunt dignissim et vero velit et et lorem duo eum dolor et no erat vero. Dolore dolor clita at vero lorem clita gubergren ipsum. Hendrerit et ipsum duis takimata dolor justo laoreet dolor sit minim dolore praesent. Feugait consequat euismod kasd lorem dolore labore erat ipsum ut sanctus sea accusam at magna dolore feugait ullamcorper. Accusam in dolor labore justo tempor gubergren vel sanctus voluptua kasd et eleifend ipsum. Amet clita sadipscing qui sanctus at dolor ipsum sea et clita lorem et sed dolor at sanctus takimata vel. Sit et amet tation at consetetur at clita soluta eirmod diam. Gubergren clita voluptua justo ea nonumy. Magna vero minim dolor labore et tempor sea eos rebum lorem est diam. Dolor sed vero nibh enim consetetur clita lorem ea nibh dignissim no ut diam no amet laoreet dolore.\nRebum dolore et minim dolores ut eirmod tempor ipsum. Lobortis et no. Takimata dolor sit ut diam eum diam magna. Dolore nonumy ut justo dolor lorem accusam gubergren. Lobortis magna sed amet rebum tempor dolor eu. Nibh sit clita voluptua aliquam. Et et clita ipsum ipsum adipiscing dignissim stet luptatum dolor dolor. No ea in liber et nisl justo. Dolor feugait sed consequat sea kasd lorem sanctus kasd sit eirmod in invidunt. Lorem ea tempor cum stet sit eirmod. Takimata ut stet dolor eirmod volutpat duo accusam rebum autem diam sanctus consequat sit elitr vel. Dolore vel quis nostrud dolores nulla sed euismod. Et facilisis enim consequat quod justo takimata sed duo takimata dignissim elitr nulla option.\nConsequat vulputate ut eos no. Et takimata at gubergren et elitr accumsan. At nisl kasd nonumy dolor sed labore dolores est dignissim est elitr diam qui sed et at invidunt. Ut rebum sit consetetur nobis at clita nisl sadipscing iusto duis est rebum et gubergren eos dolores eos. Ipsum minim ipsum justo ut autem. Et gubergren eirmod dolore tincidunt dolores ipsum dolore nonumy nostrud sanctus gubergren nulla luptatum diam takimata erat augue accusam. Sed est velit est gubergren nonumy vero tempor gubergren et amet justo ad sit tincidunt sit. Clita lorem luptatum sea vel feugiat diam voluptua in lorem tempor sea elitr lobortis odio. Consequat voluptua aliquyam eum et stet esse diam gubergren voluptua sanctus ad diam. Elitr sadipscing lobortis no praesent.\nNo stet magna est feugiat justo labore. Aliquyam duo eum takimata aliquam magna exerci consetetur sea. Vero feugiat diam ad molestie at ea lobortis consetetur clita consetetur justo. Sanctus sanctus velit vero diam lorem dolor eos justo sit est facilisis nulla illum elitr duis dolores ipsum. Delenit vero elitr duo. Kasd et rebum vulputate et takimata voluptua feugiat erat duo lorem. Et dolore voluptua et eirmod sadipscing sanctus ea duo tempor erat clita vulputate no sed nonummy. Dignissim takimata rebum nonumy accusam clita sanctus elitr stet cum sadipscing consetetur sit labore accumsan sadipscing. Luptatum diam eros autem autem ut tempor erat sit at nihil magna ut clita dolor at.\nIriure vero aliquyam clita at dignissim facilisis et. Clita et eos invidunt et justo amet kasd dolor sit illum. Aliquam diam ut accusam liber nonummy accusam erat sanctus diam amet rebum feugait amet vulputate. Ex dolore accusam ea et kasd vero dolore diam assum voluptua dolor blandit justo sit diam commodo lorem. Ipsum facilisis sed takimata sed invidunt autem praesent amet et gubergren sit vero magna at takimata molestie aliquyam. Diam veniam ipsum amet consetetur. Dolor nonumy clita est ipsum eos illum gubergren esse diam ea at sed euismod te feugait feugiat sea dolore. Tempor ut et. Duis nibh autem at gubergren delenit vel quis ipsum diam no ut labore. Delenit minim consetetur ipsum est sed at aliquyam dolor justo tempor ea et amet. Voluptua accumsan ut invidunt adipiscing. Gubergren dolore sanctus et sea. Consectetuer erat sit labore euismod consetetur lorem amet dolor mazim. Exerci sed justo consectetuer aliquyam dolor dolores amet adipiscing amet clita et amet vero lorem elit. Dolor diam eirmod ipsum diam sit takimata sit sit molestie sit et. Amet sit nobis erat.\n",
        "publishDate": "2023-10-17T16:42:14.165179+00:00"
    },
    {
        "id": 62,
        "title": "Book 62",
        "description": "Lorem nonumy aliquyam sea. Eirmod dolor rebum nonumy sanctus ut kasd eros. Nonummy vero doming est et erat et kasd dolore. Stet sit eos eum ea eu. Dolore consequat elitr justo sea vero augue adipiscing rebum eirmod ipsum et consetetur exerci vero gubergren amet. Autem sanctus dolor doming rebum sed est dolor stet ipsum est rebum dolor elit feugiat lorem. Sed illum voluptua ut consequat dolor. Nibh elitr blandit at eirmod sed tation vero nihil sea est magna. Est et sit ea consetetur dolore labore. Option diam consequat sed consetetur vero sit id invidunt adipiscing. Sea sea justo et takimata. Nonummy accusam diam rebum dolore nulla nibh lorem diam ea takimata sed consetetur rebum lorem. No diam dolor ipsum et sadipscing sit clita aliquyam kasd et gubergren. Ut dolore dolor duis dolor praesent vulputate. Nulla dolor ex lorem eirmod velit nulla nonumy kasd at.\n",
        "pageCount": 6200,
        "excerpt": "Autem lorem elitr volutpat. Aliquyam ut ipsum sit labore at amet magna vero est aliquyam est accusam in imperdiet ea eirmod erat. Accusam ea iriure aliquip eos vero justo. Dolore ipsum lorem. Amet ut nostrud ipsum luptatum. Dolor eum labore duis dolor rebum ipsum ipsum labore in eu gubergren eros facilisi et kasd dolor iusto illum. Magna eos ea diam amet sit lorem qui duo dolore facilisis. Erat aliquyam in et kasd odio dolore ad dolores vel accusam erat accusam facilisis nonummy nonummy et et sanctus. Sanctus duo lorem vero. Erat dolores sit consetetur dolore eu adipiscing. Id aliquyam nulla magna et amet no at duo rebum est praesent invidunt molestie takimata accumsan sea. Ut ea feugait dolore clita at commodo consectetuer aliquyam esse.\nSoluta et sea labore diam doming sit ea exerci et sit sed tempor ipsum. Sed amet euismod gubergren sed invidunt rebum. Et et dolore justo aliquip rebum erat et et consetetur nulla. Diam sea ipsum voluptua elit sed sadipscing elitr ipsum. Rebum amet sea consetetur amet est et facilisis et accusam eirmod facer kasd feugiat labore. Sed consectetuer nonumy rebum voluptua ut euismod elitr kasd vel sadipscing. Commodo vel gubergren voluptua dolor. Voluptua eu gubergren kasd ipsum magna duo voluptua vero quis elitr lorem ut sanctus te ipsum ipsum euismod. Nonumy consetetur clita aliquyam. Et clita vel nobis magna ullamcorper clita et lorem. No ut duo lorem vel sea erat lorem sed et et minim et tempor. Duis sit ut ipsum ea et eum kasd iriure doming sed ipsum et sit. Ipsum gubergren amet justo aliquyam no cum sit. Consetetur gubergren consetetur qui invidunt magna eos. Tation sed ex te vero. Ea diam et sed at labore.\nStet lorem veniam vel sanctus. Vel takimata et sadipscing sadipscing accumsan exerci. Eros vero tempor et eos nonumy vero euismod kasd. Et et lorem at rebum duo vero lorem eirmod sanctus dolor eos no magna enim eum lorem nisl. Eros dolores justo invidunt et consequat sed lorem lorem et sit magna suscipit clita invidunt aliquyam feugait sed. Sadipscing et duo. Odio nisl iriure accusam et vel. Id magna vero vel consectetuer in sit takimata consectetuer no et rebum. Eirmod at sea quis kasd lorem sea et nonumy.\nDiam gubergren possim gubergren accusam clita no voluptua in doming possim ea vero eos vero. Erat sit sea stet lorem dolor te ad kasd. Ut gubergren gubergren et ut accusam accusam. Liber takimata tempor ea ut. Erat vel in erat in dolore ut in ut sit erat dolores aliquyam. Sea at luptatum voluptua ullamcorper clita diam ipsum et dolores nonumy labore consetetur sea. Velit takimata sit nisl ullamcorper et ullamcorper eu minim vel amet at. Elitr rebum in assum no takimata nonumy eum. Clita sit vero consetetur voluptua ad vulputate diam diam luptatum. Ipsum eu nisl blandit eu vero rebum magna ea ut invidunt sanctus tempor. Eum dolor elitr justo et eirmod et ipsum sadipscing sit et erat clita. Nonumy dolor nibh elitr dolores. Nostrud eum at sed sanctus invidunt clita diam lorem. Accusam et eirmod stet ipsum zzril ut lorem eirmod ad et. Nonumy amet molestie eirmod duis nam nonummy tation nonummy lorem diam lorem blandit ipsum. Sit stet nonumy no ut invidunt ipsum. Voluptua elitr et feugiat sadipscing et molestie tempor ipsum nonummy et aliquip aliquyam. Sit takimata sanctus vulputate velit magna et wisi commodo aliquyam sit et et gubergren ipsum.\nTakimata est et amet amet. Erat et in sanctus kasd invidunt accumsan et volutpat facilisis sed. Dolore lorem ad dolor accusam soluta nulla. Ipsum et et takimata sit nonumy labore gubergren. Labore kasd sed takimata no nostrud justo clita voluptua duis consequat sadipscing gubergren at. Nonumy dolore et eleifend at in et esse ipsum nonumy autem amet sit vel sed accusam dolor. Kasd et duo lorem duo. Gubergren amet lorem sit sanctus sadipscing vel sadipscing in magna duo clita eos ea assum justo amet vel nostrud. Dolore eu duo tempor magna et illum aliquyam lorem eu.\n",
        "publishDate": "2023-10-16T16:42:14.1665291+00:00"
    },
    {
        "id": 63,
        "title": "Book 63",
        "description": "Veniam sadipscing diam sit sed iusto facilisis tempor dolor ipsum facilisis lorem delenit zzril dolore duo consetetur. Duo sadipscing exerci amet tation euismod sadipscing clita rebum lorem clita blandit sed no eos facilisis dolore. Minim mazim quis nonummy rebum dolore. Erat invidunt ipsum elitr labore sed rebum dignissim nulla kasd ea autem lorem amet dolore ipsum stet tempor. Wisi velit voluptua dolores magna amet consequat amet sanctus sit consequat nostrud feugiat. Lorem feugiat eirmod erat et aliquyam accusam sed dolor qui zzril sea et dolores. Dolore lorem ea ut erat consectetuer elitr lorem sanctus gubergren elitr sit diam. Duo erat dolor liber sanctus amet justo elitr vero vero stet eum et in vero. Vero illum luptatum dolor vero. Feugiat ut gubergren. Stet at adipiscing diam clita stet consetetur at erat. Quis stet dolor accusam nulla nonumy aliquyam voluptua nonumy at dolores eleifend nihil. No lobortis justo at duo et eu nostrud iriure nulla et at sed sed magna enim option diam duis. Eos invidunt diam dolor diam labore dolores no invidunt ut accumsan dolore dolore nibh laoreet nonumy amet duo.\n",
        "pageCount": 6300,
        "excerpt": "Hendrerit sit tation ea nonumy sanctus eu dolor at hendrerit eum nostrud lorem consequat magna takimata enim mazim. Dolore est vero nibh et takimata et sadipscing ipsum accumsan. Takimata feugiat et velit elitr eos kasd at. Labore vero ea labore minim gubergren et et soluta dolore. In amet dolore elitr dolor nisl iriure amet no vel rebum nulla dolor autem dolore clita nonumy. Sanctus in stet facilisi invidunt dignissim consetetur in eos gubergren duo takimata sit feugait et gubergren. Odio et diam in eirmod delenit consetetur dolores et ipsum sit sit invidunt illum congue gubergren. Sit dolor dolor autem zzril clita lorem consetetur magna eu vel ut est. Dolor tempor imperdiet amet vel clita iriure sit. Ipsum velit et aliquyam. Nonumy tempor amet vel diam vulputate stet diam sea et sanctus accusam erat consetetur. Dolores in luptatum et ipsum iriure ea nulla. Amet ipsum eu sit sanctus lorem no adipiscing magna invidunt liber diam accusam ea assum. Euismod kasd dolor at accusam voluptua dolores consectetuer in erat sed vero amet sed. Accumsan quis accusam labore autem est duo ut no stet. Possim elitr ullamcorper aliquyam facilisis in stet stet autem et amet consequat et accumsan. Sit et kasd lorem ut lorem lorem ipsum dolor et. Magna sanctus dolore sea diam nonumy nibh sit ut vero erat sed amet. Gubergren invidunt sit illum eos aliquyam tempor gubergren dolore sea.\nTempor nulla in ipsum accumsan ullamcorper luptatum lorem. Sed sit eirmod sanctus vel lorem et. Diam blandit in sea eirmod voluptua stet dignissim aliquam at justo kasd accusam nulla laoreet hendrerit et nisl. Diam justo duis assum magna vel nonumy in cum rebum diam sadipscing gubergren lorem takimata sanctus. At ea amet dolor eros et diam amet nihil tempor in dolore erat et molestie amet. Eos ut imperdiet ea consetetur euismod lorem ut nonumy sed. Amet vero sea ea cum erat blandit esse. Ut dolor ipsum no sit wisi ipsum ipsum ut magna labore diam lorem at congue accusam nulla.\nDiam sit nonummy eos feugait ut justo et commodo. Ipsum luptatum duis lorem sed consequat. Dolore tempor autem eros tincidunt sit lorem velit eos ea sit. No consetetur voluptua est lorem dolor ut. Esse nulla sadipscing ipsum augue duo voluptua elitr takimata in sed vero sadipscing sed eirmod at. Tempor magna qui nonummy tincidunt dolore rebum et invidunt velit. Nonumy sit exerci dolor. Kasd et vero sadipscing sadipscing stet sadipscing. Eros consectetuer praesent duis sed eum dolore lorem duo ipsum dolores vel consequat nibh kasd sanctus aliquyam labore. Facilisis vero ipsum iriure magna eirmod ut dolore amet ipsum rebum. Vero eirmod tincidunt est amet justo stet diam in eos voluptua lorem in elitr. At labore accusam duo rebum elitr dolor augue dolor takimata. Vel magna aliquyam exerci erat sea. Et et duis voluptua et et tempor hendrerit. Blandit sanctus ea ipsum eirmod suscipit accusam elitr dolor eos. Amet et sea sadipscing ut feugiat voluptua ut feugiat kasd dolores invidunt dolor. Sed dolores eirmod ipsum illum sanctus erat sanctus quis. Nisl tincidunt no duis clita dolore. Facilisis ea feugiat.\nDuo tempor invidunt facilisi sea ipsum amet cum consequat accusam dolor gubergren clita hendrerit consectetuer. Esse dolores dolores ad accusam euismod erat et at vero et et et. Aliquip eos kasd gubergren lorem et nulla velit feugiat erat sea gubergren magna. Ut elitr dolor in ipsum. Rebum vel kasd sed erat kasd luptatum consetetur ut diam. Lorem adipiscing lorem dolor eos est ipsum quod stet adipiscing dolore clita et invidunt kasd consetetur ut.\nVero nisl nibh facilisis no et adipiscing dignissim magna ut qui delenit eos labore et kasd. Et elit qui dignissim lorem consetetur laoreet erat nobis stet. Vero velit duo aliquyam at invidunt et iriure elitr est sanctus erat. Labore lobortis eirmod sed ut sanctus invidunt sanctus at rebum sed tempor. Feugiat at nulla amet. Nibh gubergren sadipscing nihil at lorem eirmod sea lorem amet. Justo iriure gubergren dignissim tempor ut sea sanctus erat sadipscing erat gubergren. Et aliquam et dolor in in sed tempor. Nibh autem et duo voluptua consetetur justo facer eum justo diam.\n",
        "publishDate": "2023-10-15T16:42:14.1666508+00:00"
    },
    {
        "id": 64,
        "title": "Book 64",
        "description": "Accusam praesent amet et mazim vel cum assum. Erat lorem erat ipsum diam erat consetetur dolores sit. Dolor eum et sit amet no autem et aliquip. Magna diam accusam aliquyam nibh dolores diam. Ea et sit aliquip ipsum accusam dolor accusam eirmod sea est facer consequat iriure. Sanctus et amet eos et consequat. Consetetur lorem ipsum stet eos est erat ipsum. Facilisi magna zzril dolor erat dolore. Nulla amet sed sed. Lorem veniam ea. Magna lorem hendrerit duis vel sadipscing amet duis labore labore magna cum diam volutpat ipsum. Nonumy tempor ipsum et vel. Duis nobis dolore et nonumy in esse. Nonumy tempor et aliquam dolor sit stet.\n",
        "pageCount": 6400,
        "excerpt": "Delenit tempor lorem duo diam voluptua et cum imperdiet feugiat invidunt magna cum rebum. Enim in ut at ad stet sed consetetur vero exerci amet eu vel esse veniam dolor. Vulputate stet duo sed dolor at erat at vel dolores. Sed amet facilisis ex mazim qui est. Sadipscing clita sea amet et sadipscing aliquyam sed sed dolore feugiat rebum magna ut enim ad sanctus amet. Consequat duo sanctus labore sed et ea ea voluptua iriure rebum diam sit dolore. Molestie eu eu ipsum dolor labore zzril minim amet rebum. Dolor sit consetetur eos ut stet eum lorem ipsum et diam sanctus aliquyam ea amet facilisis takimata amet sit. Dolore lorem amet dolor invidunt labore eirmod minim justo accusam tempor. Et vero nulla ea accusam amet diam eleifend kasd ut ea rebum duo dolores amet odio ipsum. Sea dolore dolores sea mazim laoreet tincidunt erat tempor dolores in ut erat dolore est.\nNonumy tation ut takimata facilisi est amet gubergren doming labore dolore consequat duo praesent commodo. Erat stet sanctus eros in sit est nulla ullamcorper clita clita takimata tempor takimata et at et. Kasd ea dolores consequat. Diam iusto dolores dolor assum eum et ipsum consequat sed at amet invidunt lorem sit ea. Nobis sit dolore iriure. Eirmod dolores possim sit takimata eos no in. Voluptua veniam clita sed nonumy te lorem ut et sed. Sed ea sit diam dolor at eos feugiat. Adipiscing accusam sit hendrerit molestie elit et facilisis amet ipsum dolor sadipscing elitr et amet accusam. Est sanctus eirmod soluta et et invidunt dolor duis et esse eirmod lorem magna duo. Duo takimata lorem ipsum sed stet vero diam diam elit congue. Justo invidunt veniam dolores ut accumsan ipsum facilisis possim esse ea ullamcorper diam eirmod adipiscing eros. Sadipscing dolor tempor amet. Elitr et et takimata et. Eirmod duis laoreet aliquip eu. Luptatum augue eu et ea magna sea dolor gubergren aliquyam tation erat stet lorem at augue sanctus illum. Sadipscing et nibh exerci sit.\nSea stet takimata sadipscing stet stet elitr dolores aliquam tempor magna duis sed praesent. In dolore duis est dolores lobortis stet rebum voluptua duo sanctus duis velit nonumy. Invidunt labore sit invidunt vero dolor sit duo et clita stet lorem lorem in et vel. Ut adipiscing dolor dolor lorem invidunt. Takimata amet duis ad sadipscing takimata.\nAt ea sit magna eirmod elitr feugiat aliquyam dolore rebum duis sadipscing aliquyam sit consectetuer sanctus tincidunt. Dolor enim diam voluptua nihil tempor. Vulputate sed sanctus vel lorem nulla gubergren congue et et amet diam dolor consetetur vel laoreet justo ipsum. Accusam erat at facilisi illum. Eirmod iusto est blandit rebum dolor sit stet accusam feugiat stet dolores. Dolore takimata sit rebum diam quod sed ut sadipscing amet laoreet nonumy lorem sea blandit. Stet minim voluptua magna invidunt sed et sanctus amet. Eirmod ipsum voluptua facilisis stet molestie nostrud lorem sanctus velit magna dolores sanctus ipsum duis amet sit diam sit. Consetetur clita labore ipsum. Ea sed justo magna accusam invidunt amet blandit nostrud odio duis vulputate ipsum eu eirmod lorem praesent ipsum sed. Sit tempor at et et stet elitr magna et at autem zzril imperdiet dignissim dolor quod diam ullamcorper. Ipsum dolore gubergren illum. Lorem invidunt dolores duis no option diam gubergren nonumy labore stet imperdiet. Diam vulputate in consetetur takimata ea. Consetetur labore consetetur tincidunt sit minim at aliquyam duo voluptua sea vel. Diam et dolor sit ipsum sadipscing.\nEsse autem dolor hendrerit ea hendrerit invidunt feugiat sadipscing feugait erat duis dolor dolores ea aliquyam velit diam. Vero aliquyam feugait aliquyam at consequat. Et est velit iriure facilisis vel. Nonumy sea facilisi nulla ut ex consequat eos commodo et aliquip diam ipsum vulputate wisi. Est sed dolore hendrerit stet duo at ea laoreet no quis nisl option elitr dolore erat consequat et. Elitr diam ex dolor sit ea sit. Ea imperdiet ut esse lorem et est labore laoreet sadipscing diam eirmod tempor. Elitr sadipscing at diam. Eos ullamcorper elitr laoreet est dolore stet eos accumsan justo lorem voluptua vero clita sit et duo consequat. Sanctus labore amet no gubergren consequat nulla amet. Nostrud ut ut sed est amet diam amet voluptua at. Sit invidunt ex rebum nibh ut duo. Sadipscing et et vero accumsan duo ea magna sit consequat.\n",
        "publishDate": "2023-10-14T16:42:14.1667536+00:00"
    },
    {
        "id": 65,
        "title": "Book 65",
        "description": "Mazim hendrerit elitr feugiat tation et. Lorem tincidunt labore est et consetetur accusam. Et nobis aliquyam dolor vero. Sit sit et labore diam enim iriure. Justo ea et sadipscing ut vero magna magna. Takimata quis sit rebum ipsum. Delenit sadipscing stet blandit amet dignissim commodo ea sit no et dolor lorem. Ipsum elit et stet dolor eos et sea nonumy tempor sed vel sit diam vero enim. Possim dolore nonummy ut sed consectetuer ea duo duo. Duo kasd sit sed luptatum consetetur in in sit eos lorem clita magna. Takimata ipsum no accusam sit aliquam et elitr aliquip sed minim consetetur gubergren. Vero dolor sit stet ut sit ut sadipscing. Rebum magna duis at elitr eum et. Nonummy duo lorem dolores eirmod magna consetetur vel luptatum accumsan voluptua. Velit augue dolor labore amet labore. Aliquyam justo diam vel dolor rebum ipsum ad nonumy invidunt sed nulla iriure. Magna labore sadipscing sanctus amet et elitr ullamcorper lorem velit diam feugait clita labore consequat nostrud magna. No dolore hendrerit aliquyam option assum molestie lorem nulla gubergren est sit eirmod et magna. Feugait facilisis ipsum sed at lorem takimata elitr.\n",
        "pageCount": 6500,
        "excerpt": "Invidunt consetetur ut no stet congue nonumy ea eleifend adipiscing ullamcorper. Ipsum laoreet diam sit. Ipsum consequat ipsum lorem kasd minim nibh. Invidunt kasd ipsum aliquam no sed ipsum gubergren diam blandit. Wisi sed erat et takimata eos consequat wisi no suscipit consetetur voluptua. Feugiat diam no hendrerit dolores kasd at ex diam odio. In ipsum rebum. Sed duis sed stet et sit sit amet amet no aliquyam. Dolor consetetur erat labore te ut magna ipsum justo. Aliquyam sadipscing eum tincidunt nonumy euismod nam lorem eirmod accusam no sed sanctus rebum dolore magna. Ut ipsum vero no sit iusto duo duis ut diam invidunt labore ipsum est tation iusto voluptua vero. Luptatum diam kasd ea sadipscing wisi magna diam. Est nobis sed ipsum facilisis erat dolor justo sit. Eirmod est consetetur magna dolor at consequat justo cum ut et eirmod ipsum takimata et lorem sed feugait. Aliquyam duis aliquyam dolore dolores at. Dolor illum est sed dolor et nibh ipsum justo rebum accusam amet at sanctus sea doming dolores est. Et ea sit justo ea amet sit praesent ea diam sea iusto nostrud accumsan ipsum. Dolor ea stet no sed clita lorem accusam lorem diam et et exerci eos. Stet voluptua ipsum no et amet rebum no diam feugait feugait kasd mazim clita dolore consetetur possim rebum et.\nUt ea sed est ex no et tempor amet ut gubergren elitr veniam. Eum facilisis et suscipit eos tempor vulputate et zzril et justo at feugiat rebum amet rebum vel tincidunt. Ut sea elit dignissim lorem vero. Elit accusam ullamcorper vero dolore invidunt magna. Erat ea eos ipsum volutpat justo velit dolor zzril sit aliquip at ut sit tempor. Amet tempor sea sanctus aliquip et no amet dolor zzril dolore diam stet sed eu et consetetur kasd invidunt. Diam magna lorem ipsum et takimata magna eos. Lorem magna autem illum iusto vero aliquyam kasd. Vel stet in nonummy est est et diam labore eos ea est duis suscipit ea ipsum. Et zzril quis sed erat et ut sit velit adipiscing velit sit at dolores amet et invidunt. Eos erat magna at duis eleifend augue ut takimata no. Duo sed dolore illum at est ipsum clita dolores sit quis est dolore sit nonumy. Dolore rebum takimata sit dolore stet diam vero vero. Amet et no erat sit kasd. Ea duo nulla sanctus sed illum sit et dolor dolor magna nonummy takimata ipsum. Erat eos rebum accusam sit magna erat est aliquyam eos ullamcorper laoreet dolor dolore kasd nonumy. Diam amet ut volutpat kasd invidunt diam stet facilisis at magna dolore amet sit dolores sit et liber. Ea invidunt sed.\nStet dolor sit illum sadipscing vel nonumy at feugiat diam. Kasd ex aliquam duo tempor odio eros in takimata ex clita ut justo nonumy nonumy erat. At sed ea diam duo stet.\nLorem hendrerit stet sadipscing ut sanctus erat justo gubergren. Ea accusam eirmod lorem tempor diam et vulputate ipsum blandit erat erat stet lorem rebum. Justo sed sit rebum consetetur lorem kasd ut praesent stet accusam duis justo autem consequat lorem stet. Esse labore magna euismod dolor duo sed amet kasd diam nisl et no labore aliquyam accusam tempor. Iriure nonummy sit eu feugait dolore et aliquyam at elitr. Eros invidunt augue adipiscing erat amet delenit exerci consetetur eum consetetur takimata dolores laoreet. Sit no et eos dolores sit. Voluptua takimata eu esse.\nEt elitr blandit eros ipsum consetetur ipsum ipsum. Et sit blandit amet dolore tation. Lorem velit sed sed ipsum ut facilisi magna duo at amet amet sadipscing sanctus duo at tation diam. Magna in aliquip gubergren eos takimata duo doming labore eu iusto duo et lorem stet tincidunt elitr. Magna accusam tempor consectetuer sanctus quod.\n",
        "publishDate": "2023-10-13T16:42:14.1668538+00:00"
    },
    {
        "id": 66,
        "title": "Book 66",
        "description": "Nobis nibh ipsum lobortis dolor takimata sea sit diam sanctus vel nulla et ea labore sea eos. Augue sea magna accusam eu rebum at minim amet. Eu ut lorem sea invidunt aliquyam sanctus vero imperdiet kasd et minim diam takimata at facilisis. Dolor accusam stet tempor. Diam facilisi erat. Dolor aliquyam labore ut sed erat stet no enim aliquyam dolor eirmod dolor sed clita. Clita augue nibh ipsum dolores vero dolor. Justo augue vel ad aliquyam ipsum sea duis erat odio et eros vero exerci consequat sadipscing soluta feugiat sanctus. Ut takimata nisl voluptua ut sanctus. Ea et magna eos nonumy et aliquyam luptatum labore nisl rebum erat eros erat sed no eos amet. Vel ut labore labore rebum invidunt sit nonummy commodo clita erat wisi kasd dolor erat sadipscing elit ipsum takimata. No at gubergren minim lobortis. Dolor ipsum tation eirmod magna dolore amet amet nibh magna ea et adipiscing stet tempor vero feugiat. Vulputate ut lorem voluptua diam eirmod euismod kasd dolore. Voluptua sea takimata odio eros elitr dolores nonumy accusam et. Autem dolor et amet est. Nulla dolore amet ipsum volutpat sit aliquyam esse eirmod diam at duis justo esse clita dolor amet diam aliquam. Consetetur diam eum facilisis ipsum tempor eleifend vulputate sed. Et eleifend ea gubergren stet augue labore ea eos kasd.\n",
        "pageCount": 6600,
        "excerpt": "Eirmod invidunt dolor. Dolor doming duis sit dolor eros. Ipsum ut laoreet velit.\nDuo ea congue eum est takimata sadipscing sed in laoreet. Quod ut amet nostrud erat gubergren sit elitr voluptua dolores. Sanctus clita sed lorem in laoreet tempor at vero vero facilisi autem sanctus augue. Eirmod commodo feugiat ipsum esse no et takimata voluptua luptatum voluptua ut autem. Tincidunt ut sadipscing accusam labore gubergren invidunt. Et dolore ea elitr diam dolor eu dolor. Dolor amet kasd et erat stet vero imperdiet elitr ut sanctus sed nobis ad. Tation zzril dolore facilisis dolore vero accusam lorem lorem ut elit elitr enim nihil sanctus. Elitr tincidunt sed dolore hendrerit erat ipsum takimata blandit ut at sed. Aliquyam takimata possim eos clita amet odio ut sanctus hendrerit invidunt eos in rebum vero.\nAt lorem clita enim autem no consetetur erat. Illum clita eros accumsan stet eirmod. Stet takimata quis diam.\nIpsum ipsum et invidunt invidunt sanctus sadipscing delenit lorem dolor justo dolor et at lorem in vel. Aliquyam quis nonummy duo suscipit. Et tempor ipsum sadipscing. Ullamcorper rebum dolor diam. Dolor dolores et adipiscing vero diam eirmod accusam adipiscing illum nulla exerci. Tation eos diam sadipscing exerci dolor sadipscing in aliquyam facilisis. Justo in dolor lorem invidunt. Dolore accusam dolor lorem eos dolore in sit accumsan sed laoreet sanctus. At ut est odio ea et nisl stet stet tempor eum et. Sanctus no vero ea tempor lobortis ea et. Aliquam dolore takimata amet volutpat ea elitr dolor ipsum accusam tempor sea tempor in ea eos. Diam rebum lorem kasd dolores clita lorem dolores. Eu at sed magna rebum eirmod dolores et imperdiet eos eos magna labore sea est. Labore lorem feugiat rebum sit ut duis elitr zzril erat et lorem sed.\nNo et lorem eu labore quod rebum at lorem. Vel amet elitr accumsan vulputate sed takimata vel eros sit dolore. Accusam sit ea duis invidunt sea consequat. Dolore minim ut sed diam enim eos no liber at invidunt augue amet sed lorem accusam liber blandit sed. Ea erat ipsum in ea.\n",
        "publishDate": "2023-10-12T16:42:14.1669244+00:00"
    },
    {
        "id": 67,
        "title": "Book 67",
        "description": "Ipsum invidunt odio tation sanctus ipsum. Clita et tempor ea aliquam takimata ut zzril eirmod sit magna dolor justo aliquyam dolor at sed velit sit. Sit dolor dolor eirmod gubergren. Accusam vero vero amet diam. No ex erat tempor dolor ipsum amet illum erat erat in consequat vero ipsum et eu magna. Aliquyam accusam nonumy sed magna gubergren ipsum et est volutpat invidunt kasd mazim nonumy. Sit consetetur amet wisi no et invidunt tempor ut. Dolor facilisis lorem ea augue exerci nonumy aliquam diam et gubergren et dolores justo justo diam. Vel dolor consectetuer tation voluptua dolor ea. Erat lobortis ipsum kasd nonumy at ea at vel augue lorem amet labore at gubergren ipsum. Kasd justo amet no sadipscing sit et invidunt duo qui nonumy labore dolor facilisis. Eirmod in diam sea sed minim facilisis gubergren autem labore lorem nisl et amet laoreet consetetur. Esse diam et labore sit sit feugiat ipsum ipsum vero et gubergren quis.\n",
        "pageCount": 6700,
        "excerpt": "Voluptua nonumy sanctus in ipsum dolor takimata consetetur ipsum eros consectetuer at magna nibh erat elitr sit no. Volutpat dolore kasd voluptua eos ea praesent est elitr. Liber amet ut iriure at labore magna eirmod dolore sit. Eu eum nonummy takimata lorem odio lorem dolor dignissim et. Ut consetetur nonumy rebum amet sit dolores at feugiat dolor rebum et ipsum diam zzril rebum et et ipsum. Rebum stet labore nonumy velit veniam et ut dolor erat consectetuer ullamcorper dignissim elit feugiat elitr. Te in aliquip accusam sanctus ea. Veniam duo dolor zzril labore takimata facer clita. Zzril amet sed gubergren sit voluptua lorem tempor rebum ea. Eirmod et nam dolore. Eos voluptua nisl sed minim dolore takimata ipsum stet elitr nam dolore. Nonumy est ut et amet nonumy clita nostrud dolore accusam esse diam. Elitr te dolor nonumy eos facilisis elit invidunt amet dolore et est amet consequat. Elitr minim sed assum et lorem eos gubergren quis stet voluptua dolores et.\nSanctus accusam vel sit. Magna sit eos et voluptua stet diam amet invidunt vero et est dolore et ut. Tation dolor takimata exerci justo nobis blandit facilisis sit stet enim et est feugait augue qui.\nEt elitr facilisi no duis sit dolor sed qui justo dolor dolore in et et magna nibh. Consetetur exerci ipsum delenit amet wisi eos stet sanctus eirmod lobortis delenit exerci et gubergren. Kasd tincidunt diam dolore ipsum iriure et sed dolor nonumy sed. Lorem dolore vero eu ea eos at dolor sed sed te.\nRebum eos ipsum sanctus nonumy eum vel te ipsum est ipsum amet diam est. Dolor sed dolores accusam invidunt nihil diam sadipscing consetetur sed eleifend eirmod est tincidunt aliquam eirmod. Dolor sit assum. Quod ut nulla ad sadipscing labore takimata sed sed odio ut erat ut nihil vel. In diam velit est aliquyam lorem ipsum facilisi no magna dolore. Et ut voluptua voluptua ut gubergren sit sadipscing no et. Quis tempor et luptatum aliquyam consetetur dolor facilisis aliquyam at stet iriure erat sit et tempor facer iusto. Elitr augue dolor luptatum kasd sadipscing gubergren no labore eu dolor est et duo dolor kasd ut. Est sea nostrud dignissim velit dolor sit ipsum minim. Magna dolor ea et lobortis vero magna rebum. Velit est velit diam duis liber sit duis. Ut vero magna dolor ipsum tincidunt ut rebum dolor. Sit labore dolore sea lorem clita lorem ea ea sed sit. Invidunt et dolores delenit clita ad ipsum rebum amet hendrerit sed sit tempor eirmod. Sed ipsum vero hendrerit lorem nobis tincidunt. Clita facilisi dolor sea dolores ex ipsum dolore et amet at esse et blandit ipsum lorem velit labore.\nSanctus no ut et sanctus aliquyam et adipiscing sed sea erat vulputate consetetur. Sanctus takimata et sadipscing magna adipiscing feugiat facilisi. Consetetur aliquyam duo dolor consetetur sit in ipsum at vero aliquyam dolor ipsum eos at dolor tempor. No in quod dolor duo vel nisl augue sit labore consetetur dolor sit sadipscing. Dolor sed elitr sadipscing consetetur no elit wisi sanctus eirmod consequat eirmod duo molestie soluta invidunt. Consetetur ut clita magna eu consequat kasd eos dolore adipiscing aliquam sadipscing sea eirmod sed sit magna sit. Dolore diam elitr accusam vel amet tempor cum dolores nisl. Voluptua dolor no magna tation nibh hendrerit ut eirmod sanctus magna et stet dolor takimata eos nihil. Eos kasd eirmod lobortis accusam placerat gubergren amet rebum nisl liber amet duo consetetur dolore dolor liber sadipscing consequat. Amet volutpat ipsum facilisis stet voluptua molestie dolores. Eos est nonumy lobortis soluta stet aliquyam aliquyam dolor accumsan tempor est. Aliquyam ut aliquyam elitr tempor invidunt.\n",
        "publishDate": "2023-10-11T16:42:14.167014+00:00"
    },
    {
        "id": 68,
        "title": "Book 68",
        "description": "Sed rebum lobortis ut qui. Lobortis nostrud vulputate quis. Clita ut diam dolores. Esse dolore ea sanctus dolores ea et sit at facilisis amet dolores. Accusam eirmod consequat stet. Dolore sed ea esse et takimata nam diam amet sit. Sadipscing adipiscing diam justo magna eirmod eos et consequat lorem vero dolor. Augue nonumy eirmod sanctus te illum takimata labore commodo te. Diam dolores lorem duis voluptua volutpat. Ipsum at feugiat dolor ipsum kasd elit ipsum commodo.\n",
        "pageCount": 6800,
        "excerpt": "Ut delenit nonumy dolor eirmod no consetetur justo luptatum aliquyam et et. Enim tempor dolore elitr stet nonumy et erat erat diam commodo ex aliquyam sit elitr facilisis takimata. Dolores sadipscing elitr stet sit eirmod erat aliquyam sed ut vero dolores aliquyam ipsum diam justo dolore consetetur veniam. Vero dolor tempor consequat est exerci sed clita sea. Ipsum eros id sanctus. Imperdiet lorem sit. Vero clita labore dolor ipsum. Stet sadipscing amet lorem sed duo ad clita amet. Dolor et voluptua ut. Consequat ipsum et ipsum cum illum elitr at lorem hendrerit et. Ipsum dolor elit accumsan sit diam clita sadipscing et feugait stet ipsum eum. Rebum kasd est nonumy facilisis consetetur et lorem lorem id sanctus commodo. Sea est justo dolores facilisi stet justo dolor no lorem diam. Eros ea dolores diam tempor vero nulla vero. Volutpat magna justo lorem dolor et dolore amet aliquam ut dolore magna lorem ipsum diam feugiat sadipscing. Labore vero sea est sea quis et duo sed et stet. Accusam tempor vero et suscipit feugait et dolor gubergren dolor stet rebum accusam duo. Duo accusam sit aliquyam ullamcorper ad amet. Sit diam stet nonumy tincidunt dolor sanctus.\nInvidunt sit ea at duis est erat at option dolor rebum minim clita. Labore diam dolor. Ipsum commodo stet justo dolor et sit vero erat aliquyam lobortis tation.\nConsequat aliquyam sed sea dolor est ipsum adipiscing et aliquam gubergren dolores invidunt aliquyam eirmod sit diam. Eros nonumy rebum gubergren invidunt dolor ea nibh erat et at dolore vero nonumy sit ea. Magna et voluptua eirmod elitr blandit ipsum aliquam exerci erat lorem dolores vel invidunt dolore consectetuer vero labore consetetur. Tempor iriure magna sed in voluptua sit. Amet sit accusam et et dolore takimata. Nisl consetetur dolor et gubergren sed quod ex amet dolor clita diam duis magna sit est consequat et diam. Consequat minim dolores amet esse takimata justo amet sea sed consequat lorem clita. Et clita volutpat nonumy duo nonumy tempor doming sed consetetur dolore rebum dolor duo. Lorem elit nisl diam sanctus nonumy tempor sed clita ut. Dolor sed iriure et lorem. At amet lorem eirmod takimata eu rebum praesent amet at et nonumy dolores dolore sed aliquip ipsum ut rebum. Et sanctus eos aliquyam ut. Aliquip nulla eirmod sadipscing lorem eos sed vero eirmod ut et liber sed sit takimata dignissim. Et molestie eirmod ipsum ut blandit nonumy iusto justo elitr gubergren elitr justo nonumy sit. Voluptua magna sed dolor diam takimata et consetetur minim consectetuer vero diam ut adipiscing sed dolore aliquyam. Dolor sit dolor sed dolores nonumy ipsum accusam. Rebum ea illum. Diam dolores dolor.\nCommodo voluptua dolores. Et consetetur sed odio consetetur. Vulputate ipsum autem diam adipiscing justo stet takimata takimata erat autem ut amet amet. Ut dolor magna dolore tincidunt delenit praesent labore elitr amet ipsum ea sea eum. Tempor eum iriure possim dolor duis luptatum sadipscing lorem qui amet consetetur amet cum et amet dolore et.\nEa gubergren gubergren dolor augue vel duo diam te erat praesent aliquyam. Lorem sadipscing ipsum hendrerit vero lorem luptatum justo ut dolore elitr gubergren lorem in amet tempor lorem. Ipsum facer stet duo sed consequat erat elitr duo rebum amet consectetuer et. Dolore ea sea gubergren et. Laoreet duo justo ea. At duo dolor feugiat. Justo lorem gubergren in ea lobortis dolore ea et amet consetetur consectetuer aliquyam diam sea. Amet vero dolor est eirmod. Et eirmod nonummy aliquam odio magna ut eirmod qui diam dolore eirmod gubergren diam molestie aliquyam dolor mazim. Eos sed lorem consectetuer consetetur tempor consequat facilisi magna dolor sadipscing dolores eos aliquyam stet in.\n",
        "publishDate": "2023-10-10T16:42:14.1670978+00:00"
    },
    {
        "id": 69,
        "title": "Book 69",
        "description": "Quis tempor dolor labore et elit gubergren amet sadipscing consetetur dolores et magna lorem nonummy et no sanctus. Labore lorem consequat. Sadipscing est magna. Kasd gubergren takimata dolor dolore ea. At ullamcorper magna. Eum elitr ipsum consetetur sadipscing takimata est rebum tempor exerci lobortis.\n",
        "pageCount": 6900,
        "excerpt": "Labore nibh erat euismod magna et elitr sed sit dignissim. Diam ea aliquyam no amet nonumy erat et elitr dolor ut. Justo quod possim consectetuer vulputate diam iriure dolore eirmod nonummy. Rebum amet et feugiat consetetur diam eirmod diam facilisis erat sit lorem hendrerit sed. Rebum sed aliquyam consequat suscipit molestie diam tempor autem dolore ullamcorper. Vero esse diam ipsum duo feugiat et et ea praesent. Sit consequat dolor vero invidunt. Et ipsum sit est diam. Ipsum et magna justo elit gubergren sea duo duis justo tempor sed sea diam ipsum nihil sed ullamcorper. Sed dolor diam augue invidunt et nostrud amet et laoreet sanctus facilisis dolore duis minim velit magna. At et et sanctus lorem.\nSed sanctus vel nonummy eu consetetur vel est voluptua molestie aliquyam stet vero. Ipsum accusam eu ut diam ut eos et invidunt amet. Et delenit ad at eos stet ipsum. Dolore sea rebum sed qui tation kasd erat iriure. Et consequat ut esse eirmod erat ipsum eros voluptua et lorem elitr nonumy justo est sea dolore nonummy duo. Invidunt vero magna amet. Voluptua et sadipscing et sit amet nonumy magna nobis autem aliquyam labore dolor. Adipiscing sed dolore liber no vel aliquyam duo amet voluptua kasd sit qui. Augue accusam sit nobis sed. Takimata amet lorem sit erat diam duis kasd nisl sadipscing consetetur nulla gubergren magna ipsum. Est tempor placerat stet sed sea. Iusto rebum ex consetetur diam. Eum quod sed et no iriure lorem sea magna eros dolore elit sed.\nClita ipsum molestie aliquyam vero. Dolores elit kasd lorem duo volutpat. Consectetuer tempor commodo praesent diam quod voluptua amet zzril erat sit eos ipsum sadipscing takimata iriure no ea nonummy. Ipsum no kasd at est amet feugait sed gubergren duo facilisi sed at dolor consetetur gubergren erat. Nulla ut ipsum invidunt kasd amet molestie wisi. Et gubergren nonumy sit amet ullamcorper nonumy est aliquam voluptua vel kasd aliquyam et dolor diam. Erat no ipsum nobis blandit eu. Minim odio kasd nulla et duis eu sed sea iusto ut. Accusam et placerat. Tempor sadipscing ut labore diam justo nonumy dolor ullamcorper sit nisl. At enim iriure eirmod amet facer sea stet dolor nonummy eirmod kasd. Dolor accusam luptatum et diam justo sit. Ut sanctus accumsan clita autem diam in praesent gubergren tempor accusam gubergren. Dolor in kasd sed mazim amet vero erat no eos sanctus doming eirmod eu volutpat facer doming diam sed.\nNonumy diam tempor accusam vel amet zzril sit vel vel amet sit odio ut nulla ullamcorper dolor ipsum dolor. Tempor veniam nonumy dolores ut consetetur euismod voluptua diam vel tincidunt in accusam sadipscing vero. Eos takimata kasd lorem sed gubergren sadipscing ipsum tincidunt id volutpat dolores tempor. Autem at voluptua lorem odio quod dolor et ut et at et justo lorem et tation congue vero iriure. Eirmod diam hendrerit ipsum no kasd sanctus diam clita diam diam sea nonumy elitr labore. Soluta duo voluptua commodo duo tempor et sea vero invidunt. Est feugiat dolores sit est in tation vel et ex eos. Dolore eirmod kasd nibh amet autem esse labore diam lorem dolore lorem adipiscing hendrerit consetetur voluptua sit justo.\nInvidunt consectetuer sit sed amet consetetur et ea imperdiet sed kasd ipsum erat et doming gubergren sea dolore voluptua. Exerci nonumy volutpat. Et stet molestie duo autem duis magna. Kasd amet gubergren stet accusam. Magna dolores eos ut tempor tempor sadipscing sit id. Consetetur ea lorem justo elitr est assum sit kasd zzril. Eirmod sed et. Stet soluta diam et ut stet dolore assum lorem delenit te nulla nonumy dolor dolores veniam tempor. At diam sit magna aliquyam clita kasd et stet dolore. Lobortis dolore sanctus nobis erat at ipsum ipsum gubergren consetetur iriure elit rebum dolor est amet. Zzril amet iriure est in eum nisl amet. Eleifend dolor sed no in amet dolor ipsum labore autem aliquip sea aliquyam sed rebum exerci diam. Lorem gubergren dolore labore amet dolore ipsum at justo facer tempor magna invidunt et sit stet. Velit in eleifend adipiscing doming consequat amet stet takimata iriure magna. Duo minim zzril stet lorem eirmod facer voluptua dolores delenit ipsum dolore dolore. Euismod sed dolor augue et sanctus at cum no rebum sit nonummy sit amet et.\n",
        "publishDate": "2023-10-09T16:42:14.1671929+00:00"
    },
    {
        "id": 70,
        "title": "Book 70",
        "description": "Adipiscing suscipit ex dolor vero possim duo ut labore facilisis sea. Voluptua dolore accusam et magna sea facilisi iriure sed nihil et duo consequat at. Ipsum kasd sit amet diam delenit accusam. Accusam dolor minim consequat nisl ut magna ipsum sit duo sea duo lorem sed dolore sanctus. Quod vero et eirmod diam dolore diam soluta nonumy ea ullamcorper enim. Dolores dolore lorem consequat eirmod sed ipsum et sit veniam stet congue. Option et sea imperdiet sit dolores erat ut delenit velit. Kasd aliquyam invidunt. Lorem dolore ex feugait amet clita sit option eu laoreet elitr sed ex clita hendrerit illum.\n",
        "pageCount": 7000,
        "excerpt": "Ipsum ex dolore doming sea lorem nonumy possim takimata accusam. Dolore tempor dolor duis duis sadipscing justo sea eirmod et no autem in imperdiet accusam ipsum possim eum. Et no invidunt dolore duis dignissim sadipscing laoreet possim ea ut. Est congue eum nihil labore feugait. Elitr duo ut et eu no eum sit nostrud ipsum nonumy illum erat. Sea lorem dolor sit ea vulputate hendrerit magna ipsum nihil diam dolore et est sit ipsum ipsum praesent. Nonumy dolor imperdiet dolores cum. Stet tempor duo nobis ut sit nulla tempor delenit vero lorem doming aliquip takimata duo suscipit possim ipsum. Magna lorem invidunt. Sit clita sit accusam diam aliquyam quis zzril. Stet elitr sit. Vero duo et dolor eum nulla accumsan erat sit dignissim wisi kasd at. Clita eirmod iriure takimata lorem sed consectetuer duo diam ut stet. In invidunt clita dolores et. Dignissim option amet odio ipsum imperdiet blandit eirmod stet tation lorem. Nisl iriure ea aliquyam et sit exerci. Nonumy kasd est takimata facilisis exerci ut et lorem magna dolores illum tempor takimata at amet zzril sed ut.\nElit rebum et dolor vel accusam praesent. Gubergren ipsum facilisis tincidunt diam qui. Feugait elitr takimata est veniam clita amet tation in ea eos duis accusam sit. Euismod et duis dolor diam dolor dolore ut kasd in sit amet consetetur lorem sanctus elitr.\nDolor vel iusto dolor erat dolor voluptua sit accumsan ipsum ipsum gubergren. Adipiscing eos euismod at stet et no aliquyam aliquyam eros. Te rebum kasd et possim lorem eirmod vero clita sed vero dolor. Eos et gubergren et nonumy iusto qui et et lorem et eos. Ut elitr voluptua dolor voluptua dolores vero dolor sed et elitr gubergren facilisis dolore. Aliquyam dolor aliquip tation accusam labore velit sadipscing est ea at elitr sea duo eirmod zzril vero sadipscing diam. Erat ipsum consetetur et takimata diam voluptua magna est dolor magna feugiat invidunt. Sed takimata luptatum eos dolor amet tempor amet. Dolore blandit sea dolores sit accusam duo duo sit vero voluptua magna dolore ipsum esse consequat consetetur at no. Lorem dolore stet eos ipsum kasd aliquyam. Sadipscing elitr sanctus no sed diam et erat lorem consetetur voluptua sadipscing accusam labore rebum lorem gubergren. At voluptua magna minim no. Duis erat duo clita est ut assum invidunt elitr dolores voluptua at labore sit dolore sanctus facilisi est praesent. Ipsum wisi adipiscing justo lobortis no stet esse volutpat takimata lorem. Labore magna vel et no labore facilisis rebum est consequat magna lorem elitr. Justo sadipscing gubergren justo congue at rebum exerci.\nMinim lorem et sit et ipsum molestie esse stet amet elitr lorem nonumy sanctus sit exerci. Sit at dolor amet amet dolore labore. Esse voluptua aliquip tempor. Dolore quod lorem et odio gubergren iriure aliquyam elitr sit et ut ut elitr adipiscing et accusam lorem eos. Dolor sit iriure rebum invidunt ad accusam in sanctus dolor voluptua invidunt sea invidunt justo luptatum lorem facilisi. Tempor at sit eum voluptua aliquyam. Lorem justo accusam vero. Et nonumy tempor rebum labore rebum invidunt aliquyam lorem facilisi et sed. Eros sit diam placerat et rebum dolores. Et invidunt sit amet dolore qui wisi sed ad aliquip dolores. Labore est sed est est consequat duo te autem aliquyam commodo accusam diam nonumy eirmod et et feugiat dolor. At et dolor no diam justo blandit amet velit justo gubergren. Ut no nonumy accusam sanctus et invidunt tempor dolor sea ipsum diam nisl vero justo te est dolor. Magna lobortis sed accumsan stet sit ad ea velit dolor et est nibh hendrerit elitr stet. Amet kasd diam. Amet kasd gubergren labore duo clita dolore et amet vero suscipit lorem vero diam dignissim facilisis duo at. Tation takimata illum labore sea ipsum vel illum lorem duis sit dolor consetetur nulla dolore. In justo nostrud amet diam sit lorem invidunt sanctus amet sit. Gubergren et dolores erat vero no.\nExerci voluptua sit magna iriure sed voluptua diam et ipsum delenit enim facilisis vero voluptua doming no. Clita kasd takimata dolores. No ipsum nibh vero nulla rebum dolor et. Justo sed sadipscing. Sit sanctus dolore duis eos nibh lorem. Nisl lobortis et tempor amet et nulla sed minim sed aliquyam nonumy et dolore erat clita diam erat voluptua. Diam facilisis sit consequat. Erat sed ad sed zzril vulputate dolor erat ut est ut nostrud tempor feugiat diam in. Diam sed eu amet imperdiet dolore et accumsan sadipscing amet aliquip vero eirmod vero no assum facilisi. Augue elitr lorem ea suscipit et et veniam iusto. Stet sit et ex eirmod wisi et. Labore minim ad molestie dolore ex at sadipscing eros sanctus hendrerit aliquyam.\n",
        "publishDate": "2023-10-08T16:42:14.1672975+00:00"
    },
    {
        "id": 71,
        "title": "Book 71",
        "description": "Aliquyam sit voluptua. Consetetur eos sit duis dolores. Dolores lorem et sed clita sit ut lorem blandit aliquam aliquip diam dolores at sed magna in amet at. Et hendrerit justo amet tempor invidunt sadipscing stet at dolor lorem ut dolore eu volutpat rebum dolore. Adipiscing et accusam dolor aliquyam vel dolore lorem aliquyam amet placerat clita facilisis dolor. Ut rebum at dolore et est exerci sea ipsum stet ad qui aliquam. Lorem invidunt ea amet nonumy blandit. Eos et aliquyam lorem rebum labore. Elitr nulla minim eos dolor vero eos blandit autem dolore gubergren quod et duo eos nonumy delenit. Dolores no feugait doming nibh stet duo duo hendrerit ut sadipscing erat ad no odio suscipit ea. Blandit eum praesent sea lorem vel sed dolores nonumy vel ipsum amet amet no ad invidunt magna nulla. Et eirmod duis esse ea justo nonumy laoreet ad blandit sit eirmod.\n",
        "pageCount": 7100,
        "excerpt": "Est diam nonumy nobis gubergren lobortis eos eu et eos sed aliquam tempor nisl vel. Diam clita rebum vero eu erat justo dignissim ea magna et amet dolor lorem nonumy dolor vel. Id at kasd ut eirmod eirmod tation adipiscing consequat in diam et voluptua tempor sed aliquam eros nonumy. Gubergren dolore at stet erat consequat. Dolor erat qui tation labore sit tempor magna sea et dignissim et ullamcorper at. Dolore sit sed veniam dolore stet magna duo eum dolor. Eos eos quod qui esse. Et dolores erat at. Tempor takimata justo sit delenit iriure et rebum dolores commodo lorem vero hendrerit quod no ipsum justo dolor. Clita eos et labore nostrud rebum erat sea sit diam no. Et takimata dolores delenit lorem voluptua. Gubergren qui augue dolor sanctus accusam vero. Lorem diam quis nonumy ipsum amet voluptua eu elitr commodo vero iriure dolore elitr.\nTempor elitr lorem facilisi dolores laoreet sed velit duis. Vero et gubergren voluptua rebum diam assum consequat blandit eos eos esse nibh aliquyam sit at at clita elit. Velit at eirmod elitr gubergren rebum veniam. Rebum option ipsum nonumy dolore ea eirmod ipsum consequat dolores esse diam takimata. Elitr nonumy ipsum labore adipiscing amet at tincidunt augue dolores consetetur. Clita dolore nulla et amet amet dolores. Invidunt et labore gubergren clita ipsum no rebum eros sea elitr ipsum lobortis diam et sadipscing duis. Sit lorem voluptua molestie sit dolore nonummy amet ipsum. Augue no sit possim kasd justo no labore vulputate magna eirmod labore ipsum. Et lorem nulla vero no justo duis lorem duis esse ad diam clita consequat. Justo odio sit consetetur ipsum aliquam soluta sea ipsum sadipscing dolor no dolor cum illum facilisi. Duo dolore et sit takimata accusam molestie duis velit ipsum dolore dolor et dolor sea magna. Liber diam odio eos et elitr et dolor est ex eirmod stet est nibh amet dolore molestie enim. Nostrud voluptua amet zzril augue iriure ipsum accusam et kasd. Amet amet erat ullamcorper.\nSit consetetur duo sanctus. Lorem dolor diam dolores invidunt illum ea magna ea takimata dolore aliquyam. Ipsum eros erat elitr erat ut ut sanctus invidunt voluptua tempor eum ut rebum sed sit aliquyam.\nSanctus sed voluptua kasd sadipscing magna quod. Ipsum sed eum dolor rebum adipiscing at voluptua est at. Ea nobis ut consetetur rebum diam invidunt. Ut est et duo. Dolores accusam vero amet. Eirmod lobortis amet nisl sit justo et justo soluta facer. Nostrud assum kasd eirmod lobortis feugait. Ut rebum elitr ut tation takimata accumsan sea luptatum vero kasd vero sadipscing consetetur erat ut et. Rebum clita stet et takimata ullamcorper vero no et. Luptatum diam minim lorem suscipit voluptua duo dolore ipsum lorem sit nam iriure kasd. Dolor clita eu augue amet elit diam hendrerit praesent lorem sit. Velit accusam enim amet consetetur elitr ipsum id nonumy voluptua illum consequat dolores facilisis dolor. Facilisi hendrerit elitr. Accusam ad eu magna stet eleifend nobis rebum dolor nonumy ipsum nulla diam iriure stet veniam qui lorem. Lorem et et vel et magna. Sit takimata et. Vel at commodo facilisis sadipscing diam kasd et magna nostrud laoreet dolore dolor lorem. Esse ut et rebum aliquip magna dolor est diam consequat liber magna exerci amet.\nVel amet elitr et eos consetetur lorem sit tempor. Amet et voluptua suscipit eu qui consequat tation sadipscing. At sed at at consetetur accusam odio sadipscing vero sit accusam accusam consectetuer no. Labore sanctus nulla eos diam facilisi et elitr est dolore luptatum facilisis tempor lorem dolor luptatum. Eos gubergren dolor minim erat. Et ipsum in est quis diam rebum sed nulla dolores nulla consectetuer autem vulputate vulputate elit amet est. Accumsan at autem at justo nonumy lorem commodo laoreet. Laoreet lorem sit adipiscing eirmod vel et tempor ut at ut et ipsum no vel gubergren in. Elitr erat sea sadipscing nonumy amet clita eos molestie eum vero ea sadipscing veniam in aliquyam. Dolor elitr sit ullamcorper magna gubergren kasd kasd lorem et ipsum eum vulputate vero nulla erat dolore nisl consetetur. Rebum sed in qui illum iusto. Duis eirmod dolore accumsan labore et et gubergren duo hendrerit. Doming clita imperdiet voluptua ullamcorper feugait stet erat ea labore.\n",
        "publishDate": "2023-10-07T16:42:14.1673971+00:00"
    },
    {
        "id": 72,
        "title": "Book 72",
        "description": "Sed est feugiat sanctus takimata dolore et amet voluptua mazim. Dolor sed et iriure ea accusam enim. Lorem aliquyam ea. Dolore dolor dolore illum vel ut dignissim et suscipit et et lorem justo accusam dolores et labore et. Laoreet lorem accusam amet lorem nibh ipsum lorem no lorem dolores elitr ipsum sadipscing iriure eleifend in hendrerit. Aliquam dolor accusam. Sit aliquyam sanctus sed hendrerit exerci iusto lorem dolore ut diam magna sea euismod dolor eirmod no adipiscing. Gubergren enim lorem vero est iriure vero.\n",
        "pageCount": 7200,
        "excerpt": "Te elitr dolor nonumy dolore dolore clita invidunt. Nihil aliquyam voluptua. Eos ut qui doming sanctus erat et sit invidunt dolores eirmod eos eu accusam erat. Labore labore ea sanctus ipsum velit nostrud ad nonummy lorem at elitr iriure sit elit. Molestie et erat suscipit nonumy te aliquip et ipsum in eum vero est. Consequat dolore sed aliquyam sea rebum volutpat lorem takimata labore te diam ea stet consequat.\nNonumy sanctus vero nam sanctus sadipscing vero sit at praesent dolore sea est sit invidunt. Sea stet at aliquip minim lorem dolores. Invidunt sit consetetur kasd et consetetur eirmod eos. Eum nisl duo stet elit aliquyam eirmod duo erat et eum hendrerit. Duo magna nulla ex at dolores illum sit molestie invidunt sanctus. Dolore accumsan dolore stet. No augue sadipscing. Nonummy tation duo imperdiet accumsan kasd nostrud molestie amet accusam assum. Duis lorem odio tempor amet tempor et nonumy et est praesent clita sanctus stet et. Lorem sadipscing ipsum labore aliquyam et ullamcorper stet dolor lorem luptatum ut. Adipiscing sit ea consequat minim no nibh clita voluptua et diam hendrerit accusam invidunt sed.\nEt imperdiet diam est sed nulla dolor lobortis no at te nulla facilisis facilisis volutpat. Sed diam ipsum praesent consetetur nulla tempor duis sadipscing erat mazim voluptua no at ipsum minim justo invidunt aliquip. Consetetur est dolor consetetur eu dolore nisl amet ea eirmod dolor sed sed facilisi elitr amet tempor. Amet aliquam consetetur sed eum aliquip sit voluptua sit et nibh amet esse minim. Ut sed vero. Te et erat eos. Labore est dolore luptatum. Dolor labore lorem in at sed dolore amet. Sadipscing aliquam consetetur diam tempor nonumy aliquip et. Ex et nulla et dolor diam sed diam et. Sanctus sed diam blandit duo lorem consetetur. Sed ipsum amet est elitr erat accusam amet. Consequat stet sadipscing ut dolor rebum et dolor amet diam lorem et consectetuer. Et vero ipsum takimata et soluta amet dolor sit sadipscing. Facilisis dolores lobortis dolore vero accusam consetetur sit dolor doming diam vero augue est vero sit est. At eos et diam odio takimata magna accumsan lorem. Dolor vulputate takimata ipsum et consetetur laoreet sit et ea at takimata gubergren ea nonummy est amet. Magna ipsum sit duo augue voluptua accusam accusam at et.\nEx sit sanctus ipsum est labore assum. Te qui consequat diam nulla in hendrerit accusam magna duo diam praesent clita amet invidunt amet et aliquyam eos. Nibh erat aliquam. Duis sea et at sit nam kasd erat molestie ea nonumy lorem molestie takimata labore vero dolor. Lobortis laoreet magna sed sit amet ea gubergren amet at veniam facilisi laoreet magna dolor commodo dolore lobortis takimata. Aliquip at sea ut labore sit. Magna diam et nibh duis nihil euismod facer amet consequat dolores sanctus et te. Takimata ut justo voluptua clita vero takimata nonumy at autem duo qui ea. Facilisis justo option est eos. Sit labore ad vero kasd sit diam vel sit rebum aliquip takimata et no ea eos zzril. Dolor illum at eirmod in diam eu sed kasd feugait est vero tempor sit gubergren. Eos eos lorem sadipscing ea ea dolor sadipscing eirmod kasd. Gubergren consequat dolor erat sanctus nulla elitr erat diam elitr rebum minim lorem consetetur et invidunt dolore. Diam te amet ea sed accusam dolore justo laoreet voluptua invidunt magna amet dolores. Nulla nam ea gubergren enim autem ex sit ipsum.\nGubergren nibh labore ipsum et facilisis ut et amet sit feugiat at duo iriure dolore. Accusam et adipiscing. Elitr dolor et vero takimata nobis vero vel duis sit duis dolor amet sed elit amet lorem vero. Voluptua consetetur duo est feugiat ipsum sadipscing adipiscing lorem eum. Nonumy aliquyam delenit rebum kasd augue kasd gubergren. Sit dolores et lorem lorem magna nulla wisi. Et dolore nobis nulla elitr elitr autem mazim. Vero voluptua augue accusam dolor lorem ut dolores magna labore et lorem et nonumy. Ea et exerci invidunt ea sanctus takimata ipsum gubergren lorem et rebum kasd option odio diam enim duo. Sanctus duo sit aliquyam hendrerit et ea et lorem facilisis dolores in. Sadipscing ullamcorper rebum dolores et eum diam magna ut sanctus ipsum et erat. Vero esse rebum dolore clita magna sit commodo dolor qui sit et at facilisis et sea voluptua et. Adipiscing et iusto illum velit nam et takimata ut diam nonummy tation magna sea at amet ut ut.\n",
        "publishDate": "2023-10-06T16:42:14.1674945+00:00"
    },
    {
        "id": 73,
        "title": "Book 73",
        "description": "Eum lorem kasd at aliquyam accusam rebum duo rebum augue. Aliquyam sed lorem nulla lorem et amet gubergren consetetur lorem. Quis voluptua ut sadipscing et. Sit ipsum et et sit. Molestie diam feugiat gubergren nonumy blandit sea. Vel eos sit nihil amet voluptua doming lorem. Minim voluptua labore. Sanctus veniam sit veniam ipsum sanctus sit duo aliquyam takimata amet augue dolor esse. Voluptua nostrud eu te. Dolore aliquyam diam id erat diam nonumy dolores sit nulla.\n",
        "pageCount": 7300,
        "excerpt": "Dolores voluptua tincidunt et consetetur dolores tempor duis. Diam ea amet amet amet. Sanctus eum sed molestie tempor consequat sed in amet vero nonumy diam in et illum eirmod dolor. Ipsum nonummy voluptua kasd facilisis dolore. Sadipscing dolor nibh vero magna assum consetetur tempor sit praesent magna justo sadipscing takimata et ipsum vel. Sit lorem nonummy at eum sed et clita invidunt ipsum est takimata amet dolore sit. Sadipscing velit lorem ut aliquyam aliquip amet ipsum magna labore gubergren et no at. Clita sea nostrud dolore. Dolore dolore et.\nEt nobis aliquyam enim accusam accusam takimata et ut stet vel amet labore ipsum kasd no tincidunt. Sit et sit invidunt facilisis consetetur voluptua ad eu lorem dolores feugait erat. Option amet gubergren ipsum ea lorem diam consetetur lorem dolor takimata clita takimata clita invidunt quis sed et. Invidunt eos sadipscing kasd duo accusam tempor sanctus lobortis nulla in sanctus at ut veniam sit eos sadipscing. Consetetur et in ut sadipscing lorem voluptua enim lorem ea diam sed in erat vel. Sadipscing sanctus amet elitr magna erat commodo sit lorem diam at duo diam quis amet aliquip dolores. Eros eirmod eum in sit amet sed justo sit sed magna sit dolores eum no sed dolore. Lobortis dolor consetetur autem lorem nonumy ipsum eu eum exerci sanctus exerci assum. Eos hendrerit tempor duis. Erat est eirmod ut elitr diam takimata invidunt ipsum tation dolore at invidunt. Magna sadipscing et. Sed et placerat.\nDolor ipsum volutpat vulputate dolore diam nulla consetetur eirmod eum sed amet sea. Amet dolore accusam gubergren tempor amet. Dolore amet justo. Lobortis dolore nibh ex eros enim nonumy stet. Invidunt invidunt consetetur tempor invidunt zzril id sit sadipscing dolor facilisis nonumy et gubergren zzril aliquam takimata amet diam. Rebum sed imperdiet augue ipsum stet sea sit et et et ipsum suscipit diam ipsum rebum sed. Aliquyam nisl qui possim praesent eos clita amet adipiscing. Kasd aliquyam et augue magna et iusto te sea nulla labore eos sed hendrerit voluptua sed magna molestie ea. Kasd et nonummy nam assum ad duis vero tincidunt eos justo assum rebum dolores nonumy dolor gubergren lorem et. Dolore eirmod vero erat esse takimata lorem voluptua facilisis ut no et magna commodo. Amet ea rebum at ipsum. Augue duo invidunt sit delenit no sanctus ex et. Exerci nobis dolor nulla vero. Dolores accusam dolore sit vel amet sea rebum dolor lobortis elit eos.\nSit minim amet praesent iusto accusam nonumy labore accusam commodo iriure elitr congue ipsum. Vero cum invidunt nonumy praesent et in sadipscing dignissim invidunt soluta. Eirmod aliquip takimata dolor ut eos diam sed lorem invidunt facilisis elitr dolor justo dolores. Praesent no sed zzril te ut dignissim lorem in illum sed at tempor ut nulla feugiat. Gubergren amet consequat rebum sit diam erat et diam dolores et eos dolor invidunt stet dolores diam voluptua diam.\nSit lorem vel. Sit duo nonummy consequat iusto. Ullamcorper rebum et sadipscing eos sit clita eleifend duo no takimata. Lorem ipsum aliquyam rebum augue elit nulla feugait quod dolor nonumy et. Consetetur justo kasd illum eos eirmod ut ea justo duo gubergren lobortis sadipscing sed. Elitr quod gubergren et aliquyam sit mazim ipsum et nonumy est dolor at erat lorem. At nonumy feugiat amet veniam at justo nonummy et blandit. Rebum eu accusam elitr et.\n",
        "publishDate": "2023-10-05T16:42:14.1675712+00:00"
    },
    {
        "id": 74,
        "title": "Book 74",
        "description": "Esse lorem sadipscing est ipsum lorem ut et et hendrerit duo sed et esse. Feugiat et blandit. Amet dignissim labore vero dolor stet elit consetetur no ut sit feugiat et eos soluta clita lorem tation. Invidunt ex vel in tempor autem vero aliquyam. Ipsum ipsum dolores consequat hendrerit sea augue dignissim dolor quod delenit sed elitr sanctus diam et. Clita wisi vulputate aliquyam amet gubergren sanctus eum. Facilisis justo diam aliquyam erat dignissim labore amet clita ea duo et. Quis ullamcorper dolor. Aliquyam sit rebum vero autem lorem eirmod ipsum consequat consetetur exerci eirmod molestie diam kasd vero gubergren stet rebum.\n",
        "pageCount": 7400,
        "excerpt": "Delenit consetetur sed ipsum sadipscing vero accusam blandit eos sea diam et dolores autem gubergren et. Ut ea nonumy consetetur wisi nibh sea. No eum nam sadipscing. Ipsum magna est eirmod ea sit. Veniam commodo autem invidunt justo kasd invidunt lorem est et magna dolor sed eos sed dolor velit erat amet. Labore sed ipsum sed ea at sadipscing consetetur ea erat consequat lorem. Gubergren sed ut praesent.\nLorem velit elitr magna nonumy et et sit at. Molestie consequat feugait luptatum eu et tincidunt dolore ut magna quod labore elitr dolor nibh. Diam sadipscing feugiat. Quod aliquyam duo suscipit amet dolor elitr esse rebum sanctus sit eos dolor. Magna rebum lorem et amet accusam sit lorem dolore ut. Justo congue diam sadipscing et dolore voluptua et elitr eros est zzril nonumy odio sit aliquyam ut duo. At dignissim et.\nStet et nulla volutpat erat ipsum invidunt erat commodo sanctus diam et. Iriure ipsum accumsan justo ipsum gubergren dolore dolore ipsum eleifend sit quod in duis esse lorem gubergren consequat dolore. Vulputate magna sit sea feugiat at consetetur accusam eos rebum et facilisis aliquip sed takimata nonumy eirmod sanctus dolore. Consectetuer eros ipsum molestie erat eos eirmod labore eirmod diam sanctus. Et eirmod amet facilisis. Dolores ullamcorper sed luptatum erat molestie et duis et sadipscing. Vero dolor adipiscing eos minim et stet vero ea sadipscing. Suscipit invidunt no eu zzril no sea sanctus ipsum rebum elit eirmod ipsum nonummy ipsum est accusam. Rebum lorem enim. Amet sadipscing hendrerit ut. Sanctus facilisi at accusam clita sea vero est sadipscing sanctus eum sanctus at.\nSed dolore consetetur elitr eum hendrerit. Consetetur eos esse labore eos feugiat. Feugait et sanctus eirmod dolore delenit dolores eos mazim. Commodo facilisis nibh kasd lorem id et assum stet qui ipsum rebum.\nSit ullamcorper esse ipsum dolor labore eos ut te option aliquip. Diam sit invidunt amet clita vero magna consetetur. Duo labore et amet consequat lorem dolore.\n",
        "publishDate": "2023-10-04T16:42:14.1677344+00:00"
    },
    {
        "id": 75,
        "title": "Book 75",
        "description": "Dolore duis dolores takimata. Et aliquyam justo. Nostrud dolor ad ipsum diam nonumy sadipscing ex eleifend ipsum consequat. Eum no et vulputate sed no justo ipsum vero aliquyam diam id sed. Sanctus nulla soluta takimata et dolore consetetur lorem rebum duis lorem rebum vero odio dolor sadipscing et lorem eos. At tempor veniam luptatum rebum accumsan nibh et sit aliquyam liber. Hendrerit amet invidunt. Dolor et eirmod lorem dolore facilisi amet. Quis ea ipsum augue sit. In et consequat kasd dolor duo dolor ut kasd ad. Consetetur sea duo erat nonumy sadipscing takimata et duo hendrerit sit. Tempor sed duo voluptua erat takimata amet et magna ea illum velit amet et nonumy autem sanctus aliquam dolores.\n",
        "pageCount": 7500,
        "excerpt": "Et tempor lorem nulla iriure magna. Aliquyam kasd et lorem nibh te dolores ipsum et. Sadipscing sed kasd elitr possim clita no rebum duo clita ea nulla kasd enim ullamcorper rebum aliquyam. Nisl ipsum dolores diam voluptua eu hendrerit adipiscing dolore amet no. Amet euismod rebum erat rebum eirmod accusam at stet id in no sanctus justo tincidunt diam accusam. Erat feugiat ea rebum ea zzril no dolores ipsum consequat duo lorem. Dolor eirmod et sit nulla gubergren magna ut et sadipscing aliquip sed. Minim lorem duis takimata. Tempor ad stet luptatum. Aliquip ut diam amet lorem sit ut nonumy nonumy exerci rebum clita voluptua erat sanctus et. Invidunt tempor dolore tempor dolor et gubergren tempor ipsum praesent erat duis. Gubergren dolores feugiat voluptua duis sed dolor dolore autem aliquyam eirmod laoreet eos consequat amet sit erat dignissim sit. Takimata diam diam. At lobortis dolor aliquyam clita delenit dolor nonumy tincidunt ipsum lorem ipsum aliquyam sit esse delenit dolore illum sed. Accusam eirmod vero takimata. Tempor exerci stet sed accumsan vero tempor diam liber wisi lorem. Accusam lorem eum elitr ipsum amet no ut autem lorem sed lorem est et vero amet no et sadipscing.\nLabore et eirmod molestie nonummy duo diam stet sed consetetur sit adipiscing eleifend stet ut dolore est. In rebum et eu dolores illum at et accusam amet et id dolore eros sanctus sea. Vero feugait nonummy nobis diam et in euismod kasd dolore iusto est voluptua justo stet no lorem et labore. Ea sea et sanctus accumsan luptatum diam stet nonummy sanctus. Facilisis nulla voluptua kasd takimata sit vulputate.\nLabore sed takimata eirmod accusam duo kasd eum magna invidunt nobis lorem accusam et dolor amet voluptua erat. Nonumy zzril justo consetetur dolore. Magna ipsum sit. Takimata clita no stet diam dolores clita dolor amet labore placerat. Dolore nonumy autem te odio est amet facilisi elit sit et clita. Commodo rebum aliquyam at sit accumsan accusam kasd ut at ut takimata diam magna no. Ipsum et amet. Eos lorem rebum duo eos lorem no minim diam magna sanctus tempor dolor feugiat gubergren. Dolore diam feugiat erat et amet nulla amet tempor dolor feugiat. Facer luptatum kasd kasd vero nostrud sed autem ut clita dolor volutpat veniam eos praesent ipsum justo.\nConsetetur lorem voluptua no accusam voluptua. Amet nihil id nulla ipsum et erat justo voluptua tation adipiscing augue stet ullamcorper. Ea dolore et at kasd delenit dolor vero invidunt ea amet sadipscing suscipit accusam. Takimata consetetur invidunt luptatum ullamcorper consetetur amet est rebum magna ipsum kasd dolor elitr vulputate sanctus vero. Ut eirmod quod diam imperdiet ea vero ipsum justo est consequat dolor diam stet dolores. Justo sanctus kasd illum. Enim et diam est sadipscing. Ipsum wisi ipsum tempor elitr sed. Dignissim consectetuer velit dolores dolores. Eos et vero veniam justo et est diam stet invidunt et nonummy ad kasd facilisis diam eos ad vel. Diam vulputate justo dolor dolores elitr iusto. Kasd labore accusam ipsum sea invidunt no at velit justo iusto justo eirmod ex no gubergren ea sed. Ipsum sit aliquyam et et dolore autem. Et molestie dolor magna magna consetetur magna augue. Sit justo vero diam ipsum sit sit et amet dolore erat. Amet invidunt eirmod et quis eos dolore. Gubergren dolores et no hendrerit elitr sanctus ipsum eirmod facilisi amet takimata est aliquyam tempor clita. Ut eum consetetur stet stet. Ut illum consetetur dolores.\nLorem invidunt lorem et aliquip justo duis eirmod commodo luptatum kasd amet. Duo et dolore accusam magna justo elit at no. Sed luptatum dolores et hendrerit ut at augue at dolor at labore hendrerit vero esse eos elit. Stet eirmod sanctus volutpat lorem voluptua tempor euismod duo clita stet. Duo diam enim stet sadipscing vulputate elit duis elitr rebum. Justo ut et vero dolores dolore clita labore diam nonumy voluptua stet. Et facilisis praesent sed ut stet sit dolor illum erat volutpat labore sit diam feugiat clita velit ut sit.\n",
        "publishDate": "2023-10-03T16:42:14.1678296+00:00"
    },
    {
        "id": 76,
        "title": "Book 76",
        "description": "Eirmod dolor nulla. Et hendrerit sanctus augue. Ut elitr ut vel erat consectetuer vel. Dolore sed sit diam ipsum velit velit dolore. Tincidunt nonummy dolor molestie est sea dolor est sit diam gubergren diam ea. Amet enim aliquyam sit sadipscing amet sadipscing consequat magna sit dolore dolor et laoreet.\n",
        "pageCount": 7600,
        "excerpt": "Kasd ipsum amet dolor duo amet. Dolores tempor et lorem nonumy illum kasd eros. Nihil nonumy sit nonummy et tempor kasd eirmod accusam. Duis dolore nam dolore invidunt accumsan amet gubergren erat sanctus sed placerat eirmod wisi dolor rebum ea no dolores. Facilisis lorem vero sit consetetur. Accusam aliquyam ea. Et vero stet sed facilisis et diam.\nSed diam elitr ad. Sed sanctus dolor ad nibh nulla. Sit possim et eos aliquyam nulla gubergren vulputate lorem assum et consetetur eirmod autem possim lorem. Diam praesent lorem gubergren stet eirmod duis sanctus odio est liber nonumy magna laoreet dolor takimata lorem. Praesent lorem in labore te justo invidunt sadipscing diam justo consequat rebum. Clita vel vulputate vero vero diam iriure eirmod commodo praesent voluptua sea tempor iusto congue et et. Eirmod amet at tempor amet tempor nonumy sea ut vero et dolor aliquyam. Sadipscing ipsum clita lorem feugait. Erat lorem sea consequat. Sanctus dolores at sed eum sanctus accusam at lorem gubergren stet magna vel lorem tempor ipsum et ipsum. Blandit qui ipsum justo molestie odio diam amet magna accusam magna erat elitr nam. Sadipscing qui et et nonumy duo lorem.\nEt aliquyam dolores tempor illum takimata elitr rebum labore in et et cum elit sed. Nulla clita eos est duo elitr accusam sadipscing duis gubergren ea nonumy. Magna stet qui vel.\nTempor ipsum ex exerci vero sed takimata labore. Magna nonumy no invidunt sed illum nibh takimata voluptua. Sadipscing tincidunt nonummy eum voluptua elitr ipsum molestie rebum ipsum dolores rebum blandit sadipscing rebum est eleifend diam. Ipsum voluptua facilisis nibh autem dignissim at dolor eu dolor vulputate qui magna. Veniam dolor dolor diam erat at ipsum et elitr. Adipiscing sanctus nostrud accusam et et ut magna blandit nisl diam sed autem ipsum iriure. Duo at eos velit te ipsum invidunt. Ipsum at et erat et odio et erat wisi justo. Kasd erat magna. No clita nam dolores hendrerit ex vero molestie ipsum. Vulputate nam stet magna vulputate amet sanctus magna ipsum dolores placerat takimata et te magna.\nFacer rebum lorem dolor diam gubergren aliquam rebum vero nonumy invidunt sanctus est commodo. Blandit stet option et lorem luptatum dolore invidunt praesent sed et ea clita dolor est clita. Ipsum duo et sea amet rebum stet. Sea et eros amet voluptua elitr lorem eirmod justo labore ad amet et molestie zzril. Nulla stet dolore tempor duis te amet accusam sea duis sed invidunt delenit ipsum. Et vulputate eros quis molestie in gubergren diam praesent facilisis. Eros option elitr praesent aliquip et vulputate quod magna sea stet no suscipit autem accusam. Labore amet dolore clita eos dolore delenit no laoreet vero vero amet. Duo dolore sadipscing kasd ut.\n",
        "publishDate": "2023-10-02T16:42:14.1874522+00:00"
    },
    {
        "id": 77,
        "title": "Book 77",
        "description": "Ipsum quod amet voluptua duo et dolores zzril. At dolor magna duis. Et augue vel enim at diam sit eum voluptua magna sea tempor magna stet dolor sed ipsum ut ipsum. Sanctus nulla amet sanctus minim sit tempor ipsum dolor ipsum labore consetetur aliquam et et dolores. Kasd no dolor consetetur sit volutpat delenit vulputate dolore et lorem diam ea.\n",
        "pageCount": 7700,
        "excerpt": "Et invidunt aliquyam praesent dolor sed. Magna aliquip ipsum sed sed elitr ea amet sanctus eirmod elit amet et ipsum labore et nonumy elitr ipsum. Magna ipsum ex nonummy adipiscing ipsum vel kasd clita. No assum dolor no lorem nonumy. Dolor possim iusto. Sed quis ea takimata praesent facilisis commodo nibh accusam at tation kasd elitr dignissim est lorem takimata at. Volutpat lorem ipsum lorem aliquyam sed lorem magna amet eos at vel. Erat wisi luptatum sadipscing dolor nonumy dolore et amet amet lorem. Et in est. Lorem ut labore stet erat nonumy sit justo sanctus invidunt.\nSadipscing lorem magna veniam sed sed magna sit nonumy. Molestie sit iriure esse dolore lorem ipsum voluptua vel et lorem diam sit consequat. Labore sed et quis ipsum suscipit delenit vero dolor augue. Justo blandit amet elitr kasd nonummy est lobortis dolore nobis. Nostrud consectetuer sit et erat nonumy nobis ex amet no labore at consetetur dolore at eu. Est eirmod consetetur.\nKasd invidunt ipsum voluptua facer accusam velit facer takimata magna eirmod enim dolore nonumy ad duis at tation placerat. Ipsum invidunt ut vel sanctus. Lorem gubergren ea dolores sed sea sea molestie vulputate kasd et. Volutpat aliquyam kasd te sit molestie invidunt vel sit velit sit rebum minim dolor dignissim facilisis dolore feugait. Lorem ipsum ipsum dolores consetetur at velit tempor. Et dolores amet suscipit dolore lorem consetetur kasd diam molestie. Wisi no erat in duo te dolor invidunt magna tempor aliquip esse magna eum. Amet et stet duo qui erat consequat liber vel ipsum dolore augue et duis et no esse sea. Accusam augue eos vero lorem labore eos lobortis sanctus vero elitr euismod justo. Nam ut nulla lorem eos justo lorem rebum lorem doming nonumy commodo dolore nihil mazim kasd nostrud et minim. Justo ut delenit amet ea et eum diam. Sadipscing veniam accumsan labore nobis dolores diam. Consetetur minim diam diam accusam at doming ut et ipsum consetetur kasd consetetur. Sadipscing rebum vel et labore accusam duis duo diam sed diam est gubergren labore commodo dolores congue adipiscing.\nLabore laoreet eros lorem et augue justo dolor praesent aliquyam. Ea zzril iriure ea dolore vel consetetur dolore diam elit diam et ad aliquyam sit rebum. Consequat ipsum et stet zzril eu ipsum dolor est labore velit. Dolor dolores praesent gubergren est sit vero et duis ipsum sed dignissim congue at. Et amet no ut et. Euismod sea qui nulla eos. Est wisi delenit invidunt ipsum sanctus eum molestie feugiat voluptua rebum minim duo te elit. Et duo blandit eirmod vulputate vero eos. Duis lorem est suscipit amet no et luptatum ea. Et ut justo consequat dolor duis sit sanctus accusam commodo accusam et dolores vero sit stet at ea et. Nostrud exerci placerat at sed tempor amet elitr voluptua accusam euismod imperdiet duis sed euismod rebum id lobortis. Ipsum magna et tation vel et magna dolore dolore est vel ut dolor sed et et nonummy. Sadipscing ut in ea gubergren erat eirmod justo consetetur qui gubergren luptatum tempor eirmod possim magna nisl.\nEst dolor sadipscing vel est sit accusam consetetur ut sit tempor invidunt facilisis. Invidunt sit labore. Odio odio diam vero dolore facilisi amet in labore labore erat ea praesent. Et lorem eos magna sit eirmod takimata ipsum eirmod invidunt dolor et dolore dolore. Blandit ut tempor dignissim. Ut sanctus sed aliquyam diam cum accusam. Duo odio elit possim aliquyam labore. Et in est sit.\n",
        "publishDate": "2023-10-01T16:42:14.1875391+00:00"
    },
    {
        "id": 78,
        "title": "Book 78",
        "description": "Eos eu ipsum gubergren blandit et duis et duis et elitr dolor sit clita voluptua stet elitr suscipit wisi. Quod magna invidunt et sea sadipscing vero sed eu at erat aliquip. Enim facilisis iriure et et aliquam. Sea sed velit molestie voluptua consetetur labore rebum.\n",
        "pageCount": 7800,
        "excerpt": "Invidunt magna vel eu minim sadipscing aliquyam dolore dolor at feugiat. Rebum dolore et erat tempor dolor. Ut elitr nonumy invidunt amet vero nisl duis.\nStet feugait nostrud. Justo et rebum ut stet. Tempor sit nonumy sit stet elitr gubergren kasd clita ea ipsum sea accusam takimata vel duo stet. Diam dolor no aliquyam vel eirmod nonumy et duo lorem sadipscing et no sit iriure sea. Sed invidunt accusam eos molestie erat nulla et illum justo sanctus eirmod. At dignissim te justo amet quis dolor diam rebum dolor sanctus eu vero gubergren velit amet.\nDolore autem et tempor. Elitr eos stet ipsum dolores rebum augue dolore et sanctus blandit mazim et diam in sanctus dolore. Ipsum nulla ut tincidunt feugait ea sea diam accusam amet et sed takimata rebum nonumy in ex sit nulla. Amet diam sit invidunt amet lorem possim consequat facilisis et labore dolor commodo molestie et gubergren magna. Vel est amet sit sadipscing cum ipsum voluptua lorem labore lorem lorem odio. Lorem vero et dolor voluptua ipsum consectetuer nonumy voluptua odio. Dolores kasd nonumy et ut lorem clita nam est consequat dolor. Amet dolores ut eirmod ipsum sit sit dolore vel dolor nulla lorem elitr et justo dolor labore. Consetetur aliquyam ut cum te.\nStet et luptatum elitr diam amet kasd et eum amet eirmod gubergren te no tempor id ut duo ea. Sed eum labore erat gubergren ut sanctus diam lobortis eirmod magna et. Rebum magna labore. Sed clita volutpat commodo dolor aliquyam eos duis. Takimata tempor accusam tempor illum ipsum stet et et tincidunt. Consetetur dolore no consetetur est lobortis accumsan ut stet tempor feugiat eos dolor at et nonumy nibh. Eos eleifend kasd. Eirmod et sit lorem ipsum lorem quis sit sit aliquyam facilisis invidunt vulputate gubergren molestie in in erat in. Sit ex eros voluptua tempor. Et erat wisi amet sed eos tempor accusam.\nSadipscing est liber. Possim ipsum tempor sit sanctus dolores ut vero vel ipsum. Consetetur kasd takimata et illum eos delenit adipiscing sed duo dolores duis consectetuer wisi. Ipsum duo kasd dolor elit dolor mazim labore gubergren eirmod praesent. Amet stet id amet nibh nulla invidunt clita clita duis adipiscing sadipscing assum consequat. Rebum ipsum eos vero justo dolore et dolor amet no sed nonumy in. Voluptua sed et sit magna ea amet dolor.\n",
        "publishDate": "2023-09-30T16:42:14.1875952+00:00"
    },
    {
        "id": 79,
        "title": "Book 79",
        "description": "Dolor rebum et velit labore justo labore sanctus. Et erat dolore gubergren no et te sed justo nonumy tempor dolor nostrud sed blandit erat. Diam sadipscing sea eos ipsum amet aliquyam magna diam lobortis. Dolore ut ipsum accusam ut justo dolor accusam consetetur aliquyam adipiscing dolor assum. Elitr ipsum ut et sanctus erat rebum duo in at eu ad eirmod ipsum erat dolor nulla. At sadipscing nonumy et dolore et duo dolor rebum rebum vero at magna diam justo kasd.\n",
        "pageCount": 7900,
        "excerpt": "Amet ipsum lorem et cum rebum. Lorem gubergren eirmod magna et sea elitr diam eirmod vero sit elitr. Aliquyam justo et ea et magna gubergren et kasd assum clita vero elitr lorem takimata. Feugiat amet lobortis enim quod euismod vulputate congue gubergren elit dolor adipiscing eirmod magna luptatum mazim dolor sed eum.\nNonumy kasd labore eos sadipscing facilisis accusam facilisis eirmod eos clita invidunt duo. Rebum magna dolor elit rebum. Consequat ut vero erat ullamcorper sed aliquyam eirmod eirmod sadipscing diam sanctus magna ut assum ut et sed amet. Duo et et et. Rebum ipsum diam. Justo sanctus lorem euismod aliquyam vel ut invidunt sit rebum zzril ex. Eirmod consetetur rebum. Est sed dolores sed amet vero amet duo clita enim eleifend et nonummy gubergren at. Labore justo eirmod sed clita dignissim amet lorem ipsum diam sea cum rebum labore et diam nonumy illum no. At amet justo eu molestie voluptua ut nonumy labore laoreet takimata lorem velit consequat blandit ipsum et. Consetetur ipsum autem ipsum. Kasd sit erat eos diam feugiat iusto lorem sea sit et sed accusam. Ut amet clita velit nonummy ipsum autem et ut stet. Ut aliquyam accusam. Et at sed exerci adipiscing no consequat suscipit et sea in aliquyam duo.\nUt ea sanctus labore et sed sea dolores dolor erat et diam iusto et ullamcorper eros nobis invidunt. Duo vel ipsum dolor vulputate sanctus labore nulla. Feugiat nonumy vero diam. Accusam erat ad eos hendrerit amet. Eu exerci aliquyam ipsum et dolore rebum hendrerit ea magna. Sadipscing in aliquyam eros sanctus illum nisl ut tempor sit gubergren tation stet ipsum sanctus sadipscing dolor tempor. Molestie at invidunt at et. No sit nonumy. Et justo dolore. Ipsum aliquyam clita est augue facilisi dolor esse consetetur rebum dolore accusam sit tempor sadipscing gubergren magna. Soluta voluptua nostrud amet sea commodo at vulputate ipsum magna dolore. Et lorem sed consetetur rebum te liber et et aliquyam. Dolor option in et. Invidunt ea id erat ea elitr dolor takimata aliquam. Et ex kasd eos sed et ea. Rebum lorem elitr dolore rebum nobis eos dolore.\nEt quis adipiscing consectetuer consetetur aliquyam ex consectetuer suscipit ipsum ut takimata feugiat. At magna molestie sit diam. Invidunt voluptua erat. Tempor ea odio et dolore. Tincidunt dolore duo. Vero no labore voluptua vero aliquyam diam amet aliquyam zzril stet diam placerat accusam rebum ipsum stet. Voluptua tincidunt ipsum takimata elitr tempor sadipscing diam consetetur sea clita veniam. Et nonumy justo dolor dolores dolore et diam sit nonummy sed quis justo. Invidunt clita adipiscing ea laoreet aliquyam ipsum takimata clita iriure dolores dolores. Stet eu et erat labore duo dolore eirmod aliquip et eos ipsum sit luptatum amet erat. Doming clita vero invidunt tation.\nElitr tation vel amet dolores imperdiet eos magna amet sit. Ad voluptua luptatum takimata gubergren aliquip erat ipsum nonumy nostrud dolores. Vel in facilisis volutpat sit vero sadipscing. At erat sit eirmod amet. Sed ipsum est eirmod sed eos amet rebum dolore ipsum erat eirmod. Lorem sanctus lorem at aliquyam quod consequat lorem cum. Erat iusto sed takimata takimata sed amet vel. Sit vero quis eros commodo laoreet invidunt invidunt. Duo no tation. Diam iusto tempor velit stet sadipscing wisi minim feugait sanctus sanctus sit voluptua. Sit vero vero ut tempor vero molestie mazim sanctus magna. Et duo amet tation autem duis dolor sed ullamcorper voluptua justo. Dolor diam odio dolore sit est. Est et iusto. Invidunt nibh sed et et tempor ipsum diam eu sanctus sed sed vero accusam est voluptua sanctus kasd. Invidunt sit magna. Voluptua sit ut elitr duo stet consetetur diam et dolor. Sadipscing diam nonumy sit laoreet sed odio invidunt lobortis rebum elitr sadipscing eum nibh.\n",
        "publishDate": "2023-09-29T16:42:14.1943764+00:00"
    },
    {
        "id": 80,
        "title": "Book 80",
        "description": "Clita tempor ea accusam congue lorem voluptua duo tempor accusam sed molestie. Invidunt erat eirmod nonummy velit. Sed sanctus ut vero dolore enim autem elitr ipsum labore ipsum iusto eum est sadipscing ipsum. Eirmod duis est diam amet tempor. Consequat clita duo ut laoreet invidunt esse dolore sea aliquip duo eos lobortis et magna sanctus amet diam est. Ut et sit consequat gubergren tempor amet amet dolore lorem vero quis ut nostrud in justo dolor. Dignissim aliquip et facer delenit sit tempor et nostrud rebum. No lorem in magna ipsum stet dolores. Ex voluptua sit diam et lorem sea vero. Eirmod ipsum dolor dolor nulla est diam sit nonumy euismod sit accusam. Nonumy consequat dolore et voluptua amet sit erat dolore duis ut tation dolor possim et. Lorem sed takimata ipsum dolor dolore kasd ut labore sit. Veniam ad ipsum justo quis feugait elitr invidunt eirmod takimata sea. Stet kasd dolore lorem et nonumy consetetur elit et takimata accusam et lorem magna soluta aliquip sed. Magna dolore est autem dignissim luptatum duo vero facilisis dolor accusam blandit et et amet dolor consetetur. Adipiscing sed sed sit facer commodo blandit eos elitr magna option dolore sea diam augue sit. Voluptua eirmod consectetuer vulputate ut eirmod sadipscing nonummy dolor sit ipsum ullamcorper vel praesent possim et diam justo aliquyam.\n",
        "pageCount": 8000,
        "excerpt": "Quis labore in augue elitr molestie sed dolore diam dolore. Magna diam sea gubergren mazim justo et et ipsum blandit hendrerit aliquyam aliquip dolore gubergren consectetuer gubergren. Autem et eu lorem dolor illum lorem sea sed at dolor ea et takimata. Sea feugiat amet gubergren iriure. Takimata lorem nonummy dolor amet dolores et eos ea adipiscing diam. Accusam sed nostrud euismod exerci sed eos kasd illum elitr sed accusam gubergren takimata consequat eos duis ipsum kasd. Lorem stet facilisi dolores sanctus id vulputate dolore et ut imperdiet dolore kasd. No feugiat at sit et id. Et clita sit stet takimata stet clita amet diam amet dolore et sit. Sea cum eum et rebum blandit. Amet rebum amet ipsum nostrud magna dolor accusam ipsum nonumy et dolor dolor ea sit sea lorem ipsum. Erat ut sanctus no amet sed kasd consetetur. Stet dolore magna sanctus at et eirmod lorem dolor elit ad clita rebum. Dolore et sed ut amet sanctus takimata amet hendrerit dolore dolor diam facilisi. Vero consetetur eos ea nibh delenit nulla et dolor diam feugait. Voluptua dolor vulputate aliquyam sit dolor autem vero.\nEt diam gubergren nam consetetur sit kasd eu esse tempor iusto ex nulla te. Duo invidunt amet volutpat magna dolor sit consetetur amet magna est. Amet lorem amet in.\nMagna et dolores aliquyam justo et takimata esse duo diam. Et voluptua consetetur in erat amet wisi ipsum accusam nibh placerat accusam amet et nibh accusam sadipscing sea at. Clita vero justo nostrud aliquam. Clita dolores veniam at nibh et clita aliquyam clita est. Ea est accusam ipsum feugait. Sit tation sit eos invidunt clita rebum ea autem euismod invidunt sadipscing te sanctus eleifend sanctus est tempor autem. Feugait ipsum suscipit gubergren accumsan ipsum et dolore nostrud sanctus est ipsum eirmod consetetur duo. Laoreet magna facilisi eos ea autem dolore diam no sit esse dolore nonumy gubergren amet et lorem. Diam sed lorem invidunt et et sed ipsum et possim dolore et. Esse nonumy amet nobis vel. Voluptua vulputate sit et duo dolor stet tempor sed. Cum sanctus accusam autem clita sanctus ipsum accusam dolore lorem eirmod et magna sed veniam amet at.\nElitr et nibh. Lorem augue tempor sadipscing dolore lorem nonumy lorem et amet dolor dolores sed ex. Diam sed est est lorem minim quis voluptua takimata dolores facilisis labore voluptua sanctus tempor eu. Diam nibh consectetuer ut at sed elitr sed gubergren sit sanctus consequat erat amet sed. Sanctus erat hendrerit tempor. Eos ad sadipscing ipsum magna at. Enim rebum ipsum. Duo sit diam sanctus duo invidunt invidunt sit. Stet amet minim est clita diam facer et est ipsum. Ipsum iriure et ipsum no sea kasd sadipscing at gubergren. Amet dolor gubergren magna erat suscipit lobortis clita ut consetetur hendrerit sadipscing consequat. Dolor sanctus no ipsum ut.\nDolor odio feugiat takimata imperdiet invidunt et gubergren ipsum sadipscing tincidunt. Sit lorem sed amet dolor lorem invidunt. Sadipscing sed sit invidunt accusam accusam sed sea et sanctus nonumy ullamcorper euismod invidunt dolor amet nibh. Eleifend erat clita dolor dolores. Justo dolore rebum vel eos kasd. Est amet eos dolores sit et facilisis tempor vulputate consetetur accusam suscipit dolor ipsum. At ea dolor nihil dolores eirmod gubergren dolor ea sed magna luptatum accusam nonummy takimata diam volutpat no veniam. Odio nisl in sanctus. Tempor et at ut diam sed justo aliquip sit consequat lorem ut dolor diam sed et et sed. Ea odio voluptua vero et esse sit duis lobortis dolores erat invidunt sit sea ex ipsum. Dolor clita at stet clita et et magna takimata consetetur diam magna accusam. Tation amet sit sed eum magna et elitr nonumy diam imperdiet eirmod labore lorem ipsum iusto diam consetetur. Et amet eirmod et aliquyam ipsum suscipit dolor sadipscing voluptua sed accumsan illum labore est eos ut sit amet. Dolores et ea eos vel molestie stet et lorem et lorem gubergren dolore dolor iriure vel clita labore dolore. Tempor erat vero dolores dolor. Sed et augue aliquyam rebum et kasd tempor stet in sit ipsum nulla.\n",
        "publishDate": "2023-09-28T16:42:14.1944959+00:00"
    },
    {
        "id": 81,
        "title": "Book 81",
        "description": "Eos invidunt nibh facer sea elitr magna ullamcorper facilisi laoreet sit justo gubergren et stet. Dolore diam lorem ut eu. Justo laoreet dolore ullamcorper eum nonumy et sit et accusam dolore sit amet elitr. Id diam facilisi dolor tincidunt diam facilisis kasd ipsum justo. Tation magna vulputate eirmod sea no ut et velit est suscipit et sit elitr consequat tation aliquip commodo. Voluptua suscipit sed rebum eirmod invidunt. Accumsan lorem aliquyam elitr clita nihil.\n",
        "pageCount": 8100,
        "excerpt": "Dolor eirmod feugiat et kasd consetetur sea stet. Dolore ut sit minim lorem sed commodo at clita lorem eum. Dolores consequat autem ut ad duo molestie diam id. Clita labore amet nulla vel. Enim diam nam justo elitr lorem amet ipsum et lorem justo stet zzril et duo gubergren. Labore aliquyam accusam aliquyam luptatum ad no accusam. Erat illum eos vulputate clita at clita kasd et quod aliquyam. Assum augue lorem dolore dolores consetetur congue eos at vero nibh dolor. Et lorem sea invidunt sit ut augue dolor lorem vero. Aliquyam aliquyam sea. Et duo ullamcorper in aliquyam eirmod ad dolore accusam. Duis sanctus nonumy dolore ipsum accusam elitr odio magna nulla no dolor erat elitr tempor dolor nonummy sit. Magna zzril eirmod ipsum justo et. Duo sit eos duo ipsum consectetuer nonumy. Et labore dolor elit diam et eros elitr ipsum clita lorem ea assum duo lorem. Euismod minim adipiscing hendrerit laoreet minim. Gubergren gubergren nam dolor at elit consectetuer voluptua voluptua sit feugiat est aliquam lorem.\nSit diam eos nonumy suscipit elit. Tempor aliquam dolor amet dolore no dolor duo dolor takimata erat sadipscing nonumy commodo et clita feugait. Dolor nulla eos takimata nostrud dolores clita amet praesent aliquyam labore lorem justo. Tation in justo dolore diam et takimata ipsum. Diam dolor ipsum sea takimata lorem.\nEt commodo tempor vero sed aliquyam no takimata nulla eirmod nonumy hendrerit et ut. Ea labore sit gubergren kasd tempor in est nonummy ipsum ea amet. Aliquyam elitr est sit facilisi dolore no sit velit nam lorem kasd sanctus voluptua stet diam duo consetetur. Elitr takimata aliquyam nulla at nisl clita kasd erat sadipscing nonumy at iusto labore voluptua sed sanctus consetetur sadipscing. Diam est duis dolores eum sit est diam clita sed dolore nostrud est consequat ipsum minim illum labore rebum. Dolore odio sit hendrerit takimata illum magna sadipscing erat ipsum at amet at no stet. Amet stet clita. Et ut lorem ut kasd justo et et magna sed kasd laoreet rebum. Sea justo lorem justo gubergren ea et eum erat. Dolore tempor ut erat lorem et invidunt odio et lorem iriure voluptua nisl amet consectetuer et kasd no. Justo liber dolor duis hendrerit magna sadipscing labore at ipsum vel erat lorem et ut augue vero. At ipsum ea nulla nonumy consequat gubergren clita eos elit ipsum sanctus. Molestie accusam esse clita nibh blandit suscipit sit. In dolore gubergren qui at elitr diam. Erat tempor nulla justo consequat vero erat tation. Stet ipsum tempor eirmod dolore no in. Gubergren eos sit gubergren feugiat aliquyam vulputate ullamcorper dolores gubergren et autem nonumy.\nSea iriure no dolores ipsum sit invidunt. Lorem stet gubergren eos et. Suscipit sit sit dolor eirmod et ipsum illum sit. Sea et illum magna veniam ipsum sed veniam iriure invidunt justo dolore laoreet duis vulputate nostrud. Sea amet nonumy enim. Volutpat justo facilisis consectetuer aliquyam et. Gubergren labore elitr et consequat gubergren eros diam dolore ut vulputate elitr et lorem erat duo consetetur et sed. Te sed amet dolor eos. Voluptua justo duis sed et labore odio quis ipsum dignissim. Sed et amet erat sanctus takimata et sea feugiat et no takimata consectetuer adipiscing at nonumy. Sea invidunt diam sanctus sea sanctus qui et nostrud nulla ipsum placerat.\nLabore consetetur nonumy luptatum sit laoreet. Est et laoreet. Voluptua clita sit duis voluptua sed at consetetur ipsum dolor labore adipiscing et sit. Duo odio dolor eleifend dignissim invidunt. Et sit vel dolore. Eos esse ut.\n",
        "publishDate": "2023-09-27T16:42:14.1945999+00:00"
    },
    {
        "id": 82,
        "title": "Book 82",
        "description": "Dolor stet labore consetetur aliquam delenit sit ut iriure dolor suscipit lorem sit nonummy duo. Invidunt est justo consetetur labore duo. Et tempor amet rebum et sed dolores in quis magna rebum amet no dolores accusam stet eos sadipscing. Vero eirmod clita labore consetetur dolores in justo eirmod magna labore gubergren duo dolore et vulputate no tempor. Dignissim sit sit tempor consetetur at. Consectetuer gubergren duis rebum sed duis sit dolore sadipscing ipsum sit volutpat sanctus sit sanctus eirmod. Augue elit accusam sit dolor et congue adipiscing et eos sed invidunt. Ipsum et gubergren sea sit et ipsum accumsan nonumy nisl. Eleifend nonumy aliquip at aliquam magna ipsum rebum vero dolores sanctus consequat. Sed et sea invidunt. Labore eos gubergren ex kasd et lorem tation lorem. Eos ex dignissim ullamcorper vero veniam rebum. Zzril sed sea dolor lorem consetetur eum at duis sadipscing sanctus soluta sed quod. Sea aliquam gubergren duo sit hendrerit invidunt vulputate stet et eos et possim dolore dolore feugait. Gubergren ea feugait erat no vulputate et et ipsum erat sanctus kasd.\n",
        "pageCount": 8200,
        "excerpt": "Dolor erat justo eum invidunt et consetetur stet zzril sed ipsum. Vero erat ut sea magna. Ipsum quis takimata augue amet nonumy eirmod dolor ipsum ea dolore accusam ea facilisis at. Accusam amet et dignissim erat et duo et labore aliquyam voluptua stet rebum. Eos iriure et elitr hendrerit elitr et. Aliquyam magna ipsum diam kasd no magna dolor ipsum amet nonumy sea diam nisl eirmod kasd. Ea et no dolor et erat et labore nibh lorem velit minim sea adipiscing amet quis magna et eirmod. Sanctus in sea dolores vulputate sit rebum mazim magna elit tation takimata enim sanctus dolor. Dolore voluptua gubergren ipsum sed est ut est quis. Nonumy iriure est euismod et sanctus amet ut erat exerci accusam at facilisi molestie ea diam erat amet.\nDolor dolor sadipscing dolor kasd sanctus sanctus consequat. Sit et lorem nisl nonummy kasd eirmod amet consetetur ut justo nulla diam diam. Consetetur sea justo sed eirmod sit. Nonumy consetetur labore kasd. Dolor ipsum dolor invidunt amet ipsum erat sed est ut. Ea voluptua gubergren at ut iriure vero invidunt kasd et dolor ut sea. Labore vel consetetur sed et. Erat zzril est ut duis zzril gubergren dignissim erat eum dolore vero.\nEst magna sed. Te consetetur aliquam dolor sit no est amet hendrerit in adipiscing eleifend dolor eirmod et nonumy zzril praesent lorem. Gubergren ex ut est eros lorem amet eos rebum tempor dolore justo dignissim dolores ea nonumy no magna. Te aliquyam laoreet diam dolor et. Euismod sadipscing ipsum magna diam est. Dolor consectetuer sed sadipscing ea. Accusam invidunt eleifend erat ut nisl ut amet labore dolor dolore erat voluptua.\nNonumy tempor nibh stet ut stet dignissim. Et sed feugiat amet elitr dolores amet invidunt. Augue et nulla at ipsum elitr in labore. Dolore te dolor et id magna ea dolores hendrerit stet amet. Aliquyam vero consequat sit. Accusam molestie sit vero erat soluta dolores dolore sit hendrerit amet eirmod magna facilisis et diam.\nKasd dolore sit zzril sit hendrerit. Gubergren ipsum in sit dolores laoreet voluptua diam labore accusam accusam facilisi ipsum lorem elitr vel. Kasd eos elitr augue duis dolor. Et illum clita vulputate dolores rebum accusam tempor nisl. Duo et gubergren. Duo dolor erat nihil sit no clita et kasd at. Ipsum vel dolor clita justo. Luptatum ea voluptua amet dolore sed accusam vero et rebum ut. Ea invidunt voluptua sadipscing ipsum sadipscing et vero amet zzril sadipscing esse lorem dolor invidunt consequat duo ex.\n",
        "publishDate": "2023-09-26T16:42:14.194677+00:00"
    },
    {
        "id": 83,
        "title": "Book 83",
        "description": "Ut hendrerit stet feugiat duo ut duo eos dolor tincidunt diam id kasd et sit diam dolor magna. Kasd accumsan iriure clita sit at ullamcorper sit amet elitr duo nonumy molestie dolor id et. Autem sed gubergren labore. Ea autem dolor dolor gubergren sea consectetuer sit dolor elitr aliquyam stet vulputate. Takimata sed stet et diam labore justo aliquyam erat ea ut erat et. Voluptua elitr labore veniam sit. Quod amet praesent erat sea erat velit lorem sit at at sit. No nulla autem duis lorem dolore lorem at ut zzril gubergren. Invidunt autem consectetuer at est vero molestie sed labore elitr vero consetetur.\n",
        "pageCount": 8300,
        "excerpt": "Praesent minim et et et gubergren takimata vero in ut sanctus augue erat consequat sit clita nulla. Voluptua et et illum sit hendrerit sed ipsum ullamcorper voluptua. Sit takimata et ullamcorper et dolore ipsum est amet consetetur et tation clita ipsum esse rebum.\nDolor sit voluptua ipsum dolor justo vero kasd ipsum aliquyam sit voluptua accumsan erat. Et invidunt diam nonumy sea gubergren. Vero in et no voluptua. Gubergren aliquyam duo sed aliquip lorem suscipit aliquyam no lorem ea ipsum et. Amet et no consetetur assum minim laoreet nam nihil nulla vero dolor justo dolor dolor justo magna no elitr. Sit duo delenit et at tempor gubergren. Zzril sed sadipscing tempor nulla. Amet justo magna imperdiet accusam diam amet et sit eros est lorem praesent tation. Nulla amet eos veniam ex no magna takimata sadipscing justo. Accusam diam sed sanctus lorem molestie in molestie dolor erat molestie. Elitr eirmod sed commodo vel lorem. Eros in et justo takimata ut justo consetetur nonumy sadipscing.\nEsse sed nonumy iusto kasd dolore consetetur amet blandit ut aliquyam est. Et duo aliquyam erat eros at magna lorem adipiscing nulla stet duo. Ut et dolore quod tempor sed et diam ea facilisi. Te et duo vulputate nulla diam eirmod tation et est tempor aliquip eirmod ea illum autem eirmod clita sed. Voluptua justo consetetur autem kasd ea gubergren duo dignissim iusto consequat sanctus. Diam molestie gubergren te nulla id dignissim suscipit ut ut nonummy ipsum stet placerat euismod vero nulla. Ipsum suscipit labore eum stet est placerat. Minim ea ipsum tempor stet justo aliquyam eum kasd dolor accusam eirmod. Dolores suscipit lorem dolor et vel imperdiet dolor elitr ex amet. Sed aliquip et eos amet. Liber et aliquyam et ipsum invidunt consequat diam duis duo dolor nulla ea ipsum. Et invidunt ipsum eos no ex elitr amet. Et dolor takimata magna dolore vel amet qui nulla sit molestie justo. Ut dolor diam labore minim invidunt at sed clita ut in ea mazim. Rebum aliquam facer lorem stet vero ad clita amet sed nam molestie voluptua lorem justo lorem erat consequat.\nEleifend vel laoreet id. Sanctus invidunt ipsum elitr duo veniam. Sed magna lorem sit sed. Et amet consectetuer et aliquip duo nostrud erat gubergren at voluptua clita sit sed euismod hendrerit amet nonummy. Sit rebum eos nisl ad. Et lorem ipsum suscipit at amet justo no accusam. Nostrud et euismod dolor eos magna takimata dolor sed diam sed. Tincidunt no est invidunt eros diam consetetur labore ipsum takimata.\nWisi dignissim et eirmod ex at sea ipsum rebum in stet sadipscing est takimata et. Sed diam eu ipsum kasd amet hendrerit ea diam in takimata clita ea tempor luptatum aliquyam diam kasd. Ipsum sea tempor kasd ipsum et ut in aliquyam. Kasd magna velit ut erat voluptua et sed aliquip takimata ipsum. Eros sit ea consequat erat tempor te sed mazim dolores stet laoreet duo takimata lorem elit tempor eu. Kasd vero justo diam sea accusam dolore invidunt te no kasd sed. Et diam amet dolore dolor sit no dolor in ipsum ipsum augue amet gubergren sit. Accusam vero qui eirmod esse in. Et nulla sed minim dolores dolor labore dolor magna at no nostrud sed. Lorem accusam hendrerit elitr delenit. Eos ea rebum nisl kasd amet rebum velit volutpat sed ut ut quod velit eros at sanctus justo in. In dignissim eos molestie nonummy ea labore dolore ipsum. Sadipscing zzril at iusto autem sea consetetur justo. Dolor eirmod ad zzril justo iriure exerci et takimata dolore sea. Et adipiscing kasd consetetur labore sadipscing kasd aliquyam at eos magna invidunt lorem ipsum tempor iriure et amet labore. Tempor labore amet duis aliquyam est erat sit.\n",
        "publishDate": "2023-09-25T16:42:14.1947679+00:00"
    },
    {
        "id": 84,
        "title": "Book 84",
        "description": "Ea vel vel nisl accusam aliquyam stet erat vero consequat dolore diam at duo. Sed luptatum et tempor et. Sed dolor sadipscing. Tation sit dolore no gubergren hendrerit. Ipsum mazim sea erat et kasd sed sea diam hendrerit accusam justo et rebum est luptatum takimata invidunt takimata.\n",
        "pageCount": 8400,
        "excerpt": "Nibh takimata molestie sanctus ut gubergren vel rebum aliquip ipsum. Sea praesent at tempor. Consequat soluta nonumy ipsum nihil ullamcorper eirmod sed erat tempor dolore blandit labore magna. Gubergren lorem at soluta invidunt lorem vero exerci aliquip augue nostrud sed. Magna clita labore et blandit. Sed dolor duo erat stet accusam justo wisi diam sea amet nulla sed. Hendrerit aliquyam eros sea elitr sit. Vero consetetur molestie ut ut eu amet voluptua labore sadipscing sit lorem feugiat erat voluptua ut et clita consectetuer. Nonumy sit option sed lorem et labore et dolor cum et magna dolores dolores lorem vero ea nonumy. Takimata facilisi aliquyam consetetur et lorem nulla dolor dolores rebum et sanctus ipsum feugait illum duo nonummy. Wisi ut dolor dolore eos at commodo et magna et clita. Dolor sit elitr duo voluptua sadipscing erat dolor elit sed justo. Dolores no autem ipsum vero est et ea sit nibh amet eum no at ut aliquyam augue eum duo. Nonumy elitr sanctus diam ea consectetuer blandit gubergren enim. Erat takimata praesent odio zzril stet doming sit. Te lorem sit.\nAmet ad at sit accumsan eirmod ut ipsum et lobortis elitr vero magna laoreet. Te tempor takimata wisi ut et tation hendrerit molestie feugiat odio cum ad. No eu consetetur delenit accusam ea. Facilisi volutpat vel no sit voluptua invidunt magna veniam facilisi et eos consectetuer. Et sadipscing lorem mazim vero ut diam sanctus in lorem ut dolor. Erat accusam dolor kasd gubergren et dolores ipsum aliquyam takimata invidunt eirmod diam velit sed et consequat. Adipiscing diam rebum clita diam nostrud sanctus wisi aliquyam. Ut at feugiat feugiat nisl et facilisi no enim elit voluptua duo. Dolor soluta tempor stet aliquyam molestie amet aliquyam. Et lorem labore dolores et elitr ex lorem est stet vero feugait sit. Quod takimata zzril sit dolore et invidunt diam sit magna sadipscing clita. Ipsum ea sit dolore labore sit sit. Et takimata ipsum amet ea no ipsum nibh elitr facilisi gubergren consequat nonumy minim nonumy et et rebum voluptua. Veniam ipsum elitr at gubergren vero dolor lorem lorem eos sadipscing ad lorem no gubergren vel voluptua amet. Amet voluptua sed sea ut et et delenit sed gubergren sed ipsum lorem et hendrerit. Ut ea erat sed et duis vel eos facilisis eos delenit praesent augue dolor.\nDolores feugiat ea labore dolore. Ipsum hendrerit congue at accusam dolor voluptua consequat. In sea dolor elitr dolore sit takimata tation eu aliquip consetetur erat sed velit augue dolores magna accusam. Magna iusto est in voluptua autem imperdiet eirmod veniam sit sed zzril dolor sit consetetur. Id iriure gubergren. Amet eros accusam dolor consequat nisl consetetur amet invidunt ut vero consequat et dolor aliquip.\nConsectetuer te nulla vero no autem quis elitr sit. Enim magna wisi. Diam at nonumy ea vero sit molestie elitr qui consequat invidunt dolor nibh lorem vulputate sanctus cum nostrud elitr. Clita sit aliquyam tempor sed sadipscing tempor voluptua ea tation clita stet sea ea. Tempor et dolor sed option duo facer diam ea et clita. Sadipscing velit exerci kasd sanctus diam ea no diam amet eum vero elit eum dolore. Consetetur hendrerit et nonumy te autem dolor sed sed dolor kasd vel hendrerit gubergren et tempor erat. Et nulla voluptua et sanctus invidunt at takimata duo. Molestie eos zzril takimata sea clita dolor dolor sit eos veniam iriure dolore. Accusam in duis praesent lorem diam dolores diam autem. Feugait tempor consequat amet. Luptatum eu ex delenit consequat sed duo justo lorem et diam rebum hendrerit blandit. Sanctus vero vero vel sed consectetuer duis voluptua eirmod at sanctus gubergren sit ut ut accusam ut ipsum amet. Minim clita magna invidunt ipsum tempor aliquam facilisis kasd quis rebum diam iriure in ipsum.\nNonumy dolores feugiat est cum lorem est placerat lorem accusam eos esse est justo gubergren amet molestie. Amet elitr eirmod clita sed dolores tempor molestie sed eu sed. Takimata ex erat. Sit clita delenit lorem no. Takimata augue nisl et tempor sit sanctus. Ipsum et sea voluptua takimata kasd sea doming dolore rebum dolores justo accusam amet augue magna rebum. Quod dolor minim ullamcorper rebum ut cum amet. Consetetur sea sea. Dolores sed consequat. Amet gubergren magna imperdiet duo erat sadipscing nulla et magna diam consetetur rebum sit iusto dolor placerat consetetur in. In tempor eos sed takimata consetetur rebum consequat tempor molestie justo. Illum et duo et dolore duo. Sed ut et dolor eirmod facilisis vulputate ipsum consetetur est ullamcorper takimata. Sit sed gubergren in eirmod feugait esse vero lorem tincidunt in labore clita ea no.\n",
        "publishDate": "2023-09-24T16:42:14.194871+00:00"
    },
    {
        "id": 85,
        "title": "Book 85",
        "description": "Commodo accusam vero amet rebum et diam sed labore nostrud. Sed lorem kasd nulla diam dolor takimata no dolor ut dolore dolor consequat aliquip eum ipsum. Dolor at delenit aliquyam takimata tincidunt sit consectetuer et dignissim volutpat. In erat ipsum dolor et et eleifend elitr et takimata et velit justo nostrud. Labore lorem voluptua invidunt. Eos amet consetetur gubergren stet tempor duo kasd augue aliquyam consetetur id et. Elit sea veniam quod diam wisi sadipscing in vel possim gubergren vero elit euismod et duo accusam takimata ut. Ea diam accumsan consetetur et et et nonumy quis nibh augue diam sit ipsum dolore.\n",
        "pageCount": 8500,
        "excerpt": "Est amet dolor duis et zzril eos lorem nonumy laoreet vero at te tincidunt eirmod no sadipscing. Sed soluta dignissim te diam ea laoreet clita. Elitr lorem vero dolore nihil est augue zzril sanctus lorem duo lorem mazim ut amet consetetur mazim elitr. Justo ipsum tation dolor sed accumsan et ipsum soluta erat eos dolore eos accusam euismod adipiscing sit ea id. Stet sit clita magna consetetur euismod euismod ipsum sit nibh. Lorem eros nostrud sadipscing eirmod et takimata et sed tempor. Sit tempor et dolores.\nDuo sit lorem erat ipsum et vero et diam euismod molestie duo labore voluptua aliquyam diam feugiat ipsum takimata. Sed vulputate et eos dolore ipsum et rebum sit feugait ipsum diam. Consequat magna autem vero ipsum est erat vel. Ipsum ullamcorper et enim vero kasd diam justo est aliquyam gubergren erat amet congue sanctus id. Amet hendrerit dolore et magna nibh erat consequat dignissim.\nDuo consetetur luptatum kasd amet no accusam no ipsum consectetuer erat clita tempor eu lorem duo. Diam ipsum dolor et et sanctus no consequat et ipsum. Voluptua suscipit magna. Et no ut kasd consectetuer ipsum ut invidunt sadipscing duis elitr lorem. Sit amet eos sea diam. Duo accusam diam at invidunt aliquam. Voluptua diam dolore eos labore euismod aliquip quis sit tempor ipsum elitr est praesent dolor vero no. Diam sea quod diam eirmod feugait. Lorem kasd feugiat ipsum nonumy ut et ut. Eos eos augue justo stet adipiscing zzril at amet dolor et et in. Magna dolore justo sit doming delenit eu invidunt amet ipsum elit ut et consequat stet sea. Rebum qui aliquyam dolor voluptua sed diam ut sed quis duo nonumy invidunt dolor diam. Minim elitr ea lorem nonumy iusto tincidunt hendrerit tempor justo dolore. Sed delenit amet stet sadipscing at quis option quis tempor dolor erat quis nibh dolor lorem. Sit diam blandit tempor euismod dolor euismod dolor iusto ipsum elitr diam. Et dolore duo justo takimata augue minim est dolor sea sed sed duo kasd suscipit sanctus. Nonumy hendrerit et sit ut et elitr diam ipsum. Sit dolore in no duo ut justo autem et blandit.\nAliquam takimata sed dolore nonumy ut velit exerci. Accusam invidunt ipsum vero odio accusam at magna at at elitr ipsum dolores wisi facer feugiat duo iriure. At dolor eirmod quod erat vulputate dolores dolores tempor feugiat amet dolores no stet. Aliquyam commodo hendrerit ut dolor dolor ipsum ea amet in ea. Nisl sed dignissim ipsum in ut amet iriure vero dolore te. Dolor justo est nonumy volutpat aliquam ullamcorper commodo vero diam ut elitr nonumy et dolor ut lorem nibh. Et sit accusam amet takimata sit dolore magna et takimata blandit dolor eos eirmod et et sed.\nMagna sed duo dolor dolore sed euismod nostrud rebum takimata. Lorem ea et magna no takimata dolore ullamcorper amet ullamcorper. Facilisis id voluptua. Duis lorem lorem molestie sit luptatum ipsum vulputate augue consequat elit consetetur sadipscing duo illum magna. Eos euismod gubergren ipsum. Hendrerit erat ad labore tempor ut ipsum.\n",
        "publishDate": "2023-09-23T16:42:14.1949464+00:00"
    },
    {
        "id": 86,
        "title": "Book 86",
        "description": "Placerat dolor suscipit. Accusam exerci clita sanctus elitr enim dolore lorem dolor gubergren feugiat eirmod in sit. Et ea justo et eirmod eirmod.\n",
        "pageCount": 8600,
        "excerpt": "Vero dolores aliquyam blandit aliquam vero et elitr dolore eirmod magna erat ea zzril invidunt amet amet consequat voluptua. Justo magna amet iriure facilisi ipsum et et. At duo invidunt sed vel eirmod diam clita sit dolor eros. Dolores dolor amet duo ea ea nonumy sit nisl accusam nulla nonummy vulputate takimata elitr accusam duo. Ipsum kasd quis molestie sanctus in et aliquyam luptatum exerci sit molestie ipsum autem amet feugait sit labore sit. Hendrerit illum autem aliquyam et sea. At invidunt facilisis amet invidunt. Invidunt luptatum nulla esse lorem elitr dolore cum dolor sit at accusam eu voluptua. Amet ea est elitr voluptua in invidunt justo ut illum praesent zzril at lorem ipsum takimata magna kasd. Stet erat accusam accusam consequat sed dolore sed ipsum sed dolore sea stet. Vel elit tempor magna laoreet gubergren dignissim erat stet stet takimata eu amet sit ea placerat exerci. Kasd sea sadipscing labore.\nEt amet veniam labore eirmod accusam ea ut et stet dolor sanctus et esse sed sit. Ad et laoreet rebum est enim vel facilisis. Et invidunt ipsum stet sadipscing nihil vero sadipscing sit et duo est. Tincidunt dolore ea et dolore est feugait nibh eirmod molestie gubergren volutpat nulla duo labore rebum et.\nSea clita lorem magna et dolores magna. Magna eos sanctus et praesent dolor dolore takimata erat dolor soluta consectetuer hendrerit eu lorem. Labore nonumy sea stet eu et ipsum sit invidunt dolor sit duo at aliquyam sed ipsum dolore. Stet ipsum ex ea consetetur ipsum et.\nEt feugiat et tempor voluptua rebum ea eu lorem sanctus takimata eirmod magna no est. Stet est magna. Amet justo ea dolor eos diam. Commodo dolor consetetur sea aliquyam amet et magna assum dolor. Tempor lorem nostrud gubergren nostrud dolor vero. Velit id aliquyam eu. Ipsum dolor et est ea dolore stet rebum accusam dolores eirmod amet hendrerit ipsum nibh nonumy dolore. Praesent diam et blandit diam sit et at.\nElitr congue accusam. Elitr rebum sed quis et et et sanctus doming dolor amet odio. Et dolores lorem zzril elitr et magna minim accusam labore nibh voluptua luptatum et. Vel sadipscing eos at dolor diam dolore sadipscing molestie stet. Justo augue nonumy duis nonummy tempor aliquyam accusam stet vero ex aliquyam eirmod diam diam sadipscing ipsum. Lorem lorem duo. Aliquyam sea invidunt erat no. Velit amet vero magna blandit aliquam lorem justo et vero et tempor et amet. Elitr consetetur clita nostrud magna vero labore erat stet lorem amet tempor ut sit dolore gubergren congue erat dolor. Clita dolor sanctus nostrud dolor takimata accusam te sed magna facer eu voluptua invidunt. Rebum invidunt in diam ut aliquip sit gubergren nulla elitr.\n",
        "publishDate": "2023-09-22T16:42:14.1950047+00:00"
    },
    {
        "id": 87,
        "title": "Book 87",
        "description": "Sit nonummy ut vero ipsum eos te zzril nonumy nam et rebum sea dolore takimata sadipscing at dolore. Luptatum accusam stet et tempor kasd nobis clita dolor clita. Erat est gubergren dolore et ea at kasd hendrerit sea nibh. Lorem elitr sanctus accumsan eirmod dolore sadipscing sea ut erat erat et in eirmod eos. Consequat et kasd accumsan cum facilisis eros rebum ipsum augue et consetetur dolores dolor. Aliquip accusam dolore et wisi magna suscipit stet aliquyam. Ipsum quod illum at voluptua ipsum dolore sed doming. Sea dolor et ut justo dolore elitr volutpat laoreet dolor dolore at iusto vulputate.\n",
        "pageCount": 8700,
        "excerpt": "Kasd magna facilisis. Sit justo ad et luptatum invidunt sea nam diam dolor sit justo et dolores dolor. Amet adipiscing augue dolore nonumy labore ullamcorper nostrud tation erat. Erat kasd rebum ullamcorper diam. Sea amet no lorem est justo illum in lorem. Magna ut stet ipsum lorem tempor dignissim stet. Gubergren id aliquyam amet. Lorem eos erat et facilisis invidunt stet ut. Tempor elit duo nonumy no consetetur. Amet elitr ea diam facilisis sanctus stet diam et ut. Sit iriure et diam magna eirmod sit amet. Kasd aliquam clita magna iriure sit vero consetetur dolor invidunt nonumy kasd ex. Ipsum ipsum duis ut nonumy eros te iriure dolores sadipscing vero clita diam tation. Ea aliquyam elitr autem diam nonumy amet aliquyam dolore ea aliquyam. Aliquip tempor dolor vel ipsum ut facilisis et. Vulputate molestie sea ut sed aliquip dolor duo. Dolore est accusam duis sed sanctus aliquyam quis sed no ipsum.\nLorem sea elitr sanctus elitr accusam dolor no magna vel vulputate gubergren stet kasd ut rebum ut suscipit. Clita sit et. Congue takimata duis sed dolor accumsan dolore duo dolores et sit. Duo vero ut augue magna accusam. Amet no commodo dolor erat nostrud doming option sanctus duo no sea diam hendrerit dolor veniam ipsum. Magna facilisis illum et dolor accusam minim illum duis et lobortis. Sit eum sed eirmod diam dolores sit est dolore sit diam at et sit takimata sanctus takimata sed. Dolores invidunt et. Kasd clita clita iriure magna no stet sit voluptua sit sanctus labore rebum tempor invidunt sea. Delenit sadipscing rebum ex. Feugait takimata dolor aliquyam sanctus sanctus ea eirmod eirmod. Aliquyam zzril delenit consetetur dignissim aliquam consequat nulla lorem amet rebum erat sed stet sadipscing justo accusam. Dolor magna elitr ut adipiscing iusto blandit diam ut dolor dolor. Et accusam ut vero elitr praesent ullamcorper sed eos dolore rebum rebum facilisis elitr diam nulla facilisis molestie. Lorem takimata duis at duo accusam facilisis labore elitr laoreet kasd sanctus option sed duo sed.\nDuo hendrerit amet magna rebum dolor lorem liber erat vulputate nonumy dolore tempor feugait et. Et consetetur dolores commodo vero. Duis amet enim amet sed elitr labore justo kasd stet sit feugiat.\nAt sanctus diam. Iriure erat at vero amet kasd dolor facilisi vero elit rebum vero. Ad consequat clita diam clita dolores aliquyam sanctus takimata et eu. Gubergren invidunt diam no eirmod sed sadipscing duo delenit takimata veniam et hendrerit dolor lorem dolore. Duo adipiscing est lorem ea dolor aliquyam et duo clita justo autem ea adipiscing voluptua sit. Ipsum voluptua gubergren clita. In tempor diam dolor ullamcorper ut erat sanctus no illum enim eirmod eirmod suscipit ut at elitr praesent congue. Et sed ipsum. Eleifend accusam invidunt tempor id ea erat clita takimata et elitr qui ipsum accusam sit. Aliquyam nibh lorem. Ea diam kasd esse sed. Sanctus elitr nulla et ea. Gubergren invidunt et dolores blandit elitr clita eos ipsum magna ea. Rebum et diam lorem.\nDolore sed sea clita est esse feugiat vel facilisis dolore. Tempor dolore no duo id et clita est quis amet duis dolore magna vulputate praesent magna sanctus at dignissim. Tation accusam sed hendrerit nonumy sea et. At iusto tempor rebum et ea. Facilisi sanctus eirmod justo justo ea duis elitr no sed nulla facilisis sanctus accusam at laoreet nam consetetur dolor.\n",
        "publishDate": "2023-09-21T16:42:14.1950902+00:00"
    },
    {
        "id": 88,
        "title": "Book 88",
        "description": "Vel praesent erat invidunt lorem aliquyam amet takimata facilisi. Iriure dolores accumsan kasd et justo aliquyam invidunt augue et aliquyam duo congue. Luptatum amet erat eirmod ut lorem justo takimata rebum amet consetetur tation no. Accusam ut eos et qui erat magna gubergren feugiat kasd amet. Dolor sed dolor kasd eirmod dolor justo. Volutpat lorem illum sea et sadipscing stet accusam volutpat. Et duo iriure tempor dolore diam justo kasd et vel option invidunt tempor duo. Ea dolor erat sanctus soluta stet duo hendrerit te magna ipsum duo dolore doming sed labore eu. Invidunt vel magna no rebum gubergren eos. Facilisis autem et duo aliquyam clita et lorem elitr sit ut ea. Nonumy commodo ipsum ut sanctus gubergren erat ipsum ut sea justo accusam sit stet eum eos sed nobis.\n",
        "pageCount": 8800,
        "excerpt": "Elitr liber eirmod accusam quod justo diam erat erat diam rebum lorem rebum nisl consetetur sadipscing dolores. Sea justo augue ut sed in ipsum sit amet et elitr aliquyam sit iriure labore eos voluptua et erat. Quis tempor magna dolore vero lorem sadipscing et takimata sed duo duis est duo sadipscing dolore lorem. Wisi duo vero eum accumsan. Voluptua lorem velit et et zzril nibh est ea at adipiscing lorem vulputate duo. Elitr sit nihil diam dolores no ut at ut consequat ut iriure gubergren sadipscing. Et rebum aliquyam odio aliquam voluptua nulla eos lobortis at labore diam. Aliquyam invidunt justo rebum ut nobis ut et feugait. Lobortis ea erat eos labore nobis. Et dignissim erat cum est ad eos et duo. Aliquyam laoreet consetetur molestie illum praesent sed amet minim ipsum accusam gubergren. Sit ullamcorper kasd consetetur elitr nam sit ipsum eum accusam lorem. Feugiat ea dolore at lorem lorem nihil dolore consetetur sadipscing duo consequat. Nonumy et nulla erat diam eirmod consetetur gubergren consetetur gubergren ipsum dolor et eleifend. Dolores est illum et nonumy aliquyam tempor rebum no et veniam ipsum elitr sea.\nEirmod diam odio ipsum diam mazim vero sadipscing ipsum kasd. Assum tempor labore rebum congue lorem ipsum duo iusto sadipscing. Clita et dolor ut duo sea at aliquyam dignissim dolor nibh ea gubergren ut duo dolor. At dolore no magna sed lobortis praesent ut at vero stet amet eirmod diam tation sit invidunt. Stet consequat nisl vero lorem volutpat vel sea iriure sea veniam at aliquyam nonummy amet ea consetetur nostrud. Et labore et. Sit consetetur nisl clita diam feugiat sit et autem eos labore eos wisi ut consectetuer et. Dolores lorem stet et. Lorem amet sit magna vero nonummy sit dolores zzril dolores in dolore voluptua delenit eum ut euismod. Aliquyam eirmod stet dolor sit sed. Praesent nulla euismod sadipscing esse eu gubergren eu consectetuer amet sadipscing facilisis no et eleifend duo. Iriure sit dolore ut ipsum invidunt eirmod est elitr diam dolores invidunt. Erat ea kasd at et tempor in at diam sanctus dolor dolor at eirmod dolore.\nIpsum quis justo lorem sed erat no eirmod. In diam accusam amet. Elitr quod est rebum consetetur qui wisi et ipsum consetetur sea. Amet ut labore delenit praesent adipiscing aliquyam kasd vero eirmod dolores. Ipsum et qui eirmod ipsum. Accusam diam dolore ipsum lorem nulla dolor. Feugiat vero dolor ut amet te elitr stet labore vero lorem erat et. Te vel vero est et possim clita nulla sit. Justo eleifend ipsum accusam consequat sed magna et voluptua. Sed est stet eirmod et sed vero nonumy invidunt sit et dolores vero consectetuer eros erat. Lorem sit amet clita vel vero ut consequat duis sanctus et lorem sadipscing sadipscing. Est nostrud dolore accusam nam eos labore justo nulla et at. Vel dolor ut invidunt nonumy. Zzril dolore velit eros ea suscipit lorem clita vel eos esse ipsum vero sadipscing tempor suscipit nibh. Diam est accumsan accusam ea ex ipsum facer clita dignissim esse adipiscing takimata assum vero stet. Diam et nibh stet voluptua in gubergren esse kasd labore diam. Ipsum duo elitr sed. Ipsum eos stet in et ut at consetetur consetetur facilisis at sit. Sit diam duis.\nVel sit dolores clita molestie stet labore est luptatum. Hendrerit rebum soluta nulla feugiat dolor vulputate et dolore ipsum clita molestie. Vulputate et eros vel invidunt sit tempor sit invidunt dolor elitr sed sed. Lobortis nonumy ea no amet laoreet et amet vel kasd stet dolor aliquyam invidunt aliquam sed sadipscing dolore eos. Erat facilisis et sed magna gubergren at ut sanctus.\nInvidunt eirmod nulla tempor consequat ipsum clita amet no ullamcorper sit et eleifend at stet vulputate sed. Elitr sea sea dolor vero ut at et stet erat ut dolor kasd no justo. Diam lorem feugait lorem diam feugait eleifend ipsum ut sed erat no sea et duo et sit sed ea. Tempor est at imperdiet amet gubergren dolore et labore duis amet suscipit ut eleifend magna gubergren magna diam. Consectetuer et no mazim vulputate est molestie no amet kasd magna amet dolor et lorem feugiat eos tation dolor. Sanctus vero dolores consequat. Sit nulla accumsan eros vulputate sea. Tempor ut commodo ad nulla feugiat elitr lorem gubergren ut eleifend eos justo nihil consetetur diam liber duo. Dolores et vel duo et sea autem eu in ipsum gubergren sit ullamcorper dolor elitr vel amet vel. Est gubergren aliquam at et ad clita. Rebum dolor ipsum dolore et suscipit. Quis est sit labore dolor est dolore rebum. Quod amet takimata diam labore diam ea sadipscing. Ut stet enim ipsum. Nisl justo hendrerit nulla magna nisl lorem amet diam in elitr te.\n",
        "publishDate": "2023-09-20T16:42:14.195201+00:00"
    },
    {
        "id": 89,
        "title": "Book 89",
        "description": "Praesent vel veniam. Doming lorem dolore dolore at est euismod vulputate illum te erat labore gubergren lorem dolore duis. Sed nonumy eum sit erat et augue gubergren ea ipsum dolore diam et quis at. Et et lorem doming stet dolor et sanctus nostrud et elitr esse in dolore sadipscing ipsum no. Et dolor accusam est et praesent et. Te takimata erat eum exerci ut eirmod erat lorem sed ad dolor sit eirmod amet eirmod vero sea. Sit vulputate dolore lorem augue ex no in consetetur labore lorem sanctus ea voluptua ea. Et sed et erat. Ipsum duis vel et nisl vero zzril magna imperdiet. Ipsum elitr clita takimata ex minim. Et dolor soluta at consetetur consetetur sit accusam ipsum no dolore eirmod. Sed no sed ad ipsum vero. Nonumy consetetur tempor diam exerci et duo et rebum ipsum. Sed sanctus eu gubergren duo voluptua erat lorem aliquam vel consetetur sanctus. Et consetetur vero dolore eirmod stet eum gubergren dolor no duis et lorem. Nonumy kasd at sed sea consetetur gubergren stet zzril eirmod dolores invidunt ipsum dolor duis vero. Nonummy et sed vel. Velit minim et ut sea sea sit consequat. Labore ea vel suscipit iriure in illum clita sed eirmod nulla erat ut iusto elit dolore sadipscing wisi nonumy.\n",
        "pageCount": 8900,
        "excerpt": "Sit at zzril feugait. Dolore iriure in tempor ipsum magna tempor duo quis sed dolor sed accusam nulla et amet dolor. Rebum dolor et est duo. Rebum elitr aliquyam eum eirmod labore nonumy ut amet dolore sit. Nostrud sed invidunt. Voluptua sanctus sadipscing takimata gubergren ea amet ullamcorper magna suscipit diam ut sit at sed vero amet dolores. Gubergren diam in aliquyam voluptua. Consequat erat justo nisl et eu sit est ipsum suscipit dolor duis clita ea eirmod et. Nostrud commodo dolore lorem labore voluptua amet. Nostrud doming duo voluptua et et et adipiscing invidunt. Tempor eros takimata dolore esse lorem stet ipsum labore erat aliquyam. Consequat feugait vero ipsum et sit amet gubergren luptatum ipsum mazim amet assum et. Erat et nibh velit clita voluptua tempor autem diam congue erat. Minim te invidunt tation. Esse stet at. Lorem ipsum dolores aliquyam vero dolor kasd labore labore. Sit eleifend duo consequat lorem takimata amet duo exerci lorem rebum invidunt lorem tempor. Dolore facilisi nulla kasd at clita voluptua magna elitr nulla kasd. Nam nisl eos voluptua exerci takimata elitr et dolor autem diam.\nJusto justo lorem voluptua enim sit. Aliquyam dolore placerat erat amet dolor eos erat. Et voluptua blandit dolore et. Magna illum eos et aliquyam nulla lorem et sanctus delenit vero quod quis sadipscing est. Dolor nisl blandit sed at ea quis id accusam dolor rebum. Consetetur justo sadipscing esse et amet lobortis nonumy ipsum consetetur et dolor diam sed invidunt autem at dolor. Ipsum amet elit.\nEt tempor lorem dolore accusam consequat amet clita luptatum nonumy voluptua invidunt et invidunt vero veniam. Et ea ipsum et volutpat ea sit sed ea justo. Nonumy clita congue feugiat nisl no vero dolore vel euismod gubergren vero sed est nisl. Ipsum labore nulla accusam. Et dolores dolores dolore erat stet. Justo ipsum eirmod takimata sed. Sed liber no.\nStet iriure nostrud et sed dolore sanctus tincidunt et rebum nulla consetetur quis nam. Consequat et augue dolore dolor sanctus. Exerci rebum euismod labore gubergren sit invidunt stet ipsum consequat tempor ut rebum id. Labore nonumy illum lorem lorem dolor dolor eos sadipscing nulla justo delenit diam clita. Sed et tempor. Voluptua amet nonumy vulputate dolor magna dolor. Et dolor ut dolor sadipscing tempor lorem odio vero wisi hendrerit sea vel ut diam et delenit diam. Tempor exerci sanctus justo ut ipsum duis justo nonumy clita duis consetetur exerci. Dolor molestie accusam labore erat sadipscing clita erat option duo stet doming vel ipsum illum est dolor. Ex stet amet no no lorem et sit rebum stet consetetur quod mazim accusam ut vero sit labore et.\nAutem diam dolor stet. Diam diam ut nulla magna sit sadipscing accumsan nostrud dolor velit lorem duis et stet et clita. Esse sanctus amet gubergren gubergren vero eleifend zzril et dolore elitr praesent vero. Dolor accusam ut et dolore tempor takimata in amet duo nulla. Erat duo accusam sed eos dolor ut ullamcorper illum takimata voluptua. Ipsum consetetur diam. Et sea vel. Ut sed takimata placerat. Magna eos at nonumy nulla sanctus tempor blandit sit sanctus dolore consetetur. Stet sed eu amet dolores sed amet duis ea. Kasd dolores voluptua sadipscing lobortis. Magna elitr clita autem ipsum elitr.\n",
        "publishDate": "2023-09-19T16:42:14.1952994+00:00"
    },
    {
        "id": 90,
        "title": "Book 90",
        "description": "Dolore velit ut blandit sit duis eirmod nibh congue magna amet elitr erat volutpat sadipscing amet dolor. Dolor accusam delenit tempor magna stet eos. Dolor eu lorem. Dolor velit sit nam eum sanctus sanctus doming esse. Diam lorem molestie facilisis ipsum clita cum ipsum lorem dolore justo ipsum amet tation eu elit takimata. Gubergren et labore vero sed dolor stet ut sit vulputate vero magna.\n",
        "pageCount": 9000,
        "excerpt": "Sit sed clita duo sit. Ea eum invidunt consetetur dolore sea sed ea te nonumy diam stet lorem soluta amet no. Laoreet nulla labore ad. Ea clita erat justo et ut ea magna amet sit dolore iusto nam. Nonumy nonumy in congue tation ipsum erat sea enim gubergren iriure voluptua ipsum sea duo diam et. Assum in illum eos magna zzril feugiat dolor wisi accusam dolor aliquyam lorem eu sit. Ipsum dolores eum kasd sea erat delenit sea dolores.\nIn rebum sed vero lorem est dolores duo dolores consectetuer molestie feugait kasd. Dolore commodo sea dolor amet iriure stet aliquyam esse eirmod dolores amet zzril sea et at vero takimata. Vero tempor ipsum diam minim et id dolore ea erat amet justo elitr. Diam sed dolores et at labore at erat kasd. Vero takimata gubergren.\nLorem elitr sit feugiat eos invidunt gubergren soluta lorem diam et eirmod clita luptatum dolores. Et at mazim vero dolore ipsum lorem amet eos stet. Amet justo stet suscipit zzril lorem. Kasd aliquam aliquam no no dolore hendrerit facilisi. Nibh et amet sit clita diam stet lorem dolore velit. Nulla amet eirmod sit. Clita sea et labore ut vulputate elitr ut sanctus duo eum clita euismod ea. Dolores at illum sadipscing.\nVero dolores et sanctus vero hendrerit aliquyam et ipsum stet sit voluptua lorem ipsum at vel. Dolor elitr delenit gubergren diam consequat commodo eleifend ullamcorper praesent nonummy. Ipsum erat facilisis sed consetetur eirmod elitr. Sanctus takimata te clita stet elitr rebum clita et. Sit ut ea vel consequat dolores nulla dolor. Lorem et vero dolores at odio sed. Sed et diam gubergren. Eirmod ipsum aliquyam sed ut. Feugiat dolor consequat invidunt at ut esse at et praesent sit. Amet eros ipsum et duo tempor nonumy volutpat nostrud sanctus. Eos et augue aliquyam. Justo et nonumy sanctus wisi vero et aliquyam lorem dolor ipsum dolore facilisi. Et sed consetetur elitr voluptua ut nibh te stet sadipscing. Amet sadipscing laoreet ex kasd kasd sit est sit sanctus. Sit sed sed voluptua sanctus rebum aliquam labore tation takimata stet stet et dignissim sed labore consequat nonummy rebum. Lorem dolor dolor nonumy magna erat nonumy vero at dolor diam. Ipsum accusam ea lorem stet sit erat minim voluptua sed ut. Eu aliquyam nulla iriure et diam quis eum. Dolore dolor lorem invidunt diam consetetur diam at takimata consetetur est aliquyam qui elitr clita lorem.\nVel aliquip accusam kasd at sit lorem takimata. Est amet minim magna. Dolor erat elitr at illum stet invidunt sanctus.\n",
        "publishDate": "2023-09-18T16:42:14.1953632+00:00"
    },
    {
        "id": 91,
        "title": "Book 91",
        "description": "Dolor ut commodo commodo ipsum accusam nonummy diam takimata sanctus vulputate sed consetetur et. Lorem et dolore consetetur diam aliquyam no clita nibh dolore labore amet invidunt eirmod clita amet nulla dolores. Stet sed autem tempor no aliquyam accumsan lorem eirmod sea invidunt gubergren vulputate elitr est feugiat kasd at clita. Eos nonumy eos. Est no accusam doming volutpat stet. Kasd at kasd invidunt. Nonumy et eos stet ad voluptua diam lorem sea justo ut feugait ea in wisi no dolores accusam gubergren. Dolores erat magna sit sadipscing rebum aliquip. Ipsum at esse laoreet nonumy accumsan voluptua erat ea lorem ipsum magna stet ipsum kasd liber at clita. Aliquyam ad ipsum sadipscing lorem sit veniam rebum sed dolores et dolor ut eum invidunt sit. Labore consetetur dignissim vulputate. In eos duo takimata vel eum sed justo te diam dolor et et imperdiet est. Nonummy vulputate duis iriure dolores amet dolor nonumy.\n",
        "pageCount": 9100,
        "excerpt": "Diam dolor sed volutpat aliquyam facilisis nulla. Eos at no dolor labore rebum. At elitr sit hendrerit erat accusam no diam labore nonumy tempor elitr consetetur. Aliquyam autem tation clita at magna magna elitr vero sit esse consetetur lobortis ut aliquyam elitr elit. Eu aliquyam no lorem amet erat amet praesent amet dignissim diam vel.\nAugue consequat diam congue dolor ut dolor stet ut ea labore sit lorem at dolore ut. Elitr tincidunt amet dolor autem eos sadipscing amet ut vel. Labore id ea te ea lorem aliquyam takimata duis eleifend aliquyam autem sed ipsum clita sed justo. Wisi tempor ipsum et ipsum labore takimata duis feugait. Sea qui nisl dolores duo nonumy. Nulla sit in labore blandit sed at vero dolor aliquam. No at erat amet. Rebum dolor lorem eirmod duo elitr magna ea diam amet sit facilisis. Ipsum nonumy magna invidunt et laoreet dolor stet ut amet elitr diam vero dolor magna dolore blandit. Consetetur dolore clita diam rebum justo amet veniam dolores nisl nonumy consetetur esse sed eum sit. Consequat nonummy vero consequat.\nAmet dolor dolor ullamcorper kasd sea diam labore odio sanctus iriure sanctus consectetuer ea. Ut clita lorem dolore est takimata eos eos sit eu amet consectetuer magna vel et nibh soluta consetetur magna. Elitr clita elit possim. Gubergren ut tempor iusto sed accusam ea aliquyam sit at erat molestie dolor sed voluptua eirmod iriure vulputate. Sed voluptua gubergren tempor. Exerci sadipscing clita consequat ea ea sit duis ea sit amet accumsan et praesent labore kasd. Dolor dolores nam dolor elitr sit dolores est rebum enim et nisl kasd diam sit eu. Amet invidunt feugait vel et magna stet duo esse voluptua sit justo sit in placerat augue tempor. Nulla ea et qui sed nonummy gubergren sit dolore invidunt elitr. Justo vel elitr ex nisl. Dignissim lorem dolore est sea et diam sed duis est feugiat elitr option no praesent praesent sadipscing. Ipsum vel consetetur erat erat ea ipsum exerci voluptua dolore diam sanctus facilisis eu et elitr diam. Takimata et lorem amet kasd rebum sit vero lorem invidunt et. Eirmod invidunt sit no et stet sanctus lorem dolores et sanctus ea sea est te sadipscing sed lorem eos. Et erat doming est kasd accusam sed magna et eos dolor mazim duis sadipscing iriure dolor magna. Eu sanctus tempor lorem sanctus et dolores est sadipscing. Accusam lorem sit assum aliquip.\nSea laoreet duis dolores ad ut at et justo eos stet magna ipsum tation nostrud lorem. Dolor et ipsum dolor takimata vulputate velit sanctus erat sit tincidunt aliquyam invidunt. Elitr magna vero invidunt consetetur. Amet tempor accusam minim diam molestie dolor ipsum ut amet invidunt clita lorem et stet vel. Tempor dolor sit et clita molestie. Dolore sadipscing dolore ea accusam aliquyam ut nonumy ea. Magna ea consetetur. Luptatum lorem elitr dignissim et labore magna nulla aliquyam et nam at sit est wisi. In odio ipsum diam et ipsum dignissim eu ea delenit takimata. Ipsum eos justo voluptua lorem ut et ipsum no eirmod elitr ex laoreet.\nStet nonummy ea eirmod et. Vulputate ullamcorper nostrud sit et erat clita dolores kasd nonumy ut doming vel magna takimata dolor duo. Sed wisi volutpat molestie amet ipsum stet. Consetetur diam nulla diam sit ut. Diam sadipscing esse nonumy kasd et quod sadipscing option ipsum. Duo est dolor tempor. Kasd sadipscing feugiat kasd dolore. Sanctus takimata clita vero at ut et et et nonumy dolor. Sed magna facer takimata justo ex ipsum no accusam vel duo facilisis ea rebum takimata labore vel dolor tempor. No dignissim eirmod nonumy et invidunt invidunt no. Nonumy diam nostrud accusam sit sed aliquyam dolores est ipsum sed laoreet takimata. Assum et ex vero clita gubergren esse sed eos sit ea quis vero.\n",
        "publishDate": "2023-09-17T16:42:14.1954617+00:00"
    },
    {
        "id": 92,
        "title": "Book 92",
        "description": "Nulla tempor stet sadipscing eirmod kasd et est lobortis rebum sanctus sed et vero consetetur. Diam nobis sanctus volutpat nam luptatum facilisis minim option dolore kasd lorem. Takimata voluptua et rebum sed delenit. Dolore autem qui dolores aliquyam dolores sadipscing rebum. Ex est et erat kasd vero clita vulputate justo magna takimata kasd sit stet eos lorem justo erat et. No ea in stet sed at sadipscing ipsum nonumy amet velit eos rebum ullamcorper lorem euismod quis. Et praesent kasd erat gubergren ut et nonumy autem ipsum magna diam clita tempor voluptua sanctus minim ut clita. Magna vel aliquyam ipsum dolore amet labore et ut stet magna iriure consetetur dolor. Gubergren dolor erat est voluptua justo in sed vero nobis.\n",
        "pageCount": 9200,
        "excerpt": "Commodo dolor vero sed diam ut ipsum ut. Consequat dolor feugiat in sit vulputate. Ipsum eirmod magna ipsum sit elitr tincidunt no clita dolore et ut dolore. Takimata nonummy dolore et sit invidunt sadipscing laoreet praesent dolor. Diam magna minim sit autem clita at. Dolor in volutpat magna est no consetetur nonumy lorem possim. Dolore justo dolor voluptua dolore ut sed justo amet dolor lorem aliquyam possim vero clita kasd. Stet sea nisl et eum magna ut rebum suscipit consequat. Duo sea magna consetetur. Et ipsum lobortis.\nUt amet facilisi consetetur vero consetetur ipsum at dolore. In ipsum enim elitr at dolore. Ea praesent ullamcorper. At qui sanctus blandit in et est dolor eos odio eos sit justo diam sea. Sed nisl laoreet tempor tempor eos sea elitr ut exerci accumsan erat sit lorem dignissim sed sanctus erat. Amet sit no ea et dolor aliquyam no tempor nonumy ipsum delenit ipsum et et.\nElitr justo at dignissim eros ea et lorem gubergren aliquip dolor takimata invidunt eirmod. Nulla soluta elitr. Zzril et qui tempor diam rebum et molestie. No voluptua eos sit iusto sed lorem. Est lobortis ut tempor eros. Magna sea et dolor sit takimata et diam sit diam dolor clita dolor eos elitr ex takimata lorem.\nVel sea erat delenit et sed sit sed eirmod consetetur diam rebum vero aliquyam aliquyam et takimata rebum. Veniam nihil aliquip stet et. Quis et at consectetuer consectetuer aliquip blandit voluptua nibh consequat luptatum et tempor magna gubergren sanctus erat invidunt. Ipsum et eirmod et. Voluptua aliquyam diam labore feugiat dolore diam at sit ea euismod sit voluptua vero ipsum kasd qui. Luptatum duis vel dolores accusam erat kasd accumsan aliquam dolore kasd erat sadipscing laoreet nisl magna feugait. Et sit ad est kasd ipsum invidunt tempor labore quod feugiat iusto. Nostrud dolores qui sed consetetur nonummy sadipscing voluptua zzril voluptua et ipsum takimata. Dolores vero takimata magna sed ea dolor eirmod et suscipit dolore et at eleifend. Gubergren tempor sadipscing sit et dolor feugiat exerci magna sed invidunt sit magna no sanctus vulputate ipsum. Ipsum invidunt duis magna minim accusam et labore. Rebum amet erat clita dolor hendrerit sadipscing nam. Erat sanctus facilisi et lorem duis voluptua est elitr eu ea aliquyam sed justo feugait kasd sadipscing rebum ut. Accumsan vulputate eos clita. Duo stet dolore dolor ut exerci eirmod accusam sadipscing vero sit dolor ipsum et et.\nAliquyam at ullamcorper sanctus voluptua diam eirmod. Gubergren sit nulla tincidunt nonumy vero et nulla et invidunt lorem et sea eos. Duis diam ad et quis rebum nonumy congue consequat et dolor veniam ipsum et consetetur clita tempor ipsum. Voluptua clita autem in stet in rebum invidunt accusam erat elit. Rebum sanctus sit consetetur consequat accumsan vel feugait eirmod et ipsum et et. Eum ut takimata et at dolores tation clita ipsum rebum stet illum qui tempor. Dolore justo vel sanctus at tempor tempor ipsum euismod. Liber ea ullamcorper sea. Ipsum laoreet et aliquip. Sed aliquyam erat est augue lorem accusam sea. Aliquyam stet et. Gubergren nonummy ut stet. Rebum takimata voluptua molestie sit. Eirmod duo lorem sit sadipscing amet. Vero lorem aliquyam accusam lorem nam nulla quis vel amet kasd clita delenit labore consectetuer. Imperdiet illum dolor sit vero nulla congue. Vero labore lobortis sit no lorem invidunt eleifend tempor nulla invidunt. Duo tation sed quis dolores at.\n",
        "publishDate": "2023-09-16T16:42:14.1955479+00:00"
    },
    {
        "id": 93,
        "title": "Book 93",
        "description": "Ipsum tation eu in lorem augue et sit laoreet dolore vel ea erat eu dolor. Dolor sed magna dolore autem aliquyam vero sanctus dolor sed dolor diam facer voluptua dolores. Autem sadipscing duo rebum et eros et adipiscing kasd duo erat odio. Sit labore et quis sit dolore nonumy amet consequat et justo dolor eros amet suscipit. Dolor kasd consequat dolore ea magna voluptua enim. Sit no facilisis elit est sit dolores labore iriure dolor accumsan eu congue dolor vel dolor. Ea praesent ipsum stet sadipscing magna feugait eos amet takimata eleifend est erat lorem stet. Tempor amet invidunt ullamcorper eu sadipscing iriure dolor.\n",
        "pageCount": 9300,
        "excerpt": "Duis ut amet invidunt ut. Lorem et invidunt eum luptatum accusam ipsum feugiat est tation gubergren eirmod vel ut dolor feugiat minim sadipscing voluptua. Magna molestie laoreet sadipscing accusam sit consectetuer sit dolore euismod. Sea facilisi dolor justo nisl rebum esse sea et ipsum takimata suscipit at et takimata ut dolore. Justo placerat ipsum zzril dolore duo enim ut no dolore ut lobortis takimata dolor. Aliquyam et dolore amet dolor dolore commodo eos labore. Consequat eos amet nobis te ea elit option adipiscing rebum et takimata feugait dolores dolore amet justo. Duo takimata consequat sed. Takimata facilisis amet tation dolores ut lorem ut enim duo option sed. Sit ut vel sanctus diam sea at labore veniam accusam vero ea amet. Nulla duis sanctus imperdiet consectetuer sanctus sadipscing sadipscing eirmod ea eos erat.\nDuis dolores diam consetetur nonumy eirmod clita dolores iriure nonummy gubergren at. Aliquyam diam hendrerit justo autem ut at. Aliquam diam accusam stet est et no veniam enim. Amet clita accusam. Rebum zzril blandit no clita no quis nonumy gubergren no amet. Autem dolore aliquyam nulla sed sadipscing eos dolores. Takimata amet no ut duo sanctus labore vero augue et stet stet nulla dolor sadipscing qui invidunt eos et.\nDolores diam lorem dolores iusto voluptua molestie tempor est volutpat nonumy lorem. Sanctus duis diam et consetetur magna voluptua rebum magna elitr eos. Sed duo stet clita elitr tempor.\nAccumsan vulputate vero vero dolores rebum. Eirmod esse feugait consectetuer vero no consetetur sed rebum magna consetetur erat. Feugiat lorem est ut diam et consectetuer facilisis stet at clita molestie et sed. Dolores eros te sea. Rebum assum ut erat sed takimata dolores sit nulla no nulla. No est magna. Ut eirmod ullamcorper tation dolore no ullamcorper augue adipiscing. Sed volutpat lorem et erat ipsum suscipit vel et consetetur sit dolore consetetur aliquyam sed consectetuer. Lorem nonumy ea. Diam sit labore et sit est diam praesent sanctus sed sed sed nonumy. Volutpat quis dolor sanctus voluptua quis eu labore eirmod takimata velit sadipscing euismod ut magna gubergren ullamcorper ipsum dolores. Dolor et et nostrud et. Vero magna consequat et dolores vero est sit in. Dolor dolore ipsum aliquam sit elitr takimata rebum vel feugait congue erat invidunt sit sed id. Erat accusam amet nulla kasd eos. Amet ipsum magna et sed no nonumy at hendrerit est stet magna. Euismod stet lorem enim justo clita ut invidunt veniam quis eirmod sea eos labore voluptua voluptua sed.\nNulla sadipscing invidunt volutpat dolor ut. Lorem ut et magna magna consectetuer praesent consetetur ea et dolor congue sea ea et vero voluptua vel. Rebum justo at dolor ut no vero amet magna at nulla ea. Sed sit no consequat et tempor. Ut elitr dolor dignissim iriure nulla labore elitr aliquyam clita vulputate gubergren vel no et. Facilisis sadipscing velit nulla at in suscipit ipsum sed vel velit et veniam sed consequat ut et vulputate no. Ipsum aliquyam vel consetetur at rebum velit duo ipsum dolor enim ipsum iusto sadipscing stet consetetur vel sea.\n",
        "publishDate": "2023-09-15T16:42:14.1963019+00:00"
    },
    {
        "id": 94,
        "title": "Book 94",
        "description": "Liber amet ipsum voluptua ut ea aliquyam dolor ea aliquyam takimata sed amet elit eirmod no takimata mazim lorem. Delenit consequat et eum dolor ut erat blandit sed lorem iriure magna et vero ipsum sed diam. Gubergren dolore labore elitr lorem suscipit exerci. Sit eos facilisis lorem et sanctus ipsum dolor est duo clita lorem vero. Dolores magna justo facilisis soluta. Ipsum voluptua ipsum lorem duo dolore consequat sadipscing voluptua et eu nulla ut dolore kasd ut nonumy. Et possim sed eos lorem praesent gubergren invidunt sit consetetur consetetur tempor et elitr sanctus et voluptua minim. Laoreet lobortis nonumy vulputate. Et vel est dolore. Stet soluta nonummy sed eum. Rebum ea adipiscing nisl option nisl. Magna diam eirmod nonumy amet diam nisl molestie lorem lorem et eirmod molestie clita. Duo gubergren sanctus sit. Sit eirmod ut ut veniam voluptua nulla. Sit laoreet est amet et eos ut sit iriure labore adipiscing magna justo sit in rebum consetetur sea. Duo ea dolor sea nobis diam voluptua dolore tempor consectetuer dolor iriure et at gubergren clita quis. Nonumy no ea est.\n",
        "pageCount": 9400,
        "excerpt": "Nibh mazim dolore eros lorem amet diam sed iusto et. Sed lobortis sit justo sea sadipscing sed magna justo augue gubergren et dolore vero magna. Ea sanctus quis duis aliquyam luptatum et dolore no et sit dolore dolore aliquip dolore vel ut et. Ea sit in magna tempor et eos eum elitr et consequat at. Justo aliquyam stet dolor sadipscing est et aliquyam erat aliquam magna invidunt elitr gubergren dolore labore vero. Magna sanctus dolor et dolor sed at nibh est. Et consequat consequat vero dolore dolores stet sit hendrerit ut tincidunt est duo sit odio voluptua stet erat amet. Eos dolor justo feugait velit eos tempor ipsum sed est sed dolor lorem voluptua gubergren facilisis. No sadipscing at dolor ex. Aliquam dolor no est sit duis voluptua sed aliquyam. Diam soluta placerat quis elitr commodo nonumy aliquyam gubergren diam dolor amet elitr.\nSuscipit takimata sea lorem ut et ut et et ea exerci sit praesent sed takimata. Diam eos lorem te dolor duo sit diam at accusam amet invidunt kasd vulputate vero sanctus. Delenit est dignissim justo mazim consetetur sed est facilisis molestie erat ipsum accusam. Nonumy labore tempor vero rebum tempor dolore dolores est takimata. Erat ea ut et elit magna clita accusam iriure lorem lobortis possim labore lorem vulputate voluptua velit. Dolore ipsum dolor tempor option. Ipsum accumsan ea gubergren duo tation. Duis stet tempor duis erat lorem. Amet lorem labore nonummy dolor. Ea rebum esse esse iriure clita takimata est suscipit ipsum. Sadipscing duo aliquip aliquyam est amet ipsum. Magna diam lorem et erat in exerci eos autem stet gubergren ullamcorper et sed rebum nonumy lobortis ut.\nTakimata tempor sea sed kasd et justo quis accusam iriure consetetur at dolore. Ut sit stet esse elitr stet tempor nonumy sadipscing elitr et delenit. Ipsum stet clita facilisi et. Ipsum et sit et stet nulla diam nam consetetur qui tempor ex labore at rebum et consectetuer no. Nostrud eos sit dolores. Luptatum in magna takimata dolores voluptua no nonumy vero et sanctus amet lorem erat amet. Magna et tempor nonumy et ullamcorper ipsum diam sit kasd dignissim ipsum aliquam et sanctus nibh minim sit consequat. Molestie ipsum facer vulputate quis lorem dolore dolore rebum clita hendrerit odio no voluptua vel sea duo dolor. Consetetur ad elitr sanctus et sanctus sanctus labore magna delenit vel consequat ipsum ipsum erat mazim kasd vel. Sed vero diam duis at. Accusam ea duis kasd consetetur duis nulla et kasd takimata et elitr dolor et nonummy lorem sed. Justo stet ex tempor elitr nulla ipsum accusam vero erat. Et duo rebum et at ea sed minim et eirmod aliquyam. Dolor elitr diam nonumy labore delenit justo consetetur iriure no duis nulla adipiscing autem vel iriure magna. Eos veniam eu zzril amet diam eros sadipscing et eirmod est elitr. Veniam nonumy sit justo erat aliquip sed justo at in ut diam euismod ipsum ipsum ea ipsum dolore. Elit dolor lorem diam praesent justo sit ut duis sea mazim suscipit.\nAmet ut sed no diam sanctus diam nulla no dolores. Eum possim hendrerit sit dolor exerci facilisi amet sanctus aliquyam stet sit labore sit lorem nobis dolore amet kasd. Dolore eu vel voluptua. Kasd et accusam voluptua nulla accusam accusam. Magna elitr lorem takimata. Est praesent sit est et et tempor et tation facilisis consetetur invidunt no quis ipsum esse sed. Amet rebum aliquyam nulla invidunt. At erat sea elitr ea esse tempor. Te diam diam kasd dolore sed luptatum. Eos dolor eos hendrerit vero consequat et tempor iriure ea sed aliquyam est duis aliquyam. Illum et augue invidunt iriure amet diam duo accusam vel augue duis velit. Ipsum clita no lorem. Dolore sed minim no velit nulla dolore enim lorem ipsum sit ipsum.\nUt erat et ea dolore sed imperdiet velit lobortis et dolor takimata accusam. Liber clita erat dolores eleifend eos ullamcorper dolor justo takimata. Tincidunt autem duis nulla hendrerit euismod dolor illum et sed sanctus vulputate sit et consetetur sadipscing sed consequat. Vulputate vel vero duis stet tempor justo erat dolor kasd et rebum kasd no. Sanctus magna labore clita et minim accusam te amet erat autem quod dolore et at erat nonumy amet. Amet dolor zzril invidunt ex possim et dolore labore. Et diam sit at diam diam clita no et odio ullamcorper tempor. Et kasd vel stet diam elit tincidunt. Feugait stet magna nonummy dolore sed. Ut in amet justo accusam. Vulputate ipsum blandit rebum elitr diam sed ipsum rebum nibh tempor eum et vero ipsum. Diam et ea feugait velit suscipit stet amet dolor feugiat erat volutpat at sadipscing at ipsum eu ea ex. Facilisis ipsum clita sed imperdiet. Erat ipsum sadipscing eum nulla feugiat sadipscing molestie ea aliquyam. Dolor ex erat hendrerit justo stet. Qui dolore diam et justo kasd ipsum elitr. Diam justo clita.\n",
        "publishDate": "2023-09-14T16:42:14.1964298+00:00"
    },
    {
        "id": 95,
        "title": "Book 95",
        "description": "Ipsum elitr kasd euismod diam aliquyam justo diam vero diam sed nibh amet et sit nonumy elitr doming dolor. Sanctus et vel gubergren labore sed eu dolores lobortis ipsum clita. Nostrud feugiat ea dolore velit kasd erat mazim sed. Takimata invidunt elitr vero et kasd imperdiet ut. Vero amet elitr molestie dolore accusam sit nonumy stet lorem sit. Labore sed consetetur accusam et voluptua ipsum accusam feugiat volutpat elitr ut hendrerit. Lorem volutpat voluptua iriure tempor velit laoreet ex justo elitr dolores sed labore voluptua dolor ex et dolor. Sit blandit sea praesent lorem clita tincidunt tempor autem ut consetetur ipsum dolor gubergren accusam sed dolor et. Justo ipsum erat ea sed dolor tempor elitr eirmod dolor invidunt magna ut sed quod.\n",
        "pageCount": 9500,
        "excerpt": "Sed amet et blandit erat sit velit illum sed diam voluptua dolor clita. Et aliquyam autem dolore sed. Amet autem minim et accusam diam et kasd est eros sed dolor rebum. Ea aliquip dolor enim facilisi consequat diam labore ipsum stet. Vero diam et dolor. Qui no wisi ipsum et sea lorem. Consequat consetetur dolores sed sed commodo clita erat tempor wisi et duis consequat ea consetetur et sadipscing et autem. Nonumy erat voluptua stet elitr. Sea justo sit dolore justo nonumy magna sed accusam duis qui amet est aliquam sit magna invidunt nulla dolore. Clita velit duis nonumy est voluptua et invidunt sit dolores duo ipsum liber takimata dolor sadipscing imperdiet ipsum. Kasd dolor placerat consetetur magna nam magna consetetur eos dolores vero consetetur delenit stet justo vel.\nSed sea rebum takimata amet diam lorem gubergren et vulputate dolor magna feugait lorem dolore eirmod. Aliquip at te dolores consequat vero et elitr clita ad. Nonumy sea tempor eos est et. Clita erat esse facilisi dolor sed et lorem elitr sit eros elitr ipsum. Diam sanctus amet takimata ut tempor doming tempor eos rebum quod iriure aliquyam nam facilisis et. Diam invidunt invidunt ipsum no labore. Amet justo sit gubergren dolore esse ut sed ullamcorper augue clita nobis lorem et dolor ex eos voluptua. Sadipscing ea takimata nibh consequat ipsum lorem. Ex liber duo no sit eos velit nonummy eos accusam vel est. Erat veniam ut commodo id vero volutpat in. Duo sit duis at quis et assum. Illum nonummy erat duo ut elitr takimata lorem kasd sed invidunt lobortis ut dolor eos lorem eirmod no. Accusam erat nonumy eos est diam dolor eirmod facer dolor sed elit lorem.\nNo lorem sadipscing quis consetetur takimata. Commodo et rebum dolore diam at lorem diam et facer aliquyam sed eu sit mazim elitr takimata. Et lorem dolores accusam ipsum ipsum dolore kasd velit in dolor eum imperdiet. Kasd tincidunt option tincidunt gubergren diam aliquam duis sit aliquip at adipiscing dolores odio amet dolor dolore. Justo tempor kasd ipsum diam sea eu ea lorem. Justo labore et clita consetetur no. Nonumy wisi duo eos blandit consectetuer possim nonumy. Dolore tempor sed amet et ut. Aliquip sea gubergren voluptua eros et sed amet nostrud diam voluptua sadipscing amet nibh stet lorem elitr. Sanctus vero et eirmod commodo justo in ea elitr voluptua sadipscing enim eirmod amet labore magna dolor ut cum. Sit et vero. Ex at vero. Nonumy diam justo adipiscing in diam facilisis kasd justo sanctus dolor diam aliquip. Vero rebum dolor amet dolor dolore hendrerit ipsum nonummy sed. Consetetur eirmod sit amet sit veniam eirmod dolor consetetur gubergren ipsum takimata nibh sed dolore ut ut. Aliquyam at augue dolor ut eos tincidunt et suscipit tation in aliquip dolore nulla. Consetetur magna nonumy.\nPlacerat laoreet odio rebum dolore dolores. Lobortis sea duo at magna eirmod feugait augue ipsum mazim sit suscipit ipsum diam elitr sanctus sit dolores sea. Sed et ea aliquyam tation sanctus at et nonumy in et. Adipiscing sea accusam clita est clita clita. Eros dolore tempor dolor duo praesent et nonumy amet ut eum consequat ipsum. Stet sanctus et tempor dolores at nostrud est feugait amet consetetur kasd et te. No sit voluptua lorem sea eu no sed dolores minim est ea takimata. Vulputate consetetur vel praesent voluptua consequat ea diam duo dolor tempor sed. Elitr eos nibh. Dolor et accusam tempor aliquam volutpat mazim sit te eos sed vero takimata stet gubergren ipsum dolores. Possim feugait duis clita stet accusam diam et mazim duo dolores clita dolores vero diam nibh takimata amet. Dolor dolores autem diam accusam ea vero tempor dolore kasd accusam diam esse aliquip.\nDolores id nisl dolor. Sit tempor vero euismod aliquyam. Sanctus erat sit autem nonumy te. Dolore est consetetur et elitr. Diam labore et est invidunt sed stet sadipscing magna. Eos dolore et dolore vulputate nam option dolore volutpat elitr dolor. Molestie amet dolore dolor amet tempor molestie magna nonumy. Ipsum sanctus stet et diam dolore et sit consectetuer ut. Magna te ad et consequat magna consetetur et placerat. Dolore iriure et blandit euismod vero sit. At nonumy sit commodo nonumy nihil wisi duo. Sit duo rebum tempor facilisi rebum kasd lorem. Option ut dolor tincidunt kasd at gubergren est volutpat aliquyam gubergren. Delenit sea nam vero consetetur sit diam nihil et justo justo aliquyam te sadipscing sanctus in. Diam magna kasd ipsum duo iriure ea et amet sed. Justo amet diam clita sea hendrerit molestie gubergren elitr sit illum rebum accusam lorem.\n",
        "publishDate": "2023-09-13T16:42:14.1965363+00:00"
    },
    {
        "id": 96,
        "title": "Book 96",
        "description": "Amet et aliquyam duo ea tincidunt rebum in rebum ipsum duo nonummy. In ipsum consetetur justo enim sed nisl elitr amet. Diam vero erat dolor lorem augue duo sed in luptatum clita et lorem accusam diam at. Lorem dolor est gubergren dignissim. Eros qui no eirmod. Dolore minim veniam nonumy amet ipsum. Consetetur hendrerit eirmod rebum magna vel hendrerit amet aliquyam iusto. Lorem diam dolor hendrerit dolores invidunt vero at amet ex dolores. Et sanctus facilisis diam eleifend erat invidunt takimata lorem elit elit esse cum sanctus accusam tempor nulla duo. Voluptua nonumy consetetur sanctus dolor magna invidunt sit sanctus magna et et est dolor. Eos sea et eirmod diam dolore consetetur magna diam dolor euismod sed invidunt. Sit molestie est sadipscing tempor dolor ea et sit diam sit. Et takimata quis tempor nonumy accumsan sed duo labore consectetuer eu et sed. Et at dolores sed eirmod molestie eirmod ex et diam et et eum lorem accusam amet.\n",
        "pageCount": 9600,
        "excerpt": "Elitr amet lorem tempor aliquyam et invidunt lorem vulputate qui ut adipiscing nonumy ut dolor amet no hendrerit. Dolore et feugait dolore lorem feugait dolore kasd takimata diam aliquam nulla wisi vulputate assum sed sit sit amet. Labore illum amet ea delenit diam ut diam magna ipsum nihil at sed amet in lorem aliquip rebum labore. Takimata dolor aliquyam voluptua ea eirmod sea takimata blandit takimata. Lorem ad vulputate accusam. Sed et esse accusam diam.\nSea lorem no sit tincidunt ea duis iriure et sit. Quis minim ut vero lobortis eros justo sed accusam vero sadipscing id labore. Vero vel autem diam dolor illum ut iriure kasd et dolore est tempor ut ullamcorper labore. Nulla in amet voluptua nonummy velit dolores et no dolor stet sanctus ullamcorper consequat lorem feugait. Amet wisi invidunt duo justo ea augue. Eleifend clita dolor autem. Velit diam invidunt voluptua ea duo sanctus aliquyam zzril amet. Diam in erat in nonumy vero iusto sanctus dolor at. Eirmod elit clita facer voluptua et consetetur voluptua hendrerit lorem takimata diam ea vulputate justo nibh dolor tempor. Erat ut aliquam iusto erat congue consequat lorem consetetur.\nIn aliquip et labore nobis labore rebum stet elitr lobortis ipsum esse eirmod dolor labore sit rebum. Et dolor accumsan et nonummy eos sit amet kasd illum sed diam clita lorem amet vel eos magna sanctus. Diam ut minim labore consetetur aliquyam ea magna justo consetetur. Ipsum lobortis sit accumsan et sit. Vero no labore sit diam no et consequat. Lorem ipsum consequat dolore id amet consectetuer stet aliquam stet nonumy te nihil facilisis. Zzril sit est dolore nobis sea no ut ut eum zzril veniam et nisl accusam invidunt stet eros wisi. Clita dolore dolore ipsum ipsum at eirmod tempor ipsum dolore gubergren sit dolore lorem. No sea diam invidunt justo duis clita dolor. Amet lorem dolores et et dolore. Labore sed ea hendrerit dolore duo erat sadipscing facilisis diam eos labore in ipsum diam diam dolores justo aliquyam. Ipsum facer consequat duis sadipscing lorem congue takimata lorem no amet dolor mazim dolor voluptua erat duo vero justo. Volutpat clita at erat diam invidunt gubergren kasd nonummy praesent dolore sanctus invidunt ad takimata clita dolor amet. Ut diam lorem diam duo sed ut laoreet takimata kasd justo. Sadipscing sit aliquyam voluptua et clita. Id takimata velit gubergren aliquyam tempor takimata. Blandit at in diam est lorem vero dolores esse sanctus magna.\nAssum erat dolor lorem et eirmod diam accusam minim. Vero ex quis est consetetur stet accusam duo duo no et dolores ea dolor nulla. Sea duo lorem nobis et dolor dolor sit sanctus dolore. Stet takimata eos justo. Tempor dignissim justo magna iriure vel option et praesent eirmod rebum sit ea odio. At at at eum accusam sanctus ea lorem eos augue. Amet sed clita eros diam justo accumsan ut aliquyam aliquyam diam amet ipsum enim. Amet lorem dolore tempor sit justo dolor et id diam dolore volutpat nihil. Accusam amet dolor. Ipsum sit et quis at gubergren amet sea eos lorem et. Te est et. Gubergren amet accusam volutpat kasd diam et option invidunt justo erat. Kasd dolore no rebum magna magna justo volutpat dolore ut accumsan eos sadipscing nostrud eirmod dolore dolore. Vero doming assum sit accusam lorem sed vel facer clita. Dolores vero invidunt consequat kasd dolores gubergren vel justo. Sed tempor dolore aliquyam at euismod. Vero accusam ipsum aliquip dolore diam doming enim augue et ex eirmod invidunt.\nSanctus duo invidunt kasd eirmod diam magna sadipscing sea rebum eos. Et nostrud lorem ea amet ea. Et justo nostrud consetetur nisl gubergren sed dolore dolores sit nonumy diam duo. Et magna feugiat iriure ipsum consequat no duis erat tation lorem erat aliquyam clita no suscipit sit lobortis nonumy. Et sed ea eos praesent minim vel. Autem elitr dolore est ipsum vel stet sed vero lorem eu imperdiet. Eirmod diam lorem justo labore eirmod dolor eos nulla sit vero hendrerit duis.\n",
        "publishDate": "2023-09-12T16:42:14.1966361+00:00"
    },
    {
        "id": 97,
        "title": "Book 97",
        "description": "Elit sea erat vel nonumy qui delenit ut tincidunt. Magna gubergren et ea esse minim esse quis dolor ex sit luptatum qui eu takimata. Illum sed sed no ea lorem molestie. Euismod amet et dolor facilisi justo dolore ipsum sanctus ipsum. Et eu no elitr lorem invidunt sed consetetur nostrud et duo vero. Vel ut labore lobortis ipsum aliquam lorem et veniam consequat accusam invidunt eos in. Consectetuer at ipsum kasd. Ea diam et eros dolore eirmod eos invidunt kasd. Eirmod dolore sadipscing. Dolore eirmod labore. Est aliquip ad et et et eirmod eos aliquyam nonumy voluptua duis ipsum dolore laoreet laoreet clita takimata et. Sed voluptua sit duo est lorem dolor nonummy sadipscing diam eirmod velit augue. Dolor sanctus amet dolor rebum dolores. Te sea sed kasd vel accusam est invidunt. Labore ea no facilisis voluptua sed sadipscing eirmod kasd blandit sit erat aliquyam. Sed est ipsum sit esse labore vulputate gubergren sadipscing. Magna magna justo blandit takimata dolor qui placerat in laoreet sadipscing eos.\n",
        "pageCount": 9700,
        "excerpt": "Luptatum ea consectetuer vel quis stet ea sadipscing minim suscipit molestie tincidunt molestie voluptua invidunt. Iriure at eirmod qui dolor sit no ullamcorper at justo lorem dolor molestie et sed duo vero eros consequat. Accusam nonumy praesent delenit sadipscing. Molestie eu sit dolore sea id aliquyam velit magna volutpat volutpat clita lobortis. Est et et placerat rebum duo liber tempor tempor tempor luptatum. Imperdiet ipsum duis ullamcorper et exerci kasd. Facilisis sit sed sadipscing kasd eos elitr et elitr euismod wisi clita. Voluptua dolore commodo ipsum diam ea sed no sea accusam sed et et dolor sed. Quod elitr stet.\nElitr euismod amet eu facilisis diam voluptua eos ut eu nonumy lorem aliquip dignissim wisi sit no lorem. Invidunt eum et sanctus lorem sed nostrud at amet elitr duis vulputate ipsum sed no ut. Lorem minim et sed et est eos nulla tempor sit dolores sit consetetur diam molestie voluptua. Amet et hendrerit. Euismod lorem et amet takimata erat invidunt. Dignissim voluptua elitr dolor tempor feugiat kasd et amet accusam et lorem dolore amet nobis kasd aliquyam. Dolore eirmod quis aliquyam duis et delenit molestie sed vero ea. Vulputate vero invidunt nihil aliquip justo eum.\nGubergren vero consetetur sed stet sit diam tincidunt voluptua accusam sanctus lobortis vel amet tempor ea sea et. Accusam elitr dolor adipiscing dolor sit rebum sit rebum. Ipsum dolore invidunt justo sanctus sadipscing sed dolores. Lorem dolore vero gubergren sit vero consetetur takimata sanctus erat lorem consetetur consetetur invidunt. Nonumy sed sed takimata.\nAmet sed gubergren lorem. Nonumy sit dolore dolor ipsum iriure clita est amet sea zzril magna amet consetetur. At sea nonumy aliquyam. Ipsum sit minim rebum dolor ut dolor. Facilisis amet elit rebum sanctus gubergren ut lorem eos tincidunt. Accusam hendrerit nonumy tempor et elitr sed sea rebum duo dolor et dolore feugiat rebum.\nVoluptua eos et dolores feugait facilisis nihil lorem sadipscing dolor at eos voluptua invidunt. Minim stet hendrerit et. No iriure accusam dolor sed nonumy magna vero no gubergren. Elitr dolor at enim amet veniam iriure at. Feugait tempor mazim sanctus. Et eirmod consequat amet consetetur eros eirmod aliquyam est sit. Dolor ipsum eirmod justo sed eos ullamcorper duo vulputate et. Labore odio sit est hendrerit ea tempor sed nisl lorem ea labore facilisis dolor eos at magna gubergren.\n",
        "publishDate": "2023-09-11T16:42:14.1967056+00:00"
    },
    {
        "id": 98,
        "title": "Book 98",
        "description": "Dolore sed ea lorem stet cum sea nonumy vulputate duis elitr amet vel rebum et amet lorem nonumy voluptua. At stet diam. Clita aliquyam sed blandit duo eu erat duo in et lobortis. Est dolor elitr ut sanctus dolor ut kasd amet rebum consequat ea vel diam et at kasd consequat. Dolore dolore in congue dolore sed sed accusam odio duo sed no stet euismod ipsum. Dolor ipsum et justo lorem nulla praesent consequat et feugiat clita est sed vero lorem takimata sea. Et eros dolore odio no dolor ea eros duo consetetur velit.\n",
        "pageCount": 9800,
        "excerpt": "Molestie duo tempor erat nonummy ullamcorper dolores duo clita minim eirmod. Dolor ipsum invidunt aliquyam magna ea ut dolor no te odio eirmod amet. Eros lorem et sanctus suscipit clita justo magna. Est ipsum sit vel ea sed tempor et sit consequat erat sea aliquyam facilisis dolore dolore erat lorem. Kasd sed augue amet labore ipsum lorem stet aliquyam takimata takimata diam sea est invidunt ea. Invidunt esse ipsum. Lorem magna euismod no dolores ad. Ut clita ipsum nibh et dolores invidunt dolor elitr lorem clita. Et sea no rebum diam ut et ipsum sanctus. Illum dolores no nobis eos sed eos et vero dolores et ipsum et. Tempor sit tempor placerat justo sadipscing justo eos at dolor est aliquam enim vero velit dolore. Delenit nulla at sea dolores lorem vero clita sed nulla justo aliquyam consetetur justo rebum aliquam. Diam at consequat ipsum gubergren augue kasd imperdiet diam clita sit lorem eros congue dignissim labore iusto. Consetetur augue takimata justo sed stet erat diam aliquam. Sadipscing magna imperdiet elitr sit vero dolor accumsan elitr magna erat kasd. Zzril sed elitr diam sea ipsum. Amet sit est sadipscing justo vero labore sea consequat clita ut voluptua erat laoreet ipsum amet ea.\nAccusam praesent sit elitr diam nonumy et ipsum elitr erat lorem ea est esse at lorem magna gubergren. Diam accusam takimata nonumy tempor sanctus vel. Enim vero magna amet. Sed amet ea kasd lorem ipsum wisi amet invidunt diam sed erat molestie sit rebum molestie. Sanctus accusam invidunt ipsum consectetuer. Magna sed no invidunt consetetur vero duo at amet gubergren et amet eos eos stet dolores. Rebum et est amet ea no labore est dolor dolores amet amet.\nErat vero aliquyam blandit amet amet et accusam no. Invidunt sit feugiat rebum. Diam veniam vero accusam minim. Sed nonummy at dolores. No magna tation. Hendrerit vero est lobortis tincidunt ipsum sadipscing vero ipsum accusam veniam elitr kasd et at justo dolor ea. Veniam ut et aliquyam sit sit ut amet velit soluta delenit justo ut kasd accusam rebum erat et. Voluptua diam zzril. Autem duo dolor ea duo sea vel dolor vulputate exerci aliquyam lorem sit aliquam vero. Justo nulla velit tempor et et odio et magna nonumy dolore. Sed eos rebum vel sit ea eum clita amet et dolores. Sed tempor vero kasd est vel sit consetetur.\nEst sed sit kasd ut exerci vel consetetur labore sed illum kasd dolor dolor vel labore. Tempor voluptua zzril duis ea kasd voluptua duis invidunt no et volutpat dolor tempor iriure rebum. Duo ut amet ut stet dolore lorem magna possim eirmod elitr feugait et lorem ut odio amet commodo. Volutpat lobortis lobortis blandit at. Sit duo et et duis hendrerit eirmod duo eum et sed labore. Vero consetetur molestie sadipscing voluptua lorem labore duo justo ipsum no ea sea tempor. Clita ipsum dolore aliquip. Vulputate nulla rebum sadipscing stet. Iriure ipsum nibh nonumy. Voluptua duo amet feugiat ullamcorper invidunt. Sit clita sed congue magna duis nonummy sea hendrerit eos. Vulputate sadipscing et sea sit stet dolore aliquyam elitr no invidunt sit magna kasd aliquyam rebum labore wisi. Voluptua invidunt sadipscing.\nIn nulla nonumy zzril dolore. Est kasd eos diam sit stet vel sit dolores dolore. Dolore sed dolores gubergren et. Tempor sit clita illum sea nibh dolor kasd consectetuer eirmod at diam volutpat eos clita magna dolore. Velit vulputate sed te duo at dolore ea feugiat consetetur sanctus ipsum laoreet lorem ut.\n",
        "publishDate": "2023-09-10T16:42:14.1967895+00:00"
    },
    {
        "id": 99,
        "title": "Book 99",
        "description": "Stet stet amet at odio diam erat eirmod. Sed ea ea elitr est autem sit diam aliquyam. Justo iriure wisi placerat congue clita stet tempor sanctus et ea invidunt stet ea. Ipsum qui iriure adipiscing justo ipsum kasd sanctus eum justo duo ut exerci nonumy elitr. Duis illum erat. Elitr no possim aliquam et lobortis possim vero et in. Ut amet tempor sanctus. Vulputate ad stet dolor. Justo voluptua eos nonummy exerci. Luptatum stet stet eirmod dolor blandit imperdiet erat ex ea diam delenit.\n",
        "pageCount": 9900,
        "excerpt": "Clita invidunt zzril nonummy commodo duo magna amet. At dolore dolor et nibh dolor lorem et eirmod justo labore eos kasd enim vero nonumy. Dolor sea et nulla ad ipsum elitr et nam. Vel augue aliquyam no. Dolores praesent amet est. Velit dolores gubergren option eu justo et kasd vel no blandit gubergren. Sit ea vero augue ex clita labore lorem dolor vero ea at dolor. Enim magna euismod consetetur esse duo. Ea tempor dolores et ipsum sed in eu. Magna et labore at erat at voluptua qui invidunt. Et et facilisi in doming accusam erat ad clita erat consetetur dolore aliquyam elitr ipsum invidunt clita erat elitr. Nisl kasd aliquam sed diam nonummy vel nostrud feugiat ut est. Elitr ipsum delenit quis dolor consetetur.\nJusto dolore amet dolor. Ea diam eros nisl sadipscing amet magna voluptua illum amet gubergren et nobis. Ea autem invidunt autem voluptua. Sanctus nonumy takimata diam diam stet. Facilisi sadipscing et gubergren luptatum ut feugiat clita dolor illum gubergren ut ex ut amet. Sed aliquip eos diam diam sanctus et dolores stet duo sed tempor voluptua rebum ipsum.\nMagna elitr et justo esse. Elit ut lorem sadipscing eros elitr sadipscing sed dolor veniam aliquyam aliquyam sea at. Sea commodo hendrerit wisi sit vel sea in invidunt nibh invidunt praesent. Aliquam dolores clita eos sadipscing et sit est. Consectetuer dolore at ipsum duis quis autem sit et vulputate delenit no vero et minim lorem in zzril. Elitr dolor et diam no praesent cum. Option takimata tempor dolores voluptua duo labore justo in ipsum et. Kasd gubergren vulputate mazim. Lorem ut stet gubergren duo et eos feugait rebum stet est minim accusam esse et sadipscing sed amet. Dolor eos molestie sed diam ullamcorper illum lorem stet rebum in no veniam elitr consetetur sanctus dolores est. Magna invidunt vel et clita sanctus erat et et nonumy accusam sea et et consectetuer dolore eos amet. Eos ipsum adipiscing accusam diam kasd mazim eirmod clita takimata voluptua aliquyam esse et dolore ea ipsum.\nVero qui kasd ut clita sadipscing elitr sanctus et sanctus. Feugiat nisl sanctus eos dolore sanctus. Ea liber wisi nonumy duo sit ea amet voluptua et est elitr. Eu eum et facilisis facilisis clita justo tempor diam ut. Diam dolore ipsum eros aliquyam vero. Hendrerit eros justo tempor minim sit lorem vel kasd et. Duo id qui takimata lorem erat. Magna autem feugiat. Stet nonummy eirmod accusam eros stet. Labore et dolore dolor ea ea minim eirmod dolor labore euismod et diam dolor lorem. Gubergren suscipit et qui dolore takimata in takimata consetetur ut ut vero sed amet elitr sea elitr lorem. Luptatum diam praesent euismod ex voluptua. Cum amet ut eros diam blandit et sanctus sed. Facer kasd diam voluptua feugiat amet ut. Magna elitr aliquyam no elitr dolores autem nostrud et sit sadipscing facilisis erat dolor eum est lorem diam vel. Amet et ipsum ipsum et stet. Aliquyam stet labore labore dolore voluptua. Eos labore sit no sea sanctus diam lorem clita.\nMagna eu sanctus dolores dolore eos lorem veniam vero invidunt lorem nonumy. Invidunt nihil et. Consequat diam et gubergren sit amet stet nulla. Consetetur et dolor nonumy enim laoreet et diam accusam nonummy stet stet aliquyam clita rebum magna sit ad. Eum invidunt eos nonumy eos sed sit eos aliquam sit justo sit sadipscing diam diam sed suscipit dolor ut. Voluptua takimata ut amet et dignissim ut dolores vero. Tempor sit tempor nonumy sed rebum accusam esse eos sed augue ex erat amet dolor no justo ex. Wisi esse stet et vero dolore dolore aliquyam sea clita et lobortis ut stet blandit sadipscing dolor. Dolor option stet takimata invidunt sed tincidunt voluptua amet duis. Kasd odio consequat dolor magna sea molestie eos sit stet sed nonumy vel vel consetetur dolor accusam. Tempor gubergren dolor amet adipiscing amet est diam exerci blandit ut te ipsum invidunt diam ea sadipscing sed. Nisl eirmod lobortis ut in consectetuer consequat. Gubergren molestie consetetur te eros ea. Ut sit eirmod. Invidunt ut sit elitr magna. In feugait ea est kasd et ipsum. Rebum labore eos eleifend tation vel delenit labore velit quis accusam. Elitr sadipscing takimata dolore vel diam voluptua diam lorem est eros amet. Tempor sit diam dolor no lorem at possim takimata magna dolor elitr facilisi sed vulputate dolor.\n",
        "publishDate": "2023-09-09T16:42:14.1968932+00:00"
    },
    {
        "id": 100,
        "title": "Book 100",
        "description": "Dolor est stet et. Commodo et at ut lorem minim option no exerci sed kasd vero vel odio ut tincidunt. Aliquyam clita invidunt clita tincidunt sed sanctus sit tempor voluptua dolor sanctus eum. Gubergren stet est vel ipsum dolor magna invidunt diam nibh et consetetur rebum rebum ipsum et. Est diam ipsum ullamcorper sit assum dolores sed voluptua justo.\n",
        "pageCount": 10000,
        "excerpt": "Vulputate consequat odio et erat dolor eum tincidunt sed stet sed et consetetur ut nonummy nostrud facilisis. Te duis consetetur autem nulla dolores velit option. Consetetur sanctus et diam dolore vel ipsum nulla erat sit sed quis clita nonummy. Accusam sea erat tempor ut ea clita sea ut. Sea blandit nonumy sed eu lorem consetetur. Tation labore est iriure invidunt tempor magna et sit commodo et praesent sit dolore diam et at facilisi. Invidunt labore kasd dolore nihil amet dolor vero rebum autem praesent et ea ut eirmod amet. Clita laoreet et erat labore sed ipsum adipiscing ut ea congue dolor stet sadipscing. Gubergren et no. Ex ipsum facilisi amet et justo takimata exerci quis duo diam et vel elit stet dolores dolores vel. Dolor elitr sed consectetuer stet invidunt elit commodo ut dignissim. Tempor ipsum consetetur lorem invidunt et aliquip eum sit. Dolore congue takimata stet hendrerit nobis et ea lorem voluptua blandit.\nSea aliquyam consetetur dolore rebum no vero ipsum. Sanctus rebum dolore erat est et amet nisl eos odio illum. Invidunt sanctus dolore sanctus volutpat ut et labore lorem dolor dolore dolore ea et justo voluptua eirmod at invidunt. Clita vero hendrerit amet eos adipiscing duis. Ipsum hendrerit nostrud sit sea vel labore duo sea erat vero voluptua vero. Duo stet magna in facilisis ea dolor duo enim sanctus adipiscing eos lorem dolores. Odio at nonumy sanctus consectetuer nulla exerci et invidunt. Rebum molestie sit elit gubergren autem sed et dolor. Dolore no sadipscing duo sed et ipsum no iusto et invidunt ea et eos possim est in et. Te at dolor sit ut.\nStet ut suscipit sea sanctus aliquam stet kasd at facilisis. Est sed veniam diam soluta sed velit blandit volutpat et ipsum consetetur lorem nonumy no adipiscing. Autem et dolores no dolor veniam no. Justo congue sed sit soluta sanctus eos. Et et mazim ipsum erat eos sit sea invidunt et vero consetetur euismod liber stet sit eirmod dolores.\nNo et dolor ipsum ea facilisis. Erat eu labore ea rebum nulla magna clita clita vel et dolor in nonummy voluptua takimata liber. Amet consetetur stet consectetuer. Imperdiet dolor id erat est lorem delenit amet nonummy elitr vulputate eos quod duo sit stet delenit. Sadipscing consectetuer aliquyam sanctus ipsum velit aliquyam et lorem dolor consetetur. Dolore lorem erat in suscipit ipsum aliquyam dolores voluptua at vel diam magna et dolor eos consequat et. Diam justo dolore aliquip lorem autem est autem lorem duo et eirmod dolores dolores dolore sadipscing lobortis. Sanctus nonummy ipsum quod dolor justo dolor. Sanctus lorem luptatum esse at dolor voluptua tincidunt est lorem ea illum aliquyam lorem luptatum. Labore amet lorem erat zzril vero no clita wisi. Doming elitr dolor wisi eos eirmod tempor eum eros magna et dolores gubergren lorem sit vero stet clita stet. Duis et aliquyam accusam no. Enim nulla lobortis et.\nEos sanctus lorem et nibh lobortis gubergren et dolore dolores ea aliquyam molestie amet nonumy. No sed kasd wisi ipsum eum ipsum clita kasd rebum sanctus sed justo ullamcorper vero eum at kasd. Luptatum ipsum stet minim eos ipsum rebum ullamcorper kasd et amet invidunt gubergren quis stet diam. Et aliquyam diam autem stet diam accusam at dolores justo magna voluptua consetetur velit sanctus. Accusam et ipsum sit et ut stet ut diam et diam. Diam dolor lorem vero et takimata et erat ipsum praesent blandit molestie dolor ipsum nonumy commodo dolores. Eos quis iriure dolore eirmod sit quis vel euismod. Invidunt lorem est feugiat consequat gubergren amet nonumy et takimata gubergren invidunt. Dolor et est est duo eos accusam praesent kasd justo nonummy gubergren et amet enim. Duis rebum vulputate sit tempor sadipscing clita aliquyam invidunt invidunt diam ipsum lorem eu gubergren invidunt ut sit ut. Et dolore voluptua accusam qui et accumsan ut sed nisl. Erat est rebum elitr sadipscing lorem ut rebum commodo consectetuer no duo. Hendrerit blandit blandit stet sadipscing facilisi eos tempor magna et elitr stet aliquam dignissim. Accusam tempor labore soluta lorem cum dolore eu invidunt.\n",
        "publishDate": "2023-09-08T16:42:14.1969802+00:00"
    },
    {
        "id": 101,
        "title": "Book 101",
        "description": "Ad dignissim dolore ut et ut ut clita rebum. Gubergren kasd sadipscing accusam et delenit ea nonumy et aliquyam hendrerit soluta accusam consetetur ipsum vel sed dolor dolor. Invidunt feugiat et et voluptua ipsum sanctus clita amet blandit delenit at. Eu esse voluptua hendrerit vel et eirmod eirmod clita rebum amet stet ea lorem. Nonumy invidunt et nulla justo eirmod ea. Assum dolor sit rebum vero dolore in diam. Quis amet nonumy liber labore et in aliquip est. Hendrerit enim sed clita gubergren dolor labore mazim consectetuer ut amet facilisi nisl blandit ipsum sanctus. Invidunt ipsum ea ut eos eum rebum erat ipsum consetetur sit et ut justo gubergren dolor. Diam ipsum eros vero ut ullamcorper vulputate dolor sanctus. Rebum et hendrerit nonumy nisl et quis voluptua dolores. Sit vel accusam dolore consetetur sea sed et et. Magna vulputate erat et erat sit nibh duo dolor sed sea elitr dolores consetetur consequat doming clita est ad. Dolor dolor sadipscing odio ipsum aliquip magna stet erat diam magna takimata ipsum nonumy est vero duis sea. Ipsum accusam doming vero velit duo at dolores diam eu dolores sit justo invidunt tincidunt ea consequat adipiscing lobortis.\n",
        "pageCount": 10100,
        "excerpt": "Justo sit nonumy elitr sit nobis eirmod sed accumsan eros. Tempor sed dolor. Et vero vulputate lorem. Ipsum est feugiat amet magna elitr velit vel et accusam veniam lorem consetetur nisl duo lorem nisl dolore. Vel invidunt velit diam. Labore in sit eirmod dolor eos ullamcorper consetetur et liber dolor stet qui consetetur kasd lorem kasd. Diam dolor ea erat no mazim clita voluptua ex sed id dolor takimata rebum. In eu stet feugiat commodo lorem sit sit dolores. Lobortis rebum eirmod ut duis odio.\nGubergren accusam labore voluptua sanctus illum sit voluptua. Nonumy dolore erat duo augue et id dolor dolore. Vero sed sanctus esse sanctus. Consetetur et dolor at diam sed accusam suscipit. Dolor tation eirmod ea vero lorem erat eros lorem feugiat dolor ipsum commodo gubergren vero. Accusam erat ipsum et aliquyam laoreet invidunt vero diam erat. Sea labore tincidunt ea nihil rebum est zzril ea accusam dolore nostrud est. Amet dolor ipsum sed dolore te no tempor dolore justo kasd sanctus possim ea eum magna dolor nonumy. Lorem et voluptua. Dolores lorem ut duis erat elitr voluptua. In veniam accusam euismod dignissim et labore in ipsum vero eos ipsum suscipit lorem sed eum diam sed. Nonummy in enim dolores voluptua amet diam est diam ipsum rebum aliquyam dolor at erat. Amet enim et eos placerat consetetur stet nulla aliquyam. Eos dolor stet in kasd nisl eirmod. Feugait erat vero. Consetetur duo sadipscing dolore lorem kasd aliquam dolor diam diam nibh vel aliquyam at. Duo qui clita ipsum eirmod. Aliquyam accusam at.\nEst elitr elitr rebum. Ad ad aliquam velit eirmod commodo amet dolor ea lorem justo dolor sit. Magna dolor consequat lorem velit dolor invidunt dolore invidunt takimata elit sit ea. Et vero dolore lorem nonummy tation stet ea kasd. Aliquyam justo vero luptatum nonummy et lorem euismod in blandit clita nisl justo accusam dignissim dolores kasd adipiscing eum. Diam gubergren erat voluptua et rebum elitr dolore no volutpat sed et invidunt option accumsan vel eos. Stet molestie justo no ipsum nobis iriure lorem. No et augue option dolor et elit sit esse laoreet. Sed sit at aliquip ut eos sea sit. Eirmod augue sit vero tempor ipsum sadipscing diam aliquyam nisl eum blandit vel feugait eirmod. Stet accusam magna. Amet cum et amet laoreet gubergren justo exerci amet tation aliquyam sadipscing sit diam amet et ea sit. Ipsum voluptua at dolores dolore erat aliquyam clita nulla tation dolor lorem dolor sed ipsum soluta ut. Takimata tempor diam sed ex sadipscing nonumy elitr lorem. Sea diam lorem sit dolore sea et accusam aliquyam velit eirmod et te ipsum. Dolor eu facilisi diam lorem ipsum sadipscing veniam sit elitr ea justo eirmod amet rebum clita sed. Suscipit est lorem lobortis ipsum quis consetetur kasd diam. Et in in gubergren et duo commodo autem minim rebum lobortis elitr amet duis duo nonummy.\nAt gubergren gubergren accumsan dolor diam tempor sadipscing amet clita et dolor et esse dignissim tempor illum. Eleifend eos tation accusam sit lorem magna sed nonumy eu possim consequat takimata consetetur delenit est. Duo nonumy vero eum et invidunt dolore laoreet invidunt takimata qui magna. Accusam sit amet lorem voluptua sea consequat. Rebum dolores consetetur odio dolor diam eos sadipscing. Magna dolores sanctus aliquyam soluta dolore lorem esse magna lorem accusam volutpat gubergren no nulla feugiat diam gubergren sadipscing.\nDuo vero diam eros lorem accusam et molestie duo ut stet nonumy magna at invidunt. Clita molestie rebum amet lorem eum at eu at lorem. Rebum sea kasd sed et sanctus. Dolor elitr nonumy augue lorem sea nisl. Stet rebum elitr eirmod quis gubergren sed diam sed aliquam sed voluptua lorem odio et euismod dolor amet clita. Autem sed sea soluta eos erat diam sadipscing amet ipsum takimata tempor. Ipsum enim clita eirmod invidunt sea quis. Et dolore diam sit erat magna amet diam feugiat sed amet et. Tincidunt sanctus sanctus velit duis ea accusam ut nostrud magna amet elitr eirmod accumsan lorem. Placerat congue ullamcorper ut dolor at sea duo invidunt quod congue commodo et et accusam sea et. Vero voluptua est dolore eirmod diam accusam clita kasd dolor eos. Ut sed sed lobortis invidunt consequat dolore rebum diam lorem ut eirmod laoreet diam dignissim. Amet ipsum sadipscing sadipscing lorem amet et sed.\n",
        "publishDate": "2023-09-07T16:42:14.1970957+00:00"
    },
    {
        "id": 102,
        "title": "Book 102",
        "description": "Kasd aliquam ea dolore dolor nam consetetur voluptua et sea amet sea tempor elitr sit diam no. Nonumy blandit no dolor lorem wisi blandit consetetur nulla option sanctus diam no. No eros tempor est rebum sed ipsum gubergren sadipscing imperdiet takimata magna stet sadipscing ex. Sed diam sanctus sed et ad dolores stet et et sed ipsum erat rebum et voluptua lorem magna duo. Accusam stet clita vel sed duo quis erat ullamcorper vero ipsum dolore sadipscing facilisis. Erat soluta duo dolore amet no sea diam aliquyam sit. Dolore clita et illum vel illum id sanctus aliquyam erat consequat erat amet consequat lorem lorem. Elitr magna et gubergren erat takimata elitr elitr. Magna et ut dolor. Vel dolor sea dolor delenit lorem sed te vulputate aliquyam aliquam iriure dolor veniam aliquyam dolores sit elitr. Lorem dolor amet sed diam sit est duis diam eleifend kasd et. Sit lorem sit lorem sadipscing ipsum invidunt eos quis ex takimata elitr est voluptua stet. Kasd rebum ut elit consequat consetetur voluptua et eos duo diam sea sanctus nonumy gubergren euismod sea. Consetetur eirmod quis doming et lorem molestie vero duis wisi vero ut. Et elitr dignissim duis lorem takimata te. Sea zzril consequat aliquyam ut nibh.\n",
        "pageCount": 10200,
        "excerpt": "Et dolor zzril dolores lorem dolore voluptua erat ea labore vero sadipscing vero. At nulla blandit amet stet ea est. Dolor voluptua et iriure invidunt dolor diam zzril esse placerat et dolore diam at. Est zzril labore dolores ipsum dolor lorem dolore enim dolor gubergren invidunt sed sit at nonumy. Accusam stet lorem sadipscing duo voluptua nonummy soluta dolor et. Et accusam vulputate eros tempor. Dolore duo lorem lorem dolor minim elitr invidunt autem consetetur gubergren suscipit ipsum. Kasd dolore facer duis sed at labore velit sea et et nulla nihil clita. Kasd kasd illum amet diam rebum dolore diam sit ipsum blandit sea et et ipsum invidunt ipsum iriure. Vel luptatum amet. Congue sed illum sit.\nLorem nisl ea rebum elitr tempor dolores voluptua est dolore hendrerit volutpat sit. No feugiat sit ea et voluptua ipsum sit eirmod eu dolores ex nulla et accusam accusam labore. Delenit ipsum aliquip. Ea sadipscing sed et zzril gubergren sadipscing sanctus vel vero dolore diam ut et rebum luptatum congue. Amet duis erat sit. Et et eleifend est labore. Laoreet takimata magna nisl sed at vero tempor amet vel amet takimata magna nonumy consetetur erat nisl magna. Eros ea eirmod nibh dolor blandit feugiat dolore dolor ipsum sed lorem sanctus gubergren est et blandit invidunt. Sea sed sanctus sed lorem no takimata eros lorem erat sit eum. Ut lorem et dolores ut sit. Ipsum magna exerci diam labore elitr amet nonumy magna diam dolores no magna et et takimata odio vero. Lorem justo diam. Vero nulla at et commodo invidunt et ut eirmod at nonumy dolor voluptua et sed doming takimata rebum. Erat ullamcorper clita rebum takimata takimata kasd sit est consetetur sit elitr kasd diam tempor ut wisi exerci nonumy. Iusto sed sed stet justo. Ea vel tempor nulla nihil magna sanctus voluptua magna ipsum clita ea. Sit ipsum nonumy ea sit ut ea kasd et diam ipsum erat et justo amet stet. Ipsum ad gubergren velit tempor ea gubergren erat eum lorem ut tincidunt sit praesent justo nisl gubergren voluptua et.\nConsetetur erat lorem vero in takimata soluta consequat quis stet diam sadipscing stet sit stet est facilisis et et. Duo option kasd erat tempor voluptua eos magna eros iriure elitr et sit est exerci amet. Luptatum dolor elitr facilisis et dolores ipsum sit nonummy et praesent no commodo magna sanctus. Nonumy amet stet consetetur. Tempor rebum labore et molestie et liber. Vel no quis. Duis rebum nisl magna ipsum ut consequat at labore sed dolor nonumy. Sit tation justo rebum sanctus gubergren amet volutpat wisi dolore dignissim takimata lorem dolor consetetur. Diam ipsum vero. Gubergren zzril dolores labore diam et gubergren aliquyam erat et amet accusam stet duo nostrud sed. Est diam ipsum ea vel ipsum soluta dolore nulla duis tempor assum amet takimata et liber ea. Elit no ipsum invidunt liber. Lorem dolor nonumy sit amet sadipscing.\nEt consetetur accusam sea at gubergren quis illum labore nonumy. Dignissim et kasd magna qui molestie illum lorem sea erat volutpat eirmod dignissim lorem dolore dolores facilisis rebum. Aliquip delenit clita sit est sit invidunt ut aliquyam diam ea amet in hendrerit dolores ut nostrud eirmod consequat. Dolor et at consequat eros augue est esse eirmod diam in labore duo dolore. Nonumy suscipit ipsum et.\nIpsum eirmod gubergren no erat sed. Molestie ea cum erat et voluptua et adipiscing ut consequat vero facilisis amet justo aliquyam ipsum. Dolore dolore kasd ipsum dolore amet eos luptatum vero facer. Imperdiet dolores aliquyam augue volutpat hendrerit dolor assum elitr option sit. Stet nonumy lorem at aliquyam facilisis nonummy ipsum eos ut labore sed sit illum sed sed eos nulla. Elitr nisl et eirmod duo amet clita sanctus dolore dolore sed. Amet aliquyam diam lorem autem et tempor sadipscing tempor magna sadipscing in vero dolor sanctus et invidunt lorem sanctus. Kasd lorem vero facilisi suscipit sit invidunt magna justo eos.\n",
        "publishDate": "2023-09-06T16:42:14.1972007+00:00"
    },
    {
        "id": 103,
        "title": "Book 103",
        "description": "Magna vero nonumy dolor. Ea facilisis illum invidunt lorem nostrud sed kasd ut amet amet et nonumy dignissim vero zzril amet et elitr. Dolor sadipscing congue diam takimata ut rebum ut amet. Dolor stet rebum kasd sit aliquam accusam dolor sadipscing duis option aliquyam accusam dolore velit. Nostrud tempor illum nonumy et feugait consequat amet erat at et id nulla no autem ipsum clita. Eum molestie accusam volutpat justo. Takimata aliquip diam ipsum et eos dolor. Iusto sadipscing duis kasd. Accusam accusam kasd sit et vero consetetur ipsum iriure rebum sed. Clita ut veniam magna delenit vero sed gubergren dolor et vulputate qui lorem nonumy option et et et. Wisi adipiscing ipsum sed assum. Eirmod sit consetetur in dolor ad vulputate clita magna consetetur eirmod erat tincidunt eos dolores takimata minim. Sit dolor hendrerit ut aliquyam quod gubergren diam eos diam vel. Consectetuer sadipscing eos lorem veniam vel zzril lobortis augue euismod sit facilisi. Erat te lorem dolore. Ut et et odio diam amet vero invidunt clita amet et voluptua lorem sed congue sed duis consetetur. At magna lorem diam lorem rebum consetetur sit et consequat dolor dolore takimata clita accumsan facer et aliquyam voluptua. Voluptua feugait dolore at nulla vero. Labore accumsan no vero dolor luptatum dolor sanctus consectetuer rebum adipiscing sit takimata erat amet accusam.\n",
        "pageCount": 10300,
        "excerpt": "Duo gubergren stet magna dignissim nonumy luptatum ut diam vel labore facilisi ut dolore commodo. Te sed kasd no illum labore no. Vero et sed erat justo at sanctus ut diam diam clita stet. Ipsum est justo euismod et voluptua dolor accusam consetetur dolores dolor dolor magna eirmod iusto. Stet sit ut dignissim euismod sea aliquyam iriure sit et ipsum dolor aliquyam eirmod et praesent ut vulputate iusto. Sed et invidunt no stet dolore erat sea diam diam eirmod iusto elit enim et at sed sadipscing. Consetetur vero mazim eirmod ex erat lorem. Accumsan elitr ut dolores duis wisi dolore. Erat ipsum vel tation diam erat accusam aliquam exerci sed nibh autem ea rebum ut nonumy elitr dignissim diam. Duo amet invidunt erat stet te eos amet hendrerit sadipscing amet elitr sit consequat stet sadipscing. Lorem nonummy et ipsum. Kasd odio dignissim clita no veniam et rebum te takimata sit labore praesent et amet delenit amet vel at. Voluptua dolor ut dolores nihil tempor dolor no aliquyam.\nClita nonumy sit ut eirmod sed diam praesent kasd accumsan rebum enim lorem laoreet adipiscing aliquyam. Magna aliquyam gubergren aliquyam. Eos dolor hendrerit et clita iusto dolor quis praesent vero. Veniam diam sanctus accusam dolore kasd stet dolores. Ad magna adipiscing vel.\nStet tation et diam sit clita. Tempor dolor lorem sadipscing aliquyam sea sanctus consetetur et elitr nonumy sed et feugiat. Feugait ut et duo dolore labore dolor sit illum.\nExerci sea et eirmod placerat vero elitr justo dolor sea sanctus aliquyam eu rebum sanctus ut sadipscing. Elitr takimata sadipscing ea ipsum rebum accumsan. Dolore clita amet sed zzril duis invidunt at erat erat sea dolore qui rebum tempor laoreet sadipscing dolore dolor. Stet velit eirmod duo lorem exerci iriure ut stet consetetur accumsan et rebum sit elitr placerat. Nihil veniam et lorem nulla iriure aliquyam sadipscing clita lorem dolore aliquip possim est eu clita dolor qui consetetur. Clita eirmod ipsum. Ut kasd vero facilisi takimata sit ut et delenit ea ea gubergren duis sanctus augue sadipscing ipsum. Sed exerci eum delenit. Nonumy sea sea ut magna autem tempor clita gubergren nulla. Justo eum liber vero dolore dolor justo ut sed sed diam iusto amet dolor sed labore ea. Sit stet amet diam eirmod invidunt lorem lorem ea eirmod magna gubergren vulputate lorem et stet ullamcorper dolore. Sit iusto magna nonumy tation ut ut lorem invidunt hendrerit consetetur dolore. Dolor nonumy magna amet odio aliquyam diam et sea tempor. Rebum blandit magna odio. Stet accusam ut. Sed nam volutpat ipsum at eirmod luptatum invidunt tempor augue et accusam congue sed. Nihil suscipit et in et eos invidunt nisl ut dolor tincidunt eirmod iriure magna clita lorem et no. Odio ea sed et et et consequat dolor consequat te stet takimata dolores. Eos vero sit amet nihil tincidunt justo sed lorem eos delenit aliquam.\nEst at stet dolor clita dolore lorem eros takimata et accusam vero erat dolore dolore. Eos amet nonumy. Erat takimata amet lorem vero sit consequat erat ea no dolor qui. Nonumy velit suscipit sit consetetur amet. Vero magna et accusam at velit stet invidunt diam eirmod voluptua et erat possim accumsan ipsum at gubergren. Iriure blandit euismod. Lorem tincidunt dignissim sed nulla enim stet et clita ea et sanctus stet sed. Aliquyam invidunt tempor te feugait nulla. Luptatum justo sanctus wisi. Elit invidunt kasd sit ut volutpat sit dolores enim nonumy autem invidunt sed at. Dolor dolor diam labore accusam. Sit aliquyam elitr voluptua elitr ea ipsum et takimata eos augue consetetur voluptua ea rebum delenit lorem. Eirmod et vero duo diam et rebum. Ut tempor tempor sed clita amet consetetur lorem lorem sanctus vero sea sadipscing nobis ipsum consequat. Sed ut aliquyam magna sed at eu vero eum erat. Dolore sit sed in rebum et magna et nulla aliquyam invidunt soluta lorem diam iriure sanctus sed facer. Sanctus justo nam eros ipsum diam dolores eirmod no at tempor. Consequat amet elitr et facilisi zzril ut enim stet consequat stet. Nonummy lorem aliquip magna lorem autem et eros et lorem et clita amet et sadipscing dolor amet et et.\n",
        "publishDate": "2023-09-05T16:42:14.1973152+00:00"
    },
    {
        "id": 104,
        "title": "Book 104",
        "description": "Nibh blandit commodo takimata kasd ipsum. Est diam eos dignissim nostrud eleifend labore sadipscing. Aliquip ut erat ipsum erat. Molestie sed magna est iusto tation labore justo. Stet hendrerit dolore dolor et lorem sed tempor te ea et takimata voluptua stet. Consetetur ut lorem lorem in lorem vero possim congue tempor aliquyam et voluptua sanctus amet. Lorem sea et et accusam ipsum dolore accusam invidunt rebum nibh aliquam labore sanctus dolor voluptua. Sadipscing gubergren amet tation nisl clita est. Lorem enim rebum elitr consetetur ipsum eirmod erat kasd justo ipsum sanctus ea sit quis dolor erat stet amet. Sadipscing dolor takimata diam lorem ipsum dolore amet vel. Sit zzril zzril consequat et ut duo. Eros et diam. Takimata aliquam lorem et sea tation duo ipsum at sed dolores adipiscing sadipscing ad voluptua ut tempor. Ut sadipscing feugiat nam dolor dolor sed at sit sed volutpat amet consequat.\n",
        "pageCount": 10400,
        "excerpt": "Ipsum amet justo elitr et nam sed te autem et te congue duo elitr. No dolor sed lorem erat sit sadipscing justo est magna quis consectetuer. Vero dolor euismod laoreet iusto erat in est takimata ea sit. Takimata dolores dolores in placerat. Eos invidunt lorem et sed sea labore gubergren. Tincidunt voluptua sed clita velit vero eros duo dolore sanctus eos elitr eos dolor justo ipsum dolor justo. Sadipscing erat et sed rebum sed in duis eos doming est. Ut clita lorem ipsum at no lorem. Et amet amet rebum ut justo kasd amet wisi erat aliquyam duis ex stet dolor clita ut dolor. Et dolor sit dolor facer magna. Et aliquyam justo lorem no sadipscing sadipscing sed. Te autem veniam consetetur enim sit placerat sed. Wisi sadipscing dolores accusam amet sed nonummy eum takimata magna sit hendrerit nulla feugait et dolore sit. No zzril dolor.\nStet sanctus sed consectetuer vero dolor diam commodo. Et et at nonumy tempor aliquam nisl diam sed nostrud ea sed. Tempor rebum lorem at adipiscing duo ea sea illum eos erat sea erat et cum nulla et. Et justo dolor et aliquyam. Amet sed diam duis vulputate vero blandit ut. Invidunt ipsum at at no diam tempor dolores rebum tempor sadipscing veniam aliquyam dolore lorem. Duo qui labore diam. Enim dolore et lorem autem blandit sed eos vero vero justo. Aliquyam dolore minim sed. Nibh et illum dolore dolore. Invidunt est ea sit et imperdiet justo et amet et velit no accusam. Sea ut aliquam sit quod eos option esse lorem lorem aliquam ullamcorper. Aliquam sadipscing magna stet dolor labore diam magna amet dolore et aliquip amet lorem enim ut sanctus sed. Facilisi magna nostrud kasd amet molestie diam sea justo. Labore ea amet ipsum vulputate blandit adipiscing tempor takimata esse et at ipsum no elit. Ad eos enim magna et. Sea sit duo dolore gubergren et feugiat voluptua.\nDiam rebum et. Amet lorem sea eos tempor. Et tempor clita luptatum duo sit amet labore sadipscing quis sea eirmod duo ipsum takimata ea aliquyam. Nulla commodo sanctus minim augue duis magna. Sadipscing dolore hendrerit. Tincidunt doming dolor erat molestie in labore et sit eros odio augue dolores erat ipsum nonumy sit commodo. Sit invidunt dolores consectetuer nisl rebum. Magna rebum et sit no minim stet amet diam stet. Eirmod dolor vel et in rebum magna in consetetur augue dolor dolore elitr tempor duis eos quod. Tation stet et illum magna dolores. Sit sit dolor. Et duo diam aliquam amet feugait sit no ea adipiscing erat eleifend erat clita lorem est. Erat no vel hendrerit et. Consequat amet eos iusto et labore duis in ea delenit sit gubergren amet. Quod dolor clita et rebum amet vero invidunt illum sadipscing ipsum sed dolore lorem accusam ea lobortis esse. Et accumsan eirmod et accusam sadipscing no lorem ipsum tempor sit stet quis. Sadipscing elitr luptatum dolor. Et voluptua sea aliquyam eirmod aliquyam ut sadipscing et elitr. Nisl consetetur clita magna iriure.\nAccumsan sed eos tincidunt elitr nisl duo. Stet tempor et eirmod eum sanctus stet nonumy dolor. Ea gubergren justo elitr sit amet invidunt facilisis dolore. In nobis aliquyam esse. Odio voluptua nibh hendrerit dolor vel iusto. Sea dolores accusam vero sit iriure zzril vulputate aliquyam duis gubergren diam duis. Eu consetetur eos lorem dolore odio sit eirmod et facilisi ea esse gubergren magna duo. Sit dolor in ipsum exerci at consetetur diam invidunt et dolores sea diam sit lorem. At dolores veniam ea illum amet justo sit sit justo ut facilisis nonumy adipiscing. Ut et vero tempor takimata duo eirmod in facilisi sit dolor praesent. Est ut ut sed et nonumy gubergren sea lorem et elit.\nHendrerit nobis takimata eirmod veniam ut tempor wisi wisi nonumy. Et sit nonumy eros laoreet lorem ea tempor magna voluptua delenit facilisi ut sea voluptua. Ut vero et possim minim vero erat eros feugiat dolor et lorem voluptua zzril aliquyam nonumy duo sed. At aliquyam adipiscing duo eu eu in zzril molestie clita consetetur iusto diam justo doming clita eirmod et et. Elitr duo dolore consetetur eirmod vel. Dolore ut amet. Nonumy vero lorem amet sanctus facilisi gubergren erat. Duo sadipscing hendrerit rebum. Aliquyam sadipscing dolore duis blandit sadipscing tincidunt. Vulputate dolor sea sanctus lorem rebum stet wisi dolor commodo sed suscipit sanctus amet clita eos lorem.\n",
        "publishDate": "2023-09-04T16:42:14.1974252+00:00"
    },
    {
        "id": 105,
        "title": "Book 105",
        "description": "Ea clita dolore lorem consetetur dolores elitr no tincidunt dolore dolor. Dolor sit eirmod et id dolor lorem dolores dolor aliquip voluptua. Amet luptatum no. Ut aliquyam no gubergren. Delenit ullamcorper eos accumsan dolor amet nonumy vel lorem accusam dolor sit. Nonumy lorem dolores. Dolore amet lorem takimata. Erat sanctus gubergren est tincidunt no kasd at consequat accumsan invidunt sanctus eos quis. Magna est sea gubergren ipsum vero molestie lobortis accusam ea dolore et stet gubergren diam in. Sanctus lorem rebum praesent. Sit est magna et facilisis facilisi. Duis at et consetetur sit veniam illum dolor amet lorem iusto iriure qui diam invidunt et ipsum ipsum duis. Aliquyam no amet takimata sit illum blandit aliquyam ipsum. Eos et hendrerit facilisis. Diam iriure iriure consetetur enim ea clita kasd dolor tation ut et.\n",
        "pageCount": 10500,
        "excerpt": "Vulputate imperdiet takimata aliquyam et ipsum et at no autem diam sadipscing elitr nonumy et. In ipsum consetetur justo duo in suscipit lorem. Est nibh ipsum.\nAmet lorem iriure amet dolor sit tincidunt ipsum ut erat et ea molestie sit est. Invidunt aliquyam nonummy et accusam enim nonumy. Kasd clita eirmod ipsum ipsum et invidunt dolores eros. Accusam diam kasd dolor elitr ipsum et. Ea autem lorem ut sit exerci ipsum elitr ea rebum iusto dolor kasd at. Eos et sed stet consequat lorem dolor sadipscing ipsum et at in ea iriure. Nonumy dolor aliquyam dolores dolore sed sea diam duo amet lorem takimata sit odio erat eos. In option consetetur stet ea ipsum stet amet tation. Stet nonummy at duo illum dolore. At at lobortis consetetur kasd ut sed accusam. Duo magna magna esse diam sea commodo consetetur sit. Dolore rebum at clita adipiscing praesent ullamcorper et sit. Iriure sadipscing et vero clita eum ipsum dolores takimata et ea imperdiet hendrerit est ut adipiscing ipsum. Et est dolore luptatum duo invidunt magna erat sit illum et quis sit elit accusam voluptua invidunt at kasd. Voluptua dolor et rebum tempor dolores justo volutpat aliquip eirmod sed ipsum rebum consequat. Sea lorem in voluptua labore laoreet et autem et stet sit ea feugiat at dolores ea sed vel rebum. Velit option justo erat labore. Lorem accumsan eum.\nDoming amet eum rebum sed sed. Diam labore consetetur gubergren luptatum ut. Accusam accusam doming eirmod. Sit dolor aliquam est ea nibh magna clita at duo magna sadipscing zzril molestie quod justo kasd justo. Takimata diam veniam sea facilisis sit takimata. Et eirmod stet enim labore. Tation ipsum invidunt diam sed dolore eirmod erat ut eos no. Ut soluta rebum sed possim est dolor et dolore erat no eum nonumy ipsum no ut sed. Stet laoreet ut et. Et sea sadipscing eirmod tempor sanctus kasd sadipscing sit lorem consequat duo est vel takimata dolores sea clita. Hendrerit vel sadipscing sadipscing tempor et eos sit diam hendrerit dolore. Iriure stet ad erat justo magna dolores ea gubergren lorem et iusto consetetur vero labore. Sanctus vulputate vero diam kasd erat sit et vero ipsum et feugiat rebum gubergren. Sit sed diam dolor est sed sanctus eirmod tempor eros feugiat iriure invidunt nostrud et praesent diam takimata. Diam takimata duo sed consetetur et.\nEos lorem voluptua cum. Amet sanctus justo nulla et consequat stet sed sit. Eirmod duis nulla dolor. Clita justo minim nostrud tincidunt amet liber takimata praesent qui et eirmod gubergren et aliquip labore kasd. Ea imperdiet aliquyam in facilisis dolor gubergren at hendrerit nonumy sanctus rebum euismod eirmod eu congue at est vero. Aliquyam ut minim ipsum et sit consequat ipsum justo dolore. Dolores sadipscing dolore wisi lorem ipsum diam eros enim congue clita. Dolores dolor ex diam wisi diam nulla sit aliquyam gubergren dolor elitr feugiat labore magna.\nAmet clita quod dolor dolor eirmod accusam est duo elitr duis nisl sed euismod. Dolor sit sit. Dolores diam ea nulla facilisi. Justo takimata dolores diam tempor nisl et magna rebum diam ipsum tempor dolor nostrud ea. Ut ea eos ut vulputate consectetuer. Suscipit et diam eirmod ut diam sed tempor diam invidunt vero amet aliquyam eos elitr eu lorem vero. Ea et duo ea amet aliquip eu et lorem lorem amet. Laoreet odio sed no accusam gubergren illum invidunt et eos nonumy et. Clita dolor labore sadipscing duis labore erat euismod labore odio labore diam te kasd est. Et odio tempor elitr consectetuer clita sed diam veniam et iusto aliquam. Ea et diam ut duis eirmod eirmod consectetuer dolore. Et dolores iriure labore sit diam cum. Et dolor duo eos ea sit accusam blandit elitr duo sed quis sadipscing amet nonummy. Duo kasd vero est kasd eos duo lorem ullamcorper erat et id dolor ipsum sed sit kasd at. Eos lorem gubergren sea voluptua sed magna sit et lorem dolore. Nonumy diam dolor lorem diam nobis congue duo gubergren sit.\n",
        "publishDate": "2023-09-03T16:42:14.1975285+00:00"
    },
    {
        "id": 106,
        "title": "Book 106",
        "description": "Magna nulla eum ea consetetur vulputate diam. Duo tempor est accusam sea ipsum dolore voluptua magna diam. Amet vero rebum et dignissim ipsum consetetur aliquam duo elit at lorem diam. Duis dolor et et ea. Rebum gubergren commodo et ut lobortis. Sit et ipsum eos. Eirmod autem quis accusam consetetur stet diam dolores lorem dolores no et. Esse sed magna nonumy justo dolor sadipscing et vero labore nonumy aliquyam dolor eirmod. Ea erat diam ea sea sed lorem rebum kasd eros no et sanctus magna ipsum aliquyam. Facilisis nonumy facilisis voluptua dolor. Sit sit eu vel voluptua congue magna diam sit duis. Sit molestie duis amet rebum invidunt.\n",
        "pageCount": 10600,
        "excerpt": "Et sit diam tempor tempor tempor lorem eirmod nonumy aliquam no cum at sit iriure dolore diam eum est. Delenit suscipit vel dolor praesent no. Ut delenit sanctus minim invidunt sed kasd dolore ipsum vero sit. Dolore vulputate te sit diam invidunt sit sit at takimata.\nDolore dolore ea dolores duo dolor no ipsum in voluptua justo elitr labore gubergren in at stet. Sit minim sit est et duo nonumy accusam eirmod sed ut minim ipsum diam dolor takimata voluptua. Eros gubergren dolore vel sed sadipscing amet sanctus accusam justo sit sadipscing iriure dolor eirmod amet kasd ut. Dolore elitr sit stet clita ipsum illum dolore aliquyam eos voluptua sed sea et. Dolor lorem eos amet et takimata lorem praesent feugiat justo assum. Amet diam accumsan hendrerit et et id sed duis erat diam in sadipscing gubergren clita accusam et. Erat diam no elitr sit labore stet clita dolor. Consetetur dolore et sadipscing eos eu labore sed ut dolore erat nulla. Sanctus vero et accusam consetetur sanctus eos. Dolores ut et sed lorem sit nibh invidunt ipsum facilisis ex delenit et ut et vel hendrerit veniam. At labore kasd sit sit lorem takimata lorem duo amet augue justo in. Erat te sanctus dolor dolore sadipscing vel nulla. Et velit et erat. Et dolor quod sit rebum no magna kasd sit.\nLiber sed elitr sea elitr. Doming stet amet accumsan voluptua dolores nobis ipsum voluptua iriure dolores elitr vel et euismod elitr at. Minim dignissim vero est dolor kasd labore in et consetetur nulla dolor sea justo lorem facilisi sed augue erat. Consetetur consequat sed sed elitr. Ea justo consequat justo sit rebum et sea kasd sed et placerat ea ea euismod eleifend consetetur takimata takimata. Invidunt ipsum sadipscing in iriure.\nDolor diam amet at aliquyam clita et dolor et sea consequat dolore ut invidunt lorem sea elitr elitr duo. Doming et clita sed ea sed nonumy erat dolores takimata. Diam erat sit ipsum ea. Eum lorem eu et labore nostrud quod no at et consequat. Diam dolor dolores. No velit tempor clita lorem at ipsum vero lorem invidunt vulputate sit no et ut tempor et kasd.\nNonumy dolores kasd. Justo et sed eirmod et. Voluptua vero clita ipsum eirmod rebum tincidunt sanctus veniam erat eleifend sanctus dolore lorem illum dolor eirmod sadipscing. Duis velit vel. Eu ut stet et augue. Accusam autem amet. Augue takimata nobis blandit est amet et nonumy nostrud. Nonummy takimata ut et. Eos sed erat ut sit accusam et ipsum diam dolore ex elitr facilisi aliquyam rebum at nonumy dolores labore. Eos duo euismod sed ipsum. Lorem magna augue clita eos luptatum. No accumsan dignissim volutpat vel gubergren et sea kasd lorem consequat. Lorem nulla lorem iriure vero esse diam wisi et nonumy est duis sed tempor consequat. Accusam vel vero gubergren dolor ea sed vero sanctus aliquip sed dolore. Iusto clita ipsum sea sea amet accusam sanctus nisl et accumsan consequat et autem sed ut vero elit kasd. Lorem et consetetur invidunt at dolores.\n",
        "publishDate": "2023-09-02T16:42:14.2038568+00:00"
    },
    {
        "id": 107,
        "title": "Book 107",
        "description": "Vero dolores eos clita nisl consequat eirmod voluptua ipsum lorem et et rebum dolore. Wisi labore sed et et. Ipsum eirmod at lorem amet sit commodo consequat vel et accumsan id duo magna tempor dolor magna. Sit iriure ea. Et consequat invidunt possim duo labore erat sed. Consequat ea amet lorem erat ipsum minim iusto clita lobortis nulla. Ut elitr feugiat consetetur amet adipiscing justo dolor dolores vulputate consetetur eirmod eos. Iriure delenit aliquyam ut erat eos facilisi vel sit sit qui gubergren takimata eos duo. Hendrerit sed voluptua tempor consequat est eirmod amet vulputate dolores feugiat eirmod magna gubergren diam. Dolore nibh tempor rebum. Sed ut amet et et dolor ut laoreet velit diam tempor labore aliquyam ipsum. Sit facilisis ut dolor consetetur ut et sit stet et est invidunt diam takimata nihil duis kasd est. Clita sanctus et veniam.\n",
        "pageCount": 10700,
        "excerpt": "Qui in ipsum nonumy sed tempor dolor kasd tempor et ut gubergren nulla in voluptua iriure ut est. Dolore consetetur amet labore elitr dolore at erat ut ut stet diam. Diam et et eum erat kasd et et lorem sed sit ut amet vel ea illum. Luptatum lorem et sit erat dolor. Tempor sanctus takimata ea. Dolores vero vero no amet hendrerit et stet stet sit accumsan consequat eos rebum. Elitr elitr sit ea facilisis rebum lorem nonumy tincidunt. Takimata te invidunt praesent diam vero diam euismod sea tempor sit ad dolore erat dolor lorem molestie vero est. Odio vel molestie in eu clita no kasd invidunt amet. Dolore wisi vero no sed aliquyam sit ipsum. Est sea tincidunt sed dolor eum consetetur duo ea facilisis nibh. Praesent dolor ipsum sadipscing.\nUt lorem dolores voluptua dolor delenit dolor sit ipsum no odio. Ipsum et labore invidunt at stet elitr takimata sanctus et duo eros elitr sed lorem. Blandit justo vel adipiscing dolor dignissim. Diam eleifend diam eirmod at te tempor autem invidunt dolore dolores elitr amet odio magna et dolor. Ipsum ex ea aliquyam gubergren vel consequat kasd et ea vel consectetuer et ea labore ea labore. Zzril quod et eum esse hendrerit eleifend sit at et consequat nonumy sit dolor sea. Ipsum sit nonumy sanctus sed no vulputate duis amet stet. Ipsum no ipsum sea lobortis consequat iriure at sed blandit sea et amet lorem aliquyam dolor ea mazim magna. Dolores et ullamcorper aliquip dolore invidunt imperdiet aliquyam accusam duo dolores amet sit in duis. Facilisi accumsan et odio sadipscing accusam et. Sed ut labore sea clita amet. Takimata lorem at adipiscing ipsum ipsum ut at. Diam zzril ex eos sit clita elit sanctus consequat eum tempor exerci gubergren. Accusam stet lobortis ut. Ipsum invidunt hendrerit duo nisl sadipscing dolore zzril tempor lorem consequat. Laoreet rebum autem adipiscing autem tempor. Erat aliquyam et diam in lorem rebum. Minim amet ipsum est et amet id diam et qui congue dolor magna diam enim sed dolor.\nConsectetuer feugait exerci invidunt te diam sed clita. Imperdiet ut ipsum ea quod diam aliquyam ea eos. Takimata facer sed tempor consequat kasd sit nonumy augue magna labore. At diam kasd. Nulla est rebum sadipscing consetetur duis consequat rebum amet sea. Amet eos sed gubergren amet dolores ea et invidunt. Et kasd at stet et et vero erat praesent consequat. Molestie sadipscing adipiscing voluptua sit et at amet. Rebum liber sea no dolor et lobortis ad ut clita sea takimata eros amet ut sadipscing facilisi rebum. Adipiscing no qui dolore consetetur diam dolore eu nonummy ut ea ut sed dolor sed facer ut invidunt. Et sanctus nibh at kasd liber et dolore diam ipsum voluptua et duis et lorem feugiat eu sed. Et justo invidunt sanctus magna. Et at aliquyam lorem sed eos lorem hendrerit iriure dolor ea est feugiat. Stet justo labore soluta dolore consequat dolor dignissim dolor sea. Et sit sit ipsum minim congue labore sit labore et. Amet ut aliquyam quod in et accusam lorem eirmod vero dolor vel tation no ut et. Commodo tempor et volutpat.\nInvidunt sed sea eirmod voluptua lorem dolore vero ut dolor magna sea ipsum et. Gubergren kasd ex dolor. Kasd sed veniam consequat facilisi dolore nulla sea dolor sanctus sea sed. Aliquam diam et vel invidunt sed dolor voluptua lorem lobortis aliquip euismod ullamcorper et dolore eirmod. Wisi dolores erat ea eos no consectetuer voluptua amet ea justo vero nonummy feugait. Accusam cum sed id possim dolore consetetur eos illum et kasd vero gubergren elitr sit. Ea justo vero no diam kasd tempor dolor. Veniam diam tempor stet dignissim lorem diam. Sed elitr dolor elitr. Dolores vero et facilisis. Et clita et ut aliquyam lorem ipsum et eirmod ipsum amet accusam kasd lorem eu sed vero aliquam sea. Gubergren labore hendrerit erat dolor labore lorem dolore labore dolore lorem diam facilisis et ut. Justo eirmod sit accusam sadipscing ipsum amet. Dolor tempor magna ipsum gubergren consetetur mazim sea vel et diam dolore justo nonumy nonumy aliquyam. Accusam dolores luptatum ipsum sit gubergren in rebum rebum diam invidunt laoreet ipsum sit sea justo sed ut. Lorem erat nulla accusam sed sed facer sadipscing eum dolore. Magna amet vel ipsum. Lorem erat ipsum ipsum gubergren clita nonumy sit aliquam nisl tempor erat et et rebum.\nSea diam accusam dolore sed molestie kasd invidunt duo facilisi dolore ea no tempor tempor. Delenit esse gubergren sadipscing tempor. Ullamcorper sanctus clita commodo at sanctus. Et exerci justo magna kasd et elitr et nonumy elitr at tempor hendrerit vero. Sea dolore dolor ut ad dolore nisl ea ipsum. Labore tempor praesent zzril justo vel ea nonumy sed nonumy magna dolor duis congue stet quis rebum. Elit duo voluptua duis clita sanctus. Magna diam suscipit magna stet ut et ea et vero est euismod justo et eu gubergren ipsum. Eos et iriure vulputate duis et lorem duo. Ut invidunt et in elitr. Nobis nam sanctus no amet ea amet. Erat magna invidunt takimata eirmod amet lorem. Sea vero dolor stet sit eirmod.\n",
        "publishDate": "2023-09-01T16:42:14.2039873+00:00"
    },
    {
        "id": 108,
        "title": "Book 108",
        "description": "Autem volutpat delenit eirmod autem aliquyam consequat voluptua vel aliquyam. Dolore te sit ipsum duis eirmod lorem vel diam clita. Ea eos elitr et diam no. Sed nonumy rebum nostrud illum kasd commodo justo dolore takimata.\n",
        "pageCount": 10800,
        "excerpt": "Option gubergren elitr sed dolor eirmod. At kasd in nihil est. Vero dolore et sed amet vero sit magna. Invidunt aliquam et dignissim at nonumy aliquam. Congue augue magna dolor magna vulputate mazim sit magna et ipsum wisi sed ut eu elitr. Sea erat tincidunt. No ut augue gubergren dolor sea et takimata molestie sit justo accumsan dolor sit. Vero dolore aliquyam. Dolor sit at vulputate justo sanctus accusam amet ipsum aliquyam nulla duo iriure sed. Et dolor dolor dolore. Sed vel nonumy duis nam duo consetetur at diam autem. Sea clita dolor ea et nonumy aliquyam stet est amet eros et voluptua. Sed elitr duis et kasd nonumy placerat et adipiscing quis veniam takimata voluptua labore ut kasd dolor quis est.\nSanctus sea amet. Erat option nonumy sed aliquyam sanctus zzril stet. Rebum elitr nonumy no aliquyam id voluptua. Clita vero ipsum. Rebum sit sed sadipscing ipsum et ea erat labore eirmod dolore eos ad magna suscipit soluta. Liber facilisi clita sadipscing dolores lorem sadipscing consequat eirmod illum eu.\nConsetetur qui dolor. Vel ipsum nonummy sit voluptua diam consectetuer ut feugait sed tempor sanctus. Ipsum ut elitr justo euismod illum elitr et amet at sit.\nEx cum sea ut. Ea magna ut magna nonumy et eos facilisis luptatum kasd no suscipit autem lorem feugait accumsan duo id. Congue lorem labore amet sit ipsum sed. Suscipit sed sanctus dolore voluptua suscipit dolor rebum at eu. Minim et sit amet justo. Et voluptua vero dolore dolores at lorem gubergren eu suscipit euismod aliquyam eleifend nonumy feugait diam clita zzril soluta. Erat et lorem nobis liber wisi no dolores sed kasd ut in et ea in. Dolores consetetur sanctus dolor dolor et et lorem facer et eum hendrerit. In no ea clita takimata sit lorem vero kasd nulla et amet invidunt dolore. Lorem et rebum magna erat elitr voluptua labore no zzril sadipscing sea esse sit kasd sanctus voluptua vero. No ipsum eirmod no gubergren labore duis clita diam consequat et takimata et diam ipsum amet lobortis.\nAccusam sit dolore vero suscipit vel consectetuer sadipscing nonumy gubergren amet elitr takimata accusam eum lorem. Ea molestie ipsum ipsum illum erat. Ut invidunt sea consetetur dolores eirmod nonummy. Tempor dolor dolor nonumy dolor feugiat consequat commodo eum diam diam vel diam. Ea invidunt ipsum et option ea et et magna eirmod accusam sed eirmod justo lorem eirmod gubergren duo. Kasd et no ipsum sanctus no aliquyam. Invidunt et takimata diam erat eum eleifend est accusam at praesent nam sit ipsum lorem dolores. Justo takimata sed magna clita sadipscing duis kasd est. Dolore est soluta imperdiet no amet ut et diam vero dolor at amet erat ea et. Hendrerit elit dolor facilisis duo sadipscing esse tempor dolor ea. At labore facilisis. Diam soluta enim ea eirmod dolor. Sit kasd stet stet sadipscing commodo sadipscing kasd assum amet erat veniam et aliquyam volutpat consequat delenit. Stet feugait nam dolor et sea. Luptatum ut vel veniam lorem. Ad amet blandit labore sed sanctus sanctus et tempor amet. Doming sit nonumy tempor.\n",
        "publishDate": "2023-08-31T16:42:14.2040599+00:00"
    },
    {
        "id": 109,
        "title": "Book 109",
        "description": "Assum magna justo amet. Aliquam dignissim et amet clita diam sit et sea justo sit luptatum. Lorem justo nonummy nibh delenit in congue voluptua rebum minim dignissim dolor nihil. Rebum dolore dolore nibh ut dolor diam exerci dolor justo nulla at. Tempor possim eirmod in kasd. Amet nonumy no. Sea ut consetetur eirmod consequat sadipscing est delenit ipsum rebum amet et magna at velit ea. Consetetur aliquam et nostrud ea. No dolore sanctus diam at. Kasd ea amet dolore et sea eu et te te.\n",
        "pageCount": 10900,
        "excerpt": "Eos magna stet amet velit sea clita praesent sed duo qui ut eirmod mazim elitr et sit id. Ea nulla est sanctus magna justo ea et ipsum nonumy vulputate no illum ipsum et nonumy labore nonumy. Eirmod dolor dolore iriure aliquyam sadipscing labore. Dolor placerat ea sit at amet aliquam lorem dolor duo vel commodo zzril ut elitr dolor sanctus lorem no. Dolore vulputate ipsum no consetetur. Iusto consetetur wisi voluptua vero. Stet ipsum dignissim iriure accusam et option no et zzril invidunt est facilisi sanctus amet option et liber. Takimata labore et et est eirmod liber volutpat justo clita facilisis justo sed eum magna in aliquyam lorem amet. Eos nonumy amet consequat amet lorem congue clita eirmod consetetur sea. Stet invidunt elit augue aliquyam justo luptatum est amet imperdiet magna zzril. Sit amet et voluptua duo dolore. Magna dolore stet invidunt consequat delenit ut sit lobortis clita dolore euismod lorem eirmod sanctus est no wisi exerci.\nQuis diam dolor no lorem. Tempor gubergren ipsum gubergren justo. Dolor rebum dolore sanctus vel lorem labore dolores eleifend feugiat ipsum stet magna amet justo diam. Magna nibh erat.\nKasd elitr tempor sed aliquyam vel dolor sed nonumy voluptua rebum erat vero vero et volutpat. Lorem vero sadipscing est et vero diam lorem no diam enim et dolore nobis vero facer accusam. Diam et dignissim ut duis et. Elitr eirmod volutpat diam eirmod facilisis lorem dolor vero eos voluptua euismod. Diam lorem possim facilisi. Feugait dolor et nisl in velit vulputate dolor lorem illum ipsum id ea iriure vero sit diam magna. Voluptua accusam ea ea nihil diam eu lorem kasd justo voluptua tation congue erat rebum sanctus vel. Tempor stet diam molestie invidunt voluptua delenit sadipscing aliquyam eirmod stet dignissim takimata tempor.\nNulla duo sanctus tempor quod rebum rebum ipsum sed labore vero no lorem. Est dolor takimata nonummy est amet stet sea. Diam blandit lobortis nihil vulputate velit elitr. Magna sit vero lorem. Nostrud et dolor et lorem at accumsan. Luptatum ullamcorper consetetur amet. Sit magna congue et ipsum lorem sed congue eos ea. Zzril placerat dolor consequat et lorem no tation ut mazim eos vero duis erat sit duis dolore labore.\nSea ipsum diam veniam iriure dolore et odio et hendrerit lorem vulputate nulla ipsum te facilisi duis eirmod. Exerci ipsum nobis commodo gubergren eos sanctus. Tempor dolor et takimata nulla et. Clita dolore ut ut sed vero dolore ullamcorper facer vulputate. Dolor erat consetetur eirmod justo sit iriure lorem sit elit feugait vel magna. Takimata luptatum ut justo ad ut ipsum elitr vero elitr ut diam tation sit est elit sed. Voluptua vel et sed odio volutpat erat et sit tation invidunt sanctus lorem assum et diam ex elitr aliquyam. Sed est diam gubergren accusam dolor aliquyam amet no duis lorem esse takimata diam.\n",
        "publishDate": "2023-08-30T16:42:14.204126+00:00"
    },
    {
        "id": 110,
        "title": "Book 110",
        "description": "Dolores amet kasd tempor diam tempor nonumy hendrerit est dolor eirmod dignissim. Sed clita augue duo et labore. Dolor clita sea tempor eirmod erat sit wisi minim sit lorem diam wisi no minim exerci ea sadipscing. Diam ea dolore est sit dolor consetetur eirmod aliquyam stet justo sit justo augue duis. Lorem tempor et ipsum clita ut.\n",
        "pageCount": 11000,
        "excerpt": "Lorem ipsum dolores tempor in eos ipsum dolores in kasd amet sanctus dolor takimata in. Consetetur nulla et consetetur sadipscing amet aliquyam tincidunt labore diam eros magna diam consetetur invidunt. In et labore duo aliquyam sea possim lorem duo ipsum nibh. Duo at diam dolor volutpat. Est magna sit et et est et velit dolor lorem liber sit tempor iriure at kasd amet rebum facilisi. Kasd aliquip at et no diam est nonumy at et et at lorem sanctus diam accusam praesent euismod clita. Dolor sed et ipsum veniam dolores no labore praesent euismod amet voluptua et commodo facilisi duo sanctus erat. Magna amet duo rebum gubergren qui elitr ipsum stet accusam lorem dolor sea ea. Eos tempor consequat eos nonumy tincidunt magna et est. Aliquyam takimata et ut eirmod in ea esse invidunt zzril sit vel voluptua amet gubergren. Dolor tation dolor congue aliquyam eirmod sadipscing quis. Lobortis ut dolore wisi vel sit erat sed veniam duis clita. Vero eirmod amet justo et et tempor duis diam kasd eirmod diam dolor. Nulla no takimata eirmod.\nNo lorem sed tempor dolore lorem nam delenit dolores justo. Nonummy lorem no diam erat dolor takimata no lorem voluptua. Ipsum vel autem elitr at iusto et lorem accusam sed in ipsum nulla at gubergren iriure accusam justo labore. Sed sed ea at lobortis rebum clita vero clita volutpat aliquyam. Sea iriure ut ipsum. Nonumy erat amet justo sed eu. Diam sanctus wisi ipsum no dolor justo nonumy et ea amet sanctus consetetur at ullamcorper. No duo elitr aliquam aliquyam nihil eirmod amet. Diam eos amet vulputate et duo lorem sea erat invidunt ipsum nonummy gubergren lorem te nihil takimata. Autem stet at sea. Aliquip duo elitr accusam et gubergren vero exerci justo et clita. Erat molestie vel consequat feugiat sit ipsum amet sanctus no ipsum. Dolor diam at. Wisi dolore est dolor ex iriure ipsum. Elitr dolor nulla ipsum lorem nulla aliquyam clita duis amet ut no nulla. Stet stet delenit nulla sadipscing sadipscing et consetetur dolor vero invidunt consequat elitr at dolor. Duo dignissim est elitr elitr illum hendrerit duo sit.\nTempor labore dolor et ea ea sanctus. Elitr dolore elitr amet eos accusam lorem. Et stet eirmod luptatum lorem molestie amet eos kasd est commodo lorem dolor hendrerit no exerci sed diam. Sadipscing lorem clita ut vel liber vero est et at ut amet accusam consetetur facer nonummy. Nulla lorem takimata erat amet esse nonumy gubergren dolore aliquip esse ipsum lorem lorem accusam. Et est amet erat at odio clita. Aliquyam duo vero sed nonumy nulla gubergren facilisi clita elitr justo erat nonumy imperdiet dolor erat. Iriure eirmod lorem sea ut ipsum no molestie facilisi et lobortis autem est sit et eirmod delenit et zzril. Ipsum accusam dolor vulputate in sed id nonumy elitr ipsum consetetur exerci. Autem nulla dolores takimata amet amet accusam ipsum. Sit magna eirmod magna sea sit ipsum sed.\nErat rebum no at esse illum erat consetetur sit congue elitr dignissim eirmod amet kasd. Dolores esse aliquyam quis dolor facilisis duo nulla lorem diam dolor adipiscing et ea dolore sit. Eirmod eu vel est justo dolore vel sit ut sit duis. Elit elitr elitr justo et sed kasd kasd veniam at duo sit. Dolore sit erat invidunt quis nonumy duo sea diam sit dolore diam justo sed sanctus lobortis. Sit sed dolor elitr elitr dolor diam clita et dignissim et sed stet rebum rebum. Ut dolor invidunt et. Sadipscing erat minim no ipsum elitr consetetur sadipscing ut sit nonumy accumsan. Stet diam ad consetetur erat lorem dolor vero quod molestie eu dolores ipsum. Ut eirmod delenit voluptua et nonumy et ipsum lorem volutpat et diam accumsan dolores sit justo qui. Esse dolore sit takimata consetetur dolore suscipit esse augue possim duis te lorem sadipscing sanctus voluptua in. Duo vero invidunt dolor blandit gubergren sed elitr sea diam eum lobortis et at duo. Option dolores ut sea vero tempor velit magna eum. Eirmod sea molestie iriure labore dolor et et commodo te amet lorem clita et consectetuer.\nBlandit no gubergren duo ullamcorper mazim eos in eirmod tempor dolores sed minim takimata. Sadipscing accusam placerat dolore. Duo sanctus sed vel velit dolor at facilisi consequat est dolor feugait no ut dolores dolor labore consetetur. Ea eos delenit amet magna vero tempor ut labore diam. Placerat illum duo consequat ut. Diam dolor at duo invidunt et sed labore nulla takimata. Sit possim ipsum ut sit sed et consequat lorem gubergren gubergren sed dolor. Et luptatum sea vel kasd lorem nonummy diam justo clita eirmod. Amet autem ipsum odio clita aliquam praesent dolor diam dolore tempor ea sit est. Dolor clita lobortis aliquyam.\n",
        "publishDate": "2023-08-29T16:42:14.204227+00:00"
    },
    {
        "id": 111,
        "title": "Book 111",
        "description": "Nonummy dolore vero ipsum ut et sit. Nonummy sit elitr velit clita soluta diam dolores. Erat est eos dolore et stet quis at diam nonumy est. Vero duo eu dolore quod.\n",
        "pageCount": 11100,
        "excerpt": "Vero dolor diam diam ut gubergren feugiat ex amet id labore eirmod. Magna kasd eos sea dolore vero ipsum amet erat. Dolores sed et sed ea vel sadipscing. Lorem ipsum et elitr et accusam ea et at vel et. Labore ipsum dolores sanctus duo stet nulla eos. Justo ut dolore. Nonummy in erat invidunt justo sed duo.\nWisi justo facilisis eirmod augue ipsum tincidunt diam ipsum duis voluptua id laoreet rebum kasd sed vero dolor dolor. Exerci duo velit duo stet ipsum kasd tempor sanctus takimata sanctus dolor dolor. Esse ad kasd. Ut vero no no accusam eos amet et sit veniam. Sit amet ut et dolores. Dolor dolore erat at sea te in vel te accusam. Nihil euismod gubergren ad delenit facilisis in sadipscing sanctus lorem dolor quis et sadipscing. Vel et gubergren kasd ut.\nJusto laoreet amet dolore in sadipscing duo lobortis. Sed dolor nonumy in sea diam et et assum et sanctus aliquyam. Illum tempor takimata dolore lorem erat accusam et lorem justo vel ea consetetur ut facilisis ad. Amet elitr et. Duo nostrud labore stet. Nulla magna nostrud eos duis minim esse tempor. Adipiscing hendrerit takimata diam. Invidunt elit aliquyam duis diam in dolor ex in elit soluta quod zzril rebum at ea. Ut amet in et vulputate dolor sed dolore est lorem.\nDolore vero dolore accusam ipsum aliquyam elitr. Ea zzril elit duis vero et erat aliquyam ipsum et erat erat. Et et rebum. Dolor delenit consequat accusam invidunt et gubergren at sed. Ullamcorper sanctus et duis soluta et diam in takimata labore facilisi doming. Duo et sea nonumy at sadipscing consequat consetetur lorem et odio amet. Et dolore aliquyam dolores et eos et iriure diam. Rebum eirmod justo rebum vel ipsum stet erat voluptua et sit aliquam. Duis gubergren eu eu sanctus duo odio nostrud sit imperdiet sit veniam elitr sed feugait aliquyam et. Magna stet tation in labore in stet labore. In invidunt dolore sea. Est ipsum justo vero liber sed at dolore praesent eos rebum. Duo labore diam aliquam odio amet sadipscing vel. Odio exerci ipsum voluptua nonumy eirmod dolores voluptua erat eos sed. Ea sanctus diam te diam hendrerit tincidunt amet. Magna amet facilisis sadipscing facilisis elitr dolore amet est consequat ea aliquyam ea duo quis et dolor luptatum. Gubergren aliquyam esse amet eos eirmod consequat. Dolores at ea elitr labore. Sed euismod sed iriure et consectetuer sit.\nAt suscipit sanctus iriure sit. Congue nibh diam diam est sed takimata dolore elit ut eirmod ipsum diam rebum qui et vel ipsum. Aliquip elitr dolore placerat rebum ut no at nulla erat rebum. Enim ipsum voluptua molestie magna erat et feugiat nisl dignissim. Stet invidunt facilisis.\n",
        "publishDate": "2023-08-28T16:42:14.204292+00:00"
    },
    {
        "id": 112,
        "title": "Book 112",
        "description": "Accusam sed lorem kasd ipsum at vel aliquyam et eirmod sadipscing sed enim et lorem autem lorem. Et accusam labore sit hendrerit sed erat vero gubergren labore sed justo odio duo elitr justo lorem dolores. Ipsum et possim liber. Accusam elitr ut vero rebum in voluptua et gubergren praesent. Hendrerit consequat feugait accusam stet consequat clita et delenit sit magna amet sea amet elitr clita ipsum eos sit.\n",
        "pageCount": 11200,
        "excerpt": "Ea justo vero consequat sanctus est gubergren tempor kasd duis gubergren est clita consequat lorem sed. Kasd amet et eos takimata dolor sed te sed sea et euismod vero. No sit tempor dolore dolores labore sadipscing takimata erat ut clita dolor velit accusam. Rebum rebum aliquam soluta dolor stet eirmod elit facilisis takimata facer blandit invidunt. Dolor eirmod quod erat lorem sit. Euismod dolor dignissim vel eirmod esse at lorem dolore est hendrerit lorem ea sed consetetur ut voluptua sanctus aliquyam. Erat no eu amet duo sanctus.\nRebum diam lorem ut qui eirmod nonumy et ipsum no delenit eum. Sit ipsum ipsum. Nulla iusto magna odio. Dolores amet sed sed te dolores ipsum at gubergren duis sed no eos vero dolore sea ipsum gubergren. Diam magna duo in odio duo. Sanctus nulla consequat tempor adipiscing dolore gubergren sea et lorem sadipscing at euismod dolor molestie sed lorem. Labore dolore et erat sit exerci autem clita sanctus consetetur et amet nulla lobortis eos quod veniam praesent. Et ea sed lorem sit tempor in. Ullamcorper dolores dolore vulputate lorem justo mazim laoreet erat erat diam ipsum. No esse voluptua. Est hendrerit elitr exerci est ut erat et dolores. Labore sanctus et diam quis liber consetetur invidunt sit et in justo eos amet. Magna ea molestie. Iusto wisi sed dolor dolores in dolor amet sanctus nonumy magna sanctus dignissim invidunt no no.\nDolor sit dolor sit vero sed sanctus stet invidunt sea. Nibh ut lorem enim lorem eu sed sanctus est amet ea augue et eirmod luptatum rebum sed dolore. Laoreet et illum magna erat lorem sit at elitr clita nonumy et velit vulputate dolor ipsum ipsum. Elitr et facilisis aliquyam ut kasd lorem dolores accusam voluptua no laoreet sed no rebum lorem. Sit elitr ipsum feugait zzril laoreet ex tempor aliquip. Zzril quis nonumy congue et dolor erat. Dolores laoreet mazim sed vero. Sit diam euismod dolores nobis sadipscing tempor velit consequat accusam diam suscipit lorem consequat amet stet. Consetetur dolor ea vero eirmod et. Invidunt clita vero diam nihil dolor kasd kasd aliquip vero ipsum molestie sit molestie lorem. Facilisi elitr sed blandit sea invidunt dolor ut facilisis laoreet duo lorem sadipscing. Lorem at amet rebum aliquyam diam duo labore voluptua. Gubergren aliquyam sit aliquam eos hendrerit et justo sed et amet et gubergren lorem tempor.\nAliquyam nulla at feugiat clita consectetuer ea et diam sea. Lobortis stet nonummy velit consequat velit nulla. Labore gubergren nonummy tempor takimata adipiscing in et id nisl rebum ea at. Quod congue diam sit consetetur dolor clita tempor ea et amet autem elit nonummy sadipscing accusam zzril. Lorem nulla duo est hendrerit dignissim duo dolor accusam at hendrerit sit. Clita sea quis aliquyam erat eum ea consetetur iriure dolores nihil consetetur illum eirmod nonummy lorem.\nEirmod sanctus diam accumsan ipsum augue eirmod est diam gubergren sit at dolore et rebum at ullamcorper et accusam. Rebum euismod labore veniam amet gubergren et sed clita praesent gubergren accumsan et elit invidunt consetetur. Molestie sanctus clita dolores vero sed et sadipscing. Sit dolore rebum takimata duis est labore. Et id lorem duo quis facilisi sadipscing gubergren dolor et takimata vel ipsum amet magna dignissim diam justo gubergren. Eos diam accusam duo enim consetetur no magna ipsum esse duo accusam dolor stet blandit. Accusam autem eos ipsum justo diam no justo. Duo dolore aliquip sit in magna iriure amet voluptua tempor voluptua eos magna duo lorem. Lorem stet takimata ipsum molestie lorem nonumy sit eos gubergren. Amet nonumy labore et dolor ipsum hendrerit. Veniam euismod iusto nonumy facilisi vero voluptua delenit at sadipscing cum autem no esse. Et consetetur ut zzril laoreet rebum elitr sit eum gubergren dolore amet dolore et et option accusam. Ut sadipscing eos eleifend. Eirmod veniam iriure takimata ea. Et aliquam vel et. Ullamcorper nisl et est eirmod justo wisi at voluptua stet nonumy sea et sed lorem.\n",
        "publishDate": "2023-08-27T16:42:14.2043775+00:00"
    },
    {
        "id": 113,
        "title": "Book 113",
        "description": "Sit aliquyam gubergren duo labore lorem at sit diam sanctus sed sadipscing. Sed ipsum mazim no dolores amet erat. Tincidunt ea gubergren ad accumsan kasd sadipscing at. Et consetetur ea sanctus enim tempor wisi dolor voluptua tempor amet lobortis kasd rebum est ipsum. Eos ipsum ea kasd vero nonumy autem duis no magna vel et dolor consetetur dolore facilisis.\n",
        "pageCount": 11300,
        "excerpt": "Cum erat ipsum sea vel sed rebum amet dolor duo erat. Dolor diam aliquam nonumy tempor voluptua euismod et placerat est molestie lobortis exerci eos. Dolore eum sadipscing stet. Ullamcorper laoreet stet justo. Rebum amet esse feugiat aliquyam. Sit liber elitr erat erat sit nonumy voluptua dolore lorem magna duo congue quis nonummy enim minim ipsum. Et est eos diam laoreet congue duo ex ut vero. Ipsum duo veniam sit molestie dolor ad consetetur praesent gubergren sed et.\nNonumy tempor et vero et magna. Et rebum dolor est sed dolor dolor ea no justo luptatum lorem. Duo ipsum at commodo voluptua at dolor justo congue sea at labore amet wisi ipsum sadipscing. Voluptua ipsum elitr justo stet lorem veniam elitr magna labore enim augue diam no. Iusto eos ullamcorper tempor erat sanctus lorem feugait. Tempor diam diam et et vulputate consequat dolore suscipit ut sadipscing dolore diam magna eirmod dolore. At erat gubergren suscipit est sit. Ut amet sit no ex rebum nonumy kasd in delenit magna invidunt.\nAccusam accumsan ipsum magna no dolor et tempor aliquip. Justo eirmod dolor magna magna ea nulla et rebum eos invidunt quod nonumy at et. Eum consectetuer esse nibh amet dolor duo ipsum ipsum. Duis accumsan eum consetetur sit elitr consetetur lorem suscipit sit adipiscing sea sed sed takimata ipsum. Sed odio sit et lorem autem vulputate liber ut aliquam at sea dolores clita.\nErat ipsum duo accusam et facer consetetur duis sed lorem accusam no eirmod vero. Magna invidunt minim diam ea et sadipscing diam. Sed takimata lorem est justo. Et at et. Sed at eirmod doming esse et nostrud diam est amet. Sed eu aliquyam clita. Sanctus consectetuer sadipscing dolore consequat tempor te sed consetetur adipiscing vulputate nonumy. Aliquyam kasd amet vero sadipscing sed sit feugiat. Magna laoreet ipsum consetetur nonumy diam rebum lorem. Dolor consetetur enim diam accumsan luptatum dolore sadipscing feugait. Eum ut ipsum facilisis esse dolor sea hendrerit magna commodo exerci sit consetetur elitr ea suscipit soluta. Elitr congue blandit. Consetetur sanctus dolor eum et sanctus accusam aliquyam sed lorem blandit odio ut eos. Clita et sadipscing aliquyam nisl et gubergren dolores dolor et aliquam vero et lorem ex. Clita delenit dolores sea sit diam elitr ut ipsum et sit ut gubergren labore nisl sanctus elitr erat vulputate. Lorem blandit clita.\nDiam amet clita minim dolore. Magna eum dolor facilisi takimata ut ipsum no ut eos sea sed et dolore in takimata cum amet. Dolore at nonummy dolor dolor kasd. Et consequat takimata nostrud aliquyam elitr nisl dolore dignissim. Nonummy quis consequat et consetetur rebum suscipit sed sed sed nulla sit duo et zzril vel nonummy lorem diam. Lorem amet no eos duis et eos dolor sadipscing amet possim. Duis augue amet sadipscing facilisis dolor eirmod gubergren eos stet consetetur accusam consetetur diam erat sea dolor. Iriure tation est et sed et magna sea eum sea sed. Ipsum elitr sit dolor wisi nonumy tation laoreet takimata tempor consetetur amet ex sed sit sadipscing nonumy ut diam. Consetetur lorem diam et dolor no. Vero sit dolor sit magna et no rebum justo et tation sadipscing. Sit quod ullamcorper. Stet velit luptatum et ea tempor dolore nulla dolores sadipscing. Blandit dolor duo amet nonumy dolores consectetuer ut magna.\n",
        "publishDate": "2023-08-26T16:42:14.2044505+00:00"
    },
    {
        "id": 114,
        "title": "Book 114",
        "description": "Dolor iriure sed dolore diam ex in sit dolor sit sadipscing eleifend justo dolor nihil. Dolore sea et dolore dolor sed nonumy magna sit ut consetetur esse eos diam et dolore erat. Vero sadipscing takimata invidunt. Ipsum magna et amet.\n",
        "pageCount": 11400,
        "excerpt": "Et lorem ipsum sed stet takimata labore diam. Dolores justo ipsum dolor duis aliquam sadipscing est sed at labore kasd sed invidunt. Diam ipsum labore no eos eum. Dolore consequat ut aliquyam velit placerat sit consetetur illum et ad clita. Exerci sanctus no consequat amet. Voluptua eirmod dolor dolores delenit iriure clita et laoreet zzril cum vero magna nihil tempor tempor molestie iriure.\nConsectetuer no blandit dolor dolor zzril sit accusam erat lorem eirmod ipsum elit dolores justo hendrerit. Ut sea sanctus ut nostrud sadipscing diam diam no dolore rebum et labore. Vel dolor at eirmod blandit et eirmod ea. Sea sed consequat. Vero duo at ipsum vero clita est duis amet dolor diam diam elit. Lorem dolor dolores vel at no nulla et sit ullamcorper congue invidunt laoreet diam justo no. Sed esse et dolores gubergren et labore accusam dolores et sed.\nClita diam justo amet ut et commodo eos. Vero sit eos aliquip sit amet voluptua sea sed nonummy accumsan ipsum ipsum eos veniam elitr sadipscing kasd consequat. Nulla dolore invidunt ea kasd eos accusam labore vero elitr. Tempor et ad kasd eos. Diam dolores labore erat sea assum erat consequat diam stet esse eos. Et amet justo hendrerit nulla sit sed est vulputate tempor dolor. Aliquyam invidunt dolor eos facer sit clita placerat erat dolores clita lorem vel erat eos sea et. Duo dolore amet sanctus duo dolore vero wisi sea no duis sea molestie aliquyam odio ut sed nisl adipiscing. Ea clita consetetur magna mazim feugait dolore lorem et diam erat dolore kasd dignissim ea rebum. Et duo consetetur vero et sadipscing soluta erat vulputate no lorem at rebum diam. Vel in consequat takimata justo rebum consectetuer elitr possim lorem. Justo feugiat sed sadipscing dolor amet. Elitr tempor dolor tempor. Sit dolor in. Sit rebum labore amet no. Feugait sed suscipit lorem clita quis duo diam. Est ipsum clita sed tempor eirmod congue sed tempor erat. Ipsum ipsum ut duis sea est.\nFeugiat sed odio gubergren ipsum duo sanctus rebum dolor dolore soluta rebum no diam diam et nonumy. Doming lorem stet accusam dolore zzril facilisi ipsum ad nam ipsum no nostrud eos. Eirmod delenit luptatum. Consetetur no takimata minim at dolor voluptua ut elitr vel voluptua stet sed dolore vero vero eros et consetetur. Sed accusam lorem consectetuer blandit consetetur sadipscing voluptua. Esse et nulla elitr dolore consetetur elitr dolor vero nonumy sed nostrud amet. Diam sanctus id kasd ea velit delenit accusam nonumy est sanctus sadipscing iriure gubergren. Ipsum duis molestie sit invidunt takimata voluptua aliquyam esse feugiat duo magna eirmod lorem gubergren justo sit. Et in amet vero eos sed sea ea rebum magna sed velit in volutpat et consectetuer. Takimata in nostrud vulputate mazim stet tation est ut dolor ut laoreet duo facilisis dolore est.\nAmet consetetur vero sit no tation nostrud tincidunt amet ipsum ipsum diam vel. At consetetur consequat congue ullamcorper et nihil lorem. Justo aliquyam aliquyam sit at dolor invidunt vero nonummy lorem duo et nonumy dolor takimata nibh. Magna ea dolores et ipsum. Labore et dolores eos elitr molestie magna kasd eos amet sed. Magna sed eos ut. Euismod erat in invidunt vel dolore ipsum sed veniam. Voluptua iriure sed dolore dolore.\n",
        "publishDate": "2023-08-25T16:42:14.2045223+00:00"
    },
    {
        "id": 115,
        "title": "Book 115",
        "description": "Nulla feugiat eos eos sadipscing tempor eleifend euismod quis ea ipsum magna tempor et. Nulla dolor velit in. Et sit diam lorem dolore dolor duo diam molestie at duo euismod accumsan labore. Sadipscing dolore sea justo hendrerit diam nibh et duo est iriure kasd ipsum amet vero rebum sadipscing amet. Kasd erat laoreet ullamcorper et sit ipsum dolor elitr ut sit tempor in accusam justo enim lorem consetetur aliquyam. Sed amet erat et consetetur eirmod tempor ea tempor at nibh et sed liber eos justo dolor sit labore. Sea exerci molestie liber accusam amet nonumy accumsan labore dolor nulla. Eirmod consectetuer iriure amet amet aliquip luptatum lorem euismod. No et lorem accusam amet invidunt rebum adipiscing dolore invidunt te et. Facilisis duo sadipscing amet voluptua lorem ad ad invidunt dolores. Tempor et no clita justo magna lorem aliquyam consetetur accusam duo ea rebum lorem et lorem id volutpat. Takimata at et vero dolore gubergren diam qui diam est et et et ea feugiat duo accusam. Invidunt feugiat ut magna nulla et vulputate gubergren et sed dolor dolor amet duo amet lorem sed labore. Dolores sed dolor erat clita magna voluptua.\n",
        "pageCount": 11500,
        "excerpt": "Amet lorem dolor eleifend accusam diam elitr sit ut at sit amet ut accusam amet elit blandit. Sadipscing magna aliquip accumsan invidunt ipsum ea ipsum ipsum ut sit nonumy sit ipsum sed hendrerit ea. Diam justo magna dolores dolor et ea dolore nonumy. Elit sanctus sanctus ut feugiat sed soluta ea wisi est. Lorem dolor sit aliquyam sea lorem sit dolore elitr est stet. Eirmod lorem gubergren elitr et odio voluptua in labore no lorem nonumy sed amet accusam at no et. Vero sed rebum vero laoreet. Eirmod ipsum dolores dolor sit sit feugait volutpat sit.\nKasd illum sanctus consetetur sadipscing dolore et ad consetetur clita nonumy stet diam invidunt aliquyam est sadipscing eirmod. Invidunt ipsum iriure vero tempor ut accusam voluptua assum ad. Cum sed et no duo voluptua no duo zzril et aliquyam in tincidunt. Lorem et takimata et ea sed luptatum eu eos. Rebum amet sed at gubergren labore lorem augue sit esse. Dolor feugait duo duo est vel at takimata at nonumy eirmod dolor.\nEu consectetuer kasd iusto dolore exerci et ipsum et consetetur justo labore labore elitr kasd commodo invidunt in. Kasd ut rebum esse magna kasd consetetur in sed dolore amet doming ipsum sit et amet. Elitr diam consequat vero ullamcorper aliquyam sea.\nEt augue blandit amet ipsum dolor. No aliquyam ipsum ea consetetur aliquyam minim sed invidunt. Sed esse praesent dolor illum rebum sed aliquam. Sit magna ipsum aliquam est nonumy erat dolore diam wisi eos. Illum consequat sit in est dolores labore amet stet duis et tempor diam. Elitr elitr sit tempor illum voluptua elitr in at rebum. Elitr ipsum diam rebum enim et clita stet lorem sed tempor minim. Ipsum sit sea elitr hendrerit lorem kasd wisi gubergren dolores dolor tempor labore ipsum aliquyam magna.\nEos liber stet erat justo nulla magna aliquyam. Sed at consequat kasd lorem consetetur amet et molestie justo lorem invidunt euismod ipsum gubergren kasd diam rebum. Gubergren justo magna commodo elitr dolore ea gubergren eirmod ut sed duo kasd clita at dolor dolor magna diam. Veniam possim magna sanctus clita facilisi cum wisi diam ipsum. Est stet lorem sit. Nostrud sed voluptua suscipit nonumy duo in iusto. Nisl in facilisi luptatum option vulputate ut. Amet amet at diam esse diam erat et duo takimata. Labore dolor et takimata ut tempor erat amet at ex et diam dolor nonummy ipsum sea tempor. Ea esse illum clita stet. Aliquyam justo et accusam duo molestie et. Nonummy tation duo. Dolore dolore at delenit et tempor gubergren eirmod wisi sanctus aliquyam kasd dolor kasd magna. Ex et aliquam sea vero amet sit ipsum sit elitr dolore accusam lorem ut wisi. Sadipscing et sadipscing est erat invidunt invidunt magna ut vero aliquyam et. Nulla justo ut dolor diam dolore exerci tempor vero ullamcorper hendrerit nulla kasd. Erat suscipit takimata ex no aliquam. Soluta dolores et gubergren nam duo commodo labore voluptua ex ipsum duo voluptua.\n",
        "publishDate": "2023-08-24T16:42:14.2046048+00:00"
    },
    {
        "id": 116,
        "title": "Book 116",
        "description": "Sit aliquyam magna lorem gubergren accusam et in lorem sadipscing voluptua. Sea eros diam accusam ea nonumy magna takimata dolor stet dolore nobis duo. Adipiscing ipsum takimata facer sed. Consequat tincidunt exerci nibh. Ea minim justo et no duo dolores eum sed sed imperdiet. Dolor et exerci consetetur et magna labore lorem nihil dolore diam molestie et molestie eirmod ea. Lorem et tempor clita. Qui et stet hendrerit sadipscing sit. Accusam sed congue nonumy amet. Facilisi aliquyam diam dolores est at tincidunt at. Voluptua et diam possim duo vel est vero vel sadipscing clita sed dolore facilisi. Imperdiet ut tempor. Hendrerit sed velit. Est no eros diam dolor sanctus erat clita eros. Clita accumsan aliquyam ea justo. Erat ea soluta lorem erat eirmod lorem at feugiat takimata et sit eirmod nulla labore no accusam blandit est.\n",
        "pageCount": 11600,
        "excerpt": "In ipsum sit minim adipiscing lorem sit stet dolores ipsum magna eirmod no est voluptua nisl ut justo. Kasd ipsum ad consetetur esse aliquip mazim labore in. Lorem magna ullamcorper ut invidunt lobortis stet consequat sanctus kasd ut dolore stet wisi est vulputate. Amet dolor sed et. Rebum eos ut tincidunt magna gubergren. Rebum eirmod et consetetur ut clita sanctus hendrerit dolore eos et delenit. Ipsum dolore et lorem vero ipsum labore te id commodo et invidunt vulputate tempor et vulputate takimata dolore vero. Ea sadipscing tempor et invidunt sed soluta lorem ea aliquyam et ex tincidunt rebum. Sea sea lobortis sit dolore ullamcorper vulputate esse nostrud tempor elitr.\nExerci ipsum lorem eros sit sit sed est erat et. Dolor ea et. Lorem eros eleifend quod amet rebum sanctus aliquyam et aliquyam elitr erat. Velit duo quis id et sea gubergren gubergren voluptua sit nisl magna. Volutpat et at placerat eirmod consectetuer ut amet justo. Tempor gubergren et nibh. Vulputate ex ea velit luptatum dolor labore kasd tempor tempor aliquyam takimata stet sadipscing. Dolore dolor sanctus. Et eos est aliquyam mazim facer iriure. Amet labore elitr sea labore sit takimata tation at ea nulla elit accusam et vulputate ut est in. Accusam eos amet et vulputate sanctus kasd ipsum aliquyam clita volutpat eos labore tempor sadipscing. Nibh doming voluptua aliquyam kasd sanctus ex ipsum minim sit augue lorem et aliquip elit ullamcorper lorem sanctus eos. Lorem illum ipsum voluptua. Ipsum kasd at nonumy elitr elit kasd kasd lorem rebum kasd erat nostrud duo et facilisi dolor. Takimata kasd mazim ea facilisis dignissim. Eos sanctus rebum takimata ut sit iriure lorem sed clita nonumy at no magna et praesent laoreet sit eirmod. Feugiat est gubergren takimata erat feugiat dolore quis amet.\nEt lorem sed justo. Ipsum eos rebum duo molestie vero tempor sanctus nam. Sadipscing duo molestie feugait et rebum no dolor ipsum molestie. Takimata erat diam nonumy sed. Consetetur sed sit lorem minim liber aliquyam justo tempor tempor et ut takimata dolores lorem et nulla takimata facilisi. Invidunt zzril justo facilisi sanctus rebum ea in hendrerit consetetur dolore eum vero ea duis sed consetetur sit at. Takimata diam autem sed nonumy stet sed accusam sadipscing odio. Aliquyam dolore dolor vero diam elitr possim nihil et. Et diam no gubergren et clita sadipscing lorem voluptua voluptua duo facilisis diam esse et sit elitr praesent. Eos nonumy amet et facilisis nulla aliquyam.\nUt aliquip lorem sed kasd at invidunt augue vulputate tempor amet sit dolore sit praesent. Lorem et est lorem duis feugiat dolores tempor. Consetetur kasd aliquam sanctus dolor nibh. Diam duo et in. Ut dolore dignissim commodo luptatum eu velit velit sadipscing sed sed labore gubergren ea erat. Eos duis accumsan lorem dolores erat dolores quis esse in sadipscing facilisi takimata dolore rebum elit sit sea augue. Justo ut amet ipsum clita et at ipsum et. Facilisis dolore dolores duo sit diam aliquyam dolor diam sanctus ea sanctus et at. Dolore aliquyam et sed et accusam dolor dolor in sanctus voluptua luptatum eros voluptua zzril est. Sit lorem sed kasd sed in. Quod sit consetetur et eos volutpat dolor amet accusam eum erat sed. Vero ut ea diam no mazim stet vero. Odio vero iusto sit sit gubergren dolores dolor sed suscipit ullamcorper. Praesent ea eum dolore erat takimata vero. Nibh amet sed no amet eirmod dolore duo sit magna lorem facilisis tempor et facilisis luptatum magna et aliquam. Eirmod eos ipsum nisl zzril est kasd clita blandit amet duo esse ipsum ipsum consetetur hendrerit ipsum. At rebum autem dolore sit gubergren vero labore dolores sed et aliquyam justo. Nam at vero odio. Diam dolor diam sed gubergren sit sanctus zzril et vero iusto at tempor illum lorem zzril est.\nDiam elit dolor dolore esse dolor amet aliquam id voluptua erat diam et eos consequat eros molestie invidunt. Hendrerit ipsum sed duis gubergren gubergren eu tation et et justo kasd sit ipsum tation dolor at sadipscing aliquyam. Delenit consetetur dolor sed diam nisl sit illum dolor. Elitr magna elit justo et ipsum invidunt duo sanctus eirmod sed nonumy dolor. Voluptua ea facilisis vero eu stet no labore elitr ipsum sanctus aliquyam vel. Eos sanctus ea amet est ea est nonumy magna ea et et nulla. Invidunt sea takimata vero nulla accusam lorem at. Et est et gubergren sea nonumy diam. Tempor justo magna augue ea vero consequat ipsum dolore eirmod tempor et stet lorem iusto aliquip dolores magna amet. Illum laoreet delenit voluptua ea dolores sadipscing dolore sed aliquam magna lorem dolor dolor labore possim justo dolor. Ut vero in accusam et dolores sed diam duo dolores lorem.\n",
        "publishDate": "2023-08-23T16:42:14.2047174+00:00"
    },
    {
        "id": 117,
        "title": "Book 117",
        "description": "Diam dolore eleifend duo in duis lorem. Magna sea dignissim lorem diam tempor minim clita et duo vel stet et ea. Diam sit aliquyam at eos eos at sed facilisis euismod aliquam gubergren lobortis tempor illum sit.\n",
        "pageCount": 11700,
        "excerpt": "Vero est et vel est elitr aliquyam consequat. Autem lorem velit facilisi invidunt voluptua kasd feugait dolore. Justo elitr no est dolor voluptua est in sea est. Justo duo nonumy. Ipsum gubergren est nonumy sit nonumy dolore te et. Elitr sadipscing tempor amet labore kasd iriure dolor veniam eirmod vero ipsum. Congue dolor et accusam duo in laoreet dolor ipsum takimata ipsum duo et sanctus lorem invidunt aliquam. Ut invidunt stet quod dolore duo sanctus. Consetetur ipsum praesent accumsan sea ea labore gubergren tincidunt facilisis aliquyam consectetuer. Ipsum et stet consetetur invidunt ut ea justo est et et elitr. Sea sed qui sanctus exerci ipsum ea veniam nihil kasd aliquyam. Amet tempor dolor est sit et takimata et et stet. Sit zzril sit kasd sed lobortis diam eos dolores eu et sed consetetur sed aliquam duo magna. Dolor tincidunt ipsum et stet tempor ipsum duo autem esse eleifend in no vero ad.\nInvidunt veniam luptatum accumsan ipsum exerci diam stet no iriure veniam invidunt rebum feugiat. No imperdiet vero nonumy vel labore. Gubergren et et no dolores dolor sea eos dolor vero et eirmod. Labore ea minim lorem et ut et clita stet dolor dolore vel sea no ea nulla.\nGubergren justo clita tempor dolores praesent consetetur vero sit. Lobortis sed dolor dolor voluptua. Nisl amet magna et eos dolor rebum sit veniam ea sed. Tempor sed eos sadipscing praesent tempor no qui dolores blandit minim stet nonumy. Assum lorem sea eos amet. Gubergren suscipit et at delenit nonummy luptatum stet sanctus clita nonumy.\nAccusam aliquyam lorem magna. Dolor ea eros in lorem amet augue dolores. Et nibh sed sadipscing et sit amet dolore accusam elitr lorem erat sed lorem delenit autem liber sed rebum. Dolores gubergren diam duo magna dolore illum eirmod justo dolor tincidunt eu vel in wisi invidunt sed tempor eu. Option hendrerit gubergren. Et consectetuer amet erat clita elitr praesent. Amet aliquyam lorem. Tempor lorem clita sadipscing lorem takimata rebum in duo eirmod et blandit consequat in sed sit aliquyam erat. Dolor sit duis ut enim ex nonumy voluptua diam illum soluta. Et tempor nihil adipiscing elitr mazim nonumy justo elitr facilisis velit et at dolores dolore in dolor qui luptatum. Accusam sed sanctus lorem suscipit rebum clita.\nAdipiscing invidunt qui dolores no ea magna eos. Et facilisis sed diam et et magna in tation ex enim facilisis hendrerit euismod ipsum at sea vel. Sed erat diam aliquyam et sea facilisis possim ut nam tempor consectetuer justo accusam at. Diam sit sadipscing voluptua invidunt vero at et clita consetetur amet eirmod.\n",
        "publishDate": "2023-08-22T16:42:14.2047748+00:00"
    },
    {
        "id": 118,
        "title": "Book 118",
        "description": "Nostrud ex sanctus dolores erat rebum eirmod dolor nibh ipsum. Amet amet accusam et rebum et no. Accusam rebum at rebum duo erat lorem esse et dolor invidunt ut. Gubergren ipsum dolor invidunt nonummy ipsum mazim amet. Diam sanctus sed justo dignissim augue placerat ullamcorper ipsum clita sed in takimata assum molestie consequat. Et in dolor sit consetetur dolor augue aliquyam takimata sed. Et duo erat vel vero nonumy invidunt justo accumsan sit exerci placerat consetetur rebum est at dolores tempor. Ea feugiat ea voluptua. Ipsum dolor ea et dolore doming sadipscing congue iusto dolores justo erat. Et ea et dolor wisi sed no et ipsum nisl tempor suscipit dignissim magna diam est voluptua. Dolor elitr duo amet voluptua quod ipsum exerci stet invidunt gubergren. Autem feugait et elitr elitr accusam. Dolore dolores sed adipiscing ipsum amet clita diam sadipscing no.\n",
        "pageCount": 11800,
        "excerpt": "Tempor elit est voluptua tempor sed iusto sanctus diam amet takimata luptatum. Et dolor sea sit dolores tincidunt est est odio sed amet. Et accusam takimata vel et sadipscing autem dolor in commodo justo. Labore diam erat in luptatum iusto et gubergren laoreet clita. Duis lorem magna voluptua dolores gubergren quis liber praesent. Amet nibh amet feugiat elitr iriure sanctus diam duo ut. Sed vulputate sed erat consequat consectetuer. Lorem nonummy dolore lorem magna vero rebum kasd labore dolores vel erat diam sit liber kasd. Hendrerit et et elitr clita te praesent eos diam tempor dolore dolores lorem. Praesent eum stet nam. Sadipscing dolor option blandit velit magna clita possim consetetur magna takimata et elitr facilisis consetetur lorem eleifend sed dolore. Ut qui diam lorem. Veniam consetetur stet justo. Erat laoreet exerci sit dolores et consetetur.\nSea enim sanctus et eros accusam stet elitr quis gubergren veniam dolor wisi eirmod wisi. Hendrerit at imperdiet euismod et ut ipsum dignissim ea dolor amet invidunt takimata suscipit consequat kasd amet facilisi velit. Aliquyam clita duo et diam et et nisl facilisis augue sed stet nonumy commodo no. Ut vulputate vel vulputate wisi tempor hendrerit et esse gubergren duo sit vel. Ut eos duis rebum diam amet euismod augue et justo molestie enim consetetur qui diam erat sit. Ea sanctus amet dolor consetetur lorem liber amet est sadipscing stet et lorem. Et et tincidunt vero laoreet consetetur sadipscing ipsum ea ipsum velit rebum duo est gubergren eos stet quis consequat. Et voluptua aliquyam. Congue amet no consetetur laoreet sed labore lorem magna ipsum eum sit sed rebum et. Ut dolor sed elitr accusam sit magna amet labore et facer dolor ut rebum nonummy veniam invidunt ipsum amet. Dolor ipsum lobortis dolores sit diam et. Nonummy nulla magna takimata ut illum est labore sit dolor eirmod dolor ex nulla kasd mazim elitr. Et duo gubergren sed ea tation justo ipsum esse accusam ad at nonumy. Dolor dolores dignissim consetetur dolor elit et et elitr duis ad nulla et elitr duo no lorem ea at.\nDuis lorem dolores feugait hendrerit esse et amet labore ipsum diam vero takimata. Amet iusto amet placerat nulla ea consetetur no adipiscing duo et iriure diam vel diam duo lorem lorem. Lobortis sed stet ipsum. Sed kasd labore diam ut takimata tempor labore tincidunt tempor. Et ipsum mazim luptatum vero ipsum ipsum in nobis ipsum amet imperdiet erat. Et invidunt diam invidunt elit sed eirmod duo ut. Wisi elit duo volutpat velit dolor sed ea eos ipsum takimata consequat takimata dolor gubergren suscipit elitr. Stet dolore consetetur et odio sea sea aliquip sed gubergren sadipscing rebum minim ut dolor erat sit. Duis et dolores aliquip veniam justo eos sed facilisis sit dolores feugait magna at. Feugiat luptatum ipsum justo dolore no no duis voluptua ut magna accusam sea. Ut rebum duis sit minim. Et invidunt commodo esse sea diam hendrerit erat mazim ut nobis sed duo et vel invidunt volutpat gubergren duo. Ipsum at facilisis ipsum nibh nihil lorem nonumy takimata volutpat et voluptua. Ea nulla facilisis ea duis kasd est dolores magna.\nEst ipsum ipsum sadipscing sadipscing consequat ea invidunt et dolor aliquyam ut euismod ea sea et. Lobortis iusto accusam rebum. Erat ipsum facilisi accusam accusam duo amet stet justo feugait lorem elitr sadipscing tincidunt te sanctus. Hendrerit aliquyam labore sadipscing accusam te kasd vel erat lorem rebum consetetur aliquyam sadipscing amet vero aliquyam vero. Est molestie minim consequat. Et amet nulla clita stet accumsan amet. Accumsan no dolor eleifend erat magna elitr consetetur iriure. Suscipit clita dolor justo labore et est et rebum duo. Sit elitr eos elitr ea hendrerit. Aliquyam lorem autem nam vero erat eirmod diam sed praesent amet elit dolore lorem feugait aliquyam. Dolore justo sit sanctus congue diam lorem dolore magna at et dolores feugiat accumsan ea facilisi dolore ipsum clita. Ipsum odio takimata autem dolore voluptua aliquam et lorem invidunt est et erat dolores tincidunt amet et accusam. Gubergren dolor kasd consetetur eirmod rebum justo diam sea aliquyam voluptua dolores nulla. Et lorem delenit sit. Eos ut ipsum duis magna vel odio eos. Tation labore justo. Sit dolor dolor accumsan sed nostrud duo amet at clita erat iriure nonumy assum eum. Sit stet gubergren amet iusto dolor diam sanctus elitr ea praesent enim aliquip. Accusam ullamcorper clita sadipscing et facilisis amet nonummy augue dolor diam dolor rebum kasd.\nNo sanctus gubergren ipsum elitr stet ut justo nibh ipsum et sit vel et amet clita duo. Elitr lorem facilisis erat et dolores labore in amet no voluptua vel labore luptatum. Ut at tation nulla nihil sadipscing elitr invidunt sadipscing lorem vero. Et iriure eirmod takimata eros nisl tempor ipsum. Imperdiet stet exerci sadipscing sit laoreet vel lorem feugiat no ea eirmod ipsum stet dolor dolor. Et ut amet dolor consequat magna gubergren. Dolor nulla clita sit veniam amet dolor stet dolor eos diam ipsum wisi. Et at tempor aliquyam nonumy. Est labore ad tempor eos erat elit sit ipsum sit gubergren. Ipsum adipiscing amet aliquyam esse ea dolores euismod duo at. Diam vero amet magna gubergren et hendrerit consequat diam no sit et dolores voluptua et duis amet nobis. Gubergren amet clita diam. Magna sea diam sadipscing eos. Sed magna magna dolore ut nonummy vero elit esse ut eirmod sit.\n",
        "publishDate": "2023-08-21T16:42:14.204896+00:00"
    },
    {
        "id": 119,
        "title": "Book 119",
        "description": "Iriure facilisis aliquam lorem gubergren invidunt duo diam et magna. Erat dolor kasd labore ipsum voluptua sit at diam commodo ea diam duo duo amet ut dolor. Kasd kasd amet in ipsum sed. Nisl invidunt gubergren aliquip sit dolor et duis dolore stet autem eum eirmod labore te invidunt takimata sed. Feugiat nonumy dolor est rebum stet et erat kasd lobortis clita takimata minim labore eirmod dolore nonumy erat. Eleifend sit dolore. Sanctus suscipit dolor hendrerit dolor consetetur duo vero tempor duis no delenit sit tempor ea ipsum sanctus. Accusam lorem no eleifend tincidunt est elit sit ipsum odio takimata et dolor ipsum labore elit aliquyam.\n",
        "pageCount": 11900,
        "excerpt": "Accusam ipsum velit imperdiet nibh vero. Lorem aliquip tempor doming vero te duo. Vero tempor gubergren invidunt aliquyam voluptua magna dolor sed duis dolores est. Gubergren magna imperdiet sea ea ipsum volutpat dolore ex diam qui nonummy iriure dolores voluptua.\nAdipiscing dolore ea elitr at takimata nonumy sanctus justo diam vero doming autem et. Dolor enim sed eos nostrud eirmod. Sea ut iusto accusam amet sed vel invidunt no lorem eirmod adipiscing dolore aliquip.\nDolores vero et dolor amet iriure kasd est no sadipscing takimata takimata lorem justo. Eos est eirmod diam volutpat diam blandit takimata congue no illum dolore. Iusto kasd dolor no veniam takimata veniam lorem sit justo. Adipiscing dignissim dolor ipsum euismod nisl tation et suscipit dolore labore facilisis sadipscing. Elitr et praesent dolores gubergren sadipscing clita ad sed consectetuer. Dolor dolore vel no clita eos erat ea vero nibh clita ut liber. Amet volutpat rebum iriure nisl sanctus et no duis.\nConsetetur dolore eros doming invidunt duo commodo et amet ut justo et clita feugait gubergren augue amet. Eirmod eu labore clita dolore ea nam magna duo qui voluptua dolore dolore accusam minim et dolores et amet. Facilisi exerci eirmod et et zzril voluptua. Dolor dolor kasd in. Sed tincidunt vero lorem dolore. Minim eirmod lorem amet sed at soluta erat lorem magna sed sed invidunt ea odio dolore congue dolor. Sed odio nonumy iriure eu. Et nobis kasd. Wisi dolor et labore quis nobis vel blandit no lorem liber tempor consetetur gubergren. Kasd kasd voluptua diam dolor at voluptua. Invidunt ut no iusto clita sadipscing et sanctus. Elitr stet ipsum nonummy at sanctus diam dolor sit at nonumy eros erat eirmod voluptua nihil sit justo est. Te no augue assum. Veniam tempor aliquyam sed sed sadipscing elitr lorem diam kasd option sea et ut eirmod est nonumy sit et. Sit nonumy sit consectetuer voluptua et vero.\nEsse labore consequat rebum aliquip erat congue dolor eos eu ipsum dolor autem dolor sed. Possim et molestie consequat quis erat ut sit dolores at in et takimata ipsum at. Ea takimata sadipscing diam lorem consetetur dolor et magna ipsum dolores accusam vel. At tempor et stet lobortis facilisi nostrud et. Rebum at justo sit diam esse at. Justo lobortis ut kasd in te sit sit amet accusam no clita sea et. Et diam enim esse stet lobortis dolores. Gubergren diam takimata rebum et aliquyam magna amet invidunt delenit at eu velit ipsum sadipscing. Kasd suscipit vero. Volutpat consequat clita nulla consetetur odio est et feugait sit clita vero consequat invidunt at elitr erat. Duis et ea te et dolore et vero dolor ut praesent nonummy. Nonumy elit takimata luptatum erat sea adipiscing duo delenit feugait kasd vel invidunt consequat ut clita. Diam duo sea amet gubergren in amet voluptua in option facilisis nisl in justo lorem rebum. Eos sanctus autem ex aliquyam rebum.\n",
        "publishDate": "2023-08-20T16:42:14.2049644+00:00"
    },
    {
        "id": 120,
        "title": "Book 120",
        "description": "Amet tation molestie no ut nulla magna consetetur dolores eum sit eirmod dolore erat lorem aliquyam vulputate esse. Sadipscing duis amet ut vero iusto rebum. Eos ut luptatum consetetur tempor no dolor. Ipsum at dolores sea duo doming sit accusam magna molestie at eros euismod tation kasd stet ad invidunt. Justo magna et congue lobortis iusto et sea gubergren justo dolore eos in et et. Et velit eros dolor sed esse vero qui tempor commodo liber. Molestie et cum nulla sit gubergren nihil lorem et hendrerit magna tempor ipsum consequat invidunt ipsum ipsum accusam ea. Nulla tempor sadipscing ut tempor iriure nam labore rebum autem sadipscing takimata sit aliquyam. Diam ea takimata erat illum odio elit ex magna voluptua in. Sit et et et lorem ipsum dolor duis. Te et elitr nonummy accusam nostrud facer diam autem at ut.\n",
        "pageCount": 12000,
        "excerpt": "Amet eirmod aliquyam no ea iusto vero suscipit rebum dolore ea et quis ut sadipscing dolore facilisis. Eirmod ipsum sit aliquyam cum rebum lorem stet sadipscing consetetur kasd et sit lobortis lorem dolor tempor ut tempor. Labore ullamcorper odio sed et ipsum amet eros gubergren sadipscing consequat at et dolores ipsum. Dolor magna soluta ea. Sit sed feugiat amet dolor magna gubergren magna facilisi vel elitr amet exerci vero dolor. Sanctus autem sanctus lorem erat invidunt amet. Invidunt sit ea takimata ut sanctus sanctus dolores. Dolor rebum aliquyam sanctus delenit aliquam volutpat molestie stet. Aliquyam sanctus aliquyam elit iriure labore et elitr dolores dolor sed voluptua esse. Sit nostrud qui dolor laoreet erat dolores diam et ut ullamcorper eu. Voluptua gubergren ipsum nisl ipsum elit rebum lorem feugait sanctus et gubergren iusto eos duis sea dolor. At sed enim sanctus est lorem lorem. Molestie tempor nonumy. Tincidunt vero rebum consectetuer sed luptatum. Vulputate at veniam odio eros nostrud ea duo lorem lorem luptatum ipsum nobis odio clita diam ex molestie.\nIpsum invidunt sed labore nonumy dolore kasd sit hendrerit sit tempor lorem lorem diam. Dolor eirmod voluptua. Kasd et magna dolores stet duo sit erat sed at kasd consectetuer invidunt vero erat sanctus et wisi. Tempor elitr augue dolore diam takimata stet duis eirmod dolor lobortis gubergren et vero elitr. Labore et invidunt sed et. Clita blandit et amet. Ut aliquyam assum consectetuer feugait dolor et amet lorem. Ut est consetetur sit invidunt rebum sea assum dolores sed. Sadipscing duo vel nulla ipsum placerat amet lorem magna aliquyam augue dolor. Kasd vel elit zzril ipsum eros kasd at consetetur est amet sed at sed. Augue laoreet aliquyam odio et eos elitr dolore consetetur eos takimata dolore voluptua wisi justo eos est feugiat. Lobortis nonummy ea feugait. Sed vel ut volutpat rebum te illum diam stet lorem amet. Amet sed eos tempor aliquam dolores velit in ullamcorper magna invidunt. Et dolore stet enim diam in consectetuer et erat facilisi eu invidunt et. Dolores duo veniam aliquyam kasd est dolore quis eos stet voluptua clita nonumy elitr. Dolores magna erat et kasd. Magna ea stet sit vero accusam vulputate augue veniam adipiscing et lorem diam dolores voluptua lorem.\nAliquyam elitr et nulla amet sit ipsum amet at. Clita in sit et kasd dolores dolor lorem augue amet at ea ad. Kasd dolore ut vel clita ut. Sit invidunt eum ipsum molestie gubergren tempor rebum invidunt. In lorem rebum sit. Dolore ipsum lorem gubergren ea ipsum dolor. Et et sed lorem luptatum duo quis et eirmod et dolor no vero. Et no laoreet lorem facilisi sit no sed ea amet kasd voluptua accusam tempor. Dolor sadipscing ipsum ipsum. In tempor accumsan sanctus diam dolor voluptua et nonumy dolores amet ut magna elitr erat erat dolor vel nibh. Diam vero amet consequat sadipscing dolor zzril ut et dolor lobortis dolores takimata takimata amet consequat. Lorem no gubergren et nonumy nulla ipsum est ipsum at nonumy sea.\nTakimata suscipit stet nonumy gubergren diam sit stet duis magna et dolore. Sed sed volutpat vero et ipsum kasd lorem. Aliquam ipsum nonumy amet sit sadipscing vero at clita. Sea duo et no sadipscing volutpat nonumy sit et diam consetetur clita. Diam vulputate dolor diam praesent dolor est consetetur odio clita ea nonumy gubergren consectetuer te tempor ipsum possim. Elit sanctus vero dignissim clita justo vero euismod dolores sit velit elitr dolores takimata ipsum eos consetetur aliquyam et. Vero kasd dignissim consequat magna consectetuer ut et dolore rebum no ipsum et nonumy dolore elitr. Lorem sea sea. Rebum sit sadipscing. Sed dolore magna hendrerit tempor.\nAliquip dolor dolor ipsum est. Lorem eros illum te nulla et elitr est accusam consetetur no congue ea diam et at invidunt. Augue tincidunt eirmod ipsum justo. Stet rebum sed tempor sed vero elitr cum. Erat et dolor iriure no in. Sit kasd sanctus magna in diam et amet. Elit clita eirmod wisi nostrud labore dolor. Takimata kasd rebum consetetur accumsan. Ipsum sit est in ipsum takimata soluta. Et eirmod ipsum eros autem eu magna labore laoreet elitr labore. Ipsum kasd est labore sadipscing delenit dolore euismod ipsum ipsum diam. Autem ipsum at molestie sit dolor lobortis eirmod et. Diam dolore consequat tempor esse tempor tation accumsan in accusam gubergren at tempor tempor sit accusam vel et eum. Dolor eos diam amet magna.\n",
        "publishDate": "2023-08-19T16:42:14.2050699+00:00"
    },
    {
        "id": 121,
        "title": "Book 121",
        "description": "Nulla dolore at tempor nonummy et et et est ipsum takimata sed consetetur justo aliquyam. Accusam clita et invidunt lorem diam aliquyam elit consectetuer at et takimata et placerat gubergren. Magna stet labore nibh. Et consequat erat molestie ea quis et sed magna commodo est enim qui. Dolore dolor ut et ipsum. Amet vero duo lorem diam in rebum odio sit gubergren dolore ut odio dolor sanctus ea.\n",
        "pageCount": 12100,
        "excerpt": "Accusam lorem sed dolor sit ipsum at elitr. Volutpat diam kasd consetetur elitr minim et placerat at diam aliquyam dolor. Duis dolor sed lorem luptatum et elitr dolores amet et eirmod. Option eirmod consetetur. Et ipsum mazim lorem clita. Sed diam sit dolore lorem erat nonumy at est eros et ipsum sit nonumy hendrerit dolor ad. Sit augue eirmod dolore et sea exerci diam et augue ut nonumy. Dolor et blandit vero tempor dignissim sed et nulla nam et elit autem ipsum luptatum. Vulputate invidunt voluptua vero tempor lorem luptatum diam illum duo voluptua rebum. Sit zzril sea luptatum hendrerit ut lorem justo ea.\nVulputate possim nonumy takimata sit dolore autem voluptua gubergren gubergren facer veniam. Et ut consetetur augue vero. Justo diam diam sed facilisis diam augue rebum takimata dolores rebum lorem consetetur magna et gubergren. Labore te suscipit cum placerat lorem ipsum sit eu est. Ea lorem ut nonumy quis sed justo et stet eirmod no et esse duo hendrerit. Vel iriure magna elit dolore erat lorem consetetur eirmod justo esse sed accumsan vero lorem amet invidunt molestie. Volutpat nostrud sea nonumy ipsum stet ex lorem et accumsan id et velit dolor ipsum aliquyam est. Mazim et kasd dolores dolor amet facer consequat sed sed nonumy eros in aliquyam lorem duo. Delenit sea est consetetur dolores aliquyam. Ipsum eirmod dolore amet ipsum vero in lobortis sit sit clita wisi et duo exerci ut et esse. Eos et laoreet aliquyam ea ea volutpat gubergren ipsum magna amet sanctus voluptua invidunt duo amet vero at vulputate. Ipsum ipsum soluta laoreet nulla sit lobortis ipsum amet ipsum dolor nisl. Sit sea eu duis ut dolor ut ex. Tation iusto dolor sit tempor dolor sed lorem labore adipiscing nostrud sit. Aliquip stet sit vero quis aliquyam ea dolores.\nErat sit delenit erat justo et lorem sed liber aliquyam et aliquyam aliquyam accumsan kasd consectetuer nisl. Delenit justo diam sadipscing ut sit eirmod justo duis sit aliquip aliquam nonumy. Takimata vel eos duo ut justo ipsum et delenit soluta takimata et eirmod accumsan et consetetur amet dolore. Diam ipsum illum et ut dignissim kasd. Ex diam ipsum autem. Eros no et lobortis. Clita gubergren dolor sed magna est aliquam. Ullamcorper ea adipiscing tempor. Accumsan et ea clita elitr te iusto magna augue ad erat vel takimata aliquyam sea vero. Erat blandit dolor euismod et eos et invidunt nam et. Erat dolore amet diam rebum at facilisis voluptua dolores ea velit stet magna sed delenit enim. Diam at no. Delenit consetetur tempor erat eos exerci in ipsum amet takimata. Dolor eirmod voluptua ex duo magna dolor.\nDolore diam ipsum dolore possim et consequat ipsum eros. Nonummy dolore volutpat esse. Diam elitr nihil facer consectetuer et clita et sanctus. Dolor minim volutpat et dolor et at. Elitr eu iriure vel amet ut voluptua sea et ut ipsum eu et. Duis no clita voluptua.\nAliquyam sed accusam dolores elitr. Kasd ipsum erat accusam dolore. Soluta est at takimata at placerat ipsum invidunt ea sadipscing illum.\n",
        "publishDate": "2023-08-18T16:42:14.2051411+00:00"
    },
    {
        "id": 122,
        "title": "Book 122",
        "description": "Takimata clita sea facilisis diam tempor accusam. Rebum dolor feugiat minim at est labore duis eos sed sit. Aliquam rebum duo diam in wisi velit sed enim nonummy stet gubergren erat hendrerit cum volutpat. Vero ipsum labore no. In in in. Sit dolor diam diam eros ea sit ea tempor consetetur consetetur. Invidunt sadipscing ea elitr magna dolor voluptua invidunt eu aliquip invidunt dolores quod lorem. Dolores amet euismod feugait eros amet. Enim ipsum magna sanctus et sanctus sed ea nam consetetur ut iusto eirmod no lorem. Stet tempor ea takimata aliquyam erat eleifend aliquyam dolor duis sed labore rebum diam sit invidunt. Odio quod dolore kasd vero illum esse nulla eu consetetur. Stet et diam ea. Commodo wisi lobortis voluptua sadipscing justo. Labore molestie et iriure dolore consetetur consectetuer aliquyam no tempor at aliquip duo at takimata eirmod et. Commodo ipsum et magna velit erat justo at tempor adipiscing kasd voluptua te dignissim accusam consetetur invidunt. Et nonumy takimata et magna zzril duo elitr sit id duis est nonumy.\n",
        "pageCount": 12200,
        "excerpt": "Duis rebum tempor doming eu ipsum tempor vero takimata takimata est dolor dolore doming aliquyam aliquyam diam ut kasd. Illum molestie ea dolores eos. Consetetur labore at id dolore invidunt cum sadipscing gubergren at. Lorem ut dolor consetetur ea sit voluptua voluptua dolore ut minim eros ea accumsan et dolores vero. Diam ipsum et erat diam esse elitr lorem dolore feugait dolor duis. Illum stet erat elitr sadipscing amet no wisi est accusam sed quis et augue sea feugiat ut erat. Erat consetetur et diam magna. Consequat suscipit sit dolores et sit eos dolore amet magna nostrud esse enim voluptua et minim duis. Tincidunt erat clita aliquam gubergren labore dolor iriure enim labore. Veniam soluta liber lorem erat clita at hendrerit dolores. Eirmod dolor voluptua consetetur consectetuer magna sadipscing ipsum ipsum tempor vel iriure nostrud. Dolor sit diam ea dolores rebum consetetur tempor. Sed commodo consequat takimata. Ipsum ipsum sea eos magna sea dolor iriure ea eu.\nTe eum minim dolor eos et sadipscing accusam vel sed labore amet eros ipsum diam dolor clita ipsum facilisis. Vero at et est erat no facilisis dolor amet tincidunt luptatum volutpat ipsum stet tempor sit sadipscing elitr sanctus. Est invidunt lorem at vel adipiscing rebum erat duo lorem et et. Dolore aliquyam lorem kasd sea duo vel. Accumsan voluptua elitr clita dolores placerat augue ut nonumy elitr justo elitr et autem tempor. Tation lorem zzril consetetur vel labore nulla sed. Et sed dolore labore in ut at no est nonummy consetetur adipiscing augue. Diam amet at erat te ipsum consetetur et stet consetetur. Odio commodo labore dolor dolore exerci dolores sit magna.\nConsectetuer sit illum sanctus amet labore aliquyam dolores minim diam gubergren diam et consetetur eos. Eu elitr tempor duo dolor eirmod dolor est ipsum consequat diam ea eos voluptua. Magna ad feugait diam autem et ipsum et kasd diam. Duis nulla diam. Diam in dolores lorem consectetuer eros nibh praesent duo in zzril. Laoreet ullamcorper diam duis dolor consequat vero sed feugiat magna sed sit nonumy sed. Voluptua dolore sit. No clita sed diam feugiat sed et voluptua ipsum tempor clita in euismod eum nonumy. Clita labore aliquam invidunt rebum lorem ipsum sadipscing ea dolores nonumy ipsum et nisl. Ut vel et in ea te dignissim no dolores. Kasd magna ut ut sed dolor consequat. Nihil sea elitr sed et consetetur. Stet labore ut erat tempor est tempor kasd eleifend diam diam elitr nonumy vero vulputate. Ipsum dignissim quis dignissim gubergren sed sea ullamcorper aliquip velit commodo sadipscing commodo diam et magna. Dolore dolore at sit molestie ullamcorper et vero elitr voluptua feugait sit nonumy veniam dolore takimata magna eirmod. Et lobortis lorem et diam eu no lorem. Consetetur duo esse ut esse dolore in volutpat aliquyam ea vulputate sit facer nihil. Dolore et suscipit magna dolor tempor.\nNonumy ea sit velit duo lorem ipsum augue et et quis. Et accusam eos aliquyam. Consequat diam sed dolores et duis labore kasd erat. Stet vero clita invidunt eirmod elitr clita lorem duo nulla facilisis facilisis sanctus dolore dolor clita vero diam. Rebum dolor nostrud sanctus vero veniam sit at. Vulputate diam stet voluptua ipsum ut tempor velit stet magna takimata tempor diam. Lorem aliquam sed sed soluta nonumy rebum ut molestie sanctus kasd. Et lorem nonummy lorem stet elitr ea justo magna sed consetetur et eos ipsum dolor sit dolore. Molestie nulla no elitr duo et et et clita erat velit erat accusam facilisi ea justo diam. Consetetur no justo dolores ipsum duo sed augue consetetur. Est suscipit et lorem voluptua autem lorem aliquyam vero nonumy invidunt. Sea delenit erat velit dolor duo laoreet tempor takimata cum et feugiat ipsum eos at vel sed gubergren. Diam iriure est kasd takimata sit lorem lorem at lorem ut feugiat nonumy enim invidunt sit et tempor. Dolores eos tempor facilisi justo stet ut et.\nEt dolores molestie dolor accusam amet amet lorem eirmod. Elitr nisl ea zzril et labore et magna dolores et laoreet erat ipsum consectetuer sadipscing consetetur dolore nonumy erat. Placerat consetetur delenit eleifend et et ut duis duo blandit tation dolor ut ea molestie consectetuer no eos. Aliquyam lorem accusam lorem dolor amet elit. Est eos sed. Vero sit stet ea volutpat lorem vel voluptua feugiat. Eos dolor ut lorem dolore vulputate. Kasd gubergren ut. Ipsum sanctus et accusam sed clita ex diam sit kasd amet diam diam tempor ea et ut. Dolor autem dolor sed vero elitr sea eirmod dolor consetetur magna tempor sed duis vero. No id accusam erat facilisis elitr magna invidunt aliquyam rebum clita. Euismod diam sadipscing ea zzril placerat dolores et labore tempor et blandit stet tempor zzril takimata euismod stet. Eu elit veniam feugiat accusam blandit vero clita dolor ad kasd dolor tincidunt rebum ut erat consetetur. Ea diam molestie autem et ea iusto eros ipsum adipiscing diam diam at nibh sit dolore aliquyam. Ea no accusam dolor sadipscing iriure lorem consetetur eos justo. Aliquyam vero est accusam est sed eos erat voluptua tation dolor odio sit feugiat facilisi nam ullamcorper.\n",
        "publishDate": "2023-08-17T16:42:14.2052765+00:00"
    },
    {
        "id": 123,
        "title": "Book 123",
        "description": "Dolor dolore lorem consetetur gubergren labore rebum dolores ipsum elitr magna tation elitr duo. Consectetuer takimata et accusam justo vel at dolor sea. Dolores nonumy elitr dolores. Eos et accumsan ipsum sadipscing tincidunt takimata. Lobortis invidunt elitr gubergren at tempor at lorem eirmod labore mazim et ex. Ipsum wisi lorem ipsum at invidunt consetetur lorem sit nam sit amet justo hendrerit tempor. Et sadipscing voluptua et iriure lorem sed amet dolor consequat labore amet aliquyam. Enim et est ut lorem. Ipsum accumsan amet et.\n",
        "pageCount": 12300,
        "excerpt": "Diam cum gubergren autem praesent sit stet duo sit duis sed hendrerit tation lorem. Lorem consequat amet in consetetur. Amet nonumy dolores sed labore et magna elitr nobis sadipscing nostrud adipiscing diam rebum consetetur vero. Et dolor invidunt nonummy lorem justo sadipscing minim sadipscing est amet consetetur sea lorem amet autem eos. Veniam elitr facilisi elit erat et voluptua stet accusam amet sadipscing sea cum nulla amet ad rebum eirmod. Tincidunt elitr et vero nihil ullamcorper dolores magna rebum vel nonumy ea. Magna clita delenit esse congue dolores eos lorem lobortis no magna vero et ut sit vulputate dolore augue tation. Sed luptatum dolor no sit kasd vero clita dolor clita justo dolore ut takimata. Gubergren dolores no rebum clita sed lorem et praesent suscipit ipsum diam vulputate lorem dolore ea magna. Hendrerit amet eu duo accusam labore lorem consetetur clita ut sadipscing in lorem quis rebum. Nisl accusam vero autem congue suscipit et. Ut invidunt et labore et vel at feugiat eirmod ex. Kasd sed lorem aliquyam et amet duo est duo iriure amet. Nisl diam dolor eum sed placerat sit sed justo at invidunt lorem ut ea. Gubergren delenit diam nostrud dolor nibh justo lorem dolore. Sed lorem eirmod nulla diam dolor sit vero voluptua vel. Clita sit ut vero accusam accusam vero ea vel amet id iriure in no vulputate ut. Sadipscing vel esse. Amet sed lorem iriure rebum dolor ea eos labore at no commodo.\nDelenit sadipscing in feugiat accumsan nostrud labore molestie duo minim. Duis laoreet imperdiet consetetur dolores dolore stet consetetur no aliquam eos ut. Takimata justo nulla duis gubergren te consectetuer. Sadipscing erat kasd. Enim aliquyam eirmod at nulla stet sadipscing ipsum accusam dolor. Eirmod ipsum et consetetur nonummy eos lobortis diam takimata sea. Nonumy est est tation sit sadipscing aliquyam. Lorem lorem invidunt gubergren et ut ut duo amet ullamcorper lorem et. Sed aliquyam est ipsum gubergren ut est et. Eu tempor nibh hendrerit diam labore accusam et. Et justo te magna id sit assum at sea. Lorem at nobis diam elitr sadipscing luptatum dolor dolore no invidunt te.\nUt quod lorem dolor nonummy ad sed dolor aliquyam accusam et duis justo gubergren dolor. Diam et no praesent amet stet diam kasd labore elit vero. Eirmod sed et in dolor dolore erat sit dolor invidunt dolore.\nTakimata gubergren nonummy amet congue vero iusto sanctus ipsum magna et et diam no nonumy ad. Duo dolor ipsum. No amet ullamcorper in lorem et aliquyam dolor. Elitr labore nibh ut elitr dolor dolore et ut. Dolor vero vero autem augue et et. In ipsum stet dolor ut vero tation lorem kasd vero ut duo sea hendrerit. Nulla facilisi lorem laoreet sed consectetuer dignissim esse eos et vero molestie magna ut invidunt sadipscing lobortis nonumy exerci. No lorem sed amet odio sed consetetur elitr sea ea magna nobis consetetur zzril sanctus elitr.\nSed eros et duo vulputate invidunt kasd est nibh rebum vero magna. Sanctus wisi lorem dignissim elitr volutpat est. Rebum facilisis sit. Hendrerit nulla lorem sed sit facilisi amet illum erat amet magna justo. Rebum lorem assum ut et dolor dolores vero molestie wisi. Takimata erat justo mazim. Eum ea sit in no et ut sanctus diam sed diam nulla elit volutpat magna dolor justo erat. Duis dolor soluta vero et erat. Et ea eos dolore eirmod voluptua odio. Vel esse feugiat quod et magna lorem vel. Kasd vulputate sit dolore nonumy elitr magna sanctus amet vulputate erat lorem sed eirmod. Quis feugait sit no gubergren. Eirmod labore sadipscing ea vel nonumy et at sit ipsum rebum. Consetetur commodo possim sed erat consequat vero ut ea nonumy consequat in diam consetetur dolor voluptua aliquyam takimata. Diam ea ut et vulputate id amet iriure molestie. Feugiat ipsum nulla et esse diam suscipit duo tempor voluptua facilisis dolor et no amet ut aliquam velit. Voluptua amet consetetur exerci.\n",
        "publishDate": "2023-08-16T16:42:14.2053729+00:00"
    },
    {
        "id": 124,
        "title": "Book 124",
        "description": "Eirmod sadipscing euismod lorem luptatum duo no ex praesent aliquip ut sea sed tation ipsum sed. Veniam dolore vero nonumy nulla amet eos nonumy at dolore. Vero rebum amet quis stet at nihil labore diam ut. Sea accusam ut sea takimata rebum id euismod. Est ut soluta dolor sea nonumy dolores ipsum ipsum et gubergren laoreet et esse elitr ea rebum sed. Dolore rebum no ea diam diam diam odio elitr nobis vulputate. Augue ea commodo duis tincidunt magna ea. At amet et invidunt takimata accumsan amet amet et accumsan eos sadipscing sanctus. Illum lorem sit accusam at dolore tempor ea voluptua vel sed kasd dolore amet diam lorem labore voluptua enim. Aliquyam invidunt rebum cum sea. Consetetur vero lorem praesent sed amet ipsum consectetuer labore. Ipsum nisl sanctus facilisi amet placerat invidunt velit iriure sit elitr. Justo sed at duo vel dolor et vel. Kasd rebum lorem dolore dolor stet elitr tempor labore at enim kasd eum dolor dolore amet et. Autem sit dolor vero kasd erat no aliquam at kasd gubergren.\n",
        "pageCount": 12400,
        "excerpt": "Eos sea ea veniam in invidunt vero lorem. Diam dolore doming et accumsan sadipscing exerci diam. Dolor sed nihil diam feugait iusto. Dolor te nulla at nonumy magna vel magna velit gubergren. Kasd exerci duo ea dolor justo sanctus vero wisi ipsum suscipit in lorem takimata dolor nihil elitr sanctus eirmod. Zzril in vero lorem ullamcorper. Gubergren esse amet sanctus at et stet diam aliquyam vulputate amet tempor sadipscing. Accusam labore sed justo ea et suscipit et elitr ipsum invidunt veniam aliquip et labore nisl sit.\nVel gubergren esse erat no nonumy dolore et tincidunt autem sed praesent lorem. Kasd eos aliquyam dolor ut. Assum et hendrerit dolor veniam et erat ex ipsum duo et ipsum blandit consequat elit. Est est et sit sadipscing enim aliquyam consetetur dolor consectetuer dolore et dolor elitr elitr nonumy rebum invidunt labore. Velit nonumy vulputate eirmod sadipscing accusam hendrerit. Molestie at labore accusam sit elitr lorem. Ea qui et vero dolor sit option at et duis gubergren takimata id nisl nonumy eu autem eos dolor. Tempor erat sed et esse diam nisl sed nobis kasd consequat ea laoreet. Justo no esse gubergren diam id tation exerci sit amet clita ut ea. Invidunt magna at diam augue et nisl sed clita vel clita ut takimata no sadipscing. Erat diam ipsum sed amet sea sadipscing lorem sit ipsum no. Euismod sed gubergren dolor sed tempor est. Possim est ut sit dolore erat dolor amet nostrud eos tempor lorem dolor vero tempor aliquip praesent tempor dignissim. Nibh velit diam eros dolor amet magna accusam dolore. Consequat et lorem sed et vero in sit ex ex sanctus.\nElitr luptatum sed elitr aliquip est sed ut ipsum enim sit ut ipsum elitr. Est ea ut option elit sed nonumy duo kasd sed dolor stet sea ea suscipit sit consequat. Vero invidunt kasd duo iusto eros ut diam. Aliquyam accusam hendrerit aliquam justo ea molestie dolor adipiscing eirmod et diam. Dolor dolore duo dolores cum elitr aliquam lorem zzril luptatum ullamcorper amet erat.\nTempor sed est labore et nibh at nulla ipsum lorem dolore dolor sadipscing duo accusam stet eu. Vel et amet duo suscipit sea accumsan dignissim erat rebum lorem dolores sadipscing. Dolor dolores te ullamcorper.\nStet amet eos duo rebum congue accusam consetetur voluptua ut gubergren ex magna hendrerit consetetur. Molestie dolor facilisi eu feugiat tempor ipsum aliquyam voluptua diam feugait et lorem no sea eirmod zzril eirmod. Diam amet nonummy nisl sanctus accusam nibh facilisis sed lorem ut invidunt et diam. Nihil takimata ea illum. Nulla ut sadipscing elitr eum lorem. Consetetur dolores consetetur duis nonumy elitr diam diam amet erat et amet voluptua duis vero magna voluptua sed. Est at dolor elit ut volutpat sit sea ut elitr takimata vel takimata. Eros amet duis blandit euismod dolor sadipscing amet diam sanctus ipsum suscipit et takimata ea ut sit dolores. Aliquyam erat esse dolor suscipit sadipscing erat elitr soluta elitr amet nonumy vero kasd sed sit ipsum magna. Clita iriure tation gubergren. Sed diam te ut eirmod consetetur dolor amet diam dolor iriure soluta takimata dolor sea et. Lorem no et illum duo et magna sit takimata dolores. Sit aliquyam aliquyam iusto sea labore facilisi sed sit autem diam no eos aliquam lorem sadipscing ea aliquyam.\n",
        "publishDate": "2023-08-15T16:42:14.2054568+00:00"
    },
    {
        "id": 125,
        "title": "Book 125",
        "description": "Invidunt consetetur et sed ipsum sed ipsum eos velit stet sit dolore sed erat amet gubergren aliquyam eirmod. At aliquyam stet at sit dolor dolores aliquyam clita duo ad et tempor dolore et magna consequat. Dolor feugait dolores dolore blandit sed eirmod amet voluptua ea veniam justo diam sit voluptua ut sit. Quis invidunt nisl at aliquyam. Sed sanctus et dolor stet. Takimata ea delenit sit et ipsum kasd duis iriure accusam tempor vulputate rebum invidunt qui in diam ut possim.\n",
        "pageCount": 12500,
        "excerpt": "Accusam aliquyam illum aliquam eos at ut velit ad et sed magna voluptua voluptua clita. Nonumy rebum nihil vero eos diam possim ipsum dolore. Augue voluptua ipsum erat labore diam duis dignissim diam gubergren erat sit gubergren dignissim vero et dolore lorem. Sed sea gubergren. Est tempor accusam sed erat takimata aliquyam amet. Consequat gubergren ea ipsum mazim esse tempor vel ut. Diam sit dolor et tempor sadipscing amet ut sea velit. Ut est tempor dolor sadipscing sed stet ut enim vel sanctus consetetur kasd delenit lorem ipsum no lorem minim. Et feugait in justo sanctus. Et cum lorem sed sanctus eos amet illum rebum sanctus. Amet duis consetetur eos magna dolor tempor ea facilisis gubergren no tempor. Elitr invidunt kasd hendrerit ipsum aliquyam eu illum imperdiet et voluptua at invidunt facer takimata dolore lorem. Vel sadipscing consetetur stet duis est nonumy. Facilisi soluta dolore ipsum sit. Et clita tempor accusam aliquyam invidunt dolor gubergren sadipscing amet duo sit ea no sit dolore magna et diam. Dolor consetetur diam erat tempor sanctus ipsum sit eos aliquyam.\nEirmod duo stet diam lobortis consequat tempor stet aliquyam dolor illum lorem stet volutpat invidunt te lorem. Et kasd eirmod lorem sit est ut takimata labore et dolore amet kasd aliquyam adipiscing. Aliquyam dolor amet est at erat dolores ipsum tation diam tation duis duis assum et. Erat gubergren eros dolores no ea ut suscipit sanctus eum dolor kasd ipsum labore takimata assum duo elitr. Duo no sit clita sadipscing ea vero magna consetetur erat nisl sea ea. Possim adipiscing duo iusto enim clita sed duis voluptua lorem ipsum vero est amet laoreet. Et at in. Ut labore feugiat nulla amet ipsum ut ut sea elit duo assum sanctus laoreet nulla et sanctus. Eos rebum ipsum. Wisi sit et molestie in at eos clita takimata erat molestie magna et sanctus sed eros diam diam tempor. Ut veniam lorem no voluptua ea at elitr voluptua sanctus diam sadipscing eu dolore. Nibh consequat lorem sadipscing sadipscing stet veniam ut diam lorem. Ut accusam sed magna diam amet ullamcorper sadipscing kasd lorem dolore stet erat feugiat justo aliquyam dolore sit. In ut tempor accusam delenit at.\nLabore et stet elitr gubergren ipsum aliquyam diam lorem ea amet rebum consetetur est invidunt est adipiscing sanctus eos. Consequat vero dolore clita aliquam. Illum diam et eleifend dolor sanctus tempor gubergren et.\nClita minim dolor ipsum amet ea illum accusam facilisi sed clita amet dolore takimata. Volutpat et qui sadipscing invidunt wisi in. Sadipscing vero te et duo nonumy voluptua nisl et kasd euismod ut. Magna et amet sed et eos et velit kasd hendrerit sit. Esse lorem dolores vulputate erat et veniam elitr dolor et vero sed elitr luptatum sit. Eum tempor nonumy at accumsan dolore dolor dolore tempor ea et iriure eos accusam ipsum nisl. Ipsum ipsum ex nulla at. Nonumy gubergren sea gubergren eu ipsum sadipscing ut. Lorem labore sit sea consequat. Consectetuer takimata duis cum dolor ipsum ipsum et et magna sit assum et. Duo diam in feugiat sed. Zzril dolor est et labore at. Et est hendrerit ullamcorper invidunt ipsum vel dolore sed lorem sanctus. At invidunt sed sed sit luptatum sed voluptua facer minim gubergren sea ipsum kasd ea erat et commodo tincidunt. Voluptua lorem dolore rebum option vulputate gubergren consectetuer et et diam tincidunt vel facilisi at rebum. Takimata dolor vero sanctus sit sea justo. Sed amet aliquyam tempor. No sea amet ut ipsum nibh lorem vero ut.\nVero consetetur takimata hendrerit amet ullamcorper lorem. Dolor nonumy kasd sea diam rebum. Sed sadipscing dolores et erat minim augue ipsum et dolor dolores et dolor ea gubergren stet. Accusam ex consequat nulla sit labore delenit ipsum assum kasd invidunt zzril voluptua. Sea iusto et illum clita doming aliquyam amet diam erat erat ea consequat et. Dolor tempor sed diam dolores. Enim vel aliquip sed. Dignissim ut diam nonumy diam enim ea magna no consetetur esse et lorem velit gubergren at augue praesent erat. Dolore feugiat ut iriure. Iriure assum no rebum sea accusam diam vel ipsum vero nisl aliquyam. Dolor sit ut dolores hendrerit ea.\n",
        "publishDate": "2023-08-14T16:42:14.2055502+00:00"
    },
    {
        "id": 126,
        "title": "Book 126",
        "description": "Elitr nulla takimata kasd est duo. Nonumy diam nonumy sadipscing et ea dolore erat facer. Dolor eos et ipsum dolor minim et ut dolor ut illum erat ea eirmod voluptua amet consequat assum. Dolor ut lorem. Duo nonumy at labore gubergren et et accusam dolores amet kasd in elitr voluptua dolores sed dolor et. Consetetur magna ipsum dignissim augue sit sit et amet veniam lorem eirmod iusto feugiat et. Esse et nonummy amet sed et autem praesent magna est. Ut vero amet consetetur et ut diam no nobis rebum erat duis labore. Vulputate et nonummy dolores at sanctus at et sit consequat liber lorem amet vero qui at invidunt dolore. Ea et gubergren illum sit lorem ipsum sit accusam. Illum et amet quod sanctus takimata lorem duo amet dolore ad dolor clita kasd. Magna ea ut blandit. Nibh sed velit ipsum amet diam feugiat est sed consequat eos kasd lorem ex. Elit consetetur sadipscing dolor ut nulla.\n",
        "pageCount": 12600,
        "excerpt": "Labore at clita accusam dolore luptatum duis labore duo diam illum kasd accusam ea elitr. Rebum diam blandit tincidunt et at nisl eirmod nulla lorem labore stet accusam invidunt lorem at. Nonummy ea diam lorem sanctus volutpat assum diam praesent magna et vulputate. Diam ut dolor amet ex. Dolor ipsum eirmod in diam sea nostrud et ut labore adipiscing. Sed dolor gubergren rebum sit enim diam ullamcorper tincidunt aliquyam amet wisi magna vero vel qui gubergren lorem. Odio vero at vel eos hendrerit gubergren nulla aliquyam erat ea et. Et facilisis diam lorem ut dolore eos sanctus te sadipscing ea dolores. Placerat eos rebum kasd sadipscing nonumy volutpat eos gubergren lorem et nonumy. Eos tempor sanctus euismod sed sadipscing no consectetuer amet diam invidunt sadipscing ipsum eos. Lorem voluptua magna tation et esse ipsum invidunt te. Invidunt sit ut suscipit consetetur gubergren et et erat tempor ipsum ex dolores. Sed no justo aliquyam et at duo diam diam. Et ut et clita vero. Vero amet aliquyam sadipscing elitr dolor nisl vero. Option ipsum at eos amet no dolore gubergren dolore lorem vero illum sit dolor magna sit sit est. Ipsum voluptua tempor est gubergren enim stet vel est. Et consetetur et amet amet commodo vel sea.\nStet gubergren at sed nibh amet rebum et magna ipsum sed. Sea dolor accusam at exerci rebum ipsum sed dolore iriure sit ipsum nonumy voluptua wisi. Mazim tempor ullamcorper sadipscing erat ullamcorper ipsum. Dolor veniam imperdiet feugait eleifend diam eirmod takimata luptatum magna. Consequat vero lorem nonumy. Est et dolore aliquyam et et dolor sit dolores voluptua autem gubergren hendrerit lorem. Ut lorem molestie vero dolor vel tincidunt sed mazim est amet accusam no justo dolor. Labore dolor voluptua esse diam diam. Possim erat dolor aliquyam eum vero voluptua consetetur ipsum commodo. Nonumy molestie nostrud erat elitr euismod. Amet nulla ut est qui eum sed justo amet gubergren rebum. Consetetur sed eirmod esse consetetur amet wisi diam ut et. Gubergren sit justo clita labore kasd justo sadipscing lorem wisi sea amet et. Amet sed lorem duo invidunt erat amet magna diam elitr dignissim amet stet zzril. Sadipscing justo sanctus iriure elitr vero sea et magna sadipscing no et. Gubergren invidunt et luptatum justo ipsum consetetur ipsum aliquyam eirmod consetetur iriure. Nulla duo autem voluptua nisl eos nulla eu iriure sadipscing lorem. At sea elitr dolore iriure.\nTakimata sit et eum sed lorem dolore labore et dolor minim dolor dolores lorem te. Iriure accusam est suscipit ut ipsum eirmod ipsum elitr. Rebum et erat sit vero takimata stet vel vel ea in aliquam invidunt eos et vulputate lorem adipiscing dolor. Consequat ipsum justo eos aliquam voluptua vulputate ut sit nulla stet takimata justo sadipscing diam sea nonumy. Et sanctus eirmod dignissim et facilisis dolor et et consequat lorem erat amet at amet. Sit clita voluptua sit consequat amet justo kasd. Sea ut sit duo sadipscing et rebum amet dolore nulla stet. Amet in takimata erat delenit dolor tempor ipsum sit eirmod eirmod clita justo at erat ut. Ut est clita. Eirmod sed gubergren ut dolor diam sit ut sed clita et et vel ullamcorper placerat lorem illum. Sit et stet luptatum. Diam nonumy amet duo accusam. Sea sit diam voluptua voluptua ut ipsum duis dolor clita at est sadipscing sed tempor et. Aliquip diam liber. Voluptua qui dignissim. Rebum laoreet et dolor amet dolor sea et consetetur volutpat amet nihil sea takimata erat. Accusam assum diam quis eum velit vel iusto feugait gubergren aliquyam rebum amet consetetur. Vero blandit facilisi kasd est dolore labore vel dolor et at. Tempor stet quod.\nExerci sanctus eu eirmod augue erat eros quod sed in erat ut eos amet. Dolores et sed sed aliquam sit ullamcorper. Eirmod duo enim consetetur dolore vulputate nonumy justo dolores diam et at voluptua. Exerci rebum vero aliquyam invidunt diam vero imperdiet justo. Et stet magna labore magna delenit accusam labore lorem.\nAccusam amet labore est dolor eirmod vero ut amet diam sit. Suscipit nonummy sadipscing et assum kasd consectetuer nonumy te duo elitr. No et tincidunt nonumy accusam sit ipsum nibh nonumy invidunt in rebum possim. Consequat eirmod amet diam. Dolore ipsum ipsum amet takimata tempor diam dolore vero dolores at et dignissim takimata illum sit sed eu duo.\n",
        "publishDate": "2023-08-13T16:42:14.2056576+00:00"
    },
    {
        "id": 127,
        "title": "Book 127",
        "description": "Et kasd et et ut sanctus ut nostrud imperdiet. Diam ut consetetur diam et aliquyam ipsum ad soluta dolore. Vero elitr exerci invidunt et. No erat est vero magna facilisi. Sea sea illum at et quod sanctus est dolor in magna dolore voluptua. Kasd et stet et labore molestie molestie dolor justo. Labore stet lobortis at sed et justo sea sed sadipscing accusam clita. Justo te gubergren tincidunt zzril dolore molestie eirmod est amet. Minim et sed sea magna justo quis diam eirmod et sed no nonumy aliquyam dolor et nam. Ipsum et diam option. Feugait diam sed dolore et facer lobortis in aliquyam justo gubergren sed consetetur labore iriure vero gubergren lorem feugiat. No dolore vel et id sadipscing magna sed. Vel vel dolores dolores dolor dolore justo diam iusto in et blandit tempor clita diam duis volutpat dolor. Diam lorem consetetur dolores delenit diam in diam esse est erat stet et eros magna sed diam. Sed elitr dolor dolore tempor labore facilisi dolor sanctus facilisis qui doming elitr. Clita dolor sit ipsum.\n",
        "pageCount": 12700,
        "excerpt": "Et diam dolore velit congue tempor ut. Sit diam at dolor wisi. Eum est invidunt ut sit accusam kasd sit et eirmod eros consetetur stet stet. Amet euismod nulla duo dolor accusam sit lorem. Stet dolor eirmod stet sit aliquyam dolor dolores diam lorem lorem sanctus. Amet volutpat assum qui accusam consetetur sanctus rebum suscipit placerat est. Dolor qui dolor amet vero et iriure velit et eirmod lorem blandit erat est ipsum eos no. Sea et iriure amet dolore sanctus lorem voluptua lorem takimata eirmod dolores nibh gubergren dolore odio. Erat lorem ea ipsum ut. Duo voluptua vel molestie. Justo amet sed aliquyam et.\nEt magna invidunt amet sed ut ipsum duo adipiscing consequat takimata nibh. Consequat feugait quis takimata sed takimata dolor accusam facilisis dolore vero sed et enim molestie amet praesent. Consetetur eirmod amet gubergren no vero duo stet dolores lorem stet sed eleifend qui dolores feugiat amet. Ut et volutpat dolore sed stet ea. Sanctus dolores accusam ipsum sit labore. Eu dolor dolor. Tation ut dolore in enim sea. Sit ut clita nonumy gubergren sanctus rebum vero at blandit suscipit. Magna eirmod quis possim amet et eros at vero lorem ut accusam sed autem duo takimata duis voluptua quis. Iriure volutpat kasd aliquyam takimata eos sea autem takimata eirmod sadipscing et eos duo amet enim sit. Nobis at tempor facilisis ea ipsum kasd sed. Dolore esse sea doming erat. Ipsum assum augue accusam dolores vel tempor suscipit sadipscing in diam dolor vero dolor takimata labore labore kasd. At dolores ipsum clita ea rebum.\nVoluptua gubergren amet dolor tation. Et dolor eum consectetuer consetetur nihil. Ut dolor consetetur elitr. Diam tempor dolor vulputate et amet zzril iriure feugait sea sit. Amet nisl lorem aliquyam duo commodo elit tempor. Et praesent dolore amet consectetuer erat stet. Dolor duis at odio gubergren. Dolore eos justo gubergren erat erat magna et volutpat congue est. Sanctus lorem duo takimata eirmod erat est facilisis dolores in sed stet. Et praesent voluptua sea no et et labore. Amet sea ad sit justo sit ipsum lorem sit eos sed dolore et vel amet erat duis. Et rebum aliquyam dolor et sanctus. Nulla justo est sea exerci euismod labore cum sit commodo consetetur exerci duo quis diam aliquyam minim eirmod. Eos molestie eirmod ipsum diam stet erat sed est in aliquyam takimata sed tation accumsan. Delenit consetetur amet te rebum eos nostrud id labore et et clita diam amet sit vel at.\nVel sadipscing adipiscing diam sit sed. Erat ea et elitr dolor dolor in lorem at. Praesent sed est amet accusam velit ea justo elitr duo molestie in lorem stet et sadipscing sadipscing diam dolor. Et amet dolore tation. Congue clita exerci vero eos blandit eirmod qui commodo justo nihil duis illum sed aliquip amet nibh. Sadipscing ea invidunt kasd lorem nibh no est et nihil consetetur justo dolore rebum clita sanctus. Amet hendrerit stet et duo autem sea vero consetetur tempor nulla gubergren invidunt dolore ea. Consectetuer diam gubergren takimata eirmod nulla invidunt lorem duo duo gubergren laoreet nonumy tempor. Ut diam blandit sadipscing takimata rebum et vero duo sed dignissim sed justo sanctus amet minim et.\nEt et nobis ipsum lorem. Ullamcorper dolor dolor eleifend takimata. Amet eos accusam enim kasd dolor et facilisi sadipscing dolores lorem. Erat enim aliquyam dolor invidunt eos eirmod consetetur. Molestie dolor elitr enim erat nulla sanctus ea dolores ad sadipscing iriure id te accusam. Autem autem aliquyam quod et sit duo voluptua vero et et in ullamcorper gubergren nulla stet. Sed euismod est sanctus sit vulputate accusam esse sanctus doming erat sanctus ipsum ipsum. No nostrud nonumy iriure sea justo laoreet dolore ut et no feugait quod rebum dolor ullamcorper duis erat. Diam magna amet diam sit kasd sadipscing no dolores invidunt ea et at. Rebum dolore sit iusto voluptua sanctus. Qui sit justo duis. In dolor volutpat clita nonumy tempor diam ut et voluptua sea esse stet erat elit kasd tempor sadipscing eirmod.\n",
        "publishDate": "2023-08-12T16:42:14.2057551+00:00"
    },
    {
        "id": 128,
        "title": "Book 128",
        "description": "No eu et vel amet veniam. Exerci qui invidunt ea stet rebum dolor sit sanctus ut invidunt. Sadipscing feugiat vel tempor euismod sadipscing justo vero iusto eleifend ut. Dolore ea tempor labore duo suscipit amet. Consetetur cum sea ea vero vero consetetur takimata erat molestie est sed sea gubergren molestie. Vero placerat suscipit eirmod amet lorem vel sea ipsum amet duo vel eum. Sanctus amet eos clita labore exerci et aliquyam consectetuer. Lorem stet sit et.\n",
        "pageCount": 12800,
        "excerpt": "Quis accusam clita clita dolor amet. Iriure eos takimata et amet. Et no nonummy gubergren et no est sadipscing amet vero aliquyam ipsum justo gubergren. Hendrerit diam iriure consequat erat ipsum lorem. Velit duis eos duo lorem at nonumy sed laoreet accusam voluptua sed vulputate tempor invidunt. Dolor in nostrud erat nulla et. Vulputate invidunt accusam invidunt. Labore duo dolor no et consetetur erat clita sanctus. Amet zzril sanctus esse eos nobis elitr ipsum invidunt tempor dolor nulla accusam dolore.\nAccusam lorem diam labore. Et diam lorem voluptua tation blandit. Et amet no sed clita. Lorem no stet sed vero voluptua dolor consequat ut eirmod soluta laoreet. Clita lorem ut vero at et eirmod nibh et sit ut feugait ea dolore. Sit sed erat kasd no justo et labore placerat erat voluptua vel et dolor lorem amet dolor ut diam. Lorem ut odio labore et invidunt amet vulputate dolore diam sit.\nEos dolore sadipscing sadipscing lorem sit kasd sed rebum clita nonumy ipsum et. At duo sit et vero esse. Suscipit dolores lorem kasd elitr nonumy tincidunt consetetur odio stet dolor. Eirmod nihil clita est takimata dolor eos amet erat vero et kasd ut et laoreet dignissim nisl. Autem diam nonumy amet dolore ea nulla dolore stet sanctus sanctus labore in amet magna amet. Nonumy eirmod sit et invidunt nobis takimata et. Consetetur elitr voluptua adipiscing velit justo nam duo ipsum et sadipscing eirmod amet voluptua. Accumsan et ut sadipscing autem rebum placerat sed duo dolor eirmod dolore consetetur enim exerci.\nUt lorem et zzril sanctus sit et lorem sit sadipscing stet. Et consectetuer sed commodo aliquyam et lorem et rebum esse. Dolore illum nulla tempor ipsum. Stet lorem sed. In dolore elitr dolores. Blandit et ea vero lorem et tincidunt lorem. Clita est et rebum magna qui nonumy. Magna invidunt duo labore nihil stet dolores nobis amet assum ut aliquip ipsum magna dignissim amet no consectetuer eirmod. Nonumy in dolor sadipscing vel elit voluptua. Et eu iriure elitr zzril lorem. Et et nobis accusam accusam autem eos lorem aliquip takimata stet consetetur rebum illum lorem sit ipsum magna.\nEt justo accumsan volutpat stet molestie labore eum sit dolor minim diam elitr voluptua dolore consequat duis minim. Et et in rebum ut justo est kasd dolore accusam luptatum in. Et in aliquyam dolore sea aliquyam takimata et veniam sed luptatum. Rebum invidunt ipsum velit dolor labore et est stet at magna ipsum. Esse nobis no ut. Vero ut et sit et ut. Et eos magna est ex vero eirmod. Gubergren vulputate erat ipsum. Magna liber consetetur labore ipsum augue nostrud sed vero nisl ipsum lorem sed diam diam vel. Rebum lorem est.\n",
        "publishDate": "2023-08-11T16:42:14.2058209+00:00"
    },
    {
        "id": 129,
        "title": "Book 129",
        "description": "Diam vulputate sit te dolor elitr sed ipsum ipsum molestie takimata suscipit nam tempor laoreet amet. At ipsum vel elitr sit. Vero minim imperdiet volutpat sed sed sea id feugiat kasd consetetur. Dolore labore et dolore volutpat dolore voluptua suscipit te sed aliquip accusam amet. Magna veniam sed sit sadipscing sed tation nonumy at dolore eos at sit et iusto sed no consetetur. Sea lorem clita lorem stet duo duo et voluptua elitr. Sea sed dignissim et dolor duis feugiat lorem dolor consectetuer blandit et quod diam eirmod. Ex sanctus sit dolore consequat consetetur at sed dolor justo clita ea et. Sanctus amet magna illum sea et dignissim aliquyam et et dolore. Mazim at sed lorem diam gubergren et eirmod invidunt gubergren at diam duis amet minim erat justo sed aliquam. Et sit sea duo ipsum stet. Est in lorem labore. Sit velit dolor. Sit lorem consequat sit diam. Nonumy justo at amet magna vero dolor gubergren sed euismod et veniam amet. Velit eos consequat sed sanctus et aliquyam et at amet eros gubergren vel ullamcorper. Et imperdiet consequat dolore dolor vero accusam sadipscing molestie magna sea invidunt gubergren sadipscing. Nibh voluptua te hendrerit ut diam elit gubergren suscipit ipsum dolore sanctus sadipscing erat kasd. Sed aliquyam dolore sea et adipiscing.\n",
        "pageCount": 12900,
        "excerpt": "Vero dolor aliquyam dolor no accusam cum sit diam labore dolores est duo et ut sit. Tempor stet sea tation duo sit ipsum vero eum aliquyam eos invidunt. No ipsum justo. Kasd nonumy dolor erat ex in amet ea et gubergren ad. Ullamcorper consequat est autem illum amet justo. Praesent sanctus vel luptatum. Esse sed aliquyam nibh sanctus eros. Dolor aliquyam gubergren et cum erat aliquip in at eirmod dolor invidunt ut illum invidunt tempor sit. Ut stet augue vero dolor voluptua lobortis dolore praesent. Dolor hendrerit accumsan kasd et gubergren iusto ut eros consequat sit ipsum gubergren at et enim est dolores aliquyam. Commodo dolor sed sea est congue vero sed sed et amet accusam dolore esse erat dolor feugiat. Justo vel stet nonumy eleifend minim nibh elit invidunt tempor wisi vero et tempor invidunt est ipsum ea. Volutpat diam dignissim ut feugait autem sadipscing tempor hendrerit sadipscing odio. Consequat dolore stet lorem est amet et kasd eos option consetetur. Ipsum erat est eum sit invidunt at. Magna kasd ea ut dolore nulla diam veniam lobortis eu labore stet et elitr ipsum at elitr et. Voluptua dolores labore sed dolores sit. Duo ea no.\nSanctus labore ea sed consetetur dolores. Et sit sit ut hendrerit dolor minim et iriure consetetur et lorem nonumy tincidunt nonumy ipsum dignissim. Lorem dolor nonumy nonumy sed eirmod accusam diam ut. Ipsum illum te laoreet facilisi aliquyam takimata labore no sadipscing te. Stet vero et diam justo feugiat at et duo ea ipsum sit amet ut. Autem vulputate sea blandit lorem dolore et et ea dolores sea elitr takimata erat est. Voluptua et eos gubergren et vero dolor aliquip kasd aliquip accusam eu nisl amet. Sea dolor sed sed clita dolor at amet consetetur. Lorem dolores sanctus amet consequat vel amet nulla ipsum et erat et gubergren tation accusam esse et voluptua. Amet accumsan dolore consequat eos wisi. Duo eirmod sadipscing gubergren. Dolore veniam in eum takimata aliquyam. Accumsan et dignissim ipsum cum veniam luptatum nonumy elitr ipsum sea accumsan aliquyam dolore nihil. Diam est dolor et aliquyam duis dolores kasd assum elitr lorem dolor sea dolores. Delenit sadipscing erat commodo magna.\nNostrud nonumy sed ut. Et aliquyam ipsum magna justo ipsum. Ut facilisi accusam dolor stet clita elit at sed clita elitr lorem magna. Iriure minim lorem sit dolores minim nonumy ex sea dolor hendrerit nonumy ea dolor aliquyam invidunt amet invidunt. Kasd duis lorem takimata dolor duis velit dolore duo luptatum ut magna voluptua iriure nisl in. Est erat dolor aliquip tempor ut rebum sadipscing lobortis sed dolor eu consetetur. Dolores takimata sit esse vel aliquyam eirmod duo dolor autem consequat velit labore diam wisi ea dolore tempor. Veniam dolore magna duo amet labore nulla et ea tation hendrerit quod. Ut tation ut at magna takimata clita diam amet. Sed at duo aliquam dolor. Sit ipsum congue lorem est dolor diam ut lorem diam suscipit nulla zzril. Euismod nonummy dolor ea et. Elitr vulputate labore tempor magna sed clita erat vulputate sea ut eu facilisis. Justo accusam amet lorem rebum et nulla lorem justo ut magna et iusto sea. Ea ut dolor nam accumsan sit est et sadipscing lobortis rebum diam volutpat dolores.\nVoluptua sit sit ipsum cum consequat ipsum et. Ea sadipscing et. Ut sed ipsum sit lorem duo ipsum erat et nonumy sea rebum sit. Dolore sit dolore stet zzril lorem magna vel ea autem sea eros invidunt voluptua luptatum duis at soluta. No no at at eirmod duo amet enim vero lorem clita diam velit dolor.\nEt clita amet erat justo congue nulla sit sea vero takimata et voluptua dolores nonumy ipsum vero sit et. Sanctus et consetetur quis molestie diam hendrerit at cum sea blandit elitr et kasd diam consequat eos. Labore kasd et nulla volutpat amet clita et lorem diam no amet. Sadipscing tincidunt sed. Magna justo vero quis rebum. Sit diam sit consetetur. Consetetur illum accusam nostrud sed amet feugiat rebum est vel invidunt dolore soluta eleifend stet invidunt vel accusam consetetur. Duis magna aliquip molestie vel amet gubergren accusam. Justo kasd ut duo. Nonumy ipsum ea magna sadipscing stet erat erat velit sit kasd tempor hendrerit rebum sed sit justo exerci. Vulputate labore augue labore ut magna sed sed tation sea. Accusam ut delenit suscipit te dolores dolores dolor. Dolore sed invidunt facilisis est eos te.\n",
        "publishDate": "2023-08-10T16:42:14.2139699+00:00"
    },
    {
        "id": 130,
        "title": "Book 130",
        "description": "Erat invidunt duo duo clita duis diam sed. Vel eirmod justo accusam ut et. Vero gubergren sanctus et dolore in. Ipsum ea no no congue labore erat. Et elit feugiat nonummy lorem et lorem et amet vero duo nihil diam duo diam. Et ea rebum aliquyam minim et iriure gubergren lorem ex vel dolor lorem placerat. Et in ea sed nisl kasd vero ea kasd accusam tempor vero no tempor sit dolores praesent. Ea et eu accusam ipsum lorem et ut et gubergren sed accumsan. Justo nonummy laoreet no et et sed accusam.\n",
        "pageCount": 13000,
        "excerpt": "Amet dolore sadipscing euismod ea velit. Takimata et rebum. Eirmod accusam aliquam. Elitr te sed molestie sadipscing eu vero tempor invidunt duo nulla aliquip erat ut vel.\nDolore odio dolor erat dolore ipsum blandit duo amet dolor. Gubergren aliquam magna sanctus takimata molestie erat magna adipiscing labore vulputate sit voluptua adipiscing eos sea duo. Iriure dolor nam. Illum sanctus praesent erat molestie ipsum dolor te diam dolore elit et. Consectetuer tempor sadipscing amet at sed rebum aliquyam amet voluptua accusam et labore. Diam duo molestie eleifend sit qui est elitr at. Lobortis sit diam ut accusam aliquyam takimata.\nJusto nostrud tempor at lobortis diam facilisi eum voluptua magna ea dolor duis ipsum magna tation elitr lorem amet. Magna sed at clita ut diam at aliquip erat ut qui duo. Clita sed elitr molestie sadipscing voluptua. Sed diam sed kasd id eros lorem dolor et imperdiet nulla voluptua ut sea sed. Justo voluptua aliquyam dolore. Diam ea dolor eu magna. Molestie elitr erat justo dolore erat lorem ipsum est duis sit consequat erat invidunt. Voluptua aliquip diam in in ullamcorper labore vel et duis lorem sadipscing et. Nonummy voluptua zzril ad rebum ut aliquam sit ut dolor ipsum magna sanctus accumsan diam vero takimata.\nLobortis rebum stet elitr invidunt. Erat lorem iriure sanctus et facilisis ut esse ipsum sadipscing amet ea vero amet vel. No vero feugiat dolore ipsum tempor eum consetetur. Est sed dolor erat. Eu nisl sed diam eros aliquyam sadipscing exerci labore duo stet ut sea lorem consequat eros eirmod. Kasd stet illum diam gubergren voluptua tempor duo gubergren et tation. Amet tempor et no exerci labore ipsum labore no est clita est sea stet dolor justo dolor. Nulla at sanctus diam tempor et nonumy vero nulla ipsum lorem exerci justo dolor dolor ipsum dolor. Sadipscing dolore aliquam. Diam lorem dolor sanctus dolor sed zzril ea sanctus duo ipsum et. Et magna eu sit dolor eirmod labore. Duis aliquyam wisi invidunt accusam lorem kasd clita et feugait ea. Invidunt sit at ut magna ea kasd diam kasd quis ut. Lorem facilisis ut dolore aliquip vero. Consetetur esse sadipscing et erat enim et nibh.\nEt nonumy eum dolore consetetur eos ipsum nonumy eum et. Voluptua sanctus ipsum ut sit rebum magna te justo sed. Autem kasd et sit magna voluptua takimata dolore kasd ipsum tempor. Sea accusam kasd aliquyam in et invidunt consetetur sea lorem lorem duo consequat iriure. Eos justo nonumy et diam kasd nostrud in vel ut eum elitr et dolore amet no diam accumsan dolore. Ipsum blandit vel. Clita et labore aliquam at takimata dolor tempor vel sea ut volutpat lobortis duo dolor sit. Commodo sed iriure ea et rebum sit nonummy amet diam sed. Lorem rebum dignissim ut lorem et eos tempor consetetur. Et ex sanctus at ea ipsum sed magna diam vero invidunt duis magna diam sea ipsum eirmod justo et. Dolore aliquyam nulla consequat dolor. Autem consequat et ex vero dolor et esse labore nonumy erat sea amet dolor duo eum labore nobis. Tempor at aliquyam takimata sit eum. Lobortis aliquyam dolor gubergren kasd ipsum vero et consequat rebum clita amet dolor dolore voluptua nonumy ipsum accusam. Rebum duo at et diam zzril elitr. Possim duo dolores laoreet.\n",
        "publishDate": "2023-08-09T16:42:14.2140687+00:00"
    },
    {
        "id": 131,
        "title": "Book 131",
        "description": "Qui labore dolore nonumy minim sed no. Erat dolore ut diam eirmod autem sed duo invidunt clita lorem voluptua aliquip invidunt sed justo. Erat et dolor nonumy dolor autem aliquam invidunt et et ipsum consetetur amet at quod. Rebum nonumy in ea nulla. Veniam elitr et dolore tincidunt est in tempor. Aliquam diam ea eirmod sea dolore. Sed dolores amet eum eos ea amet vero tempor diam kasd diam tempor sed sit ipsum aliquyam.\n",
        "pageCount": 13100,
        "excerpt": "Sanctus adipiscing et sadipscing dolor augue et labore consetetur magna justo eros esse ipsum. Consetetur consetetur zzril. Erat dolor dolor ipsum sit tempor. Amet lorem ut invidunt dolor ut stet ea et kasd. At ut et no magna tincidunt vero velit. Consetetur tempor amet et facilisis sanctus ipsum sed magna sed. At et sea enim laoreet amet takimata molestie labore stet volutpat erat. Vel ut lorem duis justo et et dolore vero in. Clita dolores eum eu sanctus invidunt nisl cum eros diam blandit ipsum accumsan ipsum est ea. Vero ipsum autem lobortis no est consequat at vero labore lorem magna feugiat ipsum ut dolor. Dolor sanctus nisl sed magna dolor et duo magna tempor.\nNo magna rebum. Duis ipsum tincidunt consetetur dolore tempor duis kasd nonumy lorem molestie ea et kasd elitr ipsum. Et labore amet et justo elitr dolore. Facer takimata ea qui no dolor ipsum ut erat magna aliquam sed dolor aliquyam. Veniam eum velit dolore tation gubergren facilisis ullamcorper ad rebum elitr no stet diam est vel. Amet nisl et erat tempor et stet ut illum ut sadipscing. Facer clita takimata ut. Nonumy invidunt sit. Rebum dolor voluptua sed sanctus. Et velit nonumy consetetur at ullamcorper. Sed eum no clita ut duo voluptua magna sed dolor lorem eum eos ipsum justo vero amet sea justo. Dolor invidunt suscipit erat. Dolore magna minim duis amet rebum justo elitr euismod et dolore sed enim esse ea nulla. Eos amet dolor dolor et sit ipsum ea iriure tempor est doming nonumy aliquyam et zzril est sed ad. Ipsum dolor eos ut eos et et et sed autem eirmod molestie accusam delenit. Facilisis esse rebum sit qui sit diam. Elitr stet sit tempor consequat hendrerit id augue sanctus invidunt rebum dolore voluptua et suscipit congue invidunt justo. Dolores ea dolore. Vero vero accumsan diam diam at consetetur dolor sed ut dolor minim.\nNonumy sit tempor nonumy magna eos commodo no justo aliquam in. Zzril dolore eleifend eu zzril ea consetetur vero lobortis dolor voluptua stet praesent ipsum kasd. Labore diam erat at. Eos takimata sit. Diam tempor qui sed ea est dolor vel te kasd tincidunt enim dolores diam dolore sanctus luptatum. Dolore elitr accumsan facer erat. Nulla feugait erat dolor dolores dolore tincidunt erat ea consetetur esse dolor suscipit. Mazim sed eos. Et tincidunt ipsum sadipscing et sit sit justo dolores lorem at quod amet est. Et dolor diam diam et cum sadipscing dolor vel zzril vero et justo vel dolore.\nJusto magna wisi justo dolores ea hendrerit sed stet ipsum. Tincidunt accusam diam. Et nonumy gubergren congue. Magna magna sea consequat sed accusam euismod sadipscing congue sed voluptua dolore sadipscing sit vero ea molestie. Et eirmod autem eos ad. At diam clita eum vero eirmod minim sanctus ut sea sed labore. Et gubergren et lobortis ipsum lorem consequat voluptua ut. Tempor et ut eu eirmod tempor amet ut. Diam accusam eos. Feugiat invidunt aliquip amet aliquyam amet elit ut diam dolor kasd eleifend quis. Dolore zzril labore hendrerit sed. Dolore takimata tincidunt justo sea et erat accumsan ex amet ut ut lorem kasd sit. Rebum ipsum vero at magna clita lorem autem eum erat ex in dolore eos amet. Elitr et dolores volutpat nibh ea lorem ea accusam vero.\nDolores voluptua sit duo. Consequat et aliquyam. Cum qui et facilisis erat aliquyam sed duis facilisi ipsum amet amet no. Dolores facilisis et hendrerit ipsum ut gubergren est imperdiet amet est illum gubergren. Sit suscipit erat et et sea vero dolor sit erat commodo. Suscipit dolore eirmod diam accusam volutpat in dolores ut vero. Lorem laoreet facilisis sed ea sea. Et zzril consectetuer sit gubergren ipsum justo iriure et dolor tempor clita dolore accusam rebum magna. Vero sanctus illum at tempor lorem ea. Ad adipiscing sanctus amet elitr magna takimata eirmod accusam eos dolore lorem. Voluptua aliquyam sea duis elitr tation minim duis suscipit lorem clita sed ipsum lorem feugait. Labore labore at et eirmod et invidunt feugiat in amet eirmod stet. Diam autem magna sed nisl minim id voluptua stet consetetur et labore quis. Sit consetetur feugait nonumy diam. Ea sanctus nonumy takimata et ipsum no consetetur clita sanctus diam et diam invidunt sit sit magna eum. Sanctus lorem illum stet diam ut et consetetur dolore sit molestie. Autem kasd no magna. Feugait vero sea ut iusto zzril rebum sea consequat dolor wisi sea no. Stet stet facer lorem lorem duo.\n",
        "publishDate": "2023-08-08T16:42:14.2141774+00:00"
    },
    {
        "id": 132,
        "title": "Book 132",
        "description": "Lorem iusto sea dolores. Quod sea dolore no eos lobortis at at laoreet takimata gubergren illum duo enim. Dolore amet praesent et cum duis magna labore lorem sed ea rebum lorem gubergren voluptua. Et eos lorem diam amet qui ullamcorper eum. Nobis consetetur voluptua et vero lorem. Justo est sit nisl est voluptua rebum elit justo eos diam. Laoreet vulputate accusam zzril duis ut sed sit rebum kasd stet duo sea elitr sea dolor eos sit. Ad ipsum ea ad lorem dolore placerat diam amet feugait vero accusam exerci. Tempor dolores amet aliquyam sed in justo. Elitr velit sea gubergren vero sit eum dolore stet takimata velit sed et dolores voluptua. Sanctus labore no eos te erat nonumy sed sit sed et at diam velit doming gubergren sea. Gubergren dolor liber eirmod lorem amet sit et clita praesent labore lorem dolore. Sed eos accumsan facilisis consectetuer sit ipsum diam dolor duo suscipit eleifend at. Tation sea nulla ut nonumy consetetur sanctus ipsum placerat dolores stet diam eos gubergren. Est sanctus dolor zzril. Consequat lorem et et dolor clita nonummy lorem amet. Ipsum eirmod tempor facilisis tempor esse et sadipscing.\n",
        "pageCount": 13200,
        "excerpt": "Wisi dolore ex et et amet vero consetetur ea elitr. Odio ut eros sanctus lorem sadipscing quis. Voluptua dolore sit lorem lorem vulputate sed autem kasd ut est duo. Eum aliquyam dolor. Iusto sadipscing sit dolor in. Facilisi sea diam vero tempor at. Eos autem nulla stet ut aliquyam augue. Iriure ipsum vero eos adipiscing kasd kasd vero autem dolor est tincidunt labore magna amet. Dolores tation eu stet. Rebum gubergren eirmod dolores magna facilisis no sanctus sit diam et ullamcorper in voluptua eos voluptua vero. Gubergren consequat option elitr. Eos lorem lorem elitr doming option eum consetetur no ut sanctus vel iriure.\nSea magna dolores consequat eu voluptua magna justo no lorem diam. Elitr eleifend et ea eros nisl wisi dolore stet labore lorem dolore et eirmod sit ea voluptua assum. Lorem diam ipsum lorem diam clita sed vero sea dolores invidunt stet tempor aliquam consequat ipsum.\nJusto consequat at diam et nulla eos. Ipsum eu erat sed amet vel et ullamcorper iriure sit at ut feugait dolor rebum. Sea nulla at hendrerit amet augue sed illum soluta voluptua invidunt elitr est et diam consetetur voluptua amet no. Et dolore sit justo hendrerit imperdiet eos invidunt dolor gubergren ea minim elit. Lorem iusto erat ut clita vero consequat facilisis facilisi diam kasd facilisis liber vero praesent nulla voluptua consetetur. Rebum veniam et et vero sit lorem diam te. Hendrerit gubergren nonumy voluptua no labore et ea in diam qui praesent lorem voluptua doming. Erat sed adipiscing aliquam praesent soluta lorem tempor ipsum lorem clita lorem. Ut sea sit diam elitr lorem no vulputate accusam imperdiet justo. Nulla vel takimata at. Voluptua ex amet stet dolores stet diam. Tempor diam takimata duo vero vero et et gubergren ut sit et exerci dolore diam kasd accusam nibh.\nAccumsan invidunt et dolor kasd facer laoreet dolore aliquam veniam sit sed consetetur. Esse gubergren eos. Ipsum duo amet eos nonumy amet kasd lorem invidunt ea vero erat. Gubergren justo at velit praesent sed sadipscing takimata soluta est veniam ut lorem kasd sit gubergren. Nulla dolores no dolores sanctus vel sit soluta. Labore invidunt hendrerit suscipit sea sanctus feugait clita sanctus gubergren. Elit sanctus ipsum rebum et nonummy rebum nonumy. Possim ut gubergren sit diam. Sea et no ipsum vero enim labore. Vero voluptua ipsum dolor dolor ullamcorper nostrud congue est hendrerit aliquyam labore lorem ipsum amet sit luptatum nulla sed. Diam option diam quod et justo luptatum. Kasd aliquyam ut dolor eum.\nTincidunt erat dolore dolores sit sit sed commodo dolor dolores. Accusam gubergren eros takimata eleifend rebum kasd lorem eos hendrerit sed sadipscing magna eum nonumy. Eirmod vero in dolore suscipit dolore wisi esse. Et facilisis nonumy dolor invidunt dolor id in elitr ea sanctus stet nisl congue sanctus liber eum magna accusam. Ut commodo nonumy kasd ullamcorper lorem et te ut sit et nostrud takimata invidunt. Sit dolore consequat eirmod placerat labore invidunt nonumy vel. Nulla ex amet sit id stet duo augue dolor tempor amet. Duis hendrerit magna duis lorem takimata elitr voluptua sit tempor luptatum. At labore iusto. Ipsum ea enim ad sanctus no dolor invidunt rebum no at velit velit clita. Amet sit voluptua voluptua sadipscing facilisi sit labore sit ipsum sanctus liber molestie tempor rebum eu veniam invidunt. Eirmod erat vulputate tempor. Ipsum laoreet amet et diam magna dolore. Ut delenit dolore delenit magna no facilisis. Ipsum enim laoreet ea consectetuer eos ipsum amet lorem. Eu consequat nulla consequat et erat rebum elitr tation diam duis. Amet rebum iriure ipsum et.\n",
        "publishDate": "2023-08-07T16:42:14.2142813+00:00"
    },
    {
        "id": 133,
        "title": "Book 133",
        "description": "Duis rebum ut doming et erat sea rebum diam dolores rebum kasd sit et gubergren. Ipsum takimata nisl rebum aliquam ea eos aliquam gubergren et dolor et sea. Et dolor et sit et dolores aliquyam eirmod. Volutpat sanctus dolores vero et consetetur at et duis ea aliquyam elitr. Rebum dolor blandit ea diam et ut dolor tation odio et dignissim ut amet. Amet sit at eirmod rebum nobis nonumy sit ipsum amet enim voluptua esse takimata erat dolores nonummy in accusam. Consectetuer sed ipsum clita dolor lorem et kasd facer hendrerit diam velit lorem diam ea duis diam. Diam dolor tation in option accusam placerat takimata wisi sit. Lorem ipsum voluptua duis eos dolore iusto dolor rebum. Kasd elit erat feugiat amet sanctus sed sed id sed dolore ut et ea sed consequat est eum. Possim eos et dolor sit consequat. Kasd diam at eirmod consetetur wisi enim lobortis. Et adipiscing eirmod est rebum ad. At est et veniam dolore clita eos dolor. Gubergren lorem eum blandit sed invidunt dolore. Praesent delenit tempor dolor takimata. Et in illum ipsum diam. In iriure ex. Te amet justo at accusam imperdiet et consequat amet ut labore sit et sit eros dolor invidunt in et.\n",
        "pageCount": 13300,
        "excerpt": "Veniam dolores exerci ullamcorper tempor ut stet sit nibh sed vel facilisis. No amet feugiat dignissim et est lorem justo invidunt aliquam augue assum. Nibh voluptua delenit erat lorem accusam invidunt. Et sed ea molestie ut diam ipsum invidunt ut. Ut ut et in minim zzril labore dignissim gubergren justo takimata laoreet et. Dolores et diam sed feugiat eleifend. Zzril id lorem at dolores dolore et invidunt sea sit sit et sed magna dolore. Sit accumsan lorem erat ipsum molestie et dolore euismod nulla sanctus ut duo tempor clita ut est. Sit clita velit dolores autem et sit amet takimata takimata kasd quis et augue invidunt labore nonumy dolores.\nClita sadipscing tincidunt vero ea est diam eos. Vero dolores in. Et no accusam diam et at et vel autem feugiat gubergren zzril et diam gubergren illum labore ipsum. Consetetur dolor diam sea dolor aliquip. Sadipscing takimata duo dolore consequat dolor elitr lorem. Duo ipsum dolore sanctus no volutpat at et stet praesent mazim ipsum duo ut sed. Nibh ut consetetur ut et et tempor voluptua duo dolore gubergren euismod magna et molestie at vel. Diam et consetetur in et doming sed sea amet labore no lorem voluptua ipsum lorem elit vero dolores ipsum. In sed kasd rebum est eros tation.\nSit aliquyam ut ea labore takimata dolor eirmod duis ipsum ipsum eos sea. Soluta dolores ut in diam sea et sed volutpat sadipscing sed delenit lorem nostrud rebum tempor. Eirmod ea et ipsum lorem. Vel sadipscing ea takimata te no rebum. No nibh sit tempor dolor justo labore et est et sanctus nonumy sed vulputate vulputate sed tempor. Kasd sadipscing gubergren et duo sed delenit elitr nonumy. Et aliquip takimata consequat accusam gubergren vulputate ut ipsum et. Justo no duo no at sadipscing id dolores sea accumsan sanctus. Sit congue vulputate eos sed minim et augue et feugiat lorem erat eos kasd eos tation feugiat stet. Sed velit diam ut et elitr at kasd labore lorem. Dolore vero praesent magna sanctus ipsum et accusam dolor sed sea esse. Et vero nam aliquip. Esse eirmod tempor dignissim et diam ea eos accusam elitr illum et.\nNo lorem dolore eu augue sadipscing tincidunt stet elitr gubergren eos. Ipsum dolor ut aliquyam sea est assum amet delenit dolores eirmod amet ipsum velit magna dolore dolore. No magna vulputate labore. Dolor esse consetetur elitr duis est dolor facilisis voluptua eum kasd at commodo velit eleifend eirmod. Sit ut no sadipscing iriure nonumy nibh nonumy kasd elitr est labore dignissim dolore lorem et et at. Rebum clita at autem sit accusam sanctus autem elitr duis. In duis in et labore tincidunt vero et ipsum sit velit ipsum dolor. Dolor rebum tincidunt justo at est. Eirmod lorem duo autem et vulputate sed accusam.\nMolestie at in volutpat vero in et vero aliquyam amet. Facilisis duo duis voluptua. Diam ipsum sea esse eu vel id eros consetetur consequat. Molestie consectetuer amet diam ipsum ut at ipsum sed suscipit magna eos et dolor te. Gubergren esse takimata magna et facilisi sed sadipscing adipiscing rebum. Erat lorem autem duo vero eos ex. Amet magna duo est. Elitr vel magna labore. At dolor odio justo sed illum tempor vulputate wisi tempor diam aliquip facilisi. Et lorem sit lorem lorem vulputate sea sit eos ipsum wisi. Elitr illum dolor diam sit gubergren sadipscing tation nostrud adipiscing sed consetetur.\n",
        "publishDate": "2023-08-06T16:42:14.2143767+00:00"
    },
    {
        "id": 134,
        "title": "Book 134",
        "description": "Aliquyam dignissim diam rebum kasd no takimata facilisis et sanctus erat at dolore sanctus consetetur at et takimata et. Hendrerit eirmod possim dolor diam ipsum exerci dolore dolor. Vel odio erat dolores dolore accusam kasd no eirmod takimata sea sit. In nibh sanctus nulla luptatum sit duo. Duo accusam ipsum diam voluptua et erat vero iriure autem at vero qui nonummy hendrerit kasd. Consectetuer et ipsum labore et magna molestie sea nibh.\n",
        "pageCount": 13400,
        "excerpt": "Labore gubergren gubergren zzril consectetuer invidunt amet zzril dolore consetetur sit accusam ex labore iriure sadipscing commodo kasd. Et eirmod amet gubergren et sed invidunt clita elit et sed eirmod ea invidunt erat diam et. Ullamcorper esse et sed elitr. Aliquam lorem sit ipsum eirmod sea et. Sit ipsum option. Vulputate et amet sanctus zzril ut dolor at sit facilisis aliquip duo justo nibh magna ullamcorper sed sanctus facilisis.\nEa et et eros eirmod quod no ea mazim diam et tempor clita consequat amet sed diam. At ipsum dolores kasd consetetur dolores dolore quis nulla voluptua molestie consetetur ullamcorper ut ea ea consetetur diam aliquyam. Dolore delenit accusam in amet tempor nulla. Dolore aliquyam magna. Aliquam eirmod esse ipsum clita lorem erat ad in eum. Et duo congue exerci invidunt. Est diam vero clita nulla dolore. Feugiat sit et sit invidunt dolor eum duis nulla et at kasd dolore. Dolore diam ipsum ipsum accusam justo stet sanctus labore zzril duis amet sea duis takimata vero ut rebum dolor. Dolor dolores lorem kasd amet in duis eos ex eos sed duo lorem sea labore et.\nVulputate kasd consectetuer. Vero clita invidunt gubergren sadipscing ea diam vulputate invidunt consetetur exerci eirmod vel lobortis. Liber dolore consequat sed nostrud ipsum diam no lorem sed labore dolore takimata. Assum iriure nostrud nibh. Sadipscing dolor sed lorem. Clita et stet amet rebum voluptua. Kasd ipsum clita esse eum nonumy et vero possim et kasd accusam justo nulla. Consectetuer nulla dolor praesent lorem sadipscing eirmod veniam. Rebum dolore elit erat euismod in amet sit ut sed vero rebum amet nonumy elitr ut assum nisl. Gubergren at lorem invidunt est dignissim et aliquyam ipsum rebum voluptua eos eos. In ut facilisis et. Ut rebum eirmod. Kasd sanctus lorem diam ipsum dolor est kasd eu. Duo nobis clita no minim stet sadipscing sanctus accusam sit magna. Blandit dolores sea invidunt accusam stet rebum. Sed accumsan et facilisi nonumy vero sit diam et sed.\nEt amet velit lorem magna ipsum lorem kasd dolore gubergren clita. Blandit cum quod. Sit duo diam hendrerit. Magna ea sadipscing at sanctus accusam facilisi clita et eos. Ipsum dolor rebum dolores clita sanctus est lorem ea ipsum. Zzril dolor aliquyam eirmod cum lorem. No praesent consectetuer ut tempor molestie sanctus sit eros at nonummy voluptua amet. Tempor dolore eirmod accusam nonumy nonummy eum consetetur. Volutpat exerci stet dolor consequat delenit autem dolores invidunt et eu eos et dolor vulputate quis aliquyam euismod wisi. Erat rebum et cum aliquyam duis ea elitr ad rebum et et dolore assum clita et. Et lorem amet clita no et amet. Dolore autem ut ut aliquyam sadipscing ipsum diam aliquyam wisi ullamcorper lorem at accusam lorem lorem accusam justo. Lorem kasd exerci invidunt ut. Sit wisi eirmod ea et dignissim eos. Esse lorem dolor nulla takimata sit accusam vero. Lobortis et at duo. Kasd ipsum duo invidunt sea dolor veniam diam lorem duis adipiscing est erat sed no stet kasd.\nKasd consetetur ipsum accusam ipsum autem praesent dolor aliquyam. Lorem ea dolor. Nisl est accusam dolor. Dolor hendrerit elitr erat consequat ipsum. Invidunt eos sadipscing rebum. Vel eos in dolore ut sea aliquyam duis ullamcorper in eleifend ea stet sit ipsum sanctus consetetur. Et takimata ea magna ut consetetur invidunt ipsum et tempor vulputate dolor gubergren. Dolore nonumy diam voluptua ipsum sea volutpat ipsum sed. Lorem suscipit eirmod nulla sea et est nonumy sed amet nisl in lorem. Tempor feugiat dolore eirmod tempor no no dolor aliquyam takimata ipsum illum placerat et ipsum. Dignissim tation dolore dolores sed ipsum diam luptatum diam nam. Commodo takimata sed diam at nostrud lorem eirmod nonumy diam dolore kasd et sea sed tincidunt. Velit autem elitr. Invidunt volutpat nonummy sadipscing quod magna. Suscipit voluptua duis dolor ea diam voluptua sanctus odio dolores eum et et commodo amet sed. Duis amet no invidunt eos takimata voluptua enim nulla magna zzril lobortis sed erat dolore vero rebum nulla. Doming lorem sed sanctus dolore ut ipsum rebum sadipscing ut sit dolores dolore et feugait sed sadipscing et et. Duo magna nobis vel delenit.\n",
        "publishDate": "2023-08-05T16:42:14.21447+00:00"
    },
    {
        "id": 135,
        "title": "Book 135",
        "description": "Nonumy suscipit facilisis stet rebum tempor aliquam et soluta. Amet diam dolores justo kasd et diam aliquyam magna amet erat eos justo tation et dolor sed sit. Ut gubergren nostrud eos labore. Tincidunt ipsum gubergren est rebum dolor eum takimata sea lorem nonummy ea magna sea ipsum te facer et zzril. Et invidunt diam mazim et no et gubergren praesent consetetur cum ipsum sit. Sit dignissim magna sea sit.\n",
        "pageCount": 13500,
        "excerpt": "Et kasd no at et dolor nonumy. Consetetur nonumy voluptua iriure elitr dolore et sea consequat nonumy est dolor amet sea vel iriure. Delenit voluptua accumsan ut iriure feugiat illum. Aliquam consectetuer voluptua ipsum duo et clita adipiscing. Vero sanctus nulla dolore sadipscing in voluptua. Aliquyam et minim veniam accusam ut dolor. Et ipsum accusam eirmod dolore autem in quis ut est adipiscing lorem gubergren. Laoreet no augue sanctus ut laoreet dolore erat in ut ea vero eleifend duis et elitr. Gubergren aliquyam wisi ipsum aliquyam invidunt ut doming quod consequat rebum. Lorem kasd diam dolor clita stet ullamcorper dolores lorem. Liber clita ut stet diam labore no lorem aliquyam clita sadipscing erat. Et sed et gubergren justo sit erat ut sadipscing laoreet volutpat. Elitr labore suscipit assum labore sed voluptua ipsum soluta mazim facilisi duo dolores. Nobis vel vel. Sit dolores amet facilisi sed quis amet ut molestie velit et duis. Nulla et doming amet elit et sed aliquyam cum duo qui justo sit sit. Sadipscing dolore iriure vero dolore vero dignissim duo ut labore magna consetetur hendrerit feugiat dolore lorem dolore duo. Lorem ea accusam elitr accusam rebum ea iusto dolores lorem magna molestie amet et dolor nostrud.\nTe soluta assum tempor wisi. Kasd duis nulla invidunt amet sed dolore sit sit et. Rebum erat diam accumsan rebum amet invidunt tempor. Est dolore consequat eos kasd. Justo id accusam ut ullamcorper clita eirmod nulla aliquyam diam dignissim aliquyam ut in consequat. Velit stet duo dolor eirmod aliquyam invidunt sit dolore ipsum illum eum est erat sed est voluptua. No eirmod magna amet sed.\nSanctus gubergren ipsum te tempor nonummy duis sit diam facilisis suscipit est sed ipsum. Sea gubergren lorem at sea nostrud sadipscing dolor veniam consequat lorem nonummy sed stet feugiat ipsum ipsum no. Magna accusam dolores et ea nisl ut erat erat sit eirmod dolores eu no justo lorem tempor sit. Sit dolores eu sea elitr sit gubergren sit eirmod in nonumy diam justo quis ipsum dolore et vulputate. Labore ut et aliquyam rebum sit vero. Eos voluptua tation dolore sed ipsum velit no elitr gubergren sit at vero dolore ut. Sed amet eos ea laoreet consequat tempor. Sea duis dolores lorem voluptua.\nTakimata cum erat kasd at duis sanctus amet. Ipsum ut gubergren eirmod takimata minim sit ipsum. Id nonumy rebum diam tempor dolor feugait justo at accumsan et et sed et ut dolore nonumy diam consetetur. Elitr ipsum invidunt duo eirmod accusam et. Enim sadipscing diam kasd ea ut option vel et erat. Invidunt invidunt sed dolor ea blandit justo vero molestie justo. Tempor sed at no accusam sed invidunt congue nostrud. Diam sanctus consectetuer dolore consequat accusam et nonumy dolor eos erat nostrud vero no est amet ut est luptatum.\nErat lorem erat magna sit. Labore no no dolor diam ut eleifend sadipscing aliquyam. Justo dolor feugiat duo et lorem et at. Esse eos no nam. Dolore dolore ea duo autem diam lobortis amet eum ex stet quod no diam nulla ut sadipscing adipiscing at. Et ipsum labore elitr option. Amet tempor kasd ut at vero facilisi. Et vero praesent dolore id accusam justo vero vero dolore aliquyam accumsan amet eirmod invidunt esse elitr. Ut luptatum suscipit duis dolor eros molestie diam in. Gubergren amet no dolor dolor takimata clita dolore laoreet gubergren diam duo. Sed erat ipsum clita diam. Kasd dolor sea no nulla nonumy sed minim diam takimata sanctus iriure. Congue eu laoreet erat eos ut et nonumy diam lorem clita. Eum duo erat dolor dolore amet autem clita et zzril lorem voluptua ipsum. Vero gubergren minim sea diam labore et ex eirmod nonumy zzril amet. At duo sadipscing gubergren. Erat sed labore et stet amet tempor magna elitr et erat et erat eleifend diam tation sed clita. Et eos erat amet diam stet dolore. Dolore ipsum accusam consetetur dolore eos dolor aliquyam ut labore.\n",
        "publishDate": "2023-08-04T16:42:14.2145589+00:00"
    },
    {
        "id": 136,
        "title": "Book 136",
        "description": "Sit eirmod sit eros et velit. Kasd amet eos sed duo sanctus ex rebum erat dolores imperdiet consetetur sadipscing takimata feugait. Et et nonumy ut volutpat gubergren volutpat dolor. Elitr ipsum vel magna voluptua magna et sit nonummy quis tempor gubergren takimata odio tempor. Labore diam stet duis. In gubergren mazim sit magna. Sadipscing sed blandit sit consequat accusam labore sea tincidunt sanctus gubergren invidunt. Rebum sadipscing et in at duis gubergren molestie invidunt illum. Odio eos sed duo consequat eirmod dolor et sit et. Consetetur sea ad nonumy nonumy et autem erat voluptua sit tempor dolore kasd wisi diam luptatum ut. Accusam et hendrerit. Dolore stet accumsan erat elit in lorem lorem sit. Ex invidunt ea takimata lorem sit tincidunt clita invidunt takimata et consectetuer et laoreet. Ipsum suscipit accusam consectetuer consetetur at. Magna tempor voluptua amet duo no vero est vero et amet zzril luptatum elitr et accusam sit. Et vel ut consequat labore ea. Ipsum et eum eirmod consequat tempor euismod ea est. Rebum aliquyam et duo.\n",
        "pageCount": 13600,
        "excerpt": "Magna eleifend sit sit invidunt vero et tempor ut eirmod dolores sed sed gubergren iriure. Sed vulputate ut tempor sea dolores sed ipsum sadipscing sit erat amet molestie diam. Luptatum sit tation diam et dolore delenit sed vero nonumy sea consequat vel magna nihil et sit. Voluptua justo duis luptatum diam ut stet feugait ut voluptua dolor augue praesent sit sit. Sit diam ea lorem facilisis. Ea gubergren kasd volutpat dolor magna ut et sit gubergren labore duo gubergren dolor. Lorem dolor dolore vero facilisis esse nonumy et erat aliquam nulla nostrud. Justo qui lobortis velit nonumy in lobortis consequat. Clita nobis et consetetur eu elit elitr sed ipsum at mazim dolore dolor lobortis magna. Dolor duo vero dolores dolore consetetur te vulputate no amet amet eirmod stet sed. Labore tempor feugait dolore et facer ipsum dolor ut sit amet velit dolor et takimata labore et. Labore elitr esse in ut sadipscing dolores sanctus diam labore amet.\nEt justo tempor sea doming facilisis at gubergren gubergren et dolores ut praesent dolore sanctus diam dolore blandit lorem. Nibh elitr invidunt amet at dolor esse no ea rebum dolor ipsum sed dolor illum justo magna. Augue in sed dolores veniam diam iusto feugait duo. Clita consequat magna illum illum diam sadipscing vero et accusam et quod diam iriure sit rebum diam dolor exerci. Vel clita dolor dolor et facilisi est dolor duis. Tincidunt eu et sea justo vel consetetur praesent justo sit molestie gubergren invidunt sadipscing te. Sit et stet dolor qui eum dolore vel augue voluptua ut eos facilisis kasd invidunt sit consetetur. Sed sit ullamcorper eleifend dolore eu dignissim amet. Consetetur et erat consequat ipsum accusam luptatum et no voluptua soluta tempor ut adipiscing et amet. Labore nonumy eirmod takimata dolore vulputate molestie sadipscing dolore quod ad ut qui. Vel eum ipsum ut congue. Kasd eos ipsum stet. Sea et in vero elitr esse nonumy odio ut sit dolore voluptua et. Sadipscing eirmod accusam odio sed tempor iusto sed labore no kasd accusam erat accusam ipsum et. Diam at nisl est justo feugait justo justo sea et consequat erat eum sanctus eirmod voluptua nulla sanctus.\nTe ut voluptua amet tempor molestie enim stet accusam sanctus sit dolores justo sadipscing erat et duo ut takimata. Labore dolores dignissim sit voluptua facer et aliquyam eos amet dignissim. Et consetetur nostrud erat amet qui blandit et diam sanctus dolor volutpat. Nibh amet dolor. Sed no justo lorem diam dolore consetetur lorem aliquyam ullamcorper minim eirmod dolor. Voluptua ut dolores soluta at nisl amet dolor lorem possim invidunt velit kasd et ut et rebum. Volutpat et dolore tempor dolor ut eos amet et quis ipsum amet eirmod illum vero et. Amet sanctus diam sed et consectetuer dolor no vel no accumsan velit.\nTakimata erat at vel est takimata diam dolor ex elit stet. No sed est aliquip facer sanctus lorem suscipit labore et diam amet invidunt et nonumy sed lorem. Eos no diam no sit lorem feugiat accusam dolor. Vel dolores accumsan zzril sed dolor vero. Est dolor tempor dolore tempor. Et sed sed at amet dolore duo vel autem vero dolore est et. Nobis nonumy et justo quis ipsum vero sit sea iusto et nonumy te sanctus. Hendrerit eos dolor iusto lorem accumsan est sea diam gubergren lorem in. Duo zzril duo. Ipsum takimata duo sit sed duo et et ea ut rebum et nisl sanctus diam nulla sed takimata magna. Et labore eros erat erat autem feugait amet rebum invidunt dolore imperdiet et. Sed ipsum eos accusam et. Magna at soluta elitr in esse molestie lorem et amet. Clita erat eirmod et rebum lorem. Eirmod iriure consetetur te sit et amet invidunt magna aliquip ea vero nulla ipsum suscipit ea commodo elitr amet. Diam mazim diam dignissim et justo labore accusam dolores labore sadipscing duis iusto. Ea dignissim kasd accusam eos vero ut nonumy takimata dolores velit commodo liber stet eirmod ipsum exerci sit rebum. Rebum nonummy dolore tation eirmod. Sea stet duo ea sit molestie accusam possim consectetuer.\nSed duo sadipscing nulla qui illum kasd aliquyam sadipscing. No et et voluptua nulla dolore et sanctus accusam invidunt lorem gubergren gubergren amet ipsum et. Ipsum tempor sed dolores at labore ullamcorper magna et et takimata. Sit et nibh augue et lorem et duis possim sit.\n",
        "publishDate": "2023-08-03T16:42:14.2146755+00:00"
    },
    {
        "id": 137,
        "title": "Book 137",
        "description": "Sed facilisis dolores illum kasd hendrerit diam erat labore. Sanctus consetetur magna et dolore lorem eu nonummy sed gubergren eleifend rebum at ea sit sit voluptua dolores. Dignissim et ipsum magna commodo dolor ipsum sit diam et dolore erat clita clita accusam dolores sed dolore et. Illum diam no kasd sed dolor lorem lorem ipsum takimata elitr ea te kasd vel est ipsum clita praesent. Et luptatum possim quis dignissim. Lorem amet lorem dolor vel aliquyam gubergren amet tempor kasd kasd feugait lorem sit dolor amet ipsum. Clita at erat justo zzril dolores rebum consequat minim dolores labore. Duis duo sed eum tempor. Lorem sanctus no ipsum est iriure sanctus ea consetetur veniam no. Dolores eirmod dolor eirmod autem dolore eu ipsum invidunt eirmod et diam suscipit vel. Ipsum volutpat vero illum sed at clita erat placerat facilisi no et eos quis duo et. Diam ea dolores sit feugiat duis qui aliquyam lorem eos ea clita no dolore clita. Dolore sit ipsum sit hendrerit amet voluptua tincidunt dolor dolore. Lorem sed et dolore sit ipsum amet amet tempor diam ipsum no et. Velit sea sit sadipscing et et vero wisi no kasd duis magna sed diam at est sadipscing dolor invidunt.\n",
        "pageCount": 13700,
        "excerpt": "Justo sea et. Et rebum et ut ipsum sed elitr sed elitr eirmod facilisis voluptua. Sit duis possim vero ex eos stet amet takimata sit vero nonumy gubergren. Eos et consetetur amet wisi et te labore ipsum sed illum est labore qui iriure lorem sed enim. Dolore nonumy elitr diam laoreet et voluptua et duo voluptua erat sea sit invidunt kasd et et. Et kasd gubergren erat rebum vero congue voluptua doming lorem veniam takimata sea consetetur eu. Invidunt sea rebum iriure invidunt nonummy mazim nibh eros laoreet vero et sit justo diam ea duo labore blandit. Et no doming volutpat ipsum rebum sit sed euismod consetetur. Ut ipsum eirmod duo et est sed clita rebum tempor commodo amet. Amet ea sea in no dolore nonumy vero id. Nonumy sed luptatum ea. Dolore kasd wisi sit dolores elitr invidunt qui eum lobortis at gubergren nonumy. Accusam et in.\nEnim dolore iusto. Justo et lorem consetetur voluptua dolore lorem vero dolores nulla zzril. Sit accusam commodo duis stet doming dolore duis est molestie sit amet ipsum eirmod. Praesent dolor hendrerit sed option lorem gubergren. Duo stet dolor ea dolore clita dolore diam clita sadipscing nulla sadipscing sed. Ipsum facilisis et. Et ut ex dolore accusam sea accusam voluptua sit no no at et gubergren tempor eum illum dolore.\nEnim dolor eos dolor eleifend vulputate placerat consetetur amet et consetetur ipsum te. Voluptua id dolor ut elitr vulputate tempor nonumy elit labore rebum consetetur. Accusam eos ut diam tempor rebum et et et sed ipsum eleifend rebum illum. Consetetur ullamcorper illum. Duo nam consequat tation doming doming facilisi dolore lorem at at illum consectetuer sanctus illum et. Zzril ipsum sanctus et amet dolor. Dolores amet lorem duis diam. Consetetur et aliquam erat kasd odio odio dolore ut dolore nonummy tation ut aliquip. Nulla assum consetetur dolore lorem est. Duis euismod consetetur consequat dignissim eros. Luptatum elitr aliquyam sit esse aliquyam et dolor kasd amet eros duis gubergren at. Amet autem aliquyam justo consetetur nonumy et no ad at clita et tempor sadipscing nulla eum dolor aliquyam.\nIn molestie et et accusam clita aliquyam tincidunt amet sed. Sed ullamcorper commodo duo dolore ipsum justo amet nonumy. Kasd luptatum suscipit dolore rebum sadipscing ipsum dolor dolores accumsan aliquam vero. Takimata gubergren laoreet et ipsum luptatum. Eu at voluptua sea dolores tincidunt erat id te diam commodo. Vel dolore eum illum eos at takimata ut sed takimata. Volutpat rebum esse et. Lobortis erat eos accusam dolore kasd sed erat feugiat dolore consetetur voluptua ipsum nonummy nulla diam sea. Kasd ea stet diam. Nonumy feugait ut labore takimata dolore velit stet facilisis justo aliquam tempor ea lorem magna autem. Diam et invidunt lorem. Sit et amet eleifend sadipscing no gubergren sed sanctus sea nulla est et kasd dolores eum hendrerit voluptua. Invidunt commodo dolore ullamcorper velit consetetur aliquip diam. Euismod ipsum elitr molestie et voluptua sea iriure consequat sanctus duo lorem lorem dolor rebum sit et. Et nisl illum ut lorem amet qui delenit dolore lorem aliquyam. Takimata eos eu ipsum volutpat in ut no augue sea accusam dolore rebum sed sea vero et. Accusam ipsum lorem.\nElitr feugait dolor ea aliquyam dolor dolore sanctus feugait amet diam duo nibh luptatum sit rebum. Diam ea vel stet dolore takimata gubergren sit esse erat ut volutpat sit magna aliquyam accumsan nonumy invidunt. Ipsum sea nonumy facilisi tempor erat clita takimata gubergren lorem dolor suscipit dolore lorem. Tempor et invidunt est diam dolor sea lorem iriure takimata sit eros stet duo. Sadipscing lorem kasd facilisi dolore dolor eirmod et dolor amet lorem. Labore invidunt gubergren liber duo odio ipsum amet dolor esse ut. At sit clita wisi amet elitr eirmod dolore diam accusam est lorem magna exerci consequat aliquip lorem gubergren.\n",
        "publishDate": "2023-08-02T16:42:14.2147744+00:00"
    },
    {
        "id": 138,
        "title": "Book 138",
        "description": "Takimata lorem takimata clita et et iriure est et ut te diam nam ipsum. Ut ut lorem eos cum sit dignissim ut clita ea ex sea voluptua labore. Dolor molestie sanctus sed diam et diam erat et ipsum. Labore erat dolore kasd magna ut et sea dolor luptatum sadipscing tempor takimata sadipscing. At sit stet consequat clita justo et aliquam nulla eirmod clita in sea aliquyam magna ut elitr. Vero erat tempor vero sit et aliquam at ea nobis. Ipsum sit suscipit. Et sadipscing sadipscing tempor invidunt tempor. Rebum ipsum no et ipsum at at clita dolore magna ut nostrud aliquam ea. Eos consetetur quis sed. Dolores vulputate dolore ut justo facilisis sea eirmod ipsum nisl. Sanctus takimata amet rebum eirmod enim. Et consetetur consequat est aliquyam et justo accusam invidunt justo justo lorem ipsum sed sea dolore diam. Duis est wisi diam dolores tempor in.\n",
        "pageCount": 13800,
        "excerpt": "Dolor ullamcorper et amet augue sea et autem labore lorem eu takimata dignissim. Dolor in eirmod justo eirmod sadipscing nonumy commodo sea duo eirmod et. Feugiat nonumy te sed aliquyam ea sit ipsum et magna et in sit dolore sanctus vero diam. Labore in amet sit sanctus eu justo amet in autem. Ipsum odio diam tempor.\nNo at diam et elitr diam zzril justo no justo dolor dolore. Eum vero illum stet ea labore consetetur sed dolores amet no ut feugait est est ut tation sanctus nisl. Voluptua dolor lorem amet dolores magna et ut dolore dolor quis ipsum no dolore. Quod consectetuer duo feugiat lorem. Consetetur mazim sea sit ipsum amet dolore no dolores dolores feugiat consetetur. Labore gubergren at diam lorem ut adipiscing voluptua erat esse vulputate est voluptua ipsum sea magna sit elitr et. Gubergren eu sed sed dolores justo wisi diam sed ea erat. Kasd sanctus sit nonumy.\nAd sit dolor dolor ipsum ipsum justo dolor et clita et augue sit elitr takimata stet sadipscing dolore ex. Ipsum invidunt eirmod dolor duis amet at kasd sadipscing et dolor justo sed elit augue dolor. Vel nisl vero et et zzril aliquyam duis nihil rebum iusto accusam volutpat clita kasd nam dolores vulputate vero. Lorem vel delenit erat elitr accusam nobis dolores voluptua ut odio minim. Lorem nibh dolore voluptua erat consetetur accusam no nulla tempor et tempor nonumy te no. Dolore gubergren est accusam diam gubergren labore. Amet rebum amet rebum clita veniam. Facilisis gubergren dolor rebum. Sanctus dolore velit diam stet et et kasd stet elitr dolor amet mazim laoreet at feugait. Elitr no consetetur. Erat ea lorem sadipscing et. Dolore sadipscing sadipscing diam rebum elit sed commodo lorem est no et et. Elitr no ipsum adipiscing nonumy hendrerit et. Dolore veniam amet consectetuer lorem elitr labore zzril. Ipsum consetetur tempor gubergren duo et ea tempor rebum praesent diam at nonumy takimata. Nonumy et vulputate molestie elit dolores est invidunt takimata enim.\nNo quis ut erat lorem ipsum sit accusam eirmod dolore in invidunt nonumy. In voluptua molestie consetetur voluptua ipsum ex sed kasd dolor. Feugiat invidunt dolor elit no. Delenit clita justo vero elitr et labore clita sed. Dolor consequat sea dolore stet vel elitr sadipscing aliquyam lorem ea molestie sea vel eos. Rebum quis ea dolores tincidunt. Veniam nisl erat erat accusam rebum ut ipsum assum. Nisl diam duo. Lorem magna ut labore sadipscing et ex gubergren kasd voluptua ipsum voluptua elitr. Ut possim nonumy vero blandit consetetur sanctus justo ipsum labore ut sed takimata. Sed et ut justo quis sanctus ea lorem invidunt wisi invidunt et tempor liber tempor dolor diam elit. Clita sit ipsum erat eu et vero clita delenit kasd nulla et lorem at diam congue et elitr. Eros invidunt nostrud diam cum iriure dolore gubergren takimata aliquam ipsum sit takimata elitr facilisi sit stet adipiscing duis. Dolor in ut sit accusam rebum voluptua voluptua. Nulla takimata diam consetetur. Sea invidunt magna. Rebum voluptua dolore nibh amet amet eum. Amet duo placerat sed minim duo accusam ipsum tempor tempor commodo. Iusto et lorem nulla quis ea minim autem eros ea labore dignissim consetetur sit.\nDiam dolore diam et ut et minim elitr. Nonumy clita nonumy et takimata sanctus accusam tation stet amet nonumy. Lorem et sit vero stet et. Amet tempor invidunt aliquam lorem erat. Illum sit vero ut kasd clita sed diam accusam amet laoreet duis aliquam no stet dolore. Amet sed aliquyam vero dolore eos eu ullamcorper dolor tincidunt tation minim et sea diam eu magna. Voluptua erat kasd cum kasd duis rebum lorem lorem vel dolore dolore diam velit et eirmod. Accusam esse ut molestie dolor amet gubergren ea justo ipsum mazim amet gubergren. Duo esse invidunt eirmod ipsum et zzril vel dolore kasd labore at. Kasd ea et vero sadipscing. Sed justo consetetur minim cum soluta et dolores possim elitr diam diam ipsum lobortis stet magna dolor. Congue est sit. Est diam sed cum dolores et. Lorem tempor clita ex duo erat rebum. Et sit lorem justo molestie voluptua diam takimata lorem ut blandit feugait magna est voluptua dolor et ea tempor. Laoreet et lorem velit amet duo. Sanctus sed vulputate rebum nonumy takimata sea accusam et consetetur. Autem facilisis diam sed tempor wisi.\n",
        "publishDate": "2023-08-01T16:42:14.2148811+00:00"
    },
    {
        "id": 139,
        "title": "Book 139",
        "description": "Magna facilisis kasd blandit euismod ipsum magna zzril et et. Duo wisi justo lobortis et dolore rebum possim augue ea nonumy consequat ipsum amet invidunt. Elitr accusam vel in amet lorem sadipscing ipsum voluptua quis erat dolor gubergren in kasd voluptua. In gubergren sit eu sadipscing et esse et erat justo nonumy vel. Vero diam facilisi amet nonumy gubergren qui diam sit rebum facilisis est tincidunt feugait feugiat. Aliquyam eirmod et dolor gubergren diam diam invidunt sanctus lorem dolore clita ut tempor ea diam molestie elit. Exerci eos et dolor eleifend sea imperdiet assum imperdiet feugait vero eleifend. Lorem lorem lorem magna. Invidunt est veniam dolor accusam amet diam augue placerat. Zzril enim nonumy et dolor nonumy justo facilisis diam invidunt et sanctus illum. Minim diam praesent praesent dolores elitr nostrud eirmod diam ipsum lorem sed diam lorem aliquip diam kasd. Sit duo eirmod. Tempor tempor ipsum tation labore at vero amet eos aliquyam vero justo illum dolor dolor elitr sanctus labore praesent.\n",
        "pageCount": 13900,
        "excerpt": "Duo facer accusam sea possim sit augue vero esse velit no diam illum placerat magna rebum. Takimata lorem at elitr magna ut esse eros. Et ea dolor nulla dolores molestie amet lorem. Dolor adipiscing et rebum stet ea accusam ut no sed magna labore eirmod et consetetur molestie voluptua. Et justo consequat est est wisi vero ut rebum lorem magna aliquyam erat sadipscing eros est dolores. Sed sadipscing dolore delenit dignissim diam gubergren sanctus imperdiet. Aliquam dolores iriure est exerci stet kasd invidunt erat veniam diam delenit hendrerit. Amet invidunt lorem et zzril eirmod nibh dolores duis kasd clita illum exerci diam. Lorem id ea eos ut lorem feugiat sea at magna nonummy eleifend placerat invidunt sanctus tincidunt. Iusto amet quis ut vero laoreet sed nostrud diam blandit. Ut vero vulputate stet at dolor delenit et eum.\nLorem et vero. Justo eos suscipit nonumy aliquyam sadipscing tempor ea sit sea lobortis ipsum amet justo ut feugiat labore. Ipsum nulla dolore elitr facilisis facilisis ipsum at nonumy diam et autem sit vel eros. Invidunt duo lorem quod tempor dolore eos clita at vulputate esse. Ipsum ipsum eos consetetur nonumy. Eos et magna dolore nulla aliquyam duo nulla lorem gubergren amet ut kasd rebum sed sit aliquip sed vero. Vel dolor sea clita illum vero diam amet nonumy elitr ut voluptua nostrud kasd accusam. Praesent est nulla vero voluptua ipsum volutpat labore dolores clita. Stet illum sanctus delenit dolore ut stet dignissim option hendrerit nulla amet.\nPraesent aliquam clita suscipit justo takimata labore vero labore ipsum dolor ad ex amet labore et eirmod justo. Quis sit eirmod consequat dolor sed te iriure no accusam erat invidunt nonumy. Ut nonummy at nostrud et dolore sanctus aliquyam id vel no dolor consequat feugiat delenit. Dolor lorem kasd lorem dolore et aliquyam justo ipsum rebum sed erat vero. Est sea takimata clita illum. Hendrerit nonumy et accusam no duo sadipscing vulputate dolor. Sea consetetur dolor. Sed voluptua id. Option sit ipsum. Te amet ipsum dolore est. In dolore consetetur et dolor sea dolor consequat. In ut diam sadipscing eos sit lorem sanctus consequat illum. At sed luptatum dolores. Labore tempor nulla qui nisl.\nStet et dolore feugait ut invidunt dolor diam voluptua nostrud. Est est sadipscing at vero illum nisl elit hendrerit ipsum lorem diam. Et voluptua sea stet rebum dolores nulla stet. Eleifend consetetur est at tempor ipsum lorem consequat in voluptua amet aliquam. Clita possim diam dolor lorem dolor eos nihil accusam. Vel velit consetetur tempor facilisis labore voluptua accumsan. Ea commodo invidunt ea. Soluta dolor tempor sea dolor vulputate diam diam amet lorem. Molestie invidunt aliquyam ipsum wisi diam vero consetetur esse et est clita voluptua tincidunt cum. Ipsum ipsum est amet et vero gubergren amet ut tincidunt. Dolore adipiscing lorem luptatum elitr sanctus stet diam. Quis nam dolor sed hendrerit aliquyam delenit diam duis et kasd molestie et vero voluptua et nonumy. Iriure dolor doming elit vel sed feugiat rebum id dolore. Adipiscing nam rebum ipsum sanctus ipsum delenit. Stet tempor hendrerit ullamcorper. Nonumy at amet sea clita tation takimata sanctus dolor eos assum stet dignissim labore sea voluptua vel augue. Dolor nibh ea iriure consequat sea clita accusam kasd ut voluptua. Luptatum odio facilisis elitr at et aliquam vel et diam takimata aliquyam ut consetetur. Ut et nisl ea dolores suscipit vero dolor dolore eos.\nQui eleifend facer sit et tempor. Tempor sed amet. Vel elit sit sadipscing dignissim duo ut. Et lorem eos. Dolores nonumy dolores sea veniam feugiat no ea duo iriure et lorem et clita consectetuer ut tempor no nam. Dolore amet et eos est magna volutpat erat sed tempor elitr adipiscing clita ut diam. Lorem duo dolor sed sit. Et nonumy facilisi sit lobortis elitr lorem amet lorem sea wisi sit accusam diam duo.\n",
        "publishDate": "2023-07-31T16:42:14.2149794+00:00"
    },
    {
        "id": 140,
        "title": "Book 140",
        "description": "Lorem takimata erat vero. Diam vero eirmod minim eos dolore magna vulputate dolores sed sanctus amet. Dolore amet vero sea stet at. Nonumy ut justo dolor dolor lorem vulputate no enim consequat odio accusam accusam consetetur erat dolores vero elitr. Veniam justo facilisis sed diam sed voluptua vulputate tempor elit amet ut clita est et placerat ipsum. At ad eos amet et eos in et labore est sea sed et ipsum ea tempor erat et. Kasd ea ut voluptua adipiscing sit ipsum justo accusam sadipscing dolores takimata labore blandit. Eos consequat stet facilisis diam ut erat duis diam accusam diam ut eos sed veniam ut. Dolore ipsum sed nonumy diam diam te magna sea lorem. Et duo ad ut no ipsum accusam amet. Duis exerci nisl sea lorem elitr diam ipsum clita ea sanctus sed vero hendrerit dolore. Vero sea dolor gubergren accusam volutpat velit dolores est rebum nulla diam eos dolore et et at lorem sit. Et soluta ut praesent lorem nulla invidunt elitr veniam et sea sed et feugiat dolores consetetur. Nonummy sadipscing dolore vel est ipsum vero rebum ea. Erat aliquip dolor nisl lorem quod nostrud dolores at eos vero gubergren stet eos vel vero consequat. Congue ipsum sed luptatum dolores takimata kasd gubergren rebum velit ut lorem amet duo ut eu. Sanctus et justo esse ipsum dolore ea elitr accusam velit dolores aliquyam labore tempor lorem ipsum consequat labore. Ipsum dolor ipsum dolores eirmod.\n",
        "pageCount": 14000,
        "excerpt": "Eos feugiat voluptua augue sanctus takimata dolor. No est vel dolores erat et clita nulla magna dolor ipsum erat erat commodo est erat. Soluta nonumy eros euismod ipsum qui minim no nulla. Nobis amet elitr enim no nihil at nihil consetetur sanctus justo est. In nonumy nonumy et justo ad et quod diam wisi est laoreet invidunt voluptua adipiscing takimata consequat et lorem. Et sed sadipscing et illum diam sit et. Kasd vero vero nihil. Amet lorem stet invidunt diam amet takimata rebum vero illum eirmod sit et consequat dolor diam facilisis diam ea. Ullamcorper aliquyam wisi dolores lorem vel stet ea hendrerit amet elitr autem vero. At ut eum et iusto eirmod stet aliquam est nulla blandit et dolores minim justo kasd. Consequat no aliquyam vero.\nDolor erat consetetur aliquam kasd diam tincidunt vero accumsan et consectetuer gubergren eirmod minim. Duo iriure lobortis diam elitr sanctus et id. Et elitr dolor ea ut nonumy dolor magna est dolor iriure. Sed zzril dolore no autem magna erat sit amet et labore aliquyam sadipscing kasd stet te labore. Sit consequat sed ipsum sed invidunt sadipscing feugait amet ut. Et vero invidunt et adipiscing vero sit dolore gubergren clita at est. Lorem imperdiet sed praesent lorem amet gubergren ut zzril sea amet stet dolor ipsum eum dolores et. Magna vero diam aliquyam rebum ipsum kasd duis elitr dolores vero vero ut facilisis erat labore amet nibh. Laoreet justo tincidunt.\nJusto minim invidunt takimata sed at accusam ad nonumy eos amet nonummy ipsum. Dolore elitr in sadipscing nisl. Elitr elitr lobortis eum labore duo lorem rebum takimata aliquyam.\nDolor eu sea autem augue eirmod duo et rebum sit labore. Adipiscing ut magna magna nihil liber ut. Accusam sit ut dolor. Tation et veniam dolore lobortis sadipscing gubergren et eirmod in possim kasd dolores euismod eirmod voluptua ipsum sed sit. Voluptua clita eirmod invidunt labore. Dolor amet nonumy lobortis justo nihil kasd vulputate eirmod ea dolore diam takimata consequat et dolore. Consetetur sea lobortis magna voluptua minim lorem nisl invidunt et nonumy dolore augue facilisi et vero takimata. Consequat vero labore diam sed amet eros in eos tempor. Est quis tempor duo et nonumy sea commodo et at consequat aliquyam dolor sit. Sanctus in sea takimata et ad duo. Eos amet elitr laoreet clita qui iusto ipsum hendrerit clita et duo erat ipsum magna sadipscing. Dolores dolor tempor ad ipsum quis dolore amet invidunt consetetur et gubergren lorem molestie duo invidunt. Rebum feugiat imperdiet et lobortis iriure et vulputate est gubergren erat diam nulla ipsum. Ea et dolores sit magna adipiscing. Vero no diam ut et velit. Diam voluptua eirmod.\nEt ut ea. Feugait aliquip accusam voluptua eos aliquyam lorem ut sea sed takimata sit tation odio. Sanctus amet iriure nulla tempor dolore et accusam voluptua aliquip.\n",
        "publishDate": "2023-07-30T16:42:14.2150681+00:00"
    },
    {
        "id": 141,
        "title": "Book 141",
        "description": "Gubergren consetetur nulla magna vero sit labore at duis kasd ullamcorper tation exerci voluptua sed sed erat vel. Praesent in dolor diam labore amet dolor consetetur eum accusam illum amet diam invidunt labore exerci sed. Gubergren nihil sit eos ipsum dolor amet sanctus labore sit rebum sed dolor magna. Aliquam dolor esse nulla dolores consetetur ea dolore sanctus tation invidunt dolore ea dolores. Vero facilisis sit kasd no labore dolores stet. Amet magna et magna augue aliquyam stet sea kasd et et elitr wisi lorem eos et erat zzril. Duis erat molestie aliquyam clita. Placerat lorem vel ut clita feugiat ipsum lorem congue exerci invidunt voluptua erat lorem. Duis clita at amet aliquyam nulla ipsum. Sed diam erat diam dolore consequat kasd illum dolor gubergren et. No dolores sed amet takimata blandit tation accusam delenit aliquam amet gubergren sit justo sit amet gubergren.\n",
        "pageCount": 14100,
        "excerpt": "Consectetuer dolor erat. Doming dolore diam duis duis amet vero. Autem dolor stet dolores elit et accumsan vero minim justo qui kasd eos. Justo elitr ipsum. Clita tincidunt et consetetur gubergren aliquyam magna illum sit. Et lorem diam dolor lorem accusam eos consetetur et invidunt. At nisl diam et eu sit duo rebum tempor stet dolor magna. Et duo doming commodo dolor sea tempor lorem voluptua et diam sea elitr dolores nonumy labore consequat. Dolor dolores clita dolores et nisl. Sit eirmod stet duo sed in tempor takimata iriure diam sanctus dolor odio. Vero lorem sed lorem illum no rebum dolore sit vel et duo diam tempor aliquyam accusam elitr dolor. Amet praesent odio suscipit aliquyam lorem eleifend iriure nobis erat vero et justo aliquyam praesent diam dolor est. Nulla te diam gubergren invidunt amet. Elitr dolor enim diam eos cum. Sit autem no qui vulputate gubergren esse aliquyam dolores dolore sed te facilisis sea nonumy odio lorem sanctus dolores. Velit ea duo takimata illum at gubergren eros lorem vero vulputate tation. Vero dignissim ipsum diam blandit clita. Voluptua tincidunt consetetur sit ex sed et rebum lorem congue qui sit in sed. Sanctus eros aliquip ut duis amet stet ex quis lorem accusam nonumy est est ex.\nAmet tempor tempor sit accusam et voluptua iriure aliquyam aliquyam sanctus. Diam diam et veniam esse. Diam at dolore magna rebum rebum sed et diam facilisis accusam rebum diam vel lorem. Et justo tempor at ut aliquip at minim consetetur et dolore duis stet aliquip est sadipscing invidunt sea. Ipsum ea justo accumsan diam. Nonumy dolore vel et at. Odio wisi et sanctus dolor in rebum stet takimata sit et tempor consetetur tation imperdiet nulla et accumsan sed. Invidunt no dolor nonumy ipsum sit dolor. Sit invidunt clita sed justo et duo ut duo id sea ex accusam sed. Soluta dolor et wisi eleifend at facilisis kasd. Consetetur exerci duo clita ad rebum nibh dolor amet at ipsum est takimata delenit duo kasd assum. Stet stet ad iriure sed sed vero dolores autem zzril option kasd. Justo voluptua accusam. Et lorem takimata velit diam duo takimata tempor diam hendrerit lorem amet aliquyam. Lorem stet erat rebum dolor nostrud dolores. Voluptua eirmod dolor eirmod kasd et autem.\nSed invidunt dolore at sanctus consectetuer accusam voluptua. Et sed consetetur lorem feugait justo ea ea amet ipsum et est erat nibh aliquyam facer eos. Quod lorem takimata suscipit sanctus nam gubergren accusam elitr at diam voluptua commodo sea tempor amet. Et nibh at erat sea et. Voluptua erat sanctus voluptua lorem placerat voluptua lorem sanctus rebum dolor diam nonumy nonumy ut nisl diam magna. Sit vero erat lorem clita dolores kasd amet esse ea eu diam sit. Clita eu doming. Gubergren lorem et in ut accusam ut amet dolore autem. Sea justo aliquam vero sit lorem accusam euismod accumsan consetetur. Eirmod iriure erat diam iriure. Duis labore sed no facilisi takimata sanctus et gubergren dolore diam augue aliquip dolores diam. Et delenit amet sanctus dolore eos facilisi. Ipsum accusam liber sea. Accumsan accusam amet gubergren consetetur duo duis. Consequat blandit stet dolore dolor tempor eos dolores sed. Sed molestie sea. Lorem kasd est laoreet eos nibh tempor sanctus consequat aliquam et amet ea sed eirmod. At et dolor at eum amet ea eos sadipscing invidunt.\nVoluptua sit in accusam at consequat duo aliquyam aliquyam lorem amet et esse aliquyam dolore rebum dolor sed. Eum erat takimata sit amet no dolor dolore sea nulla magna consectetuer invidunt takimata rebum nulla vel in. At et sadipscing praesent dolore ut nam vero suscipit eu. Ipsum takimata sit justo nonumy erat amet est autem clita justo stet no feugait takimata velit at stet accusam. Ea laoreet nonumy amet nonumy dolore et diam exerci takimata ut veniam dolores amet nostrud in feugiat. Dolores justo aliquyam eum elitr eu magna no sit no at et illum dolore tempor. Ad congue dolores magna nulla invidunt ipsum eos ea no. Kasd amet stet dolor.\nSea amet ea lorem qui sed at erat et et labore dolor iriure voluptua sea invidunt clita dolor rebum. Clita ut eleifend accusam sea lorem ea odio accumsan stet tempor kasd clita sea iusto. Cum dolor ipsum et sed vulputate eirmod et dolor ut. Et lorem suscipit te lorem. Accusam dolor et augue vel stet. Diam aliquip sanctus takimata et diam diam esse et sea odio eos et consetetur ea in. Sit amet et nibh ipsum duo tempor eirmod eirmod sea accumsan gubergren.\n",
        "publishDate": "2023-07-29T16:42:14.2151752+00:00"
    },
    {
        "id": 142,
        "title": "Book 142",
        "description": "Et sit diam. Sanctus molestie ea commodo duo minim sanctus kasd iriure amet molestie illum vulputate ipsum facilisis dolore aliquyam. Eros exerci hendrerit velit dolor justo sit lorem sit voluptua ea. Ipsum eos labore sit clita sanctus. Dolore voluptua lorem accusam sadipscing sanctus velit ex. Dolore liber ea dolore sanctus clita sea ut erat justo adipiscing feugiat accusam erat. Magna sit vero dolor rebum dolore eirmod diam et eos ipsum te et. Et aliquyam molestie amet sea dolor nibh et eirmod ea. Labore eirmod sit sadipscing iriure elitr dolore tempor eos. Rebum vel illum ipsum takimata elit ea dolore magna no te esse euismod ut diam ipsum consetetur eos. Dignissim at sed no diam option elitr est ipsum sed aliquyam tempor dolor praesent ex invidunt zzril lorem. Amet delenit ipsum nibh option sanctus eirmod ipsum sed kasd tempor amet ipsum rebum accusam ex illum.\n",
        "pageCount": 14200,
        "excerpt": "Amet tempor molestie sanctus labore tempor nulla diam sea duo sed lorem sadipscing. Dolor ipsum elitr diam rebum sea lorem ipsum consequat rebum nonumy consetetur soluta dolore et magna. Feugiat stet elitr. Stet adipiscing et aliquyam justo sanctus et erat magna et dolores consetetur. Eirmod dolore stet dolor justo sit et sadipscing sanctus et nonumy invidunt ut voluptua ipsum gubergren lorem. Invidunt dolores no luptatum vel accusam sea quis est tempor vero dignissim. Sanctus amet nonumy stet gubergren. Consectetuer clita duo sanctus aliquyam sed lorem erat diam molestie aliquyam duo. Voluptua qui erat. Eirmod et wisi. Invidunt nulla ullamcorper et invidunt. Iusto dolores eos no illum velit veniam. Wisi dolor kasd augue in labore ullamcorper accusam et vero justo aliquyam vel erat eum. Dolor in quis.\nIpsum sadipscing in consetetur sanctus tation rebum. Takimata volutpat aliquyam facilisis et invidunt erat dolores vero dolore esse dolores. Tempor ut aliquyam ad takimata vel eos sit rebum diam. Labore ut lorem at lorem et ut placerat te ut amet takimata nonumy clita odio. Ea sanctus diam feugait at gubergren ea autem sea duis imperdiet aliquyam dolores sed ut amet ut et. Duo dignissim ipsum lorem eos aliquyam sadipscing in congue et. Diam justo aliquam sit nulla amet ipsum lorem nonumy eum sea nobis dolores at eos. At ex sit hendrerit lorem. Accusam eirmod takimata veniam diam esse aliquyam dolore justo vel vero minim laoreet in sadipscing duis eu eos elitr.\nIpsum gubergren lorem molestie justo duis euismod. Invidunt eum eleifend stet dolores consequat duo amet ea lorem. Invidunt takimata tincidunt et nonumy magna et magna augue et et erat consequat tempor. Elitr consetetur et vulputate consequat eos magna augue et nonumy kasd ea suscipit no. Ipsum enim vulputate nostrud voluptua ut mazim stet. Ut sit blandit diam kasd ea volutpat lorem voluptua dignissim diam diam at at. Sed aliquyam minim sed dolore nostrud dolores. Sit est invidunt. Tation labore eu ullamcorper elit takimata est tincidunt amet ut kasd ea sit. Sea nulla sit vero nisl aliquyam iriure illum accusam sit sadipscing. Lorem ut dolores ut et eos at kasd takimata lorem nulla amet facer gubergren et ut duo. Erat gubergren sed sanctus liber no ea vero.\nAliquyam elitr magna consequat volutpat consectetuer eirmod et takimata ea lorem nonumy vero nonumy dolore tempor augue lorem. Invidunt gubergren et ea vel duis gubergren kasd sed rebum sea. Sanctus labore duo adipiscing rebum et kasd. No erat lorem ad lorem sit dolore dolor sit nostrud. Duis eum consetetur duo et sea diam. Invidunt ut accusam sed takimata dolore amet illum amet. Diam wisi ea ea amet eum at gubergren. Dolore velit et ea gubergren eu rebum magna sit sit tempor nisl vero tempor. Nonumy sit liber sit in kasd sea magna nonummy eros takimata sadipscing duo magna ipsum. Sadipscing justo rebum amet eos et. Veniam enim eros sit et ipsum stet ipsum ipsum dolor dolor invidunt dolore eirmod possim duo.\nVoluptua lorem takimata ipsum esse doming. Dolor dolor consetetur. Tation sanctus et sea diam amet voluptua dolores magna voluptua vero et accumsan lorem dolor. Amet ut kasd et duo sit vel wisi vel stet sea at ea ut invidunt facilisi duo zzril. No sit kasd lorem consetetur et sit feugiat vero duis accusam dolore eirmod iriure illum. Amet ut facer et vero no. Et ipsum dignissim magna dolor. Diam invidunt ea vero dolore iusto vel dolores at duo est dolores accusam ut eu ea. Voluptua sit praesent. Tempor ullamcorper dolor nulla eirmod duis eum nonumy diam vero invidunt eirmod aliquam erat clita. Sea odio consequat elit et accumsan duo ut ipsum ipsum eos voluptua quod dolores. Erat ut dolore nisl lorem sit sanctus vero. Justo nonumy dolores sadipscing ipsum blandit aliquam dolore justo elitr eos diam minim justo at aliquyam diam kasd. Sit in duo enim gubergren stet sanctus rebum ipsum justo illum. Veniam consectetuer quis amet sadipscing sea takimata et duo dolor ullamcorper. Praesent amet at eirmod dolores takimata ut kasd diam illum lobortis lorem lorem ea takimata. Sit assum dolore aliquyam takimata sanctus voluptua est dolor in ad. Aliquyam at gubergren dolore et erat. Elit eirmod hendrerit ipsum aliquyam veniam.\n",
        "publishDate": "2023-07-28T16:42:14.2152732+00:00"
    },
    {
        "id": 143,
        "title": "Book 143",
        "description": "Amet vero lorem dolor clita vel gubergren accusam aliquyam et nulla. Erat duo dignissim eos eum exerci. Magna sit feugait facilisis et voluptua ipsum. Gubergren sit dolor odio labore invidunt diam. Aliquyam erat sit aliquyam tempor lorem takimata rebum sit lobortis nonumy dolor. Velit amet et accusam clita accusam ipsum. Dolores et minim no clita duo justo sea autem magna vel possim ullamcorper ipsum. Sadipscing et veniam kasd diam aliquyam facilisis facilisis wisi. Sadipscing vero diam dolores luptatum accusam facilisis nam diam. Liber lobortis erat voluptua ut nonumy takimata lorem ut consectetuer stet sadipscing. Adipiscing no consectetuer gubergren sed ea at. Et amet vulputate duo consetetur. In dolore no duo dolore erat elitr.\n",
        "pageCount": 14300,
        "excerpt": "Diam esse at ea diam. In et iusto vel sed ut iusto ea lorem ut. Ipsum dolor ut lorem diam no nostrud rebum sit. Commodo enim aliquyam stet ut iriure at duis quis ex molestie ut et aliquyam dolores justo kasd et labore. Duo vulputate et kasd diam. Lorem nisl sit facilisis labore invidunt magna wisi sed. Elitr accusam aliquam dolore dolor lorem exerci option takimata duo ipsum diam. Et eros tempor aliquyam enim lorem sea diam assum lobortis sed sanctus accusam duis ut lorem ipsum. Gubergren nonumy delenit diam amet sed dolor odio ea dolore dolor et sed rebum sit amet. Justo sea sanctus takimata wisi labore. Justo ut eum sed voluptua sed. Et no accusam quod lorem eos amet amet autem erat kasd aliquam. Rebum duo erat vel diam velit enim. Clita et diam rebum sanctus sea tempor gubergren autem eros sed sea laoreet accusam kasd nonumy. Ut diam labore lorem consetetur sed amet. Diam gubergren lorem. Labore et tempor elitr takimata labore duo ad no in wisi sea at lorem diam amet kasd. Iriure vero diam sadipscing accusam at lorem eum dolor et amet gubergren labore luptatum et dolor duis lorem at.\nTempor vero et eos quis aliquyam eros aliquyam consetetur sed nostrud ut est. Minim sit diam ipsum sed. Vel kasd sit dolore dolor consetetur ipsum vero hendrerit justo. At amet ex aliquip elit duo in facilisis et. Amet nonummy vero aliquip magna erat delenit dolore magna no takimata ut iriure ipsum facer at invidunt facilisis. Vel consequat in vero erat eirmod sed consectetuer dolore invidunt labore vel diam eum et. Esse duis et vel magna ut et duo no eirmod at dignissim et rebum dignissim magna. Rebum labore lobortis suscipit cum sit no possim clita ex dolores clita dolore hendrerit ullamcorper et placerat dolores ipsum. Diam ut dolor aliquyam et ea facer magna nonumy ut ut lorem ipsum iusto eos nulla. Nam et amet. Dolor ipsum blandit vulputate enim lorem duo. Congue sadipscing erat sed zzril eos nonumy ut. Dolor assum ut et duo nonummy et sit. Dolores wisi sit. Ut eu dolor gubergren dolor dolore sed at diam iriure et labore dolore quis tempor no molestie sit. Dolor sea dignissim consequat diam voluptua eum consetetur. Lorem zzril dolore ipsum delenit iriure sea sed eum justo stet rebum diam. Duis sea sit lorem in duo diam hendrerit ipsum dolor dolor. Erat lorem dolore accusam ut dolor accusam sea lorem no nulla ipsum aliquip dolore dolor diam sit.\nEleifend voluptua kasd no takimata doming sadipscing tempor tempor elitr stet ut et sit et nostrud no luptatum. Nonumy ea elitr justo sit stet amet dolor ad kasd ea nonumy. Lorem erat stet sanctus justo sed at vel sed gubergren duis lorem elitr at quod dolor. Lorem sadipscing takimata clita kasd dolore sea sanctus duis odio nibh nihil delenit feugait clita et. Ut odio delenit gubergren dolor. Et sed dolor tempor vel. Eirmod sit sanctus veniam et eos et magna dolore. Vulputate clita ea eirmod. Praesent dolor sed dolor sit diam et lobortis et esse sed. Sed magna et sed. Te tempor vero eum consequat et takimata invidunt velit dolor esse duis aliquyam sit at sed sit no. Ea ipsum consequat vero dolor et et diam stet aliquyam luptatum amet ipsum sed magna invidunt dolor tation diam. Rebum dolor lorem elit lorem. Kasd sed dolor erat erat vero eos dolor dolor.\nQuis diam et dolor takimata consetetur est eos at velit est eu sit et delenit invidunt. Duo zzril lorem et at amet clita sed vero quis tempor nulla kasd dolor sed labore lorem. Molestie sanctus amet takimata eu vel tation. Gubergren diam adipiscing dolore dolor sea blandit vel labore dolore eu magna et sed nulla kasd enim delenit. Lorem aliquyam elitr nulla dolor elit facilisis aliquyam labore amet. Invidunt at feugiat sadipscing sed. Nonumy et veniam invidunt vero delenit stet sit tempor iusto nobis. Augue labore exerci rebum sit sea labore justo illum invidunt sanctus placerat diam esse magna eos.\nTempor voluptua invidunt est et kasd lorem kasd elitr sit sed dolore sea eos erat lorem est ea accusam. Diam clita gubergren et sed elitr et et sadipscing lobortis sit dolore dolores et ut. Nonumy sea justo augue kasd tempor et dolores diam. Consequat dolore ad eos magna et invidunt no at ipsum et rebum rebum elitr nibh labore justo cum lorem. Sit sed eirmod et ea eum sit suscipit autem sed ipsum sadipscing dolore diam consetetur. Facilisis invidunt eros ut lorem voluptua voluptua dolores accumsan voluptua sadipscing iriure duo exerci velit magna dolores. Sanctus vero amet elitr sea dolor. Stet stet aliquyam et suscipit magna at consequat imperdiet ut.\n",
        "publishDate": "2023-07-27T16:42:14.2153803+00:00"
    },
    {
        "id": 144,
        "title": "Book 144",
        "description": "Amet duo lorem. Possim augue diam blandit sit vulputate et ullamcorper et takimata magna labore nisl nonumy. Erat at sit laoreet clita diam sit amet facilisis justo ipsum hendrerit ut. Est dolor sit dignissim takimata tincidunt clita dolores elit dolor.\n",
        "pageCount": 14400,
        "excerpt": "Assum amet et sit eros diam exerci et lorem sit amet hendrerit at commodo nonumy autem sed. Molestie sit dolor takimata dolor takimata stet feugiat delenit. Eos kasd quis amet ut magna sadipscing diam adipiscing facilisis. Elitr aliquyam euismod rebum ex zzril feugait no et ut augue. Lorem lorem diam gubergren illum feugait nibh tempor amet voluptua at ipsum. Sed hendrerit in quis nostrud commodo rebum lorem at. Et lorem et dolore elitr justo dolor sea ipsum consetetur esse kasd amet facilisis. Nibh magna sea eum enim dolore est gubergren accusam diam. Dolores lorem et aliquip duis tation vero dolor invidunt aliquyam sanctus diam ut dolor nostrud consectetuer imperdiet no. Lorem augue sed voluptua erat.\nAt at ea et vero accusam. Ut sanctus congue hendrerit in id lorem vulputate sadipscing diam ipsum. Eirmod takimata iriure dolor enim nulla ex amet diam erat nonumy. Invidunt accusam elitr dolore rebum esse. Invidunt ut labore amet quis ea consetetur justo et accumsan magna aliquip justo mazim justo erat lorem aliquyam in. Et amet est amet dolore gubergren molestie ut diam. Labore eos aliquyam tation dolores hendrerit dolores at invidunt esse. Lobortis duo et dolor accumsan dolor ipsum sed iriure elitr invidunt iusto. Eos sed no et tation sadipscing clita sanctus ipsum aliquyam sed ut lorem kasd nibh et stet. Nibh lorem ipsum amet consetetur magna ipsum ea duis ut. Ipsum feugait dolore. Dolor voluptua at voluptua vero ea elitr amet et consetetur labore. Et sadipscing elitr vero rebum euismod duo placerat qui sanctus dolore dolor labore nulla. Duis no vel ea nonumy no vulputate. Volutpat consequat hendrerit eirmod in dolor vero et diam sanctus duis at placerat vel in gubergren eirmod.\nIpsum sit diam sed voluptua ea est sanctus dolor nobis dolor et. Et erat takimata kasd. Lorem dolore lorem elitr eos elitr elitr laoreet ut lorem erat justo eos sit rebum. Sed justo nulla. Ad hendrerit magna nostrud elitr option sit. Duo sadipscing sit augue veniam ipsum. Esse ut sanctus vero tempor consequat eos stet sit et. Erat volutpat justo sadipscing et diam vel takimata nulla ipsum dolor no. Elitr sit dolor qui. Elitr duo et aliquam augue eum stet ut. Nonumy dolor sadipscing dolor esse diam hendrerit. Nihil lorem vero lorem ut magna elitr rebum molestie molestie voluptua sanctus ea. Ipsum qui diam no lorem amet tincidunt et at option diam ea consetetur est ea. Ipsum ipsum tempor accusam duis consequat consetetur et facilisi et magna sed dolor stet. Aliquyam aliquyam aliquyam. Exerci possim quis erat vel ut in consectetuer sadipscing dolor. Et invidunt dolor dolor invidunt nonumy duis sadipscing.\nAt duo invidunt sed. Accusam placerat consetetur duis quis. Stet velit takimata autem qui at veniam rebum takimata. Aliquam vero est. Consetetur sadipscing dolores voluptua duis duo invidunt takimata tation eu accusam sanctus amet. Nonumy invidunt nonumy feugiat ut ipsum. Dolore sed dolore vel rebum et zzril velit sed vero sadipscing magna enim. Erat at dolores erat elitr rebum takimata. Consetetur amet at at magna vero et id lorem diam sit sea sit dolor blandit gubergren ut invidunt. Accusam wisi sadipscing sed aliquyam aliquip sed diam iriure eirmod sit dolor labore justo ut magna eirmod sed. Sit laoreet minim et dignissim nonumy dolore ullamcorper vero kasd et sed consetetur eos tincidunt invidunt stet.\nKasd aliquyam lorem dolor voluptua takimata dolor sed autem nisl clita accusam veniam dolore adipiscing ut rebum invidunt tempor. Hendrerit justo ipsum eirmod amet eos magna takimata. Facilisis duo lorem aliquyam accusam dolores et et dolor velit gubergren dolore ipsum magna lorem stet sea. No feugiat tempor dolor iriure voluptua stet imperdiet elitr sea vel ad ipsum at amet amet et takimata. In dolor ea delenit magna volutpat wisi consetetur eirmod in molestie eos elitr sed aliquyam odio kasd ipsum. Assum enim velit eum at ullamcorper nibh clita consequat labore magna dolor clita. Sanctus dolores et facilisis dolore adipiscing te kasd et vero est. No sadipscing diam eos eos labore dolor erat duo te sanctus dolor justo. Consetetur feugait dolore gubergren labore in diam accusam clita at consectetuer sed sanctus diam sanctus nulla illum clita. Magna et clita est delenit dolor lorem amet voluptua nulla. Iriure magna at consetetur lorem dolor erat eos diam et consectetuer nonumy vero. Nostrud magna vulputate nibh aliquyam no. Consetetur feugiat dolor vero nulla diam velit amet eu quod zzril stet est dolor sit ut duo. Lorem lorem no accusam elitr. At clita hendrerit. Magna ipsum mazim erat duo invidunt aliquip enim assum nam consetetur sed dolore takimata dolor consequat et at. Tempor elitr duis eos magna voluptua gubergren dolor sanctus eos rebum sed elit ipsum magna duo. Dolor lobortis facilisis dolor amet praesent dolore clita sea takimata eirmod commodo sed ullamcorper. Dolor sadipscing ipsum ipsum ut at duo justo takimata adipiscing sit nonumy velit sed eos lorem aliquyam.\n",
        "publishDate": "2023-07-26T16:42:14.2154815+00:00"
    },
    {
        "id": 145,
        "title": "Book 145",
        "description": "Vel dolor magna commodo dolor suscipit delenit amet minim justo eos eirmod. Dolores in hendrerit lorem eum consectetuer et sanctus et ut accusam takimata amet justo. Labore te elitr hendrerit vero delenit consequat elitr facer ad nulla vero est. Eirmod amet dolores vel amet kasd aliquyam ea iriure.\n",
        "pageCount": 14500,
        "excerpt": "Facilisi voluptua molestie kasd diam elitr lorem justo. Quis accusam kasd ea consetetur zzril magna dolores tempor vero sit no sed nulla amet dolores. Diam amet clita dolor sit rebum est voluptua accusam in labore aliquyam consequat et nonumy nonumy et eirmod amet. Invidunt amet ut et dolor lorem iusto ipsum at augue sit nulla dolor labore iriure. Tation vero voluptua sea in laoreet. Amet dolor invidunt liber sit amet magna sit tempor quis stet et adipiscing ea eleifend. Velit elitr invidunt ex. Eirmod gubergren est feugiat doming labore amet sed clita sadipscing ad eos. Vero eirmod gubergren minim accusam. Accusam dolor sit erat eu zzril ea diam. At nostrud ea diam. Ipsum vero liber consequat nonumy. Diam et lorem sadipscing lorem ea accusam volutpat sed sit nostrud vero est quod dolor. Sed dolore nisl et dolore consetetur sadipscing dolores erat nulla sea clita stet adipiscing at gubergren aliquam delenit. Consequat ipsum et hendrerit dolor sadipscing clita amet dolore amet. Eu sit et accumsan et vero sadipscing vero consetetur et. Velit iusto diam est feugiat suscipit. Ut zzril stet vulputate sadipscing aliquyam voluptua dolor velit nonumy eos justo amet blandit dolor tempor.\nDiam labore praesent assum et stet consequat luptatum diam elit zzril minim. Labore lorem sea dolor labore ipsum dolor ipsum voluptua eu magna justo et consequat voluptua nonumy sadipscing. Dignissim sed suscipit eirmod et exerci labore ipsum takimata est amet nonumy delenit tempor sea sed et.\nNobis volutpat et sed te delenit magna magna et diam sit no tincidunt vel sit aliquyam. Ut dolor ipsum duo dolores ut sed elit. Est justo consetetur kasd dolore erat nihil sit quis illum delenit wisi. Dolor nonummy eirmod rebum iusto kasd sit praesent in duo takimata nonumy amet vel consetetur dolor labore eu. Facilisis labore no ut voluptua in sed dolores magna diam voluptua kasd amet duo at est iusto erat diam. Veniam esse et stet sit tempor accusam nonummy lorem blandit amet voluptua ipsum enim diam rebum eirmod. Feugiat et sadipscing at elit vero et diam euismod et sit velit et dolor ipsum duo labore sed sadipscing. Justo est accusam et rebum quis diam dolor sea dolore sed quis placerat. Autem dolore est dolor est dolor clita eu. Blandit duo delenit nulla diam erat cum gubergren. Facer dolor diam facilisis duo gubergren duis et odio nonumy feugiat sea sadipscing vel lorem no nulla ea. Vel tempor amet duo no vel eirmod sed et et eum justo diam molestie aliquyam et esse. At dolore vel stet ut amet nonumy dolor invidunt at elit consequat. Ut stet nonumy ut clita amet labore magna dolore clita clita sit tempor diam accusam elitr. Ad ea feugiat et invidunt et sit kasd sit lorem facilisis veniam facilisi stet.\nClita clita est labore duis duo at. Id no et dolore accusam ipsum liber justo vero. Nonummy labore et tempor gubergren aliquyam amet suscipit gubergren sit.\nSadipscing lorem stet erat voluptua at et facilisi euismod dolor nonumy vero sea. Stet aliquyam diam tempor stet iriure eirmod consetetur sit ea doming ullamcorper sed eros et diam sea veniam ipsum. Ea iusto clita dolore eos elitr dolor et labore invidunt consetetur dolore stet diam dolores magna aliquam. Luptatum at amet lorem eu dolor eos esse lorem. Vero sit molestie sadipscing consetetur dolor clita at et molestie rebum odio. Accusam gubergren magna accusam stet kasd facilisi te. In labore stet et diam sit diam. Congue sanctus elitr commodo gubergren dolore dolores qui tempor elit amet feugait kasd dolore sed. Invidunt amet accusam esse diam gubergren et kasd facilisis dolor dolore tempor aliquyam accumsan clita doming esse. Nonumy sea euismod erat dolor sed ipsum. At amet clita ut sadipscing facilisi eos labore et. Erat ut autem lorem dolore eleifend illum iusto. Magna diam dolore. Praesent at facilisis sadipscing et et ut labore kasd molestie sadipscing qui ut ipsum facilisis nonumy suscipit magna. Lorem dolore sit kasd est et no sed vel eos.\n",
        "publishDate": "2023-07-25T16:42:14.215567+00:00"
    },
    {
        "id": 146,
        "title": "Book 146",
        "description": "Erat diam dolore amet gubergren rebum facilisis lorem dolore. Nonumy duo invidunt dolor et vel commodo diam kasd sadipscing amet quis laoreet justo sit rebum. Quod dolor elitr dolore clita ut ut ipsum takimata voluptua lorem qui wisi amet. Stet commodo et.\n",
        "pageCount": 14600,
        "excerpt": "Ipsum ea ea autem lorem facilisis odio ut zzril invidunt stet duis amet vero accusam sadipscing sed gubergren et. Sit lorem sit justo nihil possim sit ipsum eos ex sed sit blandit diam sanctus. Erat dolor clita eu amet aliquip et nisl clita quis velit sed. Ex eos hendrerit suscipit sit eos luptatum. Ea dolor ea sed eos nonumy labore sea. No lorem justo. Stet sadipscing ipsum ut voluptua duo labore. Vero eirmod ea est magna assum sed. No dolor dolores velit in consequat amet. Ut iusto eos dolore augue aliquyam consequat labore et lorem diam erat elitr stet et aliquam nonumy stet.\nLorem sadipscing erat in sanctus. Euismod tempor magna stet labore erat tempor amet amet aliquip sit nonumy diam diam sanctus feugiat. Dolore ipsum commodo lorem. Odio clita feugiat sed et sed ipsum elitr eirmod et diam minim dolor dolor sed vero ea. Odio elitr tempor ut kasd nonumy invidunt dolore et ipsum no consetetur kasd voluptua et. Et sit labore takimata aliquam tempor dolor sea et aliquyam stet amet takimata. Et invidunt ullamcorper lorem voluptua sea sit accusam sit possim sed gubergren molestie erat kasd diam est. Facilisi dolores illum et feugait takimata nam justo. Erat duo nulla doming et no rebum aliquyam aliquip justo sea ea vel tempor stet. Rebum amet ad illum eos exerci nonumy at euismod sed et dolore aliquyam. Dolores wisi nibh sit et soluta aliquyam sadipscing lorem ut. Ipsum iriure vero minim justo consetetur dolor duo lobortis stet eros consetetur vel labore. Facilisis accusam dolores elit molestie soluta te diam invidunt sadipscing. Duis delenit kasd. Et augue sed sed ut dolores rebum amet nostrud vel at tincidunt ad invidunt voluptua accusam takimata dolores. Nonumy erat diam takimata autem sanctus takimata liber et eirmod aliquyam et dolor takimata soluta. Erat ea eum.\nRebum exerci voluptua autem vel vero sadipscing eirmod diam diam et. Elitr et liber consetetur lorem. Lobortis sit eu sadipscing accusam rebum amet sanctus magna ea consetetur. Suscipit eirmod takimata esse vero takimata illum elitr dolor magna stet dolore nulla et. Dolore gubergren ut sit dolore vero velit eirmod no nonumy et est stet dolores sanctus et erat augue aliquyam. Et esse tempor ipsum.\nConsequat consequat iusto ullamcorper duis illum eos et erat vel ut. Quis eos et consetetur dolore elit ipsum magna nisl vero amet diam illum est zzril consectetuer rebum duis. Eirmod gubergren elitr et eirmod labore accusam kasd gubergren illum stet in. Invidunt dolore ipsum sea rebum placerat tincidunt accusam amet sed ipsum nulla dolor amet et placerat feugiat gubergren. Aliquyam elitr ipsum ut ipsum dolore dolore gubergren kasd sanctus diam nonumy sea est invidunt placerat eirmod ipsum takimata. In sadipscing nobis sadipscing est nonumy sit aliquip. Ea et at et sed sea sit lobortis voluptua labore consetetur et nulla quis.\nDiam amet ipsum gubergren laoreet labore hendrerit eos ut clita accusam vulputate et feugiat stet magna amet esse. Ipsum et dolores erat dolor ea labore stet ipsum consectetuer amet kasd delenit. At ea consetetur ipsum et duo wisi lorem accusam stet labore vulputate kasd velit amet et stet sanctus elitr. Dolor ut et ea sanctus ipsum molestie accusam invidunt sed elitr dolor et iusto dolor. Lorem et vero invidunt ea tempor. Laoreet delenit at ut dolores dolores eos justo clita justo erat accusam nonumy. Aliquyam elitr vero ea quod aliquyam sed. Magna clita justo aliquyam stet dolor rebum et sanctus. Gubergren exerci enim aliquam duis et accusam est eirmod diam ipsum labore consetetur. No eos elitr accusam wisi ut at sea.\n",
        "publishDate": "2023-07-24T16:42:14.2242688+00:00"
    },
    {
        "id": 147,
        "title": "Book 147",
        "description": "Eu et labore erat. Aliquyam lorem aliquyam clita erat consetetur autem kasd te rebum duis. Hendrerit sed esse. Luptatum duo odio et accusam gubergren hendrerit delenit erat clita sit hendrerit eu invidunt aliquyam vulputate. Option no lobortis duo dolore ea facilisis sed clita feugiat at et exerci sit et sit at dolores.\n",
        "pageCount": 14700,
        "excerpt": "Dolore et et clita lorem stet duo placerat takimata clita eos ut at. Nonumy et ut nonumy. Ipsum sit dolor sed consequat eu nibh sanctus consetetur invidunt aliquyam lorem et rebum voluptua consetetur dolores eirmod. Justo no erat labore accusam blandit eos nostrud. Et clita wisi sed eirmod accusam stet tempor erat nonumy elitr aliquyam aliquip ullamcorper quod odio dolor. Ipsum dignissim volutpat ut facer consetetur gubergren accusam ut est amet option no magna. Dolor dolore eos ipsum ipsum et lorem consequat nonumy rebum diam aliquyam nostrud et erat. Rebum vero consetetur et nonumy iriure et. Magna consectetuer duo invidunt sed elitr lorem magna ea eos justo vero amet. At sadipscing lorem et erat sit stet ea autem sanctus. Duo ipsum eirmod amet duo dolor diam lorem sed consequat soluta ipsum rebum erat dolor et. Sit est magna eos veniam facilisis et dolor dolores est amet. Diam feugait ipsum nibh tempor vero amet. Wisi amet hendrerit sed et lorem sanctus eos amet diam velit. Erat amet dolor elitr elitr sit euismod velit vulputate consectetuer sit dolor ullamcorper clita amet eirmod.\nDiam est invidunt tincidunt dolore sit labore lorem sanctus sea tincidunt imperdiet vulputate vero. Duo no sadipscing iusto kasd lorem invidunt lorem nulla vero et lorem sadipscing lorem rebum et. Gubergren takimata stet et sit takimata eleifend at nibh nonumy amet dolores clita sed takimata vero. In dolor ipsum dolores molestie amet sed takimata sea ex lorem consequat elitr dolor elitr accusam. Invidunt et duis gubergren et ea sea magna nisl ea diam ex wisi dolore. Et sit amet clita ea sit facer takimata et diam nonumy et nobis sed ut laoreet. Sit et ut eos quod. Qui ea clita. Ut clita amet euismod.\nVero molestie autem velit magna voluptua sanctus sit exerci tincidunt diam et clita. Dolore ea diam eirmod lobortis elitr vero. Et et amet eros volutpat ea sanctus accusam et accusam kasd est in elitr et dolore. Accumsan sit tincidunt erat et placerat. Takimata blandit blandit amet elitr stet. Justo in nam liber duis sed aliquyam dignissim sed sea sanctus et et et sanctus dolores kasd doming amet. Eum ullamcorper amet est duo gubergren quod duo duo wisi nam nihil no amet. Ea et aliquip amet iusto ut nonumy gubergren ipsum euismod. Laoreet erat magna. Tation justo ipsum diam takimata te. Consequat voluptua invidunt vel magna. Eros dolor sadipscing kasd dolor et elitr iriure vero. In sit in duis minim lorem diam eirmod quis gubergren dolores sea et. Stet sed et takimata possim dolore sadipscing dolor dolore suscipit et sit eos ut. Praesent rebum sanctus labore et takimata.\nAmet gubergren ut dolores ipsum takimata eirmod molestie blandit. Sadipscing ipsum autem rebum labore diam elitr tation molestie rebum. Et lorem duo ipsum est sit est clita vero sit nibh amet takimata accusam stet aliquyam ea. Eum at accusam option ipsum eirmod invidunt accusam lorem sed ea. Et est invidunt.\nAmet labore amet sadipscing clita labore justo. Takimata invidunt molestie sed in iusto ut. Sadipscing takimata invidunt dolores et amet augue volutpat labore. Dolor aliquyam et stet. Takimata sed no dolor accusam magna accusam illum ad feugiat accusam ut ipsum. Erat diam nisl aliquyam rebum diam erat amet lorem sit ad est dolores feugait et et sadipscing. Amet ea consequat eirmod sit in. Nulla et vero in justo consetetur accumsan. Duo est dolore eirmod ea esse vulputate. Sea veniam stet esse duis ea elit autem diam eirmod clita consectetuer tempor volutpat veniam consetetur duo et. Erat vero consetetur aliquyam sit est te enim dignissim.\n",
        "publishDate": "2023-07-23T16:42:14.2243558+00:00"
    },
    {
        "id": 148,
        "title": "Book 148",
        "description": "Clita takimata laoreet at nonumy accusam accusam luptatum ea. Kasd eum luptatum adipiscing et. Et diam at tempor accusam duo est eos ea magna vel sit dolore nonumy et at. Invidunt consetetur lorem gubergren. Eu sea in esse ut vel takimata zzril veniam volutpat dolores augue tempor ut sed ipsum erat erat ipsum. Gubergren sea sea voluptua dolore voluptua ad dolor eleifend kasd eirmod erat dolores. Amet sit eum lorem amet lorem ea.\n",
        "pageCount": 14800,
        "excerpt": "Ea sed eirmod dolor magna no facilisi autem. Amet at dolor velit erat wisi praesent sea ipsum velit lorem sit erat eirmod dolor. Ut erat facilisi eum aliquyam et molestie no sanctus sadipscing dolore rebum vero et voluptua. Et sanctus kasd. Sea amet dolore lorem molestie et dolores consetetur dolor consequat. Hendrerit diam vero sit sit sit dolor invidunt justo amet. Blandit voluptua elit. Amet commodo duo sanctus ut ut sit sed nisl feugait magna elitr sanctus. Luptatum sed takimata lorem nonumy kasd vero sit vero accusam elitr rebum esse hendrerit. Rebum eros facilisi eleifend amet voluptua sit at amet aliquip dolore sadipscing. Accusam consequat dolor ut amet ipsum ipsum est invidunt magna clita sanctus dolor amet nonummy stet rebum. Labore lorem ipsum dolor ipsum dolore hendrerit et sed et ea stet invidunt sea et sed. Accusam aliquip duo et lorem possim takimata at. Est consetetur ipsum tation sea stet ad erat. Justo vel consequat eirmod ea amet assum et invidunt nonumy eos consetetur minim eirmod sanctus est sanctus. Stet labore sed et sed at lorem ipsum. Sanctus esse no invidunt rebum velit iriure amet in elitr.\nLabore amet ut ea praesent lorem adipiscing elitr sanctus duis accusam sit. Justo sit duo diam in exerci vel iriure invidunt dolore lorem at et diam diam dolores sadipscing duo. Facilisi consetetur consequat ut et zzril. Accusam vulputate kasd voluptua gubergren veniam elitr ea iriure elitr ut est duis. Delenit facilisi dolor labore eleifend diam sit amet feugiat at rebum clita takimata. Eos accusam clita exerci eum et in kasd ipsum gubergren sanctus magna est ipsum dolore ipsum voluptua. Iusto labore elitr magna ea sit eros laoreet dolor no no dolore rebum sed lobortis stet sit. Aliquyam et illum kasd sea et justo eirmod duis diam nisl elitr clita magna. Voluptua nulla in dolor accusam. Duis amet dolores vero adipiscing. Dolores feugiat suscipit et elitr in duis justo gubergren magna sit facilisis id dolore veniam. Ipsum et lorem zzril sed velit dolore vero dolores clita voluptua ea dolor.\nTempor amet no eos sed nonumy kasd sit. Amet nonummy magna stet dolor et et nonumy dolor sea ipsum nulla ipsum ea nonumy autem. Sit lorem aliquyam luptatum stet dolores sit kasd no magna invidunt voluptua. Duo tempor no justo magna gubergren stet et kasd sit lorem invidunt dolor consetetur stet. Et dolore rebum mazim diam laoreet clita et aliquam erat quis at sea diam ut diam rebum sadipscing vero. Erat labore ut stet sit ipsum velit lorem at erat kasd eos labore diam in blandit dolore aliquip. Clita voluptua sadipscing volutpat consetetur molestie et esse dolor luptatum magna et. Et dolor aliquyam option sit sit facilisi ipsum autem augue sed lorem eros in doming duo nibh dolor. Feugiat illum amet nonumy in dolores diam consetetur. Tation gubergren dolores facilisis takimata dolor dolor invidunt. Amet vero volutpat no aliquyam rebum sit sit diam sit. In eos clita. Ad voluptua eum te sea molestie ipsum sanctus facilisis voluptua molestie ex magna facilisis elit vero. No qui illum rebum dolores tempor tempor dolore duis sed. Facilisi ipsum eos eirmod lobortis dolor dolores magna diam voluptua sed. Magna sit consetetur. Et adipiscing magna sea erat nonummy vero. Qui clita invidunt consequat eos nonumy duis rebum imperdiet vulputate autem erat ipsum sit sit rebum.\nUt ea dolore in justo. Et ipsum rebum adipiscing vel dolore aliquyam magna eos nonumy ut elitr ea esse. In erat dolor amet sed ipsum et feugiat in dolor dolores duis. Clita sed ut sed diam quod dolore clita iriure clita dolore delenit erat praesent sanctus. Et aliquam enim at gubergren erat ea labore gubergren at at vulputate sanctus dolore lorem ea eirmod. Et sed ipsum ut ea accusam stet takimata elitr dolores ea ut nonummy et kasd soluta feugait. Dolores sit labore et diam. Molestie autem justo labore rebum vero vel dolor voluptua. Sed sed consetetur nonummy et kasd clita lorem invidunt justo justo tincidunt dolore velit elit. Diam clita ipsum consectetuer dolores tempor. Dolor ut dolores accusam erat elitr qui vulputate.\nAccusam molestie sit elitr et sed liber in congue. Et amet rebum luptatum nulla laoreet. Erat clita molestie nostrud sea eum adipiscing sadipscing in sanctus no et sed ex zzril et aliquyam. Dolor sadipscing elit iriure sit kasd no consequat justo. Duo et blandit sed. Magna takimata voluptua gubergren ut ad voluptua lorem et mazim blandit dolor nulla. Magna sea erat et tempor at nibh duis ut dolore sea. Et sea ea vero ut sit blandit laoreet sit consetetur. Amet eum et voluptua diam rebum ipsum kasd aliquyam. Labore sea diam nonumy accumsan feugiat magna diam amet molestie sadipscing erat cum elitr sit eirmod. Et et nihil duo tincidunt eirmod ut dolores accusam accusam blandit est ea luptatum est dolor. Accusam sit tempor ut aliquyam et accusam consetetur zzril at nibh vero diam sea. Consequat nonumy rebum sit commodo labore te justo consetetur et ipsum no ad elitr magna sanctus nonumy accusam.\n",
        "publishDate": "2023-07-22T16:42:14.2244665+00:00"
    },
    {
        "id": 149,
        "title": "Book 149",
        "description": "Justo ut diam minim consetetur voluptua vero sea magna eos sed consetetur rebum. Tempor dolor tempor diam stet aliquyam amet adipiscing nostrud. Sadipscing stet sea ipsum molestie. Facer invidunt accusam sanctus dolore ut dolore sit ipsum facilisis kasd dolor eirmod magna magna elitr iriure. Et labore ipsum eum. Voluptua voluptua tempor facilisi diam et aliquyam sit accusam eum nulla sit amet justo ut ipsum dolor ipsum ut. Tempor duo eum hendrerit elitr magna amet dolor eos nihil ex dolore gubergren kasd amet et dolor diam tincidunt. Eos at invidunt tempor no ipsum dolore esse lorem magna consequat dignissim ipsum. Accusam takimata commodo no et autem clita. Sed elitr elitr volutpat dolor soluta nulla magna dolor. Accumsan ut volutpat clita quis et consequat et amet elit lorem sed voluptua iriure nibh nonumy sit aliquam nostrud. Aliquyam erat aliquyam eros feugiat dolore dolores tation clita nihil kasd. Aliquyam duis sit nobis invidunt sea minim velit. Id te vulputate dolore invidunt wisi. Tempor ipsum at est blandit quis quis nibh est gubergren dolore nonummy ea eos kasd eirmod.\n",
        "pageCount": 14900,
        "excerpt": "Clita ea duis erat ipsum est gubergren diam ut ut. Eos clita stet velit ipsum eirmod sed sed diam nonumy dolor et dolores dolore. Voluptua magna dignissim takimata molestie tation diam diam sed amet vel feugait amet invidunt facilisis euismod tempor sadipscing. Aliquip luptatum dolor erat clita ut praesent aliquyam erat cum gubergren et vel sit. Erat clita et ut. Amet et dolore nonumy invidunt esse erat diam est kasd vel ea nonumy. Erat nonummy vero. Vero accusam eu nonummy kasd voluptua magna dolores sit. Laoreet vero sit amet dolore dolor wisi volutpat sit autem gubergren sea takimata velit. Duo accusam amet. Tation eos justo est in. Autem molestie diam placerat amet takimata. Esse invidunt eos magna diam consectetuer clita feugiat.\nVel in kasd consequat rebum sadipscing nobis. Dolor et ut veniam et lorem dolor nostrud et erat ipsum erat voluptua aliquyam facilisi. Assum et duo amet suscipit nam et stet magna duis tempor. Ipsum sit esse dolor vel eirmod rebum nam stet diam praesent clita dolor et lorem voluptua diam. Vel commodo sit et clita sadipscing euismod takimata blandit augue tempor kasd illum hendrerit sit. Kasd dolore tempor consetetur nulla exerci luptatum invidunt sed clita diam rebum feugiat velit takimata. Ut ea eros lorem aliquyam sed. Sadipscing et dolor delenit erat justo consequat quis gubergren et elitr sea dolores nonumy wisi accusam sea sit. Tation wisi eirmod veniam ut erat. Facilisis elitr minim magna dolor voluptua et sadipscing diam sanctus magna stet. Et mazim autem erat consetetur et eum et duo dolor consetetur ea dolor rebum blandit nonumy. Clita aliquip illum clita nulla diam ipsum sed et dolores elitr.\nDiam dolore amet qui ipsum duo invidunt vero ut lorem et elit voluptua laoreet volutpat ipsum quis facilisis. Laoreet sed sed autem erat accusam diam rebum amet duo et ullamcorper ipsum labore facilisi amet aliquyam tation. Luptatum illum nisl diam illum nobis dolor dolor autem. Sit stet diam suscipit sadipscing. Ipsum ipsum aliquyam ea dolore in lorem tempor feugait duis zzril minim ea et elit et vulputate magna rebum. Et ad at sadipscing exerci nulla facilisis kasd et lorem delenit dolor. Dolore ipsum nulla at placerat lorem voluptua. Et diam tempor invidunt vero dolor quis elitr erat vero. Dolor sed dolore voluptua eos clita justo sed kasd sadipscing sed ullamcorper et augue. Et dolores ea sed et magna. Sit erat diam in.\nGubergren et ipsum eum aliquyam dolor sed dolores labore. Facilisi nonumy ipsum no lorem molestie. Aliquyam est sed elitr autem imperdiet nibh iusto. Kasd cum at.\nCum stet ut. Amet diam diam eros ea ut dolore labore et sea dolor stet et lobortis eos lorem aliquyam. Dolor aliquyam dolor nonumy amet consequat nonumy ut. Facilisi est diam. Autem blandit diam ipsum congue feugiat nonumy nonumy sanctus in delenit est duo aliquyam diam sadipscing amet. Et molestie accusam sed justo et euismod at vulputate sit erat no voluptua erat. Justo takimata rebum consetetur aliquyam illum quod sea no erat molestie. Labore diam et clita exerci magna sanctus autem vero sit. Nonumy consetetur sed ut sed magna gubergren ipsum. Esse takimata ea magna diam ipsum et doming feugiat. Clita illum dolor sit sed sit et diam tempor erat autem ea. Amet takimata ut sit quis lorem soluta ut duis rebum est dolores kasd sit ut. Dolor vero luptatum dolore vero sanctus labore in dolore est et et nibh takimata invidunt ut. Ex clita eos.\n",
        "publishDate": "2023-07-21T16:42:14.2245623+00:00"
    },
    {
        "id": 150,
        "title": "Book 150",
        "description": "Ea eum rebum at dolor ut magna dolores magna eos invidunt ullamcorper nonumy iusto. Luptatum nihil adipiscing elitr et takimata est ea eu at sed facilisis ipsum aliquyam gubergren illum clita lorem lorem. Est qui dolor elitr dolore magna sea at diam et et dolores feugiat ipsum. Ipsum lorem magna est diam kasd nonummy eleifend lorem est est sed accusam. Nonumy at eos diam ipsum diam stet iriure dolor sadipscing consetetur sit augue sanctus autem est. Et eleifend eros takimata justo dolore et gubergren ipsum elitr ipsum ipsum suscipit nulla ipsum takimata et ipsum. Dolor diam duo voluptua. Tempor doming eirmod gubergren dolor erat takimata sit sadipscing dolore eos. Eu dolor in sadipscing diam magna lorem cum te mazim labore.\n",
        "pageCount": 15000,
        "excerpt": "Diam nibh praesent ipsum no dolor autem vulputate ut autem. Sadipscing sanctus lorem dolores labore invidunt. Ut ex takimata eum sea ut et sea dolor duo sed aliquyam vel kasd erat amet ipsum. Mazim magna ut sit at iusto. Eu veniam lorem labore ex dolore et eum et no eu blandit kasd blandit ex. Dolor lorem lorem volutpat nonumy erat illum. Est dolor sit te sanctus ut eos at invidunt tempor consetetur tempor et eos. Dolor et est accusam dolor est et sanctus. Elitr dolor labore dolor te nonumy lorem qui labore ut erat est ut gubergren in at. Eirmod praesent at ut amet et sed. Stet augue labore nonummy erat invidunt et dolores sed erat consectetuer vero et et. Consectetuer et accusam takimata. At aliquyam gubergren dolores sit minim dolores sit.\nSit ut sanctus eu. Quis accusam diam est. Diam tation delenit gubergren est illum duis eirmod volutpat veniam enim mazim consectetuer dolores diam. Dolor et magna dolore. Vero aliquyam sadipscing et clita praesent eos invidunt est. Ipsum et labore justo dolore duo blandit. Minim et congue rebum. Lorem iusto eirmod sea nonumy ea et. Sit sanctus lorem labore sed et eirmod consetetur dolor. Sit lorem amet ipsum no congue amet elitr luptatum justo nonumy ipsum et accusam elitr. Sed amet et consetetur sit accusam sed et ut kasd sanctus sanctus sea. Nulla duo gubergren vulputate erat. Voluptua amet dolor nulla aliquyam sit et possim ut. No ut et diam quod eirmod dolor sed voluptua nonumy eleifend nostrud amet ipsum clita nonumy et. Nam et kasd eros accumsan sea kasd.\nDolor magna est tincidunt consetetur odio no ipsum vero rebum dolores. Sadipscing dolor justo duis dolor labore eos erat ipsum justo diam duis duis dolore. Luptatum dolore kasd et congue tation adipiscing dolores kasd et est takimata takimata gubergren sit ut quod sit sit. Ut elitr voluptua iusto et erat aliquam vero clita diam facilisis diam kasd lorem hendrerit et ad.\nExerci nulla duo facilisi euismod aliquyam dolor at justo dolor nulla minim aliquyam. Justo aliquyam accumsan est nonumy elitr justo tempor quis diam accusam ad sed dolor. Dolores eros kasd sit rebum velit hendrerit esse ipsum gubergren veniam ea esse duo sanctus amet. Sit ut at quis et ipsum feugiat voluptua dolores magna dolore aliquyam ipsum ea dolor dolore diam. Laoreet dignissim dignissim et facer lorem facilisis accusam facilisi duis diam diam et dignissim nonumy clita duo dolore et. Et dolor nobis vero sit sit vero. Et justo sadipscing praesent eu dolores ea quis facilisi autem voluptua diam. Dolore in feugiat amet lorem tempor. Sed dolore feugiat et quis lorem duo rebum et clita justo. Elitr at vero in vulputate consetetur amet invidunt velit sadipscing justo justo. Amet diam accusam ut ut quis eros enim kasd rebum voluptua.\nElitr et duis invidunt dolor kasd erat suscipit ut vero eirmod stet. Vel accusam dolor sanctus praesent invidunt kasd diam veniam et kasd in ut et feugait. No diam lorem. Et duo et vulputate justo autem veniam et ipsum gubergren dolore justo duo facer sadipscing possim clita est. Eos gubergren ut doming dolor. Aliquyam no nostrud. Sed ipsum nihil eos et ipsum nobis aliquyam ea tempor labore. Est diam et sit. Vero quis nonumy lorem rebum sea magna at laoreet. Vulputate et ex accumsan. Lorem et in est eos nonumy ea tempor kasd ut erat duo stet lorem. Aliquyam in elitr sed sanctus eum eos sit feugiat et volutpat dolores minim dolores gubergren et et illum. Voluptua labore amet duis sed eos no et clita dolor aliquip.\n",
        "publishDate": "2023-07-20T16:42:14.2246487+00:00"
    },
    {
        "id": 151,
        "title": "Book 151",
        "description": "Euismod dignissim sit rebum rebum et enim dolore consetetur est iusto et at clita volutpat gubergren amet duo dolor. Ipsum vero sanctus aliquyam voluptua rebum dolor ipsum consetetur te ipsum ipsum. Ex sed sed gubergren. Ipsum sanctus stet et duis eu sed elitr dolore justo sanctus gubergren illum labore tempor labore ea commodo. Accusam velit lorem voluptua ut dolores et. Eum sit vero et dolor exerci lorem ea aliquip hendrerit ex sadipscing amet. Gubergren kasd iriure kasd labore. Ad euismod elitr dolor takimata clita stet at ut tempor sed luptatum magna lorem ex sit nihil. Exerci autem sed et amet gubergren sit elitr ipsum dolor in. Ipsum sadipscing et dolor clita ea lorem eos nonummy praesent ea stet feugait sit quis dolor clita elitr et. Rebum dolor duis invidunt dolor nulla in sit sanctus et elitr consetetur sit. Eirmod tempor volutpat diam sed ipsum elitr et duo consetetur et ea.\n",
        "pageCount": 15100,
        "excerpt": "Vel sadipscing aliquyam kasd invidunt et vero dolor in dolor sit. Et erat duo aliquyam vulputate liber clita vero duis no ipsum dolores duo rebum diam voluptua stet. Dolor invidunt consequat consetetur aliquip sit invidunt magna. Eu erat liber kasd magna. Tempor magna sanctus et tempor diam duis ipsum eos est aliquam exerci. Sadipscing ipsum feugait ipsum nonumy ipsum sit et. Kasd duo placerat consetetur no duis stet consetetur. Ipsum et diam magna consectetuer et nonumy at invidunt diam dolore at aliquyam magna molestie sed eirmod lorem takimata. Ad sea at hendrerit aliquyam accusam nonumy ipsum consetetur erat lorem nostrud erat ipsum euismod et dolor. Sea tempor ut consectetuer dolor. Et dolores dolor invidunt justo. Et quod voluptua clita no diam nulla ipsum. Minim labore elitr erat sea sed iriure stet. At dolor hendrerit at amet justo vero labore dolor qui vero amet nihil. Eu sed sea at tempor amet facilisi ut lorem volutpat erat veniam tempor dolor invidunt diam duis gubergren. Amet at lobortis dolore sit nihil diam takimata elitr enim takimata eu accumsan rebum dolor diam nonumy.\nDiam eum et diam dolor et. Amet dolore eirmod magna stet. Consequat sanctus commodo. Et at kasd diam amet sadipscing et blandit et nonumy iusto. Sed ipsum sit no ea accusam voluptua. Assum ullamcorper consetetur sit dolore lorem duo consetetur qui tempor amet enim esse erat at. At et aliquyam sit esse est facilisi. Elitr illum elitr invidunt.\nEst stet congue magna lorem dolor ea diam veniam delenit in eos ipsum eirmod sadipscing est lorem lorem. Feugiat ipsum sadipscing. Magna ea labore dolores gubergren elitr. Sed et velit consequat et commodo et eirmod dolore. Duis magna elitr accumsan amet stet sanctus. Sed diam justo eirmod takimata et ipsum kasd congue at et odio aliquyam et. Dolore invidunt consetetur gubergren dolores tempor gubergren ut clita lorem ut ipsum sanctus sit sed. Et kasd autem erat accumsan ipsum diam tempor dolores. Iusto ipsum consetetur accusam clita amet gubergren sit kasd sanctus labore sit nonumy dolore amet aliquip takimata soluta. Vero aliquyam consetetur tation magna.\nOption sanctus euismod duo stet. Ea ipsum ipsum. Et sed sadipscing consectetuer magna feugait et blandit no sed et magna justo eos. Nisl et euismod labore. Augue stet et dolor et est dolor voluptua gubergren dolores veniam dignissim labore. At et gubergren est justo assum qui est suscipit est tempor wisi tempor nam diam euismod wisi accusam. Accusam in nostrud ea sed blandit blandit sea et mazim elitr id dolor sit voluptua. Sea duis kasd sadipscing rebum tincidunt vero facilisis et rebum duo duo delenit commodo ex accusam. Et vel duo dolore ea. Accusam amet magna lobortis. Augue et invidunt erat clita no et erat labore imperdiet lorem in justo invidunt at sadipscing. Aliquip sadipscing vel nonumy facer consectetuer luptatum amet et ipsum sed id. Elitr eirmod vero dolore stet. Clita eum sanctus diam erat accumsan tempor erat zzril ipsum. Stet vero no justo duo labore illum at vero at accusam nonumy tempor. Erat nisl eirmod lorem facer tempor voluptua takimata et zzril est sit iusto at. Ipsum eirmod ut sadipscing sed invidunt dolores adipiscing voluptua at clita eos lorem nonumy. Elitr exerci duo.\nEt eu sadipscing voluptua invidunt eirmod magna est amet dolor eos elit sed. Velit sed ut nonumy elitr eos clita duo duis aliquyam diam magna et volutpat nonumy iriure kasd diam nulla. Diam volutpat amet. Nulla diam eos stet facer nihil ipsum dolor sit sit ut vulputate voluptua aliquyam voluptua tincidunt ipsum diam.\n",
        "publishDate": "2023-07-19T16:42:14.2251563+00:00"
    },
    {
        "id": 152,
        "title": "Book 152",
        "description": "Wisi est dolores sanctus ea volutpat magna quis diam dolor magna justo erat voluptua dignissim accusam elitr amet dolor. Diam dolore invidunt gubergren eirmod eirmod tempor ipsum sit justo takimata eos wisi dolore duis dolor laoreet elitr dolor. Luptatum sea sanctus exerci ea. Gubergren erat vero magna consequat dolor sed sed invidunt duo justo sea takimata consequat molestie. Sit et amet takimata. Feugiat eirmod dolore ipsum amet esse sed dolores ipsum gubergren sadipscing stet. Ut sed eum duis qui ut et at amet rebum vel wisi et enim lorem amet kasd amet minim. Diam erat dolor te vulputate amet ipsum diam facilisi labore vero. Duis at sed hendrerit lorem labore lorem sea at ipsum. Et ipsum sit consequat vero vero nulla elitr amet vero est nonumy. Dolor duis eirmod et tation invidunt enim sed nonumy at ipsum. Invidunt kasd gubergren sed dolore elitr et nulla hendrerit diam nihil. Dolore vero et diam et erat dolore lobortis tempor ea rebum ut amet et. Eirmod ipsum sadipscing magna eos. Sea iusto stet vel delenit rebum lorem facer nostrud sit praesent. Ea labore consequat sit lorem invidunt te voluptua magna nonumy illum sit iriure dolore nihil dolor. Amet amet sit et sea et dolore id ad dolore lorem dolor duo.\n",
        "pageCount": 15200,
        "excerpt": "Dolor justo enim facilisis ut dolore. Accusam suscipit zzril labore dolor eirmod sit invidunt. Dolores stet sit no et accusam feugiat vulputate imperdiet. Sit diam consetetur eu sed stet consetetur dolores amet diam vel dolores sanctus et hendrerit kasd no. Ullamcorper dolor ipsum sed ut sadipscing rebum molestie accusam invidunt ea takimata eirmod eos labore eirmod et wisi amet. Consequat accusam sea accusam ex dolor magna dolores takimata sit sit gubergren adipiscing et magna est et mazim aliquam. Enim ad sed takimata dignissim quis eos vero labore dolor no sed ea eirmod. Esse labore tempor sed et stet luptatum eros dolor accusam sanctus vero labore. Erat lorem duo amet. Elit vero erat ex justo nonumy voluptua eirmod. Sanctus eirmod sanctus amet dolore labore kasd accusam tincidunt nulla vulputate diam. Tempor zzril liber delenit. Diam ut lorem et sed dolore. Ipsum gubergren at soluta sea eirmod gubergren no labore dignissim diam rebum. Enim dolores option sea erat et nonummy. Feugiat invidunt et consetetur lorem elitr et ipsum diam nulla dolor et at eu. Ipsum vulputate ad sed. Sed ea dolores at in ut ipsum vero.\nIpsum in iusto. Sanctus dolor te lobortis lorem nulla nostrud vero et stet consetetur suscipit justo ut et rebum in dolore. Sit magna dolore ut vero stet justo eos gubergren lorem. Eos no amet luptatum invidunt lorem at erat nostrud nonumy. Est voluptua labore magna et et ut sea sed tincidunt aliquyam takimata molestie rebum takimata clita lorem et ut. Ex elitr elitr diam ut et eirmod dolor. Eirmod tation cum ut tempor exerci in feugiat elitr diam ipsum velit dolor elitr sea. Sit rebum et dolores ut takimata nulla. Nisl erat clita labore eos sit clita vel. Vel justo rebum vel facilisi lorem vel zzril option dolor et dolore. Ea eirmod ut vero. Sea et diam soluta autem et at duis nulla delenit tation eirmod sit et ut. Eirmod et sadipscing dolore consetetur ea invidunt invidunt sed stet amet gubergren molestie eros. Amet voluptua eum lorem dolor vel erat possim ad. Erat dolor tempor sadipscing amet.\nSed dignissim ipsum te elitr invidunt diam. Erat feugait at. Accusam ea diam luptatum sit. Vero justo labore ut ut voluptua justo vel eos ea mazim ipsum. Kasd sit aliquip nobis dolor dolor eirmod sea vel nam clita dolores nonumy esse dolor gubergren amet labore in. Duo elitr rebum velit vel. Et elitr et duo. Justo magna option. Adipiscing dolor illum magna tempor rebum sit laoreet clita sea.\nLabore commodo dolore sea diam dolores clita elitr duo. Duo et invidunt vero veniam. Soluta feugiat dolore invidunt tation no est. Et dolore et eos dolor hendrerit ex. Voluptua diam sit sadipscing dolore sed ipsum commodo justo sea te sed labore wisi accusam stet. Euismod justo ea adipiscing eirmod at aliquyam vel diam sed sed rebum labore.\nDiam sed diam lorem vero consequat sadipscing tation consequat no dolores lorem consequat. Accumsan dolores stet sea at kasd aliquam dolore quis eirmod sed accusam duo sed rebum et. Minim wisi erat takimata elitr at laoreet assum feugiat eu sed zzril vulputate accusam voluptua veniam. Et kasd ea suscipit dolor quis sed lorem ex dolore odio ipsum diam dolor vel. Odio tempor commodo dolor ipsum eu quis ullamcorper nonumy sadipscing dolor. Odio vel praesent invidunt et amet et ipsum est praesent et est ipsum ipsum quis diam. Vel nonumy nulla minim tempor et. Duis minim enim duo.\n",
        "publishDate": "2023-07-18T16:42:14.2252587+00:00"
    },
    {
        "id": 153,
        "title": "Book 153",
        "description": "Et lorem sit volutpat aliquip feugiat qui lobortis eum ipsum sea dolor facilisi. Tempor eum dolore justo sed accusam sea ipsum amet et doming labore zzril dolore velit clita ex et ut. Vel erat molestie eu sit dolor in erat eirmod elitr. Accusam autem et ut lorem dolor sit sed ipsum wisi dolor hendrerit molestie voluptua. Et ipsum nulla amet volutpat labore sadipscing takimata tempor facilisi odio dolor praesent duis dolore imperdiet ea elitr. Tincidunt consequat adipiscing dolores consequat duo facilisi ea lorem ut justo no. In vel facilisis consectetuer eleifend nonumy hendrerit justo sed in eum sea kasd in consequat. Et duo consectetuer ipsum lorem qui ea. Vulputate consetetur dolore gubergren justo iusto accusam ea et duo erat ipsum eu kasd. Tation duis clita. Aliquyam eirmod voluptua hendrerit takimata kasd et aliquyam dolores.\n",
        "pageCount": 15300,
        "excerpt": "Et et eirmod ipsum dolore liber accusam sed ex takimata ut consectetuer te dolor et. Dolore et accusam accusam eos sed et invidunt sanctus. Tincidunt mazim lorem suscipit sit est takimata et sit takimata feugiat ipsum labore gubergren lorem sit nulla in. Tincidunt ad in voluptua eu amet ullamcorper amet justo erat voluptua amet. Tempor eirmod magna autem ipsum amet velit aliquyam at velit diam voluptua accusam autem duis elit dolor. Et aliquip takimata esse stet dolore minim eirmod est amet dolore in sed sea ut et. Sit erat nam invidunt vel luptatum autem lorem sadipscing gubergren amet takimata dolor iusto eu ipsum.\nLuptatum erat et nulla ipsum dolores eu diam sadipscing justo odio vel eirmod dolor erat ea dolor dolor. Amet nibh amet. Takimata magna et magna aliquyam dolore vero stet invidunt consetetur duis laoreet sit labore nonumy magna hendrerit. Te eos sed vero sit et. Erat sanctus justo illum eos consequat invidunt magna ut at eos voluptua ea lorem iusto aliquip takimata dignissim. Diam kasd dolore nulla autem lorem exerci eirmod labore diam dolore. Vero amet dolore vel aliquyam diam.\nTation amet gubergren nibh no et et. Nulla et tempor ut sea hendrerit amet invidunt sit et nonumy nonummy ea consectetuer sit lorem. Sit dolore takimata ipsum augue hendrerit sit at diam. Ea ut labore consequat dolore et diam iriure clita ullamcorper gubergren eos eu sanctus eum sea nonumy lorem eos. Vero sadipscing sanctus consetetur. Labore eum ea stet commodo invidunt ipsum. Vero erat consequat at eirmod vulputate in doming ipsum assum rebum nonummy sanctus amet et est. Tempor dolor dolor no diam et nonumy consetetur eos lorem tempor volutpat dolore et esse. Vulputate nonumy voluptua.\nAmet nulla commodo lorem et eos exerci dolor voluptua labore dolore stet in kasd ea aliquyam. Assum sea at aliquyam et elitr tation at accusam sanctus euismod delenit luptatum gubergren consetetur. Sea eirmod at lorem et duo praesent. Tincidunt veniam magna id et takimata justo accusam dolore. Qui duo cum ipsum duo invidunt diam feugiat dolores labore tempor et ullamcorper. Volutpat justo illum et sadipscing voluptua ex volutpat no eos tempor clita gubergren stet ipsum nulla. Lorem amet ipsum gubergren at. Magna eirmod nulla stet amet soluta et ut et est no diam dolor suscipit amet sea. At lorem tincidunt iriure. Rebum et sed at dolor sit luptatum sanctus at dolor placerat elitr kasd ut lorem dolor exerci. Voluptua et consequat magna dolor invidunt et accusam dolor consetetur eros accumsan gubergren gubergren rebum placerat vero gubergren. Lorem stet et ea dolore sed amet. Kasd augue magna sea vero nonumy magna commodo in ea eu. Sed elitr eu ea nam erat luptatum est takimata consequat nonumy amet. Dolore dignissim nonumy. Quis clita praesent. Dolor odio sadipscing est tempor ipsum et facilisis duis. Eirmod elitr sadipscing. Kasd dolore dolor consetetur tation magna nonumy consetetur eirmod.\nAccusam dolores aliquam dolore suscipit. Dolor amet ipsum. Diam tation eu et aliquyam ea voluptua. Magna ex ipsum consetetur et no eos et gubergren. Vel dolor at labore lorem molestie dolores dolore. Duo diam ipsum ea elitr. Accusam nonumy hendrerit. Takimata tincidunt vel stet blandit clita. Consequat voluptua labore te in. Nibh justo amet sit. Justo nulla consetetur lorem dolor enim no ex laoreet invidunt. Lorem clita assum commodo dolor nostrud amet sit velit accumsan nostrud takimata ipsum diam. Takimata nihil elitr diam. Diam lorem sanctus stet ut sed et amet accusam.\n",
        "publishDate": "2023-07-17T16:42:14.2253472+00:00"
    },
    {
        "id": 154,
        "title": "Book 154",
        "description": "Takimata takimata takimata. Accusam et diam sit et eos amet. Sea vero aliquip dolor aliquyam dolor diam aliquyam duis labore sea et et velit. Rebum at eirmod sit erat magna ullamcorper labore duo facilisi duis sed tempor facilisi amet. Eirmod consetetur eros ipsum tincidunt soluta ad elitr dolor ea sea accusam elitr duo et ad dolore. Doming et dolore lobortis ex accusam. Sed dolores facilisi commodo justo ipsum nisl erat amet qui diam in gubergren nulla kasd. Nulla tempor ea minim justo no ea kasd et vel consequat stet. Lorem et voluptua accusam aliquyam duo invidunt gubergren dolore sed clita justo ipsum sed autem dolor. Est magna elit rebum invidunt. Esse tempor amet ut ut et wisi et assum dolor sit dolor. Stet ut magna ut vel dolores diam takimata dolor sadipscing justo dolores. Magna clita elitr dolor dolor hendrerit vel iriure liber minim ut et sit duo takimata sanctus. Et euismod amet stet nonumy tempor in takimata diam dolor sit sit velit sit. Duo ut kasd nam no clita erat tempor eu suscipit.\n",
        "pageCount": 15400,
        "excerpt": "Clita no consetetur congue labore nisl elitr dolor consetetur voluptua eirmod sed voluptua gubergren. Vero nibh invidunt illum justo clita feugait ipsum et hendrerit duo quis eos clita. Esse dolor sit. Consectetuer autem aliquyam ut rebum exerci in. Duis eum aliquyam ipsum adipiscing dolor at. Vero est at vero erat magna kasd consetetur sanctus illum elitr justo nonumy et et labore. Et vel imperdiet sadipscing stet clita eos vel facilisis no dolores et vero invidunt ad ipsum nonumy dolor. Quis facilisi duis clita aliquam erat te quis wisi nonumy in ut voluptua stet. Ut sit ipsum aliquyam duis consetetur dolor stet justo te no sea eleifend augue consequat iusto. Voluptua exerci in ullamcorper adipiscing accumsan vero. Odio et justo aliquip dolor dolor no takimata dolores ut. Wisi takimata justo ipsum duis no lorem justo sed ipsum kasd ea accusam duo no. Velit hendrerit consectetuer dolor laoreet ut.\nKasd clita consetetur ut sadipscing justo eleifend et erat aliquyam nonumy autem euismod sanctus voluptua duis dolore justo. Sadipscing dolore sit. Ipsum consetetur esse et amet ex aliquyam facilisis amet amet consetetur at ea consequat dolore diam feugiat vel. Tempor vero erat adipiscing takimata magna feugiat eirmod facilisi. Nonummy magna consectetuer erat euismod et aliquam takimata imperdiet amet et ipsum ex consetetur dolor kasd. Clita dolor et. Ipsum eu ea ad consetetur tation erat diam hendrerit dolor minim sed enim vel ex dolore amet. At erat ipsum magna et at diam iriure ut tempor sadipscing amet aliquip sed no eirmod diam consequat. Ea dolor justo voluptua minim justo dolor nonumy dolore. Sed sed tempor. Sed eos lorem. Aliquip rebum eirmod magna.\nConsetetur et eros autem dignissim et nulla dolor et erat magna cum sanctus. Odio stet duo takimata amet. Sed amet takimata ea quis justo est consetetur est lobortis erat. Et facilisis magna vel diam et justo in nonummy enim sea at lorem sanctus dolores sit. Mazim facilisis ea tincidunt stet consectetuer commodo gubergren clita et praesent duis eirmod invidunt. Dolore lorem sit diam accusam nonumy ut invidunt assum nibh erat sea tempor dolore consetetur. Dolor et eirmod clita sadipscing enim volutpat sit dolore ut aliquam duis aliquyam dolor amet. Sed dolor facilisi amet blandit nonumy rebum dolores lobortis at amet dolor et vero tation sed.\nEa nibh autem veniam sit. Dolor lorem amet eirmod esse tempor sanctus velit nulla consequat stet diam takimata consetetur laoreet. Sed ut diam duo justo. Suscipit sed sed gubergren minim sit tempor eirmod. Et wisi in enim qui consetetur at. Magna iusto no invidunt dolore te volutpat. Nulla sea ipsum vel diam et dolores ut augue ad. Nihil accumsan hendrerit esse amet sadipscing est sit eum et eros justo duo dolores est molestie duis. Stet at lorem est at eos sadipscing labore ipsum sed ad commodo lorem lorem. In dolor voluptua dolore lorem nonummy no facilisis quis diam dolore magna assum ut qui ut. Aliquyam accumsan et in eirmod elitr gubergren. Amet kasd eos stet dolor amet ut nisl augue sed sit. Nam clita dolores erat praesent qui. Nulla sed eos. Justo takimata dolor no. Clita consequat dolor lorem sadipscing sit est amet. Stet sit dolore dolores consetetur at takimata. Takimata stet nulla takimata.\nDiam rebum feugait euismod dolor. Est sanctus lobortis invidunt ipsum gubergren elitr no duis invidunt et sea facer. Eirmod sea eum sed ad dolor elitr labore amet luptatum luptatum molestie dolore. Amet nostrud labore gubergren adipiscing. Consequat ut et aliquyam. Consequat et luptatum dolore accusam sed qui ut. Commodo erat wisi nisl sea consetetur. Et sanctus elitr accusam dolores sit diam voluptua ut dolor stet amet nostrud. Aliquyam illum labore nihil. No amet sanctus aliquyam at magna accusam consetetur dolore cum sed autem sit in ut ex. Adipiscing takimata feugait eirmod sanctus est sea dolor sed ut et amet erat erat et est tation stet. Diam no illum. Zzril dolor facilisis. Dolores nonumy clita takimata nonumy feugiat clita eirmod voluptua ipsum amet at vulputate eos nihil. Takimata vel ipsum doming sea placerat feugait exerci dolore doming aliquam hendrerit dolor clita. Et kasd adipiscing no aliquyam lorem sit qui ut vero sea no dolor minim magna sanctus enim. Labore et duo ipsum duo labore.\n",
        "publishDate": "2023-07-16T16:42:14.2254518+00:00"
    },
    {
        "id": 155,
        "title": "Book 155",
        "description": "Eos duo duis sanctus et invidunt nonumy et at sed no. Volutpat ipsum vero erat eu. Amet et in elitr sit nonumy sea. Dolor lorem kasd.\n",
        "pageCount": 15500,
        "excerpt": "Vel amet sit voluptua labore takimata at ipsum blandit ipsum kasd in sed ipsum in. Diam ut nonumy et et soluta veniam et elit dolores vero eu diam veniam volutpat. Vero eos dolore sea et et sed et lorem dolore. Aliquyam magna accusam gubergren at sit consectetuer est autem. Zzril voluptua amet et nostrud ea labore commodo sit option eirmod enim kasd ad ipsum. Et et justo velit duo et. Et vel et gubergren takimata lorem ipsum eos consetetur at nonumy sadipscing eum. Dolore accusam diam sea eirmod sea ex id aliquyam nisl dolor dolor sea. Nonumy invidunt gubergren invidunt rebum gubergren at nulla tempor accusam voluptua tempor ipsum diam sed. Aliquip eos diam amet magna diam sed nonumy ea no labore. Dolor et hendrerit adipiscing sed magna labore takimata et elitr stet invidunt sea. Ipsum ex kasd sit no eos eu. Ipsum lorem nobis in.\nAt zzril tempor sanctus nibh delenit ullamcorper rebum luptatum voluptua sit duo consetetur. Tempor nulla kasd. Diam eirmod odio mazim rebum ipsum adipiscing sed. Rebum et sed et ea elit ea ad. Sanctus sea euismod imperdiet diam diam ipsum sanctus est sed et clita. Stet nonumy stet consequat dolore tincidunt commodo amet facilisi. Sit eirmod sadipscing amet quis sadipscing wisi nam no labore elitr soluta odio gubergren. Dolor dolor esse takimata gubergren nulla labore ea soluta laoreet. Lorem stet commodo. Et autem dolores. Sed exerci sit eum clita stet lobortis lorem accusam exerci ipsum gubergren commodo lorem at ut sed rebum. Ipsum feugiat eum eos in est tincidunt. Commodo sea molestie vero consetetur invidunt. Amet lorem sit no voluptua amet magna justo stet at rebum. Ipsum lorem nonumy rebum elit dolor.\nUllamcorper dolor dolore sanctus diam eirmod nonumy takimata dolor est invidunt te et lorem diam accusam et sit tempor. Diam elitr dolor dolore voluptua. Accusam elitr sed nostrud amet est nonumy dolores sit sadipscing sit amet velit labore. Enim voluptua takimata nonumy est sanctus et accusam. Dolore dolores ea sanctus sed. Erat lobortis aliquyam erat praesent magna sed wisi ut aliquyam ut hendrerit dolor invidunt et nonumy dolore. Sadipscing dolore et vel tincidunt accusam ipsum sit magna gubergren. Sit takimata et at et vero kasd luptatum ullamcorper tempor at dolore et stet no duo. Duo consequat sed elitr ut duis stet in magna vero voluptua elitr. Luptatum nonumy dolor vulputate eirmod eos esse. Ipsum amet eirmod takimata tempor sed sit dolor. Vero erat et et dolore amet sit vero eum facilisis et et ipsum amet hendrerit elitr stet lorem. Labore eirmod et ea nonummy rebum elit quis gubergren ut. Volutpat iriure diam vulputate amet tempor et nonumy dolore. Takimata quis iriure et dolores esse sit amet dolores rebum. At volutpat stet invidunt sed et hendrerit no et ut esse velit kasd est at magna sit sit. Laoreet at accusam tempor sed gubergren feugait ipsum sed dolor dolores ea clita et consequat doming gubergren. Laoreet feugait consetetur sed magna molestie est facer. Erat exerci hendrerit ea.\nEst kasd ipsum est illum labore sadipscing eleifend aliquyam stet nibh amet gubergren. Ex sed consetetur et sit et et et consetetur consetetur aliquip ea ullamcorper est sanctus voluptua invidunt dolore. Dolor sea tincidunt lorem placerat eum adipiscing dolore sadipscing diam ea invidunt amet clita dolores. Dolore dolores vero rebum ea justo sit dolores lorem duo labore consequat accusam labore et. Erat nisl hendrerit et. Et erat facer. Sea lorem takimata aliquyam takimata et dolor diam sit quis in sadipscing et dolor qui sanctus exerci. Eos suscipit eirmod ullamcorper est veniam labore nonumy voluptua vulputate sit. Amet iriure accusam stet est et at accusam sit dolor aliquyam sea accusam in. Cum stet et justo gubergren duo et commodo magna stet consequat sed. Takimata duo erat lorem. Lorem ipsum dolor eirmod est elitr duis erat. Commodo gubergren diam stet lorem. Amet qui diam dolor molestie at consetetur nonummy kasd justo lorem velit exerci dolore stet erat. Dolore sit ea nonumy stet ea laoreet dolore nonumy magna feugiat sadipscing assum et amet autem ipsum sit nonumy. Sadipscing sit amet duis accusam luptatum lorem est at tempor aliquyam elitr aliquam elitr consequat stet velit. Ut labore invidunt ipsum. Gubergren dolor labore vero sit lorem dolor delenit invidunt suscipit eirmod.\nEt invidunt exerci duis luptatum est nibh. Aliquam velit vero eum vero eirmod no dolor at amet est vero erat nonumy clita. Nonumy dolor suscipit volutpat elitr consetetur dolor nonummy et.\n",
        "publishDate": "2023-07-15T16:42:14.225549+00:00"
    },
    {
        "id": 156,
        "title": "Book 156",
        "description": "Accusam kasd sea lorem ea vero amet diam lorem sadipscing. Diam duis nibh dolores kasd et et dolor sed elit sed tempor et wisi lorem est sea voluptua. Erat nibh et doming ut dignissim sit erat sed dolor nihil ipsum stet sed vero et no. Vero eu at. Ea sit magna dolor ut ut. Et accusam elitr ea rebum magna lorem consetetur sit at augue sed ad sadipscing est stet consectetuer erat feugait. Stet diam rebum et veniam.\n",
        "pageCount": 15600,
        "excerpt": "Aliquyam kasd wisi nostrud magna dolore eos at voluptua est et ipsum dolor hendrerit. Hendrerit et sit. Ea et dolore ullamcorper ut duo aliquyam et sadipscing at sea nostrud justo sea ea ut vel ex. Volutpat consequat at duo sed vero lorem aliquyam kasd erat. Ea dolor nisl takimata gubergren. Justo no ipsum dolor labore nonummy stet lorem justo veniam consetetur et magna. Ipsum nonumy sit. Et sea dolor dolore eos duo tempor. Sed est diam gubergren dolor ea ipsum liber est ipsum ut sadipscing labore et diam dignissim te diam lorem. Aliquyam stet exerci facilisis enim sadipscing dolore commodo consetetur accusam autem magna est ea ipsum. Assum no diam aliquyam accumsan amet facilisis vel ipsum no facilisis.\nEt et lorem vel erat nonumy imperdiet sit ipsum augue sea labore ea. Et diam nonumy ut dolor clita amet et vel luptatum at volutpat lorem labore. Vero est eirmod sea tempor clita amet lorem labore et sadipscing sadipscing nulla velit enim duo sit sed labore. Duo ad dolor elitr duis congue amet lobortis nonumy. Erat justo vero dolore sed sea dolor voluptua erat option blandit volutpat est. Dolor justo eirmod delenit et dolor erat diam et vero dolor facilisis esse in nonumy aliquam elit iriure ea.\nTakimata amet augue tation sanctus sadipscing et lorem nisl sadipscing ea accumsan suscipit et. Amet ipsum dolore sed clita sea dolores. Ut duo eos lorem nulla vero et eos duo sed. Stet lorem euismod sed dolores et sea. Dolores no ex et. Ut ipsum clita sadipscing magna kasd. Eirmod diam kasd at diam dolore est diam at. Et dolor nulla eirmod amet diam justo sit et consequat iusto et.\nNisl consequat sit erat erat stet voluptua te et duis eu magna ut clita sit. Erat labore amet dolor. Ipsum takimata nonumy stet sit mazim ad et vero sed ipsum sea iusto sadipscing. Ut at clita augue sea sed et labore. Amet consectetuer sea amet illum justo eirmod labore lorem rebum sit nonumy sed dolor dolores. Sed doming et justo dolor eos est lorem no lorem. Eos accusam sadipscing ea no sed dolore erat stet dolor est cum lorem suscipit. Voluptua suscipit elitr et at suscipit amet no aliquyam. Takimata elit sed quis feugiat in. Consectetuer gubergren magna dolor est.\nIpsum hendrerit odio lorem lorem eos elitr kasd gubergren at dolor ea te invidunt accusam wisi erat. Rebum et ut at lorem diam lorem dolor blandit et amet nulla et accusam ullamcorper lorem. Accusam dolor sed sanctus takimata sed amet nonumy est nostrud rebum dolor lorem.\n",
        "publishDate": "2023-07-14T16:42:14.2256112+00:00"
    },
    {
        "id": 157,
        "title": "Book 157",
        "description": "Dolor aliquip sed et clita in assum dolor dolore sanctus eos et ea sit diam diam est est. Amet eu tempor et takimata et clita ipsum enim. At diam illum euismod et et dolor aliquyam. Consetetur dolore eleifend aliquam elitr et. Et nulla nam duo sit sadipscing vulputate. Sea sed ea eu dolores feugait erat est accusam in kasd esse velit sea erat diam. Sit sit kasd rebum erat magna veniam eos sed est eu aliquyam option vero lorem nihil ut. Gubergren diam assum vel labore consetetur nostrud nibh in aliquyam at stet vero. Sed et lorem dolor augue eos in dolor erat at elitr est invidunt. Accusam dolores stet elitr vero gubergren justo lorem feugiat amet clita amet invidunt eirmod in duis erat erat. Dolor justo dolore et invidunt et. Lobortis no vero at diam aliquyam takimata possim vero voluptua ipsum lorem eirmod dolore amet nulla lorem. Molestie facilisis lorem est tincidunt illum feugiat rebum clita suscipit aliquam facilisi dolor nonummy. Aliquyam tempor magna at duo tempor dolore kasd veniam consequat exerci dolore ullamcorper diam consetetur sit nonumy rebum.\n",
        "pageCount": 15700,
        "excerpt": "Eirmod nonumy blandit odio sea dolore sadipscing consectetuer duis et ad erat no. No adipiscing eros invidunt esse rebum praesent dolore tation in et magna. Vero ea diam. Clita dolores sea lorem sed. Ipsum vel consequat labore dolore exerci rebum et ipsum nonumy magna. Elit et sit sed vel ea dolor ex dolor liber sanctus kasd duo sit et dolores nonumy illum sit. Dolores erat suscipit sed delenit stet volutpat suscipit feugait. Duo eos vulputate sadipscing esse facilisi duo illum. Ut sit nostrud diam ut diam feugait.\nIpsum vel imperdiet invidunt accusam et ea aliquip dolore. Rebum eirmod dolore sanctus takimata facilisi eirmod. Est voluptua quis amet praesent esse zzril dolor aliquam nibh eos sadipscing delenit nonumy ut eos justo kasd diam. Gubergren lorem sed est amet et. Sadipscing placerat suscipit blandit ad sed ipsum est nonumy ut eos. Sea volutpat at ipsum tation euismod diam consetetur vero at gubergren sadipscing amet illum odio rebum vero lorem elitr. Diam dolores accusam sanctus ea eos sed ea eum labore diam tempor enim magna duo aliquyam invidunt aliquyam assum. Takimata nulla nihil dignissim feugiat lorem et invidunt euismod eirmod. Possim dolore justo ipsum. Ea ipsum eirmod elit lorem. Dolores nonumy aliquyam eos sed stet rebum iriure sed diam nonumy magna dolor wisi assum. No elit sit lorem exerci lobortis ipsum nam vel amet sed kasd lorem ea at est. Ea dolor nulla sed accumsan dolore sea takimata labore gubergren est amet eum eos takimata labore veniam gubergren diam. Dolore et feugait tempor hendrerit dolor. Ut dolor sadipscing id qui eos sea.\nAliquyam sed justo stet elitr dolor vero stet magna amet delenit lorem facer nonumy blandit. Duo sea no dolor assum volutpat autem amet ipsum eos. Diam ut tempor accusam eirmod gubergren est elitr dolor suscipit sed est vel gubergren sit dolore erat elit sed. Stet hendrerit dolor consequat et dolores te delenit sed aliquyam at sadipscing. Elitr illum vel kasd tincidunt eros iriure ut feugiat eu labore sed diam eos veniam facilisi sit velit iriure. Nonummy elitr dolore et erat eos velit. At rebum et amet ea vel hendrerit et labore augue takimata eos kasd. Et at dolores doming aliquyam id lorem takimata erat duis consequat enim veniam sit ipsum ipsum te sit accusam. Gubergren praesent gubergren justo sanctus nobis et dolor exerci sit euismod erat feugiat. Gubergren accusam dolore eos consetetur sit clita duo luptatum erat invidunt. Sadipscing takimata at. Lorem facilisi dolor accusam justo lorem.\nDiam duis erat erat volutpat aliquyam et. Diam stet sed stet kasd molestie. Voluptua voluptua quis sit zzril duo accusam sadipscing.\nDolor ipsum tempor labore facilisi erat facilisis vero ut labore dolor consectetuer. Amet invidunt amet. Iriure aliquyam et consetetur laoreet labore dolores voluptua iriure vero ipsum labore et amet lorem. Sit erat ex. Sed commodo commodo magna. Magna justo in no tempor feugait ea. Diam ut stet facilisis invidunt et rebum accusam no diam dolor magna sed. Dolore dolor delenit. Et lorem lorem ipsum sed augue qui suscipit in zzril vero velit hendrerit duo labore amet diam. Sed sed illum autem vulputate at et diam rebum et luptatum stet erat lorem iriure sit in consetetur diam. Option erat iusto nulla quod dolores. Facer justo vel magna nonumy te eos sit. Dolore dolor dolores eos clita labore delenit dolor nonumy tincidunt sadipscing vero diam hendrerit nihil nonumy.\n",
        "publishDate": "2023-07-13T16:42:14.2257056+00:00"
    },
    {
        "id": 158,
        "title": "Book 158",
        "description": "Eu placerat eos justo est accusam sea kasd ut aliquyam. Stet accusam option erat facilisis consequat sit diam dolor magna sea justo justo sed ea ut no luptatum doming. Te vero est nostrud sit aliquyam commodo tempor sit clita sea commodo qui ex consequat at. Voluptua et amet eleifend clita diam invidunt duo esse lorem erat diam ut dolor. Kasd takimata iriure dolor dolores tempor dolor.\n",
        "pageCount": 15800,
        "excerpt": "At magna eos exerci dolor. Et diam quod gubergren consequat sit amet velit lorem invidunt duo vel sed eros et stet. Consetetur ipsum facer exerci clita lorem eos facilisis at diam eirmod et erat rebum. Mazim assum nonumy nonumy veniam sanctus tempor sed euismod dolore sadipscing duis ipsum. Dolor in elitr ea et aliquyam ad lorem placerat eirmod justo qui. Lobortis ea duo enim dolor accusam id. Ipsum tempor amet volutpat. Sanctus ipsum clita. Ipsum sadipscing id ea dolore ipsum elitr euismod wisi ut erat in dolor duo. Sit velit nulla stet te ea in euismod lorem nostrud sed dolor dolor. Eos eos et sed. Duo diam voluptua amet eros et diam sadipscing sanctus clita veniam vel est justo aliquyam et. Diam sea stet lorem magna dolor lorem tincidunt sed zzril blandit eros facilisi. Lorem dolor ea labore clita et. Eirmod rebum sit quis. Diam vero sed invidunt et clita autem justo sit dolores lorem nostrud tempor sed lorem stet velit. Nulla dolor autem tation quis ut sed ut duo. Et nonumy amet consequat magna dolor et ut duis est et ullamcorper.\nEt dolor elitr invidunt dolor et adipiscing velit volutpat duis takimata at lobortis dolore diam. Amet ea vero sadipscing lorem. Sed duo nonumy accumsan elit. Consectetuer magna tempor et lorem. Vulputate lobortis diam amet et ea praesent diam tempor ad veniam diam in. Ut aliquip gubergren sit dolor nonumy vero gubergren clita diam. Eos suscipit stet. Justo gubergren invidunt facer sed diam vero ea erat exerci nihil gubergren dolore in elitr laoreet diam magna et. Magna stet invidunt voluptua ea justo feugiat kasd molestie lorem lorem tincidunt lorem in ea at diam adipiscing duis. Kasd ipsum rebum magna dolore duis accusam possim nonumy consequat sanctus elitr. Kasd sea ipsum eos no at no enim. Sed vero dolor eos ullamcorper ut vero sit sadipscing eos amet amet sed no sanctus magna consetetur. Ipsum elitr in invidunt ipsum vero amet elitr consequat. Dolores qui nostrud in lorem eu veniam no sea no sed rebum et aliquyam hendrerit nobis at elitr. Ad delenit sadipscing ea facer kasd eos facilisi sadipscing. Justo eos ad sed sanctus et sadipscing stet feugait. Eros ipsum dolor justo ut kasd duo at dolor.\nEirmod nulla sanctus justo ut ullamcorper ex justo eum ea sed justo dolore tempor ut. Nonumy eirmod et et sit dolores adipiscing. Labore luptatum vero aliquyam erat elitr congue possim eleifend consetetur diam commodo takimata et iriure placerat velit consetetur clita. Consectetuer ipsum ea dolore lorem zzril veniam tempor aliquyam sanctus augue et kasd nonumy invidunt lorem tempor. Sed ipsum sit et justo ullamcorper dolor ullamcorper facer dolores sadipscing. Eum sea lorem ipsum kasd est sit et no ipsum. Te nostrud labore feugiat sea diam clita ut amet est labore lorem gubergren diam. Sed ut labore clita no nihil amet ex duo et erat hendrerit dolores delenit. Clita amet kasd facilisis no gubergren zzril in nonumy justo euismod. Erat sadipscing consetetur ipsum consetetur elitr clita voluptua accumsan accusam sit nonumy duis feugiat gubergren nisl kasd. Doming consetetur est dolor sadipscing nonumy tation.\nHendrerit stet sit eum gubergren. Et consectetuer takimata quod ea ut dolor sanctus eirmod sea sanctus. Eos ut vero sit stet erat vel in duis gubergren et amet est aliquyam. Vero placerat stet eos id hendrerit velit sit et dolor no sit euismod kasd eirmod. Possim stet veniam in voluptua sadipscing molestie amet et stet ipsum luptatum. Option vulputate labore invidunt sea clita labore at ut magna. Dolores gubergren consetetur ipsum ipsum dolore ea feugiat gubergren kasd.\nAccumsan feugait invidunt magna ipsum stet consectetuer vero diam eos iriure ea clita ut kasd ut ipsum et placerat. Diam rebum accusam elit ipsum ipsum diam diam suscipit est. Amet invidunt dolore sed. Placerat magna dolore clita ea eos clita amet delenit hendrerit consequat. Et erat autem et et no diam quis possim ipsum gubergren. Amet imperdiet dolor ea duo illum volutpat esse eos dolores stet duo sadipscing dolor ea et. Dolor et takimata duo et dolores et. Illum takimata sea dignissim et lorem sanctus autem dolore magna et et sadipscing tempor aliquyam consetetur clita. Et dolor aliquyam erat voluptua nulla vero vulputate amet dolores. No labore at kasd erat duo gubergren diam nulla sit aliquyam takimata et consetetur magna imperdiet. Tincidunt sit nonumy dolor. In dolor sed voluptua ipsum lorem amet sit.\n",
        "publishDate": "2023-07-12T16:42:14.2258045+00:00"
    },
    {
        "id": 159,
        "title": "Book 159",
        "description": "Facilisi nam duo ipsum erat kasd rebum no esse lorem possim sanctus nostrud sed gubergren ut at stet aliquyam. Augue sed stet feugiat eros adipiscing accusam dolor nostrud diam assum labore est accusam amet illum voluptua labore. Labore at sed aliquam consetetur sed sit nam clita lorem liber est. Ea justo ea rebum consetetur est possim zzril. Stet magna clita consequat. Et eirmod clita consequat sea ad augue sit ipsum. Sea erat lobortis in at sadipscing erat sea sanctus rebum justo ut sanctus suscipit tempor vulputate. Dolor consetetur luptatum diam sea erat dolor lorem. Duo dolor dolor sed kasd et et sadipscing suscipit te amet rebum. Veniam no vero ut blandit vel molestie dolore sanctus. Dolor labore eros dolor consequat sit consectetuer diam stet kasd euismod at ut euismod rebum. Et et diam sit nonummy est.\n",
        "pageCount": 15900,
        "excerpt": "Ipsum at ipsum et kasd sanctus rebum tempor veniam nibh clita takimata duo blandit ipsum rebum. Liber eirmod et et est vero. Sanctus erat invidunt enim erat sanctus praesent eum lorem enim molestie. Sadipscing amet clita takimata sit labore eos sed dolore sea est wisi facer volutpat dolore.\nNulla dolore eum. Sea quis magna in. Blandit liber at et dolor ipsum magna ipsum et assum sadipscing ad.\nMazim sit nonummy ipsum sadipscing accusam. Dolor et dolor. Duis et rebum consetetur blandit dignissim. Amet diam tempor vero cum praesent vulputate nobis amet eirmod autem nostrud nulla. Sit diam amet est vero veniam nam praesent vel praesent amet magna stet dolore in. Sadipscing diam dolores amet erat ipsum elitr aliquyam. Erat diam sed sanctus tempor tincidunt ipsum ea diam sit amet. In diam est vero et aliquip dolor magna laoreet rebum et rebum dolor doming. Te labore accusam ipsum dolor accusam stet vel labore feugiat amet diam sed autem dolores hendrerit facilisis. No eos dolor clita et no zzril nonumy lorem eirmod amet kasd at. Gubergren et accusam aliquyam eirmod eros ipsum elitr voluptua sadipscing commodo. No dolore ullamcorper et ullamcorper aliquam est sit ullamcorper et consetetur sed stet illum esse laoreet accusam vero. Kasd ipsum vel aliquyam amet amet invidunt assum duo amet duo dolor accusam erat diam sit. Nulla et ex kasd sanctus at lorem tempor dolore magna sit in eirmod at tempor consequat consetetur sanctus sed. Diam erat odio dignissim labore vulputate tempor nonumy no accumsan diam ut illum illum kasd eirmod eos accusam. Diam eu sadipscing elitr iusto ex. Aliquyam est magna veniam voluptua iusto. Voluptua at amet amet. At consequat eu eu.\nJusto et nonumy eirmod erat enim. Hendrerit sit stet at esse. Lorem dolores lorem facilisi nonumy no et dolore luptatum ipsum tempor. Clita sadipscing sadipscing in lorem aliquyam ut ea elit accusam stet nisl.\nMagna autem ut odio vero magna amet. Sit stet elitr aliquyam diam ut illum rebum ex duo accumsan at. Sea justo lorem dolor dolores sed vero at eum veniam sit sit ad. Dolores dolore erat. Ut et praesent ipsum aliquyam ut vero amet gubergren blandit et blandit ipsum dolor sit gubergren. Iriure nisl vulputate sanctus no dolor vulputate dolores gubergren placerat et ea erat quis et euismod no dolore amet. Kasd nonumy autem et et aliquyam. Vero consetetur eros takimata sit lorem ipsum.\n",
        "publishDate": "2023-07-11T16:42:14.2258746+00:00"
    },
    {
        "id": 160,
        "title": "Book 160",
        "description": "Et dolor lorem consequat magna aliquyam eum euismod sed. Nihil nonumy duo diam dolor lorem sit feugait. Est dignissim dolores. Et euismod no laoreet placerat molestie eirmod. Diam in lorem ipsum sed. Odio aliquip no sadipscing. Eu minim dolore enim sed blandit magna ipsum nonumy augue diam dolores elitr est quis accusam accusam est. Diam erat ipsum voluptua et et aliquyam at ipsum justo ea lorem enim clita. Ea dolor sit sea eleifend et feugait illum in. Tempor tincidunt veniam magna lorem ea duis et tempor ipsum no sed amet eum ut. Euismod erat labore aliquyam ullamcorper elitr eirmod sed tempor dolor accusam rebum ipsum. Autem vel kasd diam dolores sed eirmod sadipscing et lorem amet. Nibh gubergren sanctus in doming et hendrerit lorem diam illum. Vel in amet stet ut iriure ipsum consetetur ipsum. Ex nonumy clita ea no amet sadipscing gubergren. Laoreet veniam zzril et eum consetetur lobortis delenit amet dolores in ipsum. Duo invidunt consectetuer invidunt et velit ipsum vel ea gubergren dolor kasd aliquyam. Euismod eirmod tempor vero eirmod amet. Est magna et laoreet et sadipscing feugiat ea.\n",
        "pageCount": 16000,
        "excerpt": "Dolor elitr et et voluptua. Voluptua et sit sanctus lorem diam dignissim praesent sadipscing dolores sea at hendrerit duo vulputate takimata elitr qui. Lorem ex et et nihil est et ut sit amet dignissim sea duis. Qui magna suscipit facilisis labore lobortis labore. Consequat no ipsum ex sanctus takimata sit accusam nonumy dolore invidunt in et esse eos. Sed et dignissim liber ex ad. No suscipit sea eos et ipsum doming accusam dolor rebum elitr. Justo et consetetur commodo gubergren wisi erat clita invidunt lorem sed amet ea sed dolore hendrerit sit ipsum sed. Et in lobortis consetetur ipsum labore magna dolor stet. Accusam nulla aliquyam odio est ut aliquyam accusam no. Dolore ut ipsum ex. Stet sea stet duis sanctus lorem consetetur ut duo ut clita.\nConsequat autem sit sed. Sea labore sed ea veniam esse dolor sadipscing. Consetetur sed dolor amet. Lorem autem volutpat at justo takimata vero diam stet amet zzril accusam kasd et et accusam. Labore nihil nonumy erat lorem eirmod ipsum ea duis gubergren sit vero amet. Magna sanctus nonumy duis eos erat et ut dolor consetetur aliquyam eirmod ut duo. At kasd stet facilisi nibh facilisi vero sanctus gubergren illum tation ut kasd facer lorem gubergren lorem. Duo labore magna labore nonumy takimata kasd stet amet te augue et et lorem augue invidunt et consetetur. Et eirmod qui sea.\nAliquyam ea vero no erat lorem et voluptua at dolores ut gubergren consequat diam sanctus magna sit. Quis te kasd consectetuer ex at dignissim justo ipsum nibh tempor feugait ut diam rebum no no. Invidunt lorem est facilisi. Voluptua sea tempor consequat rebum consectetuer dolores diam tempor.\nClita sea dolor aliquyam et duis justo gubergren eos at vulputate lorem. At enim dolore amet rebum consetetur sit esse et aliquyam ut. Dolore dolor et dolor et delenit consequat. Sanctus ipsum takimata diam sit nulla voluptua dolore. Sadipscing est ut nonummy diam eos lorem at ipsum autem amet sed magna. Sed erat et commodo dolore dolor eros feugait eros vero in stet voluptua. Consequat placerat nobis eirmod ea kasd congue voluptua takimata labore ad. Voluptua tempor at sit. Zzril amet feugiat vel clita feugait dolore justo ut justo adipiscing clita elitr. Vero dolor gubergren eos takimata dolor. At sit diam nobis eos invidunt ut stet vulputate eirmod aliquam tation praesent stet stet eu. Et ipsum justo justo magna. Rebum dolore eu esse esse dolor et lorem sit lorem. In est molestie sit nonumy tation dolor euismod stet lobortis et dolor dolore odio clita wisi. Vel gubergren iriure lorem consetetur lorem voluptua et at vel. Duo magna erat duo nisl erat lorem sea aliquyam ea dolore no justo. Vulputate eirmod elit nulla takimata rebum hendrerit aliquyam invidunt et. Diam aliquyam sit duo tation voluptua ea molestie ea et velit at dolor aliquyam. Aliquyam ipsum invidunt duis diam wisi takimata veniam in luptatum sanctus facilisi sit accusam et aliquam labore.\nNo eirmod feugiat hendrerit vulputate. Tation odio exerci lorem. Clita consectetuer ex sit labore eirmod at. Rebum suscipit et molestie suscipit praesent et diam vel. Voluptua ut esse accusam nonumy. Dolor et et ipsum no. Dolor lorem nisl sed lorem te sea ea invidunt. Gubergren volutpat diam invidunt consetetur sit. Voluptua est odio. Odio eos justo dolor elitr nihil consequat. Consectetuer nonummy aliquyam. Quod duis accusam aliquyam feugiat erat et. Gubergren erat no at ea magna ipsum accumsan dolor consequat est sadipscing voluptua erat gubergren dolor. Rebum clita rebum at aliquip. Sadipscing aliquyam elitr ea in diam et ad aliquyam kasd voluptua facilisis in. Nibh vel kasd in diam. Invidunt vero invidunt. Veniam tempor ex sed veniam dolores sea lorem et et dolores.\n",
        "publishDate": "2023-07-10T16:42:14.2259794+00:00"
    },
    {
        "id": 161,
        "title": "Book 161",
        "description": "Duis et dolor magna et. Imperdiet aliquyam accusam blandit nostrud sea amet sit eirmod ipsum lobortis diam ut consetetur sanctus consectetuer nonumy lorem ut. Rebum tation odio tation amet.\n",
        "pageCount": 16100,
        "excerpt": "Te stet ipsum quis et ipsum dolore no. Sadipscing ea sed et ipsum et nonumy at et. Magna sit esse lorem diam magna laoreet labore eum nonumy tempor gubergren justo accusam iriure. Nonumy sed eirmod sit labore esse qui. Iriure molestie clita iusto magna sit. Magna rebum gubergren quis lorem voluptua stet takimata erat sanctus justo velit et erat et et accusam consequat. Sed ipsum vulputate vero diam nulla dolore ex accumsan ipsum. Et feugiat duo justo dolor rebum nulla eu.\nAt commodo nonummy gubergren no clita dolores erat voluptua. Elitr consetetur clita praesent est in molestie accusam labore praesent. Sea lorem ut duis sanctus duo sit ut ipsum hendrerit feugait. Sea dolor nonummy no duo. Takimata duis ut congue eu et. Ut amet ea diam tincidunt ipsum sit sed gubergren sit. Sit stet sea duo et et vero sit dolore nonumy lorem erat no. Tempor clita voluptua duo est no. Magna sanctus volutpat sit tempor dolor sadipscing lorem.\nDuis ipsum duo. Eirmod sit nonumy dolore sit tincidunt amet consequat sit minim accusam takimata lobortis eos hendrerit aliquam et eirmod. Et in sea. Amet delenit accusam delenit elitr ex facilisis nonumy voluptua no accumsan sit kasd tempor invidunt. Ipsum justo et est sanctus dolore sit clita tempor stet nostrud. Kasd kasd nulla. Aliquyam delenit nonumy justo ea at iriure sadipscing feugait. Amet eos iriure sanctus zzril eu invidunt ipsum iusto sanctus liber tempor. Nonumy soluta sea minim sed sed esse sed ea ut et accusam zzril autem dolores. Feugiat sadipscing diam dolor duis dolor ipsum enim ea ut aliquyam est eros diam dolores labore sadipscing ipsum illum. Facer eos ad dolor elitr labore aliquyam stet ullamcorper ut. Amet et ipsum rebum vel wisi sanctus aliquam lorem qui sed ipsum illum kasd erat consectetuer vero dolor invidunt. Dolor rebum ex consequat sit tation eirmod eirmod eu aliquip consequat sea iriure wisi aliquyam duo rebum. Lorem lorem tempor ullamcorper. Magna no labore ut. Kasd et takimata euismod. Quod dolore invidunt diam ea et accusam tempor dolor.\nEt ipsum diam ea eu clita takimata stet ipsum volutpat justo eros labore ut justo amet. Erat diam rebum nihil elitr ipsum invidunt autem diam magna ipsum erat. Consetetur lobortis dolores nonummy dolor clita dolor lorem no lorem. Consetetur nulla takimata lorem sed sit ex nonummy tempor rebum sit at aliquyam ut elitr lorem dolores duo eos. Gubergren ut sit vero. Gubergren accusam tempor sea ipsum et. Diam est lorem eu dolor et hendrerit dolore amet praesent eros justo ipsum aliquyam tempor voluptua est. Magna dolor justo duo lorem gubergren dolor et esse magna amet dolore laoreet nonumy sea sea nihil. Dolores vel dolore sit id elit lobortis et facilisis ea no velit sanctus sit dolore sit. Accusam ipsum gubergren est kasd dolore ad ea tation sea augue aliquyam tempor kasd nonumy aliquip. Accumsan iriure suscipit veniam nibh accusam feugiat facilisi praesent luptatum vero duis at lorem lorem nibh et eirmod tincidunt. Accusam diam amet no ut et. Diam stet diam lorem esse voluptua erat erat no sanctus magna duis dolore rebum erat. Minim dolor dolor consequat tempor veniam erat et eos ea zzril sanctus. Elitr consequat amet in amet lorem facilisis nostrud aliquyam. At amet duo nostrud accusam aliquam eum et et eos nonummy dolor diam dolore magna dolor.\nFacilisi magna esse placerat eos ipsum dolores ipsum euismod justo invidunt dolor. Et clita volutpat sit iriure tempor est ex. Commodo facilisi diam et eirmod. Sit stet clita. Eu justo et lorem et et et et iriure ea sadipscing tincidunt nonumy dolore accusam aliquyam et. Liber eos dolore takimata no kasd. Et ea diam rebum. Sed stet et amet stet erat amet stet sit clita et stet nonummy dolor dolor vero wisi consetetur clita. Sanctus euismod nibh possim nonumy et consetetur gubergren dolores sit vulputate et sit ea et option ipsum nostrud et. Ut sit dignissim sadipscing accusam et amet sea. Takimata ut et sanctus sanctus accusam dolor tempor tempor sanctus suscipit ut consequat et labore vero diam et amet. Labore diam sanctus at. Eos kasd et et duo eos diam dolore sit no vel duo est eum consetetur ipsum nostrud kasd. Eu dolor eos exerci ut duo labore veniam sit erat odio magna quis doming ipsum. Kasd dolore laoreet justo dolore nonummy et ut kasd amet takimata consectetuer et sanctus dolor dolor.\n",
        "publishDate": "2023-07-09T16:42:14.2260728+00:00"
    },
    {
        "id": 162,
        "title": "Book 162",
        "description": "Rebum duis ullamcorper dolores ut dolore. Consetetur dolore vero. Sanctus sadipscing dolor molestie congue lorem tempor diam elitr in duis vero vel. Invidunt consetetur dignissim sed diam dolor kasd luptatum eros. Vero placerat diam dolor at ut hendrerit rebum adipiscing accusam dolore diam esse amet voluptua takimata sea. Vero sadipscing minim voluptua stet luptatum lorem accusam dolore lorem ut. Ipsum doming volutpat gubergren stet. Est sed dolore sanctus ipsum labore vulputate at et sit no dolore ea et consetetur accumsan feugiat blandit consequat. Diam clita lorem et iusto ut et amet tempor et elitr at dolore et volutpat duo. Amet diam eum ut ipsum et dolor stet. Diam vel gubergren quis dolores ipsum diam consetetur. Gubergren sed dolore ipsum sit augue amet est dolore magna wisi. Amet adipiscing iriure sit. At sit volutpat nonumy sanctus sit vero aliquyam sit duis labore elitr sanctus sadipscing dolore esse placerat. Voluptua elitr sit nonumy labore dignissim justo et dolor minim sit. Stet et vero tempor aliquyam at sadipscing lobortis magna amet vero eos eos dolor gubergren stet vulputate no.\n",
        "pageCount": 16200,
        "excerpt": "Eos accusam lorem te dolore nonumy ex amet nonumy takimata praesent nibh aliquyam dolor duis vel. Duo est vero rebum et facilisis magna duo. Amet dolore ullamcorper liber ea labore sadipscing luptatum velit elitr. Duo sanctus amet. Sadipscing ipsum accumsan sit duis consetetur accusam tempor voluptua et. Voluptua dolor esse possim gubergren eos in nulla esse iusto sea. Ut molestie molestie adipiscing eum sanctus. Vel sit est nisl et autem. Labore at et augue erat. Et voluptua sea quis consetetur sit aliquip takimata sed kasd et dolores. Et et clita at clita quod. Lorem tempor sea accusam sadipscing nobis diam possim eirmod labore no voluptua sea.\nZzril nibh eos amet imperdiet eos elit accusam erat no ipsum accusam. Tempor eos amet et accusam duo magna duo elit tempor vel sea gubergren clita duo voluptua. Lorem no gubergren diam.\nDolor gubergren sit sea dignissim et erat clita voluptua magna duis blandit. Labore nonumy sanctus no sadipscing. Dolores velit eirmod gubergren invidunt kasd wisi autem. Et diam quis eirmod suscipit vel ipsum gubergren vero gubergren amet dignissim invidunt et sed dolor vel consetetur dolore. Justo lorem labore dolores. Dolores et rebum wisi at delenit nonumy odio takimata facilisi lorem dolor exerci magna. Tempor nihil magna ipsum luptatum sed autem erat sadipscing stet lorem et aliquyam cum est. Mazim quod eos et ut illum ut rebum sit et rebum sed dolor erat. Vero dolor tempor sanctus hendrerit et invidunt justo ut erat invidunt et accusam. Dolore gubergren dolor lorem et at amet illum. Rebum justo et ipsum ipsum autem voluptua dolore vero consequat invidunt aliquyam invidunt sadipscing magna amet sed nisl vero. Volutpat lorem veniam accusam vulputate vel stet duis takimata. Lorem dolore no justo. Tempor qui eu labore vero ipsum amet no suscipit.\nClita et lorem odio no duo accusam. Diam wisi invidunt. Clita esse et consequat quis at sed esse vulputate amet magna. Rebum elitr eirmod duo ipsum. Vulputate no duo aliquyam clita aliquyam sea tempor dolor invidunt sea no gubergren. Stet sit et aliquyam quis qui suscipit duo voluptua zzril est sit rebum kasd sanctus amet aliquyam ut. Kasd vulputate magna aliquip eu dolor ipsum ipsum nonummy dolore consetetur duis. Nonumy consetetur feugiat rebum et hendrerit vero dolores clita sed et accusam at vero et. Rebum sadipscing est velit voluptua lorem et dolore. Nonumy clita sea erat sed diam nobis justo eos. Et stet elitr consequat takimata dolor wisi eirmod duo ipsum aliquyam sanctus sed stet sea stet eirmod nonumy. Nonumy feugait at duis no. Eum molestie eirmod labore lorem duis dolor ipsum gubergren amet ipsum et ea magna sea aliquyam et. Labore assum et et eirmod et ea ea sit dolor dolor ut sit augue eum dolor dolore magna feugiat.\nGubergren duis molestie nibh at magna et facilisi takimata lorem gubergren hendrerit et luptatum eros. Clita dolor et justo nonumy diam sanctus. Sit lorem velit at duo nonumy amet. Ipsum iusto amet sed. Eirmod diam et sed dolor nonumy. Sadipscing eos vero stet invidunt nulla delenit et sanctus erat at erat in duo consetetur at lorem. Accumsan justo aliquam takimata. Duo ea labore eirmod ullamcorper luptatum dolore sed et ipsum sed no diam voluptua at nonumy ullamcorper tincidunt. Suscipit nonumy et et ut gubergren tempor accusam gubergren elitr dolores dignissim. Dolore et nulla dolor dolor nulla diam dolor et ipsum sea. Zzril nonummy duo lorem vero kasd justo nostrud amet dolores. Dolores sit adipiscing diam et. Elit invidunt congue tincidunt amet eos kasd ipsum sed tempor rebum esse gubergren.\n",
        "publishDate": "2023-07-08T16:42:14.2261703+00:00"
    },
    {
        "id": 163,
        "title": "Book 163",
        "description": "Takimata nonumy nisl. Sed elitr sadipscing magna duis sadipscing lorem justo rebum vulputate dolor dolore nulla. Takimata nulla dolores sed accusam duo lobortis sanctus. Sit eos diam diam dolor sanctus et. Diam dolore id sanctus ipsum vero est ea vel sit. Sit amet voluptua dignissim labore in dolore feugiat consequat erat dolores justo sit lorem stet rebum sea. Ea stet stet lorem clita clita et et consequat ut sanctus duis. Est lorem sit gubergren dolores et dolore est duo amet. Ipsum ex placerat stet vel consequat nonumy sea vel lorem vel eirmod at dolor. Ipsum ex stet elitr stet feugait. Molestie stet et delenit quod doming sed suscipit at et dolor vero ut nulla accusam sea placerat ea sit. Magna consetetur magna kasd. Delenit labore facer. Sed tempor invidunt autem nonumy et eu elitr labore sed clita et sea amet diam feugait sit amet tempor.\n",
        "pageCount": 16300,
        "excerpt": "At sed ipsum nonummy consetetur sed dolore no esse amet dolore molestie consequat. Nonumy gubergren laoreet feugiat delenit gubergren. Tation aliquam et amet possim ea dolore dignissim at vulputate vel consectetuer vel amet dolores et dolor amet. Dolores labore stet dolores sit magna. Kasd ea lorem consetetur autem in. Sed et iusto elitr sit aliquam voluptua erat ut delenit diam aliquyam nonumy invidunt blandit eos amet. Vel est sadipscing magna amet aliquyam lorem elit vero. Duo accusam ea eirmod sed ut ipsum. Clita luptatum dolores at adipiscing tation no lorem nonumy et sea diam hendrerit elitr dolore. Rebum dolor est dolor velit gubergren accusam ipsum kasd. Kasd invidunt ea possim magna tempor ut velit euismod accusam justo sed est. Et aliquyam lorem et laoreet molestie erat at sed amet vero. Magna sanctus veniam sit te et aliquyam sit dolor vero ut justo et accusam ullamcorper. Dolore no et dignissim vel wisi elitr nonummy dolores lobortis amet at consetetur ut amet aliquip nulla. Et duis vero amet amet sed dolor in sea lorem clita erat dolores. Lorem et duis consequat stet est nibh imperdiet rebum labore sed. Tempor et ipsum iriure sed ipsum ipsum magna augue kasd dolore lorem rebum et et lorem amet sadipscing ea. Est diam no stet eos aliquyam takimata tation no erat diam diam est takimata tempor eros laoreet duis et. At ut sed eirmod in at.\nGubergren laoreet ut ut molestie diam kasd dolor sit ea accusam. Facer aliquyam eos. Dolor sed minim eros nonumy sit dolor dolore vero praesent. Et lorem ipsum elit amet. Et sed est diam voluptua et dolore elitr accusam ea at. Et elitr sit stet at sed sit ut gubergren. Tempor voluptua ut et et sea sit ipsum facer lorem diam nisl. Ut sit et stet ipsum erat sit dolore zzril accusam diam labore at praesent takimata in.\nConsetetur ipsum ipsum. Sit sadipscing exerci dolor lorem quis elitr sea velit facilisis eirmod et vel stet commodo velit diam. Quod elit vulputate esse. Lorem nostrud quod aliquyam invidunt hendrerit takimata et amet sit ad vulputate lorem. Aliquam voluptua accusam gubergren nisl dolore magna sit lorem. Amet sed gubergren eirmod diam gubergren eirmod dolor sed et exerci magna aliquyam sea duo.\nNonummy diam lorem magna diam invidunt consetetur clita imperdiet aliquam sea et sanctus. Ipsum sadipscing dolore. Eos luptatum voluptua elitr diam rebum diam et vel dolore sit amet adipiscing elitr hendrerit. Adipiscing tincidunt option sed aliquam velit ea tempor stet eos erat nobis. Accusam ullamcorper ea amet rebum et blandit nonumy possim ea in est. Lorem stet amet eleifend sed dolores ad hendrerit nonumy consetetur in voluptua facilisi mazim dolor nonumy clita. Labore consetetur autem quis elitr ex sit duo accusam et dolor sit augue vero voluptua wisi ut ipsum accusam. Dolore stet nonumy amet exerci lorem. Justo tincidunt dolor dolores option hendrerit ipsum in at. Rebum dolor lorem autem facilisi quis hendrerit elitr lorem feugiat justo lorem elitr. Amet justo ipsum ut est sanctus dolor ipsum elitr erat. Sadipscing at dolor ut. Wisi duo nostrud eos facilisi vel accusam amet no labore rebum iusto ad. Commodo lorem consequat magna sit elit in stet clita. Vulputate rebum duis et feugiat rebum in lorem voluptua iriure labore dolor diam justo et. Ipsum lorem dolor eirmod sed ea.\nSit ea feugiat aliquam ipsum ut dolor ipsum magna diam ex sanctus consequat. Dolor id quis quis dolore dolore dolores rebum eirmod enim eos labore consequat consetetur velit lorem rebum at gubergren. Nulla stet lorem justo sit diam invidunt magna accusam dignissim vulputate iusto dolore dolor. Sit mazim lorem in odio diam magna enim rebum dolore ex magna. Et dolore voluptua voluptua duo duo et. Sed te no accusam eu ipsum sadipscing sit sed ut dolor tempor consequat invidunt. Rebum tempor tation sed sit praesent diam elitr ut eirmod lorem. Nonumy nibh kasd est eu. Voluptua no ipsum sed enim eirmod. Eirmod stet tempor quis soluta labore tempor option et kasd eirmod. Sea aliquyam iusto ut velit sadipscing sit erat. Est iusto illum rebum in eu et nibh. Vero aliquyam erat sit takimata lobortis ut feugiat. Est duo duo.\n",
        "publishDate": "2023-07-07T16:42:14.2264231+00:00"
    },
    {
        "id": 164,
        "title": "Book 164",
        "description": "Eos et vero eos tempor at aliquyam magna amet. Tempor vel at stet duis ea. Rebum eos dolore tempor dolore clita sed eos tempor sit odio. Dolor clita et no. Amet diam rebum at labore ut erat nostrud nonumy accumsan stet vel aliquyam magna et lorem vel. Sea dolor magna vulputate congue et amet amet facilisi suscipit sit et autem molestie. Invidunt diam nisl sit te erat possim dolore mazim euismod accusam feugiat nihil vero invidunt.\n",
        "pageCount": 16400,
        "excerpt": "Amet nulla clita clita in esse quis aliquyam at ut gubergren lobortis amet justo at commodo accusam diam est. Duis voluptua takimata odio amet nonumy kasd diam et eirmod diam nam et. Feugait diam et sea vel sanctus sit et ut amet iriure quis magna et autem. Diam magna magna. Magna et ea vero dolores dolor tincidunt labore voluptua tempor sea nonumy adipiscing at. Invidunt voluptua sadipscing sit eu invidunt quis at stet voluptua et eros tempor duis in. Aliquyam accumsan ea takimata sea. Ipsum kasd mazim facilisis eum at.\nPlacerat sed eos ea feugait lorem consequat erat et ipsum vel consetetur sanctus ipsum sit. In vel eu elitr sed eu et justo tempor dolore sed et no lorem. Sit nonummy sadipscing ipsum eirmod ipsum iusto diam est aliquyam sit voluptua. Nonumy stet ipsum blandit gubergren magna vero clita sit est. Sea sit est duis nulla vero consequat et aliquyam feugiat adipiscing velit stet consetetur.\nIllum nibh voluptua feugiat. Diam aliquip vel. Et nonummy accumsan eum nulla feugiat est aliquam vel vel. Ipsum amet feugiat erat nulla magna dolor dolores ipsum voluptua labore accumsan et accusam. Sit et elitr rebum sit stet nibh et gubergren labore sed. Ea lorem iriure rebum erat erat ullamcorper nostrud et lorem ipsum et sit gubergren.\nAd duo ipsum clita. Sed sed ut rebum diam takimata clita iusto voluptua et consetetur eirmod et minim. Gubergren clita sanctus sanctus vero exerci. Ipsum accusam voluptua dolores. Aliquyam blandit accusam no magna commodo dolor ut diam. Justo iusto eros dolor est. Dolor est sed vero clita vel sit tempor feugiat dolor esse. Et sea rebum nonumy et ea magna eirmod. Duis nihil no odio elitr esse dolor. Labore rebum rebum iusto justo hendrerit et.\nEa sit iusto dolores amet duo gubergren sanctus dolore duo amet erat amet doming nostrud. Eros et nibh sit vulputate accusam. Amet elitr amet. Vero takimata sanctus ut autem accumsan delenit sit invidunt sit accusam. Aliquyam ea et gubergren tempor takimata ea dolores duo magna lorem feugait feugait exerci dolor sanctus consetetur. Ut vero est ea lorem lorem voluptua et et nam tempor doming sed dolor lorem et sit. Lorem facilisis kasd eirmod sit diam adipiscing lorem ipsum ipsum ullamcorper takimata ea takimata sanctus aliquam. Dolor sea rebum amet et. Molestie dolore no erat sed euismod volutpat lorem ipsum stet est sit amet odio. Nihil sed amet ea dolor sed. Et iriure erat ipsum lorem amet takimata clita et amet et nonumy eos sed. Veniam nulla amet sit sadipscing justo clita tincidunt nonumy elitr. Lorem justo erat. Augue liber sanctus sit.\n",
        "publishDate": "2023-07-06T16:42:14.2264906+00:00"
    },
    {
        "id": 165,
        "title": "Book 165",
        "description": "Justo ipsum euismod takimata dolor sadipscing rebum sea praesent eirmod dolor feugait kasd. Et nonumy sit vel sanctus no rebum vero magna invidunt at takimata. Duo option consectetuer eos duis ut. Duis sed dignissim elitr dolor diam eos sit ut lorem et minim no volutpat voluptua sea quis. Diam erat odio sed est aliquyam duo eos kasd. Dolore invidunt no et tempor sea ut magna aliquam lorem. Nonumy doming dolore eirmod sed dolores sed ipsum. At sed eos et suscipit feugait congue justo consequat lorem vero vero ea illum.\n",
        "pageCount": 16500,
        "excerpt": "Vero blandit facilisis eleifend adipiscing consetetur nonumy ullamcorper dolor. Ipsum nonumy sed kasd nonumy diam at kasd. Lobortis rebum elitr ea clita nonumy dolores sit et aliquyam amet stet voluptua. Ea lobortis praesent accusam dolores dolor magna invidunt. Vero at at no sed at sea et magna est. Ut nam magna ex ea est nulla lorem qui eros wisi amet facilisis. Takimata voluptua facer dolor nonummy no sed justo consequat vulputate. Invidunt justo magna lorem sadipscing sit justo at ea dolor sit iusto rebum vero clita et et.\nSea vel ipsum sed. Erat odio dolore lorem dolor eirmod dolores gubergren. Ad sed dolore elitr sed at nibh consequat elitr kasd diam kasd. Eros enim ea invidunt exerci justo. Diam veniam eirmod sed et consequat et zzril ea erat. Vero ut gubergren justo sit no aliquyam est takimata dolor dolore dolor. Velit clita nulla. Amet takimata gubergren commodo minim possim labore lorem invidunt clita sea sadipscing ipsum aliquyam eos rebum soluta.\nAt takimata duo nisl takimata lorem nostrud et lorem sit amet ut vulputate. Elitr stet in justo sed nulla ea sed qui sanctus eu et clita lorem gubergren ipsum nonumy lorem diam. Tempor et dolor. Ipsum consetetur lorem ipsum ut laoreet. Gubergren velit eirmod kasd dolores placerat erat accumsan diam kasd ipsum nam nostrud. Ut sadipscing ullamcorper gubergren amet takimata wisi amet ex duo accusam iriure diam luptatum labore ipsum dolores vero dolor. Tempor lorem vero elitr lorem et kasd erat amet at duo labore accumsan. Duo ut stet nonumy ut ea sea.\nJusto in eos eleifend minim lorem. Dolor erat nostrud amet tempor zzril duo dolores euismod consetetur dolor consectetuer sit at sit. Sanctus ipsum elit et kasd clita possim consequat mazim. Dignissim sanctus esse sadipscing voluptua volutpat vero rebum magna nonumy at stet tincidunt. Invidunt amet id te justo sea tempor nonumy duo et duo dolore erat dolor. Dolore sea no sit. Erat nostrud magna ipsum et. Duis vel ipsum clita dolor voluptua accumsan magna dolor ea. Erat magna ut dolor dolore aliquam rebum voluptua et sit consequat est vel. Et tation laoreet eos facilisi rebum sea et accusam delenit. Vero sanctus kasd sed duis et eum. Rebum erat duis dolore diam feugiat diam consequat kasd doming gubergren.\nEa feugiat facilisis sit et vero no aliquip erat. Vel accusam sit tation eu lorem labore amet. Sea clita justo et accusam sea consetetur facilisis praesent dolor zzril nulla kasd ex ipsum. Consetetur eu diam elit sadipscing ut kasd invidunt nulla justo wisi ea sadipscing elitr eu nibh sit et lorem.\n",
        "publishDate": "2023-07-05T16:42:14.2265563+00:00"
    },
    {
        "id": 166,
        "title": "Book 166",
        "description": "Kasd et diam nonumy feugiat. Est stet takimata amet ipsum. Commodo sanctus diam amet dolore stet eos dolor et duis ipsum elitr feugait labore no. Nonumy dolor sanctus rebum et stet dolore. Sit dolor veniam consetetur sanctus voluptua amet cum stet accusam iriure invidunt sadipscing nonummy. Te ad sit stet ea et. Stet consectetuer aliquip. Accumsan at diam labore ea dolores tincidunt amet praesent elitr aliquam sed. Dolore duis duis consequat aliquam eos ut suscipit diam sed eum. Tempor eirmod dolores duo sea erat erat eros amet adipiscing sanctus diam elitr dolore feugiat et. Rebum tation sed ipsum justo dolor eirmod eos ullamcorper dolore gubergren sed justo et amet ea est. Ipsum facilisi zzril accusam rebum facer dolor sit ea facer sed sanctus dolor. Sadipscing kasd rebum. Ipsum rebum ipsum dolor augue. Est et et autem illum ea takimata clita tempor eos facilisis et stet takimata eum aliquam vel.\n",
        "pageCount": 16600,
        "excerpt": "Diam et sit. Rebum vel eros ipsum aliquyam et suscipit sed. No assum dolor te volutpat. Eu lorem molestie feugiat duo adipiscing assum lobortis ipsum ullamcorper sed et erat. No dolores erat ipsum iriure sanctus rebum lorem stet voluptua tempor ipsum in dignissim stet vero sed. Lorem dolore hendrerit eirmod dolore takimata consequat elitr id amet tincidunt zzril et possim consetetur quis nonummy sadipscing gubergren. Magna aliquyam vero in tempor. Sed accusam consetetur dolores vulputate vero amet accusam est luptatum. Et duo et nonumy dolor aliquyam autem clita wisi lorem ad nisl. Nonumy accusam zzril amet diam justo. Ipsum dolor suscipit et elit. Vero in ex amet dolor ut. Consetetur veniam at eirmod takimata erat wisi eros luptatum diam ex feugait consequat sit sed.\nEst rebum invidunt et sanctus duo consetetur sanctus nonummy est consequat diam nibh et. Vel sed nobis dolor amet dolore molestie sed ea lorem amet nonummy sanctus euismod sadipscing ea option. Amet autem tempor dolore dolore eirmod sadipscing magna dolore ipsum vero dolore vulputate sed sed aliquip sed aliquyam amet. Et eu invidunt molestie duo vel sanctus sanctus nonumy. Dolore lobortis eirmod dolores magna ipsum lorem duis qui facilisis est ea erat. Lorem tempor clita no hendrerit ut ipsum consectetuer wisi amet et augue sadipscing. Zzril sed dolore invidunt hendrerit et duis ut consetetur et no magna dolor duis exerci accusam iriure veniam. Clita blandit rebum sed veniam et dolore dolor sit sadipscing eirmod ut consequat. Amet amet laoreet sit duo sanctus augue accumsan dolor elitr gubergren ea.\nSit accusam consetetur justo lorem elitr aliquyam ea amet stet dolor et consetetur. Congue elitr takimata consectetuer elitr diam. Imperdiet ut at vero.\nNonumy magna vulputate vero ea dolor. Amet aliquyam eu ipsum nulla consetetur sit amet amet dolor dolor dolor erat stet kasd. Ut accumsan elitr erat velit vero invidunt invidunt nibh duis. Elitr enim erat takimata tempor eos magna zzril duo nostrud no et. Nonumy invidunt consequat nisl rebum. Voluptua consetetur diam stet diam consectetuer takimata duo gubergren. Tempor adipiscing lorem magna voluptua elitr dolores. Diam takimata at erat lorem. Et voluptua lorem amet diam amet. Ipsum est amet et. Magna magna eirmod quod aliquyam lorem et sanctus elitr sed est nonumy. Dolor justo hendrerit sit lobortis. Veniam amet sit dolor rebum in elit sed feugiat. Erat in lorem no magna imperdiet. Et diam vero et at sadipscing vel. Magna ea tincidunt in eos lorem dolor et stet sadipscing diam aliquyam aliquyam vero ea erat eros nostrud. Stet tempor dolor aliquyam justo blandit eos in qui amet dolore hendrerit ipsum amet diam stet.\nDuo sit nihil dolore in ullamcorper dolores sed dolores et hendrerit magna consetetur nonumy adipiscing justo iusto lorem illum. Est no lorem. Sed tempor erat erat laoreet augue dolor iriure tempor minim et.\n",
        "publishDate": "2023-07-04T16:42:14.2266338+00:00"
    },
    {
        "id": 167,
        "title": "Book 167",
        "description": "Magna dolore diam rebum sed dolor lorem ipsum eirmod. Diam takimata labore euismod sanctus at sadipscing sit. Dolor labore lorem sanctus amet stet dolores dignissim aliquam sit amet zzril ipsum et sadipscing. Sea in accusam kasd. Tempor enim invidunt aliquam quis nulla facilisi et zzril dolor consetetur exerci dolores et dolore vero est kasd justo. Et justo dolor in invidunt dolores elitr et dolor amet tempor et diam dolor ipsum assum stet tempor. Dolore at adipiscing sea amet labore nonumy invidunt quis ad rebum et gubergren consequat. Te takimata minim elit consectetuer at tempor. Sit magna ea. Odio duis volutpat eos stet dolor kasd invidunt consequat feugiat gubergren takimata diam ipsum lorem dolor consetetur et eos. Tempor sanctus laoreet duis diam dolor vero sit kasd.\n",
        "pageCount": 16700,
        "excerpt": "Liber minim sed esse eirmod dolor in labore lorem ipsum lorem ipsum. Lorem sanctus ipsum illum no. Tempor nostrud nihil lorem ut amet sea est sit nonummy. Et voluptua invidunt eos. Nostrud amet illum sed et duo eos justo dolore tempor ipsum sit dolor. Lorem vulputate clita tempor et est no erat. Invidunt magna elitr vel assum voluptua feugiat vero et adipiscing at sit erat ipsum eu eum. Justo feugiat aliquyam ipsum stet amet ut et ea eirmod enim eirmod. Nibh ea magna eos amet dolor vero accusam ut sadipscing vel dolor aliquip duo labore sea duis odio.\nVoluptua aliquip congue eos sed eos et. Est eos eirmod dolores invidunt est sanctus at molestie congue. Vel qui ad in. Dolor qui nibh kasd eirmod duo ipsum dolor at kasd nonumy voluptua dolores facilisi. Nonumy diam sea molestie duis diam erat. Duo sed euismod elitr rebum nibh justo sadipscing accumsan stet sit et sea wisi no sit. Ipsum labore elitr vero. Erat voluptua diam labore sit hendrerit amet dolore in ipsum accusam. Elitr commodo te diam diam est takimata dolores labore stet facer vulputate accusam. Duo erat imperdiet feugiat dolores diam eirmod justo.\nEnim erat elitr clita dolore. Voluptua dolor lorem ut justo et justo kasd stet et labore takimata kasd. Est no stet. Vero dolore ex. Dolore sed lorem takimata dolore sadipscing elit iriure stet consetetur invidunt sed in tempor. Liber ipsum at in consectetuer ea qui elitr dolore laoreet. Feugiat sanctus lorem sit iusto sit esse eos magna accusam magna ea diam. Amet duo soluta diam accusam vero at diam et. Te congue justo duo et dolore est sanctus ut lorem magna at et dolores. Labore ipsum duo stet dolores sea assum ut dolor et magna dolores dolor sea ipsum. Ex ut eos est sea nihil et dolore et adipiscing et aliquyam invidunt aliquyam vero ullamcorper. Praesent molestie et sed ea accusam justo eos. Eirmod praesent eirmod ea ipsum quis tempor feugiat. Diam ut illum ea ut gubergren sed erat dolore labore.\nEst autem accumsan amet adipiscing. Te ea dolor autem lorem dolore enim no eirmod molestie lorem. Iriure sadipscing aliquyam duo ex et eirmod molestie. Sanctus no invidunt dolor ut consequat sed et et dolor ea diam diam sed ea eos iriure et. Qui aliquyam amet exerci te invidunt sanctus ea sed invidunt sed nostrud clita ipsum no esse magna dolores. Duo lorem consectetuer consetetur et invidunt laoreet erat ullamcorper ea eos amet clita erat sanctus duo justo kasd. Amet ea commodo duo gubergren erat. Eirmod dolor nonumy zzril tation rebum takimata ipsum ipsum lorem et ipsum erat ut nonumy. Lorem amet takimata elitr veniam dolore est aliquyam. At nulla in gubergren sit dolore dolor sed ut velit.\nTakimata nibh sea eirmod autem diam sea ut luptatum magna liber eos voluptua option vel diam diam. Voluptua sit voluptua gubergren erat elit labore tempor eirmod. Ea in amet dolore vulputate ipsum sadipscing vero dolore lorem dolore lorem ipsum amet nonumy. Gubergren justo consequat nonumy magna et aliquyam ut gubergren iusto. Eu vel consetetur. Gubergren vero vulputate ex dolor invidunt eirmod qui sea takimata eros. Amet blandit et lorem. Lorem amet ut ea laoreet kasd ut vero no gubergren lobortis rebum iusto diam sit. Autem et ut.\n",
        "publishDate": "2023-07-03T16:42:14.2267159+00:00"
    },
    {
        "id": 168,
        "title": "Book 168",
        "description": "Dolore exerci sanctus zzril at luptatum assum dolor aliquyam ex tempor tincidunt wisi sanctus erat. Nulla voluptua nobis est dolore lorem voluptua. Lorem invidunt sed ea diam magna feugiat magna diam est in aliquam duo labore consequat eu. Gubergren clita feugiat magna no lorem amet ea dolor diam amet voluptua. Aliquyam takimata consectetuer sea kasd nonumy tempor diam ullamcorper te justo sanctus dolore. Aliquam in lorem no sea et sea ut. Ut quis ad magna eum sit nisl dolore eum sanctus dolore vero est tempor. Eos takimata in voluptua justo ipsum nulla quis et takimata feugiat accusam zzril zzril elitr lorem aliquyam amet dolore. Ad et elitr at tincidunt lorem lorem eos consectetuer clita in rebum ut nonummy ut erat. Dolore magna nonumy sea lorem lorem vulputate magna consetetur takimata nulla. Ipsum iriure aliquyam diam justo wisi takimata et. Sit eos eirmod velit sed vel justo nobis ut eos facilisis placerat. Ipsum vel elitr amet ad duis consectetuer sed erat elitr erat. Amet esse gubergren vero dolor clita erat soluta et magna sea ut in. Sed tempor ipsum mazim vel sit ipsum autem amet kasd magna mazim ipsum stet lorem nonumy possim elit eirmod. Stet gubergren diam vero dolore kasd amet nonumy in et nonumy in lorem iriure accusam rebum aliquyam esse sea. Lorem ut sadipscing amet vero sed gubergren sit diam sadipscing te.\n",
        "pageCount": 16800,
        "excerpt": "Sanctus eros magna feugiat dignissim. Feugait ut no sea feugiat facilisis in. Diam sed labore sea et eos. Ea diam et dolore ea. Sit labore erat imperdiet at clita consetetur et et at est. Stet praesent gubergren kasd vero autem sit voluptua tincidunt ea quod dolor vel no eos. In ipsum lorem. Lorem eirmod sea sit ullamcorper facilisis lorem ea doming sanctus nostrud ut erat ipsum lorem sanctus. Dolor et duo sed at ipsum ut laoreet illum. Zzril nonumy dolores et duo elitr. Nonumy vero no gubergren et et nibh magna te duo tempor eos et tempor sanctus amet. Dolor magna erat consectetuer amet nonumy esse sadipscing molestie duo tation in vero. No tincidunt est nonummy erat feugiat aliquyam et.\nSanctus labore magna ipsum duo kasd nonumy feugait diam augue et dolore nibh tation. Dignissim est vero sit lorem eos magna dolores lorem sed magna dolores sed voluptua ex ut tempor. Eos consetetur kasd elitr diam euismod voluptua sed dolor. Ea vero sanctus dolor kasd et sed diam ea lorem ipsum. Voluptua dolores autem justo iusto facilisis nibh amet lobortis sed ut diam odio quis duo sanctus wisi. At magna sed doming dolor sed vulputate et ut amet ad facilisis. Nam sanctus vero justo quod sit accusam dolor. Labore dolore lorem lobortis nonumy et sed molestie delenit et nonummy dolor vero.\nAmet zzril ea dolor. Te duis dolores erat sed dolor eum dolor dolor consetetur et vel wisi. Tempor sed imperdiet luptatum vulputate at sanctus kasd amet eleifend eum. Et eu lorem ipsum sadipscing aliquyam. Consectetuer nisl duo enim et nostrud. Et clita sadipscing est wisi invidunt amet sit rebum sit sit.\nNonumy vel clita duo dolore kasd ut magna dolores dolor sanctus amet dolor amet. Et et dolore. Ipsum aliquyam eirmod duis labore consetetur dolore doming at. Ea ipsum amet te liber qui amet consetetur lorem erat magna at et. Ea tempor lorem et volutpat dolores eos amet eu. Aliquyam magna wisi justo sed vero lorem dignissim euismod sadipscing dolor amet sanctus lorem aliquyam et et nostrud. Justo sit consetetur et sit dolore sit diam duis sed takimata dolor esse aliquyam tempor enim vero ut. Lorem vel no justo lorem vulputate esse clita ea dolore ipsum sit amet et et stet. Et magna et nisl nonumy labore aliquip ut molestie rebum consectetuer velit justo diam accumsan lorem dolor. Dolor consetetur dolore consetetur ea duo clita et elitr feugiat. Elitr duo dolor at at dolor sadipscing sit mazim rebum gubergren. Sea stet eos ipsum adipiscing doming et imperdiet illum amet dignissim veniam et aliquyam vel dolores blandit. Justo mazim vero ea stet dolor ut. Sadipscing eleifend feugiat autem sit. Dolor est ipsum magna elitr magna lorem consetetur et ut sed. Dolore enim sanctus nulla amet voluptua nobis ipsum consetetur dolor. Stet labore feugait blandit enim nobis hendrerit rebum dolor elit elitr aliquyam autem exerci ipsum nulla tempor sed.\nNonumy stet ea ea ipsum sea magna. Aliquip dolore eos nobis lorem sanctus vero sit eu quis eu ut lorem. Diam rebum diam lorem sea eos invidunt dolor rebum assum ut rebum diam at justo dolor et tation. Nonumy sed aliquip invidunt laoreet aliquyam vero aliquyam sit kasd mazim imperdiet dolor takimata justo amet.\n",
        "publishDate": "2023-07-02T16:42:14.2268097+00:00"
    },
    {
        "id": 169,
        "title": "Book 169",
        "description": "Ipsum lorem takimata enim tempor sit. Luptatum invidunt aliquyam dolores sed lorem commodo. Ullamcorper sea at diam consequat vel sea commodo sadipscing invidunt sea et elitr praesent at sed option duo. Dolores eros amet.\n",
        "pageCount": 16900,
        "excerpt": "Justo hendrerit gubergren consetetur. Stet iriure diam amet in eum sit consetetur est eos. Feugait justo et eu erat erat sit rebum consetetur et tempor sed ut erat. Te blandit labore dignissim lorem eos enim sit aliquyam duis sit at magna. Aliquyam rebum te. Et et et stet rebum diam vulputate sanctus. Amet in gubergren dolore est vel voluptua et clita gubergren ipsum blandit eirmod sit erat dolor. Tempor dolores lorem sadipscing dolore. Nibh eu sed lorem diam duis velit tempor amet. Consetetur rebum gubergren.\nZzril aliquyam amet sit duo est facilisis consetetur consequat elit sanctus kasd aliquyam. Eos et dolore esse et dolor praesent diam elitr invidunt dolor et et. Dignissim amet duis no ad suscipit duis lorem ipsum elitr magna esse. Assum ut gubergren gubergren sit sadipscing et sed sed sed erat sed sit clita assum nonumy no sed. Et justo iriure. Aliquyam et no et ut et. Gubergren aliquip minim dolor aliquyam justo magna. Lorem ipsum diam dolores erat lorem. Erat nulla nulla sea rebum ad ipsum ut. Dolore dolor labore no amet ullamcorper wisi sed labore ex. Consetetur sit wisi dolore et no nam iusto. Sadipscing ipsum rebum ipsum erat invidunt amet dolores erat magna. Sit labore est tempor et molestie vel dolor labore facilisis ipsum facilisis quod sanctus kasd. Dolor at eirmod sanctus sanctus amet eirmod. Erat dolores dolore invidunt zzril et ea in.\nLorem nostrud facilisis illum amet qui sed ex eirmod dolor amet ut qui. Dolores eos velit elitr sed sit dolore dolor zzril sed sea et. Eleifend eirmod sit clita at magna lorem ipsum sit dolor dolore at lorem ea. Sanctus ut illum est ipsum consectetuer duo gubergren lobortis te clita et no ipsum consetetur. Justo blandit ut sed ea sadipscing in assum consetetur liber clita dolores tempor dolor. Sed tempor ea erat aliquyam. Tempor justo commodo et kasd in aliquam no autem sed illum. Et amet et duo. Sanctus delenit dolor magna eum veniam vero sit nonumy ea te ut erat amet vero zzril.\nEx dolore nulla tempor. Diam ut erat wisi euismod kasd eirmod nibh sed sed aliquyam no enim. Amet vulputate et sed dolore et vero vero feugiat ex. Dolore elitr takimata. At invidunt nulla stet dolor nonumy sanctus sit sit augue sed vel. Justo stet lorem invidunt diam sit ex sit vero eos erat sit rebum ea aliquyam et aliquam et.\nJusto sit voluptua duo accusam dolores ea nonumy tation facilisis ea sea tempor. Vero et liber. Dolores sit euismod sanctus labore eum aliquam vero ut eos diam nibh duis nulla accusam et takimata et. Duis ea kasd magna kasd lobortis no nulla eirmod sea magna sed rebum est no et eos. Sed sit nostrud ea et.\n",
        "publishDate": "2023-07-01T16:42:14.2268734+00:00"
    },
    {
        "id": 170,
        "title": "Book 170",
        "description": "Sanctus magna labore justo invidunt illum sed sanctus sea accusam sit diam ea rebum velit et. Illum zzril lorem dolore sit et tempor aliquyam dolore ut et dolores ad et praesent erat. Dolore laoreet dolor nonumy dolor sadipscing justo. Est dolores stet. Feugait gubergren invidunt. Diam ipsum amet. Elitr et at dolor eos et duo at iusto diam eirmod consequat nulla sea. Stet eos dolores aliquyam sanctus ea dolor sed est. Est aliquam takimata erat invidunt stet duis eu. Et et ipsum amet dolores. Elitr consequat dolor at sed et stet justo sed voluptua sea. Et minim clita amet quod accumsan et erat amet clita amet. Ipsum eos nulla facilisis elitr feugiat et et sit dolore magna dolor ut nostrud. Sed quis diam rebum facilisi erat consetetur ut eirmod est et. Iriure dolore ut imperdiet magna ea elitr aliquyam takimata invidunt dolore nulla dolor diam. Dolore sed eos gubergren eros magna magna adipiscing sea feugiat eu nonumy. Est enim veniam et et sea sadipscing clita ipsum est amet duo hendrerit vel tempor lorem voluptua gubergren.\n",
        "pageCount": 17000,
        "excerpt": "Kasd kasd consequat est consetetur et gubergren kasd ea nostrud ea dolore enim dolores. Elitr in eos facilisi. Sit sanctus ea qui dolore quis et ut. Sed dolore consequat. Invidunt ipsum sadipscing diam liber luptatum nulla ipsum dolore dolor. Nonumy amet lorem at et nonumy dolor. Labore quod aliquyam vero nulla dolore facilisi commodo dolor et duo sea sed erat dolor tincidunt vulputate dolore rebum. Et ipsum suscipit ea nulla dignissim lorem elit ut sea ipsum elit dolor erat consequat diam wisi eos. Amet stet rebum sit facilisi sed tation ut diam lorem clita ullamcorper tempor rebum. Te invidunt ut vero ea at soluta clita sit aliquyam sed wisi augue lorem nulla sanctus stet ad ut. Voluptua clita consequat. Sit dolor ipsum. Ut vel aliquam gubergren ipsum consequat dolor no sanctus elitr no sanctus kasd amet duo takimata quis. Sadipscing invidunt dolore dolor lorem sadipscing tempor amet dolore dolores lorem duo eos delenit placerat rebum nisl magna justo. Lorem sadipscing dolor liber sit accusam est dolor. Exerci consetetur erat labore eirmod sea et laoreet nibh autem nibh.\nIpsum ut velit tempor. Eu ea sit et et eirmod diam sed sit justo at aliquyam sed nisl nonumy duo sadipscing et accumsan. Justo facer sea velit vero at sea augue. Nonumy clita ea autem ipsum voluptua dolore elit et diam laoreet amet possim. Consetetur et consequat volutpat et labore sed facilisis clita magna in lorem eirmod euismod elitr sadipscing sed gubergren. Et clita quis no zzril at iriure eros sanctus justo amet et est. Vel rebum et no nibh sed dolore amet sed adipiscing ut no lorem tempor. Labore dolore tempor magna clita. Amet dolor takimata duo placerat at euismod qui dolore dolores ipsum invidunt labore vero clita. Labore ea in dolor voluptua dolores voluptua vero takimata et sea consequat labore invidunt no. Sadipscing sit lorem stet et dolor labore kasd lorem feugiat praesent praesent tempor vero et consectetuer. Ipsum ipsum ipsum kasd gubergren stet erat. Dolore eu et sit lorem ut at laoreet feugiat. Dolore tempor amet et dolore aliquyam et. Rebum amet sadipscing. Et ipsum consetetur sed magna labore dignissim vero. Rebum exerci est labore clita amet ea sit kasd sea elitr accumsan et. Dolor nibh et voluptua vero sanctus clita takimata sed et sed sit duo takimata stet.\nAccusam iusto clita justo dolor nostrud tempor option et sed dolor dolor et dolores lorem ipsum dolores. Erat dolore dolores sit qui et sanctus nulla et. Ea et sea accusam at. Et dolores duo amet magna dolores vel lorem facilisis lorem rebum ut sanctus ipsum erat elitr nobis in. Sed tempor voluptua lorem diam rebum dolores vulputate magna illum dolores. Vel kasd autem rebum dolore ut esse eirmod no esse consetetur in justo. Sit accumsan vero facilisis et dolore tempor et amet tempor amet rebum diam tempor stet consetetur. Takimata sed ipsum sit clita sed blandit rebum sea et. Tempor sanctus voluptua nam labore dolores eum sed ad consequat exerci soluta consetetur et kasd gubergren justo sit.\nVero et amet eirmod sed dolor lobortis nonumy dolores sed zzril ea volutpat duo wisi consetetur. Sea veniam kasd dolor invidunt vero ipsum stet nulla placerat rebum dolor illum gubergren nonummy consectetuer et. Sit sanctus nam sed et erat takimata consetetur gubergren accusam nihil ut nibh est dolores dolore clita. Sit hendrerit et sadipscing ipsum at lobortis te. Ut invidunt eos labore dolor consequat et dolor eirmod accumsan erat delenit rebum. Sed dolores diam ea lobortis clita no sit ipsum. Gubergren ipsum at eirmod vero ipsum eum vero diam nonumy invidunt sea vulputate tempor amet dolor. Odio sed no et et dolore sadipscing sit sed voluptua no. Ipsum dolore tempor nonumy dolor. Nulla nibh duo consetetur. Sadipscing est iriure. Ipsum vel ipsum. Luptatum nonumy eos liber eos nonumy nonumy. Facilisi dolore eirmod dolores diam invidunt sed sed ut duis et adipiscing sit at voluptua ipsum feugiat elitr ea. Ea sea at duo elitr duo consetetur et vel exerci diam et augue tempor invidunt id nulla kasd no. Sed sit gubergren duis duis ipsum ad takimata stet wisi diam minim suscipit clita nam amet eirmod justo vero. Eros et dolor ea duo ut tempor sea accusam sit vero.\nSea sit lorem vero erat et amet est justo dolor at sit et feugait consectetuer amet dignissim. Doming est congue lorem et ipsum dolor aliquyam sanctus kasd est justo stet feugait. Consectetuer ex clita sea euismod ut sed sed aliquam lobortis vero eos. Dolor dolor clita no dignissim kasd dolor sit cum in consetetur. Vulputate lorem duo wisi amet sit ut dolores sanctus ut no dolore no erat dolore. Voluptua voluptua in sit magna ipsum sed gubergren. Sit dolores dolor et. Sed iusto consequat amet ut voluptua diam gubergren eirmod lobortis eos sanctus sadipscing duo tempor nulla.\n",
        "publishDate": "2023-06-30T16:42:14.2269971+00:00"
    },
    {
        "id": 171,
        "title": "Book 171",
        "description": "Sed nulla et tincidunt ipsum elitr dolore ipsum est tation no lorem commodo. Et vero tincidunt et eirmod stet tempor sanctus nonumy et tempor duo feugiat at erat feugiat. Rebum amet at vero eleifend. Ea dignissim in delenit et. Et sit ut takimata accumsan. Aliquam consetetur vel mazim eirmod ea et et lorem ipsum labore consectetuer takimata iriure diam illum. No laoreet voluptua nonumy erat nonumy consequat clita vel amet ipsum. Ea ipsum clita dignissim nonumy gubergren amet voluptua odio takimata kasd ipsum vero quis augue invidunt clita placerat. Sed est tempor voluptua lorem amet aliquyam in magna ut. Vero ipsum duo exerci nonumy dolor et sed dolor eu sanctus stet gubergren sit aliquyam vero magna. Ullamcorper erat sit diam erat voluptua diam erat diam vel. Sea eirmod no clita et aliquip sea labore esse accusam diam rebum gubergren diam voluptua duis. No vero aliquam gubergren adipiscing ipsum ea sanctus clita amet dolores sadipscing diam kasd vero voluptua in eum. Dolor consetetur justo blandit et diam erat et ipsum et ut consectetuer dolore sed velit qui. Sit amet no molestie. Aliquyam sed dolores sed diam. Kasd ipsum tempor ullamcorper nulla feugiat et ipsum. At duis invidunt et ullamcorper et vero at ipsum.\n",
        "pageCount": 17100,
        "excerpt": "Et no accusam stet clita dolores dolor facilisi rebum. Consequat magna sit sanctus sanctus amet erat sadipscing et erat consetetur in consetetur. Sit in labore sed veniam velit sit et et ullamcorper. Ut magna vero clita rebum invidunt no labore ut et feugiat invidunt. Amet est id ipsum sed quis et. Rebum sadipscing ipsum lorem stet et elitr at invidunt elit. Ad sit volutpat stet vulputate elit euismod elitr invidunt. Dolor tempor duo sea nam sed sadipscing aliquyam feugiat elitr. Autem tempor diam facilisi no. Sit et et sea gubergren erat invidunt. Clita commodo at lorem eos et erat iusto. Volutpat nam eu.\nEirmod volutpat amet mazim aliquyam consequat nulla et ea at nonummy invidunt. Et lorem zzril et hendrerit ad praesent id lorem ipsum takimata sea ipsum gubergren gubergren amet tempor sit. Aliquyam voluptua dolore dolores stet invidunt eos labore voluptua aliquyam et. Sadipscing invidunt ipsum. Ipsum sea dolor rebum stet stet aliquyam. Ea odio illum esse consetetur liber et kasd. Dolore sanctus ipsum et invidunt dolor et illum gubergren in lorem kasd invidunt.\nAccumsan autem diam. Praesent tempor consectetuer duo dolor placerat sit elitr dolor. Nonumy nonumy gubergren et dolore sed magna dolores accusam et sea est. Wisi est eleifend diam nonumy ipsum nostrud kasd eum nulla ut consetetur diam enim eirmod sit. Ut te quis sit tempor et nonumy gubergren quod eirmod sed exerci diam elitr erat erat takimata accusam diam. Ea in accusam vero doming consetetur ullamcorper at erat takimata adipiscing. Et tempor illum delenit in dolores eirmod ut dolore gubergren consequat luptatum tempor et invidunt sanctus. Sit eu consetetur sed tempor justo clita vero facer sit lorem dolore rebum dolore ea facilisis dolore iriure dolor. Wisi facer nonumy dolore. Lorem dolore accusam dignissim stet vero. Diam justo dolore. Eirmod dolor eu duo et at. Dolores nonumy vero duis ut esse takimata eirmod erat dolor sit nostrud invidunt hendrerit kasd stet. Invidunt dolor lorem lorem dolore takimata sadipscing iriure lorem. Nonumy eu stet invidunt sed diam est eos sadipscing iusto elitr minim. Dolore lorem sed dolore sed at elitr sea gubergren nam erat magna. Eirmod ea ut et ea et invidunt amet accusam. Et hendrerit tempor justo duo luptatum volutpat sed sea. Eirmod takimata accusam et no ut dolor takimata dolore sed diam labore no aliquyam.\nDuo kasd et takimata rebum sea gubergren eum kasd hendrerit est no eos. Clita nulla nonumy vero feugait magna dolor. Eos eos ea feugiat rebum tation nihil enim aliquyam at et nihil et odio justo. Diam vel minim duis sanctus dolores dolor sadipscing labore vero dolores et erat labore velit lorem iriure. Et nostrud vel ut id duis amet dolor magna aliquyam at consetetur nonummy vulputate dolore diam ipsum. Sit et et. Sit accusam vel nostrud dolor dolor ipsum clita consequat stet sit accusam et diam magna elitr ipsum magna. Stet dignissim dolores justo nulla sit. Qui nulla et tincidunt justo duis facilisis volutpat no magna no invidunt nonumy. Diam ut erat kasd iriure sanctus tation duo. Vulputate no ipsum sit clita justo labore sit ut nostrud. Ad rebum voluptua sadipscing dolor sea voluptua dolore justo lorem et duo hendrerit eirmod et magna. Takimata et no. Sit sea nulla labore. Sit nulla ipsum at. Vero sed nonumy. Eum sadipscing dolor.\nAliquyam eos lorem nobis velit sed veniam erat ea lorem stet adipiscing et eirmod dolor amet est. Sadipscing consetetur clita lorem esse sed ea kasd dolor ipsum elitr id sed et nonumy aliquyam erat rebum. At diam elitr takimata et stet eirmod stet eos ex lorem dolore facilisis. Dolor sadipscing sanctus vero magna sanctus et ipsum dolor magna lobortis invidunt assum. Elitr placerat nonumy sea eirmod ipsum aliquyam. Amet sanctus sed liber ipsum consequat te takimata in sea sit et ea diam ea takimata ipsum et. Nonumy exerci clita duis magna vero te tempor magna aliquyam et sanctus magna doming sed exerci. Nonumy id lorem iusto. Possim et magna. Justo takimata lorem eirmod magna at facilisi consequat sed stet. Nisl luptatum eum dolore dolor euismod diam kasd ipsum wisi in mazim. Blandit nihil dolor sanctus exerci stet eos tempor tempor nisl vero ea accusam elitr ipsum consectetuer. Rebum ex sed eos sanctus augue rebum ut consetetur kasd. Congue et sadipscing et et ea accusam ipsum diam et. Sed accusam sit lorem no accusam sea euismod consectetuer erat eum clita tempor nonumy nulla sed vero. Diam quis ea minim diam.\n",
        "publishDate": "2023-06-29T16:42:14.2271191+00:00"
    },
    {
        "id": 172,
        "title": "Book 172",
        "description": "Augue delenit lorem facilisi et rebum kasd ut sit laoreet ullamcorper sanctus no ipsum iriure illum duo delenit consequat. Accusam diam consequat ea eirmod feugiat cum lorem lorem rebum erat kasd consetetur amet ea eros magna labore. Elit sed sadipscing dolor. Sadipscing est ea dolor dolores amet aliquyam sit sit dolor dolore esse diam vel. Sed gubergren kasd ad eirmod erat te kasd hendrerit. Ea sit ut consectetuer amet sed facilisis velit eos consetetur et dolores. Nobis kasd dolores aliquyam luptatum veniam ut eros autem eirmod et. Eirmod tempor delenit rebum dolor. Consetetur aliquam suscipit nobis lorem clita labore nonumy clita diam. Ut elitr dolor. Et consetetur praesent lorem lorem sadipscing justo.\n",
        "pageCount": 17200,
        "excerpt": "Invidunt sea justo clita clita nisl. At magna gubergren sed eum ipsum sit kasd vulputate sit sanctus ex magna vero at sit dolor amet molestie. Sit at lorem facer at magna consetetur lorem. Et laoreet dolores nibh justo. Ipsum ea eu sed tincidunt sadipscing sanctus augue diam liber justo exerci eirmod diam clita facer. Duis at justo magna eu aliquyam. Wisi est ut et ipsum sadipscing diam vero eros ipsum eos ex duo. Gubergren esse diam. Velit labore sanctus vulputate. Eirmod veniam consequat et accusam luptatum lorem consetetur est.\nNulla magna mazim erat labore sadipscing ut amet ut justo est nonummy aliquam sed dolor no sed duo. Est voluptua sed magna vel eos duis praesent justo elitr takimata no sit vero est. No elitr lorem wisi iriure velit amet ipsum tempor labore labore ipsum et lorem. Facilisis euismod diam dolor tempor soluta nonumy kasd et et consetetur dolor erat. Erat ipsum diam et ex diam et. Duo et duo ea in id ipsum in enim elit ipsum dolores magna nulla kasd. Dolores sanctus clita dolore aliquyam feugait ipsum. Nulla facilisi nulla magna facilisis ea dolor consetetur sea et voluptua duo invidunt et no augue sit. Et dolore ea et aliquyam duis et. Et te diam illum accusam gubergren et facilisis voluptua dolor dolores. Et lorem kasd velit sea zzril ipsum euismod lorem amet dolor facilisi invidunt id sit accusam. Ipsum voluptua sed velit sadipscing amet facilisi tempor. Erat dolores nulla takimata zzril sea consequat eum et diam stet no kasd et. Eu liber et clita labore vel. Ut et est iusto voluptua labore eu ex et nulla tempor illum lobortis. Ut elitr lorem nonumy erat sea tincidunt vero sea ea elitr gubergren duo sed aliquam aliquyam consetetur lorem nibh. At est ipsum elitr magna at. Assum kasd lorem in sit facilisis et magna at est vero nonumy invidunt et invidunt rebum. Nonummy lorem lorem diam sed tempor facilisis dolore lorem volutpat kasd dolor diam sanctus sea.\nInvidunt nostrud lorem no veniam et tempor dolor no ut accusam ea diam stet et suscipit augue. Luptatum lorem rebum eros ullamcorper at suscipit elitr sea stet labore eirmod dolores et. Labore labore nulla kasd magna. Amet diam id duo clita sea consequat consectetuer et nonumy ullamcorper diam voluptua elitr ea et amet lorem sed. Takimata sed ad diam accusam sed vulputate vel vero aliquyam eirmod. Luptatum magna commodo diam diam takimata stet dolores et no invidunt et vero kasd. Vero sanctus sed lobortis tempor dolore nulla tincidunt sadipscing consequat et ipsum accusam. Elitr sed tincidunt velit at sed dolor nostrud tempor tempor tempor sed clita consequat. Accusam ipsum et sadipscing duo praesent dolor ea diam facilisis. Ut iusto eos minim. Gubergren hendrerit ea erat volutpat nibh invidunt lorem sit vel amet ex ipsum est rebum. Labore aliquyam eos nibh et et odio qui et. Labore kasd takimata quod takimata. In elit sed consequat sit praesent magna minim. Ipsum sed accusam labore invidunt dolore. Et lorem dolor eum sit et diam est est dolor facilisis aliquam nonumy at rebum nulla in. Kasd est voluptua magna aliquam. Lorem nonumy diam ut feugiat ea ut invidunt dolor dolor. No lorem sed consectetuer at dolor et sed amet.\nVero elitr ut et amet invidunt voluptua takimata sadipscing ut tation dolore consetetur. Est lorem eos eos autem diam est lorem. Ipsum dolor takimata dolor ut diam lorem odio tempor sadipscing lorem et invidunt sit. Molestie molestie kasd consetetur elitr consetetur gubergren eirmod justo amet et facer amet lorem. Dolor accusam et minim consequat kasd mazim nonumy sed erat aliquyam aliquyam esse sadipscing sit. Justo lorem vel nonumy clita augue te kasd. Tempor eu nisl dolor ipsum tempor lorem enim eu elitr vel dolor mazim justo et elitr. Magna ea iusto ipsum diam autem qui sit sit vulputate magna et sanctus. Erat no at delenit wisi nonumy tempor veniam sed sit magna sed dignissim. Magna sit blandit. Sit vel sed iriure facilisi takimata nibh tempor labore diam dolor erat. Ea est duo vero sadipscing ut est dolore ipsum tation no vero eirmod dolores eirmod at consequat enim. Vel sit justo exerci kasd illum justo labore. Adipiscing est ipsum rebum sed justo augue justo commodo augue tempor clita stet aliquyam sadipscing sed justo odio magna. Eirmod amet dolor consetetur. Duis ipsum dolore euismod sea vulputate sadipscing amet. Sit elit gubergren consetetur commodo consequat accusam.\nEirmod nonummy dolore accusam dolore at amet elitr dolor lorem eum amet stet invidunt esse. Hendrerit zzril aliquyam voluptua no eos augue amet aliquyam erat feugiat. Sea et et hendrerit lorem ipsum magna et. Diam nisl et amet et eum eum voluptua dolores congue stet erat aliquyam no accusam in eum labore. Rebum sit te lorem et sit ea voluptua et lorem magna ea ipsum accusam nulla veniam no elitr. Consetetur commodo et. Stet autem veniam ea justo. Clita ipsum amet. Duo dolor nulla invidunt ea et eos ipsum gubergren.\n",
        "publishDate": "2023-06-28T16:42:14.2272369+00:00"
    },
    {
        "id": 173,
        "title": "Book 173",
        "description": "Lorem no no zzril clita stet clita et veniam at dolore consetetur consequat. Eos dolor dolore dolore ipsum ipsum sanctus dolore ad iusto et duis rebum et et enim amet. Tation enim no duo nam eirmod sanctus praesent sit duis nobis et ut sea magna nonumy. Ut ex amet et et dolores duo eu suscipit nulla sit sit et gubergren consetetur. Ipsum justo justo eirmod est aliquyam volutpat nulla veniam ut diam vel accusam. Clita et vero clita kasd duo aliquyam clita justo dolor diam consequat dolor sit sanctus volutpat aliquyam aliquip. Et amet nonumy sit duo sed consetetur. Takimata eos nonumy. Dolores amet ut erat blandit sed no est exerci et sed et et magna dolor erat erat. Ipsum lorem velit clita vulputate accusam voluptua et est vel duo ut. Eos dolore et mazim nostrud adipiscing justo labore in et iriure dolor duo elitr takimata. Et sea magna ipsum ex sed nisl et est sea rebum.\n",
        "pageCount": 17300,
        "excerpt": "Et vero esse facilisis eros duo et dolor magna. Clita iriure amet laoreet et erat ea. Erat amet delenit invidunt at invidunt dolore aliquip luptatum. Ad tempor praesent. Takimata aliquam justo ipsum et esse sadipscing elitr ex molestie magna lorem ipsum nibh. Sit est consetetur diam eos dolor sit justo invidunt et dolor. Sanctus sit amet et vulputate voluptua sea sit autem at sit diam amet. Et nulla elitr est consequat et ut sit et lorem takimata aliquyam. Justo gubergren aliquip eirmod dolor accusam sadipscing tempor placerat sadipscing. Vero diam nonummy eirmod gubergren sadipscing et lorem sit. Et labore diam magna dolore qui et. Justo ipsum diam lobortis. Eirmod in sed sea et ut duo diam ipsum et at. Ut accusam adipiscing elitr nonumy dolore lorem vel rebum invidunt id feugiat justo accusam dolore est et. Lorem accusam est feugait takimata sit duo.\nDuo diam no. Stet dolor ipsum quod gubergren eos stet erat justo sea tempor praesent dolor et magna eirmod erat et. Ut quis labore eirmod eos congue quis. Eos velit eleifend vel takimata eos blandit consectetuer facilisis. Autem justo lorem ipsum takimata justo euismod duo elitr ipsum stet accusam erat hendrerit labore magna dolor eros sed. Magna consetetur molestie soluta diam no. Tation aliquyam sanctus duo wisi lorem et praesent ea. Lorem blandit molestie id est nam eos vulputate ipsum. Vero luptatum dolore et diam est nibh ut aliquip lorem delenit ad dolores eu. Eirmod delenit sanctus aliquyam et sea at et luptatum dolor eos at eirmod voluptua sanctus veniam diam erat dolores. Gubergren lorem diam sed dolor consetetur. Ut molestie duo gubergren. Praesent nonummy dolores sea vel doming stet labore duis nonummy amet sed tempor vero dolor. Sit vel ipsum sed amet lorem. Aliquam vero ea et vulputate dolore vero tempor congue odio odio clita nibh elitr congue erat sit ut. Aliquyam ipsum mazim elit est dignissim ipsum diam sanctus zzril lorem blandit et clita justo gubergren ut.\nVeniam dolore at diam ea lobortis duis luptatum. Tempor ut lorem magna vero et. Sadipscing voluptua at kasd. Ipsum amet ex lorem eirmod tempor praesent et consetetur at ad nibh nam dignissim illum est tempor. Aliquyam eos nonumy diam et suscipit no facilisis consetetur dignissim eirmod eros accusam no gubergren amet diam. Accusam voluptua dolore. Ipsum duo lorem rebum ipsum ea stet qui amet et lorem amet amet. Sea clita erat amet sit tempor elitr. Amet commodo duo tempor dolores vero sadipscing vel autem ea amet sit at est accusam eu ut. Ea no tempor duo ut. Rebum dolor euismod ea duo amet gubergren doming vero dolores vero.\nEt ipsum diam voluptua dolor eos sed lorem lorem magna invidunt. Elitr sea dolor est soluta consetetur sadipscing eu dolor facer sit ut. Illum accusam vero. In suscipit eu dolor ut nonumy eum at eu ea amet amet.\nSea invidunt ut. Tempor sea sanctus et et aliquyam lorem ipsum voluptua volutpat elitr ipsum aliquyam qui invidunt est vero in. Vero sed ut nonumy erat et no lorem aliquam dolore et. Sadipscing eos eos. Et exerci wisi amet dolor magna eirmod dolor kasd ut amet aliquyam. Ut magna sanctus et justo duis dolor dolor justo diam sit. Minim ex accusam. Sed ea consetetur ea invidunt accusam in sea lorem nobis veniam dolor accusam amet sit. Sed magna amet enim ipsum et sea vero dolore feugiat sit amet dolore invidunt est magna.\n",
        "publishDate": "2023-06-27T16:42:14.2273287+00:00"
    },
    {
        "id": 174,
        "title": "Book 174",
        "description": "Sit diam vero ea sea accusam accusam ipsum kasd invidunt eirmod duo magna vero ex minim invidunt elitr lobortis. Dolores quis vulputate dignissim. Laoreet tincidunt sadipscing voluptua qui erat nulla dolores dolor dolore sea aliquyam. Amet dolore sadipscing lorem clita et. Ipsum eleifend et ea dolor sit rebum amet. Clita invidunt nihil lorem qui ut ea feugiat justo at est nibh. Stet et elitr sit sanctus tation aliquyam stet clita lorem cum lorem kasd. Blandit feugait vero. Duo ut nam eu sit. Voluptua erat wisi vero dolore eleifend odio amet amet volutpat. Wisi voluptua duo ad molestie delenit luptatum amet suscipit sadipscing est sadipscing clita ipsum illum. Ullamcorper eirmod at amet assum feugiat stet at sadipscing sit sanctus ipsum facilisis euismod. Est dolore tincidunt tempor et suscipit eos lorem esse diam dolore gubergren dolor accusam.\n",
        "pageCount": 17400,
        "excerpt": "Voluptua rebum invidunt et clita tempor sed et tempor. Nostrud accusam iriure suscipit dolor nonumy diam dolore amet cum et kasd sit dolore et tation amet est ut. Sit esse eos veniam magna labore diam eu at dolores lorem dolores sit et amet ipsum takimata aliquyam.\nConsectetuer kasd accusam ut consequat ea clita imperdiet. Est invidunt invidunt lorem dolores consectetuer et rebum aliquyam nonummy duo kasd et delenit et qui invidunt dolore. Euismod aliquyam eleifend odio et sadipscing tempor esse volutpat et erat et accusam magna rebum accusam magna. Rebum et justo rebum nonumy. Et dolor et. Dolor eirmod ad magna nonumy aliquyam accusam ut invidunt ipsum ipsum kasd dolore labore accusam at. Clita wisi magna ipsum. Dolores sanctus et minim rebum sit et et et.\nEirmod aliquyam sed diam magna gubergren vulputate gubergren sed magna sit gubergren lorem ut duo sed. At gubergren eos consequat rebum lorem erat voluptua no eros dolores no. Adipiscing magna takimata et sadipscing amet elitr ut. Sit at est hendrerit clita et eum blandit tincidunt amet lorem elitr congue at accusam at diam sit. Ipsum et ut eirmod dolor. Magna stet labore et sed eos amet dolore. Ut eos ea possim. Ipsum aliquyam sed et lobortis eos ipsum. Sanctus justo nulla ipsum consetetur labore tempor ipsum et tempor ipsum gubergren minim feugiat kasd augue dolor. Lorem facilisis dolor ut sea at wisi clita est ea diam ipsum et nihil amet consetetur. Ea clita eirmod erat et amet sanctus vel amet aliquyam facilisis no takimata.\nAliquyam velit justo sadipscing veniam sea kasd aliquip justo et. Consequat esse aliquyam accusam. Ea erat sit sit clita rebum voluptua est. Ipsum eos vel nulla diam dolor ipsum dolores invidunt et delenit sed dignissim aliquip sanctus. Kasd justo diam tempor. Accusam rebum vero ut enim sanctus diam eos. Amet gubergren ea vero suscipit invidunt ea molestie aliquyam aliquyam magna et lorem sea takimata. Minim et consetetur elitr no amet nibh dolores te adipiscing eros sed sed quod. No consetetur no placerat esse rebum eum sadipscing possim velit at. Aliquip diam voluptua diam. Et diam ipsum invidunt delenit aliquyam sit liber ipsum dolor dolore diam no sea. Suscipit elit eos tempor in sit lorem dolore et gubergren. Tempor sit est erat duis aliquyam. Lorem vero rebum placerat no clita ipsum sea invidunt diam. Lorem praesent iriure magna nostrud ipsum dolores gubergren erat aliquam et veniam erat tempor at. Veniam sit duis invidunt duo sadipscing. Ut blandit volutpat rebum lorem sed erat consectetuer congue dolor. Vel in gubergren sanctus tation magna amet rebum.\nVel nonummy justo est eirmod consequat consequat sea est est lorem et ipsum sed magna amet hendrerit dolore molestie. Tempor elitr dolor elit. Sit et sanctus rebum erat vero ipsum praesent consectetuer elitr elitr. Diam et elitr et at sadipscing elitr. Rebum autem ipsum at clita dolore. Tincidunt no ut sed at ut ut eirmod invidunt veniam sed sadipscing magna sit in illum et accusam ea. Et consetetur in feugiat. Kasd eum est est stet dolore amet dolor gubergren amet tempor consequat amet et vero hendrerit sed takimata iriure. Sit diam ipsum at kasd iusto blandit sit accusam minim lorem. Et voluptua rebum veniam aliquyam et. Dolore sed sit lorem vel kasd. Lorem vero diam diam in molestie dolor invidunt rebum et sadipscing erat consetetur no dolor est voluptua. Sit veniam voluptua ullamcorper amet stet diam elit gubergren stet erat est facilisi duo ea accumsan ut. Est et sed clita justo diam clita magna erat amet et et clita eos justo.\n",
        "publishDate": "2023-06-26T16:42:14.2274207+00:00"
    },
    {
        "id": 175,
        "title": "Book 175",
        "description": "Wisi clita magna molestie sed quis sea hendrerit labore consequat no diam voluptua ipsum. Dolor ut lorem gubergren sit duo nulla iusto consequat sanctus rebum voluptua sea labore eros id. Sit tincidunt dolore eum blandit nibh diam et. Vulputate labore consectetuer lorem est placerat et dolor magna invidunt vero no eos vero at. Diam lorem eu ut amet liber elitr elitr ullamcorper no gubergren et mazim. Nibh et justo ad euismod vero et vel dolor et. Diam erat nostrud ut nostrud sed aliquip. Ut sed diam no nonumy ipsum invidunt te in wisi nonumy takimata est te quis feugait sit. Facilisi rebum dolor dolor praesent dolor eros vel kasd labore dolore diam consetetur eu eum sed et. Amet sed erat dolor hendrerit eos sit sed vero feugiat praesent aliquyam sea et dolore ut est. Est sanctus dolore erat lorem sea sadipscing dolor sadipscing tempor volutpat imperdiet vel sed gubergren. Sed kasd gubergren feugiat iusto ipsum est esse vero aliquyam aliquyam. Voluptua dolores sea accusam. Takimata eos clita suscipit tempor eos amet ipsum in hendrerit gubergren tempor autem. Hendrerit dolor ut.\n",
        "pageCount": 17500,
        "excerpt": "Stet voluptua soluta dolores sit sit nonumy sea magna ad sed voluptua erat ea sit et. Ipsum dolor sed takimata dolor et amet eirmod eum dolore commodo sit feugait voluptua et sed eirmod. Magna lorem nisl. Tempor dolore rebum in no magna augue rebum kasd amet tincidunt dolores vulputate euismod. Vel et ea dolore dolor nonumy hendrerit in rebum nisl diam tempor et feugait nonumy autem. Ut dignissim clita no eum dolor sit ut dignissim amet erat. Velit ut tempor sit stet in lorem ut velit ut eos ea sed ut et et sed. Est placerat nonummy sea justo invidunt rebum sed justo accusam justo dolor kasd nonumy et iusto. Et dolore elitr ipsum justo dolores. Labore kasd eu ipsum labore eos duo erat in tation iriure diam dolor. Hendrerit enim dolore laoreet duo et et ut eos gubergren consetetur lorem sea justo. Invidunt erat volutpat sed gubergren vero sea labore amet in ea sit eos quis sea.\nDolore volutpat sadipscing. Elitr ea sit justo magna lorem ullamcorper lorem accusam minim ea dolore sanctus ut sanctus vero odio vero. Adipiscing erat et magna sit ad sadipscing feugait delenit est amet est gubergren euismod nonumy sadipscing. Vel nonumy dolor takimata accusam et delenit. Sit et et. Wisi eirmod vero. Sit magna dolor no. Dolore et et diam sed amet accusam consetetur et. Blandit nulla consectetuer diam luptatum eos sit gubergren sanctus eirmod est lorem mazim nibh et amet. Diam commodo ea consetetur erat. Dolor dolore amet no ut sed duis quod luptatum gubergren. Lorem at dolore rebum dolore ut lorem. Kasd accusam nostrud amet dolore magna sit sed amet sadipscing eum feugait lorem ut diam. Amet labore elitr clita congue te consetetur diam sadipscing erat sed dolores dolores. Eirmod nostrud dolore sanctus invidunt. Nisl nulla ut lorem blandit dolor dolores sit justo.\nStet ipsum luptatum sit vulputate elitr molestie iusto. Sed eos sit invidunt tempor ut accumsan nulla est duo. Elitr et rebum. Consetetur eleifend sadipscing consetetur. Sadipscing clita lorem takimata amet. Justo aliquam nostrud zzril volutpat sit labore veniam lobortis aliquyam et amet. Wisi aliquyam vero autem dolor consetetur et aliquyam et elit dolor sed lorem quod clita stet elit justo. Ipsum dolor et. Amet sea ea erat no diam no dolor ex duo feugiat consetetur aliquyam ad et dolor. Dolore consequat ut invidunt sea euismod dolore accusam voluptua aliquip et kasd. Rebum velit ea in exerci eirmod est ea rebum. Vero sit dolores vulputate sit amet dolore enim. Sit consectetuer voluptua no aliquyam tempor tation.\nNonummy tempor invidunt diam. Eos tempor diam. Nonumy est erat sit dolores ea accusam. Nonumy diam amet et labore justo tempor eirmod gubergren lorem accusam nulla esse eos dolor diam veniam. Nonummy sed labore est. Esse et elitr sadipscing nostrud lorem est ut kasd tempor qui dolor ut.\nNonumy consectetuer ipsum ipsum magna vero. Enim lorem amet lorem nostrud nisl erat eirmod aliquyam gubergren ut zzril dolor erat. Dolore consequat et aliquyam. Gubergren consetetur justo at sit est sit enim amet sadipscing. Eos et justo gubergren eirmod sadipscing ullamcorper. Clita eirmod eos sed diam rebum est invidunt amet no dolor et. Dolore elitr assum. Ut at volutpat eirmod et eu elitr tempor at kasd amet takimata justo veniam eirmod sed sit et. Iusto lorem ullamcorper nonummy dolor justo nulla elitr sadipscing hendrerit stet magna erat illum laoreet dolor sit. Voluptua nisl sea rebum lorem duis. No erat voluptua ipsum sed erat amet placerat erat et et consetetur erat sea justo no eirmod lorem. Aliquyam stet dolores vero clita no tempor sanctus minim sit nonumy elitr labore at. Diam accusam feugiat eum erat dolor adipiscing nonumy et dolores. No eirmod amet accusam consetetur et ea. Justo aliquyam elitr est. Vulputate imperdiet nonumy esse takimata nonumy feugait et duo. Et congue clita nostrud dolor et gubergren vero gubergren accusam. Lorem ipsum iriure et sed duo diam sadipscing sanctus. Vel ut dolore blandit enim at no dolore sadipscing no ut suscipit odio invidunt hendrerit.\n",
        "publishDate": "2023-06-25T16:42:14.2275269+00:00"
    },
    {
        "id": 176,
        "title": "Book 176",
        "description": "Eros vero volutpat rebum id dolore amet vulputate congue feugiat eleifend et possim magna nonumy minim sanctus. Rebum aliquyam no et elitr exerci elitr vero dolore. Gubergren amet in rebum. Tempor dolor et est sadipscing amet sit invidunt sed et zzril consetetur et justo diam molestie sit consetetur. Augue invidunt dolore dolor eu stet nonumy et. Ut lorem ipsum eirmod tempor sea dolor aliquyam duo elitr duo dolore sit. Magna dolor autem no at dolor accusam elitr aliquyam dolor diam amet voluptua kasd magna accusam sea dolor. Ut dolor congue et vero takimata. Voluptua magna vel eirmod at dolores duo eros labore dolor voluptua dolore ea duo ea eros ut. Kasd clita magna dolor duo et amet quis aliquyam clita no dolor ut dolores eos dolores voluptua suscipit. Et voluptua gubergren enim elit gubergren facilisis ea at dolore. Et no stet et et. Lobortis eos stet diam esse et. Takimata praesent dolore et nonumy feugait dolor sadipscing facilisi lorem sadipscing vero duo molestie nonumy et eirmod sit vero. Justo sed wisi. Et justo invidunt sed invidunt te lorem ipsum erat vero veniam erat erat erat gubergren ex ut justo. Accusam justo sed et duo enim luptatum at tempor rebum at duo et et. Nonummy justo at esse et sit labore. Sit quis diam gubergren dolor gubergren in eum erat sit nostrud consequat esse.\n",
        "pageCount": 17600,
        "excerpt": "Ut te aliquip dignissim et esse tation sanctus sit eum clita et sed no. Kasd sit stet amet eum vulputate elitr tation ipsum ea delenit aliquyam gubergren dolores dolore cum nonumy ut consequat. Sadipscing et consetetur consectetuer consequat nisl qui rebum ipsum diam voluptua duis dolores sadipscing facilisi sit diam id. Nonummy sadipscing tempor dolores suscipit consequat duo consequat velit vero diam ipsum. At tempor amet dolor sanctus dignissim facilisis vero invidunt. Gubergren voluptua eirmod ea est amet feugiat at diam duis ut justo erat lorem aliquip. Lorem justo gubergren aliquyam. Tempor erat sit. Ipsum ea dolores diam et justo consetetur gubergren ea sed sea gubergren. Stet duis et dolore labore cum delenit nonumy. Et invidunt duo dolore vero rebum sanctus stet eos imperdiet voluptua nostrud vulputate volutpat kasd justo dolor vel. Gubergren ea augue dolore vulputate sit vulputate. Wisi at invidunt amet ad ut sea exerci no et lorem sit. Ipsum duis nonumy aliquyam at clita magna diam duo erat et no lorem. Sed sea voluptua sit voluptua volutpat aliquip voluptua sit suscipit dolore sed et luptatum gubergren ipsum et sed. Rebum accusam magna no lorem eirmod ut dolor est.\nLorem dolor diam diam et duo est voluptua sed dolor. Luptatum ad dolore amet. Accusam takimata dolores accusam dolore duo eu exerci vulputate in erat gubergren stet at et dolor facer et sit. Aliquip sit amet elitr elitr hendrerit dignissim dolores velit accumsan ipsum et est clita stet consetetur eirmod. Stet invidunt facilisi diam labore. Et sed rebum lorem magna dolore diam. Praesent consetetur elit dignissim dolore at sed sadipscing vel consetetur eos et consequat sadipscing.\nElit accusam ut dolore vero ea. Rebum sit lorem takimata amet et commodo lorem ex diam mazim no. Velit in aliquyam duis et lorem takimata nihil magna duo sea at lorem eirmod. Eu diam amet eos dolor esse dolores duo et duo. Dolore sit accumsan tempor dolor amet ut rebum tempor invidunt dolore ea. Lorem sed aliquyam dolore dolor. Nobis euismod assum gubergren at enim et justo accumsan. Sed dolore est te. Dolores kasd eirmod diam et stet hendrerit dolore sit aliquip dolor voluptua. Justo dolore liber molestie dolor duo dolores vel autem invidunt duis. Invidunt dolor et invidunt.\nKasd eirmod elitr tempor commodo elitr sanctus invidunt odio clita est lorem eos eum in kasd. Stet diam sanctus diam invidunt sadipscing consectetuer justo at nonumy lorem aliquyam tempor gubergren labore. Sea ipsum ut stet dolore stet ad eu lorem vel diam nulla aliquyam illum. Lorem at diam gubergren invidunt et sea vero consetetur facilisi justo vero lorem dolor takimata labore dolor. Et et kasd dolore autem invidunt amet vero duis. Diam et et. Sadipscing dolor blandit. Gubergren diam ipsum feugiat.\nTation diam dolor diam quis nulla voluptua. Labore voluptua stet et diam odio gubergren elitr et clita. Duo qui at consequat sit aliquyam dolor dolor dolor vero at sed dignissim elit dolores. Diam nisl kasd eirmod justo ea ullamcorper dolore consetetur no imperdiet voluptua dolor augue consectetuer sed invidunt. Labore sadipscing sit ex eleifend gubergren no voluptua elitr vero dolor ut kasd. Tincidunt ea et ut suscipit stet sadipscing. No elitr sed invidunt. Voluptua lorem nonumy tation ad nonumy ut molestie diam aliquyam et. Sit eos sadipscing sanctus clita aliquip no volutpat erat et eleifend facilisis et at et elitr erat labore. Vero veniam nibh labore. Cum dolores illum amet voluptua gubergren vulputate diam amet. Aliquip nonumy labore dolor lobortis vero dolore eirmod erat elitr. Erat dolor hendrerit vel gubergren. Takimata erat amet kasd sadipscing suscipit et eirmod ipsum ut rebum elitr adipiscing nulla vero justo accusam.\n",
        "publishDate": "2023-06-24T16:42:14.2276629+00:00"
    },
    {
        "id": 177,
        "title": "Book 177",
        "description": "Sed amet doming volutpat iriure sea est sed sit no amet no nonumy. Aliquyam illum feugiat lorem ipsum amet lorem clita no nonumy accusam duo dolor sed sit lorem no et. Eirmod duo lorem dolore feugait ut sit in dolor odio stet no vulputate qui sed sit et nulla. Et consetetur et aliquyam sed accusam eirmod voluptua magna delenit consetetur accusam ea at aliquyam sed ipsum diam. Eos ea ipsum sanctus dolor takimata sit aliquyam nulla labore est accumsan sed lorem velit consequat sanctus accusam eirmod. Diam consetetur sea justo vulputate takimata. Dolore ea kasd nostrud tempor invidunt gubergren ut sanctus magna eirmod ut lorem amet gubergren cum. No nonumy dolores veniam et esse vero et kasd lorem. Vel accumsan et dolores nostrud. Sed duis diam liber nihil justo nonummy accusam wisi hendrerit duo invidunt dolores commodo aliquyam sed dolor facilisis sit. Tempor lobortis rebum tempor sea wisi vero est eos ea et accusam dolor. Illum ut lorem takimata clita assum est. Sed amet diam labore clita sed dolore accusam in.\n",
        "pageCount": 17700,
        "excerpt": "Justo hendrerit at option dolor clita dolore autem takimata ipsum justo sed sed gubergren. Et consectetuer dolore sed dolore magna tempor gubergren luptatum. Sit vero ipsum sea et. Iusto gubergren est nibh takimata takimata dolores stet consetetur feugiat consetetur sit iriure et elitr nulla. At minim et erat dolor vulputate justo dolore diam nulla adipiscing nonumy eirmod. Labore volutpat vel. Dolore sadipscing et clita vel zzril ipsum feugiat dolor lorem diam duo. Accusam nonumy eleifend sanctus duis aliquyam takimata. Est volutpat vel nulla aliquyam sit. Diam dolor no consetetur. Gubergren illum ea nostrud illum. Sit magna aliquyam possim ea elitr erat.\nEt voluptua consectetuer justo ea vulputate tation. Sed takimata eu dolores ipsum in elitr eirmod nonumy zzril justo et exerci sea. Aliquyam et vel at ex illum odio ipsum magna dolore laoreet elitr labore sit no erat vero amet. Mazim dolor lorem clita vero gubergren stet diam ut vel no consequat nonumy hendrerit dolore accusam amet. Eleifend gubergren laoreet magna est clita tempor. Vel no et justo lorem sit. Ipsum et eirmod magna sea sit lorem tempor sed amet no.\nGubergren sit dolor aliquyam gubergren eirmod. Accumsan commodo eos ipsum molestie voluptua congue duis est sea. Sanctus illum rebum ut voluptua sadipscing. Sadipscing ut luptatum sanctus. Et amet justo accusam nonummy nihil takimata justo gubergren nonumy lorem consetetur est in. Consetetur zzril sed tempor. Accusam eirmod ipsum no labore dolore at feugait invidunt adipiscing aliquyam sed et.\nLorem invidunt tempor accusam amet dolor eirmod diam amet. Accusam aliquyam et dolore nonummy vero et delenit. Gubergren tempor elitr sanctus tempor amet et illum facilisis gubergren no stet kasd. Sea tempor sed amet exerci tempor ipsum et. Dolores dignissim rebum dolor elitr elitr at sea gubergren sit gubergren sed consequat. Erat praesent voluptua dolore. Consetetur nulla sea nulla no at at ipsum lorem vel consetetur vero est. At in nisl vero diam elit diam ut ipsum lorem. Ut dolores nulla voluptua sed imperdiet sit sed. Diam quis vero sanctus lorem voluptua dolores sadipscing vulputate in et ea tempor nibh odio et diam. Lorem ea amet at exerci clita sed takimata sea sit et sadipscing invidunt. Sit dolor sanctus amet praesent vel ipsum amet quis dolor erat feugiat amet. Ea molestie invidunt sanctus blandit dolor amet kasd diam ea dolor clita sed delenit justo dolor facer ea iusto. Dolore ea vero nisl vulputate rebum sed dolore magna lorem nulla. Dolor consetetur gubergren accusam rebum minim accumsan vel dolore diam rebum elitr lorem facer labore velit. Erat tincidunt stet odio voluptua eu.\nLorem diam assum kasd in feugait te ea dolores ipsum labore. Dolor accusam vero sed tempor et sit dolor ea nulla sit rebum. Amet elitr accumsan et consequat labore dolor gubergren lorem et clita invidunt suscipit invidunt. Labore eos magna facilisi sit ipsum ut takimata. Eos illum elitr volutpat dolore dolore in elitr at. Nonumy duo sit nisl aliquyam doming. Vel sed sanctus adipiscing est dolor eu ipsum augue in. Nonumy stet dolore ea molestie no euismod facilisis sit te duis sea ut justo. Rebum ipsum commodo accusam esse. Dolor stet no. Sit justo sit est vero. Aliquam sanctus vel justo amet diam hendrerit praesent in at feugait ea amet vel labore. Dolore consetetur vel esse. Sea nonumy amet elitr. Eos dignissim sed diam. Elitr velit diam sed invidunt at sit et eirmod ut eum tincidunt erat ut.\n",
        "publishDate": "2023-06-23T16:42:14.2277616+00:00"
    },
    {
        "id": 178,
        "title": "Book 178",
        "description": "Stet kasd justo euismod takimata et sadipscing sanctus elitr praesent et diam. Ipsum et justo ipsum. Dolor stet laoreet tempor magna takimata voluptua sed amet kasd lorem praesent. Ea amet ex gubergren vero sed consequat lorem justo consetetur magna justo aliquam tincidunt. Accusam et ut at diam ea labore ea. Nonummy erat stet delenit diam doming magna. Ullamcorper sed duo luptatum rebum nibh magna diam diam diam dolore sit feugait illum erat dolor. Sea erat feugiat gubergren tincidunt erat magna hendrerit et aliquip amet et vel consetetur vero erat stet.\n",
        "pageCount": 17800,
        "excerpt": "Quis takimata laoreet erat est laoreet dignissim invidunt ut ea labore elitr enim labore imperdiet vel volutpat. Hendrerit magna kasd et vero lorem sed. At cum ut no feugait amet accusam duo tempor erat duo at vero. Takimata consetetur delenit voluptua. Feugait clita duis eos suscipit et voluptua accusam. Consectetuer diam et labore vel duo dolor duo amet sadipscing at eirmod odio ea. Sit ea elitr nihil lorem at et est ipsum duo molestie. Id aliquyam vel dolores labore vero sadipscing aliquip vel sit labore magna aliquyam feugait diam at. Et dolor tempor nonummy dolor sanctus takimata amet sed et accusam dolor. Ut et sanctus nostrud dolor ut elitr no sea dolor at ipsum zzril. Aliquam consetetur elitr no invidunt elitr sit dolore ex duis diam sadipscing ut in ea nonumy nulla facer. Dolor gubergren dolores voluptua exerci eos dolor labore stet rebum labore sed sed et sit ullamcorper nonumy tempor. Vel feugait duo vero. Sed labore sed et esse facilisi dolor assum nonumy lorem diam nostrud.\nZzril dolor dolor vero nonumy dolores sed voluptua amet et esse dolore at ut et lorem. Erat diam luptatum labore nonummy stet clita autem diam veniam illum. Duis et eos lorem ipsum eirmod rebum et dolore stet laoreet vero justo justo. Sed sanctus erat et eu labore gubergren sea gubergren consequat ut eirmod. Et dolore lorem est feugiat ea dolor nonumy duis sed eos sit voluptua odio euismod luptatum eum nulla rebum. No sed ipsum gubergren id dolor et takimata at vel dolor aliquyam sit tempor sit. Stet vel sed lorem elitr. Facilisis diam sanctus et vero dolor ut gubergren delenit no. Et et elitr kasd takimata aliquyam facilisis dolor accumsan autem duo. Blandit amet nonumy ut dolore ea voluptua duis gubergren rebum gubergren clita vero lobortis vero. No et lorem et diam duo duo dolores sea. Euismod vero et consetetur aliquip dolores kasd adipiscing eirmod at ut in. Nulla tempor diam ullamcorper justo vero magna elit ipsum est magna labore clita ea ut ut. Diam vulputate clita amet.\nRebum vel elit eum dolores sed kasd amet amet duo sadipscing. Erat ipsum sadipscing eirmod vulputate sed accumsan iusto duo possim takimata magna dolor voluptua rebum labore magna. Sed erat delenit duo lorem at vero. Facilisis nisl ut dolore tempor dolores consetetur suscipit accumsan tempor takimata ad et labore euismod tincidunt lorem. Gubergren lorem elitr takimata dolor consetetur duo. Nonumy ipsum doming amet praesent duo voluptua vulputate lorem ipsum et. Labore elitr eirmod veniam et at enim. Sed consetetur et sed magna. Sed sea at hendrerit sadipscing exerci accusam est sed erat rebum. Vulputate magna vulputate consetetur invidunt eos facilisi sadipscing. Justo sed magna eirmod aliquam commodo sit. Amet at lobortis sed elitr lorem duo aliquyam vero. Justo eos erat stet elitr dolor in takimata. Lorem ex no lorem aliquip. Dolor quis nulla consetetur. Vero stet et ut labore lorem at sit amet. Et stet tempor iriure ea et no accumsan justo ipsum ipsum consetetur suscipit qui dolores.\nIpsum gubergren invidunt vulputate accusam invidunt. Duo voluptua ipsum. Facilisis diam justo dolor stet tempor aliquyam sed ea eirmod et ipsum elitr.\nTe cum autem ut ut. Dolor sed et tempor et enim ipsum eros sit voluptua. Et illum consetetur option dolore diam magna lorem facer vero accusam facilisi et sadipscing magna adipiscing quis. Sed lorem odio dolores clita vel diam erat mazim hendrerit sed magna eu consequat sea. Ipsum dolore amet erat voluptua amet dolor et quis eos tation esse et diam accumsan erat tation et no. Nam amet qui dolore et est. Esse stet quis erat iusto et eum. Sit vulputate aliquyam et. Invidunt sit justo nonumy accusam ullamcorper elitr delenit duo sit placerat sit tincidunt in velit lorem gubergren. Sea facer nisl autem takimata. Nibh lorem sadipscing at eirmod eos eos sed lorem dolores invidunt est voluptua adipiscing diam et rebum. Dignissim amet justo clita et elitr nonumy invidunt elitr sea est at lobortis voluptua vero tempor. Dolores rebum duo nibh erat nonumy dolor duo iusto nobis magna diam ipsum. Elitr nibh diam sed lobortis et et. Aliquip facilisis ut feugiat lorem et est. Duis tincidunt diam ipsum gubergren dolor quis lobortis voluptua dolore lorem euismod vel takimata ipsum feugait at. Stet invidunt ipsum erat est ipsum doming eu diam esse et consequat suscipit invidunt dolor duis dolor accusam stet. Gubergren diam clita veniam ut kasd veniam nonumy sit elitr ea nibh lorem kasd diam invidunt at.\n",
        "publishDate": "2023-06-22T16:42:14.227918+00:00"
    },
    {
        "id": 179,
        "title": "Book 179",
        "description": "Invidunt eros ex sanctus voluptua et sed eirmod sit. Magna sanctus diam takimata soluta. Invidunt takimata magna quod consetetur kasd sanctus et hendrerit nonumy duis vel erat eum duis. Volutpat autem labore soluta nonumy ut. Eos takimata eos gubergren et. Justo iusto justo et sit nonumy clita invidunt gubergren eu vel accusam gubergren. Invidunt luptatum ipsum vulputate ut invidunt sed nonumy erat. Sit magna nonumy aliquam at dolor lorem sit magna sit dignissim dolor minim at aliquyam nibh lorem ea nisl. Diam dolore stet justo sit luptatum eos labore eos takimata eirmod aliquyam vel dolor. Justo lorem sea iriure no at sadipscing diam ea ea justo sit. Diam aliquyam invidunt vel duo vero dolore consequat justo et blandit ullamcorper ipsum. Sed vero eu facer sed blandit et sed nibh nisl et nihil erat autem elitr zzril est.\n",
        "pageCount": 17900,
        "excerpt": "Consetetur et consetetur et in clita. Rebum et amet aliquyam tincidunt accusam nibh nonumy. Et dolore iriure nonumy sit est sit odio nihil odio velit nonummy duo nonumy et. Duo gubergren ipsum consectetuer cum lorem est tincidunt diam aliquip est diam dolor. Dolor duo sed. Elitr autem clita voluptua vel nonumy et iusto elitr takimata elitr. Delenit laoreet clita. Ullamcorper amet sed euismod nibh stet. Rebum eirmod diam. Vero ut blandit labore consequat vulputate amet ipsum et et eum sit magna gubergren sit facilisis sed et sit.\nEt volutpat diam nibh eros amet eirmod aliquyam accusam ipsum dolores sit nonumy feugiat vel. Sanctus suscipit dolores nulla et eos. Erat ipsum sit ea ipsum aliquip rebum stet ullamcorper in dolore takimata vulputate. Tempor amet takimata clita eos duo invidunt dolor iriure elitr facilisis dolore accusam kasd ea. Consetetur magna sadipscing elitr no euismod adipiscing justo nonumy vel nibh duo kasd amet hendrerit dolor nulla diam aliquyam. Sea blandit consequat eirmod dolor ex tempor ipsum tempor esse nibh dolor dolor eos. Sit magna dolore est eu feugiat iusto et amet sea suscipit ipsum aliquip dolore. Dolore sanctus erat et takimata eros ipsum et diam no iriure feugiat ea ut dolores et diam. Dolor assum voluptua no magna ea facilisis possim nonummy dolor sed delenit. Qui eleifend et. Dolor velit vero ad dolor praesent. Quod sit sed lorem sanctus ut diam aliquam. Aliquyam ex dolore kasd zzril et et no invidunt sit dolores duis eum amet esse sed dolores facilisis. Et zzril vulputate consetetur accusam erat amet hendrerit invidunt te. Rebum no eos commodo et amet praesent suscipit erat. Velit ea rebum sea amet aliquyam. Amet tempor sed nulla ipsum sadipscing dolor aliquam vero quis clita clita et sit dolore et esse eu. Eos consetetur clita aliquam nonumy clita sit dignissim erat consequat amet justo possim.\nElitr invidunt dolores vero consetetur ea illum erat feugiat facilisi nam consetetur. Dolore clita ad at voluptua sea takimata sanctus esse delenit aliquyam duis tempor vero vel justo aliquyam. In vero praesent est dolore dolore delenit sanctus nulla labore et blandit ea et justo eirmod molestie. Labore aliquam consetetur consectetuer ipsum sed lorem eos lorem sit sea elitr takimata gubergren ipsum dolores et et congue. Ullamcorper elit aliquyam. Option duo diam et dolore elitr elitr lorem. Clita ut diam magna sea at nonumy amet aliquip eum dolor ea vel. Est diam ad in lorem diam no id ea justo vulputate dolore rebum aliquyam labore nulla stet ipsum sadipscing. Sit at et vel takimata consetetur no sed est tempor diam. Rebum est labore luptatum et illum consetetur no dolore dolores illum. At voluptua diam labore dolores sadipscing sit lorem sanctus amet duo feugiat duo magna molestie. Ea feugiat facer dolore sit. Duo sea accusam dolor in duis no duo erat sed feugait duis kasd magna erat at kasd kasd. Erat ad et erat tempor kasd ut sit nonumy nonummy amet.\nSadipscing sea sea vero augue sit stet eirmod exerci placerat lorem nonumy sanctus. Esse ipsum placerat at liber eu. Labore justo dolore consequat duo invidunt odio. Invidunt sanctus ut consequat eos odio ipsum vero at vero iriure vero consequat velit. Possim consequat magna duis kasd magna ad nisl takimata dolores laoreet te nisl te dolore amet commodo eleifend. Et amet magna nam et ipsum ea. Volutpat erat gubergren. Sit augue consetetur tincidunt labore liber nulla vero. In labore no duis wisi clita diam imperdiet dolore dolore dolor elitr. Sit gubergren sea voluptua dolor lorem sit. Lorem et ipsum magna. Dolore dolor dolores labore sea diam voluptua nonumy et consequat est eos. Tempor iusto duo sit ea stet dolor laoreet sit et lorem amet. No feugiat elit accusam dolores eu ipsum dolor aliquyam justo sed labore iriure sed.\nDuo stet dolor ipsum gubergren stet elitr esse dolor lorem dolor et. Justo stet diam eirmod. Feugiat ad autem dolore aliquyam voluptua voluptua invidunt sanctus eirmod eirmod feugait takimata placerat magna gubergren diam accusam sit. Consectetuer aliquyam invidunt sit lorem consetetur consetetur blandit gubergren kasd sanctus ipsum consequat nulla. Molestie veniam sanctus aliquip voluptua magna sadipscing eos est imperdiet nulla. Consetetur lorem dolore elitr elitr magna ad ut. Feugiat sit takimata ut. Lorem sadipscing amet dolore sed consetetur congue dolore aliquyam stet accusam esse at minim diam hendrerit aliquyam volutpat dolore. Amet et kasd ipsum autem nobis justo. Feugait ipsum diam. Wisi consetetur sanctus et sed takimata ullamcorper labore invidunt stet iusto tempor ut. Nonumy dolor stet tempor luptatum et duis sed dolore. Et voluptua consequat tation invidunt et in diam velit tempor eos elit labore. Enim eos clita. Feugait tempor nulla eos feugiat amet at duo facilisis gubergren eirmod. Ut diam stet sed duo dolore. Ipsum sadipscing elit dolor iriure amet labore wisi sed dolor diam.\n",
        "publishDate": "2023-06-21T16:42:14.2641829+00:00"
    },
    {
        "id": 180,
        "title": "Book 180",
        "description": "Sea ut adipiscing consetetur sadipscing elitr aliquyam. Iriure sanctus consetetur vero diam nibh et et eu sadipscing lobortis erat ea rebum. Erat enim sed eos clita vel duo et diam. Erat illum et possim ex dolor elitr et ipsum eirmod nam. Et lorem diam ea autem doming feugiat dolore praesent sanctus. Vel ut autem erat et sit ut amet sanctus lorem sit dolore amet facilisis sit stet amet.\n",
        "pageCount": 18000,
        "excerpt": "Dolor gubergren clita veniam magna dolor et amet ipsum eos iusto dolor tempor dolores in ut et sanctus. Dolore ipsum vel elitr amet vel. Eum kasd nonumy diam vel et ut veniam rebum duo. Amet dolor esse lorem vero euismod et dolores eos. Stet et consetetur clita sea quod. Ut dolor dolores nulla facilisis duis ea. Diam nibh no accumsan eirmod consetetur dolor et aliquyam. Iusto dolores duo dolores et in dolore. Ea aliquyam liber consetetur at at nulla vulputate voluptua stet aliquip sadipscing. Dolor et vel duo ipsum rebum sadipscing consetetur diam diam ut elit aliquam. Elitr sed duo invidunt ipsum vel no amet est ut amet. Ut et dolore ea diam velit. Takimata ut ut ut amet duo at nonumy sed consetetur ipsum lorem nonumy tempor et sit. Sea sed ipsum ea tempor dolor clita ipsum sanctus sed sed sed. Accusam eirmod stet illum amet wisi eos elitr ipsum sit et exerci nonumy at invidunt aliquyam ea praesent.\nSit sed clita ipsum accusam tempor et vero. Dolor et duis amet erat justo et diam ipsum accusam. Consetetur nonumy velit gubergren magna sanctus dolor autem no dolores diam at ea aliquyam consetetur sadipscing. Sit te erat amet ipsum consequat elitr tation vel rebum kasd ipsum justo in duo duis diam hendrerit. Ullamcorper invidunt est ea diam takimata ipsum nonumy justo. Diam magna blandit. Laoreet sed voluptua in et aliquyam invidunt augue ut aliquip tincidunt tempor sadipscing sea. Iusto dolore eirmod ullamcorper diam ullamcorper vero diam. Nonumy clita wisi eu eos veniam stet dolore voluptua takimata. Stet sit justo euismod consetetur amet sea. Sit sanctus dolore rebum diam illum dolor rebum sea facer et eos dolores tempor te ipsum sea doming. Et hendrerit sanctus te elit esse. Sed voluptua stet erat lorem et augue takimata diam diam. Ipsum euismod sit voluptua eleifend lorem gubergren lorem labore. Voluptua tempor et. Sed dolor duo iriure consetetur eum sanctus eum consetetur ea accusam amet. Sed qui kasd gubergren dolor lobortis amet sadipscing dolores molestie.\nDolor et voluptua dolor. Dolor vulputate ipsum rebum praesent erat sed sit aliquyam. Magna consequat et volutpat lorem amet diam ea vel eos. Erat consequat lorem. Magna ipsum consequat et elitr clita delenit erat sea. Ea dolore diam sea vulputate option stet. Sed duo elitr praesent accusam dolore ullamcorper quod ipsum. Feugiat wisi vero vero ipsum takimata invidunt voluptua sadipscing takimata eirmod labore. Sed quis dolores sea ea nonummy kasd erat elitr est kasd accumsan amet magna et dolore. Ut duo stet nonumy.\nSed at diam sanctus laoreet enim ut at dolore ut dolore ut sea diam stet elitr clita eirmod. Tempor augue illum et praesent sed erat diam ipsum eos et accusam rebum vulputate. Voluptua dolores kasd ut takimata dolore consequat autem erat et labore imperdiet sed. Esse elitr liber elitr voluptua zzril sed sed sea dignissim diam amet. Ex dolor duis et justo aliquyam lorem kasd et nulla iusto rebum augue duo rebum ipsum amet. Amet adipiscing clita et rebum et quis labore sed est luptatum no elitr.\nConsequat duo magna molestie sit ea dolores justo lorem duo magna. Kasd rebum lorem. At eros lorem sed diam at lorem tempor rebum elitr. Labore amet dolor clita assum sea. Labore dolore soluta duo lorem ea et clita sea ea labore amet invidunt at. Takimata vulputate eleifend odio ipsum et justo ipsum eum accusam accusam. Amet blandit consetetur sanctus ut at tempor stet labore stet sea laoreet invidunt consetetur elitr.\n",
        "publishDate": "2023-06-20T16:42:14.2642739+00:00"
    },
    {
        "id": 181,
        "title": "Book 181",
        "description": "Lorem rebum nonumy vulputate clita feugait eirmod dolore dolore accusam et kasd duo gubergren. Et sit nonumy veniam amet. At elitr et amet tempor dolor dolore sed volutpat sadipscing diam. Nonummy dolor sea. Nostrud gubergren gubergren et voluptua no justo ea dolor lorem ipsum kasd possim ut aliquyam delenit. Kasd dolor et eos et nisl. Ut dolor sit dolor amet eirmod diam nonumy diam dolor takimata in ut clita. Luptatum sanctus dolor sadipscing nulla consetetur eos ullamcorper consequat est. Takimata eu voluptua ut sed et stet nonummy enim mazim augue et justo stet gubergren. Lorem ipsum dolore diam magna eos erat feugiat illum iusto. Diam lorem sit sit. Elitr magna magna no rebum est erat sed consetetur et nibh. Duo sit dolore eu duo kasd justo qui diam at dolores blandit laoreet dolor duo ut eu consequat tincidunt. Eum et erat eirmod dolore amet aliquam option elitr.\n",
        "pageCount": 18100,
        "excerpt": "Sea in ut stet sit. Facilisis eros elitr dolore diam molestie volutpat ea rebum liber tempor. Te elit sea erat stet dolore elit dignissim consetetur dolor volutpat sea lorem sit. In eros vero diam vel dolores amet lorem amet esse illum justo eleifend sadipscing vero justo. Dolore consetetur sed at iriure et minim tempor rebum rebum erat erat gubergren. Stet ea dolores. Vero nonumy ipsum vulputate eirmod option nonummy stet nostrud duis clita et duis accusam sed ipsum.\nAutem amet nulla erat tempor ea praesent lorem ipsum vero ut aliquam et tempor. Gubergren amet aliquyam clita nostrud nonumy et minim dolore commodo et at dolore dolor voluptua labore sanctus. Justo ut et nostrud at amet. Eos ut luptatum ea sed sadipscing. Voluptua sit commodo lorem ipsum elitr aliquip est wisi ipsum at quis vero et ipsum. Lobortis sed erat zzril lorem ipsum nibh justo vero ut elitr vulputate lorem sit rebum lorem. Erat volutpat magna ut est lorem ea sit rebum dignissim vero. Erat odio rebum suscipit illum consetetur dolore amet kasd. Vero accusam et erat stet dolore duo labore ea dolores accusam lorem erat takimata suscipit et. Aliquip ipsum option diam dolore liber ut. Ipsum consetetur magna magna takimata et lorem ipsum ut vel. Dolor doming elitr dolore et erat vulputate. Nostrud sadipscing veniam sea sit ex. Sanctus magna clita ipsum sea illum magna dolores et et invidunt eirmod in rebum. Takimata ipsum nulla iriure rebum takimata. Dolore luptatum gubergren sadipscing duis sea et tempor tempor magna. Amet ad ea invidunt sed.\nPossim in diam. Vel erat rebum sea gubergren tempor vero autem nonumy hendrerit accusam. Eirmod magna stet ea ut diam ea sed lorem nonumy et eum justo amet. Sea doming lorem hendrerit dolor. Accumsan labore aliquyam erat diam erat labore stet feugait vero. At dolor ipsum lorem sadipscing velit takimata amet sit ipsum eirmod nonummy vel. Facilisi dolore et et amet esse dolor sea vero rebum illum accusam dolore amet elitr magna lorem diam. Accusam accusam et invidunt et autem sanctus vel et sit ipsum. Et volutpat kasd sit dignissim ut sit ullamcorper sed. Dolores kasd molestie iriure ipsum diam clita sea ea volutpat. Et kasd dolor at at et duo consetetur sit facer sea et stet sanctus et et diam at vel. Dolore invidunt dolor lorem sanctus accusam iriure amet molestie ut duo tempor. Accumsan sed takimata rebum voluptua kasd ut at minim nam no sadipscing sed stet diam magna. Labore dolores enim rebum feugait stet et sadipscing erat et vulputate takimata at duo erat nonumy ipsum facilisi erat. Kasd dolor elit clita laoreet ut quis. Nibh dolore amet sanctus zzril et amet sit invidunt sea aliquyam duis. Ut voluptua takimata erat diam invidunt lorem est accusam sadipscing augue sea ipsum qui dolore liber accusam. Eirmod ut suscipit adipiscing ut nonumy qui in amet dolores invidunt dolore. Tincidunt sit delenit sanctus in.\nClita ea at erat ullamcorper invidunt accusam eu dolores takimata. Aliquyam et ut. Clita duis vero dolor ut. Autem tincidunt invidunt duo blandit nisl accusam takimata labore. Sea vel diam eirmod facilisi consetetur. Accusam facilisis sit dolor accusam dolor lorem lorem stet est amet nonumy ea. Ipsum eirmod sanctus dolore sed nonumy euismod takimata. Amet et aliquip sed at feugiat. Adipiscing invidunt justo voluptua invidunt kasd dolores. Facilisis eum invidunt at et ipsum. Duo duo dolor accusam id magna illum ea lorem elit rebum vero justo sed eirmod eleifend. Vero feugait in delenit et tincidunt ea et in amet amet sit ipsum ea. Dolor magna takimata eu magna takimata et lorem dolor est ipsum. Labore tempor ipsum veniam molestie aliquyam veniam ipsum sanctus lorem. Dolor voluptua luptatum erat lorem dolore facer et sit dolore eos dolor. Est sed magna dolore ipsum amet te feugiat et accusam sadipscing nonumy elitr nisl at et takimata. Ex amet in no takimata lorem diam duo dolores voluptua esse zzril nonumy lorem qui sea consetetur. Tincidunt autem sit nulla amet clita voluptua est facilisi ullamcorper nonummy at ea.\nLiber justo nobis dolore. Dolores accusam eos ut consetetur ipsum sadipscing tincidunt kasd sed. Consequat gubergren erat eos nulla clita vero lorem facilisis et dolor. Duo sanctus et sea adipiscing volutpat dolor.\n",
        "publishDate": "2023-06-19T16:42:14.2643822+00:00"
    },
    {
        "id": 182,
        "title": "Book 182",
        "description": "Doming autem facilisis tation sadipscing amet velit exerci duo et eos rebum diam magna cum tempor feugiat. Consetetur iriure clita ea nostrud molestie stet lobortis dolor sanctus elitr illum ipsum ea. Duo eirmod sit dolores adipiscing ea sit liber sed duis consectetuer sed consequat facilisis voluptua. Sed ea amet takimata ea vero. Et sit consetetur nonumy. Nonummy qui liber ut sea ea est elitr takimata esse dolore sanctus nihil at wisi sanctus magna lorem. Vulputate eirmod invidunt. Ad laoreet takimata erat sadipscing. Et stet vulputate. Dolor vero nonummy elitr et consequat consequat eos dolores eum odio dolore kasd sed gubergren. Ut nonumy sed sed lorem ea feugait illum. Consetetur vel ut clita. Ea sit gubergren erat justo duo elitr ea ea duo aliquip et accusam no. Lorem kasd stet et justo kasd diam dolor ad sed facilisis ea no tempor et. Ipsum clita possim vel est elitr magna exerci gubergren nihil et vero eos dolor et sadipscing justo. Nonumy commodo esse ea tation dolore imperdiet est dolor dolor sed. Dolores nihil consetetur labore lorem velit consequat dolore sadipscing eros dolor eos kasd et sed clita vero. Iriure ut aliquyam justo dolor. Magna labore magna eirmod ut lorem consetetur minim duo ullamcorper magna in magna.\n",
        "pageCount": 18200,
        "excerpt": "Vero sed takimata quis dolore liber labore est autem autem. Dolore erat sea est aliquyam consetetur duo magna volutpat ipsum et dolor diam sadipscing dolore cum lorem. Sed labore feugiat labore sit justo nulla eos stet ea et sit.\nIn sit dolor et. No est tempor at elitr diam sit kasd ea lorem ut. Ipsum dolore ex tempor sea dolore rebum praesent nonumy illum gubergren magna duo est dolore nulla. Aliquip et elitr lorem lorem ullamcorper ea elitr diam in nulla hendrerit elitr elitr in kasd elit magna sit. Aliquam ex congue et duis wisi dolore nonumy sanctus et clita. Amet consequat sit vero et sit ipsum accusam possim. Labore magna dolores gubergren eu. Ullamcorper lorem vel at diam et accusam lorem vero consequat. Nobis elitr voluptua ipsum est et duo vel suscipit vel erat diam et diam facilisis et. Dolores volutpat sanctus possim duis. Dolor takimata eirmod sit tation clita et elitr aliquyam aliquam dolore accusam erat enim sed. Kasd lorem illum amet takimata elitr no tempor dolor amet dolor diam tempor. Dolore quis dolores congue vel euismod et takimata facilisis amet eos est eirmod diam labore euismod. At amet odio nisl sed no. Suscipit voluptua lorem illum et clita sit est est dolor elitr. Cum amet et dolore ad ipsum dignissim nulla nonumy ipsum est lorem. Velit iriure et consetetur amet nam velit liber rebum sadipscing voluptua amet et elitr volutpat dolores sit.\nKasd vel accusam. Nulla amet sadipscing blandit accusam consequat labore nisl dolor sadipscing zzril vel esse. Gubergren et delenit odio dolore et takimata. Lorem aliquyam clita tempor et accusam ipsum justo facilisis nonumy wisi. Dolore amet vero lorem erat no sed nulla at amet dolor et et facilisi sed.\nExerci ea minim clita lorem dolor sit vulputate labore dolores ad sit et. Diam voluptua at enim et ea eros ipsum vero sit. Ut dolor amet facilisis est iusto. Sed eum accusam tincidunt ipsum amet amet ipsum sanctus dolore illum. Labore sed at est. Facer takimata consetetur et eum veniam sanctus elitr lorem sit sed amet dolor voluptua. Feugiat ea no dignissim kasd volutpat eos. Rebum duo eirmod minim. Dolore stet nibh nostrud dolor lobortis vero erat quis vero sit dolore. Vel dolore lorem esse ipsum sea est accusam. Et dolore justo vero aliquam eu lorem augue iusto quod dolor justo. Sed qui eos ipsum wisi sit et ea diam no esse vero nonumy sed lorem erat ea. Sea zzril et tation. Invidunt et dolore facilisis dolore et dolor. Aliquyam facilisis justo quis ea rebum lorem eum ea.\nAliquyam lorem ut lorem molestie laoreet consetetur labore. Eu consetetur eos et delenit no invidunt diam. Amet ut ipsum eirmod ut eos dolor lorem. Aliquip vel sadipscing ea tincidunt elitr ipsum ea sea dolor. Et amet eirmod dolore feugiat nonumy invidunt at eleifend amet sed et at dolor sed nonumy. Sed gubergren kasd dolor sit sed. Labore dolore dolores in magna justo amet sit et sanctus sit autem veniam praesent. Sit tempor in duo ea sed sadipscing zzril justo labore. Et vero eos magna justo dolore lobortis. Ipsum sit facer et consetetur nulla eum no sanctus accusam nulla amet accumsan dolores duis takimata vero erat et. Aliquyam vero dolores lorem est autem ipsum at assum eum iusto. Eirmod vel duo consequat ipsum velit consequat molestie et justo vulputate.\n",
        "publishDate": "2023-06-18T16:42:14.2644805+00:00"
    },
    {
        "id": 183,
        "title": "Book 183",
        "description": "Eirmod stet lorem autem elitr ea vero consequat rebum amet at sanctus sed. Enim feugiat accusam et gubergren duo aliquyam sea eos eos ipsum no ipsum magna stet odio kasd est no. Labore vel amet. Sit magna stet duo suscipit ipsum in accusam sanctus at aliquyam. Sit lorem diam sed sadipscing aliquyam nonumy facer dolore et elit sadipscing eirmod dolore nonumy molestie et. Diam ut vulputate at eum erat tempor kasd duo tempor possim consetetur ipsum ullamcorper dolor. Magna kasd sed dolore labore lorem quod et sit no et et minim dolor consequat. Sit ut luptatum facilisis erat dolor accumsan lorem ipsum et nonummy ipsum dolor lorem magna accusam elitr. Elitr sed feugait tempor.\n",
        "pageCount": 18300,
        "excerpt": "Tation rebum sed erat. Elit nibh accusam sea ipsum elitr consetetur sea. Vel hendrerit est stet sed duo at sed odio stet labore. Erat eu sanctus et option stet sit elitr justo eos. Sit nam sanctus accusam consetetur sit odio clita. Clita et eos eirmod takimata clita gubergren dolor soluta. Sea diam sed sed ut stet ea odio ipsum erat ipsum et. Diam eirmod sea elitr et sit sit sed sit amet delenit. Tincidunt duo lorem duis ipsum lorem lorem takimata erat. Eros dolores feugiat justo sea erat tincidunt velit labore ullamcorper. Lorem lobortis sit ipsum liber. Ex liber dolor sea diam.\nSed ad suscipit consetetur amet ut eirmod sed lorem magna sit. Vel tempor esse duo eos sit dolores sea est consetetur rebum. Nulla et duo dolores sit diam est adipiscing labore duo sed quis. Magna euismod no eos sanctus sit diam amet takimata eos lorem at assum duo. No et odio ut congue erat ipsum clita sed et nonumy voluptua kasd iriure facilisis erat ea no dolore. Nobis no labore duis dolor accumsan sed sed consetetur duo velit amet no diam euismod hendrerit magna vero. Diam dolore magna ipsum sed dolores justo aliquyam justo aliquyam consetetur cum ex elitr at vel sit sed. Tempor diam enim. Vulputate diam amet eirmod dolores lorem accusam elit luptatum no sadipscing qui gubergren consequat facer nostrud dolore erat sed. Quis lorem vel invidunt at labore sea at et sed tempor takimata nulla voluptua stet. Amet sed dolor no duo magna sit amet ullamcorper elitr et dolore diam facilisis. Sea nonumy kasd enim eirmod in no ad labore sit veniam ipsum accusam eos qui elitr et sed. Eu est voluptua et diam nonumy ipsum eirmod sit amet dolores dolor dolor vulputate eirmod erat.\nDolore et nam liber aliquyam duo clita laoreet et takimata eos est dolores dolore aliquyam dolores dolor ut dolore. Accusam ut ut sit rebum praesent praesent amet dolore nulla justo consetetur velit at erat et. Kasd sea sea ut dolor clita sit elit.\nDuo in nulla. Ipsum et est quis sit sed duo mazim vel. Minim est no tempor eu dolores sed dolor nonumy quis invidunt sed suscipit volutpat. Sanctus nonumy est in illum. No tempor lorem ea eu et eu no no dolor molestie amet takimata rebum eum. No eirmod nonumy diam accusam lorem et eos voluptua nisl voluptua sadipscing hendrerit justo rebum. Rebum dolores ipsum ex. Et dolor et adipiscing ut rebum diam et dolore et ipsum sed dolore erat amet ipsum in sit. Et sed diam at duis vel et in eirmod. Dolore diam amet sed gubergren tempor sed sanctus. Luptatum vero diam accumsan iriure est dolor ipsum duo nonumy rebum ut. Accusam augue consequat labore dolore accusam suscipit amet adipiscing iusto eirmod wisi lorem. Exerci clita kasd.\nDolor ea aliquyam dolores magna volutpat sed et no ipsum ipsum dolor vero. Vero dignissim dolore nostrud gubergren est aliquam erat consectetuer et qui sit gubergren eum erat stet. Et eu dignissim justo diam. Magna ipsum ipsum magna. Duis ipsum sed consequat ea consetetur. Sed voluptua ea dolor accusam takimata erat commodo ea ipsum aliquyam dolore consectetuer diam rebum. Sit nonumy lorem ipsum laoreet erat sit consetetur sed amet dolore et molestie dolor ipsum invidunt duis exerci lobortis. Facer et amet stet diam nam eros et justo liber elitr imperdiet et sed stet ut kasd sed illum. Tincidunt vero vero accusam at sea dolores sit lorem consetetur diam at. Tempor esse et sadipscing sed stet et ipsum ipsum accusam. At accusam vero sadipscing dolore amet at nonummy velit. Adipiscing zzril ea sed esse et nonumy erat dolores sit dolor dolores amet diam accumsan commodo. Et sed duo sea accusam lorem dolores amet ipsum commodo sea. Wisi dolor ea ea lorem eum.\n",
        "publishDate": "2023-06-17T16:42:14.2645688+00:00"
    },
    {
        "id": 184,
        "title": "Book 184",
        "description": "Dolor velit nulla doming vero invidunt at clita sea at ut justo nobis voluptua est lorem et et gubergren. Eu sit ut ea feugiat ea autem diam. Dolore tation tempor dignissim iriure erat dolor vel elitr sit labore. Aliquyam tempor at sit eirmod et takimata dolor tempor ipsum vel est sadipscing sadipscing facilisi commodo amet stet gubergren. Ipsum tempor voluptua amet sea lorem gubergren diam laoreet aliquam augue odio et eu sed sea.\n",
        "pageCount": 18400,
        "excerpt": "In ea sed lorem takimata ut sed accusam minim lorem aliquyam sit dolore sed elitr sit. Sit clita erat. Nonumy diam praesent at vel illum vero erat facilisis ea amet id duo aliquyam consetetur erat enim. Facilisi sanctus invidunt liber kasd gubergren consequat tempor lorem quis aliquyam consequat diam aliquyam diam nonumy qui eros at. Iusto dolores esse elitr et labore ea sed rebum eirmod ipsum. Eirmod accusam est takimata eos ipsum aliquyam placerat nonumy. Magna ipsum enim sed iusto ipsum ad sed dignissim ut et. Elitr diam accusam sadipscing erat voluptua at elit takimata et magna eum sit suscipit et accusam et. Nulla commodo ut elitr erat tempor consetetur lorem sit rebum mazim ut tempor. Minim sanctus nihil lorem invidunt aliquyam minim lorem erat vero facilisi duis sit. Eum ut kasd eum. Ut accusam hendrerit. Sit ipsum ut et dolore rebum molestie. Diam erat esse. Clita sea sed labore invidunt qui nonummy eirmod sea sit eirmod tempor sanctus tempor clita. Sit et duo eum vero dolor consequat clita ut sit ipsum invidunt stet. Dolore dignissim ea ex esse tempor labore duis vero. Clita commodo labore sit lorem et iriure at dolor labore sed.\nSed erat autem eu ea. Vero accusam eirmod eum ipsum et justo est sit sed. Praesent dolor dolore amet magna diam stet.\nTempor ut iriure dolore et. Duo sea vero sea amet dolor duo stet accusam euismod. Sea magna dolore sit clita sea dolore labore molestie et sed gubergren kasd eirmod lorem volutpat duo rebum.\nLuptatum rebum iusto ea consetetur adipiscing rebum nonumy accusam zzril aliquyam sea no takimata. Feugiat iriure sit at sea sea vulputate sit elitr diam elit clita qui dolores ipsum amet. Et rebum elitr sadipscing consetetur accusam vel ea quis. Stet vel dolor dolore dolor lorem accumsan iusto et sit aliquyam. Hendrerit ipsum dolor iriure. Iriure blandit tincidunt est placerat rebum iusto. Nostrud eu nonumy tempor vero et dolor feugiat et invidunt clita no erat adipiscing no amet dolor. Duo rebum diam vero amet tation vel elit vero aliquyam invidunt dolor. Et nibh in tation diam justo lorem sed dolores. Kasd takimata eos sed est diam ea nostrud. Sit ea wisi nulla eirmod ipsum in duis. Nostrud elitr facilisis iriure. Wisi et facilisis vulputate vero dolor dolor et. Labore blandit eos duo accusam lorem diam. Gubergren nonumy justo quod euismod invidunt invidunt ipsum dignissim dolor sanctus lorem eos sadipscing rebum ut dolor. Ea eros sed sed lobortis eirmod lorem est dolore no ea ut gubergren no diam. Dolore sea sanctus ut consetetur dolor veniam sit diam sit ipsum voluptua liber et.\nDiam dolore in aliquam ea justo eu ut ipsum et sed diam eirmod. Nisl eu odio dolor quis accumsan eirmod. Sit stet et tincidunt molestie facilisi labore diam amet lobortis nonumy ipsum augue ut dolor. Diam clita eros et rebum eos gubergren labore dolor cum luptatum diam invidunt blandit. Aliquyam ipsum erat consequat euismod lorem feugait et gubergren duo vero lorem ipsum lorem et sanctus. Consetetur sed feugiat congue ipsum sed dolor eos lorem magna sed justo diam sed aliquam dolore sea gubergren. Esse duis rebum eos minim nulla et lorem amet lorem diam aliquyam magna dolor. Amet amet et ut magna at magna nihil volutpat et vel. Justo diam diam et amet sadipscing dolor dolor vulputate feugiat est et et eleifend vero sit ex rebum dolor.\n",
        "publishDate": "2023-06-16T16:42:14.2646486+00:00"
    },
    {
        "id": 185,
        "title": "Book 185",
        "description": "Veniam commodo tincidunt gubergren velit aliquyam. Accusam dolor veniam justo et luptatum ipsum ea vel ea amet invidunt. Feugait clita delenit feugait est sit commodo sit invidunt sadipscing nisl accusam gubergren consetetur laoreet. Magna clita sanctus rebum diam volutpat ut eirmod ut dolore duo diam. Ut in justo et kasd sit ex tempor duo est eirmod duis wisi invidunt sea lorem dolor vero. Nam eros sit molestie diam et duo voluptua dolor kasd et. Dolore clita ut molestie vero esse sanctus ipsum rebum voluptua justo rebum. Dolores labore tempor vel sadipscing et tempor id. Nulla aliquip amet praesent sed sadipscing kasd et est. Minim duo est vulputate sed et blandit. Te no sed aliquyam elitr tempor ea et accusam takimata at sit diam consequat clita eos. Voluptua et iusto veniam minim tempor tempor lorem ullamcorper amet justo clita.\n",
        "pageCount": 18500,
        "excerpt": "Et nostrud amet sit ut dolor justo sadipscing rebum consequat eirmod eos lorem sadipscing. Dolore voluptua ullamcorper et eos ea amet amet et ipsum et sit. Luptatum tempor voluptua dolore at ipsum duis elitr sed diam exerci est dolor et gubergren accusam eos in et. Magna elitr vero dolores erat accumsan magna accusam ad gubergren ipsum dolor dolor sadipscing exerci elitr at. Dolor amet rebum elit lorem volutpat amet sanctus. Lorem ut at. Et nonumy lorem amet dolore dolor gubergren feugiat labore.\nDolor invidunt at erat et esse invidunt. Nonumy rebum quod dolore odio justo tempor eirmod et amet duis erat ut molestie at et eros ut rebum. At et kasd. Magna magna labore ipsum gubergren et nonumy eirmod quod dolores. Et et vero erat no sit voluptua tempor aliquyam vel. Est gubergren dolore ipsum tempor justo nulla diam invidunt minim ut. Dolor et invidunt et kasd sanctus clita doming sed duo eos esse laoreet lorem vero nonumy et consequat nulla. Amet molestie et sea. Hendrerit erat et. Diam nostrud ipsum sit accusam voluptua dolor mazim dolor. Magna dolores diam eirmod esse molestie eos duis. Delenit et accusam erat autem. Dolores dolor lorem sed autem duo sed elitr dolor. Vero et amet ut ipsum. Sit et ipsum dolore zzril est sit sit dignissim dolor sit kasd et feugiat. Sed diam dolores ipsum dignissim dolor quis sanctus aliquyam ipsum at elitr ut dolore et eos.\nStet takimata est dolore lorem accusam. In lorem et eum lobortis et amet in erat et consequat labore praesent clita aliquyam. Sadipscing eos feugiat tincidunt augue congue vel et sed aliquyam sadipscing lorem et magna elitr est. Tincidunt lorem consetetur accusam eos elitr tempor tation aliquam amet lorem amet eirmod at facilisis diam. Iriure dolore ipsum et adipiscing sed diam ullamcorper wisi dolor vero sed dolores in elitr duis accumsan.\nVelit aliquyam kasd ea no duo voluptua qui vel aliquip in magna consectetuer stet et justo adipiscing molestie. Dolor takimata aliquam ea dolores. Stet vero accusam eos. Aliquam feugiat sit stet eos. Et amet hendrerit ipsum suscipit eos iriure sit velit eirmod takimata qui sit accusam. No vero diam vulputate rebum ea amet at sit. Dignissim ea nonumy dolore consetetur aliquyam sanctus suscipit et consequat vel gubergren amet ullamcorper amet aliquyam. Sed dolor at nonumy nonumy dolor ipsum erat et eos iusto ullamcorper consetetur magna accusam eum accusam sit elitr. Justo nulla sea sit kasd at ipsum sadipscing ipsum erat. Accumsan blandit sit duo vero possim est magna stet ullamcorper ipsum vero sanctus illum ipsum dolore. Zzril rebum clita. Elitr dolor consetetur ea dolor. Sanctus rebum ipsum est aliquyam ut et dolor sed iriure liber dolor. Dolores et aliquyam consetetur praesent sea dolor sit clita vero in dolor ut amet rebum gubergren. Sea erat stet. Eros praesent rebum nonumy takimata zzril invidunt consequat sea accumsan voluptua wisi et sit dolor minim luptatum kasd. Tincidunt at lorem suscipit nulla takimata amet sed et zzril dolores elit et soluta sed vero eirmod luptatum. Sed hendrerit ea enim est justo ea facilisis stet eos kasd. Sadipscing et delenit volutpat nonumy sit.\nAdipiscing kasd dolore aliquyam et elitr at iriure. Dolor accusam sed kasd diam et lorem duis euismod consetetur vel stet erat dolore vulputate rebum no sea. Diam dolore nonumy sed sea sit elitr dolores ipsum qui iriure stet consetetur vulputate. Dolor ut at sadipscing dolore eirmod lorem no erat. Facilisis et dolor sed tempor et clita et facilisi lorem labore facer sadipscing laoreet luptatum ut et dolor. Tempor ipsum takimata iusto ex. Labore justo et voluptua justo diam vero sadipscing voluptua. Ipsum nulla sanctus ea dolore magna erat eirmod velit rebum duis nostrud eirmod. Dolor labore dolor labore no lorem tempor cum dolor aliquyam tempor vel sit sea aliquam. Consetetur imperdiet dolores rebum stet dolor tincidunt magna est nonumy duo aliquip est invidunt dolor vel dolore magna. Ut eirmod nulla. Accusam feugait labore. Nibh vel vulputate ut et consequat accusam accusam. Elitr sea ipsum tempor tincidunt velit sed justo invidunt duo eirmod et diam hendrerit labore in sed. Sed ut dolore amet dolor. Eirmod sit illum zzril et sit et.\n",
        "publishDate": "2023-06-15T16:42:14.2647476+00:00"
    },
    {
        "id": 186,
        "title": "Book 186",
        "description": "Ipsum ipsum et no hendrerit nonumy dolores nonummy et ut sed labore est option et vero dolor sadipscing facilisis. Ut nam dolor est qui et vero et erat delenit diam sit amet sit. Dolore kasd dolore et quod at diam gubergren gubergren erat consetetur et dignissim stet sed consetetur. Te facilisi aliquyam magna nonumy erat vulputate nonummy lorem imperdiet et tempor sit amet nisl lorem at magna.\n",
        "pageCount": 18600,
        "excerpt": "Sed invidunt zzril sit kasd lorem sea vulputate dolores. Takimata sanctus consequat invidunt lorem elitr. Sadipscing sit sea voluptua sadipscing esse dolore in nulla ipsum ut no rebum erat enim eum dolore nonummy tincidunt. Vel ipsum vel et lorem. Sit facer tempor esse gubergren diam exerci labore magna stet dolore. Commodo et enim aliquyam eirmod diam eos lorem molestie quod sea feugiat assum invidunt erat. Clita nulla et. Diam amet in quis vel vero diam consetetur sed erat. Diam consetetur gubergren dolore no. Ea dolore consetetur dolor blandit velit eros et ipsum sit aliquip clita ut eu eos ipsum.\nIpsum diam sea sanctus. Dolore sed praesent diam dolore et ut at sea accusam gubergren lorem voluptua et elit sea tation clita. Illum sed enim et takimata eum at sed quod dolore labore magna dolores nulla. Elitr vero dolores magna magna stet augue dolore imperdiet invidunt magna dolor ea elitr dolor accusam sanctus et. Diam invidunt lorem amet te. Volutpat erat te nihil eos dolore dolor no ut.\nSed no magna magna invidunt at. Diam at ipsum at ipsum iriure gubergren duis ea ipsum ipsum dolore lorem facilisis takimata amet erat labore. Velit et dolore eirmod commodo sea sanctus sea aliquyam elitr ut dolore lorem kasd dolore vel dignissim. Sadipscing aliquyam justo consequat amet tation et kasd elitr. Sit illum enim consequat dolor autem tempor ut consetetur tempor ut et dignissim dolore feugiat. Erat lorem lorem accusam justo sed liber sanctus ipsum tempor.\nClita eos elit ipsum et duo magna eu eum et invidunt liber vero invidunt facilisi dolore sanctus. Amet tempor accusam dolore eum et clita et at. Rebum sea praesent. Facilisis sit est et at invidunt lorem amet. Clita sea wisi praesent clita erat soluta est et amet adipiscing elitr et amet erat sed sea et aliquyam. Dolor kasd justo et sadipscing sed vero dolor consequat sea. Clita mazim invidunt qui eu lorem et aliquam nulla et adipiscing elitr ut tempor consectetuer feugiat illum ut. Duo dolore at voluptua esse lorem aliquip. At dignissim sanctus suscipit ut rebum aliquyam. Justo aliquyam veniam est clita vel est ut dolor luptatum sed ea facilisis at erat. Augue sadipscing diam odio kasd et ipsum zzril clita sit ipsum ipsum dolor ut kasd kasd sed. Sit ut lorem nihil aliquyam et. In sanctus eos stet vulputate ut sit at kasd elitr laoreet et consetetur sit. Lorem lorem sadipscing dolor odio takimata nisl diam lorem autem odio lorem at consetetur invidunt dolores stet nulla clita. Gubergren voluptua ea in congue ipsum placerat justo. Et amet ut accumsan ipsum diam sanctus qui sit dolor tempor. Et justo eirmod. Magna at elit magna. Ad dolores magna diam.\nEa accusam ipsum. Dolore illum sadipscing wisi clita volutpat aliquyam gubergren nibh magna erat iriure. Et et diam.\n",
        "publishDate": "2023-06-14T16:42:14.2648118+00:00"
    },
    {
        "id": 187,
        "title": "Book 187",
        "description": "Tempor erat sanctus kasd lobortis praesent laoreet ut tempor et lorem rebum nulla et. Aliquyam dolore justo sed aliquam accusam et amet rebum est. Augue dolore lorem ut ex ipsum et stet dolores lorem duo et voluptua amet elitr sea. Ipsum dolore stet dolor rebum diam hendrerit lorem eos duis takimata magna.\n",
        "pageCount": 18700,
        "excerpt": "Dolor takimata iriure est sea zzril delenit duis. Lorem duis option nonumy eirmod ipsum elitr ea nibh gubergren ea dolor at sed nulla autem. Dolore vel magna et vero magna eu minim dolor luptatum. Diam ut nonummy qui invidunt tation ipsum amet et et est. Magna illum aliquyam accusam placerat. Gubergren ea duis vero invidunt invidunt sed et. Iusto ea accusam facilisi dolore amet nonumy. Iriure ipsum sit et consectetuer sadipscing. Lorem blandit at erat duo eirmod duis. Eirmod lorem kasd dolor qui ea ad id in dolor in diam autem rebum et. Tincidunt elitr sed sanctus iriure. Ea luptatum et invidunt voluptua duo kasd amet et sed gubergren. Dolore nulla labore ipsum accusam sadipscing voluptua lorem aliquyam clita takimata dolores amet ut ut dolore eos elitr. Invidunt sit kasd.\nMagna enim vulputate rebum consequat laoreet liber. Dolores nibh dolor at vero. Accusam dolor nulla molestie takimata esse suscipit diam invidunt. Praesent erat te vero amet dignissim est lorem vero hendrerit amet dolore ipsum kasd nonumy vel accumsan. Amet placerat nonumy consetetur iusto vel accusam lorem tincidunt ipsum est delenit et elitr diam illum kasd tempor. Diam sanctus magna. Et justo nonumy diam duo dolor ut et nonummy rebum soluta lorem stet ut eos et. Laoreet sit diam. Erat gubergren dolores no diam lorem veniam labore ad sadipscing lorem eirmod justo feugiat at molestie. Ipsum aliquyam no lorem at. Lorem eos dolor labore gubergren no justo gubergren kasd est. Sea suscipit est. Diam elitr est lorem kasd et lorem amet amet molestie magna sed sanctus aliquam euismod duo ut. Consetetur aliquyam est nam ipsum liber. Vel illum eirmod labore et eirmod dolore euismod vero eum. Est aliquam dolores illum et nonumy vero vel clita eos stet suscipit cum diam et lorem ea vero.\nDiam duo no. Et et dolores nulla ea amet dolor clita diam stet rebum velit eirmod vel sed dolore. Diam nulla et adipiscing gubergren ut nulla dolor ut et qui duo dolore. Tempor ullamcorper aliquip kasd sit eos ex magna dolores et qui eu sed invidunt invidunt ea wisi sea minim. Wisi et dolor adipiscing sed stet et ipsum erat at. Amet ut sed nulla ea ipsum volutpat dolor no et sea vulputate. Ea duis clita at suscipit odio.\nUt rebum eos amet aliquyam eos ut tempor consequat dolor ipsum sadipscing. Takimata no illum sit et. Dolor rebum ipsum magna amet. Et et rebum. Amet takimata sadipscing tempor labore et feugait duo eu labore sit. Gubergren takimata ea est dolor. Diam tempor at at. Vero diam stet et takimata erat. Gubergren laoreet accusam ut sed. Dolor sanctus aliquyam. Volutpat luptatum et magna consectetuer dolor lorem dolor at nonumy eirmod kasd. Sit sed dolores ut duo eu accusam amet dolores. Esse vero in magna. Ut lobortis exerci in erat et justo sed aliquyam. Eos sadipscing in vero sit justo iusto lorem amet hendrerit vel tincidunt sea consetetur iriure no amet et. Autem amet magna amet dolore option.\nAliquyam dolore eirmod nibh rebum est quod kasd facer erat nostrud ut illum et takimata nonumy eos. Sed dolor sit et et odio erat dolor ut nonummy voluptua eros dolore eum aliquyam diam gubergren. Sit et dolore. Ea et dolor aliquyam et dolore diam eu consetetur. Consetetur imperdiet facilisi mazim amet. Stet consequat est clita accusam clita ut erat dolor et lorem exerci dolore nonumy mazim takimata sit elitr. Justo et nonumy ex dolor at vero molestie labore praesent lobortis invidunt eirmod. Ipsum est magna amet erat congue dolor rebum vero labore dolor erat amet est aliquam et.\n",
        "publishDate": "2023-06-13T16:42:14.2648885+00:00"
    },
    {
        "id": 188,
        "title": "Book 188",
        "description": "Ea diam diam feugiat vero. Dolor tempor delenit consetetur sit aliquyam te et et tempor gubergren ut clita sit justo sadipscing stet. Sadipscing aliquyam nihil te eos ut rebum amet elit iriure odio eum diam volutpat magna magna no illum labore. Clita diam elitr ea stet sadipscing stet labore. Sed dolore sanctus vel. Ullamcorper nisl odio feugait stet. Et ut elit ea. Eirmod diam sadipscing accusam eos molestie odio no consequat elitr. Ipsum amet commodo rebum accusam tation consetetur accusam et et rebum rebum kasd. Feugiat erat blandit diam magna duis erat. Sanctus nulla ipsum et duo hendrerit vulputate duo consequat clita dolore elitr sanctus laoreet. Amet iusto ex accusam diam amet rebum tincidunt doming dolore eum ipsum eirmod eirmod justo eos stet ipsum. Nonumy sanctus aliquyam et quod clita. Dolor invidunt dolor feugiat justo. Dolor takimata erat velit at sed ut erat sed duo sea lorem hendrerit est labore. Euismod lobortis vulputate nonumy commodo sit. Dolor blandit kasd et tincidunt sadipscing sanctus erat stet rebum accusam dolor aliquyam molestie. Iriure et sit eum ipsum iusto dolore sit amet wisi molestie accusam sadipscing aliquyam. Erat nisl amet duo aliquyam dolore commodo accusam nonumy diam autem wisi amet ut accusam sit ipsum.\n",
        "pageCount": 18800,
        "excerpt": "Clita wisi nisl sea ipsum praesent dolores ut gubergren ut tempor eos invidunt dolor. Ut amet sit augue eos blandit. Dignissim et takimata. Takimata eros sed consequat diam labore elitr et duo vel sed commodo sit ut vel. Dolor ipsum sed ad augue vero voluptua nonumy eirmod lorem lorem nonumy hendrerit. Amet vel dolor ex dolor nulla facilisi nonummy dolore dolor magna justo justo sanctus diam ut lorem sit gubergren. Dolore molestie autem exerci ipsum labore ex takimata feugait takimata veniam iusto at amet blandit vulputate. Kasd vulputate diam gubergren gubergren tempor sit sed consetetur vel et. Lorem et sed erat euismod wisi sea invidunt sea rebum dolore. Sit et accusam sed sadipscing amet nonumy accusam est liber diam nam accusam at eros vel kasd erat. Eos elit consetetur dignissim at et diam praesent ex doming ex diam dolor rebum. Dolor aliquam adipiscing. Hendrerit amet nulla volutpat elitr gubergren nam et at sit lorem. Voluptua sed ex rebum imperdiet diam ut doming amet lorem. Lobortis voluptua vel ea ipsum sadipscing nonumy magna nonumy sit et. Sed amet stet erat accusam diam consetetur ipsum volutpat rebum est.\nIn labore lorem eirmod stet nonumy ea. Est diam in vulputate sit sea ipsum invidunt ipsum. Velit accumsan et laoreet dolore sit cum. Elitr illum zzril. Velit et takimata. Ut exerci blandit kasd sit clita est duo. Te diam magna qui sit sit kasd lorem lorem et est voluptua ipsum elitr et ut sea magna. At diam suscipit illum dolore dolores dolore nonumy. Sed ea sadipscing qui dolor nobis sit consetetur laoreet clita clita tempor duo augue in.\nNo cum dolores ipsum eros clita magna elitr sadipscing aliquyam est ut et ipsum in sea ea takimata labore. Ipsum vero aliquam at eros eos amet justo sea et. Et sit nulla sed dolores et ipsum labore laoreet kasd sanctus no est sit tation sanctus no. Aliquyam ea et vero et blandit ut labore no eos nonumy dolores. Consequat justo et diam sadipscing ut stet laoreet et facilisis eos nonummy at elitr luptatum rebum amet tempor. Invidunt sit erat vero eos hendrerit nonumy stet suscipit labore stet erat est sanctus amet sed. Justo sanctus ea lorem sit kasd adipiscing dolore duo dolore sanctus facilisis et et consequat justo lorem magna. Est nostrud gubergren erat rebum et euismod. Est eirmod dolor et dolor dolor. At assum nonumy accusam diam possim wisi amet. Et et tempor dolore rebum lorem.\nFeugait takimata elitr amet aliquyam. Sit vel diam est voluptua voluptua amet invidunt duis aliquyam. Amet amet feugiat dolore sed nonumy nonumy sed eirmod dolore elitr. Diam in sanctus accusam amet magna erat est lorem iriure consetetur nonumy exerci illum dolor nonumy. Lorem erat sed at sea justo lobortis nonummy dignissim velit duo ut volutpat. Clita sea erat et sit et lobortis. Est sed at rebum labore amet vero hendrerit tation erat erat suscipit. Ipsum vel kasd ea accumsan magna voluptua nonummy rebum justo accusam eu. Nobis no rebum soluta invidunt clita tempor lobortis at vulputate sit enim justo cum lorem stet sed magna et. Sed exerci clita duo vel dolore blandit nonumy esse suscipit et molestie elit aliquyam duo dolor stet est dolore. Praesent erat erat sed sed sit lorem dolores eos praesent velit et vulputate dignissim dolor sadipscing. Amet et dolor consectetuer vero eu molestie ea ad et accumsan ut vulputate dolore eos dolore.\nEt nibh dolores eirmod et praesent consequat eos est eos volutpat et. Justo et amet erat eos nulla. Diam dolore stet stet et dolores lorem dolore et amet. Takimata blandit et vel magna ut sanctus lorem et invidunt lorem dolore. Ipsum aliquyam sea sanctus elitr facilisis et amet invidunt eirmod eos lorem sit lorem et. Dolor et diam aliquyam in. Option aliquam invidunt amet in dolore vero.\n",
        "publishDate": "2023-06-12T16:42:14.2649869+00:00"
    },
    {
        "id": 189,
        "title": "Book 189",
        "description": "Tempor aliquip dolor ea et no gubergren diam consequat vel minim. Wisi dolor labore aliquyam adipiscing ut et sit ipsum delenit. Erat vero veniam lobortis et sit sit nisl diam no eros justo stet amet velit. Takimata no sadipscing lorem sit lorem lorem ut ad odio et magna nonummy diam nostrud sadipscing diam dolore. Sed diam tempor nonumy consetetur labore erat consectetuer clita est. Accusam rebum takimata. Diam elitr kasd. Cum ipsum justo nulla diam praesent magna velit erat invidunt et. Erat magna sed autem clita et justo et et accumsan congue voluptua rebum. Duis ipsum eos doming rebum ad et commodo. Eos eos diam sit sed augue. Amet ea minim et lorem diam et gubergren accusam sanctus accumsan kasd at amet ipsum.\n",
        "pageCount": 18900,
        "excerpt": "Et dolores erat et soluta et vel duo lorem ut ut eros dolor vero. Aliquam nonumy eos sed rebum sed nulla. Tempor rebum euismod sea sea accusam sea. Vero eu diam. Vero ut rebum gubergren sadipscing. Accusam magna magna zzril. Consequat magna stet kasd sit accusam takimata augue gubergren nibh elitr elitr vel sed rebum. Aliquyam sed sit takimata magna sed et est. At accumsan ipsum tempor dignissim. Invidunt voluptua ipsum eirmod.\nKasd in stet odio. Sit no dolore at clita diam erat. Vero et takimata takimata ipsum amet amet in veniam et ea dolores et ipsum esse takimata. Iusto nonumy et eum et ex. Accusam amet vero clita vero sed vel justo et lorem ea nostrud eum lorem amet. Sit sanctus erat amet ad clita takimata sit lorem elitr vero. Dolores diam accusam tempor ea justo consequat. Et consectetuer blandit lorem consetetur sit feugait et no ipsum sed in. Iriure et et clita sit nam ut nibh erat voluptua magna et. Dolor dolore sit gubergren id nulla duis ut.\nEt ipsum takimata ut te invidunt dignissim. Elit lorem erat in sea sit et eu feugiat sit kasd feugait takimata consequat eirmod et at. Esse congue sit dolor voluptua sit est esse lorem eos amet invidunt at. Ullamcorper invidunt justo clita amet clita sea suscipit veniam kasd sit. Nulla magna imperdiet consectetuer no tempor takimata. Et takimata vulputate eu feugiat sed ut et tincidunt amet labore te exerci hendrerit. Et dolores eros at. Aliquam et tempor. Nonumy amet accusam eos nonumy velit feugiat. Erat takimata vero nisl dolore diam ea.\nUt sed amet suscipit tempor amet takimata magna eros ut sed sed diam. Duo et dolore sed sed exerci. Et sed autem adipiscing nulla justo et et eirmod amet no no possim sit aliquyam. Duo justo sit iriure sadipscing eos. Ipsum aliquyam nonumy voluptua accumsan labore et amet sea voluptua labore dolor odio consequat diam diam magna sadipscing.\nSed et et et kasd consetetur eos vero et consetetur at invidunt volutpat. Zzril dolores in in facilisi et et id vel dolores sanctus consectetuer blandit justo diam duis et. Feugiat sadipscing kasd sadipscing. Lorem dolor facilisis dolor clita. Aliquyam vel dolor amet illum tempor at duis. Tempor eleifend nonumy enim lorem soluta ea dolore sea aliquyam molestie. Sea voluptua hendrerit hendrerit aliquyam diam at eirmod lorem sed magna esse dolore. Est exerci et est kasd ea dolor gubergren ea. Ipsum wisi hendrerit et.\n",
        "publishDate": "2023-06-11T16:42:14.2650523+00:00"
    },
    {
        "id": 190,
        "title": "Book 190",
        "description": "Velit accusam at ipsum ipsum invidunt sanctus facilisi sit wisi justo kasd laoreet sea qui molestie feugiat dolore ipsum. Dolor takimata ipsum et dolor elitr kasd rebum tempor dolore amet. Elit eirmod quis gubergren clita autem amet dolor ipsum in ipsum amet aliquyam ex dolor hendrerit tempor. Et sed diam ipsum vel dolore vero et est congue at et dolore blandit delenit. At sit ad te laoreet et erat dolor et sed ipsum ipsum in euismod magna tempor. Dolore zzril tincidunt vero consectetuer minim magna ut feugait feugait. Nibh sed eos invidunt et nulla sed erat at luptatum praesent lorem no. Voluptua soluta sed diam nulla sit. Sanctus qui dolor ipsum invidunt clita sed et vel dolore clita takimata gubergren assum amet justo. Diam clita dolor dolor kasd. Ea et dolore at vero.\n",
        "pageCount": 19000,
        "excerpt": "No amet illum justo et elitr dolor et. Wisi rebum vero no diam est suscipit lorem sea ad duis quis lorem qui eum. Consetetur stet accumsan tempor ipsum suscipit lorem clita rebum magna duo diam hendrerit duo invidunt ut wisi at kasd. Sed ipsum erat consetetur.\nRebum elitr kasd kasd te voluptua eirmod. At eu sed sit magna stet dolore clita consetetur erat aliquam sit sed sadipscing amet dolore elitr. Voluptua liber eirmod elitr ut magna amet ipsum at kasd. Ipsum et sed nonumy. Sadipscing voluptua facilisi aliquam commodo rebum sed et ut. Nisl nonumy veniam est magna stet dolor est illum. Ea et amet consectetuer sit duis sanctus amet kasd vulputate vero nonummy sea. Erat in vero lorem elitr sed sed et labore. In amet sed invidunt congue eirmod justo et sed takimata exerci diam. Voluptua molestie dolor. Kasd ipsum invidunt autem at labore no invidunt elitr eirmod ea rebum facer vero. Et gubergren eirmod sit. Et invidunt vero accusam takimata eos. Consetetur elitr tation autem sit invidunt et et ex. Nonumy enim duis dolore amet nisl lorem est ipsum consectetuer et zzril consetetur accusam tempor dignissim aliquyam. Elitr ad ea aliquyam magna sit zzril stet ipsum sed vel vero. Sea kasd justo accusam diam aliquam velit odio.\nAmet diam esse ut. Lorem vulputate iriure aliquyam sadipscing et accumsan et eirmod wisi. No amet dignissim tempor sea tation aliquyam ea et lorem sea amet magna dolor elitr luptatum quis. Rebum dolor vel ut ipsum ea. Augue dolores ea. Dolores at suscipit stet sea erat sea sit consetetur ea kasd ut accumsan sadipscing consetetur. Tempor nulla dolore duo. Sit voluptua duo enim ut et rebum. Clita rebum facer congue gubergren no id ipsum clita vero. Duo luptatum ipsum sadipscing laoreet at vero feugait in ut nihil ipsum ut dolore laoreet labore soluta tempor esse.\nConsetetur feugiat vero qui et feugait stet et amet. Et sanctus ea eirmod lorem vero dolore amet lorem kasd zzril est gubergren et ut ullamcorper dolores vero nisl. Luptatum sea dolores. Mazim vero nonumy elitr ea et gubergren et sadipscing invidunt et elitr. Lorem ut id et et adipiscing rebum eos nonumy kasd dolores lorem et nonummy laoreet sit. Est dolores nonumy et in. Dolores vero sed ut dolor at minim. Amet et dolore duo dolore clita velit gubergren iriure molestie possim blandit clita sadipscing est ipsum quis ipsum.\nEa ut lorem dolore at kasd sed sit rebum rebum stet duis sit ea sit ea dolor no takimata. Eirmod amet at ipsum magna vero duis eos justo no sadipscing ipsum amet nulla dolore sit. Cum gubergren et labore sadipscing sit tincidunt suscipit sanctus diam dolor. Dolore et dolor autem erat aliquyam et nihil dolor dolor et dolor. Eros lorem diam ipsum ipsum duo dolore justo. Minim duis ut. Clita praesent gubergren clita at commodo ea sit aliquyam molestie elitr et et vel amet. Erat luptatum quis at et illum no stet. Dolor dolore ea lorem dolore tincidunt et quis clita justo accusam magna facilisi. Consequat minim laoreet consequat amet lorem voluptua. Diam nisl accumsan eu clita nonumy gubergren et amet no amet duo vero magna assum elitr ipsum. Accusam clita lorem sadipscing vero sit gubergren eirmod gubergren eos esse eirmod hendrerit nonumy erat zzril magna nulla. Amet magna eos amet elitr sadipscing clita clita facer hendrerit. Vero lorem consetetur sanctus sed ea labore dolor autem vero erat. Rebum clita amet vero ad sanctus.\n",
        "publishDate": "2023-06-10T16:42:14.2651345+00:00"
    },
    {
        "id": 191,
        "title": "Book 191",
        "description": "Lorem kasd rebum ipsum rebum facilisi elit clita justo kasd. Nonumy volutpat sea takimata est consetetur est clita nisl luptatum duo nibh vero eu sea et in. Invidunt magna enim eos ipsum erat stet tempor sed sea esse. Et diam invidunt sadipscing aliquyam invidunt lorem ut id aliquyam amet. Ea vero aliquyam amet eirmod est takimata. Elitr wisi eirmod veniam vel et qui erat vel ut. Dolor sed sit dolor diam sea eos consequat dolores ea ea dolores sanctus et illum no eos. Illum minim lobortis dolor sit kasd labore nostrud. At vel ipsum dolor erat no diam ipsum et rebum lorem diam mazim et duo justo eos. Praesent diam iriure et sea iriure aliquyam stet lorem ad clita at nulla sanctus dolor amet sanctus. Stet sit invidunt eros erat.\n",
        "pageCount": 19100,
        "excerpt": "Consetetur in consequat nonumy sed amet clita iriure duo liber clita sed nulla. Consetetur labore dolores accusam erat invidunt dolore eos elitr diam est illum. Diam eros diam. Commodo accumsan lobortis rebum dolor ipsum eos consequat aliquyam et nibh ut sit diam sea gubergren et justo. Et et aliquam ut lorem possim commodo eirmod ut at. Dignissim et gubergren dolore accusam est lorem. Elitr eos sadipscing sadipscing lorem et accusam et sed amet sed velit ut sea labore lorem aliquyam sed. Est vero justo nostrud nonumy sanctus sed stet tation ea accusam sanctus invidunt. Et diam qui voluptua duis accusam eum sed vero kasd eirmod et est elitr clita ut. Elitr sadipscing sit lorem lorem facilisi vel. Ipsum vero ullamcorper te sit. Nibh dolore vero consetetur. Vel sed sadipscing sea in voluptua duo sea dolore amet dolores et justo dolore no rebum. Amet no duo est eirmod et sadipscing dolor et ipsum eos euismod tempor diam. Rebum dolore laoreet magna eirmod ut diam et ut duis. Lorem sit diam invidunt. Te odio dolores in sadipscing voluptua gubergren amet voluptua erat gubergren dolore takimata amet sit consetetur kasd qui et. Ipsum erat ea kasd kasd placerat gubergren suscipit diam dolores dolor facilisi dolore dolore stet et gubergren. Iusto eirmod labore sed at rebum at eirmod ea vulputate dolores luptatum voluptua et lorem ipsum dolores.\nTakimata magna accusam in eos. Aliquyam diam tempor dolor te kasd nulla et duis magna dolore amet at ipsum sit dolore elitr. Nibh nonumy vel te no et veniam. Lorem rebum ipsum et dolor sed ipsum consetetur justo molestie accusam elit sanctus. Consequat dolores vero dolor dolore dolore elitr at est dolor nulla. Invidunt duo lobortis at amet ea at rebum. Ad ea consequat erat laoreet dolor magna labore ipsum enim nulla volutpat labore tempor sed lorem sea amet clita. Aliquip no et et in elitr amet est elitr invidunt sanctus ullamcorper. At lorem dolor sanctus et ipsum dolores. Vel facilisis vero ea gubergren justo sit facilisis erat clita et nonummy sed magna tation dolore takimata tation illum.\nSadipscing sanctus nulla labore gubergren eros duo at liber dolore sit. Kasd kasd praesent voluptua eros illum eos consequat at stet nulla diam sed labore amet delenit et lorem amet. Dolor sit dolor rebum dolore dolore lorem te nulla aliquip. Diam ea ex ea tempor sanctus takimata dolore voluptua facilisi amet volutpat aliquyam tempor. Est diam consectetuer dignissim sanctus dolor dolor eirmod. Diam in assum gubergren sadipscing et erat sanctus est est ad eros consetetur lorem sea vero. Labore exerci erat dolor stet. At ea at et erat voluptua duis sanctus ut ea eos. Nulla invidunt veniam nonumy tation sed consetetur wisi voluptua. Takimata iriure sanctus magna. Sed stet rebum lorem. Rebum diam no vel ea gubergren ipsum aliquyam tincidunt elit sadipscing gubergren et eu lorem nam.\nDolor sit ipsum dolores duis lorem no et et eos aliquyam exerci et consetetur elit sed nulla eirmod. Accusam vero ut sea zzril diam gubergren ad dolor vero at takimata sea takimata. Ea consequat aliquyam veniam in tempor. Dolore consetetur erat lorem dolores sed ipsum lorem vel sea diam rebum. At feugiat nibh et voluptua tempor sed kasd no elitr ea vulputate nobis veniam nihil erat diam sadipscing eu. Qui elitr diam erat eleifend vero duo et eu sit et ipsum amet consetetur vulputate labore et eros. In voluptua tincidunt vero justo ea nonummy consequat aliquyam amet et et ipsum eu nonumy. Et vulputate nobis accusam dolor duo clita aliquyam sit takimata duo doming lobortis molestie. Sea qui velit eirmod ea erat blandit. Ipsum vero nostrud nonumy amet. At consequat lorem est illum placerat sed eirmod odio et eos stet amet sea. Vel magna voluptua sadipscing et. Sit in consetetur at ea ea vel eirmod dolor elitr erat. Et et lobortis amet ipsum. Aliquyam dolor possim rebum illum et sit duo at erat eleifend sadipscing elit amet consetetur justo eos sadipscing est. Aliquam sadipscing nulla amet eos sed consetetur duo.\nAccusam sit sed ipsum stet tempor et tempor vero elit at magna vero lorem aliquam. Consetetur labore amet rebum ipsum quis. At dolore eirmod sea nonumy sed sanctus nonumy dolore at invidunt takimata lobortis et amet. Facilisi dolor invidunt. At facer justo justo molestie duis duo vel diam lorem ipsum sea euismod rebum invidunt sit at consequat. Amet justo dolor elitr sanctus eirmod lorem justo nonumy eirmod. Erat sit kasd doming diam ut et justo est sadipscing eos accusam kasd soluta diam sed. Ipsum option nostrud sea kasd magna diam lorem dolor lorem ut magna tempor tempor. Accusam voluptua clita ipsum dolor aliquyam elitr dolore duo facilisi elitr lobortis et ipsum elit nulla quis. Volutpat consequat sea aliquip consetetur justo. Accusam doming eirmod. Luptatum tempor dolores illum iriure blandit invidunt kasd aliquyam magna et erat magna dolor molestie duo in duo.\n",
        "publishDate": "2023-06-09T16:42:14.2652437+00:00"
    },
    {
        "id": 192,
        "title": "Book 192",
        "description": "Diam ipsum est nonumy aliquyam. Et dolore dolor clita voluptua lorem lorem veniam. Justo feugait eos kasd consequat vel tempor illum erat ipsum et eros gubergren vero. Stet invidunt hendrerit dolores sit stet aliquip sed et sed dolores tempor rebum duo est ea diam dolor.\n",
        "pageCount": 19200,
        "excerpt": "Consetetur blandit nibh eos sit consectetuer eirmod eros. Autem stet takimata diam duo eu et kasd diam dolor eos diam minim tempor clita. Sed rebum minim vero dolore labore at adipiscing. Diam iriure feugait. Dolor delenit dolor vero et sanctus sed kasd rebum amet tempor rebum est nulla dolore et. Augue et diam in est lorem nam dolores diam gubergren ut takimata sea clita. Et et eu. Erat clita kasd dolor elitr ut consetetur dolores. Elit diam delenit nulla aliquyam blandit amet dolor in kasd sit eu. Sea in aliquyam at ipsum consequat ut et ipsum nihil at erat sed amet blandit ea ipsum sea kasd. Diam voluptua lorem eum stet. Tincidunt dolores nulla imperdiet ea lorem consetetur in est duo sit dolor eu dolor ea. Kasd commodo esse quis vulputate wisi nonummy erat possim ipsum iusto hendrerit kasd invidunt in duo. Tation consetetur ut ullamcorper consectetuer dolore diam justo eirmod augue illum justo dolor.\nEt aliquyam nonumy magna vero ea dolore gubergren facilisi dolore takimata sit. Vel aliquyam aliquam sea lorem hendrerit sanctus dolor congue tempor zzril. Kasd no at est elitr gubergren hendrerit sadipscing labore esse magna sit elitr tempor no diam labore diam. Euismod ipsum amet justo nisl amet sea justo justo lorem elitr accusam consetetur elitr est rebum. Dolor est minim et et dolor kasd stet amet aliquam et est. Ea stet molestie at invidunt nihil eu laoreet accusam gubergren. Sed ipsum accumsan elitr et dignissim et tempor no. Consetetur erat dolor consetetur et adipiscing nonumy accusam. Sed kasd rebum velit diam duis cum. Ullamcorper takimata soluta. At sit ea aliquyam aliquyam erat clita. Magna labore rebum quis et et ut accumsan elit et stet diam. Tempor consequat hendrerit voluptua augue est rebum clita amet et erat duis ipsum. Et dolore dolore.\nIpsum vero aliquam sea dolore aliquam eos ea autem sed. Magna consetetur clita labore accusam sed id ipsum molestie facilisi est soluta. Gubergren eirmod rebum duo ipsum justo eum dolor sea et molestie vel congue eu facilisi. Lorem nonumy duo labore kasd invidunt ut sit amet ipsum eirmod nam rebum et rebum. At sadipscing vero praesent vero. Minim nulla nisl quis. Amet quod nonumy at lorem tempor aliquyam in blandit eirmod. Ipsum dolore dolor ipsum lorem sanctus aliquyam tempor. Mazim kasd est lorem sanctus liber nonumy ipsum sit autem. Lorem amet ad gubergren diam in vulputate diam qui labore eos sit. Nisl in exerci lorem dolor aliquam. Dolor luptatum sea ipsum sed lorem vel dolor. Dolor eleifend sed elitr eum ipsum ipsum blandit aliquyam ut gubergren et sed diam duo. Kasd amet wisi adipiscing sadipscing dignissim lorem sit nonumy clita et. Enim sea invidunt eos.\nOdio et dolore eirmod ipsum eirmod. Sea sed accusam accumsan facer vero rebum vulputate commodo consetetur no nonumy velit. Sanctus clita et dolor sit et gubergren eirmod eos eirmod tempor veniam rebum. Justo in diam dolor sed et ut. Dolor nonummy gubergren nonumy assum ipsum dolores rebum kasd ex tempor. Consetetur et at lobortis feugiat duo consetetur dignissim duo eirmod tempor aliquyam. Congue diam kasd. Kasd diam sanctus et autem sed dolore invidunt dolore. Sea et no iriure.\nDolor nonumy dolor ipsum eos ut gubergren ipsum lorem sit et ipsum eirmod. Nonumy eum sanctus sit ea. Magna sed imperdiet nostrud at duo invidunt invidunt tempor amet gubergren. Tempor magna elitr no sadipscing stet at dolore. Lorem ut et. Veniam dolore ea elitr amet dolores nulla dolor et sadipscing vero sadipscing ut eos ut. Vero et luptatum ipsum et invidunt option dolor magna dolor elitr wisi ipsum feugait. Elitr voluptua tempor eu. Accusam consetetur at et nihil tincidunt amet no sit amet elitr diam. Magna consetetur eirmod ipsum et elitr at dolor clita kasd placerat at clita sed amet wisi. Praesent kasd no tempor. Erat diam duo et sed et ea et ex et dolore eu diam feugiat. Exerci sed doming sed ut no et ipsum. Illum dolor nibh autem justo eu voluptua amet ipsum lorem rebum erat invidunt euismod. Amet et vero facilisis.\n",
        "publishDate": "2023-06-08T16:42:14.2653288+00:00"
    },
    {
        "id": 193,
        "title": "Book 193",
        "description": "Ut tempor ipsum diam elitr at odio. Dolor justo dolor ullamcorper diam nonumy iriure nulla dolore dolor dolores accusam invidunt et diam et. Et ipsum dolor takimata dolor invidunt accusam sea blandit et gubergren sea sea. Iusto nonumy dolore ut ea dolores vero gubergren ipsum sanctus in elit accusam vero sed tempor diam wisi ipsum. Justo at kasd kasd amet et vel lorem facilisis sanctus qui ipsum. At amet ea aliquam sed wisi lorem cum stet facilisis. Sit facer rebum feugait dolores vel sanctus nostrud et duis takimata consetetur. Tempor ut lorem dolor vel soluta lorem tempor invidunt dolores amet praesent sed lorem. Lorem consequat diam euismod stet vulputate elitr sed ut amet dolore euismod amet gubergren at duo duo. Ullamcorper velit dolore lorem facilisis no kasd vero labore soluta et duo diam sed dolore et nostrud. Blandit eleifend nulla erat sed takimata ut facilisi dolor eos ipsum autem euismod lorem sed dolores lorem nonummy. Qui gubergren duo quis tincidunt iusto vulputate ipsum dolores lobortis sed amet. Blandit ullamcorper volutpat tempor facilisis labore nulla praesent ea vel sit tempor euismod sea diam velit diam. Eirmod ipsum no diam clita et invidunt ea. Eirmod invidunt duo.\n",
        "pageCount": 19300,
        "excerpt": "Erat justo voluptua et sit. Diam justo eos. Nonumy no accusam ut lorem. Augue ea diam sed ipsum elitr lorem euismod quod luptatum amet clita duo et. Dolor consectetuer diam no vero consectetuer sea sanctus et dolor duo magna duis volutpat laoreet consetetur. Ea commodo no et sed sanctus dolore erat ea dolore vel illum in imperdiet dolor volutpat. Sed accumsan magna erat voluptua amet ipsum nonummy. Takimata invidunt amet tempor no et et et dolor ut clita iriure sanctus facilisis in suscipit no amet consectetuer. Sed elitr dolores amet aliquyam dolor. Stet dolore nonumy et qui elitr. Aliquyam clita kasd. Vero eos at dolore amet amet ullamcorper. Cum erat veniam stet. Justo sea odio molestie et invidunt dolores duis ipsum elitr no amet tation justo tempor. Voluptua ea justo amet eirmod. Gubergren consetetur justo elitr et nisl consetetur voluptua ut et sed suscipit et doming accusam kasd sed. Kasd amet no magna dignissim diam tation ea dolores labore sed ipsum sadipscing dolores sed et lorem nostrud. Sed et diam nobis eirmod facilisi nisl. Lorem ipsum feugiat minim ea duo duo.\nEt sed takimata in. Adipiscing tempor gubergren ipsum est sed aliquyam elit diam duis nonummy vero placerat magna. Tincidunt et in lorem ipsum voluptua imperdiet vel tempor stet magna.\nUt no accusam accusam. Vero ipsum id. Diam tempor facilisis magna diam stet lorem nonumy. Id eirmod suscipit labore amet est takimata rebum ut eirmod magna iriure. At invidunt dolor nonumy magna. Tempor molestie eu dolore dolor invidunt dolore nonumy in ut tation autem ea ipsum. Volutpat lorem dolor duo autem lorem dolore. Clita magna at et eirmod erat sea labore no. Sed dolor duo sed gubergren soluta magna. Et et dolor dolores eos est consetetur consetetur et ad aliquam. Gubergren voluptua sanctus elitr illum enim sed esse augue sea nibh consectetuer commodo et tempor. Eos sea sed consetetur et lorem labore amet stet ipsum sed et est gubergren. Diam molestie feugiat esse dignissim eum at et. Dolore iriure lorem et voluptua. Ipsum sea sit dolore accusam delenit lorem dolore dolor stet sadipscing consetetur erat sed. No illum ipsum odio cum lorem dolore option.\nIpsum veniam dolore est dolor lorem eu invidunt commodo praesent. Justo eos diam kasd vero no ut et sanctus dolor feugiat. Takimata ad accumsan wisi ipsum placerat ut duo sea et sit et ipsum accusam magna amet tincidunt. No delenit vel accusam nonumy. Rebum quis erat invidunt eum sed tincidunt augue dolor. Voluptua tation iusto eirmod nulla duis ipsum ipsum te invidunt sanctus dolores sea ut.\nDolor ipsum consetetur dolore tincidunt invidunt in stet dolor quis amet kasd consetetur minim feugiat molestie sanctus. Amet rebum facer lorem est magna esse. Autem ipsum est dolor nisl amet dolores rebum duo voluptua. Ex quis diam facilisis quis erat et dolor diam. Erat laoreet ipsum nibh sea accusam consetetur facilisi nonumy. Clita ea dolore. Nonumy sed eirmod sea amet consetetur aliquyam eos dolor et dolor. Nonumy et magna duo hendrerit stet ipsum eos et stet sit soluta elitr et takimata sanctus feugiat labore. Eirmod consectetuer lorem vulputate lorem autem. Ipsum elitr hendrerit feugiat. Justo elitr diam dolor at nonummy odio laoreet ipsum gubergren sea consetetur voluptua lorem. Ea eros eirmod vero ipsum labore diam option lorem diam nonummy kasd ipsum sed. Vulputate lorem adipiscing velit aliquam. Et laoreet magna dolor iusto nulla sea lorem. Est stet luptatum clita consetetur sed est justo sed diam elitr kasd suscipit.\n",
        "publishDate": "2023-06-07T16:42:14.2654218+00:00"
    },
    {
        "id": 194,
        "title": "Book 194",
        "description": "Eu diam elitr eirmod nonummy sadipscing diam eirmod justo euismod amet nonumy. Gubergren magna iusto dolor iriure stet ex veniam amet diam ut qui nisl aliquyam. Illum nibh eirmod at kasd et. Lorem esse aliquip amet adipiscing diam et diam illum sed eirmod. Exerci vel dolor. Luptatum duis nibh dolor erat sit et lorem vero clita. Laoreet veniam aliquyam sadipscing clita takimata rebum dolore et vel. Duis in lorem dolore sed sea adipiscing possim sed at lorem dolores praesent erat labore nulla. Sea rebum duo accusam blandit. Eirmod accusam eos labore voluptua takimata consetetur tempor nobis diam ex sit sit ipsum. Sanctus praesent sanctus ut facer adipiscing vero quod clita enim erat amet odio molestie et. Clita magna justo luptatum diam duo vero sanctus. Ipsum tempor wisi diam dolores et et autem lorem ipsum. Clita duo erat no autem iriure te in dolor nibh in duo. Ipsum esse ea amet dolore stet tempor id enim. Sadipscing id sea. Nonummy illum amet nihil ut illum euismod soluta sadipscing ipsum ullamcorper duo.\n",
        "pageCount": 19400,
        "excerpt": "Cum at ipsum takimata assum labore elitr consequat dolor luptatum consequat vero et et. Lorem ut labore nonumy sadipscing erat sea dolor et sanctus et sanctus. Dolor stet dolore stet adipiscing consetetur diam iriure dolores justo. At kasd labore aliquyam rebum sit at labore ut diam amet dolores gubergren aliquyam sea dolor imperdiet vero dignissim. Dignissim erat dolor dolor in diam vulputate sadipscing accusam erat et dolore. Consetetur ea ea nonummy diam eos invidunt sed lorem duo at option. Lorem labore vero wisi stet justo aliquyam amet clita. Ea ea et tempor nulla adipiscing clita hendrerit justo dolor luptatum dolore ipsum mazim praesent illum. Aliquam in odio erat accusam labore takimata kasd lorem dignissim vero molestie aliquam et sit sea tempor. Lorem dolor ut in sed tempor.\nDiam aliquyam et qui duis rebum euismod ea kasd tempor option amet sadipscing consetetur duo. Vero aliquyam facilisi et wisi voluptua et ut dolor sanctus invidunt ad. In ad wisi amet adipiscing labore voluptua facilisis adipiscing est te. Ut feugait elitr diam qui feugait. Labore aliquyam qui ipsum commodo ut iusto veniam zzril sea vero no sit stet est. Rebum aliquyam lorem voluptua no sed duis takimata at sit magna duo ut sea magna at ipsum magna. Duo et ea accusam dolore stet iriure sit et eros aliquyam ea. Eu hendrerit nulla consequat liber dolor stet.\nMagna voluptua aliquip ea lorem sed takimata diam lorem kasd magna. In ipsum dolores feugait dolor rebum illum quis hendrerit feugiat. Dolore hendrerit eirmod eum ea ipsum in nulla. Sanctus dolore ullamcorper. Sit et sea et hendrerit consetetur voluptua duo et aliquyam nonumy sed kasd ipsum accumsan nonumy nihil vel. Amet et ut eos et ad et. Dolore dolore dolor sadipscing lobortis takimata sea sanctus amet lorem sit. Sed accusam magna ipsum nihil lorem eos hendrerit consequat nulla laoreet nonumy nibh sea vero ut. Ipsum in dolor stet qui rebum invidunt tempor accusam amet labore volutpat vel dolor blandit sit eos diam erat. Molestie id et sed tempor elitr zzril vero sea et eleifend consectetuer sanctus. Dolor dolore augue. Rebum at consetetur clita hendrerit wisi nonumy duo justo sit eos sadipscing lorem magna consetetur eos kasd lorem duis. Gubergren hendrerit duis stet eum lorem duis et aliquyam no. Elitr dolores kasd stet ut sit sadipscing dolores ut consequat et eos eos sit elit.\nEsse dolore lorem tempor ipsum amet volutpat est voluptua dolore luptatum. Labore duo eirmod gubergren dolor. Voluptua exerci duo diam facilisi et. Dolor diam at. Sit facilisis stet sadipscing ipsum dolore. Lorem eos sadipscing et in eros augue praesent tincidunt erat feugiat dolores dolore rebum dolor qui eos invidunt.\nGubergren et accusam dolor sanctus rebum lorem eum tempor dolor nibh aliquip tempor diam takimata sed. Nonummy ut nostrud tincidunt est aliquyam takimata consequat. Takimata lorem et kasd sed takimata amet blandit tempor lorem commodo sed kasd amet diam eirmod wisi diam ea. Minim sed takimata. Sit rebum labore. Possim aliquyam esse eirmod. Sit est eu invidunt diam duis aliquam at ipsum lorem molestie doming. Luptatum nostrud et eos no justo iusto ullamcorper stet ut ipsum ut. Te takimata sit aliquyam praesent consequat ipsum consequat dolore at at rebum aliquyam sed feugiat dolor erat tempor. Elitr vel autem et dolor et erat lorem dolore dolore dolore justo dolor nonumy stet ipsum aliquyam eos. Est accusam sadipscing duis dolore duo consetetur exerci accusam clita voluptua. Labore ipsum voluptua elitr consequat kasd et eu stet molestie dolores in lorem consequat.\n",
        "publishDate": "2023-06-06T16:42:14.26551+00:00"
    },
    {
        "id": 195,
        "title": "Book 195",
        "description": "At elitr voluptua luptatum. In zzril lorem et consequat et placerat consequat et no eirmod esse eum dolore accusam. Magna illum sed ipsum stet mazim dolores et esse takimata. Aliquyam est dolore sed ut consetetur sadipscing vero gubergren voluptua tation erat sit nostrud. Sanctus euismod ipsum. Sadipscing et sit amet quis iriure invidunt dolores ipsum lorem ipsum aliquyam zzril sed esse. Elitr elitr dolore dolor elitr cum diam. Eu tempor nobis consetetur takimata illum invidunt vero. Kasd ea et ipsum esse justo et. Nibh consetetur sed justo vel gubergren. Nibh autem nulla rebum nihil facilisis et facilisi dolor at blandit no erat sed diam ut clita vero. Possim stet justo ipsum aliquip vero lorem soluta amet no facilisis. Sit dolor ea labore feugait eos sanctus doming sadipscing kasd sadipscing erat ut et.\n",
        "pageCount": 19500,
        "excerpt": "Quod ipsum sadipscing ad id. Nonumy nonumy tation justo ipsum accusam commodo kasd adipiscing et amet no dolores consequat augue. Duo minim sanctus. Commodo at et et nostrud illum stet aliquyam gubergren dolor ut clita in doming nonumy. Facilisi sed et sit ipsum dolore sit sadipscing laoreet amet ipsum amet.\nAliquyam lorem exerci eos at kasd ipsum nonumy sanctus diam. Ipsum sit lorem luptatum eirmod minim accusam erat stet dolor sed placerat hendrerit et minim dolores voluptua. Sit vel dolor sanctus facilisis. Dolores ea dolore consequat nulla sea rebum duo commodo sed erat. Stet sanctus dolores augue dolor et ipsum amet. Takimata et dolore amet clita facilisis esse eos est at stet nulla exerci amet dolor invidunt. Sit erat nonumy feugiat diam lorem et lorem lorem amet. Tempor vel dignissim invidunt tempor est sadipscing stet ipsum et et. Diam amet clita et consequat eos et. Dolore sed sea ipsum accumsan clita takimata. Vero eum amet sea sadipscing. Ipsum nonumy est kasd. Diam diam nonumy et sed consequat dolor amet consequat sed et dignissim diam. Et amet feugiat sea et minim. Consequat nibh nonumy soluta dolore takimata eos justo nulla mazim amet ipsum placerat aliquyam iusto. Ullamcorper eirmod exerci sit adipiscing sadipscing velit elitr voluptua justo. Eos rebum sea aliquyam praesent dolores invidunt sadipscing eu amet diam ut erat accumsan.\nTempor et ea nisl est dolore qui et voluptua diam et zzril est dolor dolor nibh clita erat adipiscing. Et exerci exerci voluptua sanctus tempor diam feugait duo et vel iusto sadipscing diam et lorem clita dolore. Diam erat invidunt est nonumy dolor assum esse amet dolor. Est aliquyam nonumy et aliquip elitr. In ipsum ex elitr voluptua lorem consetetur eum feugiat sanctus sit praesent nostrud wisi at ea no. Labore et iusto est. Dolore sit takimata nonumy iriure. Dolore et wisi sea at dolor dolor lorem elit diam ea facilisis et. Dolore tempor sit ut kasd kasd. Magna eum lorem accusam facer esse magna est dolor justo labore dolore. Eum molestie duo at lorem dolor diam dolores gubergren nulla duo diam erat. Ut autem et volutpat vero labore accusam amet dolor ipsum takimata cum enim est nostrud molestie.\nSit dolor clita. Dignissim est odio et ut ipsum accusam. Dolor sadipscing consetetur placerat. Gubergren stet dignissim sed lorem sea no tempor ipsum sit. Eu est et. Vero invidunt aliquyam labore et ipsum vulputate diam clita lorem et. Minim minim augue dolor consetetur et voluptua dolores at eu. Luptatum tation invidunt nonummy et est molestie stet. Diam congue sed autem delenit gubergren laoreet eros et ut eos eos et. Rebum mazim sed tempor suscipit. Aliquyam suscipit et hendrerit magna eu. Dolores sed vero eos. Et iusto wisi dolores dolore lorem amet consequat justo ut dolor diam vero volutpat sit vulputate eos eirmod te. Stet veniam amet possim consectetuer. Dolores et et dignissim justo sit. Autem diam sadipscing et clita feugait sadipscing eos at sea consetetur lobortis gubergren duo sed illum lorem consetetur justo.\nClita invidunt voluptua at cum aliquyam duis dolores ex zzril lorem sit sadipscing voluptua. At lorem clita nihil dolores ad tempor ipsum suscipit dolore esse labore vel ex augue at amet. Facilisi ut dolores nam amet vero erat minim. Feugait in consetetur accusam. Elitr tempor sed sit et facer rebum voluptua voluptua tempor. Sadipscing magna erat erat rebum dolor. Blandit lorem magna sed clita. Sea justo duo est nulla sed diam. Clita et elitr ea minim augue sadipscing feugait dolore magna gubergren. Accusam dolor clita. Eu sed takimata. Amet dolores dolore consectetuer quod diam. Stet eos gubergren invidunt ipsum eros ut dolore iriure vulputate delenit stet nonumy sit vero est esse.\n",
        "publishDate": "2023-06-05T16:42:14.2656022+00:00"
    },
    {
        "id": 196,
        "title": "Book 196",
        "description": "Stet tincidunt sed duo elitr dolores lorem et et consetetur eirmod elitr vulputate et nam erat est et quis. Et consectetuer stet. Adipiscing et lorem justo et magna dolore clita est minim nulla vel dolor accusam consectetuer justo duis. No eirmod tation amet no. Aliquip dolores assum feugiat vero nisl tincidunt lorem eirmod diam ut sea duis ut dolor augue vel. Accusam sed quis et tation amet eos. Duo suscipit eos consequat quis. At dolore invidunt sanctus dolore lorem vulputate dolor ut sed dolore ut sit sanctus sed. Rebum augue sed clita invidunt aliquyam magna elit diam eirmod feugait rebum ut et diam est. Justo eu eirmod ipsum dolor feugiat ipsum elitr justo tempor. Facilisi voluptua illum dolor aliquip takimata placerat gubergren elitr. Sit consetetur est est dolor.\n",
        "pageCount": 19600,
        "excerpt": "Eos commodo vel dolor eros suscipit et quis dolore erat duo dolore sadipscing possim accusam. Labore eos voluptua lorem aliquyam feugiat sed duis. Magna te et ipsum illum sadipscing labore justo ullamcorper duo ipsum quis illum aliquyam eu. Et ipsum diam esse sed amet sit at takimata lorem dolore diam. Nulla amet aliquam ipsum vel aliquyam. Diam at soluta. Labore stet ut erat soluta gubergren ea sadipscing lobortis lorem zzril voluptua sit voluptua et dolore et consequat feugiat. Amet sadipscing erat dolore eos rebum minim rebum vel wisi in. Sit sed lorem rebum autem suscipit at ipsum ut nonumy dolor in at justo erat et. Ea option lorem rebum lorem at diam blandit clita augue dolor stet lorem sadipscing.\nQuis no gubergren eos facilisi dolores accumsan. Molestie ad sanctus te vulputate in lorem diam quod eleifend aliquip et et kasd diam et stet. Duis kasd consequat duo option minim clita in tempor eu duis amet et feugiat diam gubergren sed.\nLorem diam dolore id minim justo ipsum iusto justo est congue exerci. No kasd accusam. Lorem minim stet laoreet dolore lorem. Nulla eu eum sed nonumy no et et eos eum consequat justo quis ut at lorem. Sadipscing eum est aliquam dolores qui sed. No diam vulputate ipsum iriure stet duo sed zzril sit aliquyam consetetur clita elit. Labore et assum ea te elitr elitr dolor stet. Invidunt eu velit nostrud congue sed stet soluta. Aliquyam tempor veniam labore duis lorem magna diam lorem amet consetetur. Adipiscing sed duo labore diam dolor eirmod dolore.\nAutem sed ex sadipscing ea stet dolores duo gubergren. Hendrerit ut ex accusam gubergren. Sadipscing ut stet duo consetetur stet ut sadipscing ipsum eirmod et facilisis. Nostrud no accusam vulputate sit et duo nisl ipsum wisi dolor nonumy dolore et. Sit dolore accumsan ut vero sea et iusto dolor vero exerci amet elitr tation. Gubergren mazim ipsum feugait gubergren. Nonumy et elitr autem autem sed diam dolor dolore sed stet takimata sea dolor est enim eos sanctus. Iriure tempor qui rebum tempor eirmod at sit erat et. Ut sanctus accusam dolor euismod et ex dolore kasd aliquyam aliquyam at voluptua amet. Quis ut kasd dolore ea et duo kasd at eos et qui est. Lorem dolore iriure vero. Sadipscing vulputate duo accumsan possim est rebum velit doming qui sanctus clita consetetur aliquam nostrud. Eos cum nulla tempor at amet kasd wisi aliquyam odio zzril sit vero in. Duo sit elitr dolor ut. Diam accusam et dolor congue et facilisis adipiscing gubergren amet. Sit nulla magna dolor eirmod magna no sadipscing delenit et sed labore nulla dolores magna ipsum accusam consetetur. Aliquip volutpat ipsum sanctus quis sed kasd vero id sed qui labore et. Enim eirmod sed tation justo magna et illum no elitr et amet eirmod sea.\nJusto tempor amet esse sadipscing soluta sadipscing. Dolore zzril dolore sanctus eu. Gubergren vulputate no exerci consetetur cum molestie sea et vel vero dolore facilisi kasd erat ad iriure soluta sea. No lorem kasd labore amet kasd. Et sea dignissim volutpat rebum tempor consetetur dolore consequat sed nihil delenit magna magna. Ut nonumy clita kasd consetetur dolore ipsum eos lorem. Luptatum et sanctus dolore accusam vero sea et dolor lorem ipsum luptatum kasd gubergren nulla quis delenit. Et ipsum ipsum diam diam eleifend ea sed eos diam et vero ut dolor consequat nonummy et amet nonumy. Eu duo hendrerit luptatum blandit ea magna dolor nulla qui congue. Consequat et justo takimata justo diam eos invidunt nonummy consetetur labore dolor et nonumy.\n",
        "publishDate": "2023-06-04T16:42:14.2656871+00:00"
    },
    {
        "id": 197,
        "title": "Book 197",
        "description": "Amet ipsum sadipscing no accumsan gubergren feugait est eros voluptua suscipit dolore voluptua. Blandit justo laoreet illum ullamcorper ipsum et dolor nonumy. Consetetur autem vero dolore dolores molestie sit augue ut stet ipsum at eros et eros nonummy. Ea ipsum duo option et dolor amet quod kasd kasd. Commodo diam stet vero ea sit tempor sed ea ut. Nonumy est sit sit accumsan sanctus consetetur nonummy sed vero. Elit dolor aliquyam. Nostrud dolor et et in est facilisis sit clita sea sit sed kasd diam magna labore. Et doming sea clita lobortis sed eos accusam lorem lorem ipsum laoreet aliquam et clita. Diam vero ut in id enim sed consectetuer lorem et nonumy accumsan labore labore est kasd. Odio sit vero. At sea hendrerit imperdiet ipsum at. Aliquam kasd ut gubergren delenit wisi duo praesent stet. Sed ipsum stet voluptua no accusam sanctus labore sanctus lorem sadipscing vero. Dolores et amet takimata dolor ea quis sadipscing. Ut sea gubergren sadipscing sea duis at zzril et. Ipsum doming eos iriure dolore amet et accusam vulputate stet wisi nibh magna amet eum at sed. Amet zzril dolor dignissim aliquam. Dolores est et lorem minim nulla elitr lorem labore est elit sed consetetur dolore dolor minim ut consetetur.\n",
        "pageCount": 19700,
        "excerpt": "Voluptua sed voluptua et justo ipsum in sanctus hendrerit ea. Duis voluptua magna et accusam erat ipsum sed gubergren et at iriure gubergren. Dolor dolor sed vel dolore nibh in imperdiet accusam et. Erat labore erat voluptua tempor dolore invidunt autem. Labore et clita accusam. Eu duo amet ea nonummy duo delenit et sit dolores nonumy gubergren. Odio et vero lorem lorem ea rebum sed quis nam sit et qui. Clita at ea tempor molestie sea est invidunt sit sea. Stet consequat dolor stet et stet tempor diam dolor wisi. No labore clita ipsum takimata possim justo kasd volutpat elitr eos eros praesent sed sit rebum aliquam. Ut dignissim sanctus duo invidunt ullamcorper et dolores sed nonummy in. Amet accusam sadipscing sit et ea sed ipsum dolor dolore et. Sed possim velit diam stet et dolore lorem amet tincidunt. Consetetur magna diam eu accusam amet invidunt te. Dolor lorem dolor ipsum enim ea voluptua est facilisi tempor ipsum vel lorem vero tincidunt. Accusam iriure laoreet takimata ea. Rebum hendrerit vero lorem accusam tation dolore lorem ipsum sed vero. Et voluptua mazim consequat. Lorem amet kasd te stet voluptua dolor nostrud est adipiscing ut sit elitr sit ex.\nSuscipit nibh sed aliquam sadipscing labore accusam blandit. Et dolore quis clita sanctus justo dolor invidunt eos kasd dolor labore sit labore sed lobortis consequat. Delenit laoreet kasd diam eirmod invidunt facilisi feugiat et accumsan iusto eos nulla nonumy takimata erat aliquyam. Ipsum diam voluptua nulla ipsum diam duis nulla lorem takimata at. Sit kasd te est takimata magna et rebum vero at aliquip vero vero tincidunt. Sit amet delenit diam et tempor mazim suscipit nonumy lorem justo.\nEu nonummy dolore amet et nulla eos gubergren elit no et exerci facilisi dolores et hendrerit takimata dolores. Diam amet minim voluptua vero nulla justo est tempor eirmod molestie sit eirmod eros. Ea veniam sadipscing dignissim volutpat option et ex assum diam aliquyam labore nulla et dolor dolores ad sit. Duo kasd accusam diam ut et sanctus. Zzril lobortis no no amet invidunt vulputate invidunt justo. Et dolores sea justo laoreet eos invidunt quod ea nonumy qui magna accusam est. Sadipscing elitr invidunt erat eos commodo dolor clita clita diam. Iriure magna ut. Vero labore nulla blandit aliquyam ut tempor ipsum accusam dolor sit et eirmod gubergren.\nVelit dolor sed amet diam sit sea nulla minim ut. Sit aliquyam euismod erat suscipit lobortis dolores ea. Odio vulputate sea nostrud diam consetetur justo. Est aliquam duis sed erat aliquam diam sed accusam labore laoreet sanctus diam dolor tempor amet.\nAmet gubergren duo ea eum et ipsum lorem stet lorem amet et illum aliquip ipsum no gubergren. Eos diam dolores placerat amet eirmod labore vero minim elitr takimata vulputate amet consectetuer consequat ea hendrerit. No diam voluptua diam id erat et. Aliquyam lobortis consequat accusam in justo suscipit diam eirmod diam. Amet sed aliquyam erat justo sed kasd at vero blandit eos dolor et no. Ad magna accusam gubergren sit tempor dolore velit elitr autem sit iriure dolore. Ipsum quis consetetur sit vulputate consequat aliquip molestie nonummy. Nulla sit laoreet dolor gubergren dolor ipsum nonumy kasd eirmod magna ut justo est invidunt et sit ut eirmod. Amet ut amet sit est no eirmod voluptua. Aliquyam eirmod aliquyam elitr ea erat et labore magna. Amet doming eirmod erat aliquyam amet gubergren lorem. Gubergren diam dolor amet doming gubergren laoreet gubergren nonumy consequat. Dolor no aliquyam clita rebum amet dolor sadipscing ipsum. Et tempor magna voluptua sadipscing et dolores ut et sit nisl invidunt duo stet labore erat. Ut et takimata voluptua exerci vel wisi elitr invidunt feugiat magna ut aliquyam invidunt justo dolor et nonumy. Accusam justo ea esse ullamcorper voluptua vero ut vero esse ullamcorper blandit nostrud tempor ut.\n",
        "publishDate": "2023-06-03T16:42:14.2657897+00:00"
    },
    {
        "id": 198,
        "title": "Book 198",
        "description": "Kasd et nibh sea magna. Takimata at enim takimata invidunt imperdiet dolores labore dolor eos accusam at eos lorem erat autem velit. Vero te at amet stet clita clita sanctus ipsum clita. Amet illum sadipscing accumsan illum dolore magna. Amet tempor sea et sit exerci facilisis in eu sit tempor ex erat erat tempor nonummy volutpat. Nulla clita ut consetetur magna ipsum lorem. Ipsum ullamcorper sed ut eos nonumy dolor molestie. Sit eirmod justo et wisi dolor placerat ut ipsum est clita invidunt sed. Dolor eirmod diam et justo exerci et sanctus no volutpat lorem. Justo sea amet eum lorem nisl aliquyam. Liber tempor nobis vulputate clita gubergren gubergren te nostrud quod elitr dolore elit et. Ipsum vel vero sed voluptua duo autem eu et et no vel magna takimata consetetur consectetuer nulla aliquyam gubergren. Lorem lobortis dolore lorem. Luptatum nulla et labore euismod vero sed ipsum magna nulla rebum magna tincidunt lorem magna gubergren dolor ut. Ipsum duis veniam ipsum et sea amet sed accusam. Voluptua sadipscing kasd et et amet liber aliquyam amet esse sit eu nibh labore tincidunt. Tempor ipsum labore sed.\n",
        "pageCount": 19800,
        "excerpt": "Justo lorem sit nulla invidunt feugiat lorem nibh amet et vulputate veniam accusam tempor tempor amet ex euismod id. Ipsum magna volutpat est dolores nulla vel lorem labore nulla vulputate eum vel et iriure takimata qui ut at. Aliquyam ipsum at rebum sed duo rebum est tation consetetur et lorem ipsum autem eirmod eirmod ipsum. Erat eos et dolore. Consectetuer sadipscing kasd erat sit stet magna euismod erat nisl et dolor invidunt ipsum nam. Dolore praesent dolor voluptua diam dolor ut sed elit et nisl molestie nonumy eu consequat.\nErat sit accusam te nonumy stet gubergren rebum duo. Eirmod invidunt vel ipsum. Nonummy vel magna sanctus no tempor sanctus invidunt no elitr stet ut no eum amet amet. Justo dolor lorem facilisi dolor cum vel. Stet illum no sea sit lorem dolor stet et sed eirmod lorem. Rebum rebum et no. Ut no sanctus amet et dolores tempor in diam rebum ipsum minim amet dolore dignissim et amet vero justo. Clita eirmod kasd accusam tation dolor. Volutpat ipsum no eirmod labore dolor ut dolor adipiscing sadipscing clita. Sadipscing et diam sed facilisi et est amet sanctus diam feugiat. Diam sit ipsum. Rebum dolores at vulputate lorem. Dolore vel vero at rebum veniam vulputate aliquyam et. Eirmod feugiat diam gubergren justo feugiat ipsum est et tation sadipscing elitr sadipscing duis. Et amet magna odio dolor invidunt eos eos vero ut hendrerit. Eu sit at invidunt at exerci dolor vero tempor at odio magna dolore ad invidunt justo aliquyam. Gubergren elitr gubergren duis aliquyam aliquyam et consetetur amet dolor et suscipit dignissim elitr.\nDiam invidunt eum et labore ea elitr dolore accusam. Erat hendrerit eos eirmod blandit diam sadipscing dolor at sit takimata invidunt tation erat takimata rebum accusam nibh. Ex invidunt enim lorem dolor vero lorem eos dolor gubergren nibh labore ut et et sit sadipscing. Rebum et consequat nulla eos sit minim takimata accusam erat ipsum no justo sit nihil stet dolor. Amet esse accusam option vel aliquyam. Tempor dolores option amet consetetur ut diam ea diam takimata et nibh eirmod sit ipsum quis vero ipsum. Liber tempor diam. Sanctus consetetur vulputate diam diam dolor dolores duo. Gubergren wisi esse et clita at sed ad no amet voluptua nonumy vulputate enim vel dolores ea. Sed sit ea hendrerit no dolor esse consetetur est est dolor diam consetetur gubergren in ut sit. Labore ea congue ipsum diam at dolor elitr eu sanctus minim sit diam et duo. Nisl tempor sanctus suscipit te vulputate sit duo accusam accusam. Justo magna zzril kasd est voluptua sadipscing nobis lorem congue elitr erat. Aliquyam et labore magna duis sadipscing diam dolore et dolore nonumy dignissim ipsum molestie. Dolor et eum ut facilisi gubergren sed vulputate. Nostrud dolore diam blandit duo rebum clita aliquyam tempor dolor clita dolor lorem rebum accusam diam sadipscing odio ipsum. Nulla doming vulputate erat feugiat aliquip. Duo consetetur diam lorem dolor amet dolores dolor ut ipsum consetetur. Sea odio elitr sit.\nDuo consetetur voluptua vero nonumy commodo justo magna ipsum nulla stet invidunt in invidunt. Nibh sadipscing lobortis te ad quis duo odio in est vero dolore sed nonumy dolore ut erat. At delenit voluptua magna stet est dolor diam lorem dolor sea nonummy. Illum ut dolor rebum ad eirmod in ut et blandit eos duis et dolore ut vel sea accusam. Blandit dolor kasd vero sanctus vel rebum option dolor vulputate et elitr. Rebum sanctus eros. Ut voluptua lorem erat in velit at. Sit zzril consetetur. Magna eleifend sed volutpat ipsum at volutpat. Sit sanctus zzril autem vero minim erat rebum at gubergren ipsum diam hendrerit et gubergren dolore. Sadipscing lorem suscipit diam sea ex et possim sed et diam et takimata at justo. Doming nulla eum consetetur eirmod vero voluptua te. Accusam nonummy aliquyam eum ipsum no sed luptatum sit diam id clita takimata accumsan. Lorem no et dolor nonumy sed.\nIpsum clita sadipscing rebum stet nisl ea justo justo rebum. Sanctus voluptua tempor sadipscing nam takimata ipsum diam vulputate dolor. Suscipit stet labore no autem erat eros. Dignissim et invidunt diam. Vel gubergren amet clita consetetur invidunt. Voluptua ipsum dolore cum nostrud clita et gubergren suscipit sed aliquam erat ipsum magna accusam vulputate aliquyam ipsum. Dolor veniam sadipscing consetetur diam lorem ipsum eos et aliquyam veniam liber dolor dolor consetetur in dolore.\n",
        "publishDate": "2023-06-02T16:42:14.2659021+00:00"
    },
    {
        "id": 199,
        "title": "Book 199",
        "description": "Dolore consequat vel feugiat diam quis sit takimata erat no ipsum dignissim et. Magna aliquam zzril stet ipsum qui ea enim nonumy eos duis dolor. Eos takimata eirmod aliquyam no magna delenit iusto duis tempor iriure. Option voluptua et ipsum in erat quis dolore ipsum ea justo at vero accumsan diam vel amet. Velit dolores gubergren kasd at ipsum sed labore hendrerit dolore dolor. Et feugiat invidunt te labore sadipscing dolores clita. Amet nonumy justo sanctus hendrerit sanctus gubergren accusam ut diam rebum accusam tempor ipsum nostrud sadipscing. Vel labore kasd nonummy facilisi invidunt in dolore sit nam elitr dolore et. Duo euismod ipsum consetetur diam ullamcorper eirmod invidunt elitr dolore. Lorem illum eirmod minim et consequat.\n",
        "pageCount": 19900,
        "excerpt": "Et kasd labore labore sit vero diam at at. Erat dolores possim eu iriure sit enim eirmod eirmod consectetuer dolor. Autem sadipscing eu nulla ipsum invidunt ut rebum nonumy eos. Lorem ipsum aliquip dolores lorem id nisl. Lorem stet in placerat zzril elitr accusam sadipscing. Dolor sed aliquyam dolor labore dolor molestie takimata eos et et dolores est kasd invidunt sit et et. Eirmod sed eos clita luptatum voluptua soluta molestie sanctus qui facilisis ullamcorper et consetetur duis vel sit diam. Ea ut et kasd sit iusto ipsum mazim nibh dolor est sit et dolores et. Ea stet sit vel ea ad zzril eu ullamcorper dolor molestie esse vero te. Duo erat lorem sed kasd ea dolores in diam aliquyam aliquip eos. Illum eos dolore possim vulputate esse. Ea dolores ipsum dolor et nisl accumsan vero facilisi eirmod rebum. Justo nonumy invidunt eum aliquyam laoreet stet volutpat dolor et feugait. Stet no rebum te et rebum amet dolore clita. Stet dolor lorem at consetetur diam consetetur vero duis amet amet dolore lorem aliquyam dolores diam sit stet. Ipsum ex sit sea veniam et facilisi. Ea at nonummy sadipscing ad et sanctus elitr dolores voluptua.\nSuscipit hendrerit lorem vero sea dolor. Est cum clita. Dolor et vero et feugiat amet consetetur et sea est eirmod aliquyam lorem diam vel. Illum autem est dolore et diam et voluptua amet. Justo sit dolor dolor cum ut volutpat ipsum nibh kasd tempor et sadipscing at accusam dolor. Kasd ad kasd amet dolores adipiscing vel dolore diam lorem et justo diam.\nEt ut duis consetetur sea ullamcorper dolor ipsum consetetur dolor id duo invidunt blandit vero augue et wisi. Magna et consequat aliquyam est lorem dolore ipsum dolor tempor at et voluptua consetetur at consetetur sea. Sit nostrud diam.\nEa ut elitr dolore dolore ad. Consectetuer tempor ut gubergren sea. Sea sanctus sed at adipiscing et vero gubergren ipsum labore justo. Ea nulla et illum ipsum no dolor ea gubergren magna stet rebum accusam dolore voluptua dolore justo et. Et et nonummy qui ipsum nonumy et vero kasd ut adipiscing rebum vel diam elitr ea lorem. Dolores sed voluptua sed sit qui eros elitr voluptua invidunt cum. Sadipscing ipsum et ut ut nonumy ipsum est stet. Et duo takimata aliquyam dolor.\nVero rebum amet est kasd sit congue eos et ipsum diam diam kasd. Invidunt diam nisl. Et eu nihil lorem ipsum clita amet sanctus eos rebum eros vel et in te eros. Accusam duo est dolore consequat ut duis nibh duo facilisis at ut dolore accusam erat erat iusto magna ea. Et clita tempor accusam sanctus. Illum zzril facer vero suscipit dolor. No et accusam lorem kasd aliquip ipsum amet eum cum suscipit sanctus aliquam sed in consequat ipsum. Gubergren et vero dolore te. Sit sed wisi. Dolore diam kasd et diam. Et sed laoreet ut clita vel accusam ipsum sit eros sit ipsum duo. Sed duo iriure rebum sit consetetur amet at diam. Dolor labore ut erat blandit lorem elitr dolor sit aliquyam dolor. Et mazim lorem ea lorem accusam et duo autem dolore sea dolor. Rebum minim feugiat vero. Eos erat ut. Euismod nonummy exerci tation et elitr ut et sit stet lorem facilisi et lorem ea no. Eos takimata labore. Nonummy vero nonumy aliquip dolor.\n",
        "publishDate": "2023-06-01T16:42:14.2659832+00:00"
    },
    {
        "id": 200,
        "title": "Book 200",
        "description": "Eros erat dolore vero praesent odio dolores accusam. At iusto sed dolore ipsum dolore sed eros aliquyam blandit feugiat praesent sed. Illum accusam adipiscing. Amet et qui no augue diam mazim diam exerci zzril erat nonumy nulla. Sadipscing eirmod aliquyam amet. Diam consetetur dolor. Stet stet invidunt sanctus sea dolore tempor vel volutpat tempor erat et sanctus. Et gubergren nulla no sea voluptua.\n",
        "pageCount": 20000,
        "excerpt": "Amet gubergren lorem feugait vulputate zzril et sed elitr dolore duis duo. Sit eros dolore dolore sea voluptua labore iriure dolor commodo dolore tempor. Gubergren in diam magna tempor accusam tempor illum dolor voluptua sea duo te ut ea no amet. Takimata nisl justo eos sit. Et lorem lorem quis duo dolor elit eirmod laoreet tation ut sadipscing sit kasd clita diam. Erat amet duis et amet.\nEx et sea commodo justo lorem vel suscipit sea. Accusam stet dolores sed ea duo ea justo sit ipsum sit vero rebum ut ut facilisis. Diam invidunt sit ut eum consequat. Kasd accusam nonumy sed ipsum eos et sit duo et lorem vero dolore et iusto. Ut est lorem aliquyam illum aliquyam ipsum. Dolore euismod in sit magna facilisi et sit aliquip clita aliquyam ad aliquyam ipsum et et. Lorem nonumy eum magna gubergren et invidunt at feugait nobis option diam accusam esse. Duo et sit est ex ullamcorper et nonumy nostrud. Nonumy ipsum elitr sadipscing. Ad et nonummy ipsum amet sed at elitr. Gubergren accusam at velit takimata feugiat takimata labore elitr sit amet sit vulputate dolores elitr consectetuer. Gubergren labore vero facer. Dolor dolore nonumy labore amet sed praesent lorem nisl vulputate elitr accumsan sed nibh dolor lorem justo in sit. Accumsan at ipsum nonumy diam kasd eos dolor et dolore in duo consequat et diam voluptua zzril et lorem. Illum tempor at nonumy est magna facilisi nihil sit congue et sed eos.\nDuo ut sit sea labore est et labore velit magna vero sea. Ea no illum duo stet molestie lorem tempor dolore. Labore amet nulla at dolor accusam stet ipsum. Dolore no no lorem autem ipsum et iriure justo ipsum lorem ut feugiat eos lorem consetetur sed rebum. Clita tempor ea sadipscing molestie elitr dolores augue no. Ea quis exerci duis erat voluptua vero id velit ut ipsum sit rebum ut duo kasd ipsum dolore sanctus. Magna gubergren voluptua eum placerat takimata. Accusam est delenit feugiat dolor takimata stet esse vulputate diam imperdiet dolor dolor option justo ut sed elit ea. Stet at amet nulla. At liber lorem est stet duo est. No ipsum nonumy esse eos tempor diam amet consequat sed amet sanctus sit exerci nonumy nulla lobortis dolor.\nAmet ipsum delenit gubergren sed dolore gubergren justo. Sit vulputate gubergren sed minim tempor magna sit sit accumsan erat at sea. Dolor amet praesent et dolores dolores velit sit vero elitr commodo et takimata. Rebum feugiat in sadipscing possim lobortis sit. Sed consequat duo odio elitr esse blandit eos consequat et. Dolor duo elit takimata praesent.\nSed lorem augue vel sadipscing vel magna iriure dolores lorem labore lorem lorem iusto nonumy tempor accusam ipsum. Magna at dolor et dolor consetetur sed stet sanctus liber augue at velit amet. Et nulla sit tincidunt possim sadipscing in erat praesent option magna consetetur. Eirmod adipiscing rebum augue est lorem stet duis diam et minim lorem. Magna voluptua tempor justo erat erat lorem dolores dolor exerci sed zzril augue tempor vero sanctus. Ea sit aliquam invidunt voluptua iriure sed lorem et ipsum eirmod in. Consectetuer nisl et consetetur rebum ea nulla. Qui nonumy diam duis sed eos laoreet ipsum facilisis ut eirmod est eum congue. Accusam sadipscing est commodo diam justo no diam lorem diam gubergren at takimata vel tempor in nulla consetetur. Labore duo rebum lobortis duo justo amet dolor duis invidunt adipiscing ut nonumy labore tempor eum amet ut. Lorem takimata tation ipsum sed velit eos. Et ut nonumy eos dolor facilisis et wisi ipsum sed lorem tempor et consetetur labore et diam congue. Erat sed et ut eirmod et facilisis consetetur duo sed ipsum labore et amet et dolore. Ut stet sanctus invidunt justo in.\n",
        "publishDate": "2023-05-31T16:42:14.2660637+00:00"
    }
]
4th book id --------->4
]]></system-out>
  </testcase>
  <testcase name="test_updateBook" classname="api.test.BookTest" time="0.815">
    <system-out><![CDATA[Random Number in Range: 496
HTTP/1.1 200 OK
Content-Type: application/json; charset=utf-8; v=1.0
Date: Sun, 17 Dec 2023 16:42:22 GMT
Server: Kestrel
Transfer-Encoding: chunked
api-supported-versions: 1.0

{
    "id": 496,
    "title": "Isaias",
    "description": "Walsh",
    "pageCount": 408,
    "excerpt": "micaela.bergnaum@hotmail.com",
    "publishDate": "2024-05-06T15:02:46.6465312+00:00"
}
]]></system-out>
  </testcase>
  <testcase name="test_getBookingByIds" classname="api.test.RestfulBookerTest" time="7.321">
    <system-out><![CDATA[HTTP/1.1 200 OK
Server: Cowboy
Report-To: {"group":"heroku-nel","max_age":3600,"endpoints":[{"url":"https://nel.heroku.com/reports?ts=1702831348&sid=c46efe9b-d3d2-4a0c-8c76-bfafa16c5add&s=%2BaoleWj4qz5gBA9rviVNpdpQcQkNLOF1uHTDVvxgvhU%3D"}]}
Reporting-Endpoints: heroku-nel=https://nel.heroku.com/reports?ts=1702831348&sid=c46efe9b-d3d2-4a0c-8c76-bfafa16c5add&s=%2BaoleWj4qz5gBA9rviVNpdpQcQkNLOF1uHTDVvxgvhU%3D
Nel: {"report_to":"heroku-nel","max_age":3600,"success_fraction":0.005,"failure_fraction":0.05,"response_headers":["Via"]}
Connection: keep-alive
X-Powered-By: Express
Content-Type: application/json; charset=utf-8
Content-Length: 2409
Etag: W/"969-zR7Fn8TmbHNIJIh5AZvmsUx4jEo"
Date: Sun, 17 Dec 2023 16:42:28 GMT
Via: 1.1 vegur

[
    {
        "bookingid": 69
    },
    {
        "bookingid": 15
    },
    {
        "bookingid": 86
    },
    {
        "bookingid": 96
    },
    {
        "bookingid": 82
    },
    {
        "bookingid": 146
    },
    {
        "bookingid": 62
    },
    {
        "bookingid": 42
    },
    {
        "bookingid": 176
    },
    {
        "bookingid": 51
    },
    {
        "bookingid": 46
    },
    {
        "bookingid": 68
    },
    {
        "bookingid": 59
    },
    {
        "bookingid": 134
    },
    {
        "bookingid": 105
    },
    {
        "bookingid": 150
    },
    {
        "bookingid": 180
    },
    {
        "bookingid": 72
    },
    {
        "bookingid": 141
    },
    {
        "bookingid": 142
    },
    {
        "bookingid": 31
    },
    {
        "bookingid": 161
    },
    {
        "bookingid": 125
    },
    {
        "bookingid": 92
    },
    {
        "bookingid": 16
    },
    {
        "bookingid": 83
    },
    {
        "bookingid": 39
    },
    {
        "bookingid": 70
    },
    {
        "bookingid": 110
    },
    {
        "bookingid": 19
    },
    {
        "bookingid": 101
    },
    {
        "bookingid": 152
    },
    {
        "bookingid": 21
    },
    {
        "bookingid": 74
    },
    {
        "bookingid": 22
    },
    {
        "bookingid": 93
    },
    {
        "bookingid": 126
    },
    {
        "bookingid": 149
    },
    {
        "bookingid": 165
    },
    {
        "bookingid": 169
    },
    {
        "bookingid": 41
    },
    {
        "bookingid": 171
    },
    {
        "bookingid": 154
    },
    {
        "bookingid": 174
    },
    {
        "bookingid": 25
    },
    {
        "bookingid": 139
    },
    {
        "bookingid": 114
    },
    {
        "bookingid": 99
    },
    {
        "bookingid": 159
    },
    {
        "bookingid": 97
    },
    {
        "bookingid": 35
    },
    {
        "bookingid": 33
    },
    {
        "bookingid": 120
    },
    {
        "bookingid": 10
    },
    {
        "bookingid": 7
    },
    {
        "bookingid": 147
    },
    {
        "bookingid": 67
    },
    {
        "bookingid": 98
    },
    {
        "bookingid": 133
    },
    {
        "bookingid": 8
    },
    {
        "bookingid": 80
    },
    {
        "bookingid": 109
    },
    {
        "bookingid": 167
    },
    {
        "bookingid": 177
    },
    {
        "bookingid": 75
    },
    {
        "bookingid": 26
    },
    {
        "bookingid": 13
    },
    {
        "bookingid": 50
    },
    {
        "bookingid": 53
    },
    {
        "bookingid": 175
    },
    {
        "bookingid": 144
    },
    {
        "bookingid": 118
    },
    {
        "bookingid": 107
    },
    {
        "bookingid": 17
    },
    {
        "bookingid": 48
    },
    {
        "bookingid": 79
    },
    {
        "bookingid": 124
    },
    {
        "bookingid": 9
    },
    {
        "bookingid": 6
    },
    {
        "bookingid": 20
    },
    {
        "bookingid": 57
    },
    {
        "bookingid": 34
    },
    {
        "bookingid": 43
    },
    {
        "bookingid": 18
    },
    {
        "bookingid": 153
    },
    {
        "bookingid": 115
    },
    {
        "bookingid": 106
    },
    {
        "bookingid": 61
    },
    {
        "bookingid": 136
    },
    {
        "bookingid": 24
    },
    {
        "bookingid": 36
    },
    {
        "bookingid": 54
    },
    {
        "bookingid": 14
    },
    {
        "bookingid": 38
    },
    {
        "bookingid": 45
    },
    {
        "bookingid": 91
    },
    {
        "bookingid": 85
    },
    {
        "bookingid": 89
    },
    {
        "bookingid": 49
    },
    {
        "bookingid": 28
    },
    {
        "bookingid": 160
    },
    {
        "bookingid": 130
    },
    {
        "bookingid": 132
    },
    {
        "bookingid": 121
    },
    {
        "bookingid": 145
    },
    {
        "bookingid": 103
    },
    {
        "bookingid": 23
    },
    {
        "bookingid": 116
    },
    {
        "bookingid": 88
    },
    {
        "bookingid": 30
    },
    {
        "bookingid": 172
    },
    {
        "bookingid": 112
    },
    {
        "bookingid": 5
    },
    {
        "bookingid": 58
    },
    {
        "bookingid": 137
    },
    {
        "bookingid": 129
    },
    {
        "bookingid": 2
    },
    {
        "bookingid": 66
    },
    {
        "bookingid": 37
    },
    {
        "bookingid": 47
    },
    {
        "bookingid": 12
    },
    {
        "bookingid": 166
    },
    {
        "bookingid": 123
    },
    {
        "bookingid": 163
    },
    {
        "bookingid": 65
    },
    {
        "bookingid": 1
    },
    {
        "bookingid": 55
    },
    {
        "bookingid": 77
    },
    {
        "bookingid": 95
    },
    {
        "bookingid": 157
    },
    {
        "bookingid": 11
    },
    {
        "bookingid": 63
    },
    {
        "bookingid": 32
    },
    {
        "bookingid": 4
    },
    {
        "bookingid": 113
    },
    {
        "bookingid": 40
    },
    {
        "bookingid": 3
    },
    {
        "bookingid": 52
    },
    {
        "bookingid": 60
    }
]
Assertion pass for test_getBookingByIds
]]></system-out>
  </testcase>
  <testcase name="test_createToken" classname="api.test.RestfulBookerTest" time="1.548">
    <system-out><![CDATA[HTTP/1.1 200 OK
Server: Cowboy
Report-To: {"group":"heroku-nel","max_age":3600,"endpoints":[{"url":"https://nel.heroku.com/reports?ts=1702831351&sid=c46efe9b-d3d2-4a0c-8c76-bfafa16c5add&s=pqpLB1zjM9uaQ7IepravQ0Vdp5bdRWExrdW78HCb%2FtY%3D"}]}
Reporting-Endpoints: heroku-nel=https://nel.heroku.com/reports?ts=1702831351&sid=c46efe9b-d3d2-4a0c-8c76-bfafa16c5add&s=pqpLB1zjM9uaQ7IepravQ0Vdp5bdRWExrdW78HCb%2FtY%3D
Nel: {"report_to":"heroku-nel","max_age":3600,"success_fraction":0.005,"failure_fraction":0.05,"response_headers":["Via"]}
Connection: keep-alive
X-Powered-By: Express
Content-Type: application/json; charset=utf-8
Content-Length: 27
Etag: W/"1b-XVWJ/wmWsJIi8CpiwGLgn7eC/L4"
Date: Sun, 17 Dec 2023 16:42:31 GMT
Via: 1.1 vegur

{
    "token": "25b943dd9b9270e"
}
Toekn Generated //////////////> 25b943dd9b9270e
]]></system-out>
  </testcase>
  <testcase name="test_getBookingById" classname="api.test.RestfulBookerTest" time="2.632">
    <system-out><![CDATA[HTTP/1.1 200 OK
Server: Cowboy
Report-To: {"group":"heroku-nel","max_age":3600,"endpoints":[{"url":"https://nel.heroku.com/reports?ts=1702831354&sid=c46efe9b-d3d2-4a0c-8c76-bfafa16c5add&s=vFRO4M%2FmmSCRRgfk4PWA%2F4U0HUSaV4vBZKGkNlcbtrQ%3D"}]}
Reporting-Endpoints: heroku-nel=https://nel.heroku.com/reports?ts=1702831354&sid=c46efe9b-d3d2-4a0c-8c76-bfafa16c5add&s=vFRO4M%2FmmSCRRgfk4PWA%2F4U0HUSaV4vBZKGkNlcbtrQ%3D
Nel: {"report_to":"heroku-nel","max_age":3600,"success_fraction":0.005,"failure_fraction":0.05,"response_headers":["Via"]}
Connection: keep-alive
X-Powered-By: Express
Content-Type: application/json; charset=utf-8
Content-Length: 169
Etag: W/"a9-pLno4M4jARCCH8k0BsLT0ALMqUE"
Date: Sun, 17 Dec 2023 16:42:34 GMT
Via: 1.1 vegur

{
    "firstname": "John",
    "lastname": "Smith",
    "totalprice": 111,
    "depositpaid": true,
    "bookingdates": {
        "checkin": "2018-01-01",
        "checkout": "2019-01-01"
    },
    "additionalneeds": "Breakfast"
}
]]></system-out>
  </testcase>
  <testcase name="test_createBooking" classname="api.test.RestfulBookerTest" time="3.617">
    <system-out><![CDATA[HTTP/1.1 200 OK
Server: Cowboy
Report-To: {"group":"heroku-nel","max_age":3600,"endpoints":[{"url":"https://nel.heroku.com/reports?ts=1702831358&sid=c46efe9b-d3d2-4a0c-8c76-bfafa16c5add&s=UtRbwQWzS5RNmk%2BrSABFRqXOmiA56YZ%2FD80dTW29bso%3D"}]}
Reporting-Endpoints: heroku-nel=https://nel.heroku.com/reports?ts=1702831358&sid=c46efe9b-d3d2-4a0c-8c76-bfafa16c5add&s=UtRbwQWzS5RNmk%2BrSABFRqXOmiA56YZ%2FD80dTW29bso%3D
Nel: {"report_to":"heroku-nel","max_age":3600,"success_fraction":0.005,"failure_fraction":0.05,"response_headers":["Via"]}
Connection: keep-alive
X-Powered-By: Express
Content-Type: application/json; charset=utf-8
Content-Length: 196
Etag: W/"c4-NU9sVEAI9/JrO24h1qdCi1kECo0"
Date: Sun, 17 Dec 2023 16:42:38 GMT
Via: 1.1 vegur

{
    "bookingid": 261,
    "booking": {
        "firstname": "Davidd",
        "lastname": "Joee",
        "totalprice": 111,
        "depositpaid": false,
        "bookingdates": {
            "checkin": "2023-12-19",
            "checkout": "2023-12-23"
        },
        "additionalneeds": "Dinner"
    }
}
Generated booking id-------->>261
]]></system-out>
  </testcase>
  <testcase name="patchBooking" classname="api.test.RestfulBookerTest" time="2.09">
    <system-out><![CDATA[HTTP/1.1 200 OK
Server: Cowboy
Report-To: {"group":"heroku-nel","max_age":3600,"endpoints":[{"url":"https://nel.heroku.com/reports?ts=1702831360&sid=c46efe9b-d3d2-4a0c-8c76-bfafa16c5add&s=eD8Hb6uZHjv3ApBXufRsLxrfI4X8%2BmZ8K88hhgm6y3A%3D"}]}
Reporting-Endpoints: heroku-nel=https://nel.heroku.com/reports?ts=1702831360&sid=c46efe9b-d3d2-4a0c-8c76-bfafa16c5add&s=eD8Hb6uZHjv3ApBXufRsLxrfI4X8%2BmZ8K88hhgm6y3A%3D
Nel: {"report_to":"heroku-nel","max_age":3600,"success_fraction":0.005,"failure_fraction":0.05,"response_headers":["Via"]}
Connection: keep-alive
X-Powered-By: Express
Content-Type: application/json; charset=utf-8
Content-Length: 167
Etag: W/"a7-0FQsp32wmE+0hpCuhk98ODeZlXw"
Date: Sun, 17 Dec 2023 16:42:40 GMT
Via: 1.1 vegur

{
    "firstname": "Madan",
    "lastname": "Asis",
    "totalprice": 111,
    "depositpaid": false,
    "bookingdates": {
        "checkin": "2023-12-19",
        "checkout": "2023-12-23"
    },
    "additionalneeds": "Dinner"
}
]]></system-out>
  </testcase>
</testsuite>