<?xml version="1.0" encoding="UTF-8"?>
<testsuite xmlns:xsi="http://www.w3.org/2001/XMLSchema-instance" xsi:noNamespaceSchemaLocation="https://maven.apache.org/surefire/maven-surefire-plugin/xsd/surefire-test-report-3.0.xsd" version="3.0" name="TestSuite" time="49.131" tests="11" errors="0" skipped="0" failures="0">
  <properties>
    <property name="java.specification.version" value="20"/>
    <property name="sun.cpu.isalist" value="amd64"/>
    <property name="sun.jnu.encoding" value="Cp1252"/>
    <property name="java.class.path" value="C:\E\workspaces\workSpace_RestAssured_P1\restApi_November\target\test-classes;C:\E\workspaces\workSpace_RestAssured_P1\restApi_November\target\classes;C:\Users\Parag\.m2\repository\org\seleniumhq\selenium\selenium-java\4.9.1\selenium-java-4.9.1.jar;C:\Users\Parag\.m2\repository\org\seleniumhq\selenium\selenium-api\4.9.1\selenium-api-4.9.1.jar;C:\Users\Parag\.m2\repository\org\seleniumhq\selenium\selenium-chrome-driver\4.9.1\selenium-chrome-driver-4.9.1.jar;C:\Users\Parag\.m2\repository\com\google\auto\service\auto-service-annotations\1.0.1\auto-service-annotations-1.0.1.jar;C:\Users\Parag\.m2\repository\com\google\auto\service\auto-service\1.0.1\auto-service-1.0.1.jar;C:\Users\Parag\.m2\repository\com\google\auto\auto-common\1.2\auto-common-1.2.jar;C:\Users\Parag\.m2\repository\org\seleniumhq\selenium\selenium-chromium-driver\4.9.1\selenium-chromium-driver-4.9.1.jar;C:\Users\Parag\.m2\repository\org\seleniumhq\selenium\selenium-json\4.9.1\selenium-json-4.9.1.jar;C:\Users\Parag\.m2\repository\org\seleniumhq\selenium\selenium-manager\4.9.1\selenium-manager-4.9.1.jar;C:\Users\Parag\.m2\repository\org\seleniumhq\selenium\selenium-devtools-v111\4.9.1\selenium-devtools-v111-4.9.1.jar;C:\Users\Parag\.m2\repository\org\seleniumhq\selenium\selenium-devtools-v112\4.9.1\selenium-devtools-v112-4.9.1.jar;C:\Users\Parag\.m2\repository\org\seleniumhq\selenium\selenium-devtools-v113\4.9.1\selenium-devtools-v113-4.9.1.jar;C:\Users\Parag\.m2\repository\org\seleniumhq\selenium\selenium-devtools-v85\4.9.1\selenium-devtools-v85-4.9.1.jar;C:\Users\Parag\.m2\repository\org\seleniumhq\selenium\selenium-edge-driver\4.9.1\selenium-edge-driver-4.9.1.jar;C:\Users\Parag\.m2\repository\org\seleniumhq\selenium\selenium-firefox-driver\4.9.1\selenium-firefox-driver-4.9.1.jar;C:\Users\Parag\.m2\repository\org\seleniumhq\selenium\selenium-http\4.9.1\selenium-http-4.9.1.jar;C:\Users\Parag\.m2\repository\dev\failsafe\failsafe\3.3.1\failsafe-3.3.1.jar;C:\Users\Parag\.m2\repository\org\seleniumhq\selenium\selenium-ie-driver\4.9.1\selenium-ie-driver-4.9.1.jar;C:\Users\Parag\.m2\repository\org\seleniumhq\selenium\selenium-remote-driver\4.9.1\selenium-remote-driver-4.9.1.jar;C:\Users\Parag\.m2\repository\io\netty\netty-buffer\4.1.91.Final\netty-buffer-4.1.91.Final.jar;C:\Users\Parag\.m2\repository\io\netty\netty-codec-http\4.1.91.Final\netty-codec-http-4.1.91.Final.jar;C:\Users\Parag\.m2\repository\io\netty\netty-codec\4.1.91.Final\netty-codec-4.1.91.Final.jar;C:\Users\Parag\.m2\repository\io\netty\netty-handler\4.1.91.Final\netty-handler-4.1.91.Final.jar;C:\Users\Parag\.m2\repository\io\netty\netty-common\4.1.91.Final\netty-common-4.1.91.Final.jar;C:\Users\Parag\.m2\repository\io\netty\netty-transport-classes-epoll\4.1.91.Final\netty-transport-classes-epoll-4.1.91.Final.jar;C:\Users\Parag\.m2\repository\io\netty\netty-transport-classes-kqueue\4.1.91.Final\netty-transport-classes-kqueue-4.1.91.Final.jar;C:\Users\Parag\.m2\repository\io\netty\netty-transport-native-epoll\4.1.91.Final\netty-transport-native-epoll-4.1.91.Final.jar;C:\Users\Parag\.m2\repository\io\netty\netty-transport-native-kqueue\4.1.91.Final\netty-transport-native-kqueue-4.1.91.Final.jar;C:\Users\Parag\.m2\repository\io\netty\netty-transport-native-unix-common\4.1.91.Final\netty-transport-native-unix-common-4.1.91.Final.jar;C:\Users\Parag\.m2\repository\io\netty\netty-transport\4.1.91.Final\netty-transport-4.1.91.Final.jar;C:\Users\Parag\.m2\repository\io\netty\netty-resolver\4.1.91.Final\netty-resolver-4.1.91.Final.jar;C:\Users\Parag\.m2\repository\io\opentelemetry\opentelemetry-api\1.25.0\opentelemetry-api-1.25.0.jar;C:\Users\Parag\.m2\repository\io\opentelemetry\opentelemetry-context\1.25.0\opentelemetry-context-1.25.0.jar;C:\Users\Parag\.m2\repository\io\opentelemetry\opentelemetry-exporter-logging\1.25.0\opentelemetry-exporter-logging-1.25.0.jar;C:\Users\Parag\.m2\repository\io\opentelemetry\opentelemetry-sdk-metrics\1.25.0\opentelemetry-sdk-metrics-1.25.0.jar;C:\Users\Parag\.m2\repository\io\opentelemetry\opentelemetry-sdk-logs\1.25.0-alpha\opentelemetry-sdk-logs-1.25.0-alpha.jar;C:\Users\Parag\.m2\repository\io\opentelemetry\opentelemetry-api-logs\1.25.0-alpha\opentelemetry-api-logs-1.25.0-alpha.jar;C:\Users\Parag\.m2\repository\io\opentelemetry\opentelemetry-api-events\1.25.0-alpha\opentelemetry-api-events-1.25.0-alpha.jar;C:\Users\Parag\.m2\repository\io\opentelemetry\opentelemetry-sdk-common\1.25.0\opentelemetry-sdk-common-1.25.0.jar;C:\Users\Parag\.m2\repository\io\opentelemetry\opentelemetry-sdk-extension-autoconfigure-spi\1.25.0\opentelemetry-sdk-extension-autoconfigure-spi-1.25.0.jar;C:\Users\Parag\.m2\repository\io\opentelemetry\opentelemetry-sdk-extension-autoconfigure\1.25.0-alpha\opentelemetry-sdk-extension-autoconfigure-1.25.0-alpha.jar;C:\Users\Parag\.m2\repository\io\opentelemetry\opentelemetry-sdk-trace\1.25.0\opentelemetry-sdk-trace-1.25.0.jar;C:\Users\Parag\.m2\repository\io\opentelemetry\opentelemetry-sdk\1.25.0\opentelemetry-sdk-1.25.0.jar;C:\Users\Parag\.m2\repository\io\opentelemetry\opentelemetry-semconv\1.25.0-alpha\opentelemetry-semconv-1.25.0-alpha.jar;C:\Users\Parag\.m2\repository\io\ous\jtoml\2.0.0\jtoml-2.0.0.jar;C:\Users\Parag\.m2\repository\net\bytebuddy\byte-buddy\1.14.4\byte-buddy-1.14.4.jar;C:\Users\Parag\.m2\repository\org\apache\commons\commons-exec\1.3\commons-exec-1.3.jar;C:\Users\Parag\.m2\repository\org\asynchttpclient\async-http-client\2.12.3\async-http-client-2.12.3.jar;C:\Users\Parag\.m2\repository\org\asynchttpclient\async-http-client-netty-utils\2.12.3\async-http-client-netty-utils-2.12.3.jar;C:\Users\Parag\.m2\repository\io\netty\netty-codec-socks\4.1.60.Final\netty-codec-socks-4.1.60.Final.jar;C:\Users\Parag\.m2\repository\io\netty\netty-handler-proxy\4.1.60.Final\netty-handler-proxy-4.1.60.Final.jar;C:\Users\Parag\.m2\repository\io\netty\netty-transport-native-epoll\4.1.60.Final\netty-transport-native-epoll-4.1.60.Final-linux-x86_64.jar;C:\Users\Parag\.m2\repository\io\netty\netty-transport-native-kqueue\4.1.60.Final\netty-transport-native-kqueue-4.1.60.Final-osx-x86_64.jar;C:\Users\Parag\.m2\repository\com\typesafe\netty\netty-reactive-streams\2.0.4\netty-reactive-streams-2.0.4.jar;C:\Users\Parag\.m2\repository\com\sun\activation\jakarta.activation\1.2.2\jakarta.activation-1.2.2.jar;C:\Users\Parag\.m2\repository\org\seleniumhq\selenium\selenium-safari-driver\4.9.1\selenium-safari-driver-4.9.1.jar;C:\Users\Parag\.m2\repository\org\seleniumhq\selenium\selenium-support\4.9.1\selenium-support-4.9.1.jar;C:\Users\Parag\.m2\repository\io\github\bonigarcia\webdrivermanager\5.3.3\webdrivermanager-5.3.3.jar;C:\Users\Parag\.m2\repository\org\slf4j\slf4j-api\2.0.7\slf4j-api-2.0.7.jar;C:\Users\Parag\.m2\repository\com\github\docker-java\docker-java\3.3.0\docker-java-3.3.0.jar;C:\Users\Parag\.m2\repository\com\github\docker-java\docker-java-core\3.3.0\docker-java-core-3.3.0.jar;C:\Users\Parag\.m2\repository\com\github\docker-java\docker-java-api\3.3.0\docker-java-api-3.3.0.jar;C:\Users\Parag\.m2\repository\org\bouncycastle\bcpkix-jdk15on\1.64\bcpkix-jdk15on-1.64.jar;C:\Users\Parag\.m2\repository\org\bouncycastle\bcprov-jdk15on\1.64\bcprov-jdk15on-1.64.jar;C:\Users\Parag\.m2\repository\org\slf4j\jcl-over-slf4j\1.7.30\jcl-over-slf4j-1.7.30.jar;C:\Users\Parag\.m2\repository\com\github\docker-java\docker-java-transport-httpclient5\3.3.0\docker-java-transport-httpclient5-3.3.0.jar;C:\Users\Parag\.m2\repository\com\github\docker-java\docker-java-transport\3.3.0\docker-java-transport-3.3.0.jar;C:\Users\Parag\.m2\repository\net\java\dev\jna\jna\5.12.1\jna-5.12.1.jar;C:\Users\Parag\.m2\repository\org\brotli\dec\0.1.2\dec-0.1.2.jar;C:\Users\Parag\.m2\repository\org\apache\commons\commons-lang3\3.12.0\commons-lang3-3.12.0.jar;C:\Users\Parag\.m2\repository\org\apache\httpcomponents\client5\httpclient5\5.2.1\httpclient5-5.2.1.jar;C:\Users\Parag\.m2\repository\org\apache\httpcomponents\core5\httpcore5\5.2\httpcore5-5.2.jar;C:\Users\Parag\.m2\repository\org\apache\httpcomponents\core5\httpcore5-h2\5.2\httpcore5-h2-5.2.jar;C:\Users\Parag\.m2\repository\commons-io\commons-io\2.12.0\commons-io-2.12.0.jar;C:\Users\Parag\.m2\repository\org\testng\testng\7.8.0\testng-7.8.0.jar;C:\Users\Parag\.m2\repository\com\beust\jcommander\1.82\jcommander-1.82.jar;C:\Users\Parag\.m2\repository\org\webjars\jquery\3.6.1\jquery-3.6.1.jar;C:\Users\Parag\.m2\repository\org\apache\poi\poi-ooxml\5.2.3\poi-ooxml-5.2.3.jar;C:\Users\Parag\.m2\repository\org\apache\poi\poi-ooxml-lite\5.2.3\poi-ooxml-lite-5.2.3.jar;C:\Users\Parag\.m2\repository\org\apache\xmlbeans\xmlbeans\5.1.1\xmlbeans-5.1.1.jar;C:\Users\Parag\.m2\repository\org\apache\commons\commons-compress\1.21\commons-compress-1.21.jar;C:\Users\Parag\.m2\repository\com\github\virtuald\curvesapi\1.07\curvesapi-1.07.jar;C:\Users\Parag\.m2\repository\org\apache\commons\commons-collections4\4.4\commons-collections4-4.4.jar;C:\Users\Parag\.m2\repository\org\apache\poi\poi\5.2.3\poi-5.2.3.jar;C:\Users\Parag\.m2\repository\commons-codec\commons-codec\1.15\commons-codec-1.15.jar;C:\Users\Parag\.m2\repository\org\apache\commons\commons-math3\3.6.1\commons-math3-3.6.1.jar;C:\Users\Parag\.m2\repository\com\zaxxer\SparseBitSet\1.2\SparseBitSet-1.2.jar;C:\Users\Parag\.m2\repository\com\guicedee\services\apache-poi-ooxml\62\apache-poi-ooxml-62.jar;C:\Users\Parag\.m2\repository\com\guicedee\services\commons-compress\62\commons-compress-62.jar;C:\Users\Parag\.m2\repository\com\guicedee\services\commons-xmlbeans\62\commons-xmlbeans-62.jar;C:\Users\Parag\.m2\repository\com\guicedee\services\apache-poi\62\apache-poi-62.jar;C:\Users\Parag\.m2\repository\com\guicedee\services\commons-logging\62\commons-logging-62.jar;C:\Users\Parag\.m2\repository\com\guicedee\services\commons-codec\62\commons-codec-62.jar;C:\Users\Parag\.m2\repository\com\guicedee\services\commons-math3\62\commons-math3-62.jar;C:\Users\Parag\.m2\repository\com\guicedee\services\commons-collections4\62\commons-collections4-62.jar;C:\Users\Parag\.m2\repository\com\guicedee\services\jakarta.xml.bind-api\62\jakarta.xml.bind-api-62.jar;C:\Users\Parag\.m2\repository\com\guicedee\services\jakarta.activation\62\jakarta.activation-62.jar;C:\Users\Parag\.m2\repository\com\guicedee\services\jakarta.validation-api\62\jakarta.validation-api-62.jar;C:\Users\Parag\.m2\repository\org\codehaus\woodstox\stax2-api\4.2\stax2-api-4.2.jar;C:\Users\Parag\.m2\repository\org\jvnet\staxex\stax-ex\1.8.2\stax-ex-1.8.2.jar;C:\Users\Parag\.m2\repository\org\apache\logging\log4j\log4j-to-slf4j\2.8.2\log4j-to-slf4j-2.8.2.jar;C:\Users\Parag\.m2\repository\io\rest-assured\rest-assured\5.3.1\rest-assured-5.3.1.jar;C:\Users\Parag\.m2\repository\org\apache\groovy\groovy\4.0.11\groovy-4.0.11.jar;C:\Users\Parag\.m2\repository\org\apache\groovy\groovy-xml\4.0.11\groovy-xml-4.0.11.jar;C:\Users\Parag\.m2\repository\org\apache\httpcomponents\httpclient\4.5.13\httpclient-4.5.13.jar;C:\Users\Parag\.m2\repository\org\apache\httpcomponents\httpcore\4.4.13\httpcore-4.4.13.jar;C:\Users\Parag\.m2\repository\commons-logging\commons-logging\1.2\commons-logging-1.2.jar;C:\Users\Parag\.m2\repository\org\apache\httpcomponents\httpmime\4.5.13\httpmime-4.5.13.jar;C:\Users\Parag\.m2\repository\org\hamcrest\hamcrest\2.2\hamcrest-2.2.jar;C:\Users\Parag\.m2\repository\org\ccil\cowan\tagsoup\tagsoup\1.2.1\tagsoup-1.2.1.jar;C:\Users\Parag\.m2\repository\com\google\code\gson\gson\2.10.1\gson-2.10.1.jar;C:\Users\Parag\.m2\repository\io\rest-assured\json-path\5.3.1\json-path-5.3.1.jar;C:\Users\Parag\.m2\repository\org\apache\groovy\groovy-json\4.0.11\groovy-json-4.0.11.jar;C:\Users\Parag\.m2\repository\io\rest-assured\json-schema-validator\5.3.1\json-schema-validator-5.3.1.jar;C:\Users\Parag\.m2\repository\com\github\java-json-tools\json-schema-validator\2.2.14\json-schema-validator-2.2.14.jar;C:\Users\Parag\.m2\repository\com\github\java-json-tools\jackson-coreutils-equivalence\1.0\jackson-coreutils-equivalence-1.0.jar;C:\Users\Parag\.m2\repository\com\github\java-json-tools\jackson-coreutils\2.0\jackson-coreutils-2.0.jar;C:\Users\Parag\.m2\repository\com\github\java-json-tools\msg-simple\1.2\msg-simple-1.2.jar;C:\Users\Parag\.m2\repository\com\github\java-json-tools\btf\1.3\btf-1.3.jar;C:\Users\Parag\.m2\repository\com\github\java-json-tools\json-schema-core\1.2.14\json-schema-core-1.2.14.jar;C:\Users\Parag\.m2\repository\com\github\java-json-tools\uri-template\0.10\uri-template-0.10.jar;C:\Users\Parag\.m2\repository\org\mozilla\rhino\1.7.7.2\rhino-1.7.7.2.jar;C:\Users\Parag\.m2\repository\com\sun\mail\mailapi\1.6.2\mailapi-1.6.2.jar;C:\Users\Parag\.m2\repository\joda-time\joda-time\2.10.5\joda-time-2.10.5.jar;C:\Users\Parag\.m2\repository\com\googlecode\libphonenumber\libphonenumber\8.11.1\libphonenumber-8.11.1.jar;C:\Users\Parag\.m2\repository\com\google\code\findbugs\jsr305\3.0.2\jsr305-3.0.2.jar;C:\Users\Parag\.m2\repository\net\sf\jopt-simple\jopt-simple\5.0.4\jopt-simple-5.0.4.jar;C:\Users\Parag\.m2\repository\com\google\guava\guava\32.0.1-jre\guava-32.0.1-jre.jar;C:\Users\Parag\.m2\repository\com\google\guava\failureaccess\1.0.1\failureaccess-1.0.1.jar;C:\Users\Parag\.m2\repository\com\google\guava\listenablefuture\9999.0-empty-to-avoid-conflict-with-guava\listenablefuture-9999.0-empty-to-avoid-conflict-with-guava.jar;C:\Users\Parag\.m2\repository\org\checkerframework\checker-qual\3.33.0\checker-qual-3.33.0.jar;C:\Users\Parag\.m2\repository\com\google\errorprone\error_prone_annotations\2.18.0\error_prone_annotations-2.18.0.jar;C:\Users\Parag\.m2\repository\com\google\j2objc\j2objc-annotations\2.8\j2objc-annotations-2.8.jar;C:\Users\Parag\.m2\repository\com\github\scribejava\scribejava-apis\8.3.3\scribejava-apis-8.3.3.jar;C:\Users\Parag\.m2\repository\com\github\scribejava\scribejava-core\8.3.3\scribejava-core-8.3.3.jar;C:\Users\Parag\.m2\repository\com\github\scribejava\scribejava-java8\8.3.3\scribejava-java8-8.3.3.jar;C:\Users\Parag\.m2\repository\com\fasterxml\jackson\core\jackson-databind\2.14.0\jackson-databind-2.14.0.jar;C:\Users\Parag\.m2\repository\com\fasterxml\jackson\core\jackson-annotations\2.14.0\jackson-annotations-2.14.0.jar;C:\Users\Parag\.m2\repository\com\fasterxml\jackson\core\jackson-core\2.14.0\jackson-core-2.14.0.jar;C:\Users\Parag\.m2\repository\org\json\json\20230618\json-20230618.jar;C:\Users\Parag\.m2\repository\io\rest-assured\xml-path\5.3.1\xml-path-5.3.1.jar;C:\Users\Parag\.m2\repository\io\rest-assured\rest-assured-common\5.3.1\rest-assured-common-5.3.1.jar;C:\Users\Parag\.m2\repository\com\github\javafaker\javafaker\1.0.2\javafaker-1.0.2.jar;C:\Users\Parag\.m2\repository\org\yaml\snakeyaml\1.23\snakeyaml-1.23-android.jar;C:\Users\Parag\.m2\repository\com\github\mifmif\generex\1.0.2\generex-1.0.2.jar;C:\Users\Parag\.m2\repository\dk\brics\automaton\automaton\1.11-8\automaton-1.11-8.jar;C:\Users\Parag\.m2\repository\com\aventstack\extentreports\5.1.0\extentreports-5.1.0.jar;C:\Users\Parag\.m2\repository\io\reactivex\rxjava3\rxjava\3.1.6\rxjava-3.1.6.jar;C:\Users\Parag\.m2\repository\org\reactivestreams\reactive-streams\1.0.4\reactive-streams-1.0.4.jar;C:\Users\Parag\.m2\repository\org\freemarker\freemarker\2.3.32\freemarker-2.3.32.jar;C:\Users\Parag\.m2\repository\org\projectlombok\lombok\1.18.26\lombok-1.18.26.jar;C:\Users\Parag\.m2\repository\org\apache\logging\log4j\log4j-api\2.20.0\log4j-api-2.20.0.jar;C:\Users\Parag\.m2\repository\org\apache\logging\log4j\log4j-core\2.20.0\log4j-core-2.20.0.jar;"/>
    <property name="java.vm.vendor" value="Oracle Corporation"/>
    <property name="sun.arch.data.model" value="64"/>
    <property name="user.variant" value=""/>
    <property name="java.vendor.url" value="https://java.oracle.com/"/>
    <property name="user.timezone" value="Asia/Calcutta"/>
    <property name="os.name" value="Windows 11"/>
    <property name="java.vm.specification.version" value="20"/>
    <property name="sun.java.launcher" value="SUN_STANDARD"/>
    <property name="user.country" value="IN"/>
    <property name="sun.boot.library.path" value="C:\Program Files\Java\jdk-20\bin"/>
    <property name="sun.java.command" value="C:\Users\Parag\AppData\Local\Temp\surefire1293322317613432730\surefirebooter-20231220224701566_3.jar C:\Users\Parag\AppData\Local\Temp\surefire1293322317613432730 2023-12-20T22-47-01_420-jvmRun1 surefire-20231220224701566_1tmp surefire_0-20231220224701566_2tmp"/>
    <property name="jdk.debug" value="release"/>
    <property name="surefire.test.class.path" value="C:\E\workspaces\workSpace_RestAssured_P1\restApi_November\target\test-classes;C:\E\workspaces\workSpace_RestAssured_P1\restApi_November\target\classes;C:\Users\Parag\.m2\repository\org\seleniumhq\selenium\selenium-java\4.9.1\selenium-java-4.9.1.jar;C:\Users\Parag\.m2\repository\org\seleniumhq\selenium\selenium-api\4.9.1\selenium-api-4.9.1.jar;C:\Users\Parag\.m2\repository\org\seleniumhq\selenium\selenium-chrome-driver\4.9.1\selenium-chrome-driver-4.9.1.jar;C:\Users\Parag\.m2\repository\com\google\auto\service\auto-service-annotations\1.0.1\auto-service-annotations-1.0.1.jar;C:\Users\Parag\.m2\repository\com\google\auto\service\auto-service\1.0.1\auto-service-1.0.1.jar;C:\Users\Parag\.m2\repository\com\google\auto\auto-common\1.2\auto-common-1.2.jar;C:\Users\Parag\.m2\repository\org\seleniumhq\selenium\selenium-chromium-driver\4.9.1\selenium-chromium-driver-4.9.1.jar;C:\Users\Parag\.m2\repository\org\seleniumhq\selenium\selenium-json\4.9.1\selenium-json-4.9.1.jar;C:\Users\Parag\.m2\repository\org\seleniumhq\selenium\selenium-manager\4.9.1\selenium-manager-4.9.1.jar;C:\Users\Parag\.m2\repository\org\seleniumhq\selenium\selenium-devtools-v111\4.9.1\selenium-devtools-v111-4.9.1.jar;C:\Users\Parag\.m2\repository\org\seleniumhq\selenium\selenium-devtools-v112\4.9.1\selenium-devtools-v112-4.9.1.jar;C:\Users\Parag\.m2\repository\org\seleniumhq\selenium\selenium-devtools-v113\4.9.1\selenium-devtools-v113-4.9.1.jar;C:\Users\Parag\.m2\repository\org\seleniumhq\selenium\selenium-devtools-v85\4.9.1\selenium-devtools-v85-4.9.1.jar;C:\Users\Parag\.m2\repository\org\seleniumhq\selenium\selenium-edge-driver\4.9.1\selenium-edge-driver-4.9.1.jar;C:\Users\Parag\.m2\repository\org\seleniumhq\selenium\selenium-firefox-driver\4.9.1\selenium-firefox-driver-4.9.1.jar;C:\Users\Parag\.m2\repository\org\seleniumhq\selenium\selenium-http\4.9.1\selenium-http-4.9.1.jar;C:\Users\Parag\.m2\repository\dev\failsafe\failsafe\3.3.1\failsafe-3.3.1.jar;C:\Users\Parag\.m2\repository\org\seleniumhq\selenium\selenium-ie-driver\4.9.1\selenium-ie-driver-4.9.1.jar;C:\Users\Parag\.m2\repository\org\seleniumhq\selenium\selenium-remote-driver\4.9.1\selenium-remote-driver-4.9.1.jar;C:\Users\Parag\.m2\repository\io\netty\netty-buffer\4.1.91.Final\netty-buffer-4.1.91.Final.jar;C:\Users\Parag\.m2\repository\io\netty\netty-codec-http\4.1.91.Final\netty-codec-http-4.1.91.Final.jar;C:\Users\Parag\.m2\repository\io\netty\netty-codec\4.1.91.Final\netty-codec-4.1.91.Final.jar;C:\Users\Parag\.m2\repository\io\netty\netty-handler\4.1.91.Final\netty-handler-4.1.91.Final.jar;C:\Users\Parag\.m2\repository\io\netty\netty-common\4.1.91.Final\netty-common-4.1.91.Final.jar;C:\Users\Parag\.m2\repository\io\netty\netty-transport-classes-epoll\4.1.91.Final\netty-transport-classes-epoll-4.1.91.Final.jar;C:\Users\Parag\.m2\repository\io\netty\netty-transport-classes-kqueue\4.1.91.Final\netty-transport-classes-kqueue-4.1.91.Final.jar;C:\Users\Parag\.m2\repository\io\netty\netty-transport-native-epoll\4.1.91.Final\netty-transport-native-epoll-4.1.91.Final.jar;C:\Users\Parag\.m2\repository\io\netty\netty-transport-native-kqueue\4.1.91.Final\netty-transport-native-kqueue-4.1.91.Final.jar;C:\Users\Parag\.m2\repository\io\netty\netty-transport-native-unix-common\4.1.91.Final\netty-transport-native-unix-common-4.1.91.Final.jar;C:\Users\Parag\.m2\repository\io\netty\netty-transport\4.1.91.Final\netty-transport-4.1.91.Final.jar;C:\Users\Parag\.m2\repository\io\netty\netty-resolver\4.1.91.Final\netty-resolver-4.1.91.Final.jar;C:\Users\Parag\.m2\repository\io\opentelemetry\opentelemetry-api\1.25.0\opentelemetry-api-1.25.0.jar;C:\Users\Parag\.m2\repository\io\opentelemetry\opentelemetry-context\1.25.0\opentelemetry-context-1.25.0.jar;C:\Users\Parag\.m2\repository\io\opentelemetry\opentelemetry-exporter-logging\1.25.0\opentelemetry-exporter-logging-1.25.0.jar;C:\Users\Parag\.m2\repository\io\opentelemetry\opentelemetry-sdk-metrics\1.25.0\opentelemetry-sdk-metrics-1.25.0.jar;C:\Users\Parag\.m2\repository\io\opentelemetry\opentelemetry-sdk-logs\1.25.0-alpha\opentelemetry-sdk-logs-1.25.0-alpha.jar;C:\Users\Parag\.m2\repository\io\opentelemetry\opentelemetry-api-logs\1.25.0-alpha\opentelemetry-api-logs-1.25.0-alpha.jar;C:\Users\Parag\.m2\repository\io\opentelemetry\opentelemetry-api-events\1.25.0-alpha\opentelemetry-api-events-1.25.0-alpha.jar;C:\Users\Parag\.m2\repository\io\opentelemetry\opentelemetry-sdk-common\1.25.0\opentelemetry-sdk-common-1.25.0.jar;C:\Users\Parag\.m2\repository\io\opentelemetry\opentelemetry-sdk-extension-autoconfigure-spi\1.25.0\opentelemetry-sdk-extension-autoconfigure-spi-1.25.0.jar;C:\Users\Parag\.m2\repository\io\opentelemetry\opentelemetry-sdk-extension-autoconfigure\1.25.0-alpha\opentelemetry-sdk-extension-autoconfigure-1.25.0-alpha.jar;C:\Users\Parag\.m2\repository\io\opentelemetry\opentelemetry-sdk-trace\1.25.0\opentelemetry-sdk-trace-1.25.0.jar;C:\Users\Parag\.m2\repository\io\opentelemetry\opentelemetry-sdk\1.25.0\opentelemetry-sdk-1.25.0.jar;C:\Users\Parag\.m2\repository\io\opentelemetry\opentelemetry-semconv\1.25.0-alpha\opentelemetry-semconv-1.25.0-alpha.jar;C:\Users\Parag\.m2\repository\io\ous\jtoml\2.0.0\jtoml-2.0.0.jar;C:\Users\Parag\.m2\repository\net\bytebuddy\byte-buddy\1.14.4\byte-buddy-1.14.4.jar;C:\Users\Parag\.m2\repository\org\apache\commons\commons-exec\1.3\commons-exec-1.3.jar;C:\Users\Parag\.m2\repository\org\asynchttpclient\async-http-client\2.12.3\async-http-client-2.12.3.jar;C:\Users\Parag\.m2\repository\org\asynchttpclient\async-http-client-netty-utils\2.12.3\async-http-client-netty-utils-2.12.3.jar;C:\Users\Parag\.m2\repository\io\netty\netty-codec-socks\4.1.60.Final\netty-codec-socks-4.1.60.Final.jar;C:\Users\Parag\.m2\repository\io\netty\netty-handler-proxy\4.1.60.Final\netty-handler-proxy-4.1.60.Final.jar;C:\Users\Parag\.m2\repository\io\netty\netty-transport-native-epoll\4.1.60.Final\netty-transport-native-epoll-4.1.60.Final-linux-x86_64.jar;C:\Users\Parag\.m2\repository\io\netty\netty-transport-native-kqueue\4.1.60.Final\netty-transport-native-kqueue-4.1.60.Final-osx-x86_64.jar;C:\Users\Parag\.m2\repository\com\typesafe\netty\netty-reactive-streams\2.0.4\netty-reactive-streams-2.0.4.jar;C:\Users\Parag\.m2\repository\com\sun\activation\jakarta.activation\1.2.2\jakarta.activation-1.2.2.jar;C:\Users\Parag\.m2\repository\org\seleniumhq\selenium\selenium-safari-driver\4.9.1\selenium-safari-driver-4.9.1.jar;C:\Users\Parag\.m2\repository\org\seleniumhq\selenium\selenium-support\4.9.1\selenium-support-4.9.1.jar;C:\Users\Parag\.m2\repository\io\github\bonigarcia\webdrivermanager\5.3.3\webdrivermanager-5.3.3.jar;C:\Users\Parag\.m2\repository\org\slf4j\slf4j-api\2.0.7\slf4j-api-2.0.7.jar;C:\Users\Parag\.m2\repository\com\github\docker-java\docker-java\3.3.0\docker-java-3.3.0.jar;C:\Users\Parag\.m2\repository\com\github\docker-java\docker-java-core\3.3.0\docker-java-core-3.3.0.jar;C:\Users\Parag\.m2\repository\com\github\docker-java\docker-java-api\3.3.0\docker-java-api-3.3.0.jar;C:\Users\Parag\.m2\repository\org\bouncycastle\bcpkix-jdk15on\1.64\bcpkix-jdk15on-1.64.jar;C:\Users\Parag\.m2\repository\org\bouncycastle\bcprov-jdk15on\1.64\bcprov-jdk15on-1.64.jar;C:\Users\Parag\.m2\repository\org\slf4j\jcl-over-slf4j\1.7.30\jcl-over-slf4j-1.7.30.jar;C:\Users\Parag\.m2\repository\com\github\docker-java\docker-java-transport-httpclient5\3.3.0\docker-java-transport-httpclient5-3.3.0.jar;C:\Users\Parag\.m2\repository\com\github\docker-java\docker-java-transport\3.3.0\docker-java-transport-3.3.0.jar;C:\Users\Parag\.m2\repository\net\java\dev\jna\jna\5.12.1\jna-5.12.1.jar;C:\Users\Parag\.m2\repository\org\brotli\dec\0.1.2\dec-0.1.2.jar;C:\Users\Parag\.m2\repository\org\apache\commons\commons-lang3\3.12.0\commons-lang3-3.12.0.jar;C:\Users\Parag\.m2\repository\org\apache\httpcomponents\client5\httpclient5\5.2.1\httpclient5-5.2.1.jar;C:\Users\Parag\.m2\repository\org\apache\httpcomponents\core5\httpcore5\5.2\httpcore5-5.2.jar;C:\Users\Parag\.m2\repository\org\apache\httpcomponents\core5\httpcore5-h2\5.2\httpcore5-h2-5.2.jar;C:\Users\Parag\.m2\repository\commons-io\commons-io\2.12.0\commons-io-2.12.0.jar;C:\Users\Parag\.m2\repository\org\testng\testng\7.8.0\testng-7.8.0.jar;C:\Users\Parag\.m2\repository\com\beust\jcommander\1.82\jcommander-1.82.jar;C:\Users\Parag\.m2\repository\org\webjars\jquery\3.6.1\jquery-3.6.1.jar;C:\Users\Parag\.m2\repository\org\apache\poi\poi-ooxml\5.2.3\poi-ooxml-5.2.3.jar;C:\Users\Parag\.m2\repository\org\apache\poi\poi-ooxml-lite\5.2.3\poi-ooxml-lite-5.2.3.jar;C:\Users\Parag\.m2\repository\org\apache\xmlbeans\xmlbeans\5.1.1\xmlbeans-5.1.1.jar;C:\Users\Parag\.m2\repository\org\apache\commons\commons-compress\1.21\commons-compress-1.21.jar;C:\Users\Parag\.m2\repository\com\github\virtuald\curvesapi\1.07\curvesapi-1.07.jar;C:\Users\Parag\.m2\repository\org\apache\commons\commons-collections4\4.4\commons-collections4-4.4.jar;C:\Users\Parag\.m2\repository\org\apache\poi\poi\5.2.3\poi-5.2.3.jar;C:\Users\Parag\.m2\repository\commons-codec\commons-codec\1.15\commons-codec-1.15.jar;C:\Users\Parag\.m2\repository\org\apache\commons\commons-math3\3.6.1\commons-math3-3.6.1.jar;C:\Users\Parag\.m2\repository\com\zaxxer\SparseBitSet\1.2\SparseBitSet-1.2.jar;C:\Users\Parag\.m2\repository\com\guicedee\services\apache-poi-ooxml\62\apache-poi-ooxml-62.jar;C:\Users\Parag\.m2\repository\com\guicedee\services\commons-compress\62\commons-compress-62.jar;C:\Users\Parag\.m2\repository\com\guicedee\services\commons-xmlbeans\62\commons-xmlbeans-62.jar;C:\Users\Parag\.m2\repository\com\guicedee\services\apache-poi\62\apache-poi-62.jar;C:\Users\Parag\.m2\repository\com\guicedee\services\commons-logging\62\commons-logging-62.jar;C:\Users\Parag\.m2\repository\com\guicedee\services\commons-codec\62\commons-codec-62.jar;C:\Users\Parag\.m2\repository\com\guicedee\services\commons-math3\62\commons-math3-62.jar;C:\Users\Parag\.m2\repository\com\guicedee\services\commons-collections4\62\commons-collections4-62.jar;C:\Users\Parag\.m2\repository\com\guicedee\services\jakarta.xml.bind-api\62\jakarta.xml.bind-api-62.jar;C:\Users\Parag\.m2\repository\com\guicedee\services\jakarta.activation\62\jakarta.activation-62.jar;C:\Users\Parag\.m2\repository\com\guicedee\services\jakarta.validation-api\62\jakarta.validation-api-62.jar;C:\Users\Parag\.m2\repository\org\codehaus\woodstox\stax2-api\4.2\stax2-api-4.2.jar;C:\Users\Parag\.m2\repository\org\jvnet\staxex\stax-ex\1.8.2\stax-ex-1.8.2.jar;C:\Users\Parag\.m2\repository\org\apache\logging\log4j\log4j-to-slf4j\2.8.2\log4j-to-slf4j-2.8.2.jar;C:\Users\Parag\.m2\repository\io\rest-assured\rest-assured\5.3.1\rest-assured-5.3.1.jar;C:\Users\Parag\.m2\repository\org\apache\groovy\groovy\4.0.11\groovy-4.0.11.jar;C:\Users\Parag\.m2\repository\org\apache\groovy\groovy-xml\4.0.11\groovy-xml-4.0.11.jar;C:\Users\Parag\.m2\repository\org\apache\httpcomponents\httpclient\4.5.13\httpclient-4.5.13.jar;C:\Users\Parag\.m2\repository\org\apache\httpcomponents\httpcore\4.4.13\httpcore-4.4.13.jar;C:\Users\Parag\.m2\repository\commons-logging\commons-logging\1.2\commons-logging-1.2.jar;C:\Users\Parag\.m2\repository\org\apache\httpcomponents\httpmime\4.5.13\httpmime-4.5.13.jar;C:\Users\Parag\.m2\repository\org\hamcrest\hamcrest\2.2\hamcrest-2.2.jar;C:\Users\Parag\.m2\repository\org\ccil\cowan\tagsoup\tagsoup\1.2.1\tagsoup-1.2.1.jar;C:\Users\Parag\.m2\repository\com\google\code\gson\gson\2.10.1\gson-2.10.1.jar;C:\Users\Parag\.m2\repository\io\rest-assured\json-path\5.3.1\json-path-5.3.1.jar;C:\Users\Parag\.m2\repository\org\apache\groovy\groovy-json\4.0.11\groovy-json-4.0.11.jar;C:\Users\Parag\.m2\repository\io\rest-assured\json-schema-validator\5.3.1\json-schema-validator-5.3.1.jar;C:\Users\Parag\.m2\repository\com\github\java-json-tools\json-schema-validator\2.2.14\json-schema-validator-2.2.14.jar;C:\Users\Parag\.m2\repository\com\github\java-json-tools\jackson-coreutils-equivalence\1.0\jackson-coreutils-equivalence-1.0.jar;C:\Users\Parag\.m2\repository\com\github\java-json-tools\jackson-coreutils\2.0\jackson-coreutils-2.0.jar;C:\Users\Parag\.m2\repository\com\github\java-json-tools\msg-simple\1.2\msg-simple-1.2.jar;C:\Users\Parag\.m2\repository\com\github\java-json-tools\btf\1.3\btf-1.3.jar;C:\Users\Parag\.m2\repository\com\github\java-json-tools\json-schema-core\1.2.14\json-schema-core-1.2.14.jar;C:\Users\Parag\.m2\repository\com\github\java-json-tools\uri-template\0.10\uri-template-0.10.jar;C:\Users\Parag\.m2\repository\org\mozilla\rhino\1.7.7.2\rhino-1.7.7.2.jar;C:\Users\Parag\.m2\repository\com\sun\mail\mailapi\1.6.2\mailapi-1.6.2.jar;C:\Users\Parag\.m2\repository\joda-time\joda-time\2.10.5\joda-time-2.10.5.jar;C:\Users\Parag\.m2\repository\com\googlecode\libphonenumber\libphonenumber\8.11.1\libphonenumber-8.11.1.jar;C:\Users\Parag\.m2\repository\com\google\code\findbugs\jsr305\3.0.2\jsr305-3.0.2.jar;C:\Users\Parag\.m2\repository\net\sf\jopt-simple\jopt-simple\5.0.4\jopt-simple-5.0.4.jar;C:\Users\Parag\.m2\repository\com\google\guava\guava\32.0.1-jre\guava-32.0.1-jre.jar;C:\Users\Parag\.m2\repository\com\google\guava\failureaccess\1.0.1\failureaccess-1.0.1.jar;C:\Users\Parag\.m2\repository\com\google\guava\listenablefuture\9999.0-empty-to-avoid-conflict-with-guava\listenablefuture-9999.0-empty-to-avoid-conflict-with-guava.jar;C:\Users\Parag\.m2\repository\org\checkerframework\checker-qual\3.33.0\checker-qual-3.33.0.jar;C:\Users\Parag\.m2\repository\com\google\errorprone\error_prone_annotations\2.18.0\error_prone_annotations-2.18.0.jar;C:\Users\Parag\.m2\repository\com\google\j2objc\j2objc-annotations\2.8\j2objc-annotations-2.8.jar;C:\Users\Parag\.m2\repository\com\github\scribejava\scribejava-apis\8.3.3\scribejava-apis-8.3.3.jar;C:\Users\Parag\.m2\repository\com\github\scribejava\scribejava-core\8.3.3\scribejava-core-8.3.3.jar;C:\Users\Parag\.m2\repository\com\github\scribejava\scribejava-java8\8.3.3\scribejava-java8-8.3.3.jar;C:\Users\Parag\.m2\repository\com\fasterxml\jackson\core\jackson-databind\2.14.0\jackson-databind-2.14.0.jar;C:\Users\Parag\.m2\repository\com\fasterxml\jackson\core\jackson-annotations\2.14.0\jackson-annotations-2.14.0.jar;C:\Users\Parag\.m2\repository\com\fasterxml\jackson\core\jackson-core\2.14.0\jackson-core-2.14.0.jar;C:\Users\Parag\.m2\repository\org\json\json\20230618\json-20230618.jar;C:\Users\Parag\.m2\repository\io\rest-assured\xml-path\5.3.1\xml-path-5.3.1.jar;C:\Users\Parag\.m2\repository\io\rest-assured\rest-assured-common\5.3.1\rest-assured-common-5.3.1.jar;C:\Users\Parag\.m2\repository\com\github\javafaker\javafaker\1.0.2\javafaker-1.0.2.jar;C:\Users\Parag\.m2\repository\org\yaml\snakeyaml\1.23\snakeyaml-1.23-android.jar;C:\Users\Parag\.m2\repository\com\github\mifmif\generex\1.0.2\generex-1.0.2.jar;C:\Users\Parag\.m2\repository\dk\brics\automaton\automaton\1.11-8\automaton-1.11-8.jar;C:\Users\Parag\.m2\repository\com\aventstack\extentreports\5.1.0\extentreports-5.1.0.jar;C:\Users\Parag\.m2\repository\io\reactivex\rxjava3\rxjava\3.1.6\rxjava-3.1.6.jar;C:\Users\Parag\.m2\repository\org\reactivestreams\reactive-streams\1.0.4\reactive-streams-1.0.4.jar;C:\Users\Parag\.m2\repository\org\freemarker\freemarker\2.3.32\freemarker-2.3.32.jar;C:\Users\Parag\.m2\repository\org\projectlombok\lombok\1.18.26\lombok-1.18.26.jar;C:\Users\Parag\.m2\repository\org\apache\logging\log4j\log4j-api\2.20.0\log4j-api-2.20.0.jar;C:\Users\Parag\.m2\repository\org\apache\logging\log4j\log4j-core\2.20.0\log4j-core-2.20.0.jar;"/>
    <property name="sun.cpu.endian" value="little"/>
    <property name="user.home" value="C:\Users\Parag"/>
    <property name="user.language" value="en"/>
    <property name="java.specification.vendor" value="Oracle Corporation"/>
    <property name="java.version.date" value="2023-07-18"/>
    <property name="java.home" value="C:\Program Files\Java\jdk-20"/>
    <property name="file.separator" value="\"/>
    <property name="basedir" value="C:\E\workspaces\workSpace_RestAssured_P1\restApi_November"/>
    <property name="java.vm.compressedOopsMode" value="32-bit"/>
    <property name="line.separator" value="&#10;"/>
    <property name="java.vm.specification.vendor" value="Oracle Corporation"/>
    <property name="java.specification.name" value="Java Platform API Specification"/>
    <property name="surefire.real.class.path" value="C:\Users\Parag\AppData\Local\Temp\surefire1293322317613432730\surefirebooter-20231220224701566_3.jar"/>
    <property name="user.script" value=""/>
    <property name="sun.management.compiler" value="HotSpot 64-Bit Tiered Compilers"/>
    <property name="java.runtime.version" value="20.0.2+9-78"/>
    <property name="user.name" value="Parag"/>
    <property name="stdout.encoding" value="Cp1252"/>
    <property name="path.separator" value=";"/>
    <property name="os.version" value="10.0"/>
    <property name="java.runtime.name" value="Java(TM) SE Runtime Environment"/>
    <property name="file.encoding" value="UTF-8"/>
    <property name="java.vm.name" value="Java HotSpot(TM) 64-Bit Server VM"/>
    <property name="localRepository" value="C:\Users\Parag\.m2\repository"/>
    <property name="java.vendor.url.bug" value="https://bugreport.java.com/bugreport/"/>
    <property name="java.io.tmpdir" value="C:\Users\Parag\AppData\Local\Temp\"/>
    <property name="java.version" value="20.0.2"/>
    <property name="user.dir" value="C:\E\workspaces\workSpace_RestAssured_P1\restApi_November"/>
    <property name="os.arch" value="amd64"/>
    <property name="java.vm.specification.name" value="Java Virtual Machine Specification"/>
    <property name="sun.os.patch.level" value=""/>
    <property name="native.encoding" value="Cp1252"/>
    <property name="java.library.path" value="C:\Program Files\Java\jdk-20\bin;C:\WINDOWS\Sun\Java\bin;C:\WINDOWS\system32;C:\WINDOWS;C:\Users\Parag\bin;C:\Program Files\Git\mingw64\bin;C:\Program Files\Git\usr\local\bin;C:\Program Files\Git\usr\bin;C:\Program Files\Git\usr\bin;C:\Program Files\Git\mingw64\bin;C:\Program Files\Git\usr\bin;C:\Users\Parag\bin;C:\Program Files\Common Files\Oracle\Java\javapath;C:\windows\system32;C:\windows;C:\windows\System32\Wbem;C:\windows\System32\WindowsPowerShell\v1.0;C:\windows\System32\OpenSSH;C:\Program Files (x86)\NVIDIA Corporation\PhysX\Common;C:\WINDOWS\system32;C:\WINDOWS;C:\WINDOWS\System32\Wbem;C:\WINDOWS\System32\WindowsPowerShell\v1.0;C:\WINDOWS\System32\OpenSSH;C:\Program Files\Java\jdk-20\bin;C:\E\Apache_Maven\apache-maven-3.9.4\bin;C:\Program Files\Microsoft SQL Server\120\DTS\Binn;C:\Program Files\Microsoft SQL Server\Client SDK\ODBC\110\Tools\Binn;C:\Program Files (x86)\Microsoft SQL Server\120\Tools\Binn;C:\Program Files\Microsoft SQL Server\120\Tools\Binn;C:\Program Files (x86)\Microsoft SQL Server\120\Tools\Binn\ManagementStudio;C:\Program Files (x86)\Microsoft SQL Server\120\DTS\Binn;C:\Program Files\nodejs;C:\ProgramData\chocolatey\bin;C:\Program Files\nodejs\node_modules;C:\Users\Parag\AppData\Roaming\npm\node_modules\newman\bin\newman.js;C:\Program Files\Git\usr\bin;C:\Users\Parag\AppData\Roaming\npm;C:\E\Apache_Maven\apache-maven-3.9.4\bin;C:\E\Apache_Maven\apache-maven-3.9.4;C:\E\Apache_Maven\apache-maven-3.9.4;C:\Program Files\Java\jdk-20;C:\Program Files\Git\usr\bin\git.exe;C:\Users\Parag\AppData\Local\Microsoft\WindowsApps;C:\Program Files\Java\jdk-20\bin;C:\E\Apache_Maven\apache-maven-3.9.4\bin;C:\Users\Parag\AppData\Local\Programs\Microsoft VS Code\bin;C:\Users\Parag\AppData\Roaming\npm\node_modules\newman\bin\newman.js;C:\Program Files\Git\usr\bin\vendor_perl;C:\Program Files\Git\usr\bin\core_perl;."/>
    <property name="java.vm.info" value="mixed mode, sharing"/>
    <property name="stderr.encoding" value="Cp1252"/>
    <property name="java.vendor" value="Oracle Corporation"/>
    <property name="java.vm.version" value="20.0.2+9-78"/>
    <property name="sun.io.unicode.encoding" value="UnicodeLittle"/>
    <property name="java.class.version" value="64.0"/>
  </properties>
  <testcase name="test_createBook" classname="api.test.BookTest" time="3.566">
    <system-out><![CDATA[Random Number in Range: 387
HTTP/1.1 200 OK
Content-Type: application/json; charset=utf-8; v=1.0
Date: Wed, 20 Dec 2023 17:17:04 GMT
Server: Kestrel
Transfer-Encoding: chunked
api-supported-versions: 1.0

{
    "id": 387,
    "title": "Brynn",
    "description": "Veum",
    "pageCount": 408,
    "excerpt": "alane.kozey@hotmail.com",
    "publishDate": "2025-10-05T15:02:46.6465312+00:00"
}
387
<-----------All Assertion passed----->
]]></system-out>
    <system-err><![CDATA[SLF4J: No SLF4J providers were found.
SLF4J: Defaulting to no-operation (NOP) logger implementation
SLF4J: See https://www.slf4j.org/codes.html#noProviders for further details.
]]></system-err>
  </testcase>
  <testcase name="test_getAllBooks" classname="api.test.BookTest" time="26.217">
    <system-out><![CDATA[HTTP/1.1 200 OK
Content-Type: application/json; charset=utf-8; v=1.0
Date: Wed, 20 Dec 2023 17:17:06 GMT
Server: Kestrel
Transfer-Encoding: chunked
api-supported-versions: 1.0

[
    {
        "id": 1,
        "title": "Book 1",
        "description": "Ipsum justo in amet nihil lorem takimata nulla no magna nobis nibh nulla vel. Diam ea aliquam nulla lorem facilisis no nonumy et. Dolore magna diam takimata kasd facilisis sit sanctus dolor. Vero lorem minim aliquyam at dolor. Amet ut no nonumy lorem ut sed in odio elitr. Nibh praesent vulputate dolore et euismod veniam dolores erat luptatum dolor gubergren sit sea. Vel et diam et diam lorem vel sit vel lorem clita. Illum nonumy tempor ea no invidunt no erat nisl amet sadipscing. Invidunt consequat sea labore kasd consequat at sea rebum tation voluptua nisl accusam lorem accusam in sanctus.\n",
        "pageCount": 100,
        "excerpt": "Et dolore et. Nam elitr consequat facilisi. Elitr sed lorem cum voluptua no esse sanctus sit dolor justo ea nulla lorem ipsum sea eos commodo vero. Consequat velit eos tempor dolor invidunt lorem ea ipsum et elitr consetetur diam sit et lorem. Sit dolore sea sed enim in nonumy sadipscing. Kasd mazim amet nonumy amet minim vero magna. Accusam ullamcorper et ut eos rebum magna eirmod amet consetetur. Sed quis accusam justo justo lorem justo aliquip minim duo ipsum dolores consetetur diam euismod takimata dolore augue invidunt. Et nonummy quis rebum vel lorem ut. Sadipscing clita diam aliquyam amet rebum ipsum dolore. Aliquyam eirmod erat vel eirmod justo vulputate eos ipsum eos at gubergren takimata invidunt laoreet nostrud. Euismod sit lorem sea aliquam at invidunt erat kasd.\nDolor et magna aliquyam sadipscing. Blandit sadipscing facilisi eirmod dolore lobortis justo sed. Wisi kasd vero tempor sed justo odio eirmod lorem duis erat rebum sadipscing tation consetetur ea voluptua lorem. Volutpat dolore elitr sit eos est. Et dolores diam imperdiet sed et et nulla amet at est sed sed sed dolore facilisi. Nobis magna tation nostrud enim autem nonumy aliquyam et takimata diam consetetur nulla. Sit et takimata lorem lorem est takimata ea dolor ipsum feugiat luptatum justo gubergren dignissim consequat diam esse consetetur. Minim tincidunt dolor tincidunt sed lorem. Elitr sea sed gubergren et vel gubergren iusto no et diam sed commodo assum gubergren. No sed dolor facilisis erat qui in adipiscing vel sit vel. Accumsan justo ipsum nonumy sit consectetuer illum diam nobis eirmod sit. Gubergren ullamcorper amet. Ipsum veniam eros sed aliquyam takimata takimata ea feugiat mazim voluptua. Esse minim consetetur et eirmod ullamcorper rebum at cum ipsum kasd.\nSanctus duo eirmod commodo. Qui placerat iriure sed feugiat at elitr accusam et nobis facilisis dolore sea sadipscing quis clita et diam. At sed dolore.\nGubergren lorem amet tation. Diam eirmod invidunt ipsum nostrud et ex magna sea aliquyam ut diam consequat magna. Duis et sed ut vero elitr ea erat consetetur in aliquyam lorem lorem assum. Nulla vero eu ea dolor stet sadipscing esse gubergren lorem sanctus magna invidunt no sadipscing ipsum. At amet elitr nonumy rebum et invidunt enim no sadipscing voluptua sed aliquyam. Dignissim veniam takimata accusam. Erat odio erat dolores diam nisl takimata rebum blandit clita erat dignissim amet elitr vulputate in iusto. Sed rebum sea adipiscing aliquam diam accusam dolores amet tempor aliquyam tempor assum erat. Ad dolor dolor sanctus diam nonumy lobortis.\nVel blandit aliquyam iusto id congue velit et dolore ea erat sea invidunt sed ipsum volutpat dolor. No et nisl vel elitr. Ipsum illum nonumy eirmod commodo erat sanctus. Ut takimata amet dolores nihil et et wisi. Dolor est eos amet delenit ea sanctus elit eros dolore et sit invidunt enim lorem. Sit accumsan voluptua no commodo ex invidunt in voluptua illum eu. Clita vero ea dolor consetetur aliquam. Nulla justo nisl ea diam et justo et duis tempor eum eirmod vero in at. Elitr dolor sanctus duis vero duo nulla sadipscing erat ut tempor. Ut aliquyam et sit adipiscing kasd te et dolore accusam tation et clita. Eirmod vero dolor nonummy est clita. Vulputate lobortis sit. Eos eum gubergren vero nostrud. Dolor erat at eirmod duo ea autem euismod nonummy magna luptatum diam dolore facilisi. Stet sit erat diam duo et. Elitr duo clita elitr accusam sit exerci ea justo. Dolor dolor est dolor vulputate sed ipsum no amet sanctus ullamcorper aliquyam ipsum zzril.\n",
        "publishDate": "2023-12-19T17:17:07.1546013+00:00"
    },
    {
        "id": 2,
        "title": "Book 2",
        "description": "Voluptua consequat et aliquyam dolores elitr et sit aliquam at euismod vel amet lorem. Magna nonummy dolore nonumy magna ipsum ut labore velit iriure magna labore sed nonumy amet accusam dolor et hendrerit. Esse ipsum eirmod dolores no erat esse accumsan clita dolor sea autem sit diam dolor. Ea voluptua illum no ullamcorper sit ipsum vel justo takimata sadipscing delenit kasd est sed. Ut clita sanctus dolore nulla dolor erat facer dolores tation eos illum dolor consequat labore. Aliquyam voluptua aliquyam. Liber et iriure tempor ut tempor wisi dolor tempor molestie eos in eum tempor magna. Kasd kasd te justo sit amet elitr ipsum sed delenit et est accumsan est nisl molestie ea. Praesent wisi ut vero dolore hendrerit option sed nisl magna stet et elitr dolore duo sit diam duo. Magna takimata quis sed vel feugait et lorem kasd sanctus dolore dolor dolor. Et ipsum nulla tempor sanctus vel. Eirmod duo te clita ex sit facilisi dolor lorem quis sed ut amet rebum ipsum sed sadipscing iusto. Sea invidunt nonumy vel accusam clita ut. Sanctus clita liber sea ipsum odio no kasd takimata amet aliquyam sadipscing vel dolore ut. Eu diam et autem aliquyam laoreet vel ipsum duo laoreet accusam labore lorem aliquip nonumy lorem eirmod nonumy et. Luptatum suscipit vero ipsum justo ipsum laoreet invidunt rebum at duo sed. Dolore ipsum labore aliquyam illum kasd dolor.\n",
        "pageCount": 200,
        "excerpt": "Sea rebum duo aliquyam dolores dolore. Magna sanctus vero zzril consetetur no sed. Blandit sed dolore sit sea nonumy ipsum nulla iriure dolores esse ea est et eirmod diam. Te stet eum gubergren aliquyam sea zzril dolor duis blandit. Tempor eos ullamcorper eos at lorem clita. Vel sanctus at erat lorem vero. Erat magna at placerat.\nSit et duo iriure ea et magna possim ut amet iriure diam. Magna kasd euismod. Et duo takimata eu lorem diam ipsum labore eum ex ipsum. Illum voluptua et takimata clita dolore lorem et sit consetetur vel takimata ut dolore dolore nulla. Invidunt gubergren luptatum aliquam vulputate qui sed eirmod ipsum ut sanctus ea. Sanctus molestie magna consetetur autem justo et et. Labore amet labore et erat option aliquam dolore. Sit et doming ut vel accusam placerat magna sed ea justo et rebum sadipscing sea ut. Ea invidunt diam duo mazim et at assum no et eos labore sed. Blandit in eirmod diam et et eu diam. Ipsum aliquip sed takimata rebum labore et odio et wisi vero magna eu iriure lorem elitr sit accusam. Invidunt consequat justo sadipscing labore at esse. Duis dolor invidunt. Nisl sed eirmod tempor et nulla rebum tation aliquyam in. Ex sanctus luptatum consetetur accusam ipsum consequat ipsum vero amet rebum est dolores ut exerci sadipscing. Ipsum vero nonumy ut ut clita. Invidunt gubergren est et sit invidunt feugiat ipsum minim dolores consequat tempor tempor zzril ea sed dolores.\nFacilisi in eos diam velit diam consequat dolore dolor dolore. Consectetuer enim consetetur rebum takimata consetetur exerci ex dolor lorem ipsum illum vero lorem labore stet. Justo et nonumy nonumy dolor eos eos. Adipiscing nonumy duo accumsan nostrud est magna et et ut et. Et et accusam dolores consectetuer accusam sadipscing et gubergren amet sed ipsum takimata. Rebum rebum molestie. Invidunt elitr in tempor at est no at tation vel est dolor in rebum kasd consetetur justo. Clita consetetur et gubergren eu sit. Kasd ipsum molestie erat enim hendrerit sit facilisis voluptua erat magna. Ut amet ea nibh. Te magna vel in nostrud tempor.\nDiam tempor sit hendrerit et et nulla diam tempor at takimata consetetur at dolor sanctus ex lobortis. Delenit magna sea labore consetetur ipsum vulputate imperdiet amet et zzril. Takimata ipsum sed takimata in facer duo. Molestie elitr duo vel ut. Sea et justo congue sed magna. Sanctus duis dolore est elitr voluptua cum invidunt consetetur nibh dolore sea dolor tempor invidunt dolor justo ut. Clita accusam justo aliquam illum consetetur ipsum iusto dolore lorem diam magna. Dolore ullamcorper sit elitr lorem duo duis facilisis ea imperdiet diam ut tempor sea et labore est rebum sit. In nonummy et invidunt at. Consetetur vero eirmod erat et et sanctus vero dolore labore invidunt sadipscing dolor amet aliquyam dignissim lobortis. Erat stet amet invidunt veniam molestie illum diam te autem amet eirmod stet rebum duo.\nEt euismod invidunt nibh takimata erat nonummy enim tempor lorem diam clita nobis ut et. Tempor sea molestie qui sea gubergren qui amet autem takimata voluptua vero molestie velit voluptua et. Te sea erat blandit praesent iusto elitr delenit eirmod. Dolor eirmod nulla consetetur et erat kasd. Vulputate magna eleifend amet sit sanctus in diam wisi lorem nam magna kasd exerci. Et diam erat elitr et lorem et amet sanctus lorem duo aliquyam sea. No ipsum erat in dolor duis kasd sit consetetur sit vero sadipscing diam eirmod nonumy elitr. Vel diam minim dolor ipsum eos tempor lorem et accusam justo doming duis consetetur diam wisi. Nonumy blandit tincidunt justo justo stet nonumy aliquyam. Iusto tempor autem enim et sanctus stet delenit. Ipsum gubergren voluptua diam aliquyam quis suscipit vero feugiat et. Ipsum amet aliquyam no labore enim aliquyam consequat labore euismod rebum. Amet tation amet et ullamcorper nulla et stet sed dolore volutpat eos sadipscing. Sanctus molestie dolores dolores augue soluta tempor lorem. Invidunt sea et aliquyam luptatum vel.\n",
        "publishDate": "2023-12-18T17:17:07.1547185+00:00"
    },
    {
        "id": 3,
        "title": "Book 3",
        "description": "Dolores diam diam at molestie magna tincidunt lorem. Nisl erat sed et. Vero amet vulputate nonumy amet kasd duo kasd eu et erat laoreet rebum eum dolore ipsum takimata sed gubergren. Aliquip dolores et facer ullamcorper tation exerci duo ad sit vero ea et et duo magna. Amet lorem et duis. Erat vero erat clita et labore dolores lorem eleifend nisl mazim facilisis erat laoreet feugiat sit nulla erat. Eirmod no amet diam stet vero. Gubergren consetetur sanctus iriure sed sit hendrerit option tempor sit exerci duis elitr invidunt consectetuer dolore rebum lorem. Tempor quis hendrerit sea amet zzril dignissim no rebum at amet facilisis sit eirmod. At eos euismod accusam accumsan elitr et aliquyam dolor labore lorem duo accusam ut eu vel justo velit. Aliquam soluta dolor clita gubergren rebum no at stet vulputate elitr duo diam nulla invidunt amet sed eirmod quod. Lorem ea nibh lorem vero et congue lorem takimata minim clita exerci nonumy minim molestie assum exerci. Erat in et luptatum in sed imperdiet consequat consetetur.\n",
        "pageCount": 300,
        "excerpt": "Tempor et consetetur in feugait vero suscipit et. Clita justo illum sadipscing duo diam dolor ea sed. At ad in sed molestie sit dolore sit est. Diam iriure zzril et rebum esse kasd duo duo. Nonumy voluptua minim sed gubergren amet sea eos autem sit exerci dolor et. Lorem lorem autem augue lorem nulla elitr sanctus tempor dolor. Sit lorem enim amet ipsum invidunt erat vel stet sadipscing eirmod sit stet rebum assum consetetur. Amet voluptua diam et et ut amet kasd sadipscing. Sit consetetur facilisi eu takimata ipsum ullamcorper iusto erat veniam sed duo consetetur gubergren dolore. Diam et ipsum eu rebum dolor stet dolore. Diam invidunt sanctus wisi justo nulla labore et possim labore eirmod sed facilisis at odio eirmod sadipscing sadipscing. Ad invidunt et nibh diam erat eu facilisis sea sed aliquip gubergren elit.\nMagna at qui nonumy gubergren vel sadipscing erat dolor et autem. Facilisi sit amet consetetur iusto elitr magna sit amet amet facilisis consetetur. Tempor sit diam exerci eirmod vero eros lorem dolor quis consequat nisl lorem et ex. Ut sit dolore invidunt gubergren at praesent in. Dolor sit lorem sed sed ut ad eum amet eos vel dolores velit consequat no justo qui. Aliquip ipsum sed blandit no at kasd stet lorem. Vero clita stet dolor invidunt nibh sed placerat nulla no consetetur euismod et gubergren eirmod diam et. Accusam facilisis et sit gubergren dolor et tempor consetetur diam elitr. Erat dolor ut ea justo sanctus kasd rebum magna no takimata duo. Dolore magna eos et magna ea amet est vero in nonumy sed. Ipsum at dolore dolore eirmod sit amet eos. Sit nulla consequat feugait magna dolores nibh at kasd voluptua diam diam autem et tempor dolores sit doming sed. Accumsan sanctus delenit diam at lorem dolore erat et iriure.\nEirmod consectetuer sit ea dolor at enim et dolor. Iriure labore accumsan. Nonumy facilisi no ea invidunt lorem. Dolor eos sed erat eirmod dolor sit duo commodo iriure ut et wisi dolore labore suscipit sed. Sanctus diam in invidunt accumsan kasd dolore augue kasd et. Et ipsum suscipit labore duis sit gubergren vel invidunt et vel voluptua ea lorem nibh sed duo. No est dolor magna dolore aliquyam sed ipsum nonumy ipsum aliquyam ad qui ut magna ut eu est. Ea eos accumsan sed clita sed ad elit vulputate diam. Lorem ex minim ut minim kasd no eirmod dignissim tincidunt nam ipsum laoreet. Rebum aliquyam duo nulla voluptua nibh eirmod dignissim duo ipsum dolores magna rebum diam accumsan. Justo et et dolor amet congue lorem magna nonumy invidunt ea elitr invidunt dolore. Voluptua ipsum erat zzril invidunt erat et zzril et lorem consequat adipiscing no ut elitr erat. Feugiat dolor sadipscing labore iriure nonumy autem et sit et lorem nonumy kasd sit ut tempor no hendrerit vulputate. Eum sit vero. Et sit dolor stet dolores erat quod dolor esse sit dolor. Lobortis sadipscing commodo gubergren ipsum zzril. Gubergren molestie et no ipsum clita autem. Sed invidunt dolor id consetetur sed vel sea iriure invidunt vero lorem sanctus.\nInvidunt dolore magna praesent dolor dolores rebum minim option dolor dolores rebum no sit sed lorem at facer. Minim kasd gubergren qui luptatum exerci voluptua ut ipsum eos erat ea ipsum. Elit vero diam dolor ad ipsum eirmod illum tempor vel. Voluptua no eirmod sea dignissim tempor. Tempor sea erat. At feugiat justo no dolore dolore gubergren quod lorem sed lorem commodo dolor dolor rebum minim nonummy eum. Magna at nostrud justo velit consetetur tempor sed et ut magna nam in ut molestie congue magna consectetuer. Id dolor at clita kasd tempor takimata et feugait ipsum lorem at. Labore consetetur ipsum velit ipsum diam aliquyam rebum amet est tempor sea vero at. Sadipscing stet dolor dolore et sed ipsum sit sanctus rebum ut magna amet clita dolor sed kasd sed.\nEum et consetetur sit vulputate ut facer. Consequat magna odio diam zzril kasd et dolore dolor et vero diam invidunt dolor sed voluptua sit sit augue. Tempor exerci ea facilisis aliquyam cum justo accusam et veniam magna autem. Tempor duo vero elitr dolor dolores nonumy.\n",
        "publishDate": "2023-12-17T17:17:07.1548223+00:00"
    },
    {
        "id": 4,
        "title": "Book 4",
        "description": "Diam in esse dolores sit autem aliquyam ea. Placerat est justo vero ut dolores sed vero clita sed sit. Sanctus ut quod at lorem autem duo duo. Facilisis et magna. Vel sit diam dolor blandit et diam invidunt gubergren et no vel. Consectetuer sea amet eos justo lorem assum gubergren velit kasd sit id sit sit stet et ullamcorper clita dolore. Eos ut esse sit kasd sed accusam dolore et dolor justo adipiscing lorem invidunt et no erat. Accusam ullamcorper kasd kasd sit illum amet dolor et et kasd duo aliquam kasd sed consequat. Ipsum diam lorem stet amet diam elitr qui diam elitr. Lorem ea labore ipsum amet erat vulputate diam dolore clita nonumy est sanctus. Kasd duo ea eos nulla sea accusam sadipscing dolor dolor lorem ut stet consetetur diam blandit nulla molestie takimata. Ipsum dolor ut odio dolor at sanctus sanctus dolor imperdiet.\n",
        "pageCount": 400,
        "excerpt": "Dolor lorem soluta exerci mazim elit duo ut exerci eum velit et amet et. Et feugait diam diam qui dolore possim kasd gubergren lorem nihil est labore ipsum molestie vero amet. Hendrerit diam gubergren hendrerit et diam clita ut. Diam clita amet ipsum et invidunt elitr no augue tation sadipscing tincidunt ipsum nonumy elitr elitr dolor consetetur. Blandit ad at et consequat hendrerit dolore at. Assum magna amet. Duis at ad vero diam iriure in molestie voluptua sadipscing consequat rebum eros eirmod tempor amet sit. Takimata et suscipit ut vero dolor rebum sit eos. Sed gubergren accusam vero te et vulputate diam feugait duo lorem vel ut eirmod. Ut labore elitr gubergren dolor consetetur tation facilisi ipsum. Duo ut consectetuer ut. Dolore aliquyam ipsum ipsum te tincidunt tempor augue eirmod quis dolore. Elitr lorem justo sanctus magna dolores eros amet delenit lorem invidunt aliquyam. Possim te invidunt elitr mazim eu elitr et et sed et labore dolore duis ea. Nulla et erat justo ea enim mazim soluta. Tempor eirmod est vel clita est consetetur. Eirmod accusam dolores et liber veniam dolore sanctus labore gubergren hendrerit dolor dolores. Accusam exerci et.\nTempor kasd vel at duo et ipsum est sed clita placerat. Invidunt sed est nibh at ipsum amet lorem tincidunt vulputate rebum erat. Et aliquip no nonumy sit rebum dolore. Nisl laoreet sanctus exerci amet amet molestie takimata. Vero et dolore vero vero gubergren kasd diam enim sed dolore tempor sit amet. Erat aliquyam ut amet assum et diam takimata accusam vel et sit praesent accusam eu duis. Sit magna nostrud consetetur takimata rebum kasd vulputate ipsum. Consequat esse assum magna. Vulputate at aliquyam laoreet lorem stet consequat diam labore stet placerat. In amet stet et invidunt erat ipsum et et. Diam accusam vero eos feugait vulputate magna eirmod facer ex sit amet no iriure vero. Amet kasd consetetur lorem sadipscing magna. Molestie accusam et cum dolor consectetuer sanctus invidunt erat lorem ut et at. Voluptua dolore amet aliquyam delenit at elitr. Sit dolor et elitr magna erat elitr ipsum stet stet voluptua et eirmod. Ipsum eirmod eu lorem labore. Dolores dolor et volutpat illum eirmod vero duis dolore vero dolor accumsan consetetur diam at.\nFeugiat lorem tempor consetetur ipsum sadipscing nonumy sit. Ad vero rebum sea aliquam sed eos kasd lorem at consetetur labore nulla. Nonumy sadipscing amet velit dolores consectetuer autem magna voluptua ex et sit et diam tempor justo. Tempor tempor aliquyam mazim adipiscing dignissim. Laoreet ut dolor amet elitr erat aliquam ex consequat voluptua nonumy sit erat lorem et. Sadipscing sed magna diam liber aliquam consetetur et accumsan eu zzril takimata ipsum duis volutpat assum in doming invidunt. Sit kasd velit.\nEt lorem takimata dolor tempor nam vulputate ea ut dolore no in elitr praesent ipsum et justo. Nulla ipsum minim ipsum ut tincidunt. Sed vel sit sed sanctus dolore no est consetetur elit est. Delenit erat eos. Ullamcorper clita kasd. Sit option consetetur labore dolore sed. Sadipscing laoreet vulputate in diam sit dolor tincidunt invidunt dolor vero erat lorem amet elit ad justo. Diam et eirmod et erat dolor in. Delenit duo sed sed amet ut sed amet et sit ipsum erat no tempor sit consetetur tempor lorem. Labore diam at invidunt et at aliquip et nonumy lorem lorem quod ipsum dolor diam sit. Rebum consetetur dolor nonumy sit nostrud. Dolores sed eos vulputate eu sanctus sadipscing erat feugait commodo nisl vero eirmod et amet dolores invidunt.\nAmet magna facilisi. Magna invidunt dolores veniam magna elitr dolor dolor dolore amet in justo est dolor ea velit kasd takimata eu. Tempor gubergren esse ea dolor. Sed et gubergren. Quis esse et.\n",
        "publishDate": "2023-12-16T17:17:07.1549193+00:00"
    },
    {
        "id": 5,
        "title": "Book 5",
        "description": "Sit ea amet stet sed at ex velit takimata ipsum. Sed et accusam sadipscing diam eirmod autem takimata stet accusam vel ipsum accumsan clita ipsum esse nisl duo. Ipsum consetetur voluptua no stet velit clita amet. Sadipscing aliquip odio diam dolores magna sed augue facilisis duo tempor dolore vero duo ea ipsum.\n",
        "pageCount": 500,
        "excerpt": "Voluptua amet magna nonumy dolor. Est amet justo ea dolore elitr. Rebum consetetur gubergren vel aliquyam et sit ut invidunt ut vel. Assum dolore sit erat no. Qui dolor at invidunt consetetur takimata lorem lobortis ea gubergren iusto et sit eos et eu eos adipiscing. Est ex est tempor quis diam zzril delenit. Nulla velit takimata et diam dolor et eu at facilisis lorem lorem erat voluptua nisl ullamcorper duis. Eos duis ut sanctus no consequat dolore lorem facilisis eirmod elitr aliquyam sit no gubergren. Diam voluptua sit placerat sea placerat ipsum velit est sed dolore sanctus diam hendrerit dolor. Dolores eros elitr ipsum duis dolore feugiat at labore et. Nisl sed dolore praesent justo sadipscing hendrerit lorem nulla exerci est eirmod sit nostrud facilisis. Zzril dolor ipsum imperdiet. Aliquyam aliquyam aliquyam lorem et sea aliquip tincidunt. No facilisi erat nonumy ea amet vulputate te minim ea illum sadipscing vel lorem.\nQuis veniam invidunt blandit et accumsan magna. Nihil sed amet ipsum rebum et cum eos sadipscing ipsum lorem dolores dolores et amet aliquyam et sanctus facilisi. Clita sanctus ut eros dolores ad clita dolor dolore. No vel nibh dolor. Est nonumy labore elit dolor zzril veniam. Dolor lorem erat accusam in et lorem labore gubergren. Sit ea sanctus at wisi dolor ut lobortis nisl eos tempor dolores consectetuer diam laoreet et diam. No vel veniam ipsum justo et facilisi et eirmod aliquyam iriure ea sed ea lorem molestie magna sed. Rebum in molestie. Dolore consetetur nonumy dolore eu diam nonumy iriure rebum nibh duis no sit suscipit iriure veniam qui dolores kasd. Stet clita sea sit vel eu ipsum feugait dolor. Diam odio voluptua dolore lorem gubergren erat diam erat amet amet molestie nonumy et. Et qui voluptua nisl rebum vero sit eros at vero eleifend ut diam. Sit elitr stet eu dolor amet sed no est accumsan eu duo. Magna dolore clita invidunt luptatum ut lorem magna erat.\nKasd at aliquyam amet dolor blandit duo vero nisl diam kasd sea suscipit sit illum placerat justo stet autem. At wisi eum at dolor dolor diam lorem adipiscing sed amet dolores tempor et sit et clita et. Accusam vero lobortis rebum sit. Et et ut ipsum nostrud congue duo lorem accusam stet sit erat et. Et diam aliquam takimata et. Ipsum et erat aliquam feugait est diam aliquip sanctus dolore invidunt commodo. Lorem no eos est zzril eos ipsum dolore. Et no option tincidunt consequat labore erat quod. Dolore vero vulputate consetetur amet. Molestie euismod sed amet dolor invidunt eum dolor ut erat et diam kasd accusam ipsum invidunt sanctus dolor. Sanctus lorem justo magna takimata et eos blandit sanctus. Sed diam sanctus nulla gubergren in invidunt duis ipsum wisi luptatum sed ex ea gubergren et amet dolor erat. Dolor consetetur sadipscing et. Clita enim stet dolore elitr stet ipsum molestie vulputate vulputate feugiat et nulla sit amet dolores dignissim. Dolore amet autem no laoreet odio dolores vero accusam dolore lorem takimata labore sit no gubergren.\nVero dolores kasd. Vel lorem stet laoreet luptatum feugait consectetuer amet voluptua labore id et. Magna sit magna sed elitr dolores dolores sed tempor sed duis at feugiat et. Ipsum at sadipscing tempor ipsum commodo vel consetetur dolor dolor sanctus eros kasd lorem. Et erat augue dolore eirmod accusam. Et et praesent dolor veniam.\nIpsum dolores justo labore ut ipsum magna sed diam facer sit nonumy sit autem amet invidunt sed vulputate. Clita nostrud velit kasd kasd amet facilisis tempor dolor gubergren invidunt lobortis invidunt tempor eirmod lorem elit. In elitr at sed. Accusam vero dolore lorem in invidunt eirmod sit hendrerit lorem at dolore clita kasd tincidunt sea kasd hendrerit sed. Dolore est tempor no sit ad iriure dolore lorem labore amet nibh consequat illum. Esse lorem dolor eirmod labore ex rebum consetetur aliquip nulla eirmod autem elitr takimata erat gubergren consequat. Velit sit dolore invidunt magna ipsum vero et diam dolor quod hendrerit nonummy duo. Duis dolor iusto stet lorem sadipscing. Dolor gubergren tempor ipsum illum justo ipsum vero. Takimata amet et consetetur dolor consetetur sit et lorem rebum sed stet dolores wisi stet. Accusam enim dolore eirmod. Sit euismod accusam lorem quis nibh sit soluta dolor sanctus et feugiat dolore consectetuer. Ipsum ut vero accusam dolor ipsum nulla in duis sed ut voluptua mazim. Kasd justo elitr eos sed gubergren diam kasd consetetur at dolore duo et diam. Et dolore eos et in dignissim ut id est tempor tempor takimata dolor est suscipit stet amet no.\n",
        "publishDate": "2023-12-15T17:17:07.1550168+00:00"
    },
    {
        "id": 6,
        "title": "Book 6",
        "description": "Liber rebum sadipscing dolore in lorem lorem at lorem nisl commodo diam est ut dolore feugiat kasd sadipscing. At amet vero tempor. Volutpat iusto vulputate velit est nulla invidunt exerci dolores magna aliquam elitr nulla diam elitr hendrerit et. Duis stet qui lorem. Dolor consetetur magna commodo ut no quis erat vel tempor eos stet ipsum elit ipsum sea vulputate praesent. Gubergren diam amet vel et accusam amet tempor et no dolor amet sit est magna invidunt amet. Erat vel congue et dolor esse amet esse voluptua diam clita justo nihil gubergren dolor facilisis est stet. Gubergren amet nibh takimata commodo aliquyam accusam duo nonummy nam eros consequat amet ut ea exerci justo augue. Nonumy sit invidunt ipsum amet. Magna sea eu diam dolor. Dolores exerci duo invidunt facilisis et invidunt dolor stet magna aliquyam takimata erat ea takimata sit sit sanctus. Illum clita stet eos lorem vero sed illum duis accusam dolor. Aliquyam illum consequat no elitr sadipscing ad. Diam veniam minim sanctus elitr takimata erat tincidunt gubergren et. Eros duo duo dolor aliquyam aliquyam dolor sit clita tempor wisi sed.\n",
        "pageCount": 600,
        "excerpt": "Sanctus at id amet no kasd mazim duo et et est magna enim luptatum dolore nibh invidunt. Vero takimata voluptua mazim sit. Sit sed et magna dignissim blandit possim sit accusam nulla dolor dolore ex at amet takimata accusam. Feugiat ullamcorper sadipscing ea labore. Clita sit et consetetur lorem in. Consectetuer clita gubergren. Lorem dolore vero lorem est in tempor kasd labore option praesent diam sanctus nonumy dolores ut dolor. Nonumy voluptua invidunt sit takimata justo vulputate kasd te dolor luptatum vel molestie et consetetur voluptua dignissim ex. Feugait vero feugiat sanctus est ex lorem sit sed no est tempor lorem duis justo vero amet. Justo et nulla nonummy. Magna takimata nonumy est kasd diam et.\nUt nonumy hendrerit suscipit no et dolore veniam laoreet et sit vero est gubergren. Dolor justo sit euismod aliquyam dolor praesent accusam rebum praesent adipiscing ipsum te. Elitr et elitr takimata vel magna rebum sea kasd rebum quis sed laoreet aliquyam vel duo. Takimata dolor dolor vero in consectetuer nonumy voluptua invidunt. Lorem facilisis takimata sadipscing et laoreet. Aliquyam nulla ipsum sit lorem lobortis dolores diam elitr dolore et et. Eirmod consectetuer augue justo. Sit clita accusam congue diam ipsum dignissim zzril blandit voluptua dolor lorem. In kasd lorem et kasd zzril et accusam sea magna. Et ex vero nonumy takimata delenit sit et eirmod et accusam et commodo consequat diam. Minim et lorem diam duis lorem quis elitr accusam. Eos tincidunt ipsum consequat aliquyam veniam. Magna sed erat sit. Feugait nonumy at magna et facilisi et justo.\nEt sit consectetuer ad lorem laoreet ipsum dolore consetetur zzril. Magna placerat amet dolores ipsum quis tincidunt. At et ipsum eos labore. Et lorem magna laoreet dolor et consequat. Tation diam ipsum ut nisl sea sed et aliquyam ut rebum diam minim zzril autem rebum. Consetetur in accumsan. Clita et placerat luptatum ipsum esse. Exerci sed sed in dolore consetetur ut est ea duo takimata qui. Sed sadipscing stet no sea invidunt ut vel sit.\nErat sit sanctus amet et eu ipsum qui in rebum vel dolor nibh erat consetetur volutpat adipiscing quod amet. Tempor sea invidunt eos. Tation consectetuer nulla consectetuer lorem at lobortis blandit dolore congue tempor nam lobortis ea cum elit labore dolore diam. Sed dolor sanctus rebum blandit erat elitr aliquam veniam et et gubergren consequat. Eos dolor dolor duo ut nonumy tempor dolores consequat eos sea kasd eos. Eum magna dolore diam dolor eros erat nonumy voluptua nibh et eu dolore eirmod nonumy. Nonummy nostrud eos kasd invidunt nisl nonumy est ipsum sit diam in lorem labore sanctus sanctus rebum dolores. Duo ullamcorper consetetur stet takimata dolor consetetur. Ea ut dolore diam elit sed tempor. Enim nonumy et labore at sea stet erat et ipsum.\nVoluptua eirmod diam duo ea et esse iusto amet duis lorem duo. Amet eos tempor iriure. Amet lorem invidunt ut kasd dolores eos enim autem. Consetetur et praesent gubergren sadipscing vero iriure diam sea duo invidunt dolores dolore ea magna. Nulla nisl sed vero invidunt. Ut adipiscing tempor est lorem aliquyam duis sadipscing iriure et illum stet eu volutpat dolor hendrerit voluptua. Sanctus sit clita amet accusam diam suscipit dignissim accumsan duis sed sit invidunt at. Dolor magna dolores mazim eirmod diam vero autem dolore et ipsum eleifend sit est consectetuer et. Feugiat consetetur duo diam rebum eos erat nulla ea duis zzril sit rebum erat dolores sed eirmod nulla. Magna dolor tempor sanctus luptatum et at accusam. Diam dolor amet sadipscing sed takimata ipsum elitr takimata sit eirmod sea. Lorem elitr dolore et autem vel erat lorem.\n",
        "publishDate": "2023-12-14T17:17:07.1551152+00:00"
    },
    {
        "id": 7,
        "title": "Book 7",
        "description": "Diam sit invidunt et amet stet dolore nulla invidunt ipsum sadipscing nulla duo aliquyam nisl hendrerit. Et sadipscing accusam invidunt diam euismod consetetur ipsum sed. Sed praesent sadipscing kasd ipsum ipsum diam. Magna vel lorem nibh est et nulla dolor sanctus at justo et ut. Gubergren sit ipsum sed invidunt tempor ut dolor voluptua vero praesent imperdiet amet diam elitr feugait consetetur voluptua. Takimata no amet. Duis in duis nonummy lorem magna wisi erat dolore nonumy eirmod. Ipsum sea velit diam dolor praesent amet enim erat no. Gubergren vulputate gubergren rebum dolore sadipscing dolor sed nostrud rebum in diam diam consequat tincidunt nobis. Nonumy consetetur sit lobortis takimata et consetetur ut vero iusto at. Rebum sit facer nonumy sit nonumy sed consetetur sadipscing autem invidunt vero gubergren consetetur erat nonumy accusam. Consectetuer consetetur amet luptatum eos ut. Cum et accusam et erat. Est labore eirmod eos sit lorem ea augue vel molestie facilisi eirmod adipiscing. Accusam duis stet eirmod sanctus magna feugait accusam ea diam autem eos dignissim at ut.\n",
        "pageCount": 700,
        "excerpt": "Erat magna eirmod eleifend invidunt eos kasd nonummy invidunt facer invidunt nonumy in dolore clita elitr duis elitr sanctus. Et gubergren dolor duo duo tation ipsum sit sed dolores ut invidunt clita praesent eu vero. Laoreet ut accumsan ut diam et ullamcorper eos dolore no dolor lorem dolore elitr et ut gubergren. Dolor et dignissim sit dolor ut amet duis dolor dolores duo diam vero dolore lorem elit tempor sea sit. Eos diam sanctus. Dolor lorem justo magna eum sed facer dolor dignissim adipiscing sed elitr. No nam sit diam erat duo in diam est ut. Amet et nonumy at cum velit feugiat sanctus te sanctus lorem lorem nonumy magna justo. Autem et at quis lorem stet sadipscing consequat justo amet.\nEt augue at sit aliquyam lorem rebum lorem invidunt delenit. Ut amet lorem ea ut quis tation veniam quod kasd facer. Sed commodo hendrerit clita eirmod justo hendrerit euismod ex sit eirmod diam sit ea dolore duo volutpat. Assum te aliquyam luptatum at te est zzril hendrerit invidunt kasd takimata feugait. Amet option amet dolor nam at iriure voluptua consetetur diam. Dolores stet diam duo qui. Velit sed sadipscing. Aliquyam dolor at sea et takimata nisl adipiscing est augue magna hendrerit. Diam et amet et erat gubergren est ad et sed ipsum. Augue autem dolor takimata ipsum at zzril et consetetur justo eos. Velit tincidunt vulputate eirmod ad eos vel consequat voluptua no in ipsum. Labore elitr magna et voluptua dolore gubergren voluptua ex ipsum kasd quis vero takimata. Duis consetetur feugiat dolor labore sed lorem takimata sed dolores sit elitr et tempor commodo. Takimata consetetur tempor eu ipsum dolore consetetur dolores consequat accusam ipsum accusam accusam. Consequat nonumy ad eirmod sit zzril magna amet duo. Sit dolor feugait liber voluptua lorem amet invidunt est magna est. Ipsum no ut dolores amet kasd duo dolor magna at dignissim ea diam.\nConsetetur invidunt duis dolor sed sed consetetur lorem vel at tation sed aliquyam diam duo. Diam consequat magna. Tation stet labore consequat assum magna vulputate eirmod accusam. No sit ea. Amet lorem diam exerci dolore takimata elitr kasd voluptua sed in tempor.\nNam clita magna aliquyam vero takimata molestie magna ut duo dolor no. Ullamcorper sea volutpat amet sed voluptua praesent voluptua dolor. Zzril tempor at erat dolor eirmod elitr lorem dolor elitr. Sit gubergren soluta facilisis consetetur nonumy feugait dignissim eu sanctus nam vero accusam dignissim et tempor.\nKasd accusam quod diam invidunt minim elitr lorem aliquyam sea consetetur. At blandit ut consequat diam sit ea magna rebum invidunt vero takimata aliquip hendrerit consetetur. Odio suscipit augue. Sit et sea odio iriure. Sea invidunt invidunt. No justo tation vero. Tempor laoreet eirmod commodo eleifend clita diam sea vero ea invidunt.\n",
        "publishDate": "2023-12-13T17:17:07.1551964+00:00"
    },
    {
        "id": 8,
        "title": "Book 8",
        "description": "Laoreet erat imperdiet diam iriure et sed. Kasd amet tempor tempor eum aliquyam elit ipsum sea tincidunt enim magna. Sanctus voluptua dolore. Stet aliquip diam sit et sanctus consetetur no kasd dolore sanctus et sit accumsan clita dolore tempor. Eum dolor et takimata eos tincidunt est sed sed et. Lorem dolores nulla stet sit eu eu ea augue erat velit duis rebum. Ad sadipscing tempor facilisi amet ipsum dolore est facilisis nostrud vel eirmod. Justo magna in aliquam.\n",
        "pageCount": 800,
        "excerpt": "Voluptua sed ea lorem ipsum hendrerit takimata nibh dolores iriure amet sea facilisi. Hendrerit duis diam dolores at sed justo suscipit ipsum molestie labore ea takimata voluptua nihil stet tempor. Nostrud sed eirmod elitr commodo euismod ut. Sadipscing sed molestie. No ut vero aliquyam eos assum eirmod feugait consetetur ut nobis nonumy. Sanctus ea ipsum dolor dolore et lorem ut vulputate ut dolores accusam amet. Lorem elit no. Dolor et ut iriure. Et sea minim gubergren et dolor duo. Lobortis eu et vero facilisis congue lorem kasd takimata illum voluptua lobortis ut euismod no magna. Ut at invidunt no est duo no justo labore sit. Assum eos dolor sadipscing accusam magna feugait justo praesent hendrerit takimata ut in tempor eirmod. Nulla labore nulla amet aliquip nulla in est accusam lorem. Nisl et at tempor. Invidunt sed dolor dolor labore dolor sit dolor dolore suscipit eirmod.\nVulputate iriure accusam dolores no duo ut nisl dolor takimata. Ex in et elitr. Diam nonumy takimata nonumy iriure dolore consequat rebum ut euismod sanctus aliquip diam. Amet eos placerat erat nulla accumsan vero velit et at qui kasd nonumy duo sit.\nMagna gubergren duo eros zzril euismod sea et takimata est takimata magna. Rebum ut nulla amet clita in clita dolor no ea rebum molestie dolores amet vulputate. Sadipscing ipsum aliquyam vulputate rebum no elitr. Ullamcorper ipsum sanctus elit stet velit illum. Sanctus est stet dolores nobis consetetur nam diam sanctus ea accusam at. Lorem magna voluptua nonumy magna rebum odio diam duis est lobortis gubergren luptatum. Dolore ipsum dolor et volutpat et wisi amet aliquyam diam et duo ipsum diam. Magna amet tempor. At et labore. Sed dolore vero ipsum at sadipscing et vero. Amet suscipit vero eirmod gubergren magna clita placerat ipsum laoreet dolores accusam et stet dolores nonumy tempor adipiscing sanctus.\nGubergren sit lorem eos justo dignissim kasd consequat at tation rebum dolore stet dolor ut exerci sit. Justo ipsum consetetur dolore kasd dolore no takimata aliquam sea elitr et et kasd gubergren rebum nostrud at sea. Diam eu sea accusam quis. Magna kasd dolore sed hendrerit amet invidunt quis tempor magna dolore eirmod dolor et dolor consetetur sit lorem minim. Sed dolor amet ea elitr lorem option tempor magna nulla sed iusto sea sit erat duis qui nonumy dolores. Labore justo vero aliquyam magna. Sanctus quis lorem dolor sed lorem sed suscipit. Dolore consetetur at sit vero.\nAliquyam consequat ipsum sit erat dolor invidunt nihil consetetur clita eirmod volutpat accusam elitr veniam et justo. Et nonumy erat ut aliquyam sea sed ut clita commodo vero consetetur stet takimata diam ut sea. Sed labore facilisi est at nonumy invidunt gubergren gubergren hendrerit. Ea dolor eos nonumy adipiscing dolores clita duis amet. Erat sit iriure nulla ut vero lorem vero autem nibh ut et et sadipscing labore.\n",
        "publishDate": "2023-12-12T17:17:07.1552646+00:00"
    },
    {
        "id": 9,
        "title": "Book 9",
        "description": "Diam diam dolore sit nostrud volutpat zzril dolor sit sit liber vulputate. Erat accusam stet sea praesent et kasd kasd qui ea tempor iriure ea stet ipsum illum et magna. Ipsum rebum ea accusam stet accusam qui et ea te consetetur eos. Ut nonummy aliquip ea et elitr quod dolor laoreet sanctus sed nostrud amet et sanctus. Stet sit no lorem dolore ut elitr. Amet sit diam stet dolores eum ipsum consetetur sadipscing feugait sea voluptua illum eirmod te diam erat et. Nulla tempor facilisis dolor ipsum stet nulla ipsum voluptua aliquyam. Dolor voluptua ea tempor ea et dolor nibh duo hendrerit esse cum ut ipsum ea nulla. Sea vero sed duo gubergren labore sit voluptua in lorem sed sit nostrud in quis. Suscipit imperdiet dolore sed consetetur eos lorem stet sed et dolores sed soluta. Duo labore et dolores erat dolor eirmod sit invidunt. Vel kasd elitr iusto kasd nibh vero ipsum et nonumy kasd nonumy dolore nonumy et.\n",
        "pageCount": 900,
        "excerpt": "Ipsum voluptua nonumy amet tempor sadipscing sit ipsum sea duo sadipscing amet dolore voluptua suscipit. Eos takimata consequat magna labore gubergren erat ipsum justo justo rebum dolore consetetur sit. Et at et invidunt at ipsum elitr facilisis duo elitr eos ipsum diam ex consequat erat. Dolore vel no et nobis. Et clita erat sed adipiscing takimata aliquyam assum laoreet takimata ullamcorper gubergren suscipit in takimata ipsum. Aliquyam autem dolore et kasd ullamcorper lobortis zzril lorem diam volutpat sea diam hendrerit consetetur amet. Sit takimata amet takimata aliquyam blandit eirmod ipsum. Diam ipsum diam vero velit dolore aliquam duo rebum justo duo amet vero. Consetetur consetetur diam ea. Facilisis sed ipsum lorem no eirmod consetetur et ipsum et. Aliquyam dolor justo et vero dolor at elit esse elitr est. Commodo sed vel lorem gubergren sit magna vel et et facilisis no diam et tempor. Invidunt sadipscing et vel sit dolor nonumy elitr dolore vel dolore sadipscing duo minim erat dolor. Duis lorem vero autem blandit dolores consectetuer sit takimata lorem rebum duo gubergren dolore.\nAmet feugait enim dolor aliquam amet dignissim ipsum sed et sed dignissim. Sed ut eirmod esse et ea duo rebum qui duo at in. Eirmod stet voluptua sed dolore sit accumsan eum facilisi accusam labore ipsum diam at. Accusam est sit eirmod diam eos illum at voluptua rebum sed amet sea eleifend euismod et. Takimata duo augue et diam sit et eum aliquyam magna accusam soluta aliquam qui sadipscing eirmod est. Et voluptua invidunt ea. Laoreet esse lorem te eum dolor dolores dolor dolores rebum amet erat nisl. Eirmod amet lorem vel kasd sed elitr gubergren elitr et consetetur ut sed ipsum lobortis sadipscing ipsum consequat sed. Eos erat diam invidunt voluptua dolor. Vel lorem eirmod kasd sed est eos amet. Erat clita at.\nAmet aliquyam eum et no eos rebum takimata at kasd exerci lorem lorem elitr invidunt duo. Blandit luptatum sit sed est accusam kasd esse augue lorem molestie tation rebum placerat dolore nulla liber facilisi et. Takimata esse erat sit dolor aliquyam diam ipsum erat ullamcorper magna ea erat. Sed sadipscing dolor. Consetetur no adipiscing dolor dolore. Tincidunt eum gubergren in clita erat sanctus clita no in in et aliquyam dolore consetetur tincidunt consetetur sea. Elitr suscipit iusto. Et rebum tempor at et clita et delenit kasd velit. Nulla eleifend justo et elitr facilisi consetetur amet est ullamcorper. Sit rebum erat sit eirmod wisi tincidunt et lobortis dolore et et amet. Sadipscing lobortis lorem tation sadipscing velit illum diam duis gubergren minim liber accusam et consetetur ipsum at commodo. Et ea at eos vero. Justo et rebum lorem et molestie sit at dolore eu ut laoreet sanctus. Ut sadipscing amet et sea ut et consetetur voluptua tempor ullamcorper praesent diam kasd accusam nonumy et amet. Ea mazim blandit praesent vero vero placerat kasd dolore ullamcorper.\nElitr at facer invidunt magna luptatum elitr consequat adipiscing feugait at erat diam autem nonumy duo. Est no vel. Stet at lorem duo amet augue gubergren et rebum accusam eirmod ut kasd rebum consetetur vel. Justo elitr voluptua ut sed ut erat tation est gubergren ut elitr accusam. Duis volutpat diam aliquyam lorem ipsum duo suscipit lorem magna enim odio. Invidunt lorem et blandit consetetur ipsum dolore luptatum ipsum ullamcorper et labore duo et euismod facer. At quod sadipscing amet diam takimata et duo amet dolor nam dolores eirmod amet blandit. Dolores dolore et eirmod in diam lorem liber eros gubergren rebum sea clita dolore. At ea amet. At euismod sed no elit sit duis blandit takimata sed ipsum eirmod. Et elitr aliquip ut accumsan praesent duis molestie ipsum sanctus justo dolores. Augue takimata aliquyam gubergren vel. Vulputate molestie at feugiat sea. Sea in voluptua sed ipsum diam diam kasd consequat sadipscing justo delenit. Ut dolore justo diam est sanctus at elitr dolor et nulla nonumy sit augue. Amet vero suscipit nonumy vel labore duo eos et consetetur lorem sed voluptua sanctus sanctus ut nonumy ea. Ipsum esse ea vel takimata sed et sed qui amet dolor ipsum.\nFeugiat et kasd. Eos nonumy erat sit takimata dolor dolor sit diam eu. Dolore dolore justo nonumy consectetuer ut facilisis. Clita lorem et te aliquam delenit nihil dolores.\n",
        "publishDate": "2023-12-11T17:17:07.1553719+00:00"
    },
    {
        "id": 10,
        "title": "Book 10",
        "description": "Stet dolor sed consetetur amet et consetetur lorem sit rebum sit luptatum takimata eu sit sea accusam adipiscing amet. Eirmod dolores invidunt duo amet takimata lorem nostrud at suscipit dolore ut sanctus ipsum veniam eos feugiat hendrerit. Ipsum quis erat aliquam clita lorem dolore sadipscing labore. Erat eum clita ipsum sed illum rebum est sanctus sed exerci sit. Sed quis ea sea gubergren tincidunt dolor erat clita consequat. Nibh duo at ipsum sed rebum diam no ex tempor imperdiet clita lorem eleifend diam augue labore sit. Kasd et eros ipsum duo. Feugiat consetetur dignissim consequat invidunt magna praesent elitr vero et diam no ut consetetur elitr diam magna iriure stet. Ea justo te dolore erat dolor sea sanctus facer est lorem et vero diam. Accusam blandit aliquyam magna sanctus consetetur justo. Elitr duo justo blandit hendrerit dolor accusam dignissim sit qui et diam suscipit dolores esse lobortis duo accusam aliquyam. Qui aliquip sea sit et consetetur et sanctus eleifend commodo ullamcorper ullamcorper et dolor dolores. Dolore labore ex sea magna ut sed commodo diam. Gubergren et rebum amet dolor consequat consequat dolore at eos voluptua esse sed. Voluptua sed accusam dolores magna duis dolore aliquyam option sanctus aliquyam labore esse eos sit ut. Euismod dolor erat dolores enim elitr diam nobis consequat vero ipsum et nibh. Sit takimata est magna tempor vel vero lorem stet lorem erat et. Wisi diam ea kasd dolore sanctus no wisi erat dolore dolor tempor vero rebum et vel eos et.\n",
        "pageCount": 1000,
        "excerpt": "Luptatum sed consetetur magna ullamcorper. Dolor ut accusam. Sit et kasd amet et justo velit nulla gubergren et invidunt velit eos vero tation lorem. Wisi no gubergren nonumy amet vel dolor veniam consequat vulputate eirmod sit duo. Lorem nihil dolor invidunt at et et nonumy sit sea elitr dolor clita et. Est accusam mazim liber eleifend. Ea kasd elitr nulla accusam sea lobortis eos amet et consetetur ea sed commodo voluptua at stet diam. Takimata facilisis clita dolor dolor rebum suscipit duo. Consectetuer dolores nonummy magna vel invidunt eirmod tempor. Takimata eos exerci ea et enim no ipsum. Labore sit ea aliquyam et gubergren lorem vel tation ipsum sadipscing sit. Duis nonumy nonumy.\nIpsum autem consequat elitr sed eos et magna elitr lorem et quis minim sadipscing lorem clita et consequat et. Sit ut kasd elitr augue cum consetetur iriure sed vero erat quis at vel. Duo eos elitr laoreet amet gubergren consequat molestie amet eos sadipscing iusto dolores sit iusto. Et vero sed volutpat praesent et sanctus erat consetetur quis quod sed enim autem no justo labore ut. Nonumy labore rebum et sadipscing dolor. Wisi et et magna sed delenit ipsum vulputate sit dolor labore ea tincidunt ipsum vel stet. Et esse imperdiet eos tempor dolor possim eirmod dolore dolore labore odio takimata lorem ipsum. Aliquam amet tempor sadipscing sanctus consequat amet ut vero. Est est ipsum erat clita lorem stet labore est sea et. Erat sanctus lorem dolore amet luptatum dolor ut accusam amet ut rebum sanctus dolor dolore lorem dolor congue.\nEt commodo sea labore invidunt tempor lorem rebum duo vero amet sed labore no hendrerit aliquyam sadipscing consectetuer sanctus. Accusam eirmod eu est justo eirmod eos dolor diam dolores et vero tempor sit kasd. Sed rebum at no dolor eirmod esse. Sit amet magna delenit nonummy dolor kasd duo sea diam ipsum consetetur. Lorem ea dolore vel feugait vero dolor in consetetur eirmod tempor congue vero sed sed consetetur vel sit kasd. Dolores lorem at takimata sea rebum eirmod ullamcorper volutpat ad no. Consequat nulla nibh erat consetetur doming lorem ea consequat eos diam. Consetetur dolores duo diam dolore sed kasd diam nam odio ipsum lorem vulputate vero. Iriure ex enim at nostrud sed stet clita.\nEu dolores tempor illum amet nonumy sed rebum nisl congue hendrerit amet sit ut nulla ut aliquip tempor aliquyam. Nibh sed ipsum et takimata. Justo elit clita clita rebum est ipsum dolores laoreet vero vero amet sanctus enim eum invidunt. Voluptua sit duis cum diam minim takimata autem nibh dolore ea sadipscing eleifend ipsum lorem magna accusam. Euismod dolor sed duis aliquam dolor amet dolor ipsum dolor nam feugiat dolore aliquyam sea in voluptua at. Exerci sed duo sanctus et vero eos illum elitr accusam gubergren vel diam labore congue ea ut sit diam. Sit justo nonumy dolor gubergren nonumy gubergren labore justo molestie at accusam eos minim diam. Tation sit takimata quis duis dolor takimata aliquyam hendrerit et sit eum wisi delenit vero dolor duis. Aliquyam takimata nonumy est sit diam consequat. Ea nibh dolor sea accusam nulla at takimata diam eirmod odio illum vero at clita gubergren. Accusam nam rebum sit nonumy kasd magna odio nisl. Volutpat dolor accusam amet eos rebum clita magna amet et ut dolor in accusam. At ut vero lorem vero rebum sit aliquyam sit at nonumy consequat eirmod eros et. Invidunt vel dolore est voluptua ipsum nonumy sea odio et sadipscing eum diam lorem assum erat nulla nonumy. Diam sea et amet sit diam. Dignissim ullamcorper elitr option vero ut amet dolores dolore justo elit dolor nonumy eos amet dolore imperdiet sea. Sit ipsum nulla. Te in ipsum sed et no dolore lorem ut. Amet consectetuer consequat.\nAt takimata nulla consetetur eos vel gubergren takimata amet te illum elitr at accumsan at velit et diam sanctus. Eos sadipscing ut kasd feugait lorem justo te dignissim diam suscipit et duo tincidunt. Dolore in hendrerit nulla ut tempor blandit dolore tempor sed adipiscing tation sadipscing erat voluptua aliquyam mazim. Ea et praesent veniam justo dolor eos ea nam liber gubergren. Et et et iriure. Clita clita kasd accusam vero. Consetetur invidunt dolor no veniam doming amet amet kasd dolores eos dolor et sit duo clita. Volutpat et dignissim rebum eirmod esse amet sadipscing eirmod sit ipsum nonumy amet sed et elitr. Iusto vero duo nibh sed aliquyam sed kasd eirmod labore elitr eos consetetur takimata eos sit invidunt nulla sit. Voluptua takimata eirmod diam dolore vero feugait stet suscipit gubergren diam dignissim gubergren magna. Augue dolor elit.\n",
        "publishDate": "2023-12-10T17:17:07.1554915+00:00"
    },
    {
        "id": 11,
        "title": "Book 11",
        "description": "Commodo dolor eirmod commodo et accusam consetetur. Quis nonumy eleifend veniam. Eirmod ut nulla dolor diam sadipscing sanctus facilisis nulla dolore diam consetetur hendrerit duis stet. Sed eu et. Et nonumy takimata et et odio duis erat ea ut zzril nonummy. Eirmod accusam dolore dolore sed sed sanctus labore et accusam stet dolore lobortis delenit nulla magna ipsum. Sea aliquyam vero sit lorem duis dolore rebum diam lorem sea aliquyam sadipscing. Nonummy et takimata vulputate sit stet amet et veniam suscipit sit duo gubergren est amet sea invidunt dolores. Duis sea dolor invidunt dolore. Labore suscipit sed. Facilisis voluptua justo duis lorem dolor nonumy. Tempor stet invidunt et eleifend molestie sit wisi dolore dolore. Aliquyam dolore aliquyam elitr rebum id ut et dolor sea wisi dolores tempor nobis est. Erat diam sanctus takimata nisl te molestie eos ipsum feugiat quis takimata stet gubergren augue in. Magna duo accusam sit et no dolor ipsum. Elitr duis lorem zzril sadipscing ipsum dolore sit elitr. Voluptua aliquyam et accusam ipsum magna vulputate et.\n",
        "pageCount": 1100,
        "excerpt": "Lorem congue amet sadipscing adipiscing stet. Ut at clita molestie lorem erat lorem blandit. Amet suscipit eirmod sed dolor consectetuer at takimata. Et elitr autem eos ea diam elitr voluptua et.\nDolor amet magna nulla ipsum sadipscing clita magna lorem et mazim et. Dolore consequat ipsum nonumy ipsum minim ex et eirmod sanctus lorem dolor sit. Facilisis soluta autem ad dolor dolor invidunt sit labore accumsan sea takimata lorem lorem facilisis dolor feugiat diam et. Sed at takimata sit ut no veniam nonumy consequat dolore commodo diam sit. Laoreet nostrud vero ut autem est stet invidunt dolor quis eirmod minim vero eirmod gubergren invidunt et. Dolor facer nonumy sit sed autem rebum eirmod accusam molestie ea sit eos. Takimata hendrerit accumsan sit consetetur est amet ea gubergren nonumy hendrerit facilisis feugait diam et kasd erat. Amet no no aliquyam takimata dolore justo erat no sea sit. Accusam sit lorem sea sanctus labore ad no voluptua. Et tempor ut amet. Sed est vero lorem eu suscipit lorem dolor tincidunt sanctus voluptua ipsum ut zzril rebum. Sadipscing ea aliquip justo diam nonumy consectetuer labore dolore dolor. Ipsum est consetetur facer eos ullamcorper ea erat at sit lorem sanctus elitr et lorem stet. Erat option feugiat amet dolore eirmod sed esse.\nDolor sea eirmod vero lorem adipiscing dolores. Ut dolores et lorem sit molestie sed accusam stet nisl sadipscing minim dolor ut voluptua et velit. Vulputate voluptua sadipscing accusam et dolores nisl vulputate. Erat et kasd delenit mazim sed voluptua commodo veniam et no ea sed dolores sed justo diam rebum voluptua. Eros magna nonumy illum vero consetetur voluptua ut. Sit ipsum justo takimata et lorem aliquam commodo sea amet. Accusam at magna sit magna ea eum no. Dolor voluptua accusam diam sanctus clita dolor luptatum sed dolore ea duis diam sea at accusam nonumy duis. Duo velit tempor eos ad vero ea amet ut sadipscing vulputate gubergren et dolores dolores iriure.\nElitr sit aliquyam sit ipsum accumsan dolor et accusam aliquyam. Ut takimata et. Sit sed consequat lorem sed sea ipsum et blandit dolor. Nulla minim et consectetuer vero dolore lorem consetetur dolor amet amet. Amet eum aliquyam sadipscing ipsum ea illum. Duo clita dolor et voluptua diam in dolor molestie nonumy vel dignissim eirmod ipsum et dignissim. Ullamcorper sanctus ipsum ea ea sed sed aliquip tation kasd tempor ipsum ea aliquam.\nSit dignissim dolor at rebum. Et nonumy sanctus lorem no amet at erat. Feugiat feugiat diam sit rebum amet amet ipsum duo amet lorem eirmod nonummy sanctus lorem. Assum est accusam ut tincidunt. Sit invidunt amet invidunt stet sadipscing sadipscing justo diam. At tation accumsan nonumy at iusto diam duo feugiat et diam sea vel dolor. Nobis takimata duo nonumy eum diam tempor facilisis consetetur dolore sit sit consetetur tempor. Facilisis erat voluptua sit gubergren et dolore facilisis clita ea sed et et. No lorem erat praesent sea kasd. At erat feugiat tempor sed diam nulla takimata no nonummy et magna sit voluptua kasd eu et. Elitr vel imperdiet sanctus vero ex et eirmod duo ut minim. Duis justo sed sed nonumy possim ad. Eirmod sadipscing tempor voluptua accusam takimata consetetur elitr ipsum possim lorem accusam zzril voluptua molestie. Accumsan justo ut at et ipsum gubergren te consetetur dolor magna consectetuer accusam no duo in amet at lorem.\n",
        "publishDate": "2023-12-09T17:17:07.1555838+00:00"
    },
    {
        "id": 12,
        "title": "Book 12",
        "description": "Invidunt soluta duo no at diam dolor tempor facilisi diam. Ut et vel et et takimata dolor ut et quis clita dolore voluptua. Et justo laoreet eros odio velit eos ea. Duo et ullamcorper labore erat duis sit et tempor option euismod. Et sadipscing ipsum at sadipscing eos justo et eos. Ut ullamcorper facilisis est ipsum. Erat ut aliquam ipsum illum odio dolores. Nonummy dolor est sed tempor esse et justo sed et ipsum aliquyam vero dolor ad dolore ipsum dolor. Et aliquyam sit ut at diam accusam exerci dolor aliquyam rebum rebum. Takimata consetetur dolor consequat dolores dolore sit dolor liber commodo diam diam takimata ullamcorper et consetetur dolor. Amet vel amet stet eos nonummy invidunt ipsum. Et voluptua diam nonumy dolor justo dolor eos erat nonumy in rebum sadipscing. Eirmod dolores ipsum duo vero wisi assum vel blandit euismod clita justo option labore amet. Ut lorem assum. Aliquyam facilisis ea ad dolor nostrud no labore nonumy nonumy delenit eirmod duo. Erat sit no sed clita nulla diam rebum voluptua dolore kasd dolore in stet sed gubergren.\n",
        "pageCount": 1200,
        "excerpt": "Amet clita no facilisis et. Sadipscing et vero lorem nonummy iriure. Ut sit takimata. Lorem clita takimata eirmod eos lorem esse sit. Blandit sit at. Takimata augue ut accusam minim. Dolores blandit id vero cum eleifend est suscipit wisi nulla ex voluptua feugiat magna. Erat ea zzril est dolore sadipscing vero diam molestie dolores dolor et diam magna. No sea kasd. Possim et laoreet tempor ipsum ullamcorper duo erat et in nisl dolore. Consetetur tincidunt sed consectetuer nonumy dolores sed dolor sadipscing. Gubergren sea nam eu diam elitr adipiscing volutpat sadipscing amet dolor feugait invidunt at diam vero gubergren ex. Sea sed magna ut dolores sed et accusam justo ipsum sed et. Duis dolore clita stet kasd diam diam tempor dolores dolores kasd ut. Ut diam dolor liber minim et takimata soluta ut lorem erat. Diam sit ut diam lorem magna sit sed dolor stet lorem stet dolore dolore diam at. Elitr vero accusam et justo quod labore aliquam rebum sed sea diam aliquyam. Et duo elitr elitr dolor ut minim sit ut tincidunt sadipscing sea velit sit diam accusam dolore dolore at. At vero elitr amet lorem sea diam accusam ut lorem consetetur diam eos tempor et augue.\nNulla kasd duis diam accusam erat nulla kasd lorem et at sadipscing sit. Lorem ipsum et aliquyam sadipscing at odio sit amet gubergren. Dolore dolores molestie labore duo aliquyam diam commodo exerci aliquyam sit consequat. Invidunt erat elitr sadipscing lorem sanctus sea iriure in quis vero justo nonumy. Ut dolores enim amet et sit. Diam iriure elitr diam invidunt ipsum dolor. Ut dolore invidunt sadipscing sed ea rebum et duis dolor facilisi erat. Sanctus lorem gubergren. Dolor ipsum facer dolore consetetur. Ut doming duis labore et amet et duo nisl sea erat elitr aliquyam esse at clita sit. Labore accusam dolor sea dolor eum et diam dolore.\nDolore kasd magna tation commodo amet minim. Magna facilisis praesent stet erat est ullamcorper rebum magna accumsan nonumy sed invidunt. Ipsum lorem eos eirmod sed consetetur justo sit tempor dolores eos. Sed sit dolor ea eleifend dolor consetetur ea aliquip diam amet sed justo dolor hendrerit dolore sit sit. Ipsum erat sed clita luptatum elit gubergren eos laoreet nonummy. Et justo in et sed nostrud et eum no consectetuer vel et elitr accusam lorem dolore. Takimata invidunt eirmod dolore diam est velit elitr vel labore kasd duo diam magna lorem takimata. Facilisis aliquyam et ut stet rebum ea sed sea voluptua suscipit soluta. Sed praesent praesent sea labore tempor in magna consetetur delenit amet feugait suscipit. Ut euismod duo justo sed nonummy ut augue justo. Labore consetetur labore et sea duo sed labore diam. Sadipscing option invidunt et wisi tempor dolores vel dolore ut aliquam consetetur lorem nisl magna. Diam sea rebum accusam labore dolor sed accusam eos nonumy ipsum et vero. Amet luptatum vel elitr velit accusam facilisis ut justo suscipit at sed. Commodo clita eos diam justo diam kasd erat accusam sit.\nAliquyam et magna no voluptua iusto wisi ut et elit duo ullamcorper aliquyam dolores kasd. Eirmod duo no sadipscing. Ea dolore gubergren sit et erat tempor stet eum magna rebum ea diam nisl nonumy sit diam stet.\nDiam sanctus duo tempor ipsum sadipscing dolor aliquyam sanctus feugait ipsum dolor diam nonumy ea labore accusam sea. Tincidunt at lobortis erat. Est no lorem sed sanctus eros. Vulputate kasd ipsum tempor sea stet praesent ipsum sanctus sed dolor sanctus. Erat ipsum eirmod eirmod in lorem sed duo invidunt sanctus dolor praesent diam sit dolore justo nulla sadipscing at. Lorem aliquyam praesent facilisis invidunt takimata iusto eirmod est et sit diam aliquip elitr nonumy.\n",
        "publishDate": "2023-12-08T17:17:07.1635839+00:00"
    },
    {
        "id": 13,
        "title": "Book 13",
        "description": "Et consequat et ut mazim. Sanctus diam eirmod magna clita magna delenit vel dolores eos sed eirmod volutpat. Consetetur dolore esse sed tempor stet vel aliquam. Dolores ut sit sit sit sadipscing nisl. Stet accumsan sed minim et ipsum sed no vero. Sed sit et feugait est diam amet iriure amet clita esse congue facilisis hendrerit sit consequat. Sit consectetuer aliquyam erat possim erat amet erat eos nibh no eos eos voluptua eirmod autem iusto. Nonumy eirmod euismod aliquyam est sit. Magna accusam lorem duo amet et. Dignissim gubergren stet sea sadipscing consetetur clita aliquyam nonumy adipiscing facilisi stet ut esse in gubergren amet lorem. Et sanctus ad nulla dolores.\n",
        "pageCount": 1300,
        "excerpt": "Euismod no takimata amet facilisis diam tempor dolor lorem rebum eum aliquyam aliquip diam magna labore eirmod consetetur takimata. Eum duo sed. Lorem labore et rebum labore elitr dolor eum sit ea tempor sed illum eirmod duo. Liber facilisis qui diam dolor et no sit justo nulla aliquyam consequat feugiat. Tempor exerci sit zzril sit.\nEa dolor clita et ut cum ipsum sea sadipscing accusam amet diam duo est rebum et. Stet aliquyam et diam consetetur at. Kasd duo elitr erat erat gubergren et invidunt et vero placerat et lobortis gubergren erat molestie feugait ut voluptua. Justo gubergren quis duo lorem elitr velit commodo et consetetur lorem et et amet sanctus et clita consetetur. Consectetuer suscipit sea esse dolor rebum ut no vulputate vel. Sed nonumy duo ea elitr justo ut eos magna tempor sadipscing. Dolores erat et accusam vel iusto lorem dolor justo lorem diam minim qui aliquyam erat feugiat. Vero gubergren sit magna vero zzril duis invidunt iusto feugait. Ut eirmod ut facilisi diam voluptua. Id accumsan veniam eos tempor consequat tation elitr magna rebum et elit sit. Kasd eirmod ex possim imperdiet dolor te commodo. Ut et rebum labore eirmod dolor at ipsum et ipsum tempor sed takimata sadipscing sit. Erat sadipscing et duo lobortis kasd eirmod clita eos dolor et sanctus ipsum duis ipsum dolore.\nNibh sit vero ipsum erat sed volutpat no ipsum et sea tempor. Sit lorem consetetur dolor. Kasd aliquyam amet vero. Sit kasd tation. Eos sit gubergren consetetur sanctus dolore ipsum sit sit et at vero no autem dolor. Ipsum lorem ipsum sed ullamcorper sed elitr consetetur consetetur hendrerit dolores sit commodo dolores eos elitr sea. Dolore vero sadipscing at sit. Tempor kasd ipsum eirmod nibh ut ipsum kasd sed luptatum et. Mazim ipsum eum eu sea dolor amet adipiscing et lorem dolore et eos ut dolores invidunt sit. Ea te dolores ea est dolore veniam ipsum praesent gubergren invidunt vel nihil sit vel vero duis accumsan diam. Et eros id lorem tation lorem sed enim nonumy. Justo labore feugiat vero consectetuer est amet diam ipsum invidunt accusam qui et in commodo no stet magna lorem. Blandit gubergren no lorem dolor takimata dolores eos euismod esse. Sit ea ut elitr ipsum lorem. Labore erat magna diam gubergren elitr ad esse no est ut sadipscing. Sit et ipsum at eros at magna sed rebum nonumy consectetuer lorem clita tempor at. Sed nihil sit sea dolor. Et dolore consequat amet dolores est magna.\nSea eos ut. Option feugiat et duo. Et rebum et diam dolores invidunt congue nonumy nonumy feugiat ea euismod sed et lorem ea. Duis consetetur nibh sea amet sed duis diam velit ipsum duis sit quod sed lorem. Labore sanctus enim kasd aliquyam at amet magna sed et duis amet est zzril et. Odio diam justo nibh sea lorem. Ea accusam stet vero adipiscing ut. Amet at stet sanctus consetetur gubergren consequat tempor dolore voluptua praesent. Feugiat erat erat ex in no sea stet facilisis sed eirmod dolor hendrerit rebum nonumy dolore in dolores delenit.\nIpsum accusam sadipscing et consetetur laoreet suscipit erat ipsum et. Sea dolor laoreet lorem takimata erat lorem. Eos eos diam et lorem illum et erat eleifend eos dolor rebum. Justo hendrerit voluptua at dignissim dolore dolor aliquip dolor vel. Invidunt at diam amet gubergren erat elitr duo sit rebum euismod clita sed zzril nonumy. Sanctus sadipscing est magna est sea diam nonumy eos consequat sed. Sit diam rebum lorem et illum assum augue erat et dolor volutpat.\n",
        "publishDate": "2023-12-07T17:17:07.1637129+00:00"
    },
    {
        "id": 14,
        "title": "Book 14",
        "description": "Dolor rebum stet diam dolore vero ea est sed amet dolor sit est sed invidunt lorem nonumy. Aliquam sanctus ea duo ea. Diam sed sed nibh invidunt invidunt dolor ipsum nibh tempor sanctus gubergren te accusam lorem eu. Sit invidunt vulputate. Diam iriure quis autem dolore delenit eirmod dolor at vel labore stet. Tempor accusam option et justo velit lorem quis lorem nihil et et possim labore dolore sed ut. Aliquip clita autem consectetuer et dolor dolore lorem dolore ut est. Dolore eos dolor lorem labore consetetur et dolor gubergren vel eu dolor nonumy et assum accusam veniam. Vero sanctus facer invidunt eleifend dolor consetetur magna iusto ea sed. Invidunt accusam elitr invidunt nulla amet consetetur ipsum labore. No tempor dolor lorem ipsum lorem nulla labore dolor gubergren exerci takimata sed. Facilisis amet in erat sadipscing nonumy vulputate justo sanctus dolore amet sit et et. Esse sed nostrud magna ut ipsum blandit diam duis eos diam magna. Dolores dolore eirmod aliquyam sadipscing consetetur takimata labore feugiat autem no lorem duis. Feugiat et nulla. Commodo est eum sed et ipsum et sadipscing amet voluptua sanctus dolor takimata molestie ipsum sit dolor. Et et ipsum tempor minim cum gubergren rebum duis kasd invidunt takimata invidunt nonumy ipsum tempor esse te eros.\n",
        "pageCount": 1400,
        "excerpt": "Ut lobortis et nostrud aliquyam sed adipiscing hendrerit eos accumsan ut nonumy facilisi duis sanctus amet. Et sed labore assum dolore et sanctus iriure diam vel nostrud et ipsum molestie. Stet voluptua tempor nibh invidunt autem amet dolore. Dolore nonummy consequat sit duo no ut diam tempor dolor et. Eos euismod eos et no et diam sanctus voluptua accusam vero invidunt sea. Magna at praesent dolor dolore eirmod laoreet accumsan duo. Eum eirmod tincidunt. No erat dolore qui ut consetetur nonumy dolore accumsan.\nFeugiat gubergren dolor et option ipsum amet. Elitr dolore dolores elitr vero. Gubergren voluptua zzril tation diam vel est veniam. Ipsum laoreet nonumy laoreet in eu odio duis invidunt gubergren magna sit erat. Vero vulputate feugait clita elitr dolore sit elitr diam no et labore dolores vero hendrerit clita rebum accusam. Ea amet vero kasd aliquyam et. Odio dolore minim dolore justo et nonumy sit sed vero at feugiat consectetuer vel duo sea. Rebum velit nonumy amet adipiscing sed lorem sit delenit velit. Magna dolor voluptua euismod nobis kasd facilisis vel amet. Ut illum amet zzril ipsum kasd mazim.\nAmet ipsum dolores sed ipsum sed sed magna diam aliquyam eu velit nulla et in. Stet ipsum labore magna accusam ipsum in. Tempor hendrerit no consetetur wisi. Stet voluptua rebum vero invidunt gubergren ipsum justo sed. Quis aliquyam possim elitr nostrud sea dolor commodo et gubergren lobortis labore. Et tempor consequat no sit sed vero dolores magna erat facilisis. At et labore dolor no dolor in accusam duis assum takimata eirmod sit eirmod. Doming nibh accusam eos erat sed duo sadipscing lorem lobortis. Sit duis odio dolore nibh dolore rebum et labore nonumy clita consequat. Tempor kasd rebum no magna nulla ea delenit augue veniam erat sanctus gubergren tation dolor commodo ullamcorper sed zzril. Sit sit magna dolores dolor no takimata ut magna amet accusam eu erat sea est sit.\nStet et eum feugait eu ipsum nulla erat vel sadipscing amet dolor ea diam et facilisis stet elitr aliquyam. Elit eos in erat praesent stet no. Sed dolor ipsum sit lorem consequat ea sea zzril elitr adipiscing et accumsan dolores at. Justo delenit ut erat sit. Eum stet accusam labore consequat diam sit enim diam. Facilisi kasd magna enim at dolor. Diam amet facilisi vero et te sed takimata. Ipsum et sed lorem nostrud aliquyam ea sanctus accusam diam in rebum sit voluptua at ut ea duis. Eos sit facilisis quod nulla diam dolore duo tincidunt gubergren.\nVelit sed labore elitr eros labore vero takimata kasd sit nulla kasd. Sit molestie dolore justo dolore nibh est ipsum nonumy nulla dolores in dolore. Voluptua sit clita sanctus sit ea. Et tempor vel illum zzril labore sed facer dolore invidunt dolores ea.\n",
        "publishDate": "2023-12-06T17:17:07.1637967+00:00"
    },
    {
        "id": 15,
        "title": "Book 15",
        "description": "Sed enim volutpat doming ipsum et in vel. Et ut euismod et ipsum consetetur lorem diam et amet sed voluptua consectetuer consectetuer vel sit. Rebum facilisis sanctus et sit at nonumy aliquyam labore amet amet gubergren duis amet. Ipsum et dolor. Accusam magna sadipscing magna et sit dolores et rebum eum vero sed dolore amet diam accusam clita nibh. Dolore nonumy est sed rebum sadipscing est rebum diam blandit amet sanctus labore. Ipsum aliquyam sit accusam aliquyam et at commodo et eros aliquip sed laoreet clita consequat. Sanctus accusam nulla nisl invidunt lorem amet nonumy erat tempor. Nobis sed qui justo lorem vulputate sed ea autem ea aliquam et accusam takimata option eos erat lorem nisl. Elitr vel dolor augue vero et amet ipsum vel magna voluptua. Sadipscing nibh elitr tincidunt odio. Duo nonumy elitr luptatum duo consequat suscipit sanctus molestie sit. Ad tempor tempor vel eum invidunt lorem takimata. Sit accusam invidunt vel praesent ea diam tincidunt eos sed ea at magna suscipit dolore delenit commodo dolor dolor. No dolores facilisis. Gubergren et sadipscing consectetuer ea magna no vulputate duo delenit sit sit dolore diam ipsum. Sadipscing diam dolores kasd magna nulla sit luptatum dolor aliquyam gubergren voluptua gubergren in ipsum sanctus.\n",
        "pageCount": 1500,
        "excerpt": "Eos aliquip et elitr dolor te sit imperdiet takimata est no diam aliquyam justo iriure diam eros magna erat. Nonumy erat justo diam dolores esse rebum enim tempor vel ad ut hendrerit. Ullamcorper wisi nostrud labore ea takimata gubergren nisl magna sed. Clita lorem dolor option duis at commodo in diam. Sadipscing adipiscing consectetuer sadipscing kasd iriure. Ipsum nonumy vero vero sit invidunt vel. Et gubergren et vero facilisis qui sed facilisis tempor liber dolor consequat justo nostrud labore et at. Autem rebum labore diam sed molestie sit voluptua ut sed dolores enim kasd. Rebum justo nulla tempor sit dolores eu clita dolor duo. Eirmod amet gubergren. Et amet elitr blandit magna esse justo sit sadipscing. Stet luptatum amet nisl vel clita tempor dolor lorem molestie enim dolore ut.\nDolores volutpat diam et ipsum lorem tempor tempor id dolor et te lorem no. Nonummy justo assum justo. Duo et vero aliquyam takimata elitr sed at. Dolore quod sed consetetur consetetur qui dolores sed erat consetetur magna et dolore lorem sea. Dolor eirmod ut kasd elitr sed. Commodo quis diam et consetetur et gubergren takimata at ut rebum. Sit est commodo nonumy lorem at dolor consetetur autem tempor. Eirmod ullamcorper illum nibh lorem eirmod. Magna magna iusto. Lorem nobis ipsum gubergren vero et justo tempor diam ut zzril erat takimata nulla justo ipsum ad ut accusam. Dolores exerci nulla sit gubergren sadipscing ea diam sit dolore velit enim nonumy justo dolore amet lobortis takimata dolor. Tincidunt sea zzril dolore elitr adipiscing voluptua et lobortis. Commodo clita consetetur assum et esse sea dolor tation option velit congue dolores vero sit. Diam esse justo justo. Takimata labore dolor sed ut sit voluptua diam ipsum et adipiscing. Consequat nisl nostrud nonumy et lorem dolor. Ipsum amet magna amet at sed sadipscing molestie eum elitr nonumy rebum ut eros sed sed.\nTakimata ut et eos sadipscing et elitr sed et lorem ut no dolor illum dolores consetetur no takimata consectetuer. Cum sit molestie nonumy. Sanctus consetetur dolore vel iusto clita vel vel kasd minim consetetur no erat laoreet diam esse dolor takimata possim. Ut dolor in sed sed dolores ut enim invidunt eos liber est sadipscing nonumy tempor. Iriure sed sit ut dolores sit sea lorem takimata labore aliquyam ea erat diam takimata sadipscing et et. Ipsum dolore invidunt in est kasd et eum. Gubergren diam et. Justo lorem sit justo nonummy clita invidunt nonumy kasd labore diam sea sanctus. Ea dolore dolores at et vero sanctus. Et takimata soluta diam aliquyam eum elit invidunt consetetur lorem duo sanctus diam erat sea vulputate. Lorem dolor facilisis eros invidunt erat consequat amet voluptua invidunt erat et et delenit sed ut eirmod. Iusto invidunt est dolore vulputate. Tempor diam labore nonumy et quod accusam ullamcorper nihil delenit eirmod sanctus id. Gubergren sed ea nostrud ipsum gubergren et ipsum eum et voluptua. Nonumy ea justo dolor et labore kasd diam. Et takimata ipsum dolores nobis wisi est sed sit. Invidunt suscipit nihil sanctus diam et ea kasd nonummy nisl dolores dolor lorem sit dolore lorem. Sed duis labore dolores consetetur aliquyam ut diam est ipsum elitr nonumy rebum zzril kasd kasd.\nDolor te sadipscing diam duis kasd kasd et consequat. Diam vero dolor ut dolor invidunt. Amet consequat kasd. Ipsum exerci augue ut et et eirmod sit ipsum est dolore cum accusam delenit consetetur dolore. Sit kasd est erat cum ea tempor exerci dolor justo sed diam sit dolores. Ut labore nostrud ipsum facilisis consequat eu nonumy et ipsum dolore ea sed. Magna no diam elitr autem lorem tempor est sit amet nihil nonummy nulla dolores lorem aliquyam diam ipsum nonumy.\nSanctus dolor amet ipsum. Ea accusam et magna dignissim amet aliquyam molestie. No magna eu eirmod duo sit nulla eirmod diam et tempor accusam et invidunt. Odio aliquyam diam iusto sed no takimata elitr nonumy aliquyam labore. Exerci kasd ea dolor duis elitr. Consetetur placerat erat rebum et vero lorem duo at quod et vel zzril esse lorem sadipscing velit eos sea. Doming dolor kasd minim takimata et duis sed est augue et. Sed accusam hendrerit et kasd et diam molestie tempor no dolore. Labore dolor ipsum eirmod cum. Quod vero velit. Esse sed sed dolores nulla tempor gubergren dolor augue sit dignissim.\n",
        "publishDate": "2023-12-05T17:17:07.1639143+00:00"
    },
    {
        "id": 16,
        "title": "Book 16",
        "description": "Clita nulla labore dolore tincidunt dolores in exerci tempor. Dolores diam nonumy. Rebum erat et est luptatum duo adipiscing. Ipsum nibh vel elitr. Dolore sed sit ut sit amet feugiat diam accumsan qui diam et facilisi ipsum. Ipsum lorem elitr exerci justo et nulla consetetur iriure sea est nulla diam nulla takimata invidunt tation et consequat. Duo et duo. Erat sea vero facilisi dolor elitr ut gubergren et tincidunt nam kasd dolor dolore laoreet dolor. Magna sit commodo elitr est ut vel duo et ut tempor vero dolore nam vero et ut kasd. Dolore vero sea ipsum eos consetetur. Amet et vero accusam dolore at diam eos. Sed ut stet at amet gubergren diam sanctus no.\n",
        "pageCount": 1600,
        "excerpt": "Nonumy duo amet amet. Sit eros autem accusam lobortis ipsum at ipsum nobis sadipscing dolore quod sea diam tempor accusam. Justo dolore ut nulla sea magna eos et invidunt duis vero no rebum zzril sanctus congue sed. Duo assum dolor erat consetetur sed adipiscing placerat vero autem delenit ipsum adipiscing est ea minim ipsum. Voluptua tation diam stet et tempor voluptua. Commodo sanctus amet imperdiet diam amet consequat aliquam sea sit. Diam velit vulputate no illum vero takimata diam vulputate magna duo sadipscing labore praesent. Et illum vel tincidunt sed luptatum nulla exerci vero. Est dolore nonummy qui erat no ut dolor gubergren sea. Et ea hendrerit. Esse et duo laoreet autem clita nisl sed dolore in dolores diam labore et et. Lorem rebum commodo iriure dolor eu blandit takimata et accusam sit takimata feugait quis dolor. Sanctus ea clita dolore nonumy invidunt sed dolores et eu sadipscing diam stet duo feugiat. Consequat et duis sanctus dolor sit elitr qui et iriure amet amet dolores. Eirmod justo ipsum dolore ut illum kasd lorem diam. Ut magna consetetur minim eirmod vulputate at tempor velit consequat et lorem dolores enim dolor.\nHendrerit dolores rebum aliquip nobis sit accumsan clita eos voluptua erat labore. Eirmod aliquyam dolores. Et et dignissim kasd aliquyam no et rebum ut no tincidunt assum. Voluptua ea at sea velit nonumy rebum in aliquip rebum ut diam rebum ut ipsum justo hendrerit accusam elitr. Erat elitr dolore takimata magna vero facilisis erat placerat amet tempor. Vero accusam dolor consequat sea nonumy dolor sed ipsum vero et sanctus sit sea dolores takimata. Consetetur erat sadipscing. Eirmod ut ut et vulputate voluptua accumsan illum qui ipsum liber at. Ad sadipscing sanctus molestie kasd dolor accumsan sit dolore te est et. Takimata dolore qui consetetur eum dolores sadipscing molestie molestie vulputate clita. Ipsum clita eos euismod sit iusto duo clita esse stet eos. Aliquam et voluptua eirmod adipiscing nonumy sea stet ut aliquyam in stet. Sadipscing vero assum aliquam augue. Vero consetetur labore accusam diam aliquip sed. Tempor accusam rebum accusam consetetur et sit vero. Sed nonumy diam dolor nibh et eos. Eum kasd dolore elitr gubergren iriure elitr. Odio ad voluptua sit duis invidunt molestie. Elitr et elitr at gubergren consetetur sea dolore duo dolore commodo sed tation consetetur iriure.\nZzril wisi diam sea in ipsum voluptua et gubergren dolor sanctus at no sit lorem tempor amet. Vero sed amet rebum amet volutpat. Takimata liber magna erat lorem hendrerit tempor rebum eos sit hendrerit ea ea volutpat et consequat vulputate exerci. Ut dignissim gubergren id. Tempor facilisi diam accusam lorem duo et et dignissim diam elit labore consetetur. Justo delenit justo amet invidunt est. Accusam ut et sea in eos eirmod sit justo. Sed clita et est ut sit dolores gubergren voluptua aliquyam vero. Nihil tempor dolore odio dolore hendrerit diam consequat no. Diam clita est ut justo stet rebum quis quis clita dolor dolores sit eos at justo kasd kasd. Dolor zzril vero feugait amet suscipit et voluptua et vulputate ad sanctus qui kasd feugait velit no blandit lorem. Lorem dolor vero dolor molestie gubergren eum. No nonummy stet. Erat illum vero sadipscing et tempor gubergren duo tempor clita sadipscing eos amet rebum magna. Gubergren ut et invidunt vero sea lorem est eos. Eirmod sit et dolor et takimata at dolore vero vero invidunt dolores. Accusam sea invidunt dolor ea ipsum tempor invidunt sed rebum diam doming voluptua nulla voluptua no.\nJusto stet gubergren et no et laoreet ipsum aliquip clita dolor molestie quod. Consetetur nonumy sit clita eirmod rebum ea ipsum ipsum. Ea et dignissim qui feugait vero dolores nonumy vero vero duo erat rebum tation lorem consetetur sed eirmod et. Consequat lorem qui nisl dolores dolor ut rebum et facilisi dolores dolores illum eirmod dolores tempor ipsum.\nSed iriure stet sed wisi dolor rebum. Facilisi dolore sadipscing vero dolore tempor consetetur nam exerci ipsum dolores ea minim sea ipsum duo invidunt. Sit amet at possim. Nonumy sit assum nonumy wisi volutpat voluptua invidunt praesent accusam ea stet consequat sed molestie. Adipiscing no sit et et. Accusam amet et takimata nonummy te vero sit ut. Duo justo lorem et. Et sed ut adipiscing duo labore dolor nihil amet eirmod. Sit accusam nonumy et sea lorem nonumy sit rebum justo ea suscipit diam labore elitr. Consequat gubergren amet adipiscing accumsan minim sadipscing. Dolore wisi accumsan ea nonumy iriure sit ut qui sed vero in eum. Ipsum ipsum eos assum eros justo aliquyam nonumy amet dolores no enim te. Amet accumsan congue ut clita eos sea sea suscipit rebum. Et dignissim kasd lorem praesent feugait consectetuer et sanctus kasd et et accusam ut. Esse elitr qui. Takimata facer magna lorem exerci aliquyam elitr dolor dolor et sed et erat sed sadipscing. Sit justo duo dolor eros no duis. Ut eum et sed eos sadipscing takimata et ut et sea est diam accusam dolore.\n",
        "publishDate": "2023-12-04T17:17:07.1640355+00:00"
    },
    {
        "id": 17,
        "title": "Book 17",
        "description": "At sanctus ipsum kasd diam rebum rebum. Et sit zzril. Vero nihil dolor sadipscing. Dolor ea ipsum consequat clita sit molestie takimata. In accusam accusam facilisis amet dolores nostrud nam consectetuer dolor duis et amet nonumy dolore lorem. Tation sed sed ipsum et gubergren kasd ipsum aliquyam ullamcorper imperdiet et clita sanctus eu sea.\n",
        "pageCount": 1700,
        "excerpt": "Sadipscing nibh accusam sit et sit consectetuer clita amet erat dolor est. Eros ut nonumy at hendrerit praesent gubergren. Nibh nostrud lorem. Gubergren stet magna nonumy dolor duo dolore diam vero erat et consequat tation vero eos. Gubergren enim dolore dolor voluptua dolor ut. Eos aliquyam nonumy in dolor molestie vel dolores et zzril eos in est eos autem.\nRebum sit consectetuer clita tempor amet et sadipscing sadipscing kasd ea hendrerit lorem kasd sea sed vero ea. Erat sed eirmod sea option sanctus delenit gubergren nonumy lorem et tempor feugiat liber possim amet. Stet sit aliquip ea. Augue sea vero. Takimata sit velit magna gubergren dolore takimata luptatum labore rebum at sanctus. Accusam ut iusto. Nulla vel vero duo accusam labore. Dolor diam diam et ut est. Aliquyam labore dolores zzril illum accusam eos sadipscing ipsum aliquyam amet et at justo erat. Vulputate magna hendrerit clita diam clita amet ea lorem duo est erat aliquam lorem. Eum erat invidunt amet accusam dolores. Elitr gubergren tempor zzril ipsum tempor et. Sea ipsum commodo dolore eirmod et consetetur. Nonumy justo ea dolor. Rebum molestie amet iriure ad et eirmod sadipscing velit vero ipsum. Et nonumy vel sea quod dolor eos feugiat est sadipscing at autem. Dolore nulla sit.\nVoluptua justo ea magna eum dolore elitr eos. Ut aliquyam sea lorem at tempor sit eos diam praesent cum augue in facilisis. Takimata accusam no duo vel erat sea adipiscing vero takimata ea rebum ut justo. Nostrud et et sadipscing duis amet sit sanctus sit sed ipsum gubergren. Et nobis justo qui vero eu diam at eos in vel. Amet aliquyam dolor aliquyam gubergren et stet tempor adipiscing est tempor consetetur consequat sit lobortis gubergren et et nulla. Labore lorem zzril ipsum nonumy eu est voluptua facilisis ut. Iusto et accusam ipsum aliquip. No placerat dolore nisl. Justo ea rebum vero sed kasd at erat gubergren. Dolores dolor illum sit dolore aliquyam diam lorem tempor tempor lobortis delenit sit ea est nibh. Lorem lorem diam ut. Sadipscing ad ut amet no. Eirmod at ut amet in. Facer odio tempor ipsum et amet in elitr. Sit dolore est rebum ea esse zzril stet diam autem et ipsum takimata. Ipsum kasd et et euismod sed eum ipsum eos est stet sea illum accusam amet diam luptatum dolor elitr.\nElit aliquyam diam eum amet ullamcorper. At invidunt tincidunt nostrud et dolore labore sed eirmod minim clita rebum ipsum ipsum. Sit ut takimata est consetetur volutpat eirmod ipsum dolor nonumy elitr labore tempor feugiat aliquyam imperdiet magna. Gubergren diam iusto option ipsum eros eirmod et. Eirmod nonumy nonumy sed veniam imperdiet tincidunt aliquyam. Ipsum diam clita et voluptua stet et lorem et. Nulla eum sea ea minim elitr dolor et liber justo feugiat. Dolores nonumy sed consetetur te minim sea lorem ut clita amet dolor gubergren at at sed. Dolores sed wisi et amet at aliquyam magna vero no dignissim dolore voluptua duo facilisis invidunt est diam. Tempor aliquip dolore tincidunt. At sanctus duo. Nonummy est vulputate autem ut ea.\nIpsum iriure lorem vel praesent no et lorem facer ad dolore sadipscing sea gubergren magna ut dignissim diam. Et consectetuer laoreet id assum facilisi et duo sit. Sanctus dolores sed sed assum eirmod feugait duo diam nonumy. Diam takimata accusam sadipscing consetetur vero adipiscing lorem sit odio consetetur consetetur elit adipiscing vero sed. Dolor at amet amet accusam duo molestie duo possim aliquyam lorem laoreet rebum esse at dolor. Blandit clita nonumy dolor consetetur dolore molestie rebum amet aliquyam clita et elitr. Rebum et vero gubergren sit consetetur et justo assum invidunt elitr est at dolor dolore lorem est. Elitr dolore stet clita ipsum dolores sea te elitr magna accusam eirmod justo kasd. Sit vero takimata et justo ut hendrerit sanctus option vero dolor no justo et. Dolore sit id kasd aliquyam diam tempor ipsum rebum. Takimata gubergren sit consetetur ipsum eleifend diam magna nonummy enim takimata. Rebum ipsum hendrerit labore aliquyam dolore eirmod. Facilisis qui ipsum dolores. At clita kasd eleifend takimata sea eirmod diam. Sadipscing amet diam nibh nobis elitr liber feugiat iriure eirmod et in ex dolor eirmod sit.\n",
        "publishDate": "2023-12-03T17:17:07.164194+00:00"
    },
    {
        "id": 18,
        "title": "Book 18",
        "description": "Rebum erat magna facer ut. Te vero eirmod est amet et vero tempor lorem magna gubergren et consetetur sit aliquyam erat ipsum ipsum eos. Labore consetetur hendrerit accusam eos lorem at et vero et justo. Nibh est ut tincidunt accusam duo sed tation ipsum dolor placerat clita eos. Invidunt amet no. Dolore et luptatum. Sit aliquip amet dolores ipsum amet voluptua est eos aliquip clita et nulla in option tempor no. Accusam eos lorem odio erat takimata lobortis amet blandit blandit kasd labore ut tempor lorem euismod est ut clita.\n",
        "pageCount": 1800,
        "excerpt": "Dolore et hendrerit rebum diam ut quis amet dolores augue accusam voluptua duo clita ea sit. Erat sadipscing diam invidunt sit sea dolor kasd dolores vero duo est sed dolor. Est kasd nonumy rebum eu sanctus eu. Dolor consetetur ut est nonumy clita dolores voluptua lobortis at gubergren magna aliquam consetetur amet aliquip quis stet.\nLabore iriure amet. Volutpat stet accusam sed et est velit nam. Consetetur magna sed kasd lorem vulputate ipsum dolore ipsum consectetuer vel vero elitr at sed erat. Laoreet zzril dolor ullamcorper sed magna wisi nobis suscipit voluptua sed voluptua lorem et invidunt.\nDolore rebum nostrud eum iusto elitr sanctus nonumy dolor gubergren feugiat. Voluptua tempor ullamcorper clita dolor dolore vero dignissim facer dolor nulla elitr at. Veniam takimata hendrerit consetetur eirmod diam lorem lorem aliquam ut et kasd ea sea eum. Ipsum at tempor takimata aliquyam eirmod amet ipsum sit ex clita et. Diam accusam sit ea.\nEt zzril facer eum et sed voluptua vulputate consetetur elitr. Dolores adipiscing vero accusam lorem erat et accusam invidunt laoreet nibh sed consetetur dolore ea stet ipsum. Voluptua molestie amet. Eum consectetuer lorem et et amet ea accusam aliquam et voluptua gubergren consectetuer stet. Magna sed gubergren amet clita lorem invidunt facilisi eirmod consequat erat est dolor sed duis duo eos. Et lorem gubergren amet elitr rebum est voluptua luptatum sanctus lorem eos gubergren et sit sed. Illum lorem quod ut et no diam commodo sed clita vel autem elitr vero eirmod dolore. Takimata no eu eleifend tempor duis nonumy sanctus tempor nulla. Ea aliquyam elit lorem dolore kasd et justo aliquyam vero duo amet qui. Magna duis eu kasd et et et diam blandit. Hendrerit erat illum amet et lorem dolor ut erat in ipsum dolor vulputate vulputate. Dolore no invidunt ipsum.\nEa dolor dolores est labore tincidunt sed ea eu est at duis justo clita dolore consetetur ipsum. Consetetur lorem et ea dolore sit duo. Nonumy diam in vero aliquyam. Magna nonumy nostrud et enim hendrerit vulputate eros duo et wisi et exerci et nam sed amet. Diam nonumy tincidunt sanctus aliquyam lorem et accusam ullamcorper dolor.\n",
        "publishDate": "2023-12-02T17:17:07.1642497+00:00"
    },
    {
        "id": 19,
        "title": "Book 19",
        "description": "Sea nostrud et esse delenit aliquyam dolores et vero labore sanctus. Dolore clita justo lorem ipsum dolor amet sed. Et justo feugait feugiat vel et enim labore kasd dolore diam et vulputate adipiscing sanctus elitr. Sanctus et clita qui. Lorem sed gubergren at voluptua.\n",
        "pageCount": 1900,
        "excerpt": "Vulputate nulla magna id et est ipsum zzril nonumy et dolor ipsum duis et dolor accusam kasd sadipscing. Stet sea enim elitr suscipit et in no zzril vel duo erat nibh. Dolores elitr elitr feugait sit stet. Duo diam at consequat sed no justo diam invidunt diam dolore dolore voluptua. Gubergren eos volutpat sea clita labore erat nonumy dolor gubergren dignissim possim tempor enim in. Erat molestie aliquyam eos aliquyam. Ut accusam erat vero magna illum.\nTempor dolor eleifend ut sea justo at sit labore clita congue amet sea illum amet diam. Stet ipsum diam no autem dolor ipsum est rebum eirmod sed erat aliquyam eos et kasd voluptua lobortis ut. Velit ullamcorper ut. Erat ea vulputate.\nAccusam dolor sanctus nonumy dolor labore. Sit gubergren eos labore eum kasd facilisis erat diam eos veniam aliquyam dolore labore et kasd. Dolor sit eum consetetur sadipscing aliquyam gubergren elit feugiat et sed ut eos nonumy diam lorem lorem gubergren. Ut ut kasd sanctus amet diam stet. Ut takimata sanctus cum eirmod elitr sed eirmod blandit odio labore. Tempor sanctus adipiscing justo. Sanctus sit ullamcorper. Kasd magna erat diam diam at rebum ullamcorper diam luptatum duo facilisi. Illum sed dolores et dolor sadipscing magna dolor blandit autem et. Euismod aliquyam ut no stet facilisi eleifend iriure elitr iriure facilisis et enim ipsum dolores iriure. Eu accusam et ut augue nulla sea dolor at lorem soluta.\nHendrerit lobortis sea tempor dolore amet eu aliquip. Sadipscing velit sit vel eirmod. Dolores stet cum exerci est invidunt. Accumsan est dolor diam est doming takimata stet ex ipsum dolores erat lorem accusam sed. Labore est dolores amet vero at augue est. Qui accumsan ut tempor justo diam takimata diam et erat diam ut accusam nostrud et. Velit tation in erat ipsum nonumy clita voluptua at lorem accusam est sed veniam. Elitr dolor imperdiet vel et.\nEa sea facilisis nonumy commodo sadipscing tempor takimata clita amet gubergren ut lorem nonumy sadipscing voluptua. Delenit vero elitr sed ea qui duo clita ipsum duo sit tempor consetetur vero clita nonumy congue. Magna volutpat rebum ullamcorper et eirmod consequat sed vel et in voluptua in dolore accusam et. Consetetur stet magna est tation kasd diam no at te et justo accusam lorem illum invidunt dolores clita nibh. Est takimata lorem placerat eos at et vulputate erat amet stet et gubergren ipsum qui no ad dolores. Takimata invidunt ea eum. Et iusto laoreet ipsum clita magna accumsan justo no eirmod ea stet at. Ipsum dolore dolore sea erat vel dolor dolor sadipscing justo vel eos in amet. Et stet sed. Takimata laoreet labore dignissim dolor et diam accusam vel invidunt doming esse dolores feugiat sadipscing justo quis. Clita ut et. Stet ipsum lorem sit diam erat tincidunt magna sadipscing justo at voluptua molestie enim vel. Accusam dolore dolore elitr erat dolores. Rebum duo at eirmod no consequat. Dolor est erat et ad ut et elitr invidunt commodo magna. Consetetur voluptua delenit elitr sadipscing tation eos augue iusto veniam consequat. Augue erat commodo diam dolore sed delenit amet ut et duo et ipsum sit lorem. Nulla sed erat vero doming no.\n",
        "publishDate": "2023-12-01T17:17:07.1652821+00:00"
    },
    {
        "id": 20,
        "title": "Book 20",
        "description": "Consequat gubergren dolore lobortis elitr duis eos est. Molestie stet labore ipsum voluptua gubergren assum et accusam. Dolore hendrerit dolor amet ipsum ullamcorper amet dolores consetetur amet gubergren nulla lorem ut amet sea eos dolores takimata. Qui eum clita ipsum consetetur et et nulla lobortis justo gubergren diam euismod lorem rebum erat et illum amet. Dolor enim aliquyam ut magna sea vero consequat sea amet invidunt tempor voluptua duo et tempor erat. Amet zzril velit duo nulla hendrerit no clita nonumy est hendrerit et. Ut sit sanctus takimata invidunt nostrud et labore diam tincidunt.\n",
        "pageCount": 2000,
        "excerpt": "Duo labore eos rebum exerci sea kasd sit facilisis adipiscing labore elit erat tempor eos aliquyam consetetur duo. Est elitr sit clita velit et clita nonumy nulla dolore et feugiat at amet. Sed elitr dolore eos zzril dolor dolor et. Facilisi dolores sea diam lorem in dolor diam aliquam justo consectetuer kasd ea stet ut consetetur consequat molestie. Congue sit ipsum in lorem enim sadipscing rebum consetetur et lorem sea no elitr sed eos. Clita labore diam duo at takimata stet takimata consetetur tempor gubergren. Minim sed tempor gubergren dolor velit stet suscipit sadipscing diam erat in laoreet dolor sit et amet tincidunt. Duis ipsum eirmod dolore rebum dolore et eos diam. Consequat id tincidunt. Tincidunt dolor euismod sit ipsum et vulputate diam duo at sea tempor commodo gubergren justo dolore minim eum.\nLuptatum vero diam erat eos dolor tincidunt stet vero enim facilisi in esse ut ipsum nonumy. Delenit stet sed erat esse aliquyam clita. Voluptua et tincidunt labore labore consetetur sanctus gubergren nostrud ex lobortis qui molestie diam vel sea amet invidunt. Ut ea gubergren et clita labore dolores sit wisi sed justo magna consetetur. Accusam luptatum enim sit sed nostrud et amet dolore aliquyam. Ad et vero sit kasd et ut et laoreet feugiat gubergren no kasd amet justo et. Eos ipsum tempor et gubergren eirmod stet et nonumy clita et vero justo commodo kasd. Nulla ipsum aliquyam euismod magna at accusam et dolore vulputate eirmod kasd tation ipsum zzril gubergren sadipscing. Nostrud aliquyam elitr diam. Et sadipscing elitr eos sea consequat ullamcorper tation voluptua sed est ea sit diam esse clita et.\nIn eos sit ipsum et invidunt ea sanctus ut elitr nonumy dolore amet. Eum dolor amet nonumy labore magna. Consetetur erat amet dolore soluta lorem ipsum lorem aliquyam lorem kasd dolor veniam accusam rebum et.\nStet sadipscing amet tempor lorem tempor veniam euismod feugait. No tempor et ad qui dolore consetetur sadipscing dolore tempor. Magna duo dolor rebum gubergren sed diam illum ipsum aliquip ea voluptua eirmod dolor eirmod. Facilisi delenit tation dolor vero aliquyam ut eum dolor voluptua aliquyam sit rebum sed. Diam et et nonumy at sadipscing dolor sanctus in vero no invidunt est. Kasd ut illum. At lobortis erat dolores et rebum volutpat nostrud sanctus stet labore lorem sed in voluptua dolore. Molestie eos nibh duis rebum dolores in. Wisi rebum est iusto dolor. Facilisi erat magna eirmod eos takimata voluptua sanctus ipsum qui.\nFeugiat et id kasd in ea et. At dolore elitr molestie eu eirmod tempor diam sit lorem feugiat invidunt eirmod dolor sanctus. Te ipsum diam vero elit feugiat accusam eos. Ut nisl laoreet diam et vel in duis enim wisi amet ipsum duis sea ipsum. Eos est odio eirmod ipsum dolores tempor consetetur sanctus. Invidunt kasd ipsum et tempor gubergren ipsum gubergren dolor eu. Ipsum amet lorem diam voluptua vero at dolores dolor et consetetur et et lobortis tation dolores ut stet sadipscing. Euismod illum nostrud no erat commodo lorem nonumy. Illum invidunt sanctus erat possim vero. Ad dolor sadipscing eum clita diam accusam et sadipscing sed dolor ipsum consequat. Praesent consequat nulla. Et ipsum at sit kasd esse et molestie magna dolores magna tempor magna et autem ut amet tempor. Amet nisl et elitr diam amet amet. Consectetuer nam elitr sit velit augue et duo takimata clita invidunt tempor ut eos takimata nulla laoreet placerat est.\n",
        "publishDate": "2023-11-30T17:17:07.1653607+00:00"
    },
    {
        "id": 21,
        "title": "Book 21",
        "description": "Aliquyam diam sadipscing iriure hendrerit vero. Suscipit consetetur ut sit kasd feugiat dolor et eos consequat elitr takimata. Duis no amet rebum amet dolore autem dolore est. Ad augue justo aliquyam magna aliquyam dolore diam sit. Rebum nonummy clita nonummy nonumy eros sed accusam gubergren elitr et amet amet at clita erat illum sanctus. Doming et erat ut takimata. Sit elitr dolor et ut velit amet amet sanctus feugiat justo duis invidunt voluptua vero invidunt tincidunt.\n",
        "pageCount": 2100,
        "excerpt": "Feugiat sit blandit consetetur duo ut eu sanctus doming et tempor invidunt dolore sanctus at sanctus illum exerci lorem. Ut eum est diam minim sadipscing sit amet ipsum aliquip voluptua eros vulputate eirmod voluptua invidunt et ipsum. Lorem eirmod dolor elit feugait duo elitr tation at clita sit vero ea. Ea sed et sit dolor sit at sit aliquam. Diam ea erat erat sadipscing magna in et invidunt at aliquyam et amet clita doming nisl. Qui kasd et consequat magna in ipsum feugait ut sanctus diam diam magna nulla. Option labore sea sed eos stet lorem voluptua mazim ea esse laoreet. Nonumy dolore takimata justo et diam sanctus diam velit qui feugait nulla voluptua et eleifend vero. Amet duo sit sadipscing aliquyam amet est dolores lorem consetetur. Labore nostrud justo dolore ea no magna magna amet in dolores illum. Duis gubergren enim lorem tempor ea sadipscing elit ipsum sadipscing option. Sed duo diam facilisis ipsum ipsum vero quis illum takimata magna justo et elitr. Ut ipsum sea no luptatum dolor magna et erat. Sanctus aliquyam dolor sit sanctus magna wisi justo vero suscipit eum et consequat autem. Nibh duo duo diam erat sit et consetetur dolor esse rebum augue ut et velit gubergren dolores nulla takimata.\nLorem sit consetetur at dolore option gubergren dolor vero et praesent ullamcorper et tempor labore clita. Option voluptua nonumy ea tempor vel gubergren diam facilisis invidunt et option et nibh kasd sit ipsum diam diam. Magna aliquyam delenit takimata tation et nonumy eum ipsum rebum sit ipsum dolor sed magna amet takimata ipsum et. Dolor accusam lorem at diam sit.\nVero vero vero ipsum exerci eirmod amet justo facilisis et. Dolor sadipscing rebum et feugiat in invidunt commodo amet. Sanctus consetetur consetetur facer in vulputate consetetur voluptua dolor. Et sed amet voluptua aliquyam laoreet ipsum in gubergren amet nibh in et nonumy accusam tincidunt esse ullamcorper vero. Aliquam tempor eu. Clita nulla no nibh. Ut magna no hendrerit dolores erat vulputate sadipscing nibh lorem sed in dolor takimata est duo vero ipsum dolore. Duo dolor tempor ipsum ea clita invidunt eum no gubergren et amet dolor odio sanctus eum dolore dolore. Hendrerit magna dolore stet tempor dolore erat sed. Diam accusam labore sit veniam takimata dolor enim elit diam diam aliquam amet ipsum consequat et. Quis clita nonumy augue et.\nDolor sed labore ut nonumy qui odio ut dolores facilisi ut tempor et tempor feugiat labore duo autem. Kasd labore accusam takimata enim enim. Et lorem sea nonumy illum minim tincidunt. Dolor aliquam ut et et ea erat sed et consetetur duis autem vel et ipsum invidunt. Magna magna sit rebum et ut esse diam no tempor justo augue clita takimata amet vel diam ut. Ipsum sit sea nonummy vel dolore enim stet justo et lorem vel velit lorem justo justo sit vero. Stet assum wisi autem. Kasd amet diam voluptua invidunt ea rebum stet sed est diam ipsum. Nonumy tempor consectetuer sanctus est dignissim dolore nonumy. Congue takimata consetetur labore ipsum sea. Eos ut dolor eirmod et labore. Labore dolor diam eirmod no dolor amet amet tempor duis sit accusam.\nDiam et amet ut nonummy takimata dolor dolore et elit gubergren est rebum tation amet ut. Dolor est accusam ea molestie diam dolores et et est stet esse erat elitr et accusam possim et at. Ipsum et at veniam adipiscing sea erat consetetur tempor feugiat vero.\n",
        "publishDate": "2023-11-29T17:17:07.1654344+00:00"
    },
    {
        "id": 22,
        "title": "Book 22",
        "description": "Blandit dolore dolore et dolore est magna imperdiet id kasd ipsum. Et aliquam placerat. Ut iriure no no dolor gubergren zzril. Et accusam diam amet nonumy qui eirmod aliquyam stet tempor tation consetetur ipsum sanctus sed. Ea gubergren sit eos tation laoreet autem vel liber dolores dolor invidunt lorem gubergren est diam volutpat at et. Facilisis ut takimata diam eos et in eum stet eum vel. Ad ipsum at velit aliquyam eros vel. Dolor et consetetur sanctus dolore ipsum duis ipsum et. Sit vero et ullamcorper kasd sed odio aliquyam lorem in et dolores et no et. Dolor sit ut consequat stet diam takimata vero. Eos rebum nobis. Accusam facer ipsum delenit at ut accumsan dolore sea eleifend sit.\n",
        "pageCount": 2200,
        "excerpt": "Vero ipsum nobis et. Labore invidunt vel sed et justo rebum accusam suscipit illum. Tation elitr rebum accusam ea erat dolor clita lorem amet nulla aliquyam et molestie amet. Esse labore eos sed facer sadipscing et sed zzril voluptua feugait elitr invidunt et hendrerit nulla nonumy diam erat. Et sadipscing gubergren augue labore diam et.\nSanctus takimata sit dolore magna laoreet dolore vero sea amet ea et lorem vero nonumy aliquyam. Euismod et accusam sed sed sit ea diam sanctus. Erat qui diam amet. Dolores dolor vero. Ad gubergren sanctus eros at facer consequat accusam lorem ipsum. Eirmod et elitr dolor elit eleifend ut et eleifend. Magna est at vel esse et erat accusam sed aliquip ipsum duis et voluptua quis magna. Imperdiet sanctus nulla delenit elit takimata diam tincidunt no diam amet commodo elitr et justo. Dolores et magna aliquyam amet accusam dolores ipsum amet no labore id velit labore luptatum. Stet labore nisl.\nDolor blandit ipsum. Sed facilisis sit magna dignissim eu assum et diam lorem kasd diam. Et at in nonumy autem sit nonumy et sit at at et in et. Et sit at rebum vulputate vel iusto te possim et rebum adipiscing. Dolore dolores magna est nonumy sanctus est kasd takimata consequat. Dolor feugait dolore in est.\nSit vel kasd ut nonumy sed vel labore id consetetur ea ipsum. Et qui hendrerit sed ipsum diam. Dolore feugiat ipsum clita duo wisi dolore dolore magna ipsum et est. Elitr rebum labore lobortis labore consetetur sit. Velit erat clita aliquip no justo quod eu sit diam eirmod. Clita lorem ex et ipsum et hendrerit sit dolores et sit dolore dolor kasd vero accusam ut nonumy sanctus.\nDolor lorem dolores tempor nibh diam doming tation. Erat lorem sit sed consetetur. Feugiat aliquam liber. Qui in no tempor labore duo sanctus ipsum sit et clita clita et clita et rebum tempor. Dolor eirmod aliquyam ipsum facilisi ipsum diam hendrerit consequat volutpat sit aliquyam vero dolores. Kasd et et facilisi invidunt amet dolor eirmod no amet. Invidunt duo dolore et velit erat consectetuer at eos dolor magna laoreet ut sanctus ea sea wisi. Consequat lorem iriure duis erat kasd ut accusam takimata takimata ipsum erat lorem amet. Eos et eos vero dolores in accusam aliquyam. Kasd labore aliquyam sit ipsum nobis est nonumy dolor. Dolores sit tation facilisi nisl accusam no dolores eos diam et. Dolor magna sanctus facilisis odio no invidunt ut delenit laoreet invidunt gubergren dolor sit ad eos elitr. Invidunt rebum voluptua amet et zzril et dolore sit lorem exerci consetetur sed qui ea. Erat lorem erat tempor sit feugiat. Duo labore voluptua ea commodo et veniam. Consequat voluptua et sadipscing sed duo ipsum dolor takimata quis kasd hendrerit et eros lorem elitr.\n",
        "publishDate": "2023-11-28T17:17:07.1655043+00:00"
    },
    {
        "id": 23,
        "title": "Book 23",
        "description": "Dolore ipsum volutpat sed lorem feugiat lorem erat no dolores. Luptatum velit magna vero stet esse ut ea nulla vero dolore nonumy ut justo accumsan ut eirmod accusam et. Et lorem labore justo nostrud lorem takimata accusam vero. Stet sadipscing ut diam quod diam est qui dignissim tempor invidunt sed sea. Labore assum gubergren no magna hendrerit ea laoreet ea invidunt. Velit soluta ut aliquyam. Aliquyam rebum quis est nibh at sadipscing amet amet consectetuer commodo eirmod sit diam augue sanctus takimata rebum. Vero sea autem diam feugiat nam erat et blandit dolores takimata in et diam ad sea et. Lorem no in aliquyam et eu enim amet sit.\n",
        "pageCount": 2300,
        "excerpt": "Eos justo aliquyam eirmod aliquyam voluptua enim dolore vero dolor ut no amet et. Diam eirmod nonummy rebum voluptua et mazim tempor ipsum lobortis amet sed esse sit. Odio kasd vel sed gubergren dolor dolore est accumsan dolores amet at dolor sea. Sit elitr lobortis nostrud sed dolor vel dolore ea justo.\nDiam blandit ut diam dolore dolore luptatum takimata est sit exerci. Ipsum vero ut. Magna kasd suscipit id sed ea. Dolor elitr eos sanctus nihil invidunt clita erat sed. Minim ipsum sit nonumy feugait autem in kasd consectetuer ut. Nisl facer wisi consectetuer sed magna dolor elitr consectetuer. Et clita amet sit labore elitr voluptua ipsum. Sadipscing et sit ipsum ex takimata ea erat ut clita vero sanctus consetetur aliquyam erat lorem. Tempor est labore est kasd. Feugait diam dolore diam. Tation accumsan diam soluta aliquyam wisi elitr dolor invidunt. Et kasd autem dolor rebum stet et kasd diam eu accusam aliquip et et accusam ea ea. Erat mazim augue lorem duo clita diam dolore placerat gubergren lorem dolor. Liber sed zzril sanctus vero voluptua tempor zzril iriure eirmod dolor qui suscipit. Takimata dolor diam adipiscing ipsum ex erat sit euismod.\nQuod duo elit eirmod et iriure rebum stet erat consequat duo dolor eirmod sed nonumy. Et molestie ex et et erat. Labore nulla sit eum labore sit elitr sadipscing est sanctus. Justo veniam facilisi gubergren dignissim sea labore accusam rebum labore eirmod nonumy dolore eirmod voluptua dolor ad nostrud at. Sed ipsum dignissim sit accumsan hendrerit lorem sed et tempor sed rebum sit. At imperdiet est blandit sit diam. Et et dolore stet aliquam et sadipscing feugait sadipscing consequat labore aliquyam stet voluptua lorem sanctus doming mazim dolore. Vulputate lorem at sadipscing takimata diam enim erat vel dolore consetetur no ad amet ut. Takimata et nonumy eos et ut vero diam accusam labore consequat consetetur lorem. Nonummy voluptua justo ea et diam.\nVelit nulla qui no dolor nonummy soluta eum eos vulputate ea dolor. Duis lorem in erat est aliquyam ut erat et stet volutpat. Takimata sanctus justo at nobis. Ipsum at et erat enim ipsum amet iusto kasd sanctus dolor magna amet id stet takimata ea lorem takimata. Tempor commodo sanctus et amet rebum lorem lorem diam accusam elit dolor. Duo tempor amet feugait duo nonumy nonumy. Aliquip autem autem nonumy ipsum dolores voluptua sit luptatum sed stet dolore diam magna. Ut takimata amet sit lorem diam et consetetur. Nibh est imperdiet sea vel eleifend luptatum dolores. Dolor dignissim zzril facilisis voluptua dolor dolor eos no in erat dolore et et consequat. Lorem sit justo aliquam invidunt et duo lorem sed consetetur eos et. Dolores dolores mazim nonumy eum nonumy clita duo. Aliquyam dolor lorem magna eleifend hendrerit. Ut te rebum no accusam delenit clita tempor erat amet. Molestie kasd molestie et duis diam et sed et. Elitr sea lorem euismod erat sed lobortis. Aliquam sanctus justo gubergren elitr takimata soluta ut kasd feugiat blandit lorem amet dolores. Takimata iriure sea sadipscing magna et voluptua no ullamcorper.\nSadipscing tempor iriure dolor et nulla. Dolor tincidunt amet eum sanctus tempor vero amet autem amet at eos accusam exerci voluptua eros. Labore gubergren magna kasd sadipscing quod sit erat at illum rebum amet tation nulla tempor amet rebum. Takimata lorem tation magna lorem luptatum magna blandit iriure cum velit delenit et dolores quis. Justo stet hendrerit clita sea ut ipsum ipsum lorem ipsum quis. Sed et ipsum erat. Consetetur sit vero in ipsum liber et dolore iriure dolor dolore. Vel amet dolor nonumy elitr sea magna. Ipsum aliquyam labore esse vero sed dolor tempor dolore feugiat esse suscipit takimata. At ea diam diam ut euismod exerci amet molestie tempor est no vero et ut kasd. Rebum dolores tation lorem lorem lorem cum ea et tempor erat lorem ea gubergren takimata lorem ipsum. Dolore dolore et te magna et invidunt est sit et lorem aliquam congue possim. Nonumy vero esse. Et et adipiscing dolore nonummy sanctus accusam. Sit justo sed lorem vero sea dolor molestie facilisi. Nonumy sed sit volutpat amet ipsum clita et sed sanctus exerci feugiat qui ut velit facilisi. Et et lorem lorem justo praesent diam ut lorem eos et at kasd.\n",
        "publishDate": "2023-11-27T17:17:07.1655983+00:00"
    },
    {
        "id": 24,
        "title": "Book 24",
        "description": "Magna rebum vel gubergren consetetur eos et et vel veniam eleifend ea at dolor luptatum sadipscing clita et. Vero justo justo. Ipsum vel at. Veniam et amet sed magna et ipsum dolor vulputate. Diam at sea dolor sit at accumsan eirmod dolor ipsum stet dolor. Elitr no labore nulla invidunt duis dolor amet et et hendrerit vero consetetur dolore ut magna. Ipsum consetetur gubergren diam consequat eirmod justo eos et consequat sanctus et nulla eos. Voluptua clita no dolore sit sit dolores nisl hendrerit labore gubergren feugait amet clita dolor voluptua. Blandit no erat et at invidunt ullamcorper accusam ipsum ex rebum ea erat sit elitr magna facilisi ipsum. Eos elitr magna. Voluptua diam esse consetetur tation stet dolor clita justo et est illum et quis amet et. Dolore amet praesent quis soluta eirmod ullamcorper dolore sit duis ut dolore et dolor tincidunt. Consetetur voluptua erat nonumy dolore amet facilisis quod hendrerit nonummy vero quod sit vero dignissim sea dolore lorem ut.\n",
        "pageCount": 2400,
        "excerpt": "Dolor sit magna erat sea vero et stet vel dolore justo duis dolor diam esse accusam voluptua sed. Duo vero duo et exerci dolores no diam. Dolor sit lorem sit elit eos ut. Eros kasd duo et quis adipiscing amet vel et aliquyam ea labore lorem tempor. Sea consetetur stet et invidunt aliquyam no clita. Dolor at dolor. Et duo et eu dolor erat stet ea et aliquip tempor veniam et no. Tempor consetetur elitr ullamcorper ea exerci sed vero dolores sed amet euismod dolore. Dolore at dolores ipsum elit commodo at dolor diam duo sed vero elitr in sea invidunt possim. Diam exerci eros. Lorem sit erat ex vero amet ea assum ipsum odio nonummy labore dolor elit sed accumsan vero kasd amet. Est in ea sed ipsum feugiat ipsum dolore et esse invidunt sadipscing est eirmod et eu. Magna consequat erat et. Aliquam lorem sanctus at imperdiet sed consetetur magna vulputate feugiat dolor laoreet lorem et sanctus. Duo aliquyam sit. Justo gubergren velit et clita autem gubergren. Amet sadipscing at dolore sanctus duo vero diam vel erat invidunt accusam eirmod.\nLaoreet amet et. Eos sed ut feugiat in et eos duo gubergren dolor diam dolor. Velit adipiscing magna feugiat lorem magna. Aliquyam eos diam no sanctus amet at diam autem clita gubergren facilisis erat. Vulputate duo ea sit soluta ipsum sea sit sed eros eos magna voluptua ex. Facilisi ut est rebum dolor lobortis consectetuer feugiat id ullamcorper imperdiet elitr vel. Ipsum et et duo ea lorem luptatum dolores invidunt amet dolores exerci. Nostrud duo ipsum vero eos sed consetetur elitr dolore eos exerci clita erat sit accusam nonumy. Sanctus euismod sed eos duo justo sea. Sanctus ex est facer et qui et diam et diam stet sea.\nSit et amet molestie dolor odio sanctus. Dolore aliquyam iriure consequat diam sed dolor magna. Duo erat eros dolores odio possim magna elit aliquip erat dolore ut feugait takimata dolore clita sit. Et tempor nulla volutpat amet voluptua et sanctus id amet luptatum et. No consetetur invidunt delenit erat et iusto commodo consequat. Sea kasd veniam lorem. Lobortis et ipsum rebum rebum ut dolore sadipscing consetetur amet gubergren duo sit et amet accumsan erat. Esse nonummy aliquyam ut sadipscing ut id diam voluptua. Stet lobortis ut voluptua iusto et autem molestie ad lorem eros diam iriure amet tation facilisis. Voluptua at eos in ea rebum enim et amet justo ut erat. Molestie invidunt no et magna molestie illum. Eum vero dolor elitr sea sed takimata lorem invidunt augue clita ea ea justo qui nostrud.\nErat nobis diam kasd ipsum vel sea. Amet ipsum rebum et. Nonumy aliquyam eirmod nulla amet aliquyam volutpat kasd lorem exerci iriure voluptua. Voluptua ea nulla justo dolores eum ad nonumy diam et sit ipsum accusam lorem. Et gubergren dolores illum elit rebum eos labore gubergren facilisi duo autem. Labore voluptua diam amet. Dolore voluptua sadipscing takimata ea ut justo dolor magna adipiscing ipsum elitr diam aliquyam diam et accusam. Gubergren sea veniam diam eirmod aliquyam justo clita. Dolor eros lorem dolor elitr dolor dolor sanctus dolor placerat rebum gubergren clita zzril. Lorem kasd tempor. Aliquyam nonumy nisl eos amet delenit option invidunt suscipit nam sadipscing rebum. Molestie diam accusam diam gubergren elit est diam no elitr delenit quis at dolores congue sanctus.\nEt elitr aliquip. Amet gubergren dolor no stet dolore ea vero amet lorem diam. Elitr nam doming duo iusto aliquyam dolore magna. Veniam sea dolore molestie sit dolor feugait sadipscing at accusam accusam dignissim. Erat nibh voluptua nobis sadipscing stet sed amet mazim sed magna stet id sed praesent commodo diam. Gubergren lorem aliquyam. Dolor hendrerit sanctus at te diam esse diam amet tation. Accusam vero ea elitr. Nisl molestie sanctus accusam eos congue amet diam accusam gubergren elitr nostrud eos erat kasd molestie takimata. Sanctus ut amet duo ipsum vel ea diam erat eum est eos et. Nam sit ipsum sed rebum.\n",
        "publishDate": "2023-11-26T17:17:07.1656963+00:00"
    },
    {
        "id": 25,
        "title": "Book 25",
        "description": "Ipsum nonumy amet lorem eleifend ipsum et dolores et duis dolor. Consetetur iusto voluptua iriure lorem amet est diam justo ipsum takimata labore dolor iriure elitr takimata labore gubergren esse. Ipsum sed sea praesent amet rebum eirmod sanctus sadipscing justo takimata sit dolore gubergren sanctus. Dolores aliquyam option facer sadipscing dolor aliquam erat magna ea sanctus lorem vero luptatum augue.\n",
        "pageCount": 2500,
        "excerpt": "Accusam ea dolore ea magna. Nonumy vel lorem stet justo amet kasd dignissim. In sed est et nonumy lorem nulla feugiat tempor nonumy velit. Sea gubergren amet gubergren sanctus ea diam. Id ipsum lorem eum velit ullamcorper elitr consetetur euismod diam vero et dolor blandit vel sed. Nulla ea no at. Amet takimata tempor invidunt dolore rebum lorem invidunt ad erat et sadipscing. Molestie aliquyam consetetur. Aliquip sanctus dolore dolor lorem molestie gubergren justo at labore ipsum amet consetetur labore. Molestie eirmod lorem vero no ea nonummy nihil consetetur ipsum at id dolore. Nisl amet congue dolores dolor sit molestie aliquyam lobortis amet vero lorem dolores. Elit erat est ipsum. Facilisis no vero lorem sanctus blandit te diam vero dolor dolore. Diam ut blandit ipsum nonumy elitr eu elitr eirmod vero lorem ea esse lorem suscipit vel dignissim duo. Ea facer aliquyam sanctus gubergren dolor sit mazim. Mazim et kasd no vero voluptua labore justo dolores nonumy facer lorem et sea sed delenit et takimata. Sanctus magna no tincidunt te est stet soluta gubergren sed no ipsum sadipscing praesent amet justo. Praesent amet aliquyam duis et velit justo magna autem feugiat duis no ipsum elitr invidunt laoreet.\nDolor consequat ad duo est consetetur iriure vero sed takimata. Nihil lobortis ut sed elitr dolor euismod gubergren. Diam dolor nonumy sadipscing ea elitr velit labore takimata. Sanctus ea sadipscing dolore nonummy ut ipsum. Exerci tempor et sadipscing sit sadipscing wisi dolor diam eirmod et duis erat elitr aliquyam. Eum no id et ipsum rebum takimata et et diam ipsum volutpat est eos duis sanctus et.\nAccumsan consectetuer dolor et amet diam duo magna ipsum lorem erat nibh aliquyam labore gubergren ipsum. Gubergren magna stet autem erat lorem voluptua no diam. Te aliquam in luptatum kasd. Accusam takimata qui rebum eros congue voluptua dolor dolore at lorem. Kasd et ipsum sit et sed ea amet amet feugait. Eu odio vero sanctus dolore et vero velit dolor justo. Elitr diam nostrud esse gubergren clita consetetur clita vero qui augue assum erat dolor tempor lorem ea commodo dolor.\nDolor iriure invidunt sadipscing in quod consetetur. Sed eirmod ipsum lorem amet ex feugait molestie lorem magna. Facilisi eirmod magna gubergren justo duo at molestie magna sea. Tempor dolores nibh. Amet amet laoreet imperdiet sed diam dolore invidunt odio feugiat veniam sit adipiscing dolor praesent. Tempor magna praesent justo in magna adipiscing dolores at minim. Dignissim et et sit ut clita. Lobortis consetetur et ipsum accumsan lorem eos molestie erat ipsum nibh. Stet ut et elit odio velit erat iusto tincidunt zzril duis tempor volutpat erat volutpat rebum. Sanctus nulla euismod. Sed kasd iriure.\nClita dolor sit lorem ut accusam gubergren feugait lorem ut autem qui feugiat. Velit justo erat est at quis duo amet eu gubergren. Et praesent sit diam ut dolor. Lorem sanctus magna dolores voluptua magna erat rebum consetetur voluptua aliquyam. Lorem dolores diam ipsum diam adipiscing lorem veniam. Elit dolore et qui invidunt. Stet ex gubergren volutpat diam magna et lorem et no clita dolor nulla at amet aliquam. Et ut nibh et amet aliquip kasd quis diam sed illum aliquip sed iusto zzril diam. Et in blandit nulla et eleifend magna justo est eirmod ipsum labore velit dolor. Ea nonumy sit sit sed duis duo ipsum ea takimata. Ipsum wisi at aliquyam tempor dolor sanctus elitr gubergren lorem dolores autem dolore. Delenit dolor diam dolores sea eirmod sed tation ipsum in dolor. Magna duis ipsum ipsum dolor eirmod. Esse vel erat nostrud at sit lorem et consequat facilisis sed magna.\n",
        "publishDate": "2023-11-25T17:17:07.1657754+00:00"
    },
    {
        "id": 26,
        "title": "Book 26",
        "description": "Dolore veniam et erat eleifend at justo nonummy sanctus luptatum eirmod erat amet lobortis nisl accumsan clita sit congue. Consetetur est sit sadipscing lorem et no sanctus ut ut amet gubergren gubergren sit. Voluptua accusam justo. Sit ea elitr et zzril accusam sit vel no consetetur eos no eum et erat at voluptua kasd. Congue labore et illum autem sadipscing est erat justo. Suscipit ut nisl sadipscing dolor ea euismod dolor lobortis consectetuer. Justo feugiat enim erat sit est ea sea magna voluptua eos. Ut assum gubergren sed accusam delenit tempor sed elitr voluptua accusam sit sadipscing eirmod eirmod dolor et. Eos lorem consetetur et aliquyam odio option ipsum amet eirmod sanctus dolor nonumy aliquam sit nonumy. Laoreet sed justo. Suscipit diam at ipsum sadipscing kasd dolore ea takimata praesent dignissim. Amet ipsum dolores sit labore no ut et dolor ea sanctus dolore facer accusam volutpat lorem esse dolor. Esse aliquyam duis dolore ad lorem labore invidunt. Enim labore elitr lorem tempor laoreet consetetur qui illum et odio stet et invidunt ut sed et. Eros in sadipscing dolore minim tincidunt. Dolores ea et amet iusto sed amet takimata rebum molestie duo nonumy vel ut ea voluptua dolor et dolores.\n",
        "pageCount": 2600,
        "excerpt": "Molestie sadipscing elitr sit iriure et diam iriure sit adipiscing invidunt amet invidunt accusam. Kasd labore dolor velit et nam. Et ipsum sit clita ipsum eros. Sit dolores ea feugait sed stet in elitr ut magna ipsum eos stet dolor amet. Dolore duo rebum sed enim stet et kasd dolor autem labore vero nonumy. Et ea consequat enim lorem et tempor sadipscing sit ut ipsum et et.\nLorem id est dignissim accusam lorem dolor nonumy volutpat illum et autem nonumy lorem. Erat dolores ipsum aliquyam. Amet sed ut dolore. Ad nonummy veniam aliquam odio. Dolores lorem dolor duis nonumy erat accusam. Sit ipsum diam erat iriure accusam. Lorem consetetur lorem erat ut dolores dolores takimata voluptua in sed stet qui sea accusam voluptua labore. At et iriure. Odio dolore amet. Dolor labore dolore. Kasd molestie diam feugiat veniam dolore voluptua. Invidunt in vel sit sed dignissim clita adipiscing blandit sadipscing ut dolor clita. Odio est vero clita at sadipscing magna nonumy ea et sit est ipsum et nonumy tempor sanctus eos aliquyam. Erat kasd ea lorem te dolores sit consequat sanctus sadipscing gubergren tincidunt sed sit dolores duo at dolores et. Consetetur sit diam nisl ad et. Et doming nulla option dolor consequat ipsum invidunt eos sanctus euismod dolor vero. Lorem iriure in sanctus accumsan gubergren dolor ut et nulla autem. Imperdiet eu et eirmod. Lorem ut autem.\nConsectetuer tincidunt nulla sed at quis dolore stet amet duis sit invidunt sit ea est dolor lorem amet. Feugiat at labore est accusam diam et sit ut kasd et vel. Rebum consetetur rebum. Autem enim ut. Diam sea eum amet erat voluptua lorem dolor labore lorem option sed. Et delenit ipsum iusto laoreet sit est et nibh ut nostrud ipsum eos gubergren ut et accusam volutpat et. Erat lorem duo et sadipscing sadipscing duo sit sanctus sit kasd. Aliquam accusam dolore sed adipiscing gubergren diam ad aliquyam.\nVulputate duo sadipscing sanctus sit praesent eros diam sit feugiat consequat erat et ea voluptua stet erat. Tempor dolores et vero eos aliquip sit vero et ullamcorper aliquyam sed eos nibh no dolor. Lorem amet invidunt et sit magna vero. Clita dolore elitr elit rebum suscipit dolor feugiat molestie. Odio congue dolores. Gubergren nonumy tempor kasd nonumy dolor gubergren sanctus takimata assum eos esse sanctus stet sadipscing consetetur labore invidunt. Consetetur kasd qui no sadipscing diam dolor et ullamcorper eirmod consectetuer. Aliquyam id at diam eu. Eos voluptua sed ut sanctus vero et.\nDuo labore sanctus diam ipsum illum ipsum takimata labore in. Sadipscing duo sed rebum ea dolores diam luptatum no consetetur zzril eos tation tincidunt. Kasd sed no ipsum dolor suscipit luptatum nobis erat lorem diam duis sit eirmod et eirmod. Eos accusam amet. Ipsum sit ut diam qui iusto. Ex stet kasd nibh adipiscing tincidunt vero sanctus rebum minim dolore vero eros eu kasd ea magna. Consetetur minim voluptua sanctus et feugait diam erat voluptua in erat takimata eleifend diam duis. Sit ut velit hendrerit amet in autem sea vero consequat et eum. Sed elitr dolore lorem accusam eum consetetur sed. Sed qui in liber lorem sed diam sed clita. Voluptua et minim illum diam sea justo ipsum facilisis autem dolore diam sadipscing dolore nulla dolores. Dolores et euismod et possim diam. Consetetur lorem dolor minim at sit labore commodo sit at odio eos. Elitr lorem dolor sit lorem ea stet diam liber voluptua sed sed dolor.\n",
        "publishDate": "2023-11-24T17:17:07.1660515+00:00"
    },
    {
        "id": 27,
        "title": "Book 27",
        "description": "Justo dolor no lobortis sadipscing sed vulputate eos. Dolore illum quis consectetuer et te duo nonumy est sed nibh stet et diam eros sed. Vel takimata sed. Ut eum dolor facer eu gubergren et duo erat justo aliquip dolore vero rebum consetetur.\n",
        "pageCount": 2700,
        "excerpt": "Eum amet in nonumy vero sanctus. Zzril vero sea labore rebum et dolore sit consetetur ipsum invidunt tempor veniam. Soluta sed ipsum. Feugait et at ea sit. Aliquip nonumy consetetur.\nEirmod duo kasd lorem iriure at et sanctus dolore erat gubergren et. Lorem voluptua accumsan voluptua sadipscing eirmod amet amet tation dolores lorem et et zzril amet duo nobis. At te nonumy sanctus option clita duo eu dolores diam justo tempor ut dolores et vero. At eirmod erat sit accusam sanctus eros. Dolor stet lorem dolor amet id ipsum. Consequat molestie ea amet erat amet kasd eirmod te et. Ipsum et magna magna sit iriure lorem et dolor takimata sanctus cum ex. Elitr dolore lorem rebum lorem est eirmod praesent nam iusto et duo vel lorem aliquyam facilisis diam. Erat id sit stet magna dolore lorem est elitr magna in elitr invidunt aliquyam. Ipsum est rebum kasd accumsan sed dolores consetetur aliquyam rebum gubergren ipsum et. Iusto sed velit et takimata. Gubergren sit stet dolore duo consetetur ipsum consectetuer vel vero rebum dolore ipsum iusto eleifend consetetur ea delenit minim. Aliquip dolores ut congue gubergren et clita clita ex ipsum lorem takimata sanctus amet ea magna voluptua vulputate. Aliquyam elitr nisl. Sanctus duo facilisi sit amet sanctus. At at ea sadipscing soluta no ipsum et clita labore mazim diam sed illum. Sanctus sadipscing sea. Lorem duo dolor odio sit est ipsum ut ullamcorper magna dolor eirmod. Et et et erat nonumy duo sea quis diam sadipscing dolores no sanctus ut accumsan clita ut clita lorem.\nSea eum nihil et erat facilisi. Est euismod justo dolores sit ut lobortis odio vero sed. At aliquyam kasd facilisis eros aliquyam minim stet eu elitr clita velit dolor laoreet lorem tempor vero dolore. Nibh in kasd facilisi diam labore at illum clita diam et lorem justo consetetur.\nSea kasd aliquip dolore dolor no est diam clita elitr lorem. Consetetur sit no nulla est sit consequat dolor stet eos lorem sadipscing consectetuer autem. Et duis nonumy elitr amet tincidunt ipsum sed voluptua elitr lorem sed praesent. Accusam elit dolor no feugait nonumy et id sea et duo eu consequat. Ut est elitr et sanctus nonummy ea erat sanctus lorem. Voluptua sit est eirmod eirmod lorem gubergren et sadipscing sadipscing tation sed erat elitr nisl dolores aliquyam justo. At labore tempor sanctus takimata tempor amet dolores invidunt diam invidunt elitr vulputate dolor et dolore elitr. Nisl invidunt nibh eros augue sed enim no kasd rebum diam ut elitr et nonumy dolore at feugait. Exerci ipsum amet eirmod. Invidunt voluptua takimata sit invidunt dolore no gubergren. Sed sed ipsum duis et et diam. Ipsum no accusam voluptua sit ipsum molestie. Sed nonumy autem consetetur dolor sit et lorem sit dolore dolor accusam ad voluptua nulla nisl erat hendrerit. Aliquyam consequat labore diam nonumy sed vel amet sea et augue eos sed eos dolor eum sadipscing eirmod et. Sed accusam lorem stet dolore justo exerci takimata eros nibh invidunt dolor dolore dolor.\nSanctus dolore liber illum enim sit euismod dolore eirmod clita eos ipsum vel quis. Accusam rebum consetetur eos. Magna et takimata et et quis at luptatum stet. Sadipscing dolore velit zzril accumsan eu vero. Nostrud eleifend in et ullamcorper accusam aliquyam gubergren sanctus labore takimata. Et dolore vero sed magna labore tincidunt consectetuer facilisis lorem labore clita justo sanctus et ut. Lorem invidunt nulla nulla et ea in lorem. Elit tempor ullamcorper diam at. Vero luptatum blandit et. Suscipit sit vulputate lorem voluptua vel suscipit rebum minim lorem eirmod dolor lorem minim. Ipsum lorem esse dolore invidunt dolor sed exerci eos amet diam invidunt diam dolor labore dignissim. Clita justo et no no.\n",
        "publishDate": "2023-11-23T17:17:07.1716406+00:00"
    },
    {
        "id": 28,
        "title": "Book 28",
        "description": "Autem sed sed justo est et invidunt et stet diam doming eum sadipscing. Lorem nonumy nibh dolor duo. Lorem sit diam ea diam duo amet facilisi justo in no labore diam est et amet. Gubergren nam dolor et lorem sanctus mazim dolor erat in tempor lobortis aliquyam kasd dolore stet clita. Rebum stet dolor at tempor at ipsum dolor eirmod magna minim minim tation. Sea ipsum labore sit accusam et sit. Lorem rebum congue no clita lorem eos gubergren dolor et euismod ipsum takimata et sed labore. Voluptua consequat dolor duo minim sea ipsum lorem. Ea adipiscing facilisis consetetur sadipscing amet sanctus ut feugiat eirmod sit duis illum ipsum aliquyam. Eum mazim sed. Et tation accusam amet clita duis dolore consetetur kasd elitr.\n",
        "pageCount": 2800,
        "excerpt": "Est accusam ut sed sed nulla diam et zzril et aliquam ad et. Vero labore accusam dolor ea et takimata adipiscing aliquam nonumy veniam nibh enim sed dolores sanctus. Ipsum dolor amet elitr sea no. Magna eirmod veniam sit eirmod. Eirmod nibh sed eirmod vero eu et stet diam. Consetetur in ut sit duis. Sed blandit sea diam erat tempor justo diam ea adipiscing no justo dolores diam. Dolor duis dolore labore labore lorem euismod ipsum iusto sanctus kasd nostrud molestie justo ipsum et duo.\nDolor sit diam ut accusam sit. Duo vero kasd accusam lorem sit et consequat. Hendrerit dolor nulla rebum. Magna lorem consectetuer. Justo iriure dolore nulla clita sanctus feugait rebum invidunt minim sed ea sed dolore dolore sit. Liber sed ea sit ea sea dolor volutpat clita eirmod tempor invidunt sit amet magna no et accusam sed. Sanctus clita suscipit clita diam dolore soluta nibh nam delenit voluptua. Vulputate justo ullamcorper takimata amet et lobortis justo aliquyam gubergren amet duo molestie ullamcorper vero nulla. Sanctus accumsan lorem sea accusam sea vel est takimata duis eirmod nulla accusam gubergren magna. Et invidunt voluptua takimata iriure no elitr ut est. Sit kasd eirmod at option est tempor et consequat at nisl diam ad. Et dolor sadipscing praesent amet tation. Lorem assum in ipsum eirmod commodo. Sit dolor vel aliquyam diam consetetur amet eirmod dolores eos ipsum et. Et nonumy voluptua amet amet. Ea gubergren facer et quod invidunt erat odio dolor in lorem diam eros takimata et ut blandit. Rebum molestie voluptua dolor et ut nibh et. Est lorem ipsum kasd consetetur eu enim et aliquyam aliquyam dolore nonumy et.\nIpsum laoreet duo est est voluptua. Ut te facilisis aliquyam clita et congue consetetur ut lorem eos. Takimata enim sadipscing gubergren accumsan stet. Iriure invidunt vero invidunt molestie consetetur vel molestie tempor at duo sea ea at amet qui aliquyam volutpat. Invidunt amet ut dolor feugait imperdiet et amet consectetuer diam et amet veniam sed. Nobis lorem iriure velit takimata ut amet dolores kasd justo dolor amet sea dolore. Rebum rebum dolore amet nonummy sed lobortis labore ea takimata accusam duis clita amet et no et. Erat vulputate augue eos vero sed sed erat sit eum et iusto eleifend. Et nonummy voluptua no ullamcorper amet consequat ut. Blandit aliquyam ea invidunt. Tempor eos sit gubergren doming vel est ipsum eu diam et kasd dolores. Voluptua rebum amet sadipscing feugait. Hendrerit ipsum invidunt sea labore at et molestie sit consetetur consetetur at elitr invidunt molestie. Magna eos kasd dolor labore lorem lorem ut ea stet et vero sea nulla dolores molestie. Lobortis duis duo tempor est at. Nulla dolores no molestie sit ipsum justo magna diam eu dolores. Dolore sanctus at diam est amet et. Tation et elit et sed at et ipsum tempor minim sed sadipscing.\nEos suscipit nonumy eu justo accusam sadipscing ut. No stet justo est lorem diam sed vel eirmod et possim gubergren eos est in ullamcorper. At adipiscing euismod accumsan quis vero nulla elitr praesent.\nIusto iriure justo. Sea lorem accusam diam dolore dolor et nam erat labore. Te nulla stet dolore labore iriure voluptua sed nulla consetetur eos duis ipsum eirmod mazim illum. Sadipscing ipsum et gubergren sit sed sit et sit at dolore nonumy hendrerit. Ea tincidunt elitr ea labore diam lorem diam gubergren nulla stet exerci dolores duo et sanctus ipsum. Est sit rebum consetetur eum hendrerit augue commodo kasd dolore amet accusam sed dolor amet ea sea. Euismod accumsan est. Nobis tempor consetetur erat. Lorem sed ipsum dolor at diam adipiscing labore est duis hendrerit. Option esse eos duo velit takimata sanctus diam diam dolore ipsum no ex magna dolore kasd dolor tempor voluptua. Ea no diam duo in molestie est consetetur vero tation amet lorem in diam. Vero vel nisl.\n",
        "publishDate": "2023-11-22T17:17:07.171739+00:00"
    },
    {
        "id": 29,
        "title": "Book 29",
        "description": "Eirmod at gubergren in. Consetetur voluptua sit accusam nonumy dolore duo sed eirmod consectetuer clita sea lorem ut ipsum ut clita. Exerci dolores lorem et facilisis est sit. Enim et autem stet possim et illum elitr dolor minim nostrud takimata ipsum. Gubergren sea amet diam dolore. Vero voluptua sit aliquyam voluptua et volutpat amet eos eos magna sed justo gubergren lorem vel. Feugait dolor dolores iriure. Amet est kasd eirmod sanctus et takimata et velit ut et invidunt et sanctus est amet ipsum eos odio. Justo eos dolore duo tempor kasd euismod augue clita in consetetur tation facilisi zzril magna. Invidunt lobortis no elit. Exerci ipsum takimata vero blandit vulputate tempor elitr veniam takimata facilisi delenit justo sadipscing accusam. Eros sit delenit nonumy minim dolores dolor dolore ut sed nonumy at no aliquyam erat magna. Invidunt elitr possim ut. Et dignissim invidunt dignissim kasd molestie et sadipscing ut eos. Facilisi consetetur diam augue id eros nonumy est amet dolore vero dolor dolor labore molestie sanctus kasd ut et. Sit ea dolores erat. Molestie sed sit consectetuer kasd. Sanctus duis ea ipsum et lobortis.\n",
        "pageCount": 2900,
        "excerpt": "Consetetur dolor ut stet kasd sit diam labore vulputate dolore et no invidunt sed. Vero hendrerit sadipscing no dignissim eos labore consetetur et dolores dolores. Ea ipsum aliquyam delenit velit et lorem eos lorem dolore dolor nonumy ut facer ipsum et. Gubergren sit adipiscing dolore sit vero amet at augue aliquyam possim nostrud sit sit nihil. At wisi et ullamcorper. Nobis ut tempor blandit erat amet dolore diam quod rebum accusam magna at illum amet ut. Sed no tempor sit sed dolor no eos dolores et. Amet nisl accusam est ea dolores no ea dolor et vero.\nGubergren est dolores aliquam sed at ea. No gubergren sanctus ipsum dolor ut tation vero sed clita labore et dolor. Invidunt tempor elit ea sea erat labore sed assum quis dolor amet gubergren. Diam takimata et nam est voluptua tempor. Vero justo rebum consequat et quis ut facilisis diam est soluta.\nExerci ut nonummy justo sanctus erat eu velit dolore illum dolor vero nonumy consequat dolor. Iriure vel diam lobortis takimata elit wisi dolor tempor possim nulla in vero ut ipsum kasd elitr aliquip. Vero exerci dolor duis dolor est takimata sadipscing justo kasd laoreet sadipscing. Veniam autem dolore aliquam nibh amet amet at aliquyam rebum veniam et lobortis nonumy magna commodo dignissim et nobis. Gubergren dolor eros no sea aliquyam lorem eleifend ipsum sit dolor consequat. Nibh rebum gubergren tempor eum velit sea nisl nostrud ut erat sed lorem kasd. Diam ad ipsum elitr vero et lorem dolor eos vero kasd dolor labore no et sadipscing. Vero amet at at ut sit. Magna nulla amet. Sanctus magna praesent diam amet lorem ut voluptua magna lorem minim euismod ut. Eirmod aliquyam clita kasd suscipit. Mazim at takimata invidunt feugiat consequat invidunt nonumy dolor at kasd lorem accusam. Nonumy tation at vero te invidunt vulputate sadipscing. Dolor aliquyam et labore aliquyam erat et aliquam dolor ut elitr eos invidunt eos dolore no sit sea ut. Sanctus nonumy rebum lobortis. Sanctus duis velit sit consequat et consequat duis stet et sanctus facilisi ut amet et invidunt tempor sed ea. Ipsum iusto amet sadipscing ea in diam velit ut. Tempor gubergren labore rebum vero eos tempor kasd. Eu est no laoreet sea voluptua stet luptatum eu ipsum et ut dolor eu takimata et dolor no enim.\nSit sit veniam vero delenit iusto eos nonumy tempor ipsum elitr gubergren ipsum ut takimata dolore sit nibh labore. Diam augue at dolor. Nonumy dolor nibh elitr sanctus dolor stet rebum magna labore. Minim ipsum sed vulputate rebum sed. Amet aliquyam no minim sit sit wisi duo ea dolore. Aliquyam et vulputate dolor ex sadipscing et veniam consequat aliquyam qui erat rebum justo dolor lorem. Consequat invidunt delenit rebum lorem dolores at et aliquyam diam dolor nibh amet esse ipsum sit kasd. Labore ipsum kasd nibh labore kasd dolores delenit et magna consectetuer consetetur diam sadipscing dolor ipsum ea augue. Nonumy magna et veniam ut. Et ut nonumy dolor voluptua accusam clita lorem eirmod molestie amet sit. Sit eirmod ea ut qui amet nulla ea erat te et sadipscing at justo esse est et duo. Voluptua sed lorem stet sed vel sed sed nonumy ullamcorper dolor. Takimata dolor at erat nobis vero amet magna magna diam lorem dolor takimata. Gubergren ut ipsum sit ea dolor justo takimata at labore. Aliquam tempor ullamcorper sed amet. Dolor volutpat ipsum praesent at. Eirmod et feugiat. Tempor invidunt et.\nTakimata iriure molestie takimata at duis. Dolore eos praesent et facer et et tempor tation volutpat vel lorem nonummy no et et labore. Rebum clita dolore sed et accusam sanctus eu takimata ad et duo ut consetetur dolor molestie dolor dolor. Volutpat amet lorem. Dolor esse nobis ut hendrerit. Adipiscing soluta sed lorem eirmod quis amet kasd vero sed. Invidunt eos gubergren lorem nibh esse ipsum gubergren dolor consetetur sanctus et et consectetuer lorem no dolore. Elitr et tempor. Eos diam kasd commodo consequat illum et rebum eos. Diam ipsum erat odio rebum eos amet sit lorem at diam. Diam sea kasd blandit et dolor nam et eu takimata gubergren. Vel justo eros dolore est adipiscing facilisis nonumy accusam. Ut rebum eirmod justo erat no nonumy amet. Sit erat facilisi. Wisi consequat feugiat sit eleifend. Qui rebum labore sadipscing duis invidunt consetetur ipsum dolores ut et. Amet dolore amet voluptua autem lorem ea laoreet tempor amet consequat diam. Justo sadipscing sea takimata delenit sea magna voluptua consectetuer.\n",
        "publishDate": "2023-11-21T17:17:07.1718536+00:00"
    },
    {
        "id": 30,
        "title": "Book 30",
        "description": "Sit et ut dolore ipsum nulla. Diam sea erat magna amet clita sea ipsum amet diam sed dolore invidunt dolor sanctus nonumy takimata consetetur dolore. Labore dolor hendrerit facer blandit gubergren. Quod augue lobortis dolore et blandit veniam eos et qui elitr ad dolor amet eros no diam ipsum duo. Eleifend clita at ipsum nonumy duo voluptua dolore tempor amet takimata dolor ut. Et takimata in. Sea enim quod rebum et feugait ea amet diam eu doming consetetur rebum facilisi. Dolor hendrerit dolore dolor eirmod consetetur dolor sed in sit hendrerit magna. Et takimata amet velit. Dolor diam justo diam vel at duo est nostrud kasd erat et diam ut duis. Et aliquam sit tempor. Kasd sanctus iusto et sit magna erat lorem erat amet diam gubergren consetetur.\n",
        "pageCount": 3000,
        "excerpt": "Dolore et ipsum nam eirmod eirmod. Diam augue liber justo lorem feugiat sit diam liber amet magna at aliquyam et magna. Ipsum consetetur et labore elit duis wisi stet et elitr ipsum et accusam minim rebum et sed kasd et. Erat ipsum diam illum. Nonumy duis eu sed justo clita et dolor iriure est nostrud gubergren ea nobis clita. Iriure vel clita dolore ipsum et diam et luptatum ut justo dolores accusam erat veniam dolores. Option doming ut dolore ut delenit commodo et. Voluptua eros vel et. At eos tincidunt molestie commodo consequat congue congue justo erat. Duis et quod consequat clita et. Doming in lorem takimata tempor eirmod facilisi tempor diam dolores sed consetetur ea et dolore.\nDiam vel sadipscing stet esse gubergren dolor facilisis illum est sea rebum lorem et ea. Esse diam ut tation iusto dolor sed ea facilisis justo diam consequat vero tation in quis at et. Consequat vero dolor kasd sit. Congue amet erat lorem. Hendrerit ut stet ut augue aliquyam quod praesent erat feugiat ipsum. Et wisi sit lorem. Vero dolore iriure diam ut doming amet ut nonumy sed accumsan at at ut. Et vero diam aliquyam accumsan nonumy no ad et at feugiat takimata magna sit erat delenit eirmod. Aliquyam accusam duis eirmod dolor et takimata nonummy. Nostrud dolor ut est vel enim justo clita. Aliquyam et euismod aliquyam ea et ullamcorper rebum at in invidunt nonumy consetetur et odio amet erat rebum ut. Et sanctus voluptua sed laoreet ea kasd ea dignissim. Te clita labore. Takimata lorem sadipscing. Facilisi dolore facilisis tempor ipsum vulputate doming duis amet ipsum dolore gubergren labore sit blandit invidunt nonumy labore.\nEros aliquyam accumsan vero stet sed diam vero sanctus et vero. Dolor augue nisl soluta magna ut no duo. Voluptua justo facilisi tempor at lorem gubergren diam magna erat voluptua. Nostrud exerci voluptua.\nTakimata takimata te laoreet sed vero veniam option sea accusam minim amet lorem. Elitr sadipscing dolor eleifend kasd dolores. Lorem sed velit veniam vero stet ipsum magna ut diam amet kasd nibh sanctus. Sadipscing sed ex consetetur sadipscing suscipit dolores sed dolor sadipscing imperdiet sea labore amet minim takimata ea voluptua tempor. Ea at takimata labore clita luptatum voluptua qui magna ad eos sed veniam diam amet. Dolor duo vero magna dignissim stet possim accusam eum eirmod ipsum eirmod eros kasd aliquyam dolor in vero invidunt. Et et magna sit facilisis dolores dolor lorem ipsum illum sit at amet vel kasd dolor ipsum nonumy. Ut tempor lorem liber eos dolor eirmod elitr dolore. Nisl sanctus in diam dolore dolor. Dolore kasd tempor eirmod praesent invidunt duo sed elitr ex tempor. Voluptua dolore lorem. Diam volutpat consectetuer consectetuer rebum elitr sadipscing placerat vero consectetuer consequat vel sit diam et justo. Amet dolor et justo ipsum erat no. Tincidunt magna elit amet stet kasd justo facilisi et ipsum commodo et aliquyam. Aliquyam dolores quis stet et diam est ex dolore. Justo ipsum iusto vero sea dolore elitr dolor ipsum eirmod accusam gubergren nonumy elitr.\nFeugiat vero invidunt et suscipit labore lobortis dolor ea tation vero sit lorem velit dolore diam. Est ea autem esse consetetur ea nonumy est ea et sit gubergren ipsum. Voluptua magna lorem duo ipsum diam diam sit labore dolor et. Ea elitr nulla tempor et duo consetetur sadipscing. Diam delenit eleifend. Elitr ut sed no justo nulla quis dolore sit justo. Amet justo labore sit erat ea aliquyam lorem labore invidunt enim ipsum eum nostrud et at et gubergren amet. Est dolores labore magna at stet diam et accusam sed et ea et stet ullamcorper sed. Sadipscing rebum accusam minim te feugiat eos sed diam augue wisi tempor amet amet luptatum velit vero. Dolore ea sed at et at aliquyam et tincidunt tempor erat sea et takimata sit at eos sit. Nihil rebum consectetuer magna kasd tation erat stet facilisis no labore labore et lorem est et. Vulputate duo dolor dolore velit hendrerit elitr clita enim sed aliquyam no et. Velit justo sadipscing sit facilisis magna autem praesent amet et clita blandit iriure invidunt consequat sit. Clita nobis tempor lorem aliquip ipsum clita clita odio vel no.\n",
        "publishDate": "2023-11-20T17:17:07.1719511+00:00"
    },
    {
        "id": 31,
        "title": "Book 31",
        "description": "Nonumy aliquam te vero at delenit nulla laoreet et sadipscing consequat. Dolores eleifend et dolores et dolor no est in volutpat takimata et magna ut accusam magna labore. Dignissim takimata hendrerit sea sed takimata no justo nibh takimata tempor tempor est no lobortis diam assum. Elitr consetetur diam mazim amet sanctus sed velit magna ut vero in feugait. Labore consequat aliquam consetetur consectetuer sea vero diam sea lorem sed dolor duo ex. Dolore dolor adipiscing et ut aliquyam sanctus nonumy stet ullamcorper dolore duo magna nibh sit. Invidunt vel vel adipiscing et lobortis sea amet facilisis. Erat et tempor dolores ad takimata nulla diam kasd rebum diam sed accusam vero kasd in quis odio. Diam blandit sanctus nibh et accusam et vero et vero aliquyam invidunt dolor invidunt stet gubergren aliquip accusam. Diam voluptua diam et consetetur. Zzril sea sanctus et dolor stet consetetur facer elitr est quis diam sadipscing kasd magna clita consequat takimata dolor. Sadipscing takimata at in stet iriure eos autem magna voluptua et labore sit hendrerit dolore sit nibh. Et sanctus ut delenit kasd dolore dolor accusam diam gubergren feugiat. Vero molestie sed. Consetetur elitr ut magna tation takimata diam rebum ullamcorper dolores eum nonumy sadipscing et et duo lorem gubergren. Suscipit duo nihil doming consetetur eirmod elitr et sit et ipsum lorem quod. Nonumy doming vulputate consetetur.\n",
        "pageCount": 3100,
        "excerpt": "Et labore est est iriure nam delenit diam vero voluptua clita hendrerit dolores stet qui nonumy ea diam no. Delenit eos consetetur dolore iusto dolores lorem nonumy. Diam sit vero ipsum amet dolores accusam dolor hendrerit ea molestie vero et sed. Et nonumy et magna vero. Aliquyam sanctus ut sadipscing justo ea. Sadipscing et sed lobortis lorem nulla vel magna eirmod nonumy et doming dolores voluptua iusto dolore sanctus. Option delenit ut nostrud kasd magna qui accusam lorem feugiat. Justo est vel amet consetetur ipsum no tempor rebum dolor at feugiat nonumy dolore sit vel aliquip. Vero dolor eos ipsum vel. Eirmod justo et sanctus diam. Eirmod accusam et diam. Invidunt sit sit nonumy et eos consetetur elitr. Vero ipsum justo nonummy gubergren. Amet no augue diam sit voluptua ipsum accumsan clita no et ea sed gubergren nonumy est zzril ipsum gubergren. Ipsum elitr amet dolor gubergren erat est. Eum nonumy duo et ea. Lorem et at voluptua suscipit suscipit accusam accusam duo rebum ipsum quis molestie ipsum. Sit labore dolore consetetur zzril diam sed dolore minim erat et. Tempor consetetur et diam erat labore sed aliquyam et erat eirmod takimata in dolore sea takimata eirmod eirmod.\nSea tempor sadipscing sanctus dolor magna consequat eos rebum nulla stet dolor. Possim ea diam clita vero eos voluptua voluptua elitr erat accumsan nonumy sit vel voluptua. Et magna aliquyam consequat sea sit sit sit. Elitr autem ut nonumy et sadipscing. Sed eirmod est et eirmod enim ea no nonumy takimata ea takimata ipsum gubergren ut rebum et erat magna. Illum vel clita consetetur ea voluptua. Magna voluptua dignissim dolores dolor ut nulla eirmod ut. Lorem invidunt tempor ullamcorper lorem amet sit aliquyam eros dolores. At dolor magna dolor kasd diam kasd nulla dolor kasd tempor vero et et amet ipsum accumsan ipsum diam. Sed sit labore odio ea vero erat erat eirmod. Dolor elitr in molestie nulla takimata magna magna vero sit.\nVel ut illum rebum. Nibh ipsum sed sed dolore volutpat et illum amet duo feugiat. Duo kasd invidunt accusam labore. Autem ea sit quod et facilisis nulla at consetetur labore dolore duis et invidunt takimata erat odio at aliquyam. Ea diam et lorem quis sea aliquyam ipsum sanctus ut. Esse augue nisl diam dolor amet dolore dolor stet blandit sea ut iusto lorem sit invidunt dolor gubergren nonumy. Sed gubergren aliquam lorem nonumy amet ipsum aliquyam duo volutpat aliquyam duo. Gubergren sed accusam dolore. No erat velit kasd labore. Takimata congue et. Volutpat eirmod esse lorem praesent. Sit diam amet tation labore dolore ipsum dolor sed.\nDiam dolore stet dolor vero in in dolor consetetur duo. Diam cum elitr laoreet erat lorem magna veniam dolor quis labore eos dolor. Diam lorem clita liber voluptua lorem sit eirmod amet dolores magna dolor magna mazim. Erat sit iriure sadipscing stet ut nostrud magna consetetur eum. Ipsum rebum labore erat vero justo et et ipsum. Diam magna gubergren amet sit lobortis no at gubergren voluptua. Eirmod dolor duis accumsan. Hendrerit et erat vel.\nStet vero ipsum tempor nisl et tation. Invidunt suscipit te at et tempor at duis rebum consetetur amet sanctus duo. Feugait et stet ipsum diam consectetuer aliquyam et invidunt magna eu diam justo. Sit autem lorem diam. Commodo invidunt sed erat diam labore est praesent voluptua velit ut clita. Et nulla veniam dolore et ut sed erat amet.\n",
        "publishDate": "2023-11-19T17:17:07.1720461+00:00"
    },
    {
        "id": 32,
        "title": "Book 32",
        "description": "Consequat et hendrerit velit kasd kasd wisi dolore ut facilisi justo consetetur dolore molestie consequat. Amet magna lorem dolore ut kasd et eros et dolor justo no ipsum duis est ipsum ut et consequat. Facilisis amet justo luptatum vero nonumy vel. Ex erat stet erat. Ea diam erat dolor diam. Dolor diam clita ea justo et takimata molestie velit accusam accusam elitr magna accusam dolor at vel aliquyam accusam. Est ea takimata voluptua consectetuer labore sed aliquyam esse accusam vero vel. Invidunt et mazim et iusto sit diam sit mazim. Nam nibh rebum ipsum at sit sea rebum amet at facilisi aliquyam accusam et molestie dolor ut aliquam duo.\n",
        "pageCount": 3200,
        "excerpt": "Dolor invidunt amet amet sanctus. At gubergren erat magna amet dolore takimata blandit ea takimata consequat dolores. Aliquyam facilisis eos gubergren ut est at laoreet erat at gubergren in.\nDiam consetetur in minim ipsum justo sadipscing dolor tempor accusam. Et eu aliquyam et at nonumy dolore ipsum congue duo. Diam sed zzril nonumy sea lorem sit ut diam sed justo eirmod. No accusam consetetur illum dolor amet consequat et dolor dolore ea vero amet ipsum accusam invidunt ut tempor justo. Augue et dolores stet rebum sed in sanctus labore takimata aliquam sit. Clita clita aliquam amet. Est lobortis esse assum nonumy amet dolor et at.\nMolestie clita lorem amet aliquyam diam aliquyam eos dolore justo sanctus. Elitr tempor diam diam dolor no accusam sed clita. Voluptua duis elit tempor gubergren magna justo sit autem rebum consequat option duo consequat et sit consectetuer. Sanctus dolor stet euismod lorem. Magna eleifend clita dolor.\nAt kasd nonumy consetetur euismod nonumy dolor. Amet sea sit justo accusam sadipscing eirmod sadipscing assum lorem. Clita feugiat ad ut diam diam dolore. Et et vero justo molestie vero stet iusto in consetetur at et at. Nonumy augue dolores sit consetetur tation eos diam tempor stet vel sed voluptua est kasd tation et et. Eirmod kasd dolores. Assum dolor amet sea lorem dolore volutpat stet nulla et. In ea sit tempor et est sed erat eirmod delenit eos sit autem no kasd ea nonumy sed no. Duo eos clita sed volutpat lorem. Dolor tincidunt et praesent aliquyam et ea dolor dolor at iusto sit sea iriure. Facilisis et ut aliquip ipsum amet eum labore nonumy et duo consetetur sadipscing. Esse et no labore vulputate gubergren tempor. Dolor blandit accusam blandit iriure ea diam nam sed sit sit sit sed sed. Dolores sit et sed quod ad amet accusam amet accusam diam facilisis ipsum. Et justo clita.\nEos stet et congue eirmod euismod consetetur consequat illum gubergren rebum voluptua no. Nostrud hendrerit et nulla magna exerci volutpat dolor dolor est vel ut takimata. In at dolore gubergren ut dolore dolor blandit odio accusam kasd elit duis et sed iusto. Amet et aliquyam veniam accusam dolore diam diam ut et et et tincidunt sit ipsum sanctus. Sea suscipit invidunt diam te nonummy sit sed. Adipiscing stet gubergren clita aliquip lorem consetetur assum ut dolore tempor te et consetetur laoreet placerat duis takimata sit. Magna magna hendrerit clita sea no diam et dolor. Te labore qui amet aliquam nulla accusam veniam est dolores. Invidunt dolores et aliquyam dolor cum dolore delenit. Rebum et lorem ut diam kasd. Est lorem eum diam eos vulputate lorem possim elitr at labore consetetur takimata magna ut ipsum sed. Erat lorem dignissim eos. Eos illum nisl sit. Diam ut sit consetetur exerci feugait et sea. Diam et ea volutpat ex ut eos kasd duo sanctus sit quis. Accusam dolor facilisis takimata cum in sadipscing eos clita ut in erat amet tation stet.\n",
        "publishDate": "2023-11-18T17:17:07.1721176+00:00"
    },
    {
        "id": 33,
        "title": "Book 33",
        "description": "Dolore lorem gubergren dolor. Sed stet liber accusam tation eirmod sea dolores luptatum eirmod voluptua est rebum ipsum delenit nobis. Iriure magna lorem vel praesent vero labore sit lorem gubergren diam kasd et sed duo suscipit blandit invidunt feugiat.\n",
        "pageCount": 3300,
        "excerpt": "Aliquyam sanctus et consetetur aliquam nobis et consetetur consetetur ea ipsum dolor. Clita enim vero nulla diam nonumy gubergren justo minim diam lorem sit diam ipsum takimata kasd. Clita dolore magna mazim minim voluptua nonumy blandit lorem elitr duo. Esse nonumy diam stet sit erat eos. Gubergren laoreet hendrerit lorem ad velit sed kasd dolor diam nisl rebum sed magna ipsum. Eirmod commodo duo diam invidunt sanctus dolore minim ea sed velit enim ea tempor at. Dolores dolor nisl et diam sed erat voluptua ipsum consetetur vero assum eirmod est vel takimata. Sea voluptua dolore eu ut lorem lorem erat kasd eirmod dolore augue eu aliquyam. Lorem dolores magna magna sit magna sed kasd et sadipscing. Sadipscing dolore elitr sadipscing kasd congue magna vero takimata amet mazim accumsan eu lorem amet. Erat nonumy vero dolor. Sed sit molestie dolore takimata volutpat dolore amet blandit. Sed invidunt sed takimata voluptua diam.\nMolestie magna est eos sit elit. Commodo kasd dolor sanctus kasd accusam kasd dolor molestie sed. Facilisis accusam eirmod dolore et sed justo facilisis ipsum magna lorem. Amet facilisi kasd sit diam wisi amet. Est lorem kasd sed invidunt et diam sanctus consetetur et eirmod at duis sanctus. Kasd nulla ipsum erat voluptua. Dolor gubergren tempor id laoreet ipsum et sit consetetur accusam eleifend est ut erat laoreet erat no aliquyam. Facilisi ut vel magna adipiscing facilisis magna labore augue lorem tempor ea invidunt takimata elitr dignissim nisl vero et. Aliquyam vero ipsum blandit doming takimata accusam. Imperdiet sanctus nobis delenit at elitr lorem soluta. Esse eirmod magna iriure. Qui sit facilisi odio rebum minim voluptua. Et sanctus diam dolores laoreet eu diam dolores est sea hendrerit. Eros at dolores eos consetetur sed et dolore accusam accusam invidunt dolor diam. Nonumy assum clita vero sadipscing eos sit eirmod.\nAliquam sea commodo lorem in et magna gubergren eos est tempor stet duo molestie diam vel. Tempor sit nonummy aliquam at kasd. Sed vero est erat et et ipsum aliquam ut tempor justo vel kasd et ipsum tempor diam voluptua erat. Euismod voluptua consequat imperdiet vel voluptua nostrud delenit justo gubergren te vel sit hendrerit doming nisl sed. Tation lorem ipsum duo. Ad ea feugait vero amet nonumy ea ipsum in aliquyam te lorem. Magna nulla amet sed euismod eirmod diam voluptua gubergren accusam ipsum. Nonumy stet no takimata labore at dolore erat dolores est. Et dolor dolore quis tempor est sit dolor invidunt sed. Dolore et duo vel duis augue amet dolor diam sadipscing et tempor vero no sanctus eu consetetur est. Et ut et amet clita nonumy feugait dolor illum accusam no eirmod nisl sadipscing sit illum facilisi iusto. Dolor ut et ea ipsum aliquyam dolores ea diam luptatum stet.\nDolor at takimata gubergren sit euismod takimata iriure. Ut sit eos aliquyam nonumy ut. Sed dolor labore at amet sea voluptua nam. Praesent et diam. Amet nulla et. Wisi sed sed invidunt diam sit dolore luptatum qui quod. Tempor dolores duo ea amet et lorem eirmod delenit zzril eum. Lorem sit diam et. Erat et accusam est. Dolore aliquyam et sea hendrerit at amet dolor gubergren diam consectetuer laoreet justo dolor. Voluptua diam iusto dolor elitr at et eirmod aliquip.\nDolor erat dolore consequat ipsum eos facilisis consetetur labore iusto et elitr at eos tempor clita sanctus. At elitr amet tempor dolore at ipsum et et nihil. Amet elitr ea imperdiet. Nihil accusam accusam takimata sanctus gubergren kasd et justo. Sadipscing labore consetetur eum. Stet doming ipsum voluptua tempor duo no exerci at et luptatum consequat dolores sadipscing et. Duo ea ut voluptua dolor sed lorem et ea erat et justo sadipscing. Ex eirmod et sadipscing tempor nonumy nonumy. No diam eirmod no delenit. Imperdiet magna iriure diam labore minim vero ipsum no consequat sit. Imperdiet diam kasd diam sadipscing possim ipsum nulla ipsum ad. Sea sanctus sit no rebum sanctus sit aliquam in tincidunt vel nulla sed ipsum erat ut magna sea et.\n",
        "publishDate": "2023-11-17T17:17:07.1722012+00:00"
    },
    {
        "id": 34,
        "title": "Book 34",
        "description": "Velit et tation. Quis justo vel. Euismod diam sed labore tation invidunt in velit. Nonummy dolor clita ipsum clita clita ipsum erat labore eos rebum tempor accusam ea illum duo diam tempor. Ipsum duis illum tempor et takimata ut lorem ut nonummy illum. Labore magna sed clita justo amet nonumy tincidunt cum. Consequat dolor dolor illum stet lorem no sed dolore illum. Sit lorem accumsan dolor sea commodo sed dolore. Duo illum ea et et sea quod sit minim et tempor id lorem amet. Est exerci autem consetetur dolor. Diam stet sit magna et diam eirmod et ut sit lorem magna consetetur ipsum dolores eum. No velit facilisis ut duo amet consequat vero sit exerci dolor sed ipsum lorem. Duis magna duis erat ea hendrerit dolor illum est aliquam invidunt dolore labore duis nibh sed erat. Sit vulputate est velit mazim takimata stet dolore takimata te tempor nulla vero. Ipsum amet sit aliquyam. Stet at zzril aliquyam tempor takimata dolore consequat ea voluptua sed commodo dolores ea consetetur molestie.\n",
        "pageCount": 3400,
        "excerpt": "Rebum nam diam. Vel labore consetetur consetetur diam stet ipsum aliquyam dignissim sit option. Molestie et cum dolore. Diam feugait vero sed sit. Sadipscing et minim aliquyam clita sea te lorem placerat tempor est clita nonummy amet. Magna et option laoreet accumsan et dolor justo ea lobortis labore sed aliquyam invidunt dolor clita. Et nam sit. Et et eum sanctus voluptua no sea kasd facilisis in et sed autem aliquyam in sed sea odio erat. Blandit rebum at. Et delenit duo id at voluptua sed vero sadipscing voluptua ipsum invidunt ipsum dolores delenit voluptua. No justo aliquyam kasd amet ex sanctus euismod illum accusam delenit diam gubergren eos justo te consetetur hendrerit. Diam illum invidunt blandit sit duis luptatum et magna lorem at sed sea ipsum. Consetetur consetetur kasd elitr. Ea clita et. Est sanctus delenit consequat consequat vel dolor nonummy dolore ipsum ea feugiat invidunt dolor erat. Ipsum sed no voluptua in magna facilisi laoreet rebum aliquyam sed amet dolor.\nErat clita dolor clita exerci justo et amet justo dolor luptatum aliquyam iusto soluta eirmod justo. Eirmod veniam feugiat. Erat autem minim at tempor nonumy et placerat sanctus vel at eos nonumy nonumy et sed vero esse sadipscing. No sanctus iriure sed sit et eos delenit consetetur et sit aliquam sed sadipscing sadipscing quis. Invidunt lorem no diam amet eum amet sed sanctus labore rebum aliquyam no molestie euismod accusam sit duis. Tempor molestie vero esse et odio erat eos in dolore kasd. Stet tincidunt et tempor adipiscing stet ut magna consetetur duis aliquip amet qui no qui ut nulla sea. Enim rebum duis nonummy vel stet in commodo at dolor facilisi tincidunt et suscipit aliquyam dolor. Sadipscing labore sadipscing exerci et ut accusam suscipit dolore. Feugiat takimata tempor duis dolore velit clita. Consequat molestie dolor accusam sed magna.\nDolores tempor accusam amet lorem lorem sea sit elitr aliquyam. Vero in dolor et duo veniam et iusto in eirmod et sit nonumy blandit et aliquam dolor. Et gubergren vel at elitr amet et amet et. Sit ipsum sed aliquip magna labore quod amet blandit no erat eu sea exerci. Et dolor diam et et. Eros elitr nonumy et accusam sit amet duo vel at. Nonumy et diam nulla sed zzril et amet voluptua vero et laoreet consequat dolore invidunt vero. Luptatum ipsum feugiat duo dolores clita accumsan euismod vel lorem consetetur accusam sanctus amet et ipsum. Amet volutpat justo. Sed kasd at labore diam et sanctus luptatum elitr consetetur ut consetetur lobortis praesent facilisis stet magna. Sadipscing et dolores clita et et sed justo dolore lorem nonumy sit kasd option est. Possim et ipsum ut voluptua elitr labore at sadipscing vulputate feugait vero accusam sed no magna option et.\nDuo ea amet ipsum diam accusam tempor sanctus dolore voluptua et tempor nonumy sanctus. Accumsan eu duis ut amet dolore voluptua et consetetur dolor dolor dolore lorem suscipit molestie labore possim. Dolor aliquyam at hendrerit sit rebum est est sed dolore velit nonumy nonumy esse rebum et. Erat ipsum suscipit clita lorem te consetetur sanctus nonumy. Diam labore dolore diam elitr sit dolores tempor tempor odio lorem sed gubergren eu amet lorem consetetur ea. Vero ipsum dolores eirmod vero diam dolore labore voluptua volutpat lorem dolore. Veniam gubergren et accusam sit accusam amet duis sanctus vel ut aliquyam et dolores. Voluptua amet lorem et kasd vel zzril dolore voluptua et. Et sed sed sea esse vulputate takimata et vel takimata quis invidunt no vero facilisi elitr dolor clita. Vero ut diam doming no no duo accusam justo congue kasd ut diam tation eirmod labore. Labore dolore sit magna et amet. Vel magna autem sed sadipscing lorem elitr dolore sed diam amet. Feugiat delenit et eu dolore ex takimata sed nonumy vero ut vel accusam. Est nulla qui et ipsum nisl.\nIpsum iriure rebum dolore dolore lorem ut ipsum. Ut eos sanctus nisl lorem aliquyam. Vel sit rebum est tation. Sit dolor invidunt dignissim ipsum molestie nostrud clita duis magna ut takimata et. Duo at sea sed vel gubergren ex consequat dolore autem. Consectetuer dolor ipsum accusam ipsum sea sea ipsum quod et dolores nostrud voluptua amet. Vel nibh sanctus sadipscing labore sit labore ut ipsum wisi diam et lorem ut vero facilisis. Et magna erat tempor at sanctus dolor et takimata sea elitr gubergren consectetuer dolores dolore nostrud nihil. Accusam gubergren vel autem elitr ipsum et est. Autem ut sea autem wisi lorem no tempor. Et ut gubergren eirmod sit. Rebum aliquyam magna duis magna dolores ullamcorper. Lorem doming ipsum illum consetetur diam eos et facilisis accusam ut kasd. Amet consetetur facilisi nonumy hendrerit ipsum tempor in duis nulla dolore zzril diam magna iusto. Aliquyam sadipscing justo sea et dolores eirmod luptatum et amet gubergren in tempor.\n",
        "publishDate": "2023-11-16T17:17:07.1723124+00:00"
    },
    {
        "id": 35,
        "title": "Book 35",
        "description": "Lorem ea duo delenit. Dolor takimata velit. Erat sed erat magna accusam et duo sit sit amet ex eum sit qui lorem amet eos sed. Sadipscing lorem ut lorem eirmod diam erat rebum eros esse vero voluptua eos. Et hendrerit dolore eos sed sit. Et rebum dolor. Vero sanctus sea adipiscing qui magna et ex dignissim. Ea ipsum nisl diam diam elitr et hendrerit dolore no nisl feugiat sea. Elitr eirmod kasd zzril delenit accusam diam diam. Eu dolor imperdiet accusam nulla sea. Odio consetetur dolore voluptua nonumy vulputate eos kasd amet lorem consetetur takimata. Elit rebum ea lorem kasd takimata magna. Takimata invidunt duo et vero at nonumy dolore.\n",
        "pageCount": 3500,
        "excerpt": "No illum voluptua et dolor. Aliquip takimata dolor delenit amet duo consetetur diam molestie ut kasd dolores dolore sadipscing nonumy et voluptua. Congue exerci duo sanctus no option et. Tempor vel dolor magna laoreet no amet justo. No est illum dolor. Tation sed eu adipiscing elitr. Nibh clita dolore invidunt sea amet eos velit vero autem sadipscing magna diam vero sit clita gubergren rebum. Vero et at diam magna dolores voluptua sanctus facilisi dolor. Ut augue lobortis kasd gubergren consectetuer ea congue nulla ea. Stet ea facilisis luptatum lorem ipsum lorem diam rebum aliquyam dolores justo qui takimata dolor dolor. Justo eu nonumy et. Eum eirmod nihil stet.\nIriure erat kasd ut ut eirmod dolor ad vel ipsum dolor vero invidunt. Dolore zzril in autem ipsum lorem sea velit nihil nibh dolor diam et et vulputate nonumy lorem. Duo eirmod et nobis justo praesent dolores nulla lorem facilisi eirmod et et. Ipsum ipsum no dolore feugiat dolor gubergren magna takimata sanctus illum.\nAt justo magna voluptua nibh gubergren facilisis nonumy dolor rebum lorem consequat eos at vero amet. Accusam vero suscipit laoreet facilisi dolores stet est exerci ipsum dolore invidunt ex. Et dolor magna hendrerit. Accumsan adipiscing takimata stet augue diam. Et diam cum sea iriure consequat magna eirmod elit gubergren nibh. Sit ipsum duo velit justo sea sit dolor. Ut luptatum id quis sit dolor voluptua eirmod amet sed amet gubergren. Tempor cum dolor duis at feugait ipsum stet erat vero consetetur sed no takimata facilisi elitr. Sanctus luptatum tempor sed takimata kasd no. In sea sanctus et sit lorem illum amet dolore dolor consequat dolor eirmod. Labore eum ipsum et mazim sit sed quis possim nisl sit. Eos duis erat sit et in. Gubergren tempor justo adipiscing magna. Sea clita kasd consetetur magna elitr diam justo no nonumy takimata nonumy sit eirmod takimata assum magna justo magna. Vero sadipscing ut et invidunt dolore sed sea accusam quis ipsum clita et amet. Nonumy adipiscing et elitr amet takimata.\nDuo et sea justo eirmod invidunt facilisis sanctus eleifend rebum sed aliquam luptatum diam. Sea placerat sit magna lorem dolores voluptua dolor sit takimata esse ex takimata autem autem. Sed rebum facilisis dolores sit sed accusam iusto et at ex accusam autem sadipscing in. Amet stet ut sit consetetur te clita aliquyam voluptua takimata sed stet dolore sit iusto sea est eirmod duo. Invidunt kasd sadipscing aliquyam ut erat sadipscing. Augue est option takimata. Tempor sadipscing dignissim exerci feugait et duo dolor autem sed. Eirmod no eirmod vulputate ea imperdiet kasd no id eu ipsum sit diam amet et ea dolor. Sit accusam sadipscing ut dolor aliquyam takimata ipsum praesent erat dolor lorem accusam nonumy justo. Sed dolore diam consequat diam dolor iusto ipsum clita dolores tation elitr in rebum at sit. Ea wisi et sit ex amet no sed consequat. Tempor tempor amet.\nMagna clita lorem ut at. Et et amet dolore ipsum eu facer. Sadipscing eirmod sit sed rebum in facilisi lorem ipsum. Feugiat magna lorem et eos ut diam ea takimata autem kasd magna diam sanctus. Invidunt et amet et lorem rebum ut tempor lorem elitr et invidunt sit ea aliquyam dolor. Consectetuer magna takimata tempor.\n",
        "publishDate": "2023-11-15T17:17:07.172392+00:00"
    },
    {
        "id": 36,
        "title": "Book 36",
        "description": "Sadipscing ipsum ut eirmod eos elitr eos sea sed nonummy ipsum sed. Et erat ipsum elitr ea ad est dolore illum elit diam stet consectetuer duis sed dolores erat eos lorem. Nonumy ullamcorper est magna voluptua kasd vel voluptua magna sed vero commodo vulputate magna gubergren ipsum adipiscing takimata. Rebum est amet dolore option consetetur amet molestie rebum nostrud sadipscing ad. Lorem dolor ut justo vero ea ut ipsum justo sed sit autem consetetur. Labore lorem vel nonummy dolore et et ut et at voluptua.\n",
        "pageCount": 3600,
        "excerpt": "Voluptua vero aliquyam. Labore dolores sadipscing congue adipiscing magna elitr sed et sed takimata eum voluptua kasd sed accusam. Et dolor erat ut kasd te quis. Praesent accusam in dolore veniam diam. Eirmod nulla stet eu duo clita labore vero quod option adipiscing magna ea eos sadipscing soluta. Ut est no sanctus ut rebum diam accusam eleifend duis dolores diam eirmod erat. Aliquam clita takimata magna magna ea eirmod lorem dolore consetetur lorem tempor consetetur. Dolor gubergren vero esse lorem vel consetetur magna. Molestie consequat dignissim gubergren vel stet dolores et amet lorem eirmod sed lorem. Sit accusam dolor dolor aliquip gubergren augue magna diam dolores. Est sea vero dolor et vel sed labore. Accusam delenit kasd ut dolore et ea gubergren gubergren ut kasd ut. Amet sed nobis dolor lorem sadipscing et ullamcorper sanctus eos. Duis nibh nonumy invidunt dolore kasd. At sed quis doming sit.\nAmet at doming dolor. Sed lorem nonummy. Minim duo qui magna consectetuer lorem sit autem ipsum iriure elitr velit sed. Quis facilisis ad stet lorem diam. Ea voluptua sea sed. Duo consetetur et labore erat clita sed erat sit. Adipiscing eu sea sadipscing. Aliquyam erat no dolor ut. At ut vero invidunt ea dolor duis suscipit consetetur sed kasd. No magna sea voluptua stet quis. Volutpat sed eos cum. Eirmod sanctus sed eirmod dolor tempor duo vulputate sadipscing et sadipscing takimata sed sed stet gubergren. Voluptua duo sit et laoreet ipsum erat eu lorem.\nDolore vel vero ut ex sed dolor gubergren elitr duis tation diam eos erat gubergren. Tempor dolore sanctus et ea. Elitr qui sanctus et stet elit et. Aliquyam sadipscing et esse tempor diam amet elitr no takimata nulla ipsum sit stet. Kasd clita et magna nulla elitr amet exerci labore ea et feugait diam ipsum.\nFacer ipsum sed vero ea tempor. Justo dolor nibh erat eos suscipit vero kasd justo. Amet vel takimata veniam. Duo takimata nonumy amet ut vero et enim nonumy. Dolor diam tempor qui. Vulputate accusam et doming dolor consequat sed. Sed sanctus diam esse dolor aliquyam nonumy lorem et lorem diam dolores et duo et ipsum clita. Illum est labore. Nonummy ipsum sed sadipscing nonumy diam illum. Ad dolor nonumy stet veniam consetetur accumsan ea et ipsum sit diam et erat. Et consetetur et. Et et lorem facilisis vero.\nVel sed clita iusto laoreet nonumy et et aliquip esse clita sit voluptua sanctus sit te. Magna ipsum consetetur invidunt delenit possim elitr ipsum sit aliquam clita ea enim. Et labore sadipscing nulla eu invidunt dolor clita est et ea sit. Et elitr enim sit amet tation accumsan dolor dolor gubergren dolore ipsum accusam et takimata. In sea sed et amet sit duo labore gubergren stet lorem elitr. Lorem vero possim invidunt erat et eos. Odio adipiscing eros sadipscing feugait eu consequat. Diam clita ipsum eros molestie lorem clita eirmod ad sadipscing at takimata illum sed consectetuer ipsum et. Nisl sadipscing exerci adipiscing diam ex ipsum aliquam et sed dignissim in vulputate consectetuer dolores sanctus duis. Ex minim magna amet clita dolore eos eirmod consetetur. Justo nonummy ipsum ut gubergren illum erat tempor. Sit et et nulla amet aliquyam hendrerit commodo esse ipsum clita sed. Stet sit odio dolor dolor qui dolore no suscipit consequat nam. Et takimata nonumy ipsum aliquyam sed lorem eos dolor amet delenit erat. Magna ut vulputate wisi ut ut aliquip nulla autem dolor sed dolor sadipscing duo consetetur sit at veniam. Ea accusam consectetuer sanctus ut tempor takimata sea sea dolores labore duo amet mazim feugiat.\n",
        "publishDate": "2023-11-14T17:17:07.1724725+00:00"
    },
    {
        "id": 37,
        "title": "Book 37",
        "description": "Et laoreet ut aliquam sanctus kasd illum sanctus ipsum amet liber consetetur gubergren sed dolores labore nonumy stet. Magna rebum diam. Sanctus diam eum kasd zzril amet diam sed ea ut sit hendrerit duo tempor amet gubergren kasd dolor. Tempor no stet rebum dolor assum consectetuer et. Aliquyam dolor invidunt labore invidunt te sit sadipscing nulla lorem ut est sea sit ipsum gubergren sed sea lorem. Sed invidunt voluptua erat stet. Magna diam ad autem facer rebum et justo dolor sadipscing ipsum sed ipsum takimata eros in rebum. Et iriure amet suscipit zzril ipsum duo magna sit accusam veniam consetetur zzril sanctus et et tempor. Autem invidunt sed accusam diam nonumy ipsum erat kasd tempor est sadipscing accusam tempor eirmod. Stet dolor no ea consetetur feugait clita. Dolor stet voluptua lorem sed sadipscing takimata tempor justo in sadipscing erat dolores sed. Sanctus accusam ea elitr facilisis voluptua feugait sit. Sanctus et elitr molestie at eos gubergren nonumy vero. In dolor sit duis ut duo commodo duo eos duis sadipscing gubergren dolor ex duis ipsum sadipscing voluptua praesent. Labore lorem stet dolor dolore kasd amet vulputate stet dolor facilisis lorem.\n",
        "pageCount": 3700,
        "excerpt": "Ut amet gubergren eos et vero. Elitr dignissim amet nonummy nulla duo sea sed et nulla vel in nibh duo sanctus. Consetetur dolor placerat justo clita lorem diam et eirmod sanctus. Labore commodo elitr accusam sadipscing eum dolores sed dolores amet takimata vel sadipscing eros doming sed sit. Vel imperdiet aliquyam augue adipiscing. Liber consetetur aliquyam eirmod ipsum id ad facilisi euismod et eos takimata erat feugait gubergren dolor gubergren diam nonumy. Tempor amet nihil sadipscing molestie ex te gubergren euismod diam dolores diam accusam voluptua molestie amet est. Vero sed at. Kasd eos et stet amet in duo esse tempor lorem vero consetetur sed. Nonummy sit lorem tempor lorem ullamcorper dolores sit. Et lorem ipsum sadipscing gubergren elitr sit et eu. Et nonumy at ipsum stet nonumy ipsum eros diam elitr rebum ea te. Erat eirmod elitr no. Mazim sed et rebum cum eirmod et sadipscing dolore sea hendrerit vero et. Sit eos magna aliquyam placerat et dolore vel. Diam magna accumsan duo nulla lorem stet. Amet eirmod labore. Ipsum diam et et dolores magna sit dolor ea et erat magna elitr te vel ipsum.\nSoluta liber gubergren autem takimata no sed accusam magna est justo ut nulla. Magna erat ipsum labore sanctus volutpat sed doming ut sadipscing. Euismod est sed gubergren dolore at ea vero option ut ipsum ipsum laoreet duo dolores consetetur rebum. Sed vel erat et stet lorem et kasd gubergren elitr eleifend erat takimata. Blandit duo sit lorem blandit te est. Laoreet amet consetetur labore dolor accusam takimata dolore est aliquam. Accusam sadipscing at at accusam elitr sed tempor et duo laoreet sadipscing et quis. Nibh elitr eirmod magna consetetur et justo magna. Vero delenit erat sit molestie dolor tincidunt eirmod diam invidunt invidunt hendrerit sit velit at erat. Tincidunt labore diam lorem dolor nulla diam vulputate gubergren. Amet accumsan stet lorem vel. Gubergren est at stet magna dolores justo. Labore et dolore elitr ut et soluta illum ipsum esse ipsum. Tempor dolore est et et diam sed est dolor ipsum vel dolore sit. Dolore ipsum amet ea suscipit takimata rebum duo illum suscipit no ipsum est elitr magna dolore iusto at takimata. At clita sit nisl vero et diam ipsum nostrud invidunt et praesent in. Magna amet dolore tempor erat. Dolore justo feugiat lorem rebum sadipscing ut.\nConsequat ut lobortis at praesent eirmod vero dolor zzril quis. Sit dolor sed autem. At nisl ipsum kasd magna sit qui amet lorem sit sanctus. Sit ipsum magna sea et velit erat sed consetetur elitr vero molestie euismod feugiat dolores. Dolore diam invidunt sed et sit takimata molestie tempor. Feugiat consequat takimata sed. Accusam illum voluptua sit voluptua diam nulla minim clita clita lorem. Consequat eu erat ex labore labore vero stet no gubergren sed magna nonumy kasd erat accusam. Et nulla tempor ut et ipsum sanctus amet commodo diam dolores dolor consetetur at. Vel ut eos nonumy sea diam. Lorem et ea invidunt kasd nisl consetetur clita at duo molestie et ex kasd labore nonummy dolores eu. Diam ut tempor takimata accusam et volutpat clita commodo dolor elitr sanctus stet diam invidunt ea. Aliquip magna sadipscing volutpat est tempor erat et lorem eos nulla aliquam enim eos takimata tincidunt duo sit. Et sed feugait et sea elitr sanctus et clita erat magna erat lorem et aliquyam erat aliquip. Lorem et ipsum sit sed velit et sed exerci eirmod amet ut sit sit. Sadipscing nibh sed sea veniam duo stet consetetur dolor kasd nam et dolore nulla blandit molestie consetetur. At lorem justo amet voluptua ut elitr duis aliquyam veniam diam iriure ut dolore diam. Eos takimata invidunt est sadipscing erat at vulputate magna ut nisl clita delenit aliquam no erat takimata. Et magna et feugiat eleifend at dolor ipsum takimata sed lorem est voluptua velit nisl ipsum est feugiat.\nConsetetur sanctus sed rebum at. Zzril accusam rebum. Odio vulputate velit accusam gubergren. Nonumy at nulla in et erat clita quis molestie. Gubergren facilisis autem et lorem ea eos dolores. Ea sed sed. Feugait sed delenit ut. Diam dolor eirmod diam sed gubergren rebum erat vel et. Lorem iriure congue. Amet magna invidunt at soluta nulla diam rebum ea sit nulla. Dolore erat labore facilisis invidunt gubergren. Amet invidunt sea placerat amet velit ea justo nulla dolor. Accusam lorem sea duo clita eu elitr vero ex et odio dolore et velit dolores eirmod. Et consequat clita quis vulputate aliquyam et aliquyam duo nulla invidunt consectetuer molestie kasd quis dolores tempor. Voluptua sed ipsum iusto magna invidunt. Tincidunt praesent diam elit sea est dolor dolor et diam erat ut cum no vero amet consetetur consetetur et.\nStet est aliquyam est et ut takimata ut labore nulla. Voluptua eum ipsum. Eirmod vulputate dolore nisl duo gubergren justo accusam magna. Aliquip dolor ipsum et ipsum diam duo aliquyam eu erat diam zzril stet at duo amet. Illum eleifend et no takimata et doming. Et labore invidunt nonumy justo amet vel ipsum diam eleifend et est elitr no eum amet sit dolores dolor. In sanctus odio invidunt placerat. Et hendrerit dolore est id ipsum at amet eleifend at.\n",
        "publishDate": "2023-11-13T17:17:07.1725979+00:00"
    },
    {
        "id": 38,
        "title": "Book 38",
        "description": "Takimata vel sadipscing dolore nonumy mazim lorem takimata dolor lorem justo accusam rebum vulputate ea et. Kasd feugiat amet et feugiat at no consequat duo takimata amet augue dolor. Ipsum at ipsum kasd ut in eos. Erat odio esse diam lorem ut clita sed justo eirmod luptatum amet hendrerit dolor sit no no gubergren. Dolores lorem ipsum congue diam accusam. Commodo et sadipscing nulla dolores dolore nonummy eos cum. Aliquyam nibh voluptua at hendrerit iriure tempor magna dolor. Consetetur est exerci sit qui nisl aliquyam takimata blandit quis takimata no justo sadipscing. Justo ipsum diam et dolore dolore et stet in sed dolore labore duo iriure feugait amet dolores erat justo. Duis duis duis amet kasd dolor vel diam sadipscing et et exerci et. Dignissim augue ipsum kasd ipsum lorem diam eros et dolores. Tempor clita sit gubergren kasd diam augue amet. Possim nonumy et consetetur gubergren.\n",
        "pageCount": 3800,
        "excerpt": "Erat et duo takimata sadipscing dolor et voluptua sit duo. Magna justo tempor consequat nulla at facilisis. Nonumy accumsan nonumy. Vel gubergren no tempor. Ea sea tempor dolor volutpat dolores sed at est dolore sed invidunt et et rebum elitr labore luptatum no. Justo kasd sed velit invidunt nibh voluptua et in tempor ipsum ut ea cum euismod. Rebum tation eu et accusam erat justo.\nTempor duo suscipit kasd eirmod dolore veniam amet te tempor tempor justo sit dolore diam dolor ea. Blandit autem consetetur et. No sed erat vero et consetetur nonumy sea tation. Aliquyam lorem nostrud in.\nSanctus tempor nonumy diam sit at ea rebum at hendrerit. Takimata eum dolor. Eirmod lorem amet sit tempor gubergren lobortis diam labore accusam sed dolor quis dolore dolore. Dolor dolor est sit amet est nisl ea dolores gubergren rebum. No et et rebum duo dolore amet illum gubergren consetetur option ipsum dolor voluptua velit. Ut sed sea. Eum consetetur diam tincidunt nonumy facilisis vero. Sit magna iriure sed sit ut justo duo sanctus. Sanctus invidunt magna et diam. Autem duis consetetur justo wisi suscipit eum vero ut.\nDolore eirmod ipsum voluptua kasd ex. Eirmod erat duis dignissim feugait commodo. Diam elitr ullamcorper amet et. Consetetur esse et amet tation et sanctus tempor. Duo tation vero lorem sed tempor eu invidunt eirmod sit lorem kasd amet kasd. Clita sanctus hendrerit. Voluptua rebum et ullamcorper sanctus vel nobis feugiat lorem no diam nonumy amet eum nihil facilisis sadipscing. Gubergren amet justo gubergren nonumy. Ipsum consequat diam lorem amet amet illum nobis invidunt. Clita amet dolor. Consequat vero diam diam elitr facilisis illum in gubergren aliquip vel magna et diam dolor ut tempor ea accumsan. Suscipit tation lorem ea et elitr voluptua consequat est sit illum. Dolores sadipscing sadipscing suscipit est no duo dolore ipsum. Vero consequat ipsum enim duis ea lobortis takimata adipiscing sit aliquyam facilisis gubergren eos clita et. Amet amet ipsum consequat ut et aliquyam consequat dolore sadipscing te clita duo. Elitr minim dolores et dolor ex molestie congue facilisis amet dolore commodo ipsum dolor molestie et dignissim. Et stet sit magna lorem iusto sit luptatum eos magna tempor dolore consetetur nonummy eu elit.\nSadipscing vulputate dolores lorem no tempor accusam eu nonumy voluptua amet dolores amet vero elitr at stet sanctus. Amet voluptua consetetur dolore. Nulla nam exerci sea sanctus dolor labore est labore. Eos amet sit nibh lorem magna kasd et labore at. Diam invidunt rebum aliquyam lorem et vero dolores dolor voluptua lorem in. Ipsum tempor quod delenit amet ipsum sed clita nobis invidunt sit consequat at est. Sit amet ipsum iriure diam. Eirmod accusam autem sed justo blandit sea stet magna et vero invidunt amet sanctus dolores suscipit illum. Rebum vel justo aliquam amet stet luptatum. Duis voluptua et dolor eleifend et tempor ea diam amet amet ut. Invidunt et vero accusam sanctus voluptua sea vero sadipscing. Rebum molestie consetetur kasd. Stet amet at consequat clita vero sed magna est at praesent. Et consequat invidunt dolores te iriure justo consetetur sit ipsum ut nonumy invidunt. Diam ipsum sed odio amet nam sanctus magna dolore veniam sadipscing tempor. Invidunt erat amet assum te labore nonumy feugiat. Sed dolores ipsum sed at eirmod dignissim consequat dolore ipsum et iusto. Tempor justo dolore eu sit dolore sit duo accumsan nulla gubergren tempor et lorem amet gubergren elitr.\n",
        "publishDate": "2023-11-12T17:17:07.1726834+00:00"
    },
    {
        "id": 39,
        "title": "Book 39",
        "description": "Amet duo duis. Et sea nonummy justo clita dolor dolore takimata veniam amet duo elitr dolor et magna sadipscing. Nibh ipsum dolores no suscipit lorem gubergren iusto aliquip. Nonumy amet duo eros sit consetetur ea amet labore. Stet vulputate luptatum sanctus sit sanctus tempor duis ut volutpat diam kasd. Vero in ea autem et dolor lorem erat aliquyam euismod ipsum. Sanctus nulla at amet magna eirmod et sadipscing euismod sed dolor est nonumy elitr. Dolores consetetur consequat labore amet clita facilisis. Vero ipsum duis ipsum odio labore kasd luptatum et dolor et consetetur.\n",
        "pageCount": 3900,
        "excerpt": "Lorem facilisis et et dolores. Consetetur amet sed nisl takimata eu. Clita dolor placerat zzril erat ea no dolor dolore et duo et te dolore sed lorem. Duo ipsum commodo est amet sea feugiat rebum amet exerci blandit tempor no diam sed nonumy dolor duo. Ut consequat sed stet duo gubergren. Sadipscing eirmod ut sed magna dolores. Invidunt ipsum diam aliquyam et duo diam gubergren et soluta tempor nibh et diam est no sed. Amet no kasd esse voluptua ut. Consetetur eum eu quod feugiat. Eum soluta est duo sea feugiat no rebum dolores erat eu sit sea et eos augue dolore. Erat eros feugiat et no labore nonumy diam in magna eirmod nulla. Ut sed ipsum elitr sed kasd accusam luptatum doming clita ipsum dolores aliquyam erat. Vulputate sed eros option autem amet quis dolor feugait ipsum id et aliquyam dolore eirmod diam. Iriure odio ea gubergren gubergren sit. Commodo tincidunt et. Accusam dolore lorem sed gubergren velit no lorem eirmod sea no dolor iusto diam. Exerci soluta erat elitr tempor nam elitr et. Nibh autem sea nulla.\nDolor elitr ut amet elit ipsum lorem. Eos no et lobortis exerci tempor amet vero. Clita aliquyam et clita eirmod et illum eum ipsum. At accusam amet eum magna liber lobortis quis amet et amet nonummy at dolor invidunt. Praesent ea lorem labore justo. Dolor nonumy nam nonumy accusam diam gubergren no tincidunt option feugiat nonumy invidunt nonumy. Nostrud sed ipsum amet voluptua sit soluta dolore hendrerit rebum.\nDolore ad aliquip sit ea hendrerit duis ea voluptua vero sadipscing. Lorem sit sadipscing dolores amet sit esse et. Sed nonumy at dolor labore elitr ad erat diam. Ut sit clita diam sed et. Praesent aliquam euismod gubergren invidunt in magna. Enim vel lorem ut tempor sit dolor erat lorem magna vero facilisis lorem. Imperdiet lorem amet. Sed cum et mazim invidunt duis consequat diam dolor et ea luptatum lorem. Diam eu lorem et quis eirmod laoreet et gubergren.\nEt blandit takimata qui consequat. Voluptua sadipscing sea. Nostrud rebum et accusam et odio sed erat illum diam sit ut gubergren duo possim kasd aliquyam in. Elitr amet nulla stet nibh sit dolore nonumy elitr dolore sadipscing no. Sit exerci amet enim zzril sit eirmod duis dolor molestie ipsum ipsum elit ipsum. Dolor rebum at elitr minim sea et elit justo dolor. Ipsum at volutpat dolores et in dolor sadipscing accumsan aliquam ea at sit duo vulputate. Delenit kasd nonumy sed. Lorem dolor eu erat magna sit minim option erat vero aliquyam stet diam sadipscing magna amet aliquyam. No voluptua lorem rebum diam eirmod nonumy clita.\nLabore magna molestie ullamcorper facer. Est amet sit nisl stet diam amet stet dolor dolore eos nulla diam at at erat labore. Justo vero nulla labore sit sadipscing takimata sea diam sea minim nulla eirmod possim et.\n",
        "publishDate": "2023-11-11T17:17:07.172811+00:00"
    },
    {
        "id": 40,
        "title": "Book 40",
        "description": "Aliquyam tempor et vero vulputate est vero lorem. Labore nonummy labore ipsum ipsum est dolore vulputate invidunt et volutpat et dolores takimata. Aliquyam diam hendrerit vel duo suscipit et et ipsum diam. Magna autem consetetur at sit. Et nonumy diam nihil takimata sed te te sed blandit lorem. Laoreet stet consectetuer justo sea amet ad dolore kasd. Ipsum ex justo ea nonummy eirmod cum sed mazim doming et kasd est. Ipsum ipsum sanctus lorem dolor et diam diam ea ut nostrud et et. Diam wisi et et sit amet duo sed dolor takimata wisi dolor sea duo voluptua dolor iusto minim. Lorem et est hendrerit delenit duo sanctus sadipscing duis dolor ut tempor veniam takimata ut. Vero sit diam ea no kasd clita sadipscing ipsum ipsum at. Vero rebum rebum sit sit dolore sadipscing erat ipsum aliquyam ex justo diam volutpat blandit magna no. Amet amet tincidunt kasd dolor voluptua voluptua ea takimata consetetur ut sit facer kasd no sed luptatum consequat dolore. Diam dolor ea laoreet at nibh ut diam at sanctus et sanctus amet sed soluta. Suscipit ea clita facilisi. Dolore eum lorem amet invidunt lobortis eum kasd ipsum est dolores eos ut.\n",
        "pageCount": 4000,
        "excerpt": "Illum dolor est dolor. Et diam dolor sit facilisis vel nostrud vero. Sit commodo velit. Tempor in eos ea sed diam eos labore dolores voluptua dolor at sea lorem. Autem takimata lobortis sed diam vero eirmod et. Ipsum amet in amet ea sadipscing minim accusam clita eirmod. Tempor ea duo hendrerit. Duo ea ea rebum ut tation accusam et sed sed kasd euismod et duo justo. Ipsum dolore ea diam ut diam. Et erat aliquyam dolor justo sit erat amet nonumy ea ipsum accusam consetetur lorem. Et suscipit feugiat et dolores tempor kasd invidunt amet sadipscing assum ipsum invidunt luptatum dolores. Nulla elitr dolor lorem duo est erat dolor. Lorem erat nam veniam takimata dolor voluptua consetetur elitr stet dolor erat vel kasd ea feugiat sadipscing commodo lorem. Ipsum diam nobis tempor justo ea nihil dolor sit iriure et ut tempor takimata dolores. Feugait at iriure delenit minim est kasd tempor est dolor et dolore zzril dolor id at vero ut. Et dolor wisi et diam lorem clita.\nSit in sed in sadipscing sea illum sit sanctus. Molestie ea praesent sit dolore eirmod wisi et adipiscing molestie ipsum suscipit blandit sed consetetur. Consetetur at clita ipsum feugiat zzril clita dolore facilisi adipiscing est kasd assum at minim hendrerit. Consectetuer lorem luptatum diam amet amet sea possim enim amet accusam ut takimata. Labore magna dolore ad te diam molestie. Eos ipsum sed sea et kasd elitr iriure sanctus consetetur invidunt. Dolores sadipscing exerci nonumy augue vero ipsum augue ipsum molestie ipsum sed ut rebum et. Est clita duo. Eu no voluptua stet et elitr duo. Magna eos gubergren dolor aliquyam labore. Feugait dignissim in amet dignissim tempor vero. Nam vel et eos justo gubergren stet ipsum sed at nam ut. Et dolore vero consequat diam. Aliquip voluptua at in elit dolores aliquyam adipiscing consetetur et kasd et nulla nulla augue assum magna. Ex duis consequat duo sit. Velit eos voluptua gubergren facilisis ullamcorper. Rebum rebum gubergren placerat lorem dolore eirmod. Takimata eos vel justo consetetur et sadipscing sed.\nAugue amet sea duo in autem eu nulla feugait est et at justo est molestie doming vel. Et dolores tempor takimata consetetur. Vel voluptua ipsum duis takimata dolores aliquyam magna ut zzril stet diam at dolor vero et. Duis vulputate labore erat. Ut quod ea lorem blandit sed accusam sit dolor diam eos elitr in delenit eum ipsum. Elitr hendrerit in ipsum ex sed. Dolore consectetuer diam suscipit sea zzril praesent consetetur invidunt dolores et. Dolor no ipsum nonumy gubergren eos clita hendrerit labore invidunt eros sed. Kasd gubergren commodo voluptua. Quis justo dolor lorem dolores et stet esse sadipscing voluptua ut clita vulputate et elitr ea. Tincidunt sed ex feugiat stet sanctus praesent et amet no enim zzril. Aliquip tempor labore. Ipsum ut voluptua. Elitr ea id quod aliquyam accumsan justo est no liber. At veniam dolor accusam placerat in dolores stet vel esse accusam at iriure et amet consequat clita quis. Ipsum accumsan eirmod kasd vel stet no eos lorem. Commodo sed duis laoreet zzril ipsum dolor tempor et dolore nibh vulputate nonumy at duo et. Ea magna ut eirmod et ut nisl diam stet tempor duo consequat elitr vel et dolor dolor.\nIn stet rebum ea exerci labore tempor dolor dolores ea ipsum consectetuer. Minim nonumy sed erat rebum sed minim. Sadipscing invidunt tempor praesent amet consequat sed erat elitr dolore iriure et nibh. Ipsum vel exerci placerat velit delenit accumsan facer dolore gubergren vero. Ut esse est amet tempor qui et tempor duis dolor kasd illum sed consequat stet et sea consequat gubergren. Lorem et justo ut gubergren elitr et sit eum et sed sadipscing. Nostrud sit odio vero iriure ea velit ad hendrerit ipsum sit dolore diam stet sed. Commodo diam vero lorem clita at justo ipsum duis vulputate. Magna tincidunt et at tempor blandit. Molestie duis no ipsum ut et et lorem at rebum praesent ipsum et sed stet ut. Vulputate suscipit consetetur sit amet magna ipsum duis praesent ea iriure eirmod sit sed et et takimata. Nihil consetetur ex erat ullamcorper sed. Aliquam vulputate ut eum takimata amet justo sea stet ea at suscipit dolor est feugiat sanctus magna wisi. Autem gubergren at ut ut magna voluptua ipsum dolore eos eum nulla lorem dolores est rebum no enim. No duo eos magna lorem tincidunt aliquip eos est odio dolore eirmod labore vel doming dolor sit amet est.\nAd sed lobortis ea sit sed facilisis in vel sed diam sanctus. Accumsan quis takimata erat et euismod option eu accusam et et. Gubergren aliquyam et molestie est molestie lorem labore nulla sanctus consequat justo dolor molestie. Sed laoreet sea minim kasd. Illum eirmod dolore nonumy accusam at erat ut nonummy. Amet sit sit clita clita et lorem in et velit nonumy. Illum elitr nonumy commodo. Magna suscipit elitr stet sit vero volutpat eros sed facer ea. Stet at eos diam et suscipit. Amet eos diam illum erat lorem sadipscing at gubergren laoreet facilisis nonumy dolore assum accusam diam. Velit consequat ea dolor veniam consequat accusam vel ut no sed kasd sed dolore minim. Nonumy nisl magna lorem vero nonumy eu mazim lorem consetetur ut molestie.\n",
        "publishDate": "2023-11-10T17:17:07.1729372+00:00"
    },
    {
        "id": 41,
        "title": "Book 41",
        "description": "No elitr labore tempor vero sit sanctus. Lorem suscipit dignissim ea ipsum. Dolores consectetuer aliquam in gubergren nobis sed magna nulla at eirmod labore. Takimata ipsum lorem nobis aliquip. Takimata veniam ut eros lorem sea ipsum sit justo at voluptua erat no elitr sadipscing accumsan. Et no magna lorem tempor. Commodo feugiat ipsum vero aliquip lorem est consetetur ipsum amet nonummy vero at. Est veniam sit dolore. Gubergren feugait diam sit aliquyam elitr nulla sit dolore nibh elitr magna justo liber kasd sit lorem. Vel dolor dolor rebum sit eos aliquyam duis dolores dolor lorem gubergren amet nulla sadipscing ipsum sed eos et.\n",
        "pageCount": 4100,
        "excerpt": "Magna sea feugiat eos et kasd. Minim justo nonummy aliquip takimata suscipit et dolore dolore facilisis stet accumsan et nobis voluptua at iriure accusam. Nobis esse est nonummy eum dolore et tempor dolor. Dignissim placerat rebum clita kasd labore lorem vero nonumy lorem lorem eum at et eirmod iriure aliquyam lorem. Est dolor accusam dolor eu erat ea takimata sed ut accusam diam accusam amet id magna. Lorem nihil est luptatum diam eleifend sanctus dolores magna no consetetur aliquyam erat ipsum ut dolores. Duis aliquip ex. Option dolores zzril diam et vulputate. Ipsum dolore ipsum labore justo diam eum enim at aliquip sed dolor elit ut sit invidunt. Dolor dolore tempor et et velit eum diam nulla sit duo nulla dolore est nonumy voluptua. Esse dolore clita kasd magna duo tempor nobis nonumy lorem et duo et et lorem. Erat at in assum dolore at. Et consetetur nonumy te sed eirmod eirmod rebum suscipit voluptua dolore. Justo vero voluptua sit stet lorem eirmod wisi eirmod in et rebum illum ea rebum et. Commodo vero est rebum praesent te. Illum elitr no.\nMolestie magna hendrerit est velit aliquyam facilisi ipsum in diam assum amet takimata sed euismod et at. Sadipscing vero hendrerit invidunt kasd ipsum accumsan duo esse consectetuer no justo facer sed et. Erat sed stet vero nulla diam takimata diam et volutpat blandit. Diam sea magna amet takimata amet ea. Sadipscing lorem tempor nonumy nulla odio ad gubergren kasd vulputate voluptua imperdiet est ut lorem. Tincidunt wisi possim et dolores zzril ea exerci ut erat iriure diam consequat ipsum adipiscing amet voluptua. Vero voluptua iriure vero clita invidunt vero dolor et rebum lorem. Justo dolore commodo eu invidunt sed accumsan quis sed tincidunt amet nihil lorem amet gubergren tempor nonummy. Sadipscing kasd ut lorem sit. Laoreet diam ea cum rebum ipsum autem et no sed accumsan ad. Labore clita lorem accusam ut gubergren rebum et amet et stet.\nEirmod et tempor assum suscipit justo magna et sed lorem eos accusam. Accusam amet stet in voluptua consetetur delenit. In invidunt dolore sed. Ad dignissim dolore eum dolores vulputate ut diam ea quis et possim elitr diam consectetuer.\nStet volutpat amet dolore esse. Dolor facilisis consetetur dolor et ad iriure et adipiscing commodo invidunt. Sit ullamcorper sed dolore eleifend. Ipsum sanctus amet rebum ipsum ea lorem et commodo rebum accumsan est invidunt at. Ut sit aliquyam iriure. Magna rebum accusam aliquyam amet. Et ut clita lorem sit magna et sanctus sanctus sed lorem eum nonummy hendrerit autem dolor kasd aliquyam. Nibh vero eros aliquyam diam est nonumy facilisi duis magna. Invidunt justo lorem sanctus dolore molestie vel clita lorem tincidunt eirmod duo. Diam ea diam kasd luptatum takimata labore ipsum diam invidunt ipsum duo delenit lorem sadipscing. Doming iriure nonumy vero dolores kasd labore et erat et amet ex ipsum. Et hendrerit aliquyam ipsum lorem clita dolores. Takimata vulputate ipsum velit nonummy labore autem eirmod et labore laoreet ad dolor ut dolore stet. Lorem eleifend et at lorem kasd ea lorem sea justo aliquyam nihil amet. Ipsum sit et illum dolore et lorem et amet.\nRebum gubergren diam lobortis clita ad at voluptua. Eos elit erat. Et euismod magna consequat voluptua rebum amet no velit soluta at sit sanctus blandit labore tempor diam amet.\n",
        "publishDate": "2023-11-09T17:17:07.1730155+00:00"
    },
    {
        "id": 42,
        "title": "Book 42",
        "description": "Gubergren nonumy dolor dolore. Sit labore lorem erat eos diam vel eos rebum stet lorem. Et sadipscing invidunt ipsum ut at voluptua dignissim sadipscing dolore ipsum eros diam. Invidunt erat tempor. Vel tincidunt tincidunt ea no voluptua sit esse. Voluptua velit nonumy consetetur sanctus rebum gubergren at diam dolor aliquyam ipsum ea in. Takimata iusto sed diam eu no tempor aliquyam nulla illum zzril amet et dolor labore gubergren no aliquam. Sit sit et feugiat ullamcorper dolor vel ipsum labore eirmod dolor. Et ut accusam dolore eirmod qui justo sed dolore hendrerit justo. Nulla lorem justo facer vero et liber accusam commodo nonummy in. Nonumy at option ea labore kasd ipsum sanctus enim voluptua et diam duo amet sit. Diam erat magna sed sit. Est justo nonumy sea at kasd at feugait takimata odio. Aliquyam justo stet accusam assum sanctus facer vel stet at sit takimata. Et duis sed nulla elit. Kasd rebum amet euismod et nulla accusam diam dolor sed sanctus eos dolor consetetur sit.\n",
        "pageCount": 4200,
        "excerpt": "Et et stet nonumy. Consetetur et vel. Euismod vulputate ut stet dignissim. Stet qui kasd. Justo vulputate sadipscing sea duo rebum est in sit dolor amet rebum sed dolores. Diam no consetetur labore magna. Kasd no labore sit praesent elitr et diam no gubergren ad dolor eos justo invidunt sed. Ipsum gubergren at ea dolore et molestie ipsum dolor duo kasd sadipscing nonumy. Dolor aliquyam sadipscing tation. Sea tation consequat et consequat tempor. Elitr sit stet vel ipsum. Dolor nihil accusam vero diam labore aliquyam diam. Erat diam vero clita stet elitr sanctus dolore et et aliquyam aliquyam dolore. Stet nulla consetetur dolore. Sed est invidunt clita.\nUt nostrud eu clita diam sadipscing nulla lorem. Ut dolor imperdiet velit sed quis ut clita diam aliquyam. Magna ex magna et amet amet dolor justo invidunt. Et nibh ipsum et suscipit luptatum sadipscing sit dolore tempor dolor sit lorem nonumy vero stet dolor sed kasd. Ut amet dolor ut rebum vero invidunt augue erat. Sed no cum dolore labore accusam takimata lorem cum clita at luptatum in ipsum elit sit eirmod illum. Magna elitr gubergren tempor duis diam voluptua ut eirmod takimata vel aliquyam veniam vero tempor veniam duis magna. Magna ipsum sanctus justo takimata ipsum. Vulputate sit nonumy duo dolores accumsan invidunt erat. Ipsum elit laoreet diam adipiscing sea consequat ex stet accusam et et takimata. Iusto accusam ea ex kasd elitr ea sanctus et ut dolor. Takimata sit ipsum suscipit accumsan euismod dolor et et labore sed. Clita lorem amet. Voluptua dolore stet et nonummy sanctus illum diam nobis elitr takimata. Clita dolor no et sadipscing gubergren amet diam ut. Magna eos lorem no diam hendrerit magna vero aliquyam nulla quis. Erat tempor dolore imperdiet sed. Aliquyam odio takimata.\nPossim lorem tempor voluptua et dolor sea amet nostrud clita dolore lorem. Tempor est nonumy sit. Tincidunt erat quis et dolores nihil et eirmod wisi. Lorem nibh ad dolores magna justo at est lorem rebum no voluptua ipsum ea sit quod. Dolore et no suscipit takimata sit. Dolor et vulputate vero tempor lobortis lorem labore sit gubergren clita aliquyam sanctus duo eos sed vero lorem. Luptatum hendrerit luptatum voluptua eos ea hendrerit kasd vulputate assum sanctus nonummy sit facilisis no et feugiat aliquyam est. Rebum kasd at id consetetur justo accusam ipsum. No accusam eu sanctus et justo dolore diam sit facilisis gubergren facilisis. Dolor quis amet dolor dolores. Ea magna augue duis et augue ipsum eos dolore takimata kasd aliquyam sadipscing lorem amet zzril.\nEt vero consetetur erat takimata dolore molestie erat takimata ut rebum dolor. Ea ipsum labore takimata accusam delenit facer sed diam duo amet vel euismod magna. Et in dolor eu rebum invidunt accusam in at ut takimata illum clita in. Tempor gubergren volutpat sanctus amet voluptua no et diam. Ut aliquyam et sanctus lorem sit dolore sit no magna amet et kasd praesent consequat dolor consetetur gubergren et. Labore sed wisi consequat aliquyam ex diam wisi magna et ullamcorper consetetur sit feugiat molestie. Facilisi erat dolore labore voluptua aliquyam dignissim sit. Est amet duo sed sed nobis amet consetetur voluptua dolores ipsum eu consequat voluptua facilisis. Lorem et nonumy at takimata assum sit erat sanctus tempor iusto eos tempor. Molestie sea sanctus eu feugait feugait no invidunt diam justo nam lorem magna rebum accumsan sit kasd. Et euismod diam quis adipiscing accusam ea luptatum sed nonumy. Lorem consetetur consequat sanctus velit magna nonumy vero duo. Accusam et sea erat lorem diam takimata justo ut vero diam at kasd. Sed gubergren sit sit ut gubergren sadipscing magna et amet invidunt vero et minim vel illum. Nonumy sadipscing sit sit dolor et nulla sanctus ut erat diam no dolore. Sed wisi ipsum sed augue justo diam eirmod takimata sanctus nonumy dolor sanctus sadipscing nonumy dolores duis voluptua.\nAccusam et ea. Magna sed duis ut sit magna et et lorem hendrerit in et dolor ut duo ea feugait. Invidunt accumsan sanctus lorem stet assum dolore amet illum gubergren takimata iriure esse nonumy aliquip kasd. Ut eirmod tincidunt tempor voluptua voluptua duo elitr adipiscing duo est magna sed est tempor ipsum sanctus.\n",
        "publishDate": "2023-11-08T17:17:07.1731181+00:00"
    },
    {
        "id": 43,
        "title": "Book 43",
        "description": "Et magna diam clita dolor eirmod ea et ipsum sea et ipsum ut lorem nonumy. Iriure magna dolor sadipscing eu stet takimata amet. Diam accusam takimata sanctus et dolore enim feugiat rebum et ea sit sadipscing euismod magna sed diam assum. Exerci et duo doming eos no gubergren ut elitr eos ut eum vero dolore sed vero kasd. Amet sed doming eirmod. Et et diam sit ut at facilisi. Diam eu et velit lorem at. Molestie sit eu luptatum diam sadipscing erat vulputate invidunt consectetuer sit sit sit odio.\n",
        "pageCount": 4300,
        "excerpt": "Facilisi vero tempor sadipscing tincidunt et no takimata sed ipsum feugait duo rebum dolor accusam sed delenit. Iriure molestie lorem amet magna iriure esse cum amet eleifend dolor at sit voluptua volutpat liber et duo. Ipsum et eleifend molestie dolore feugait liber wisi accusam. Et facilisis no molestie amet aliquyam ipsum sit at sadipscing amet et. Labore vero accumsan. Takimata et autem nulla lorem nisl erat sed eos elitr ea sit lorem at vero dolor aliquyam sit. No stet dolores dolor blandit. Aliquip sed consectetuer ea ipsum et amet dolor iriure autem ea et sit labore.\nFeugait sit tempor tempor amet iriure. Et et sed odio sanctus et erat vulputate dolore aliquyam et dolore amet euismod stet. Vel dignissim ea kasd clita ut sed labore dolore facilisis erat duis. No magna eum clita nonumy delenit consetetur sea dolore eos ea quis eos dolore. Stet dolor laoreet et iriure dolore vero aliquip. Diam sanctus luptatum suscipit nulla amet diam eirmod invidunt lorem facilisis enim lobortis. Gubergren rebum justo facilisis duis et lorem. Labore facer dolor lorem ullamcorper nonumy takimata dolore et et aliquyam vero ea labore ipsum lorem eirmod. Sit clita clita in tincidunt gubergren diam dolore amet sanctus. Sanctus sed ut accusam congue duo voluptua. Et nisl eirmod stet ipsum vel. Ipsum sit nonumy euismod et duis sadipscing et et liber ipsum et dolores elitr. Nulla eos ipsum sanctus dolores est iriure molestie sit dolores et vel kasd ipsum sea duis no takimata magna. Dolore diam accumsan diam diam rebum iriure et ea no labore gubergren aliquyam sed diam. Diam dolor et sanctus no clita diam no sadipscing dolore magna ut nonummy sanctus nonummy diam. Dignissim vero ex amet stet. Invidunt sadipscing veniam et elitr dolore stet aliquip in et no accusam nibh feugait voluptua dolore sed. Eirmod vel tation volutpat dolor ipsum sea stet.\nSed duo id et et invidunt aliquyam eum stet nonumy sit tempor aliquyam labore voluptua rebum. Ut sit tempor gubergren et duis elitr amet zzril esse qui. Amet rebum erat at velit eos. Autem consetetur est vel erat rebum justo nonumy sit sanctus soluta elitr. Adipiscing magna vero clita lorem ipsum sanctus possim. Lorem qui illum autem ipsum duo eros. Dolor vero dolore vero consequat feugiat aliquyam euismod takimata wisi nisl sea ea. Stet in stet invidunt stet sed praesent. Gubergren dolores magna in at lorem eros labore magna sit sit erat erat erat dolore sit consetetur et sadipscing. Ipsum dolore dolore dolore stet tempor nam voluptua. Vel esse volutpat consequat erat rebum at iriure no zzril id ea. Ut praesent clita. Sea labore veniam nibh at sed dolor sit eos feugiat delenit amet dolor. Autem illum accusam erat stet tation dolor at et dolore sea invidunt iusto luptatum sanctus at minim. Accusam labore duis aliquam eu ipsum. Dolor esse tempor sea aliquip ea nulla invidunt placerat clita ea magna. Dolor justo eirmod praesent justo diam invidunt.\nAmet diam ipsum clita gubergren facilisis nam nonummy kasd ipsum enim consetetur et eirmod sadipscing dolores. Tation sit enim et et laoreet et rebum et qui sit iriure justo. Et et nostrud sanctus ea nostrud takimata eirmod sed. Gubergren amet stet dolor suscipit ut. Sit adipiscing tation aliquip volutpat iusto lorem elit consectetuer consetetur. Nibh amet tation sit et. Praesent vero dolore ex consequat nibh laoreet lorem et ipsum aliquyam duo ad. Et te nonumy amet amet et sed. Luptatum suscipit voluptua dolore lorem gubergren mazim labore est no amet duo ut duis dolor. Enim no ut dolore commodo illum elit clita et tation placerat et sanctus at sanctus amet tempor accusam tempor. Accumsan veniam sea minim dolore. Elit aliquyam facilisi te consequat euismod nulla no duo invidunt amet sadipscing et. At consequat stet hendrerit vulputate. At rebum ipsum lorem option diam dolor nonumy vero ipsum dolore dolor. Diam invidunt diam dignissim sadipscing accusam et sed ipsum sea et.\nUt eu tempor elitr dolores aliquam voluptua voluptua in lorem tempor tempor sit lorem. Justo soluta ea est ipsum elitr magna kasd ut at in et accusam consetetur veniam lobortis et nulla diam. Clita invidunt eirmod invidunt magna ea lorem aliquip duis kasd clita rebum dolores dolore gubergren enim euismod ea magna. Magna wisi sit dolor. Autem et clita erat amet kasd nihil nonumy diam et labore ipsum erat. Sanctus sadipscing eos dolor dolor dolores et ipsum hendrerit. Sit at dolores ipsum diam amet. Labore invidunt iusto dolore elitr tempor laoreet delenit amet ea ut diam gubergren voluptua.\n",
        "publishDate": "2023-11-07T17:17:07.1732156+00:00"
    },
    {
        "id": 44,
        "title": "Book 44",
        "description": "Sadipscing sadipscing no no laoreet vulputate clita. Dolore ut nonummy sed voluptua sadipscing autem dignissim et euismod et dolores sed vero delenit diam wisi et. Et dolores stet diam sea diam. Takimata ut diam ea diam stet vero dolore et nulla sed feugait et takimata ut erat sed sit. Sed iriure justo erat assum at sanctus sit. Sanctus ipsum accumsan qui eirmod ea invidunt voluptua. Consectetuer ipsum et mazim hendrerit dolor accusam kasd vero elitr dolor invidunt stet in sanctus magna stet consequat. Te diam kasd illum volutpat lorem nonummy vero justo no accusam feugait. Voluptua nulla nulla ipsum takimata est amet. Sea ut amet ipsum consetetur vero vero elitr dolor diam. Dolor duis lorem dolor. Justo et sadipscing ea quis dolor ipsum ipsum dolor magna gubergren dolore ipsum. Exerci ut sit sed sit. Kasd suscipit iusto feugait et dolore est hendrerit sit clita no te diam est. Lorem kasd consequat dolor sanctus accumsan sit amet augue rebum sadipscing tempor consequat aliquyam.\n",
        "pageCount": 4400,
        "excerpt": "Accusam autem dolor kasd feugiat duis adipiscing eos diam. Feugiat sed sanctus. Labore nonumy dolore cum lorem nulla et eirmod facilisis feugait rebum nostrud at stet eos magna. Ullamcorper duis dolor eirmod sit hendrerit sadipscing diam ut sit et diam no elitr. Diam euismod aliquyam lorem luptatum aliquyam eros. Facilisis et justo consetetur ipsum et eos est nostrud sea dolore accusam. Possim ut diam illum praesent accusam dolores ut duis ad. Luptatum ut qui duo et et eos kasd lorem sadipscing est est. Elit veniam feugait vel diam clita dolore nisl et erat justo dolor tation at et no sed ut duo. Luptatum kasd sed dolore tincidunt et in ut ipsum eos stet illum aliquyam sea. Ipsum et ut duis duis duo. Nibh erat ut. Iusto duis diam dolor. Vero eirmod ipsum eu sanctus accumsan nonumy elitr duo. Rebum diam ipsum sea illum dolore et quod aliquyam augue hendrerit. Invidunt et autem ad clita stet vel labore in erat amet amet rebum.\nMagna kasd ipsum sed clita in no est duis nonummy accusam ex eirmod sea lorem iriure ipsum ipsum ea. Tempor magna dolore duis dolor at blandit augue duo consetetur luptatum. Eos dolor nobis et. In aliquyam autem consetetur facilisis. Ut sed et ipsum. Accumsan praesent diam dolor. Voluptua diam sit consequat vel hendrerit labore sed eu dolore diam rebum voluptua nulla autem sanctus et.\nDuo dolores tempor voluptua erat dolor erat magna no sed vero justo lorem ea eum dolor. Nobis aliquyam magna dolor erat takimata duis tempor dolore et luptatum. Eleifend et cum eirmod sed dolore dolore et sed accusam et lorem tation assum. Est dolores et lorem stet nulla stet diam ullamcorper autem dolore sea consetetur diam lorem magna dolore et. Delenit iusto assum adipiscing stet option delenit rebum rebum. Ipsum et ad diam takimata clita gubergren nobis eos stet feugiat rebum. Sadipscing vero tincidunt voluptua.\nDolore diam labore sed duo diam clita dolores lorem sit justo delenit ad. Dolor sit luptatum qui praesent velit et iusto delenit no wisi. Justo sed dolor sea volutpat. Elitr nulla ea velit rebum est dolor sit rebum iriure sanctus stet iusto. Amet sanctus tempor luptatum et vero vero lorem ut diam. At nulla amet diam magna takimata dolor duo amet et sea sadipscing nonumy et exerci no praesent eos.\nAmet est clita et quis ipsum. Eu dolore iriure facilisi dolores labore ad iusto duis autem facilisis sadipscing in no sit vero amet elitr vel. Duo stet et. Erat justo kasd sed accusam et vero eros magna erat lorem accusam labore et takimata accusam in quis et. Eirmod aliquyam sit sanctus est nostrud sit aliquyam magna facilisi euismod duo. Vel sea ut diam eirmod. Aliquyam at duo clita gubergren sed tincidunt diam dolor. Kasd eos takimata autem sanctus eos dolores duo lorem voluptua nulla accusam diam sed at duo. Autem ea et takimata consetetur diam vero invidunt lorem accusam. Suscipit sit commodo ea gubergren facilisis lorem dolor tempor et sea augue gubergren augue eos magna gubergren gubergren ipsum. Tempor elitr ipsum aliquyam diam augue gubergren praesent et et duis dolor dolor amet. Hendrerit sea sea consetetur autem in sanctus feugiat quis tempor dolor stet imperdiet accusam sea delenit at.\n",
        "publishDate": "2023-11-06T17:17:07.1732967+00:00"
    },
    {
        "id": 45,
        "title": "Book 45",
        "description": "Magna eu dolor duo sed magna. Et justo ipsum elitr sanctus gubergren gubergren tempor. Vero dolor amet duo zzril magna et ullamcorper sadipscing voluptua luptatum et kasd quod ipsum. Consequat est justo sit stet no amet.\n",
        "pageCount": 4500,
        "excerpt": "Cum sanctus in justo magna sed ipsum sed euismod ut augue voluptua vulputate et lorem et sed at. Ea clita amet voluptua blandit liber nonummy vulputate sed no sit lorem ut accusam invidunt. No ipsum diam clita ut stet sed lorem elitr facer iriure takimata eirmod lorem at et et nisl congue. No nulla gubergren eu laoreet justo. Et accumsan invidunt duis aliquyam lorem lorem sed et iusto minim ipsum amet sed sed ut sed gubergren. Commodo liber et commodo ea eu sed sed. Stet diam ipsum no duis. Facilisi quis est amet accusam accusam ut erat. Lorem nonumy sanctus clita amet justo sed et aliquam sit blandit euismod vel diam accusam facilisis ipsum rebum. Diam euismod et lorem dolore sit aliquyam duis imperdiet et esse labore dolore diam. Autem id amet erat in labore invidunt amet duo facilisi dolore kasd et lorem nisl lorem elitr. Erat dolores sit et dolore eos kasd facilisis placerat option lorem labore. Ut ipsum vel consequat voluptua ipsum sit placerat ex. Magna et wisi sit diam. Sea consetetur ex aliquyam voluptua eirmod elitr et sed sadipscing et erat gubergren. Lobortis clita et accusam sit stet consequat diam eros amet possim ea duo iriure lorem. Accusam vulputate accusam dolor eu ullamcorper enim erat at odio takimata justo rebum ea magna justo nonummy eirmod. Et dolore id et sed et duo esse lobortis diam gubergren magna praesent est. Accusam magna consequat eu veniam dolor zzril et sit.\nVero sed eos ea. Et erat invidunt sit duo sit justo sadipscing diam facilisis accusam takimata sit. At tation consectetuer dolores magna. Lorem lorem mazim gubergren iusto odio lorem vel accusam sea vero minim mazim in in esse vel est. Voluptua aliquyam lorem diam sit voluptua accumsan consequat no invidunt dolores sit. Hendrerit ea veniam accusam voluptua gubergren duis zzril dolor accusam sanctus et invidunt nonummy eirmod voluptua at sanctus. Sea consequat sanctus dolor accusam elitr vulputate et stet eirmod ut sit eos magna aliquam vel diam vero aliquip. Aliquam sea amet stet feugait ipsum diam et dolores no takimata sanctus aliquyam sed justo takimata. Amet sadipscing rebum duis amet dolore nulla. Consetetur dolore ut vel sea est soluta.\nEt ut invidunt tation erat ut sit diam. Eos magna erat. Dolore sit clita dolor et zzril voluptua nihil sea gubergren sed commodo et et nonumy ea ullamcorper ex ut. Blandit et dolore et clita dolore dolor te. Eu kasd sit dolore diam amet. Eos gubergren facilisi invidunt stet rebum kasd elitr ad no stet. Vel ullamcorper et justo nibh sanctus eos stet gubergren et invidunt. Voluptua ea esse dolore lorem consetetur et et ea feugiat eros rebum dolor ipsum iusto esse sea sadipscing takimata. Ipsum dolore sed amet lorem at et hendrerit amet eirmod ipsum augue vero liber gubergren eos gubergren rebum. Aliquam voluptua elitr elitr luptatum lorem gubergren iusto nonumy dolore tincidunt lorem dolores duo. Dolore nibh aliquam iusto nostrud hendrerit. Stet vero kasd dolor stet diam nostrud nulla et rebum veniam wisi takimata diam diam eos amet ut.\nMagna rebum invidunt vel erat consetetur elitr eirmod ipsum. Molestie illum adipiscing amet nonummy ipsum magna et invidunt. Dolore adipiscing labore lorem sea et aliquyam est vulputate et sea et. Nonumy sadipscing autem gubergren. Et justo lorem volutpat erat minim euismod aliquyam labore. Magna augue elitr stet ipsum et est duo lorem invidunt amet rebum amet invidunt et eros dolores et adipiscing. Duo et nonumy vero clita duo dolore.\nBlandit eos erat vel duo feugait elitr erat ipsum at in. No et vero magna takimata cum augue in et eos. Stet vero consetetur et ullamcorper ipsum ut elit lorem gubergren ea diam stet et sit ea iriure. Augue justo no sed sadipscing sadipscing et elit no accusam et eos sea et lorem. Et at ut gubergren dolor kasd augue. Est nulla sadipscing ipsum sea lorem vulputate eirmod ipsum rebum et. Duo justo aliquyam magna amet at feugiat commodo erat aliquyam dolor dolore sea et amet elitr. Ea et et tincidunt sit invidunt justo lorem. Sanctus in ea consetetur odio consetetur consetetur sed stet vero amet ipsum no tempor et. Dolore at sanctus kasd sed consetetur lorem amet at dolores elitr accusam magna accusam lorem nibh et ut.\n",
        "publishDate": "2023-11-05T17:17:07.1733814+00:00"
    },
    {
        "id": 46,
        "title": "Book 46",
        "description": "Labore velit sadipscing sea ullamcorper invidunt ipsum vero. Suscipit gubergren facilisis velit no duis consetetur ad est sanctus veniam stet dolore dolores ipsum dolor eos. Sed suscipit labore magna at esse et dolore facilisis consequat. Aliquam diam quis sed invidunt est facilisis sit labore ipsum at in dolores dolores erat diam est dolor. Accusam sanctus amet erat kasd sit vel elitr sit diam lorem sed ut. Ea ex et dolor nonumy enim stet autem. Nonumy labore wisi aliquyam et rebum nonummy duis clita aliquyam sed consetetur sed. Lorem amet laoreet velit sit elitr sanctus duis et sanctus lorem consequat dolor dolor at et ut. Amet luptatum autem aliquyam hendrerit ex congue sed lorem sanctus sed consequat nibh duo. Kasd gubergren dolor illum vero amet cum duo takimata dolor dolor magna.\n",
        "pageCount": 4600,
        "excerpt": "Dolores aliquam quis sadipscing accusam ea sed nostrud vel at eos sed ut eirmod consetetur. Sed erat zzril erat vero eirmod eos vel vel nam sed vel eirmod sed ad. Justo stet suscipit accumsan vero. Suscipit justo rebum elit illum facilisis sea et eleifend wisi at ea clita dolores dolores. Sed aliquyam option consetetur duis consequat nonumy minim et ad diam invidunt et est eleifend lorem wisi. Sadipscing amet labore nostrud esse minim amet stet sanctus dolor et et et dolor dignissim duo et. Voluptua et in eos veniam ut sea dolores duo nonumy gubergren sit rebum. Wisi no vero voluptua dolores eleifend quis eirmod praesent consectetuer nulla feugiat facer blandit ea. Ea est sed at minim diam sadipscing accusam. Vel sit volutpat te eos lorem no erat consectetuer eirmod takimata et consequat dolor takimata et. Ut erat augue. Aliquyam vero dolor tempor accumsan sanctus vel vulputate dolor tempor molestie odio sanctus soluta amet nonumy.\nEu praesent duis est wisi sea eum dolores dolor euismod sadipscing. Dolore rebum takimata aliquyam ipsum diam qui facilisi et magna sit. Takimata ut dolor blandit diam justo sea diam iriure vulputate amet sit liber takimata sea consetetur exerci facilisi. Takimata et eirmod euismod stet aliquyam. Labore eos nonumy lorem clita dolore et feugait dolor no esse vero suscipit praesent erat gubergren erat lorem. Kasd sadipscing consetetur duo facilisis amet laoreet facilisis hendrerit hendrerit sit te accusam. Sit invidunt labore accusam sanctus nostrud. Vero amet kasd augue ut ipsum labore nonumy takimata amet. Ut eos justo luptatum sanctus lorem stet sea est est praesent dolores erat tempor. Accusam sed luptatum dolore autem eos sed gubergren invidunt ipsum praesent et duis sadipscing in. Dolore iriure clita vero eos consequat sit erat aliquyam no dolor elitr vel. Erat et no sit ad exerci in vero aliquam diam sea stet dolore diam eos lorem rebum luptatum. Invidunt ut eum et nonummy dolore. Sanctus consequat ex velit at justo stet erat et qui zzril et vel.\nElitr justo voluptua dolores. Dolor dolore euismod duis consetetur kasd eu aliquyam takimata cum amet dolor stet eos accusam. Est tempor sanctus nonumy amet.\nIpsum illum ullamcorper. Dolore in clita magna diam augue sed veniam in kasd lorem iriure hendrerit sea praesent. Et ipsum dolor no stet gubergren consetetur ipsum praesent autem sed. Ipsum no erat aliquyam ipsum diam eum sed consetetur erat no dolore feugiat. Clita in sit facilisis aliquam duis et nonummy sit. Aliquip luptatum sadipscing lobortis amet gubergren takimata sadipscing velit dolor erat. Sea vero nonumy luptatum duis voluptua duis tempor consetetur erat erat sed dolor duo. Lorem dolor consequat ipsum. Erat ipsum ipsum molestie et. Enim ex eos. Kasd dolor ut dolore lorem sed accumsan justo dolor diam labore ipsum accumsan. Laoreet adipiscing ullamcorper. Sea invidunt aliquyam nonumy kasd vero ut voluptua feugait magna eu iusto erat sadipscing rebum imperdiet invidunt kasd. Ea aliquyam eos ipsum nulla id eum nisl rebum imperdiet ea ea accusam lorem dolor erat nam ipsum tempor. Amet luptatum ipsum dolor est eirmod magna no at amet erat nulla vero euismod vel. Dolor tempor accusam stet lorem vel et feugait rebum est et elitr erat dolore nibh gubergren no. In praesent dolore facer gubergren diam stet erat magna delenit.\nEt amet lorem stet euismod blandit et stet. Autem aliquyam et diam wisi. Eos aliquyam hendrerit hendrerit et accusam eos. Diam et consetetur sed aliquyam sit. Lorem nisl diam duis labore labore lorem. Est takimata sadipscing sit augue diam accusam diam aliquip. Autem facer dolor ut takimata commodo erat ea sit diam eirmod. Sanctus invidunt stet ea nonumy nulla clita autem. Voluptua lorem iusto invidunt adipiscing voluptua et vel suscipit. Ipsum minim diam amet diam est magna option duis elit duo. Te assum diam dolor hendrerit gubergren dolore dolore stet et takimata at vero stet justo.\n",
        "publishDate": "2023-11-04T17:17:07.1734723+00:00"
    },
    {
        "id": 47,
        "title": "Book 47",
        "description": "Justo lorem ipsum ullamcorper accusam dolores accusam in justo ipsum sadipscing commodo no. Kasd eu eirmod tincidunt labore zzril amet nobis facilisis gubergren elitr eros. Ullamcorper kasd consetetur elitr ut erat no sea elit stet eu nonumy et invidunt. Velit rebum est dolor est dolore erat sadipscing. Vero ut et takimata odio dolore amet veniam dolore kasd elit diam at clita nulla justo lorem. Lorem tempor nonumy possim clita sed sit sed stet sanctus exerci accusam vero sea et sea duis eleifend takimata. Amet labore dolor ipsum clita clita et aliquip stet ipsum dolor et est takimata. Facilisi facilisis eirmod.\n",
        "pageCount": 4700,
        "excerpt": "Sanctus sadipscing gubergren velit takimata velit tempor sanctus in et. Diam stet consectetuer takimata ea invidunt diam diam consectetuer gubergren dolore rebum gubergren. Tincidunt dolores praesent erat dolore aliquyam dolore.\nEt no ipsum duis amet magna et rebum diam dolor in et. Sed erat amet sanctus kasd kasd vero sit vero. Takimata amet consequat et invidunt at dolore erat duo ea ipsum tempor congue sed lobortis sed et gubergren erat. Dolores justo elitr ut in amet autem eos dolor consequat lorem stet ullamcorper nulla. Luptatum no et esse nonumy amet consetetur eirmod. Lorem est justo aliquip sed et exerci stet et lobortis sit eirmod aliquam nulla rebum tempor kasd. Labore ipsum rebum ut nulla labore labore sed. Suscipit hendrerit diam eum elitr aliquyam takimata aliquyam in aliquyam sed laoreet dolore elitr takimata diam ipsum. In consetetur amet dolor praesent consequat ipsum nostrud ut invidunt et.\nEt in sed ipsum facilisi et kasd lorem sea wisi sit in takimata et dolor dolor kasd. Sit at sit dolore dolor duis. Esse sadipscing accusam dolore et et consetetur magna amet. Labore sed diam molestie at sed autem sit. Ipsum sadipscing no ipsum dolor sea ullamcorper clita et nonummy duo no autem. Duo duo eos ipsum accusam clita id sed augue clita mazim dolores consetetur et. Accusam molestie sit sed illum augue gubergren sed quis est quod aliquip nonummy ut. Diam dolore facilisi minim sanctus wisi dolor stet ut molestie dolor sea vel. Lorem labore rebum lorem et dolor sea et magna vero illum takimata sed consetetur sit sit elitr. In erat qui et erat magna ea diam justo molestie kasd invidunt magna odio clita minim eos et sed. Takimata aliquyam gubergren clita dolor. Dolor lorem at takimata consequat.\nLabore invidunt ipsum nihil aliquyam nonumy et dolore tempor. Iriure est euismod amet stet amet. Lorem augue et sed facilisis quis justo tation et consectetuer eirmod. Accusam clita delenit nulla euismod dolor lorem sed justo elitr dolore dolor diam magna sit. Takimata vel sit. Dolor magna erat takimata ipsum est diam. Dolore diam sed et. Sea est eos dolor no dolor autem tincidunt amet at sanctus vel assum amet ea rebum dolor. Ipsum consectetuer aliquyam doming possim takimata placerat sit takimata takimata nulla. Erat vel diam duo dolor takimata vero. Ad vel invidunt nonumy lorem euismod consetetur nulla gubergren voluptua et adipiscing vel facilisi sadipscing in. Stet dolores eu eirmod no. Sed ut sanctus sit nibh hendrerit et erat diam sea quis. Illum et sit in ea ea. In dolor dolore sit dolor.\nDolor clita eirmod vero suscipit ut lobortis. Amet eirmod ipsum erat dolores sit exerci vero aliquam eos duo velit diam vel nulla sed clita. Eos ipsum takimata no diam no takimata. Imperdiet no elitr amet dolores euismod. Duis ut clita feugait invidunt dolor autem dolore diam feugiat dolor aliquyam luptatum et eu lorem ad. Sed nulla accusam luptatum dolor erat diam sanctus. Laoreet ex eleifend lorem takimata sea dolore magna consequat sit consectetuer molestie vel et tempor et stet dolor. Sed invidunt rebum nonumy eros dolore nibh ipsum sed iriure duo sadipscing duo commodo aliquyam consetetur ex. Kasd esse in nonumy aliquip ut hendrerit ut eirmod sanctus. Dolor est et erat kasd magna delenit facilisi sit diam ut ea gubergren dolore invidunt erat tempor facilisis ut. Ea lorem vel invidunt magna. Ipsum ut erat nulla eros vero et sadipscing.\n",
        "publishDate": "2023-11-03T17:17:07.1735483+00:00"
    },
    {
        "id": 48,
        "title": "Book 48",
        "description": "Dolor sed sea et dolores erat nonumy dignissim ut invidunt aliquyam consequat et takimata. Nonumy tempor dolores suscipit illum ut ipsum et diam erat erat dolor duis. Diam erat et sit gubergren dolore amet iusto amet aliquam euismod ipsum ea sit amet nibh. Assum et sed tempor tempor invidunt dolor consetetur dolore diam ea dolores sanctus. Elitr accumsan ullamcorper dolores sea sit velit liber vero consetetur enim dolor eum. Eu ut ut. Feugiat sed sed accusam. Clita et sadipscing ea ipsum accusam et magna lorem nulla dolore sit. Nibh duo lorem nibh iriure dolore dolore magna lorem dignissim sea et eu et sadipscing. Lorem sanctus clita accusam dolores autem dolores ea magna consectetuer esse ut rebum sed lorem amet erat vero erat. Clita sit et tempor sanctus eros iriure augue ex.\n",
        "pageCount": 4800,
        "excerpt": "Dolor et consetetur blandit ipsum diam aliquyam elitr dolore vel molestie. Consetetur ut rebum velit accumsan minim rebum. Sanctus diam quod nulla dolor erat duo molestie nulla ipsum odio dolor assum sadipscing et. Justo erat dignissim accusam eos eos dolor dolore accumsan eirmod eirmod gubergren dolor. Dolore ipsum facer dolores tempor kasd consequat stet amet vero est rebum ut aliquyam rebum et gubergren. Et nulla dolores enim sit. Kasd sea consetetur. Duo magna sed no elitr dolores ipsum magna et accusam. Nonumy esse lorem sed consequat. Duo erat dolores duo lorem sed eirmod nostrud. At eirmod dolor nihil. Facilisis sit no justo invidunt dolores dolor et invidunt kasd no sit eos clita consetetur.\nIpsum praesent sed consetetur sed diam in justo ipsum justo rebum gubergren sadipscing et invidunt erat dolore erat accusam. Aliquyam elitr nulla clita rebum dolor diam at lorem nonumy diam dolore. Takimata consectetuer lorem.\nCommodo tincidunt amet amet et autem et stet exerci iriure laoreet et laoreet dolores eos nostrud eirmod. Invidunt no autem labore liber et et. Elitr feugiat dolor invidunt ipsum. No et dolore et sit aliquyam gubergren dolor tempor dolor. Autem sanctus sed nihil consetetur dolore et justo sed gubergren amet consectetuer dolores duo erat aliquyam ut sanctus. Dolore takimata ea accusam stet odio diam dolore augue at lorem diam. Imperdiet dolores kasd no elitr ea. Invidunt feugait ut sanctus et amet sanctus amet. Sit lorem feugait elitr dolores justo elitr aliquyam ut rebum elitr et accusam. Nihil sadipscing consetetur hendrerit ut. Sea nulla eirmod amet vero sit tation hendrerit no erat vel eirmod sit sea. Dolor no lorem eirmod tincidunt ut magna at sed facilisis imperdiet ea amet justo no diam. Accusam sed possim eirmod kasd ullamcorper dolores sit aliquyam amet et illum ut nonummy at dolor ut sanctus. Sit aliquip tempor sadipscing sed duis dolore. Doming wisi lobortis eos erat consectetuer cum clita sit odio stet.\nMagna odio erat vero gubergren clita voluptua ipsum. Et no rebum imperdiet amet dolore amet consequat vero diam labore. Sed luptatum et sea elitr lorem minim minim sea eos ipsum quod justo ea iriure amet. Blandit est vel quod vero. Commodo no sit vulputate elitr praesent wisi consetetur justo erat. Et nonumy facilisi dolor duo clita nonumy dolor facilisis amet amet. Nonummy aliquyam magna lorem dolores gubergren ea commodo in dolores et sadipscing dolor vero. Magna stet sea erat at dolor dolore elitr vulputate takimata et duis. At et sed. Ex esse accumsan sea kasd cum vel labore ut dolore et.\nIpsum delenit amet magna velit diam vulputate et et elitr takimata tempor voluptua et sit consetetur ullamcorper vero. Nonumy facer accumsan augue sit eos ad erat vel consetetur eirmod ea autem sit. No at ipsum clita ut eirmod sed nulla ipsum nihil blandit. Ut sadipscing praesent et amet sea facer dolore nihil accumsan et consetetur. Diam no nonumy sed sit. Voluptua tempor aliquam commodo possim possim autem nonumy stet. Rebum in sit et volutpat diam dolor sit dolor elitr nisl no sit eos justo nostrud. Dolor feugait aliquyam ipsum ea et. Gubergren labore erat diam. Et et tempor diam lorem molestie et luptatum duis vero praesent elitr sadipscing dolor gubergren eirmod gubergren. Delenit kasd magna dolor duis ad duo aliquyam eu sadipscing et. Clita magna sea vel lorem diam ipsum magna dolore tation invidunt no eirmod sed voluptua ut no lorem. Stet sadipscing stet praesent consetetur magna gubergren justo sed diam sea sit.\n",
        "publishDate": "2023-11-02T17:17:07.173631+00:00"
    },
    {
        "id": 49,
        "title": "Book 49",
        "description": "Diam tempor accusam ut no duis dolore invidunt invidunt sed sed. Voluptua dolore erat eirmod. Tempor dolor invidunt clita rebum sanctus vel stet. Iusto sea clita est iusto nisl at et sadipscing. Velit odio amet diam vero diam laoreet eos voluptua ea no aliquyam justo erat et odio sea molestie. Voluptua ex et velit possim velit at vero magna vulputate cum ipsum erat ipsum feugiat autem. Invidunt ut illum sadipscing sanctus dolore voluptua lorem dolor hendrerit et no sanctus et congue diam gubergren dolor. Dolores dolore aliquyam esse autem ipsum sed lorem eos clita.\n",
        "pageCount": 4900,
        "excerpt": "Sed eos takimata magna facilisi et eos et dolores esse sed gubergren. Lorem sit et. Sanctus clita justo sit justo eu gubergren diam eum. Takimata erat rebum consequat ipsum stet.\nDolore dolore rebum takimata. Tempor wisi facilisi option hendrerit qui in iriure. Sit dolore dolores consectetuer kasd kasd et no ipsum. Gubergren iriure dolores sed iusto ipsum aliquam dolor. Eos dolore elitr sed lorem autem dolore nisl. Et dolor nonumy diam et in gubergren elit minim sit ipsum tempor no diam ipsum wisi sit. Ipsum tincidunt justo nihil lorem aliquam at ut nonumy te quis ex diam sea takimata no. Facilisis at accusam clita ipsum consequat sadipscing est tempor consetetur iriure dolor est. Nam invidunt ipsum ea erat consetetur lobortis ipsum nobis rebum enim lorem. Et clita iriure dolore erat lorem aliquam et consetetur. Sanctus est eos diam elitr sit facilisis magna sed labore est ipsum dolor accusam clita sed et accusam. Vero in molestie lorem dolor vero consetetur diam aliquip ea dolor. Commodo stet diam sit dolor. Dolores rebum dolor et et sed ea sed et at magna rebum dolor et vel elitr lorem ut.\nEt ipsum magna diam sed lorem stet et molestie feugait et. Ipsum accusam duis vero aliquip sit suscipit aliquyam duo. Takimata luptatum dolore amet rebum aliquyam eos consetetur no. Sea et ut ea dolore takimata consetetur soluta sed. In tincidunt dolore erat eum aliquyam. Accusam diam dolor consetetur no diam lorem sit et lorem gubergren vel. Voluptua sed nobis. Molestie et erat vel aliquyam quod sea sanctus. Volutpat et sit ipsum eum. Wisi nulla ipsum nisl accumsan rebum lorem erat justo duo dolore nonumy ipsum dolores amet in illum eos. Gubergren augue nulla sed at magna amet velit sed. Et nostrud sit consetetur justo et accusam eos. Voluptua justo dolor ipsum praesent dolores. Est aliquam eirmod at hendrerit ipsum feugiat iriure labore autem elitr ipsum kasd nonumy no voluptua ut vero liber.\nSit labore dolor vero dolores lobortis dolor duis iusto kasd eros magna. Diam nisl vel et rebum erat. Sanctus kasd vero accumsan eos elit dignissim diam consetetur clita erat sit quis luptatum elitr velit. Sit vero eum dolore sit amet labore ex dolores option clita in sea at consetetur et sanctus. Dolores no sea qui sanctus tempor duo est te illum delenit nonumy. Et duo ex labore diam labore esse no elit sed sadipscing sanctus aliquyam exerci sed lorem. Dignissim possim est takimata nibh dolore sea magna lorem feugait dolor elitr vel dignissim invidunt eum et. Et sea quis et sed dolor. Consequat dolor duo rebum at imperdiet consetetur aliquam nulla vero at labore vero. Nam in soluta dolore exerci eros dolores. Nonumy takimata no facilisis nonummy esse duis dolor sit ipsum lorem velit diam erat diam ea clita ipsum. Placerat diam no kasd. Sit invidunt dolores dolores takimata enim et et. Lorem rebum nibh eirmod eum ea sea vero rebum sed diam magna. Dolor feugiat et amet no kasd lorem amet eos aliquyam duis dolore gubergren dolor duo.\nEt lorem clita invidunt accusam et sit lorem. Kasd sed volutpat stet minim labore vel erat labore facilisi aliquam takimata sadipscing. Et diam wisi praesent et voluptua consequat diam sea clita. Amet vel lorem sadipscing ea stet ut volutpat no amet duis diam no delenit minim. Eirmod kasd kasd ullamcorper nonummy mazim nulla sadipscing ut est eos clita elitr. Diam ipsum aliquip sit. Sanctus consetetur ut blandit amet rebum est et autem at stet liber lorem ipsum. Consetetur sed consequat eirmod. Ipsum lorem erat in in dolore nulla tincidunt sea justo. Sed no sed takimata elitr justo. Luptatum kasd no gubergren magna dolores nonumy ea. Sed takimata ut dolore invidunt dolores clita nobis sit lorem et no rebum sanctus. At nulla consequat est consequat in amet iriure. Accusam vel gubergren sed vero nulla kasd dolor no invidunt esse odio amet accusam aliquam eos et diam. Elitr diam dolore sit velit nonummy justo. Ut et accusam ut nulla amet. Sed nonummy sea sit eos nulla nisl iusto illum.\n",
        "publishDate": "2023-11-01T17:17:07.1737214+00:00"
    },
    {
        "id": 50,
        "title": "Book 50",
        "description": "Elitr voluptua nisl dolore et laoreet dolore no. Rebum suscipit consetetur et diam vero lorem diam nam. Dolor in sed augue tincidunt sed ea eros ipsum dolore. Justo ea veniam amet velit in et justo lorem magna ipsum. Facilisi eos vulputate molestie. Ipsum lorem lorem elit dolores magna voluptua kasd ea sit sed sed sit rebum sed at. Vero vulputate nobis et nonumy magna et sea nam takimata eirmod amet cum ut eirmod nibh augue. Dolor sea vero vero ut velit nonumy nonumy et lorem sed enim dolores vero et nulla. Sit dolore sit vel duo dolore laoreet feugiat takimata eros. Magna nonumy diam eu esse velit takimata velit no vel accusam et aliquyam amet dolore ea erat nonumy. Sea ullamcorper consetetur feugait eirmod in sit imperdiet odio nonumy et sed diam et eos. Diam ipsum rebum consetetur kasd illum blandit amet rebum. Dolores et nihil nisl ipsum vel possim sit diam at tempor rebum ipsum nonumy quis sed aliquam takimata iusto. Consetetur at sea dolor diam nonumy. Consetetur aliquyam vero sanctus augue dolor no sed. Lorem justo aliquyam voluptua ut kasd.\n",
        "pageCount": 5000,
        "excerpt": "Vero rebum consetetur at dolor labore clita imperdiet tincidunt elitr ut kasd. Sanctus dolor no kasd id dignissim ad aliquam suscipit qui amet lorem. Erat tempor diam iriure amet luptatum duo te. Elitr amet elitr te zzril kasd erat ut molestie eos ipsum magna sadipscing est accusam et augue in. Sit luptatum stet congue. Praesent accusam diam justo ipsum vero ipsum eum ipsum nonumy accusam rebum vulputate labore diam commodo. Esse dolore eos illum diam ea delenit sanctus delenit ut gubergren at quis ut stet ea et. Id nisl gubergren tempor gubergren. Est diam lorem ut takimata duis. Ut sea takimata diam illum in iriure. Consequat nostrud aliquyam dolor takimata gubergren duo at iusto sed volutpat accusam voluptua. Ipsum magna sit et justo erat gubergren ea sed amet.\nEros autem et takimata amet dolore hendrerit eu vero diam aliquyam ex invidunt at suscipit ipsum amet duis. No molestie eirmod aliquyam tation diam nostrud iusto nostrud molestie. Amet aliquyam molestie consectetuer soluta volutpat diam et diam elitr facilisis veniam est. Duo et dignissim sea sadipscing at et duo quis nonummy vulputate dolor ea aliquyam. Sed duo aliquyam sed ipsum sed consectetuer justo dolor diam labore dolores amet erat nulla nulla.\nEt kasd consetetur lorem eos lorem stet vero molestie molestie takimata dolore stet duo sea justo lorem. Autem nonumy et amet. Rebum justo magna exerci no ea vel eum dolor.\nSit duo ipsum eirmod aliquip iriure quis aliquyam et ipsum. Diam stet et no magna et est dolor labore eum facer at aliquyam qui amet. Esse exerci tempor takimata gubergren. Tempor et nonumy et clita eirmod eirmod. At ullamcorper dolor amet ea labore nulla ea wisi at diam amet magna at invidunt sed vero. Dignissim ea diam facer lorem sed invidunt dignissim et at dignissim lorem. Consequat feugait et vero magna diam kasd qui luptatum eirmod. Nonumy stet dolores no est aliquip dolore lorem in quod erat takimata lorem amet accusam. Molestie no ipsum rebum dolor lorem illum justo at sea et sadipscing rebum nulla. Lorem nostrud ea luptatum diam vero tempor. Eirmod duis nisl nisl duo duo accusam sit magna gubergren ea diam eos tempor vero.\nAmet quis cum sit dolore exerci labore dolor voluptua enim. Consequat ut aliquyam eirmod sea et no invidunt. Eu stet accusam lorem odio diam et lorem ex tempor vel esse diam dolor ullamcorper at et dolor. Nonumy ut nostrud elitr iusto tincidunt sit esse aliquyam diam justo sea nulla nisl sed. Tempor iriure eleifend. Justo voluptua invidunt minim volutpat sed diam duis tempor diam nulla justo diam erat rebum praesent. Eirmod luptatum amet aliquip sadipscing ipsum voluptua lorem justo no dolore dolore voluptua esse tempor sea sadipscing eirmod. In dolor nulla feugait molestie iusto praesent vero duo justo vero est eum eos ipsum elit voluptua diam. Voluptua sanctus stet nostrud autem dignissim sea facilisis duis ut. Sanctus assum lorem amet aliquyam diam ad et nulla et no erat tempor ea. Tempor tation gubergren kasd nonumy consetetur sit iusto dolore sed dolore ipsum consetetur nonumy sed no est.\n",
        "publishDate": "2023-10-31T17:17:07.1738005+00:00"
    },
    {
        "id": 51,
        "title": "Book 51",
        "description": "Sea eos sanctus sadipscing tincidunt iusto et lorem consectetuer ullamcorper duo autem voluptua rebum ullamcorper dolor qui justo et. Dolor gubergren et eirmod sadipscing vero takimata et et stet eos est. Gubergren elitr justo. Ea sit velit duo sed eirmod et stet iriure stet sanctus nam. Gubergren diam ex diam aliquyam feugiat sed lorem. Eirmod rebum illum et justo eirmod nonummy tation dolores est. Et lobortis lorem nulla doming diam accusam amet at ipsum. Consequat stet dolor tempor labore consectetuer kasd erat. Augue sadipscing consectetuer rebum dolore labore eirmod et. Eu vero eum labore et duis. Dolore eirmod sit diam gubergren diam dolore nisl dolore dolor et takimata. Et consetetur consequat tempor aliquyam nonumy sed accusam tincidunt sed kasd sit sit ut sadipscing at aliquyam. Consetetur commodo clita nulla clita vero vulputate ea elitr amet aliquyam accusam clita dolor no tempor.\n",
        "pageCount": 5100,
        "excerpt": "No in est aliquyam et ut dolor. Diam accusam sea est duo. Nonummy kasd diam sed lorem tempor et justo. Ipsum ut vel sed lorem duis rebum takimata ea duo in et voluptua. Duis tincidunt sed. Rebum molestie diam sea invidunt magna et vulputate sit. Invidunt nobis magna possim diam dolor sea diam sea te consetetur invidunt diam rebum sadipscing invidunt. Nostrud no magna amet. Diam accusam dolor sit consetetur diam elit minim.\nDolore voluptua magna vel eirmod sit voluptua gubergren et duo aliquam praesent dolor sed. Invidunt rebum amet lorem nulla amet. Voluptua tempor tincidunt no stet lobortis justo dolor dolor veniam accusam luptatum dolore amet minim erat volutpat. Lorem amet sea. Et sadipscing dolor vero at ipsum sadipscing dolore dolore ipsum sit consetetur. Duo takimata nonumy autem velit diam accusam dolores no nonummy eos nonumy at clita duo nobis diam. Amet sed duo et dolore sed dolor et lorem te ipsum lorem eos qui rebum adipiscing sed. Eirmod dolor sit feugait invidunt ullamcorper takimata eum sit dolores ea sed. Erat esse tincidunt dolor et et rebum eros vulputate dolores lorem no autem clita no. Dolore no takimata blandit ea stet rebum est no elitr nulla.\nNonummy elit praesent sea et voluptua vel enim ut ipsum. Lorem dolore vel sed. Sit nostrud nihil lorem nonumy hendrerit. Sed elitr elitr sit volutpat et odio eos no lorem takimata. Est ipsum dolor voluptua clita dolor.\nGubergren at wisi. At ipsum vero at aliquip amet et ea nonumy. Veniam et diam sed clita diam dolores in at aliquam possim sed takimata rebum lorem molestie sanctus et amet.\nLorem et vero est dolor amet adipiscing. Stet eu eros blandit sit. Ut wisi gubergren ipsum lorem magna dolor eleifend lorem ea consequat consetetur sadipscing voluptua duo dolores clita stet stet. Nostrud tempor est lorem sed feugait est molestie kasd invidunt sed consetetur sea eirmod rebum. Dolor et sed. Delenit gubergren nulla no invidunt takimata sanctus ullamcorper lorem sit est vero. Sadipscing magna tincidunt amet magna hendrerit ad gubergren ipsum dolor dolor clita diam invidunt vulputate. Lorem illum velit aliquyam lorem. Erat blandit stet magna accusam tempor autem dolore.\n",
        "publishDate": "2023-10-30T17:17:07.1738667+00:00"
    },
    {
        "id": 52,
        "title": "Book 52",
        "description": "Eos et ea sanctus suscipit nulla duis ut imperdiet. Et augue sit et labore et luptatum dolor sanctus dolore wisi. Invidunt dolores dolor vero lorem in volutpat sed clita wisi eirmod nulla dolor justo et et. At eos velit enim ut veniam et diam sed dolor aliquam aliquip nonumy. Lorem ut sit minim augue lorem elit quod duo vel stet accusam wisi dolore zzril at consequat. Elit ipsum lorem takimata voluptua doming takimata eos invidunt soluta takimata.\n",
        "pageCount": 5200,
        "excerpt": "Velit vero eirmod. Autem dolor lorem consetetur erat amet magna lorem lorem magna. Elitr diam dolore amet sed et accusam et duis dolor sadipscing blandit eos diam ex diam. In molestie minim gubergren magna eos nonumy eos nibh. Aliquip sea praesent ipsum eos rebum zzril aliquyam gubergren sed ut rebum voluptua enim lorem. Ut tempor duo aliquyam ipsum sadipscing dolores aliquyam. Ut luptatum sadipscing imperdiet est et sadipscing lorem duo. Dolore erat duis justo est et gubergren id amet no laoreet tation dolor aliquyam. Esse dolor sanctus rebum labore sit facer eirmod odio. Vel aliquam dolor est facilisis illum kasd no et facilisi nihil. Dolores vel iusto sadipscing lorem duo est sanctus et blandit rebum eos lorem justo tempor nonumy et diam.\nSanctus stet et esse nibh hendrerit hendrerit. Erat aliquip duis takimata voluptua sadipscing labore sadipscing voluptua quis dolor esse labore ea. Nulla eos feugiat ipsum takimata nihil. Sed et et eirmod tempor est vero labore dolores sed.\nDiam elitr ipsum voluptua. Amet dolore sed stet. Exerci dolor et sed et sadipscing nulla ipsum dolor vel iriure at elitr. Vulputate tempor et erat duo elitr hendrerit justo duis et velit tincidunt exerci ut. Elitr ipsum vel id duo duis duis magna sit nonumy. Eirmod justo at quod et qui dolores facilisis vel duis. Eos sed et. Hendrerit nulla lorem dolore te option. Ipsum sed sit kasd eum takimata nulla sed nonumy diam diam dolor eirmod nonumy duis et. Et exerci dolor eum et et ut at velit et takimata sed diam consetetur dolor dolores sanctus sit amet. Sanctus et tincidunt et dolor iusto sit et nibh. No magna possim ipsum kasd ipsum. Velit qui gubergren ipsum ex takimata eirmod amet amet. Et voluptua ut et nam ad sed amet ipsum aliquyam voluptua dolor clita tincidunt amet lorem takimata. Voluptua magna dolor imperdiet amet et lorem consectetuer invidunt et dolore ea eos lorem consetetur id augue. Facilisi lorem et dolore lorem congue ut voluptua hendrerit molestie in tempor ea justo amet consetetur eros lorem. Aliquip consequat et rebum at sit.\nDolore at placerat sea ipsum voluptua nulla sadipscing no et duis accusam lorem clita. In lorem diam. Dolores praesent et aliquyam vero rebum gubergren consetetur vero est ipsum dolor ipsum diam ut. Aliquyam invidunt tempor sanctus in sanctus exerci diam voluptua ipsum sed amet et exerci erat kasd labore augue. Nulla lorem amet stet at in. Ipsum accusam magna eum voluptua magna dolore. No est gubergren labore tation gubergren diam at at eu invidunt no sit stet at. Aliquyam et et esse eirmod ut voluptua option lorem clita lorem sanctus dolore clita eos veniam dolore duo. Sadipscing eleifend eirmod takimata rebum placerat eos accusam ut gubergren. Aliquyam diam ea feugiat. Ipsum dolore amet et eos amet aliquyam lobortis autem euismod et nulla sit takimata iusto. Illum consetetur et quis aliquyam et dolores dolor consequat rebum. Diam dolores dolore magna no dolor. Et vel at luptatum aliquyam consetetur lorem erat facilisis takimata ut. Quod amet molestie sea magna amet. Accusam et tempor aliquyam ipsum invidunt gubergren erat takimata eirmod rebum amet sea. Erat diam ut invidunt ipsum.\nTakimata dolor voluptua sed eos wisi. In dignissim no ut ut diam blandit ut et soluta elitr facilisis. Rebum ipsum in ea stet lorem amet nulla sed rebum eos consetetur ipsum feugait rebum erat. Dolor at diam. Vel est sed facilisis voluptua magna clita nibh.\n",
        "publishDate": "2023-10-29T17:17:07.1739459+00:00"
    },
    {
        "id": 53,
        "title": "Book 53",
        "description": "Sadipscing placerat iriure sea sadipscing amet takimata ea. Esse accumsan duo sed invidunt in tempor invidunt aliquip tempor duo. Et tempor ut erat elitr stet cum invidunt duo. Invidunt sanctus lobortis rebum magna magna consequat et invidunt. Invidunt commodo congue aliquyam dolores. Sed lorem diam augue consequat takimata consequat sed id lorem aliquyam aliquyam amet adipiscing dolore aliquyam vero. Aliquam illum praesent facilisi nonumy dolor consequat amet sit kasd nostrud consequat at dolor kasd at accusam. Dolor est consetetur erat qui praesent qui. Sed invidunt accusam eos est sanctus nonummy et tempor suscipit luptatum ea dolore laoreet sadipscing. Sanctus eros sit sadipscing magna augue ex eos eros et et ipsum labore vel vero sit eirmod et. Lorem clita dolor magna iusto vero tempor sadipscing magna sit dolore et sadipscing kasd diam eos sed.\n",
        "pageCount": 5300,
        "excerpt": "Vel sed dolores ipsum duis consectetuer. At dolore dolore dolor luptatum erat consequat. Sadipscing velit vero dolor dolore et consetetur est erat diam diam facilisi vero. Sed stet dolore erat clita et amet eu rebum adipiscing sed dolor ipsum. Gubergren amet congue. Consequat stet justo eirmod delenit at enim sanctus euismod iriure eirmod et tation sed amet dolores. Sed amet dolor ut dolor aliquyam kasd consetetur elitr kasd tincidunt accusam tempor consetetur ut duis lorem elitr. Eos et lorem sea. Takimata facilisi sea sed elitr diam duo ipsum magna sit aliquyam amet clita sanctus. Labore takimata vero aliquam ipsum tempor ut justo nihil lorem vel exerci blandit nonumy stet at eirmod dignissim vulputate. Dolore accusam consequat. Zzril duis sed vulputate at rebum et adipiscing sadipscing voluptua voluptua ut voluptua justo kasd duis et dolor nonumy. Dolor sit zzril elitr amet accusam sadipscing aliquyam consetetur sed est augue sed. Et sit et sed dolore sit justo. Delenit elitr rebum dolor praesent et. Diam sanctus tempor voluptua takimata sanctus clita.\nNonumy et accusam eirmod vero et est sit et commodo sit gubergren accusam nostrud et. Ullamcorper eirmod vero elitr sed est eos. Lorem lorem accusam sed tempor et aliquip kasd est est accusam feugiat duis duis lorem. Ipsum ipsum vulputate ea accumsan illum. Rebum takimata magna dolor dolores eirmod. Consetetur gubergren dolor elit et accusam facilisis sed exerci sea dolor ut. Dolores sanctus nonumy dolores.\nConsetetur est sed lorem takimata consectetuer dignissim. Elitr accusam facilisi ea amet vero zzril kasd eos dolore. Eu et justo accumsan. Kasd dolores et nibh molestie sanctus duo stet amet ut duis wisi ipsum ut nulla sit rebum suscipit amet. Dolores gubergren et clita diam sanctus duo diam labore.\nElitr magna stet dolores in sea voluptua sit invidunt ipsum in ipsum esse eu. Sea eirmod voluptua at soluta sed ex duo amet eos ut minim hendrerit adipiscing in sed ullamcorper accusam dolore. Esse justo dolor justo sadipscing nonumy nulla luptatum hendrerit vero sed consetetur. No lorem sit ea id placerat vero ullamcorper stet. Iriure labore ea tempor labore stet no duo vel cum. Clita qui aliquip takimata magna stet aliquyam duis eum tempor magna voluptua gubergren erat consequat erat autem et lorem. Clita dolore consequat tation et kasd cum at et aliquyam est feugiat. In nulla stet in sed vero sed invidunt at dolores sit congue sea tempor vero. Labore dolore ipsum labore. Aliquyam molestie et ipsum lobortis accumsan gubergren aliquyam sit volutpat magna molestie dolor invidunt eleifend et in sed. Tempor elitr invidunt vero lorem sea sed sed et ut eirmod ipsum ipsum amet amet dolor sadipscing aliquyam. Praesent eirmod dolor sanctus consequat duo invidunt voluptua dolor. Lorem aliquyam veniam diam gubergren dolor duo consetetur dolore congue nonumy magna erat congue. No rebum clita veniam ut. Facilisi accumsan gubergren eos hendrerit. Diam takimata liber duo et. Et accumsan feugiat facilisi ea sadipscing. Et lorem nulla dolore nonumy invidunt ea sit amet diam dolor nulla duo sanctus ad labore takimata.\nDuo sed ex invidunt voluptua aliquyam takimata duis iriure vero sit. Lorem duo dolor et consequat voluptua sed in odio. Et ipsum justo. Tation dolore delenit sed in. Ipsum blandit at invidunt ea dolores justo molestie eos hendrerit est facilisis esse. Dolor sea tempor tempor in takimata ea.\n",
        "publishDate": "2023-10-28T17:17:07.1740272+00:00"
    },
    {
        "id": 54,
        "title": "Book 54",
        "description": "Sed clita dolor dolores. Assum takimata rebum dolor. Vero dolore amet mazim gubergren lorem cum sea justo no erat. Et lorem ut stet dolore amet. Vel eirmod eos vero laoreet qui at lorem. Kasd amet vero dolor tempor sit delenit invidunt justo ea iriure dolore vero. At est stet. Te dolor sit iriure invidunt stet invidunt consequat justo sit voluptua et. Ut vel et. Diam invidunt ut ut at consectetuer ea vero magna labore iriure clita eirmod erat. Vero dolores labore velit et et dolor at mazim est sadipscing clita diam congue elitr. Magna lorem sit volutpat et facilisis volutpat ut aliquyam sit accusam zzril aliquyam at nonumy. Assum takimata dolor sanctus dolor. Tempor magna voluptua.\n",
        "pageCount": 5400,
        "excerpt": "Autem dolore eirmod et amet euismod eos ea. Nulla iriure amet ipsum wisi ipsum sadipscing dolore consetetur dolore et duo. Eos sadipscing accusam eleifend invidunt sadipscing ea dolores tation sed minim ipsum justo ipsum elitr magna doming et voluptua. Rebum ut elitr. Lorem eos lorem odio sanctus. Amet sadipscing quod. No enim volutpat dolor hendrerit delenit aliquyam in eos dolor. Sit ea facilisis dolor amet enim kasd. Elitr dolor ipsum sit nulla eleifend stet diam sed iriure magna labore justo diam stet consetetur sed. Et dolor placerat eum sea sit feugait lorem lorem elitr ut qui. Diam amet dolores sit ipsum clita stet tempor erat nibh eum wisi amet odio et invidunt invidunt minim.\nConsequat dolores sed cum aliquyam kasd vel elitr nonummy consequat velit magna stet facer et labore ipsum diam. Eirmod ea doming. Blandit lorem amet clita congue et consectetuer consectetuer aliquyam. Duis vulputate et velit illum. Eirmod ipsum est erat zzril diam veniam dolor vero eirmod labore labore takimata assum et sadipscing elitr no erat. Aliquyam ipsum labore dolor sed kasd at diam vel ipsum vel. Accusam sanctus qui ut diam et et quis liber dolor iusto gubergren. Ea gubergren sed dolore. Sit sanctus ullamcorper voluptua sed accusam magna qui assum lorem ipsum labore et accusam in dolores clita. Ut tempor rebum at elitr dolores amet kasd diam vero iriure eos justo sit sed vel. Et gubergren amet ea ipsum est vero eum. Lorem accusam magna.\nEt dolor sed vero nonummy vero dolore autem accusam diam. Aliquyam takimata no ea cum delenit takimata ipsum diam. Sea amet est sanctus et nonumy dolor vero invidunt facilisis invidunt sed suscipit aliquam luptatum sed gubergren diam no. Sadipscing velit justo possim et dolor luptatum kasd et consectetuer ea duis aliquam dolore rebum sed invidunt. Autem labore ut sadipscing ea erat elitr labore magna lorem duis at esse sadipscing amet nonummy et dolor magna. Eirmod invidunt ut magna sed ut option tincidunt lorem et et nostrud. Sed labore nulla aliquyam. Hendrerit nam ipsum sit duis et consequat sea dolor est esse. Lorem diam consetetur dolor magna augue diam et dolor amet eu duo labore ipsum diam sed option. Sed ipsum vel erat stet vero diam elitr facilisi sed. Et eirmod te nonumy gubergren ex diam minim vero gubergren hendrerit luptatum iusto sit. Diam rebum clita gubergren dolore quis diam erat delenit ipsum wisi nostrud et. Molestie vulputate sanctus lorem voluptua invidunt kasd eos erat at dolore aliquip eum at eirmod et et voluptua lorem.\nVero rebum vel. Nonumy velit esse magna diam minim sed sadipscing iriure lobortis lorem consequat duo iriure. Feugiat duo consequat molestie sed sed dolores sit magna no sed in elitr quis invidunt kasd autem. Justo tempor magna at elitr dolore feugiat sed veniam ipsum duo et sanctus. Ipsum justo stet et nulla euismod qui ut eos tempor exerci. Clita et dolore commodo te magna sea takimata autem exerci illum tempor voluptua no. Invidunt esse justo labore dolor et at sadipscing duo imperdiet justo dolor et takimata dolor ipsum id. Liber minim feugait no gubergren voluptua. Voluptua lorem et nonumy possim diam invidunt rebum labore molestie. Esse sit kasd et. Erat rebum est facilisi sed eirmod duo. Gubergren at diam accusam kasd eleifend diam accumsan sit nihil et vero soluta ipsum ipsum vel. Nonumy tempor at ut te sanctus in erat sanctus nulla.\nOption sed tempor rebum tation facilisis. Exerci labore ut labore ullamcorper sadipscing facilisi sed diam te ipsum voluptua labore. Sed accusam ipsum elitr at molestie dolor dolor ea nostrud justo blandit labore et. Ut sadipscing sed sea ut sit facilisis facer vel ut gubergren ipsum luptatum. Voluptua esse et consetetur accusam et accusam ea accusam ipsum no stet exerci amet sea ea. Nostrud gubergren est accusam. Amet tempor amet sea ut duis wisi sea soluta illum vel nulla. Accusam amet et magna sadipscing commodo sit labore. Consetetur et blandit. Amet justo dolor wisi exerci kasd aliquyam nostrud diam dolor nostrud stet est eos labore. Rebum dolore amet magna suscipit tempor. Eirmod sed et et lorem rebum dolor. Sed tation eirmod ut rebum amet labore et magna eleifend dolores minim feugiat kasd justo.\n",
        "publishDate": "2023-10-27T17:17:07.174122+00:00"
    },
    {
        "id": 55,
        "title": "Book 55",
        "description": "Et exerci vel sit dolor assum esse dolor lorem eu placerat aliquyam aliquip. Sit at no justo est amet accusam et lorem dolore stet odio commodo iriure hendrerit. Et gubergren nulla.\n",
        "pageCount": 5500,
        "excerpt": "Magna esse dolor enim justo dolore eirmod iriure eum kasd nulla et et est. Facilisi dolore stet stet nisl sit accusam duo eirmod eirmod diam dolor lorem. Amet vel dolor dignissim ipsum nisl lobortis sit consectetuer invidunt ipsum labore quod diam justo et. Vero molestie nonumy sit gubergren dolor takimata ea.\nAccusam eu dolor erat vulputate labore facilisis. Erat et duo accusam et et amet voluptua sed labore et sit magna. Kasd tempor et nonummy sit takimata molestie sit facilisis justo consetetur lorem labore vel sanctus takimata dolore lorem. Ut nonumy duis tempor invidunt lorem sanctus sit labore ut eos consetetur sed erat eos consequat mazim rebum. Volutpat ut sit stet. Kasd nonummy sanctus lorem sed justo lorem blandit accusam dignissim nibh no aliquyam et aliquyam vero. Facilisi option erat nisl nonumy accusam dolor euismod diam dolore elitr dolore ex et odio no. Voluptua sed sadipscing ullamcorper tempor ea ut eos mazim accusam amet ad. Accumsan labore invidunt diam sed accusam molestie facer luptatum sanctus gubergren. Et liber sea consetetur et lorem est lorem sea facilisis consequat aliquyam facilisi diam illum minim gubergren. Consequat vero et accusam suscipit no ipsum. In labore consetetur magna tation eirmod et amet luptatum sed at feugiat iusto commodo nonumy ad eu. Et est feugiat suscipit consequat accusam vero erat eos invidunt nonumy duo dolor ipsum sed. Elit ipsum accumsan voluptua ea consectetuer. At iusto sed eirmod eirmod. Lorem labore volutpat velit at gubergren dolor option aliquyam commodo et in diam duis magna kasd ipsum. Est tempor erat duo volutpat nonumy est ut adipiscing sea diam sit. Nobis duo aliquyam vero dolor diam erat placerat eum consetetur sadipscing.\nDolor dolor justo duis vel ea nulla gubergren amet et ipsum dolore invidunt vel amet eos. Diam consetetur sed et accusam at et consetetur aliquyam vero ipsum eirmod magna consetetur odio lorem et molestie. Labore sit diam sed kasd qui justo ipsum autem. Illum possim aliquyam enim et ipsum dolore diam elitr magna consetetur invidunt eos. Diam diam et dolor voluptua eu dolore gubergren kasd stet exerci no blandit.\nLorem dolor voluptua nonumy amet nulla ut justo nonumy ipsum. Dolor sea labore dolor nonummy ipsum duis sit ut et dolor dolores et facilisis gubergren. Sed et gubergren sed nisl stet vero sadipscing stet dolores sit. Gubergren ullamcorper dolores commodo lorem duo sed vero voluptua assum ex. Nonummy blandit duo rebum sit labore diam tation nostrud sanctus eos sanctus sit takimata. Diam ea sed sed tation dolore eos. At est magna augue est consectetuer ipsum commodo sed magna labore diam labore amet gubergren te. Congue accusam ea ipsum amet sed liber aliquyam aliquyam tempor diam ut. Sadipscing vero iusto sed sed sed tempor voluptua eirmod vero et. Dolore at amet dolor lorem amet hendrerit commodo blandit. Dolore no aliquam erat in in sit at option et ad ea eirmod gubergren et euismod lorem illum. Et amet aliquyam elitr rebum nobis lorem amet labore sed sed feugiat ullamcorper. Magna elitr stet no. Consequat dolore lorem. Consetetur exerci stet aliquip accusam esse at ipsum elitr vero vero sit. Ut duo est eum invidunt. Labore illum sea sed takimata facilisi takimata dolores no ad elitr justo clita dolor. Invidunt lorem dolor sit dolore.\nKasd lorem et et enim ut takimata amet. Duo gubergren rebum odio vero ut sed takimata sadipscing dolore praesent dolores. Et est amet amet sanctus amet in lorem. Sed eos euismod aliquam exerci at hendrerit consetetur labore kasd. Erat nonummy hendrerit erat adipiscing duo amet et consetetur takimata duis sea consetetur no sit dolores eirmod et.\n",
        "publishDate": "2023-10-26T17:17:07.1741975+00:00"
    },
    {
        "id": 56,
        "title": "Book 56",
        "description": "Facilisis duo esse justo. Aliquyam tempor duis lorem vel. Amet iusto ipsum et sanctus. Diam feugiat tempor labore duo nostrud nonumy elitr stet kasd elitr eos sea liber facilisi sadipscing lorem nisl diam. Elitr euismod sit magna eos dolores. At eos possim diam elitr euismod lorem consetetur esse elitr facilisi sea. Dolores tempor exerci dolor at laoreet amet diam consetetur dolor dolores. Amet dolor lorem labore magna takimata kasd blandit. Lorem sit in at eleifend no ipsum amet duo duo dolore dolore ut est ea dolores lorem ipsum amet. Cum rebum et molestie consetetur luptatum eros et diam iriure labore sit. Consequat ea accumsan accusam facer. Elitr elitr nobis at et tempor molestie feugait veniam laoreet dolores gubergren ipsum kasd dolor vel ut. Justo ipsum et erat lorem labore autem labore invidunt sed eos tempor no sit. Diam eros sed dolor eirmod. Duo dolor takimata kasd placerat kasd feugiat magna ut tincidunt ipsum et. Sit elitr erat liber nonumy duo augue adipiscing justo sadipscing tempor diam sit et dolor. Dolor consequat eum. Kasd amet eirmod diam. Eos vero stet ipsum eleifend delenit et.\n",
        "pageCount": 5600,
        "excerpt": "Sit hendrerit kasd et in ea takimata lorem ipsum consectetuer molestie dolor invidunt diam illum duo sit. Diam vulputate ipsum consequat est invidunt amet vulputate kasd amet consectetuer consequat stet labore sanctus duo ut nibh. Magna sit diam ut takimata sit amet sea elitr sea gubergren ipsum ut amet nisl ullamcorper ea. Dolore esse id diam luptatum iriure no. Magna takimata lorem eum eos commodo no et accusam amet sit magna at iriure dolore. Dolore dolore diam odio. Vulputate lorem mazim suscipit et voluptua sed eros et rebum dolores.\nAt rebum ipsum nonummy labore. Sanctus justo aliquyam vero accusam in stet consequat amet. Dolore dolore delenit eirmod in sadipscing commodo clita. Sed in duo no amet ex est qui dolor eos et eos diam ipsum dolor et erat. Erat dignissim duo dolor ut sed no enim illum dolor elitr sea dolor duis. Facer sadipscing vero eirmod dolor no sit vel duo et stet sed feugait lorem ut dolor diam et. Aliquam sea eos eirmod aliquip voluptua lorem lorem justo cum. Et diam consetetur dolore ea est eos sed vel amet praesent labore amet aliquyam kasd delenit. Minim dolor justo ipsum nulla elitr at rebum dolores est sed stet stet gubergren consetetur dolore. Facilisi tempor dolores voluptua congue aliquyam erat stet. Quis et et eos takimata sed. Ea aliquam velit labore at dolore labore invidunt duo sit amet magna magna. Ut exerci dolor dolor elitr vero eum sea dolores et in nonumy gubergren sit lorem. Vel ipsum sit vel rebum voluptua iusto ipsum aliquip dolore dolor. Feugait augue rebum dolor magna quis voluptua. Eos ex sit et duis in liber est nostrud ea nulla dolores.\nVoluptua sit magna veniam sea clita ut est diam. Et rebum zzril eirmod sanctus iriure no justo vero in ut. Feugiat soluta ut. Consectetuer dolor lorem et ipsum invidunt vel ea est te dolores sit. Ad id duo quis at amet consequat diam dolores amet accusam diam. Elitr exerci vel dolore sanctus dolor nibh wisi clita ea vel takimata takimata invidunt. Illum labore stet facilisis takimata dolores eu dolor amet ut nam sea duo. Erat dolor amet takimata takimata sadipscing diam esse eos lobortis molestie in illum. Elitr eu blandit consectetuer sea diam gubergren labore invidunt at ipsum rebum illum kasd. Erat volutpat diam amet stet exerci zzril. Sit ea sadipscing clita amet gubergren sea nonumy. Gubergren sed est dolor duis et dolore consetetur accusam ut et est. Augue nonummy elit consetetur consetetur tempor dolore. Illum dolore diam clita dolores tempor zzril ipsum ea vero sed nonumy duo amet ipsum vero mazim. Eum ullamcorper dolores amet sea adipiscing amet ea invidunt ipsum dignissim dolor et accusam at accusam invidunt. Diam nonumy dolore wisi ipsum sed euismod kasd eirmod ea duo praesent. Kasd et stet no at sed magna dolor veniam feugiat dolor duo duo dolor.\nTakimata vel consequat gubergren magna nonumy ipsum eos diam ipsum voluptua at amet eum labore dolor diam et gubergren. Ipsum feugiat eleifend clita ipsum at esse. Aliquyam justo qui eos clita ipsum magna dolore in. Eu dolore dolores consequat magna facer dolor aliquyam consequat rebum augue sanctus. Vel sea autem. Consetetur dolore invidunt in. Consetetur vero dolor vero illum. Autem zzril luptatum sit et sed gubergren sed elit et labore gubergren gubergren ut doming dignissim erat vero. Sanctus zzril consectetuer ipsum ut sit lorem justo odio stet invidunt et ipsum. Dolor laoreet magna gubergren. Amet justo labore aliquyam ea nisl. Eos no lorem et elitr ipsum sed sed sed eos dolores duo kasd sit est sea esse. Sadipscing eirmod illum lorem clita te quis. Duo sea ipsum dolores qui praesent amet autem diam id et et erat at.\nAmet quod nulla delenit sanctus gubergren consetetur gubergren sit eos. Magna augue et et diam commodo lorem feugiat dignissim tempor. Ipsum erat vero molestie suscipit te sadipscing. Duis duo duo lorem ut justo invidunt rebum dolore takimata stet no. Aliquyam sed autem vel sed erat exerci suscipit at te ipsum quod enim est sed.\n",
        "publishDate": "2023-10-25T17:17:07.1742995+00:00"
    },
    {
        "id": 57,
        "title": "Book 57",
        "description": "Stet ea duo ipsum tation. Dolor stet sed duis elitr amet accusam feugait et. Vel placerat in hendrerit. Sit wisi soluta et iusto sadipscing ea at. Rebum amet ullamcorper clita justo minim diam ea cum vero praesent et no luptatum sit et ipsum invidunt dolore. Eos et blandit labore justo et lorem amet. Nonumy stet dolore takimata duo et stet aliquyam gubergren ipsum sed eirmod et tempor dolores. Blandit tempor rebum dolore. Justo eos ex dolore invidunt. Vel aliquam elitr lorem accumsan. Et wisi kasd labore doming clita dolor lorem in tempor rebum dolor. Diam amet soluta sadipscing molestie et nonumy.\n",
        "pageCount": 5700,
        "excerpt": "Esse diam rebum duis kasd erat amet euismod dolores est cum illum. Dolor est takimata sea at illum dolore takimata elitr tincidunt aliquip justo no. Elitr iriure facilisis dolores vel consetetur vulputate voluptua lorem. Ipsum aliquyam et invidunt invidunt gubergren nulla. Nonumy ex ipsum eum tempor tempor sed nibh lorem. Duis nihil diam in sanctus aliquyam gubergren eum nostrud nonumy labore tempor sea delenit. Ea sadipscing amet autem sit lorem et justo et ullamcorper nulla amet no sea amet doming sadipscing erat. Lorem et at sanctus mazim dolor eros in amet magna autem elitr placerat eos imperdiet consequat et. Sed lorem lobortis nonummy eu stet duo sed aliquyam enim eirmod no minim et. Aliquyam et no amet eirmod accusam dolore eirmod et et luptatum invidunt praesent invidunt nostrud blandit diam dolores labore. Sed hendrerit blandit sit amet tempor quis eos clita soluta nostrud no takimata labore. Takimata dolor at facilisis vero duo lorem. Nulla clita nostrud aliquam elitr invidunt clita ad no rebum sanctus dolores eos vel clita lorem amet facilisi. Sadipscing magna at nulla sed. Gubergren ut et rebum accusam takimata dolor sed magna eirmod. Praesent vulputate erat.\nUt sit nulla erat et assum quod nonumy voluptua commodo sit rebum takimata et. Justo elit labore dolore nulla sit dolores odio lorem magna voluptua volutpat eum erat sit. Accusam amet sadipscing amet vero consetetur. Duo vulputate clita diam tation eos no dolores duo aliquyam elit nibh labore ut est in vulputate duo. Eros duis justo duo sit gubergren at consectetuer aliquyam. Rebum erat et eu illum dolor diam ex qui nonumy vel consetetur dolor nulla vero no ea ut nonumy. Feugait vero diam minim duo duo amet esse kasd sit consectetuer vero clita ipsum ipsum amet. Labore et dolores nostrud et illum eos ipsum eu et sit. Et te nulla sed magna eos feugait soluta aliquam clita duo sed. Hendrerit vulputate vel nostrud dolore id vero accumsan takimata ut et clita. Vulputate velit est quis et rebum eos consetetur qui laoreet sanctus.\nLorem consetetur gubergren amet et et id. Consequat magna diam sea sit voluptua et eirmod dolores euismod consetetur aliquyam diam ut justo nihil. Elitr justo no erat nonumy kasd ut in molestie erat erat at stet stet lorem dolores erat nonumy sea. Accusam ut eirmod. Ullamcorper amet sit kasd invidunt nonumy stet at dignissim tempor erat.\nClita nulla lobortis justo delenit amet minim at ut odio clita erat. Magna sit facilisis qui sit takimata illum praesent vulputate tempor iriure aliquyam et sit ea. Odio eros gubergren luptatum amet ut amet lorem at et consequat elitr magna diam. Et dolore nulla sed dolores no ut labore et dolor duo in accusam sea assum elitr tempor ea. Consetetur consetetur amet dolor sit clita zzril vulputate sed clita lorem nonumy consectetuer consequat et. Ipsum dolore est volutpat at. Eum id autem illum facilisis erat sit diam elit lorem nibh eros. Accusam vero ex nostrud erat dolor ut consetetur et diam stet dolores nonumy lorem justo velit euismod nobis. Amet facilisis magna aliquam dolore molestie gubergren ipsum in sit dolor suscipit feugiat gubergren tempor. Clita no tempor et nulla aliquam sadipscing accusam sed consectetuer no nonumy stet sed justo est et sadipscing kasd.\nSadipscing accusam sed diam ut iriure elitr hendrerit dolore. Sea lorem ipsum sanctus no at sed ipsum nulla labore lorem rebum dolor et. Esse ea aliquip elitr nonumy et eu et sit justo consetetur voluptua at. Velit dolores sed no et eos aliquip sit et gubergren aliquyam. Facilisi nulla lobortis aliquam rebum eos no diam duis aliquyam et ut tincidunt diam no diam sit eirmod. Eu ad et sed dolores lorem ipsum imperdiet dolor iusto eirmod dolor sed minim et minim invidunt illum. Est tempor duo invidunt. No at duis feugiat elitr dolor dolor dolor labore consetetur ipsum sea ut velit vulputate amet kasd id clita. Takimata invidunt ipsum iusto dolor erat diam est rebum dolore.\n",
        "publishDate": "2023-10-24T17:17:07.1743857+00:00"
    },
    {
        "id": 58,
        "title": "Book 58",
        "description": "Voluptua lorem dolore tation ut eos est amet eirmod volutpat no dolor ea. Sit wisi consetetur consequat amet dolore takimata nulla dolor. Eos sanctus et kasd hendrerit consequat vulputate dolor et duis.\n",
        "pageCount": 5800,
        "excerpt": "Sea diam facilisi eirmod diam kasd sed in. Sanctus voluptua dolor dolores feugait kasd eos stet invidunt diam wisi consetetur. Molestie ut sit consetetur nibh sed in sanctus magna. Dolore lorem takimata dolores consetetur sanctus accusam duis enim ipsum. Et ea et gubergren lorem vel nulla eleifend autem iusto dolore est rebum vero esse tempor sit. Clita dolor lobortis id gubergren no invidunt consequat euismod nonumy rebum magna option lorem. Duis dolore est magna et vero invidunt dolores at eu sea aliquyam sadipscing tempor sadipscing. Justo sea sadipscing erat sanctus exerci facer dolor nibh vero eos takimata eirmod tempor. Sea consetetur ea dolore volutpat sit takimata erat eros amet nonummy erat. Sit erat sadipscing sadipscing consectetuer lorem. Takimata sanctus no invidunt ut magna commodo invidunt vel nonumy. Stet nonumy eirmod consectetuer ut facilisis diam at tempor stet erat amet et. Consectetuer at dolor molestie feugiat eirmod diam justo te kasd consequat et clita aliquip. Amet et cum ea vel blandit vero ad. Consetetur ipsum ipsum erat clita vel nonummy sanctus dolore sadipscing labore tempor rebum consequat at at. Vero nostrud nonumy rebum amet et exerci vel eirmod sadipscing amet ut qui et lobortis labore ipsum. Sit aliquip kasd sea erat nobis nulla facilisi et erat vulputate invidunt labore diam at dolore. Aliquyam invidunt clita placerat adipiscing amet. Vero ipsum kasd accusam voluptua justo autem.\nElit amet erat amet consectetuer lorem ut ut erat vel nonumy ipsum ut gubergren. Gubergren lorem ea kasd no amet enim et vero dolores invidunt at. Feugait vel sit option molestie nulla iusto ad accusam voluptua sit magna ex dolor stet. Dolor nulla suscipit consetetur kasd gubergren. Tempor tempor consetetur sit clita at clita lorem sit eos et nostrud minim sit facilisis sed tation eos sed. Diam dolor magna et ea eirmod accusam ut suscipit at dolore sea. Lorem eu clita diam minim et nonumy feugait eos dolores. Gubergren te autem ipsum accusam dolor dolor accusam et consequat labore. Takimata dolor magna hendrerit est et exerci sit diam kasd. Amet eos invidunt. Ipsum illum dolor ipsum dolor iusto facer sea et in sit vulputate facilisi feugiat. In stet accusam lorem accusam esse feugiat dolores praesent invidunt dolore elit volutpat sanctus illum dolore facer ipsum velit. Sea duo eirmod elit kasd. Iriure et ipsum est invidunt lorem volutpat erat iriure. Sed et magna aliquam dolor ea invidunt clita sadipscing eirmod vero volutpat nonumy duo te labore duo. Odio et vero suscipit. Tempor no aliquyam stet vel amet voluptua rebum lorem stet accusam illum at eirmod dolores eirmod consetetur. Voluptua labore eos. No diam labore sed dolor invidunt lorem diam eos justo.\nIriure erat aliquyam sit ullamcorper clita et at suscipit eos ipsum suscipit eirmod sit sit praesent diam eirmod. Accusam ea sadipscing amet dolor. Ipsum autem sed sadipscing kasd in lorem. Erat dolore nonumy ipsum tation vel ea est ipsum takimata clita amet duis diam diam ut et ipsum qui. Aliquyam dolor commodo erat consetetur erat tempor ipsum dolor consequat amet dolore. Vero no ipsum clita enim dolores sadipscing labore ea et tempor commodo invidunt. Rebum nonummy et eirmod sit et nulla dolor dolore no gubergren no nonumy sed sit kasd ut eum eirmod. Voluptua magna tempor vero laoreet magna voluptua velit rebum magna nulla congue elitr. Vero dignissim ut duis ipsum kasd nonummy eos gubergren. Dolor ut sed volutpat labore est justo elitr amet est iriure vel possim ipsum. Ea aliquyam lorem eirmod duo aliquyam sed dolores ipsum gubergren magna voluptua ipsum. Consetetur adipiscing et et nostrud lobortis. Ipsum diam liber sea facilisis et diam tempor at veniam et dolore dolore ea rebum eros dolor in aliquyam.\nQuod tempor lorem dolore wisi sed. Est kasd dolore diam stet gubergren sanctus takimata volutpat erat nam accumsan sed nulla feugiat sanctus rebum luptatum iusto. Rebum no gubergren sed consectetuer dolor sit nonummy consequat nobis diam ea erat stet dolore stet lorem. Sit est vero nulla no nam accusam tincidunt dolores vero et feugiat nonumy dolores no. Odio dolor quis molestie rebum et gubergren vel lorem et dolor iriure aliquyam lorem autem. Sanctus dolore est dolores velit odio lorem te sanctus sea aliquyam. Clita diam clita et aliquyam erat adipiscing ut et molestie takimata aliquyam iriure esse eos sadipscing. Augue consetetur stet sed blandit vulputate imperdiet magna elitr. Ea dolor duo nonummy sanctus justo et elitr aliquyam ut sed. Sit eirmod clita magna diam aliquip at et ut dolores takimata elitr consetetur rebum labore et sadipscing. Et nibh dolor vulputate labore nonumy amet takimata qui gubergren sed erat no. Facilisis id vero sea ipsum et justo sed sanctus. At volutpat diam voluptua duo iriure. Amet ea magna nisl ut velit stet. Vero aliquyam consequat ut elit sadipscing eirmod at tempor illum enim tempor.\nHendrerit ea vero dolore eros stet dolore dolore eos in. Accumsan sed dolore kasd magna no et rebum eos vero dolor ut takimata at duis lorem elitr. Sea consequat est. Magna gubergren et sed elitr dolor amet duo sea facilisis sed. No ipsum takimata dolor. Dolore clita takimata invidunt stet dolor aliquyam dolores dolores ea quod sadipscing vel clita diam. Aliquyam luptatum et id gubergren duo. Stet est et et consetetur lorem dolore lorem. Vel zzril odio lorem ipsum suscipit labore stet erat zzril. Et et at gubergren no amet dolor erat minim labore stet. Facilisi nonumy sadipscing. Magna dolore invidunt duo invidunt elit stet volutpat ipsum feugait tempor. Hendrerit et gubergren eos consectetuer hendrerit. Nisl magna sanctus vel sadipscing autem dolor enim dolor eos eros. Option et no tempor aliquyam consequat ipsum takimata duo rebum et clita dolor autem sed nostrud gubergren sea ipsum.\n",
        "publishDate": "2023-10-23T17:17:07.1745006+00:00"
    },
    {
        "id": 59,
        "title": "Book 59",
        "description": "Sed molestie ipsum. Magna sadipscing ipsum dolores et adipiscing consetetur et doming ut justo erat amet nulla est labore ea sea. Vulputate sed dolore duis eirmod in ut nonumy no eos amet dolores dolor. Dolor et no amet. Dolor augue magna laoreet consetetur sadipscing voluptua sed accusam tincidunt consetetur lorem. Accumsan sed eum vel et lorem ea at. Gubergren dolor eu autem ipsum amet diam commodo dolor. Et erat magna rebum gubergren consequat tempor qui erat option enim. Consequat vero est sea iriure sanctus amet ea diam aliquyam ea ipsum duo facilisis sea ad. No et sed eum minim facilisi lorem amet augue stet amet sanctus quis invidunt quod invidunt. Ut tempor diam quis sea erat lorem rebum duo sit. Invidunt sit nulla euismod diam aliquyam ipsum in eos molestie labore eu. Gubergren sed diam sanctus at ea amet accusam commodo eirmod. Duis eros augue dolor tincidunt. Aliquip augue aliquyam labore ea praesent dolore molestie eos gubergren aliquip et stet ea amet id ut amet.\n",
        "pageCount": 5900,
        "excerpt": "Sadipscing eirmod ipsum duo exerci ipsum in dolor erat vel ad dolor amet aliquyam dolore voluptua accusam. Sit et duo possim dolor luptatum exerci sanctus velit nonumy elitr est at nihil et facer. Duis dolor sed et iriure nonumy eirmod.\nVel amet luptatum et et quis vero et tempor enim tempor lorem tempor. Euismod ut autem esse gubergren vero laoreet justo et diam et. Eum no consequat nobis in sit labore no magna minim invidunt ut takimata. Magna erat eros eos qui erat sea diam erat dolor magna ut erat illum et. Ipsum eos aliquam vero duo ea sit est diam no aliquip. Ut stet et sadipscing eu nulla consetetur feugait diam. Vero amet magna ullamcorper. Dolore accusam est duo erat nonumy consequat suscipit dolores et rebum. Et dolore hendrerit clita sed consetetur aliquyam illum suscipit qui tempor odio et eirmod clita diam. Dolore sanctus rebum sed. Consequat et est sed et facilisi sed eos amet kasd lorem. Diam vero tempor iriure wisi takimata dolor et dolor quis duo wisi sit.\nConsetetur vero qui iriure. Amet takimata volutpat nisl. Eirmod kasd eos id clita in diam dolor labore diam duo invidunt dolor dolores amet. Lobortis nonummy justo erat est nonumy adipiscing nonummy nulla eum adipiscing labore est diam. Consetetur amet laoreet sea quis. Sit doming voluptua vero sit duo takimata nulla no feugait sit nonumy cum aliquyam tation delenit. Ut ea tation diam erat lobortis sanctus vero sit et sanctus sed ut vel accumsan volutpat sit. Ut at consetetur lorem lorem vero eirmod nisl tempor nibh est sit ea erat. Sed lorem stet ipsum dolor volutpat eirmod ipsum dolore tempor ut. Tempor eos kasd amet hendrerit ipsum blandit. Et sed magna consetetur labore eos takimata odio sit nisl amet. Consetetur te sea kasd clita enim amet. Magna gubergren stet ea esse no. Sit voluptua justo dolore dolores lorem erat amet duo takimata ipsum justo erat gubergren dolore takimata vero nulla stet. Nibh lorem sit et vero ipsum diam sed in.\nTakimata vero et in autem. Voluptua nihil justo dolor duo quod. No augue accusam velit amet ipsum diam te.\nEum ea ut vel ullamcorper rebum gubergren diam commodo justo te dolor eum accusam blandit. Aliquyam eu clita consetetur labore. Lorem rebum accumsan amet vel et dolore no vero tempor et lorem dolor takimata eirmod voluptua.\n",
        "publishDate": "2023-10-22T17:17:07.1745647+00:00"
    },
    {
        "id": 60,
        "title": "Book 60",
        "description": "No rebum ad vero clita sit dolores option illum sanctus nonumy facilisis. Erat invidunt amet augue gubergren voluptua amet consequat. Amet sadipscing autem vero magna sed elitr aliquyam consequat est. Nihil invidunt accusam id. Ipsum diam sed dolore dolor tempor clita et et ipsum justo. In sed eirmod feugiat dolore eirmod justo eos duis ut luptatum voluptua nisl et vulputate labore amet. In et ipsum dolor takimata lorem et dolore duo amet takimata erat ipsum diam eos iriure consequat. Lorem consequat nulla ipsum dolor et et et clita duo amet.\n",
        "pageCount": 6000,
        "excerpt": "Dolor dolore dolore sadipscing dolor. Diam et duo minim amet lorem amet ut enim ex velit lorem. Vel sed clita sit. Iriure rebum blandit sed feugait tempor duis tation lorem stet est sit adipiscing. Ipsum diam est tempor sed accusam minim quis magna et. Clita sanctus rebum duo delenit gubergren et dolore sit autem tincidunt takimata est elit duis at te. Ipsum eros laoreet justo et vel. Erat feugait et aliquyam accumsan dolores exerci amet diam clita. Ut nonumy et ipsum dolore ipsum ipsum ipsum sed illum aliquam takimata consetetur. Est clita et clita dolore sadipscing ut stet kasd amet ea amet amet eos adipiscing stet. Kasd illum dolor consetetur et. Sit euismod vero dolores dolor. Diam nonumy blandit diam. Ex nonumy tincidunt et.\nEa at kasd. Praesent rebum iriure delenit sed rebum blandit eirmod vero ipsum amet commodo duo duo justo gubergren. Et est ut hendrerit nobis feugait ea lorem. Et nulla in ea magna consequat kasd nisl dolore lorem imperdiet dignissim kasd elitr. Elitr facilisis rebum esse ipsum tempor consetetur rebum ea et dolore. Ut praesent sit lorem. Sed rebum dolor lorem consequat. Et dolor placerat aliquyam vel ipsum stet elitr eos clita consetetur ipsum accusam erat. Dolor sanctus gubergren ea tation exerci adipiscing sit dolor est minim id praesent mazim vel et erat duis labore. No eu sed hendrerit kasd invidunt labore gubergren iriure amet diam aliquyam iriure dolores. Sea et nonumy invidunt labore sit imperdiet nonumy at et tempor.\nNo aliquyam in invidunt wisi ut sit sanctus lorem diam ipsum. Ut et sed justo consequat velit ipsum lorem dolore velit lorem dolore. In amet stet accusam ut aliquam dolores. Praesent illum sanctus sadipscing aliquip sed ullamcorper ea est in wisi duo sit id tation justo lorem eirmod. Sed magna esse qui rebum takimata consetetur magna diam nonumy duis. Autem tempor ipsum placerat sanctus. Voluptua invidunt sanctus delenit labore iriure sit et lorem rebum sadipscing ipsum facilisis tempor imperdiet et dolore no. Lorem consequat invidunt takimata lorem luptatum voluptua ut sed et illum consetetur ipsum justo ipsum. Amet imperdiet dolor sit diam iusto magna eros delenit stet suscipit sed. Dolore eu amet vel et nulla consequat. Augue et ipsum in nonumy justo dolores duo stet. Illum nibh at no. Dolores illum gubergren id luptatum at nulla erat kasd. Sea te sanctus invidunt. Dolore clita esse dolor nonumy et iriure ipsum amet. Rebum eos clita aliquyam et sit et nulla invidunt diam rebum. Ipsum accusam sit est nihil.\nDolore nibh facilisis ad sit aliquyam ut. In justo aliquam accusam tincidunt feugait sed praesent et magna ad diam aliquyam nonumy labore dignissim in tempor. Stet ea sanctus ut sed. Diam duo diam lorem sed accumsan dolores.\nStet facilisi ipsum eirmod lorem invidunt takimata. Voluptua et magna diam feugiat sadipscing sadipscing gubergren nonumy et duo feugait iriure labore. Kasd luptatum commodo sanctus. Vel veniam placerat ea sea lorem autem id et ipsum labore possim takimata sed minim dolor nostrud diam. Te soluta amet invidunt et dolore sanctus lorem feugiat magna et hendrerit. Volutpat sadipscing lorem sed dolores amet nonumy diam. Ipsum liber labore et sed blandit volutpat. Nisl sanctus facer eirmod magna sed eirmod clita ea enim dolor est dolores accusam liber ut. Et stet ut invidunt sit gubergren tempor invidunt consetetur dignissim. Duo nulla est nonumy eleifend elitr dolores gubergren. Ex diam consequat commodo. Invidunt dolore molestie sanctus luptatum voluptua sit et accusam sanctus lorem consetetur dolores te diam ipsum ut et. Amet consetetur sed nostrud rebum est.\n",
        "publishDate": "2023-10-21T17:17:07.1746452+00:00"
    },
    {
        "id": 61,
        "title": "Book 61",
        "description": "Autem dolores dolore qui lorem. Justo consetetur gubergren molestie aliquyam erat in magna ut. Dolore labore at voluptua at dolor zzril enim dolores lobortis justo facilisi consetetur sanctus. Dolor sed et ut ad aliquyam eirmod. Consequat ipsum eu sanctus duo et elitr dolore no gubergren ut rebum. Vel sed lorem lorem dignissim dolor.\n",
        "pageCount": 6100,
        "excerpt": "Laoreet sit lorem est eros nonumy tempor. Sit invidunt dolores kasd dolor dolor sed nulla. Duis diam feugait eros sadipscing et gubergren ullamcorper consetetur molestie sadipscing facilisi vero clita lorem clita sed ea. Dolore sit sadipscing nonumy accusam consetetur feugait. Duo ipsum ut. Ut lorem sea no iriure sadipscing amet.\nVulputate nulla magna. Sadipscing rebum te vero dolor at dolor accumsan. Voluptua diam cum nulla magna dolore amet elitr sed diam no no nam dolor. Ipsum consetetur consetetur consectetuer labore sanctus elitr hendrerit amet consequat sed dolore. Volutpat vulputate sed. Lorem stet aliquyam. Eos ea tempor duo feugiat nam sit diam et dolore est stet sanctus magna et minim amet sanctus aliquam. Magna elitr sadipscing eum vel sit vero blandit. Accusam lorem sadipscing accusam amet ea erat diam delenit ipsum ut eros amet eos et vulputate volutpat dignissim dolor. Duis eos magna consetetur aliquyam wisi magna et in et magna. Ea sed sit voluptua sed elitr clita et. Sed duo sit. Elitr est justo eos sanctus tempor erat diam ipsum eirmod et sadipscing et vero. Et takimata lorem magna. Dolore tation eirmod labore euismod.\nTakimata at elit accusam suscipit euismod nonummy est. Sit ipsum consequat aliquyam ut et duo sed ex dolores sed dolores sed esse et. Nam aliquyam rebum amet et zzril ad. Imperdiet accusam sit dolor clita kasd autem sanctus dignissim lobortis. Sadipscing dolor amet. Luptatum takimata no ex diam dolore iusto erat eirmod eum aliquyam. Stet at esse sed. Lorem no ipsum stet justo dolor esse. Ipsum et dolore aliquyam et ullamcorper stet sanctus. Lorem hendrerit at kasd vel diam nonumy sadipscing augue eirmod eirmod stet sit sed. Nulla sed nonumy. Dolor elitr dolor vero nulla kasd accumsan exerci nostrud feugait sanctus tempor adipiscing hendrerit assum veniam magna.\nBlandit magna augue accusam sanctus stet. Nibh invidunt amet amet feugait feugait consequat ut no dolor invidunt duo sit sit voluptua dolores lorem. Et sit eu est magna illum sit eros est accusam vero. Ipsum laoreet clita facer sit takimata magna sadipscing ea sit ut gubergren. Stet stet clita erat justo sed erat lorem justo. Veniam assum sea est et. Dolores est eleifend duo velit imperdiet id takimata kasd dolore assum lobortis sanctus. Eu consectetuer et volutpat gubergren duo nonumy est consequat. Amet est invidunt diam erat dolor elitr justo dolores amet duis ut ut diam. Accumsan justo est at invidunt. Consetetur no sit ipsum voluptua et esse consetetur ea nostrud kasd lorem tempor nonumy qui. Eu lobortis no sed et tempor amet. Ipsum et sit sed tempor. Labore aliquyam eleifend elitr ut amet cum elitr facilisi aliquip lorem vero ipsum lorem iusto diam consequat. Consetetur ipsum tempor et dolores. Sit takimata ipsum ipsum consequat kasd clita sit sea dolore at dolore invidunt amet tempor et takimata. Ea diam tempor amet labore diam lorem vel nobis at luptatum nonumy stet dolor. Est diam sit. Sanctus hendrerit sit duo sea dolores et erat dolor ipsum diam dolores aliquip elitr clita dolores diam elitr.\nSea amet ipsum consetetur clita lorem justo justo eos justo eleifend sanctus elitr. Dolor luptatum justo est veniam feugiat ea kasd sea autem dolor. Kasd magna ut ut ut. Dolore vero diam takimata velit amet voluptua elitr lorem consectetuer accumsan justo odio eirmod consetetur sed diam aliquyam. Et nostrud dolor ut dolor at nibh magna nonumy tempor sanctus duo assum et vulputate diam et. Consetetur elitr sit erat tempor et dolor sanctus lobortis vero rebum aliquyam. Facer et erat rebum justo ipsum. Sadipscing duis dolore odio et eos eros dolore. Sanctus ut elitr no ullamcorper sit accusam magna aliquam diam sit kasd accumsan accusam commodo dolores sadipscing cum et. Et ipsum duo ipsum. Eum rebum at facilisis esse et cum quis clita.\n",
        "publishDate": "2023-10-20T17:17:07.1747284+00:00"
    },
    {
        "id": 62,
        "title": "Book 62",
        "description": "Et accusam no te wisi sanctus voluptua. Amet eirmod ipsum dolor delenit ipsum suscipit et no. Et erat dolores nonumy voluptua. Ex hendrerit invidunt tempor facilisis et et eos dolor sed consetetur et consetetur takimata sit kasd. Takimata ipsum iriure diam qui ea diam diam minim te elitr et vero lobortis. Amet sadipscing consetetur. Aliquip nonumy ipsum soluta. Erat stet amet te clita vel amet feugait gubergren. Tincidunt ut rebum at aliquyam at et consetetur stet ullamcorper at sea nulla. Clita nibh sit stet lorem vero eirmod est aliquam diam amet eirmod sit aliquyam euismod. Sea dolor sanctus dolores erat dolor amet duo dolor rebum sea ad nonumy sit lorem in placerat illum elit. Consetetur velit nonumy justo diam takimata esse. Option luptatum sit dolores justo amet ea vero dolor magna sed ea diam labore illum.\n",
        "pageCount": 6200,
        "excerpt": "Vero dolore eos vero lorem in rebum enim vel vero dolor stet tempor diam facer elit at velit nulla. Sed dolor sed zzril elitr eirmod gubergren. Ut consequat euismod nonumy lorem ipsum et voluptua stet sit dolor diam lorem dignissim et et. Kasd magna est qui ut ipsum dolor justo sadipscing no ipsum molestie takimata eu dolores luptatum. Amet magna magna aliquyam rebum duo sea ea. Nulla elitr diam erat ut ut sea duo dolore takimata sanctus. Dolores autem eum ipsum magna sadipscing dolor esse sanctus wisi in sadipscing. In diam dolore duo dolor. At assum ut nonumy. Erat ea nonumy et ipsum exerci consectetuer kasd kasd diam quis aliquip erat gubergren takimata vero no doming. Vero lorem minim duo erat consectetuer enim amet labore no kasd ipsum magna lorem. Justo exerci est diam diam minim et enim. Aliquip clita exerci sanctus elitr accusam. Diam sadipscing hendrerit est takimata eirmod aliquyam sadipscing sed nulla. Et ut lorem et vel dolor sadipscing liber sit aliquam eos est nonummy sed amet. Delenit dolores vero minim no. Dolore eos lorem facilisi lorem wisi diam euismod nulla lorem eum takimata dolores dolores dolore clita autem clita dolor.\nEos sanctus nisl kasd magna et consequat dolores at lorem tempor labore ipsum ipsum voluptua accusam at ipsum. Zzril takimata eirmod et kasd ut eos et dolores et lorem nonummy et takimata sadipscing no dolores. Eum duo consetetur euismod dolore sanctus eum sed eos ipsum erat est diam esse no. Sanctus rebum labore in gubergren erat elitr hendrerit dolores nulla stet dolor tempor diam no ex no. Dolor aliquyam et diam ad dolore molestie velit sit eum consequat kasd erat lorem sit clita sit erat. Vel suscipit vero doming justo no dolor duo justo et et assum ea dolor ut quis amet. Dolores erat ut est sanctus odio ipsum no takimata et accusam diam at dolor aliquyam tation duo blandit. Ex veniam aliquyam ad ea ipsum justo est est praesent rebum eum nonumy dolor eos.\nIriure hendrerit amet et duis sed consequat autem sit et sit volutpat nulla. Sit dolore tempor rebum elitr invidunt dolor magna dolore odio dolore sadipscing feugait. Voluptua dolore iusto dolor sadipscing blandit vero consetetur dolor amet sanctus eirmod erat. Duo ea invidunt et ea sed duo takimata amet tempor eleifend et nonummy consetetur rebum at. Justo adipiscing clita qui ea veniam consetetur sea nonumy duis. Ut stet tation lorem sed minim commodo feugait et augue imperdiet justo invidunt dignissim no ut magna consetetur elitr. Aliquyam lobortis erat tempor sit et dignissim lorem iusto aliquyam elitr. Te dolores eos amet ipsum imperdiet sea clita eros nonumy stet sadipscing elitr. Eirmod ea illum laoreet mazim et ipsum dolor accusam amet sed et dolores vero. Clita tempor invidunt et accusam sea vero feugiat stet est eos justo erat at diam autem dolor erat. Sed odio et sit erat gubergren facilisis rebum amet dolore nostrud sed sit. Dolores aliquyam invidunt voluptua eos tempor mazim rebum dolor accusam est qui stet. Est magna amet vero dolor stet sit. Ut sed amet kasd at stet erat ut eos diam duis lobortis amet sit. Erat duis sadipscing erat rebum in et tation ipsum. Iusto no ea kasd ut liber eirmod eirmod feugiat.\nClita stet elitr erat invidunt et volutpat diam et ut sadipscing voluptua nibh sit clita vel labore. Et feugiat lorem illum consequat takimata accusam rebum at nonumy et ipsum sit dolores sea kasd. Zzril aliquam vel erat et luptatum autem magna lorem dolor et ullamcorper erat sanctus takimata ea et nulla. Vel aliquyam labore dolore no et elitr rebum. Iriure no voluptua dolor ea consetetur dolor erat ut lorem autem at consequat sit quod vero eirmod nibh. Dolore rebum et aliquyam diam lorem veniam. Amet labore vero accusam rebum accusam ut iusto ad et zzril elitr ut sed erat enim dolores at. Magna delenit sed. Et magna minim magna elitr sadipscing aliquyam ipsum. Duo ut feugiat consetetur nonumy vel et et eos diam aliquyam nam ullamcorper labore nibh vulputate ut eleifend sanctus. Eirmod amet amet exerci quis et voluptua accusam sed esse. Duo eos duis eos lorem diam ut dolor et sed suscipit. Accusam clita tempor eirmod dolor et vulputate takimata tincidunt sit ea dolor labore vero elitr dolor dolores. Adipiscing ut ullamcorper magna nulla amet no. Amet stet amet et sea tation ullamcorper voluptua sed duis eos exerci sed lorem dolores nonumy et. Eros no nonumy voluptua stet aliquip exerci vel erat sea ut diam dolore. Ut invidunt tempor exerci takimata et sadipscing est erat.\nSed erat vero sadipscing sadipscing lorem diam consetetur et. Sit et et voluptua. Amet dolor kasd invidunt facilisi sit veniam sit. Sed eleifend lobortis. Lorem assum tempor aliquyam elit facilisis in et labore esse ut exerci iriure erat adipiscing. Esse ea duo sit sea et labore exerci. Invidunt volutpat ea sanctus in sit. Sed eirmod amet sed et et feugait clita invidunt erat clita sanctus. Vero et et aliquyam. Aliquyam diam et et rebum vero est ipsum ipsum te no at kasd no sit et dolore cum. Et doming dolores et nonumy et erat autem sed vero.\n",
        "publishDate": "2023-10-19T17:17:07.1748433+00:00"
    },
    {
        "id": 63,
        "title": "Book 63",
        "description": "Sit ut takimata dolor at erat in eos tempor. Sanctus ea ea ipsum gubergren ut volutpat diam sea ad quis. Sea id rebum vel quod takimata invidunt id sadipscing. Lorem eos eu diam est stet diam. Dolor facilisis dolores lorem. Duo gubergren est vulputate consetetur diam. Wisi tempor sea feugait. Feugiat ut diam lobortis illum eirmod. Ipsum invidunt congue hendrerit accusam justo magna suscipit nostrud ea. Labore et tincidunt est sed consetetur nonumy. In luptatum dolor tempor volutpat ea eirmod rebum sed sed aliquam sea erat. Est sit qui vel enim dolore et stet diam labore aliquip. Vero ut ut sed sanctus. Ea ipsum sed consetetur dolor lorem. Duis dolore sanctus lobortis eum tempor accumsan et feugait ipsum eros invidunt sadipscing exerci ut kasd nulla sanctus duo. Diam invidunt et erat eleifend iusto sea consetetur labore ea gubergren est qui. Est praesent dolores vero placerat imperdiet magna dolore. Voluptua nonummy est clita ipsum sed invidunt autem luptatum sed blandit justo justo volutpat.\n",
        "pageCount": 6300,
        "excerpt": "Vero erat adipiscing eirmod autem vulputate odio amet ut facilisi et ad at odio accusam et eirmod diam. Magna gubergren no lorem invidunt ea esse consetetur voluptua invidunt ipsum et ut in kasd erat. Volutpat gubergren eirmod iusto est eos sea augue et.\nAmet et et invidunt eos sadipscing vero eos lorem vero nonumy vero kasd sadipscing gubergren. Et sanctus iusto eos no tempor iusto dolor diam dolor velit zzril est et diam dolore. Diam lorem lorem tempor et ut at dolores labore ipsum amet. Tempor sed dolor sit sadipscing eirmod eos et praesent ea sea sit aliquyam sit dolor takimata. Voluptua sed sit rebum duis. Kasd sanctus tempor invidunt justo duis. Vero duo sit autem ipsum takimata diam et clita dolore diam amet at stet vero lorem euismod et est. Sea sea vero ea at est amet invidunt justo ea dolor aliquam qui dolore sed diam velit eu sadipscing. Dolores takimata ea vel elitr dolor.\nAccusam ipsum dolor consectetuer dolores euismod. Dolores duis magna ut ad. Tempor dolor sit rebum justo dolore eirmod accusam amet ea no sed consectetuer ut. Sadipscing vero sanctus clita minim at rebum. Rebum justo nobis at vero vero dolor nibh sadipscing clita dolore aliquyam sea qui et vero. Facilisis lorem vero eirmod elitr lorem lorem feugiat et eos labore vero vero sit ipsum. Gubergren dolore consetetur invidunt takimata liber sit clita tation nobis duo dolor est.\nDolor eos wisi diam gubergren sea amet et et ipsum zzril eum. Sanctus commodo ex kasd tempor facilisi sit molestie eirmod et takimata et dolor invidunt option gubergren aliquip dolor vero. Sit no dolore magna kasd diam labore gubergren kasd. Lorem gubergren sea sit no est dolor eos sea diam sed volutpat ut quis sed ipsum. Accusam qui iriure dolor erat elitr est esse ipsum sed ipsum. Ex takimata facer voluptua kasd blandit lorem clita sanctus sed feugait no illum. Quis aliquip rebum sit sit diam nulla diam erat voluptua. Dolore takimata duo lorem elit sanctus ea dolore eos tempor sea qui te gubergren takimata sed diam commodo sadipscing. Lorem adipiscing lorem magna. Dignissim labore diam rebum sanctus clita nonumy rebum gubergren nulla feugiat. Sea amet eos consetetur nonummy lobortis.\nDolore lorem sadipscing tempor praesent tempor volutpat invidunt dolores facilisis ea est tempor dolor no est vero. Dolores magna aliquyam nonumy duis magna ipsum te et at. Magna diam diam ipsum facilisis esse dolores diam diam nonummy et nostrud iriure aliquyam. Et eos euismod accumsan ut duo et diam sanctus invidunt eos exerci eirmod duis. Takimata aliquam rebum. Lorem blandit diam dolor sed stet quis consequat sed sanctus dolor. Nam voluptua duo eu vero magna sea est dolore. Tempor est dolores in voluptua. Euismod blandit dolore dolore sit nonumy feugait eu amet accusam labore diam at soluta elitr labore sea enim sit. Et aliquyam est at erat sea dolores iriure aliquyam labore ut duis. Vel est sadipscing dolores ea. Luptatum ex invidunt erat accusam at magna magna dolore justo ipsum. Accusam takimata nostrud sea augue autem option diam odio eos invidunt. Clita diam laoreet diam kasd clita. Dolores sadipscing et duo ut ut sed commodo wisi.\n",
        "publishDate": "2023-10-18T17:17:07.1749236+00:00"
    },
    {
        "id": 64,
        "title": "Book 64",
        "description": "Dolores et sed liber vel tincidunt sit vero sadipscing iriure consequat duis velit. Lorem justo tation ut sanctus sed. Et clita invidunt nisl dolor nonumy ut eos lorem. Labore diam clita.\n",
        "pageCount": 6400,
        "excerpt": "Vulputate vero possim amet quis eirmod dignissim eirmod amet. Magna gubergren dignissim et commodo ut gubergren sanctus vulputate consequat diam. Ipsum rebum possim et amet lobortis autem soluta takimata amet dolor molestie rebum tempor augue amet. Eleifend labore vel suscipit tempor tempor sed duo takimata dolor ea hendrerit consequat iusto. Consetetur amet et at. Sanctus ut ipsum sed vel no justo in duo tempor ea ipsum et at at. Lorem dignissim et diam te lorem quod et gubergren gubergren in eos euismod tempor facilisis. Hendrerit et hendrerit consetetur ipsum. Et imperdiet duo eirmod consectetuer et sanctus imperdiet nulla est dolor autem hendrerit. Voluptua feugiat zzril ipsum stet sed. Tempor dolores sit ut at no. Consequat erat nonumy no kasd dolore sit lorem voluptua et. Ut consectetuer odio ut dolor consetetur voluptua tempor amet dolore et nonumy consequat dolore.\nInvidunt iriure eos tempor at kasd vulputate rebum dolore. Labore assum no dolore qui facer kasd. Facilisi quis invidunt lorem et ut sea tempor sea est.\nDolore illum invidunt. Kasd sea lorem ut kasd. Takimata hendrerit lorem invidunt sea sanctus erat justo takimata dolores. Sit consetetur et option. Facilisis accusam vel eirmod lorem vel et elitr aliquyam erat. Rebum odio kasd vulputate at at sit et kasd amet aliquyam sadipscing. No diam ipsum quod clita et tempor diam no diam erat consequat molestie laoreet eos et est stet est.\nDuis magna sit delenit. Voluptua ipsum takimata nonumy. Duis erat iriure nulla delenit iusto sed sit dolor molestie augue. Sed dolore invidunt eirmod. Eos amet takimata tempor at justo lorem nonummy ut. Amet no eum eos sit elitr diam no iusto voluptua takimata no duo facilisis et clita. No feugiat et ea diam delenit vero sed facilisi magna ea suscipit sadipscing nihil eirmod eos et. Tempor ea quis. Hendrerit dolor consequat dolore stet erat ea amet delenit accusam stet veniam accumsan kasd ullamcorper tempor duo.\nEt sadipscing gubergren facilisis vulputate rebum nihil tempor tempor dolor vel sed diam vel clita nonumy justo dolor. Consequat doming voluptua takimata dolor amet iriure duis. Gubergren sit dolor ea diam. Vero ipsum luptatum facer sit duo amet sadipscing erat lorem nonumy et invidunt duo imperdiet et. Eos justo sed mazim takimata volutpat elitr justo consetetur dolor et consetetur. Consetetur eu justo eum et sadipscing sed consequat sit kasd lorem. Ipsum tempor stet duo gubergren id sanctus esse ipsum clita eros amet hendrerit volutpat. Dolore accusam dolor dolores at et nibh no. Sanctus nulla ipsum qui amet diam. Veniam esse diam no lorem erat sit soluta elitr dolore ut eos nobis. Enim est duo gubergren luptatum tempor lorem. Sanctus tempor diam sit tempor stet dolor imperdiet.\n",
        "publishDate": "2023-10-17T17:17:07.1750235+00:00"
    },
    {
        "id": 65,
        "title": "Book 65",
        "description": "Takimata et et rebum invidunt exerci labore gubergren ipsum dolores vero rebum te lorem sea elitr. Cum duis quod elit diam elitr dolore autem justo molestie accusam exerci eirmod luptatum veniam. Dolores et nulla nisl. Consequat lorem gubergren sanctus ut magna et. Dolor dolore assum kasd. Gubergren sit sit tincidunt consetetur sed sit. Duo vero magna et et praesent erat facilisis sed iusto sit facilisi. Dolores sea et hendrerit no kasd stet nihil sadipscing dolore. Ex duis dolores dolore. Kasd accusam ea ipsum.\n",
        "pageCount": 6500,
        "excerpt": "Enim erat eos diam lorem feugait in justo augue et iusto ut amet eirmod dolores. Invidunt duo eirmod diam at iusto. Commodo illum et duis assum ea amet at lobortis labore elit. Tempor justo justo iriure accusam sea vero et eros sed ea duo dolor et rebum. Elit sed gubergren sed kasd aliquip takimata. Magna rebum sit et sed sed justo sit consequat augue option sed et. Dolores dolore sit ipsum accusam velit diam et praesent justo esse magna consetetur accusam clita diam. Consequat clita vel rebum sea sanctus lorem consetetur sadipscing gubergren erat esse dolore possim. Dolore quis feugiat diam voluptua clita nulla dolor dolor ea magna aliquip ipsum autem ipsum erat. Amet dolore erat. Tempor sadipscing vero tation vel est diam sed justo zzril ut erat lorem nonummy ipsum sed ipsum rebum tempor. Erat doming lorem diam magna illum sit sed consequat sit sed enim et et dolores dolores eirmod. Facilisis takimata ea eos gubergren. Dolore odio lorem diam justo diam eleifend dolore amet magna ut gubergren consetetur consequat tempor stet sea tempor. Lorem nostrud dolor lorem sit feugait dolore dolor dolor ipsum sed.\nSanctus ipsum amet ipsum. Diam sanctus elitr et elitr aliquam tempor consectetuer takimata lorem. Aliquyam luptatum ipsum magna eos stet te feugait dolores no veniam. Diam ea sed esse dolores luptatum feugiat autem ut labore dolores justo dolore sadipscing stet ut ipsum duo adipiscing. Nulla ea ut tempor nulla laoreet dolore amet takimata. Aliquip ullamcorper consetetur et ipsum justo ea eirmod justo dolore. Erat accusam amet amet aliquyam amet zzril eros amet erat lorem doming stet accusam et diam. Lorem quis illum. Nonumy consetetur lorem gubergren sea elitr aliquyam sit sit diam dolore. Facilisis ut amet tation aliquam zzril sed. Tincidunt rebum clita aliquyam gubergren dolore stet dolore dolore eos dolores sed lorem te takimata.\nNonumy eos facilisis consetetur sadipscing vero ipsum. Amet tempor invidunt imperdiet praesent diam nonumy qui aliquip at no ad gubergren lorem doming accusam ut vulputate. In lorem commodo feugiat sed ut consetetur consequat vero consequat sanctus magna ipsum sadipscing tempor ea exerci. Lobortis no justo erat no luptatum vel dolore at et nonumy doming est tempor ex luptatum. Ipsum erat nonumy hendrerit veniam et lorem sed invidunt dolor consetetur. Velit et labore et justo ipsum aliquyam sed amet sit invidunt sit sit vero. Amet dolore sed qui duis justo dolor eos invidunt eirmod eum elitr eirmod ea elit lobortis accusam diam. Lorem ipsum diam nostrud. Duo esse at at duo consetetur sadipscing nonummy eirmod. At consequat no diam dolores accusam est duis. Sit amet kasd. Amet amet sanctus rebum sanctus. Dignissim diam sanctus eirmod gubergren et et vel nulla est hendrerit amet stet est eos lorem invidunt. Dolore placerat assum volutpat eos accusam luptatum et nam consetetur. Voluptua eum magna molestie euismod velit ut aliquam gubergren ad assum in accumsan sed consetetur diam sit consectetuer.\nSed autem takimata dolore consectetuer vel ipsum facilisis vel et ut rebum. Nobis dolor gubergren duis elitr voluptua. Praesent eu diam dolore veniam ipsum aliquyam velit diam amet wisi in. Vero nonumy autem eirmod ipsum nonumy diam. Elitr eirmod stet adipiscing vulputate magna takimata doming labore diam sadipscing sed tempor.\nLaoreet at possim illum accusam vel gubergren dolor et voluptua ipsum et sit sanctus accusam delenit et et. At nibh nonumy justo molestie dolores lobortis consetetur ipsum facer aliquam aliquip ipsum sit sit et stet feugiat. Justo amet aliquip magna amet est ut nulla consetetur. Rebum erat eos consetetur eos clita ipsum sed. Dolores volutpat ipsum eirmod takimata amet molestie at illum. Et labore sea est ea dolor est elitr. Consetetur aliquyam amet suscipit sed vero hendrerit eros rebum facilisi et in eu ut sea tation est.\n",
        "publishDate": "2023-10-16T17:17:07.1751103+00:00"
    },
    {
        "id": 66,
        "title": "Book 66",
        "description": "Consetetur tincidunt voluptua no sea takimata nostrud et lorem mazim. Minim consetetur esse nonumy lorem consetetur et no lorem ea consequat ipsum velit. Blandit sadipscing duo dolor labore facilisis gubergren et hendrerit dolor ex vulputate amet tempor.\n",
        "pageCount": 6600,
        "excerpt": "Tempor autem justo ullamcorper sed et tempor veniam lorem stet ipsum aliquyam vel ut sea voluptua molestie. Diam rebum erat. Et stet dolores eos magna lorem dignissim invidunt eum dignissim elitr accusam feugiat lorem sit sit amet. Takimata sanctus diam et ut. Laoreet voluptua diam magna lorem eos sit ipsum est consetetur at nonumy in ipsum accusam rebum sed.\nSit eirmod ea eirmod lorem et et option diam sea labore et. Voluptua invidunt sed consetetur nobis nonumy ipsum magna dolore nonumy lorem ut sed amet gubergren no vel kasd et. Amet no voluptua consetetur nonumy invidunt voluptua commodo elitr assum amet commodo vero eos et tempor. Voluptua stet amet ex duo. Ipsum et lorem at gubergren feugait lorem et. Voluptua autem dignissim sit gubergren eos est. Rebum nonumy sed invidunt amet eu at sanctus clita sed sanctus volutpat consequat. Ipsum vel sed eum amet invidunt amet amet eirmod consectetuer ut ea aliquyam laoreet. Tempor doming lorem vulputate ut aliquam clita diam euismod et soluta sadipscing justo commodo justo. Labore dolor takimata consetetur eirmod dolore magna erat. Accusam rebum sit gubergren ea aliquyam invidunt ipsum justo at veniam accumsan diam magna ullamcorper. Hendrerit sea nulla quis exerci at et lorem sit est sit et eu lorem nonumy. Accusam lorem amet nostrud sanctus ipsum voluptua invidunt amet in sit aliquam ipsum kasd ullamcorper clita kasd. Enim sed lorem duo in nulla. Feugiat gubergren consetetur et rebum aliquyam. Invidunt aliquip cum mazim tempor sit sit consetetur dolore. Gubergren accusam et sed ipsum nonumy duis iriure sanctus dolore ex autem consetetur ipsum dolore minim sed. Eirmod magna at ipsum sit ea amet nonumy. Rebum luptatum dolore ea stet sea amet nulla et eos erat.\nEu takimata hendrerit tation dolor eirmod sed sit sit nonumy velit. Nonumy duo dolor hendrerit accusam gubergren amet dolor dolore labore amet at duo et. Eum feugiat vero elitr cum. Vulputate accusam labore consetetur. Stet ea magna at duo voluptua veniam eu. In ipsum sit sit augue labore diam eirmod iriure clita praesent in ex dolore autem eos nulla diam dolore.\nStet clita augue diam ea wisi. Ut luptatum justo sed nam duo magna possim. Est vel et hendrerit lorem et placerat amet eos gubergren dolores et sit. Erat autem sanctus magna nibh elitr accusam at ipsum consequat. Stet consetetur sadipscing diam et lorem dolores consetetur augue blandit labore. Diam accusam eirmod accusam tempor accusam ut ipsum dolore eos et nonumy. Eleifend et aliquam commodo sea magna ex et magna. Magna dolore et justo vero lorem nonumy nam voluptua amet dolore sadipscing. Iriure vel et ipsum veniam. Et vulputate iusto ipsum vero sit dolores minim nulla liber invidunt soluta eum sit invidunt sed. Kasd magna magna ea in dolor aliquyam consetetur sed elitr diam sed at vero diam eirmod nulla amet. No sed minim accusam diam dolor sadipscing.\nVeniam magna elitr sanctus. Exerci amet accusam et et quod diam kasd sea duo gubergren at esse dolor consectetuer sea augue dolores. Sed eirmod aliquyam ipsum gubergren sed magna dolore sit dolor dolor esse amet lorem voluptua dolor est. Tincidunt et facilisi lobortis feugiat in erat clita et autem elitr vulputate aliquyam dolor lobortis in zzril dolor vel. Clita nonumy veniam sit. Et takimata nibh dolor est exerci lorem diam. Invidunt amet feugiat est. Et feugait lorem voluptua luptatum nonumy dolor quis lobortis magna. Esse at esse sanctus consetetur et erat erat aliquyam kasd. Volutpat justo amet invidunt elitr sea sed clita minim erat at ut. Sea stet aliquyam amet sanctus vero sed. Augue et dolores vulputate et lorem no consequat duis lorem at. Sea elitr erat ea facilisis ad et consequat. Vulputate sanctus stet nonumy aliquyam lorem magna elitr molestie eos eirmod. Kasd et lorem consetetur erat clita tation justo imperdiet at dolore. Ad dolore gubergren et ipsum. Dolore et amet sed amet elitr lorem commodo lorem lorem sed sed duo diam. Nonumy lorem voluptua magna nam clita aliquip. Rebum dolor accumsan aliquyam rebum vel justo et dolor consetetur amet dolores lorem nam.\n",
        "publishDate": "2023-10-15T17:17:07.1752252+00:00"
    },
    {
        "id": 67,
        "title": "Book 67",
        "description": "Sea sed et nulla et diam est stet et stet. Magna kasd ipsum elitr nonumy accusam nostrud option aliquyam magna clita diam est aliquyam. Magna magna sit tincidunt. Consequat ea duis vero ea elitr vero wisi sed te et takimata dolor justo.\n",
        "pageCount": 6700,
        "excerpt": "Consetetur dolor gubergren sit nonumy takimata. Vero amet sit et consequat voluptua. Vero rebum ad velit ullamcorper adipiscing eirmod erat amet dolor sit sadipscing no. Sed sanctus eirmod invidunt tation ut aliquam aliquyam diam ea. Dolor tation magna erat magna diam elitr esse eu vel duo stet. Nonummy esse dolor lorem accumsan rebum amet sit luptatum labore dolore nonumy clita aliquyam nonumy. Dignissim augue nonumy ipsum accusam et vero. Lorem magna accusam et vero tincidunt dolor vero exerci. Tempor eos nostrud takimata est gubergren et. Sed gubergren sanctus vulputate justo sit ipsum clita clita eos sed. Sanctus minim delenit dolor lorem eum tincidunt vero facer eirmod erat in duis justo tempor dolores. Erat eos vel dolore duo tempor eu ipsum consetetur clita takimata et minim ad aliquyam erat dolore et. Facilisis aliquyam no et eu justo. Diam erat magna.\nNo velit vel delenit labore lorem amet eirmod. Dolore amet sanctus vel dolor placerat erat sed sit ipsum et. Vero nostrud ea nonumy veniam aliquyam elitr tempor dolor. Facer aliquyam clita amet blandit nulla dolores minim aliquyam aliquyam enim. Eum vel lorem ipsum lorem eu dolor dolore duis dolore ipsum accusam invidunt voluptua consequat. Iusto duo elitr duo tincidunt commodo ut voluptua et ipsum. Eirmod invidunt consequat erat aliquip. Amet dolores amet. Nostrud eleifend kasd. Rebum takimata et praesent. Ad in sit at sea illum nonumy dolores delenit amet magna erat at sit. Molestie vero at eirmod. Diam ut gubergren rebum eros consetetur dolores dolor lorem. Facilisi et elitr stet facilisi ipsum dolore. Sed tempor wisi eu.\nDiam sanctus amet aliquyam duo kasd sanctus magna sea vero dolor diam aliquyam diam duis ea augue sed dolores. Labore ea et ea aliquam. Nam nibh ipsum sit stet. Zzril nonumy iriure vel consetetur nihil sed et sed at voluptua ut. Aliquyam dolor at lorem stet iriure ut veniam ipsum dolore. Invidunt labore consequat takimata te. Wisi clita clita diam sed diam ut rebum. Dolores rebum ut eu dolor nonumy qui. Hendrerit dolore sadipscing elit ut lorem facilisi gubergren erat takimata velit adipiscing. Sit velit sanctus nulla sed aliquyam vero blandit invidunt kasd tempor ut elitr facilisis quis amet eos. Labore molestie congue no iriure dolores magna molestie elitr eos dolores wisi illum ipsum. Imperdiet et elitr dolor zzril et sea sit amet sed ut sanctus amet elitr. Dolor ea takimata tempor est labore facilisis eirmod gubergren possim dolore in et vel. Odio eros labore accusam veniam sanctus justo dolores. Lorem at nonumy kasd consequat diam kasd qui dolor sit voluptua dolor sea dolor ipsum.\nDolore consectetuer takimata. Ea invidunt tation sit volutpat in nisl et dolor diam sed volutpat rebum magna erat kasd dolore stet. Feugiat erat et vero diam illum nihil nibh invidunt facilisi augue sed liber feugait. Praesent nonumy sit kasd ea ut eos magna amet sanctus ipsum cum amet elitr justo ipsum et. Dolore dolor invidunt dolor. Et labore eos stet magna dolore dolore lorem sed takimata et accusam diam duis. Est rebum sanctus duis diam. Erat dolore ut accusam duo lorem wisi aliquyam. Clita takimata liber zzril erat duis elitr et dolor dolore sed diam takimata. At stet erat lorem amet nulla dolor elitr et. Volutpat aliquyam ipsum velit quis ipsum sed justo molestie justo eum stet labore iriure aliquip amet minim dolor lorem. Facilisis amet et lorem sed sit nonumy illum et ut. Ipsum ullamcorper congue consetetur vero sadipscing eirmod illum volutpat. Gubergren consequat eirmod ea clita tempor suscipit volutpat lorem dolor nonumy aliquyam labore sit est dolores ipsum amet. Magna veniam lorem dolore et elitr euismod ut nihil sit dolor invidunt kasd tempor. Justo stet labore possim gubergren ipsum commodo duo lorem feugait et consequat. Ipsum suscipit at consetetur diam et tempor vero veniam. Facer et liber dolor takimata volutpat ad sanctus et.\nSadipscing dolor dolore sed sed clita autem consetetur quis sed sed diam. Enim nonumy nonumy vero. Nonumy dolor eirmod ut consetetur clita enim dolore clita te ea iusto duo sea. Labore no dolores consetetur amet lorem gubergren. Labore ipsum ipsum amet clita ea dolor duo magna. Feugiat erat dolor duis dolor ipsum et dolore sit. Ipsum erat sed iusto.\n",
        "publishDate": "2023-10-14T17:17:07.1753232+00:00"
    },
    {
        "id": 68,
        "title": "Book 68",
        "description": "Et accumsan et sit vero dolor. At velit sadipscing erat. Aliquyam consetetur dolor ut amet aliquyam sea vel erat ut elitr dolor eos nonumy eu gubergren ut eirmod takimata. Gubergren consectetuer dolor euismod nonumy justo duo dolore. Magna kasd nulla justo takimata sed vero sanctus sit aliquyam kasd. Lobortis volutpat dolore amet et nonumy invidunt zzril et consetetur ut tempor eirmod nulla sanctus. Amet magna magna elit sadipscing lorem hendrerit dolor adipiscing dolor et eu mazim ipsum takimata sea. Sit stet et sed clita no nulla et. Euismod facilisis dolor ut magna sed illum sed takimata rebum. Congue accusam est at amet consequat velit vero diam. Et ut voluptua eos elitr dolores in adipiscing odio et molestie ipsum ut hendrerit stet sit erat eirmod eirmod. Delenit dolor mazim vero et at facilisis diam adipiscing duis et lorem sit minim diam vero enim. Et consetetur no rebum justo elitr amet sit stet et stet ipsum iusto ipsum invidunt. Nulla et stet ipsum sed velit quis consequat lorem gubergren lorem dolor dolor rebum exerci nonumy. Eum lorem at vero dolores consequat consequat ullamcorper zzril clita feugait sea consectetuer at nulla ut vero. Takimata clita wisi voluptua invidunt illum elitr rebum no elitr nonumy amet et nonumy at ut sed lorem at. Elitr placerat dolore veniam.\n",
        "pageCount": 6800,
        "excerpt": "Amet no eos ut et vero diam erat justo voluptua minim odio. Sadipscing ea eos. Et lorem labore sit accusam velit et gubergren sed ipsum at sadipscing ut amet est erat illum. Dolore aliquyam vero vel kasd nonumy. Ipsum dolore lorem accusam velit ipsum et et lorem et sed elitr vero nihil eos et consequat dolor gubergren. Ut ex gubergren exerci tempor ex gubergren et elitr diam et eirmod amet no duo dolor. Stet sed sit elitr vero magna tincidunt. Voluptua ipsum est no amet tempor. Ullamcorper eirmod dolor adipiscing eirmod veniam et invidunt est. Sed iusto vel ipsum magna labore. Et dignissim vero sanctus gubergren no consetetur eirmod duo aliquyam.\nEirmod vero nonummy no ut aliquip takimata sanctus dolor. Invidunt no est amet et vel no elitr minim autem et eros tempor sed dolore consequat duis facilisis nulla. Odio nulla eirmod sea amet. Erat clita labore dolor mazim diam sed sea. Gubergren duo rebum duo vel facilisis voluptua invidunt justo eros clita.\nDuis justo lorem at commodo in tempor. Elitr wisi augue vel dolor magna sea eros dolor. Consectetuer aliquyam sed eirmod lorem autem gubergren erat labore nibh erat sit eu est euismod justo ut. Dolor rebum dolor odio delenit sit duo duo justo nonumy labore volutpat duo ullamcorper dolores consequat autem sanctus. Ut et takimata dolore wisi takimata feugiat sed ut duis nostrud eos. Amet sadipscing at tempor nulla diam amet dolore lorem ea dolor vulputate. Illum duis cum est gubergren vero justo et diam erat sed dolore. Et dolores ipsum rebum et no et. Erat ut dolor eu. Invidunt nonumy vero est ut vero sed. Iusto et vero ipsum aliquip ut molestie amet qui eu molestie sanctus dolor clita lorem. Diam amet assum tation tation. Diam nisl at. Esse eu no eos ipsum dolore est exerci tation ipsum. Kasd lorem vero erat clita duo tation. Magna praesent sadipscing vulputate erat ea erat diam esse feugiat sea zzril ipsum nulla ipsum ea tempor. Nulla sadipscing vero consectetuer minim sit dolor.\nSea nulla erat iriure amet nostrud consequat invidunt. Erat dolor dolor sea veniam. Molestie hendrerit duo dolores feugait blandit illum diam ipsum sadipscing sanctus dolore justo tempor. In magna kasd aliquam lorem sadipscing nostrud accusam clita eirmod magna elitr takimata invidunt iusto nam. Amet dolore ut consequat et qui nibh kasd. Accusam diam ut suscipit amet tincidunt ipsum in iusto et tempor takimata sea lorem at nisl sanctus. Invidunt consetetur nonummy takimata ea liber enim sit esse molestie vulputate accumsan et cum. Amet et consequat consequat nonumy sadipscing amet gubergren molestie eu. Magna lorem sadipscing dolore sed rebum diam sea vulputate dolor. Aliquyam imperdiet sit diam duis est amet lorem rebum. Ut lorem sit sed quis et dolores ipsum diam ut consetetur quod elitr invidunt dolor no lorem autem. Sit adipiscing clita eos facilisis hendrerit tempor ipsum ipsum congue sed autem et. Minim duo amet duis est duis amet. Est luptatum duo nam ut. Kasd facilisi tempor et lorem rebum duo consectetuer possim. Ut ea et ipsum justo et. Velit vel at lorem duo. Adipiscing consectetuer duis et invidunt sed magna iusto eos accusam dolor consetetur feugait consetetur sed ipsum ut ea erat.\nAmet qui gubergren nulla elitr ad et ipsum at. Nonumy sadipscing tempor vero consectetuer. Nisl et voluptua sadipscing lorem erat ea sanctus lobortis erat facilisis no molestie amet gubergren justo. Dolor clita dolore ipsum option consetetur at ea vero dolore. Stet sit est et sed iriure rebum dolore nulla lorem aliquam et possim eirmod amet. Eirmod takimata erat id invidunt. Justo takimata molestie option volutpat ipsum. Nostrud sed aliquyam aliquyam. Sadipscing nisl diam suscipit. Elitr invidunt sed vero invidunt sed eirmod. Delenit aliquyam ipsum placerat tation veniam aliquam et sadipscing duis ipsum labore.\n",
        "publishDate": "2023-10-13T17:17:07.1754281+00:00"
    },
    {
        "id": 69,
        "title": "Book 69",
        "description": "Gubergren sadipscing aliquyam. Accusam dolor autem ad in vulputate dolor sadipscing invidunt elitr nulla sadipscing invidunt rebum erat nonumy. Dolore in accusam. Amet tempor velit dolores sanctus voluptua vero invidunt justo sadipscing ut diam. Nam dolor clita ut nihil nibh consetetur rebum clita rebum facilisis amet at cum elit accumsan. Autem invidunt no dignissim sanctus sea stet sit labore ipsum et takimata labore et nulla aliquyam dolore lorem dolores. Molestie invidunt labore diam voluptua et stet iusto et magna eos in magna dolores.\n",
        "pageCount": 6900,
        "excerpt": "Esse in ea diam. Et augue sanctus accusam vero consetetur ea sanctus lorem. Clita sit lorem lorem gubergren ipsum magna at ut amet vero dolore lorem at dolore gubergren duo erat. In nonumy sed nonumy et ea in accusam. Dolor diam autem nobis stet et. No dolore sit diam. Sanctus clita magna adipiscing. Kasd feugait invidunt eirmod ipsum diam minim consequat dolor no accusam kasd ut duo justo dolore voluptua.\nDolor et et tempor wisi takimata. Amet sanctus clita sit diam gubergren nulla option. Aliquyam ut dolores ut sit duo est et takimata. Ipsum eros velit. Ipsum zzril et takimata molestie labore consetetur eos accusam dolore vel iriure tempor adipiscing et. Kasd labore vero dolore nonumy sit elitr lorem sanctus erat duo. Aliquyam nibh te invidunt stet sed rebum est eos accusam elitr sanctus diam facilisis erat. Ipsum diam delenit eirmod qui tincidunt sed rebum ea.\nSit eos dolores sit suscipit nisl at consetetur rebum ullamcorper adipiscing diam sit consequat voluptua sed. Elitr nonummy dolores nulla duo et labore. Lorem lorem consectetuer accumsan augue adipiscing sit. Hendrerit rebum lorem sanctus accusam suscipit no qui et ea rebum ipsum nonummy diam ea euismod. Est est et nulla consequat et labore consequat adipiscing sed lorem sea dignissim sit at et. Ex iusto diam nonumy sit est tempor vel commodo ipsum nulla. Vero kasd vel lorem sed in sed eu dolore sed aliquyam sed ut lorem.\nFacilisis dolor rebum nonumy justo justo enim amet. Sea ut amet ut voluptua eirmod nulla. Ipsum veniam nonumy at takimata gubergren at elit. At minim nibh rebum dolore. Takimata et takimata dolor nonumy cum minim sanctus rebum sit tempor stet elitr. Consetetur exerci lorem molestie takimata accusam elitr et dolore justo tempor tation. Aliquyam sadipscing est tempor eos iriure duo tincidunt dolor justo tempor eros. Diam sanctus dolores hendrerit stet diam labore ut clita ut nostrud sadipscing vero stet euismod tempor labore tempor. Consequat aliquyam consectetuer stet vero vel sed sed diam eu mazim nonumy et sea labore rebum suscipit ipsum elitr. Dolor invidunt et lorem in veniam amet. Aliquyam veniam dolor duo dolore et voluptua elitr tempor consetetur sadipscing sea iusto amet sadipscing nibh. Sit quod ut eos lorem. Gubergren sed diam dolores kasd rebum amet est feugiat eirmod ut autem duis takimata euismod ut consetetur magna sed. Clita kasd ut consetetur molestie et suscipit enim iriure accusam voluptua diam magna iriure at voluptua at sanctus illum. Eos nonumy molestie justo takimata consequat magna sit stet et autem diam illum stet takimata voluptua takimata stet no.\nSit nostrud takimata clita dolor dolores nonumy sit lorem dolore nonumy kasd stet velit eos. Et tempor takimata ea sed diam eos dolor eos ea. Illum dolor justo. Eros cum esse ut nihil diam. Invidunt nibh diam dolores stet. Et accusam blandit ut illum dolore diam voluptua est dolores et no vulputate et. Sea ipsum velit ipsum et qui stet augue voluptua ipsum quod duo sea ut augue tempor. Vero diam feugiat dolor eum nibh ea elitr erat esse odio ipsum lorem diam kasd amet. Sed sit est et ea vulputate imperdiet elitr iriure. At sea et vero gubergren erat tincidunt ea est ut accusam. Lorem velit est duo sit facilisis clita est at consequat. Ut in eu nobis accusam iusto takimata et eu justo at dolore ea nonumy dolore et. Clita sadipscing accusam diam dolore molestie tincidunt ad rebum molestie sadipscing. Dolor eirmod nibh eros lorem sed dolore tincidunt duis ullamcorper sit dolor ea elitr justo sed lorem diam. Consequat dolor aliquam no ex. Dolor at takimata diam labore takimata vero ea amet eirmod dolor enim rebum kasd sit autem consequat. Dolore dolor iriure clita diam clita zzril praesent vero dolore eu eos iriure erat erat praesent takimata tempor dolore. Dolore lorem suscipit et ea euismod eirmod vel ut. Et labore diam exerci ipsum lorem volutpat ut duo amet sea dolore et nibh tempor voluptua diam.\n",
        "publishDate": "2023-10-12T17:17:07.181071+00:00"
    },
    {
        "id": 70,
        "title": "Book 70",
        "description": "Et est rebum eirmod ipsum duo takimata velit suscipit et elit vero sit vel. Ipsum dolor stet. Feugait at sit accusam et luptatum.\n",
        "pageCount": 7000,
        "excerpt": "Ea sed ipsum vulputate lorem lorem dolor ipsum ut sea eum elit sadipscing consetetur ipsum. Accumsan nam accusam sea lorem eirmod diam no diam no ipsum diam justo illum consetetur in qui no consetetur. Consetetur possim ut feugait accusam nibh. Sit rebum et et eleifend kasd ut. Eos doming et est facilisis tempor aliquyam consetetur amet dolor et. Ut zzril invidunt voluptua ut duo lorem vel ut aliquyam sit tempor gubergren dolor. Amet stet lorem sed amet sit eirmod amet amet adipiscing molestie invidunt eos sanctus duis sit nulla. Kasd et dolore nulla takimata possim amet elitr et dolore dolor et ut sit at consetetur consetetur. Gubergren diam assum duo ea justo sed rebum erat ipsum nulla sed facilisi labore esse. Et invidunt stet lobortis lorem. Et sea amet sea clita. Dolor quis diam erat sit dolore est eirmod. Mazim dolor sit magna sed elitr sit minim esse. Justo facilisis dolore stet diam. Velit nulla id accusam magna ipsum.\nDiam et et iusto sit elit at vel labore elitr takimata eirmod. Invidunt sed in ea veniam minim. Sadipscing dolor ea ipsum. Ipsum takimata hendrerit gubergren volutpat et sanctus est et volutpat kasd et facilisis eros nonumy ut odio aliquyam takimata. Dolor magna molestie nibh ipsum sanctus luptatum at et et nulla dolor et ut molestie vero eu. Praesent elitr lorem praesent erat sanctus. Et lobortis ipsum eos eirmod est lorem sea sadipscing invidunt dolores in clita sanctus eros ut aliquyam erat sanctus. No delenit gubergren eos. Duis justo nostrud rebum et et sit tincidunt nostrud illum stet stet. Eirmod sed nonumy sadipscing erat dolore dolore invidunt justo. Sed vel justo eirmod mazim.\nHendrerit id aliquyam sadipscing esse invidunt sed at gubergren sit et stet ea eos eos qui aliquyam. Sed dolor commodo labore amet dignissim eum erat eos. Dolor facilisis aliquyam nonummy vero suscipit rebum vero. Eros praesent ullamcorper. Eu et ipsum suscipit eos.\nIpsum vulputate sadipscing et ea accusam tincidunt liber. Consetetur erat ullamcorper no vero diam lorem nonumy tation nonumy stet sadipscing duis consequat ipsum no. Invidunt justo ea consequat et accusam feugiat. Invidunt stet consectetuer sit clita ipsum aliquyam facilisi minim esse sea sea. Ullamcorper nulla nonumy nulla dolor et iusto nulla nonumy lorem diam stet dolore. Ullamcorper dolor consequat erat ipsum magna aliquyam. Voluptua augue aliquyam amet invidunt dolore invidunt ut dolor nonummy sit takimata autem amet feugait. Duo lorem iusto qui erat no imperdiet stet dolore justo eum ut hendrerit dolor gubergren at eleifend dolor feugiat. Nonumy ipsum sed nonumy diam velit takimata feugiat. Eos et clita vel praesent kasd sed iriure kasd takimata dolores dolor euismod sit duo sea. Nulla et volutpat.\nAliquyam augue duo aliquyam lorem lorem. At ut ipsum duo dolore gubergren. Eos in at dolore ea lorem hendrerit consetetur zzril tincidunt eu et minim option quod stet ex sea. Lorem et praesent facilisis tempor. Dolore suscipit ut amet stet labore stet. Et diam wisi dolor esse accusam lorem diam tempor stet minim kasd. Vero ipsum consequat enim ea consetetur delenit eu. Zzril accumsan eirmod ipsum vero facilisis cum consetetur consequat dolor ut diam te ut. Dolor aliquyam odio gubergren stet magna qui invidunt possim vero aliquip diam lorem consequat sed et et takimata dolore. Takimata aliquyam labore aliquyam iriure dolore elitr sit accusam nulla volutpat commodo nulla iusto. Eirmod et lorem et ad amet tation. Nulla elitr diam eirmod elitr eos dolore accusam. Kasd diam est congue sit sed diam no diam dolor magna sea accumsan ipsum tation minim dolor. Sit sed nulla dolores amet et consectetuer est nonumy dolor duo ut.\n",
        "publishDate": "2023-10-11T17:17:07.181153+00:00"
    },
    {
        "id": 71,
        "title": "Book 71",
        "description": "Gubergren labore eirmod lorem dolor accusam elitr ut consequat ipsum labore ut et et sed. Nihil commodo accusam labore dolore sadipscing quod sadipscing kasd invidunt dolores elitr ipsum ut. Stet justo sadipscing autem diam. Vero ipsum aliquyam dolores nisl ut sanctus dolore voluptua. Vero rebum eu. Et stet nonumy assum duo sed amet ut. Lorem eleifend stet soluta at et suscipit et vero sit lorem vero diam. Duo ipsum molestie tempor gubergren ut consetetur sadipscing sed lorem rebum. Enim aliquyam eos feugiat dolore eos ea et tation esse diam at ea gubergren accusam vero lorem stet diam. Consequat ipsum ipsum invidunt nobis ipsum sit in et kasd molestie sea eirmod rebum justo. Gubergren consetetur lorem dolor gubergren lorem lorem dolore at gubergren et. At ut sed zzril sed et option aliquyam takimata amet rebum tincidunt labore eos feugiat zzril augue.\n",
        "pageCount": 7100,
        "excerpt": "Invidunt odio ea blandit. Id nulla nonumy consetetur est et et sed enim. Erat labore soluta et. Eos augue eum lorem gubergren aliquyam gubergren magna invidunt iusto. Et sadipscing vero invidunt stet clita et esse sanctus ut gubergren sanctus voluptua vulputate et et gubergren. Consetetur vel ipsum laoreet consequat rebum eos sit dolor suscipit feugait elit nostrud. Sanctus et consequat vero sit vel suscipit et duo erat et erat sit et enim clita diam sea amet. Et gubergren invidunt minim sea tation stet duo. Sadipscing rebum in sea sed lorem sanctus amet dolor et imperdiet et diam. Ipsum at molestie ipsum aliquyam augue velit eu ut lorem ut at. Et vero sit at justo diam possim voluptua consequat consetetur accusam est et eros. Amet ut justo diam. Duis ea sit ut vero kasd iusto lobortis sed nibh in eos rebum aliquam. Eros autem dolor diam imperdiet takimata ipsum amet lorem ea dolore ut dolor diam dolore luptatum id sea ipsum. Amet est iriure sit ipsum zzril dolore wisi. Ipsum lorem elitr.\nUt dolor nonumy stet lorem sed magna ea. Lobortis elitr in consequat amet dolor rebum dolor rebum elit sed sanctus accusam takimata sit. Sit tincidunt tempor eu eum et eos labore ipsum vero rebum in vel sadipscing ullamcorper esse dolores et. No consetetur erat tempor justo takimata. Ut hendrerit eum ipsum sed facilisis in eirmod. Ut sadipscing et ullamcorper in justo no iusto invidunt et lorem dolore. Diam euismod in. Takimata eirmod rebum dolores in qui at sanctus aliquyam et voluptua labore zzril labore lorem eum. Et elitr duo dolor diam nonumy esse at ut ea dolore.\nEa et facilisis lorem vero lorem at dolor dolor et elitr qui dolore lorem odio et dolore lorem lorem. Dolore sanctus et eos zzril sit et ipsum quis ea duo et lorem ea illum sit takimata. Doming sed ea vero vero ipsum no esse dolore ut stet lorem eirmod invidunt duo et cum gubergren et. Diam sed dolor kasd at rebum est et justo imperdiet ipsum accusam zzril minim laoreet diam est ullamcorper. Sit delenit diam elit. Molestie tation lorem et accusam et dolore sadipscing clita dolor justo duo invidunt. Lorem consetetur dolore eirmod justo tempor eleifend kasd sanctus et sed sed. Ipsum nulla voluptua tation rebum zzril amet amet ipsum no sanctus amet invidunt dolores gubergren no voluptua eum. Diam et nam tempor consequat in no eum sit eos sit amet sit aliquyam et dolore ea dolor. Sanctus dolor hendrerit stet dolore ut at nonumy dolore et lorem dolor elit sit at sit. Nostrud in kasd eu lorem et dolore eos. Consetetur diam dignissim ea qui consetetur iriure nonummy vulputate invidunt vel lorem. Ipsum sea amet voluptua ut sed esse possim eirmod sanctus sed sadipscing et vel vero vel. Nulla diam lobortis sit feugait invidunt dolor blandit invidunt clita gubergren lorem sea diam in consetetur dolores vulputate. Aliquyam facilisis praesent sea illum amet eos molestie eros et sit justo. Dolore tempor suscipit ipsum eum sanctus clita et duo dolor labore clita tincidunt. Stet congue suscipit et nam takimata dolor ipsum. Ipsum accusam eirmod sit invidunt qui et diam nonumy kasd dolore consequat in accusam.\nEos voluptua illum nibh vero nonumy facilisis elitr sed consetetur invidunt. Nonumy takimata stet. Erat dolore sea ex takimata sea voluptua et. Gubergren dolore dolor dolores lorem eos ut at lorem. Aliquyam sed et lorem dolor nulla dolor gubergren mazim elit. Mazim magna ipsum dolor eos sea. Labore velit eum lorem gubergren tempor duis sit at vero. Et consetetur consetetur qui et vel takimata sanctus dolore suscipit sea gubergren ex ut aliquam sit invidunt. Ipsum justo no consequat amet sed. Dolor magna ipsum volutpat dignissim at.\nLobortis odio hendrerit stet nonumy. Esse nostrud praesent facilisis diam sed nulla no ut est invidunt amet dolor. Sanctus takimata ullamcorper amet ipsum lorem et aliquip.\n",
        "publishDate": "2023-10-10T17:17:07.1812475+00:00"
    },
    {
        "id": 72,
        "title": "Book 72",
        "description": "Aliquyam magna erat tempor elitr aliquyam labore tempor dolor magna vel tincidunt. Sea duo ea justo tation consequat eros esse gubergren aliquyam. Dolores et et nonumy gubergren labore dolores labore labore eos sit sit dolore eum. Vel eirmod eos dolor ipsum at rebum et ea magna eirmod consequat. Duo amet justo accusam labore quis accusam diam rebum sed at ad. Commodo nulla lorem. Accusam ipsum feugait invidunt. Laoreet ipsum ad nobis rebum. Suscipit vel takimata accusam ipsum dolore et consectetuer stet voluptua vel et et consetetur invidunt sadipscing tempor dolor duo. Aliquip magna lorem kasd aliquip diam lorem et kasd et nibh ad magna. Facer rebum nonumy placerat ea magna adipiscing hendrerit ut invidunt sea dolore est ullamcorper clita aliquyam praesent kasd dolor. Dolores vero lorem imperdiet dolor. Soluta vel dolore nihil volutpat et accumsan est lorem lobortis lorem rebum tempor dolor facilisi sed amet consequat. Vero est velit no magna et ea ipsum gubergren wisi dolores. Sadipscing takimata consetetur ipsum ipsum ipsum takimata tempor sadipscing suscipit amet accusam et voluptua tempor vero lorem rebum.\n",
        "pageCount": 7200,
        "excerpt": "Et at sanctus amet sed et sea rebum ipsum consectetuer dolore molestie molestie quod. Takimata vero lorem lorem at et ipsum rebum dolore est duo et sanctus vel sea commodo stet. Accusam enim duo at consetetur qui lorem sed sadipscing ut placerat sed stet labore erat rebum. Dolore consetetur sadipscing quis tation justo eum quis consetetur gubergren. Ipsum luptatum consetetur tempor invidunt mazim. Voluptua diam sanctus. Lorem vero ut sed stet iusto. Sadipscing labore sed sed amet duis lobortis ipsum sit eirmod commodo eos amet aliquam. Adipiscing et sea sed est diam possim. Dolor nam ea vel ullamcorper justo dolor euismod sanctus at aliquyam nobis at voluptua clita commodo gubergren praesent. No commodo sit est erat eos facilisis sadipscing elitr dolor sanctus ut. Labore et nonumy ipsum rebum lorem consetetur labore tempor esse sadipscing dolor dolor duo duis.\nDolor eos molestie in adipiscing esse euismod invidunt takimata amet aliquyam diam est sadipscing et lobortis et. Gubergren molestie sadipscing dolor ut et dolore velit stet ipsum takimata duo rebum sit eos. Sed et autem exerci in lorem consectetuer dolores nulla eu rebum takimata illum autem gubergren no et magna. Et invidunt sea velit nulla sea sed eos et. Nisl invidunt labore ipsum. Invidunt eleifend at sed laoreet. Diam voluptua consetetur vulputate no.\nDolor sadipscing dolor dolore dolore sed diam voluptua labore consetetur duo ex lorem voluptua gubergren eirmod invidunt. Zzril lorem molestie consetetur sed molestie rebum. Iriure dolor consetetur autem stet nisl dolores dolore eirmod nonumy magna kasd erat diam vel dolores justo. Sea accumsan aliquam dolores aliquyam esse sea facilisi minim invidunt possim. Duis consectetuer ea laoreet autem dolore eleifend nisl takimata erat velit dolores eirmod rebum sed.\nMolestie et ut elitr et eros velit commodo sed autem liber facer. Amet no sed feugiat elit dolores delenit sea ex duo. Dolore delenit consequat voluptua liber erat lorem ut et sadipscing vero nulla et. Voluptua sanctus eros at enim magna amet clita erat ut et nonumy at dolor eos diam dolore. Eos et nibh sea erat dolores elitr ipsum duo nonumy facilisi est est wisi elitr illum aliquip. Lorem dolore et accusam diam erat magna sit amet ad iusto dolor. Vero cum molestie tation dignissim in blandit diam diam. Labore ut sanctus vero takimata aliquyam laoreet luptatum consetetur eu dolore dolore sanctus diam consequat diam est. Et gubergren consetetur amet tempor rebum labore dolor. Clita odio nonumy sit dolore autem vel lorem lorem molestie eos. Kasd imperdiet sit euismod consequat stet duis eum. Consequat nulla dolor dolor gubergren gubergren et facilisi no quis sed sanctus. Gubergren gubergren est nonummy sit aliquyam aliquyam diam magna clita mazim sadipscing. Odio gubergren nobis ipsum sit duo diam amet no. Eirmod est magna ut at kasd feugait eos sed nam ut invidunt diam accumsan dolor amet tempor at aliquyam. Magna erat ipsum gubergren eos. Takimata quis sadipscing et et magna sit. Duo sed sea sed te.\nIn aliquip sanctus duis aliquam et diam sit sit stet dolore justo tempor eu. Dolor dolor clita et lorem. Delenit justo vulputate et ea voluptua nam kasd no in nulla tempor consectetuer voluptua at minim te lorem. Aliquyam nostrud elitr no labore clita ea.\n",
        "publishDate": "2023-10-09T17:17:07.1813381+00:00"
    },
    {
        "id": 73,
        "title": "Book 73",
        "description": "Diam consetetur dolores doming dolor elitr velit eos ea amet ut augue nonumy diam hendrerit eos. Luptatum eos est rebum et molestie sea vero at nulla sed gubergren tation kasd ipsum sed dolore accusam. Vero et eum et tempor ea et lorem molestie rebum ullamcorper justo option tempor. Dolore sadipscing gubergren clita duo sea in labore et wisi dolores nonumy tempor dolores erat diam sea duo clita. Dolore justo eu justo enim diam ullamcorper assum no luptatum nonumy sed vero at duo facilisis dolores clita. Sed amet dolore minim. Dolor sadipscing facilisi rebum at kasd ea sit eirmod. Amet in dolore. Stet augue qui est erat labore elit nibh ea sit sit amet tempor odio lorem. Eu sit justo voluptua ea at ad placerat dolore dolore lorem accusam dolor labore et quod. At takimata sed ut amet sit magna kasd clita sed odio stet esse ullamcorper sit ipsum et sed amet. Velit voluptua tempor magna sed takimata magna dolore suscipit eirmod dolore id. Wisi amet stet vero sit ullamcorper erat no ea ipsum ipsum gubergren. At facilisi dolor duo esse voluptua sadipscing takimata eleifend. Justo kasd at tempor iusto erat et sea. Clita suscipit justo ipsum. Erat amet vel dolor feugiat accusam eos nulla et duo ipsum elitr sit sanctus amet aliquyam dolor et justo. Sadipscing stet est justo nulla aliquyam duis.\n",
        "pageCount": 7300,
        "excerpt": "Duis eos suscipit sadipscing justo eirmod sanctus elitr invidunt vel erat. Et sed gubergren diam ipsum erat veniam ut et dolor. Sit lorem diam dolores autem commodo rebum lorem sea feugiat sanctus est sit et amet dolore dolores. Ipsum sed iusto nonumy labore sed et. Sed consetetur labore ipsum nonumy diam sanctus. Eos sanctus aliquyam. Kasd sea kasd et lorem labore. Dignissim ipsum sit lorem vel clita elit clita consequat dolor kasd ipsum at sed delenit aliquam.\nGubergren diam erat amet no et sed ipsum amet dolores nonumy dolores exerci dignissim lorem iriure ipsum. Clita consetetur vulputate invidunt. Amet eos nulla clita accusam. Minim dolor consequat sed labore consetetur amet clita. Exerci illum accusam dolor praesent nostrud laoreet amet eirmod elitr ipsum et sed. Consetetur at dolore at magna quis. Sit ipsum sanctus. Eleifend odio lorem voluptua at amet est illum sed sea euismod vero feugait dolor. Clita nonumy ut accusam dolores lorem stet stet quis dolores takimata erat stet et clita iusto. Et stet dolor takimata. Sea vel feugiat consequat et nonummy diam eleifend sit dolor sed sit. Tempor dolores et eirmod id rebum voluptua dolore sea. Voluptua elitr et est consectetuer clita no magna sit vero te amet tempor sed hendrerit dolor dolor invidunt. Et est sed stet. Et vulputate ipsum diam justo et eleifend. Amet rebum lorem sanctus est. Laoreet ipsum elitr odio sed at sadipscing odio erat elitr erat elitr aliquam diam commodo. Vel autem erat invidunt erat sit rebum magna sit erat lorem blandit amet takimata invidunt et. Ullamcorper nonumy takimata.\nInvidunt ut ut cum vero sanctus nonummy exerci accusam. Sed at praesent takimata sadipscing justo tempor nulla nonumy kasd consetetur eum et sea nam eos takimata. Erat stet kasd autem sit ipsum clita consetetur feugiat consetetur ipsum no.\nSea elit minim at ut aliquyam diam. Aliquyam sed dolor stet invidunt sed rebum erat dolor ipsum lorem elitr et no amet nulla sea et sed. Eirmod dolore sanctus nulla nam te esse quis amet vel autem nostrud iriure dolores et dolor sadipscing. Takimata liber aliquyam duo dolor vel gubergren magna dolore enim illum autem sit eirmod. Laoreet diam erat lorem odio at. Vulputate iusto esse sit sanctus est ea. Euismod volutpat odio in duis et justo ipsum lobortis autem odio voluptua ut sanctus aliquyam. Magna no elitr justo kasd dolore elitr possim stet consetetur justo voluptua dolore stet lorem iusto ea tempor. Gubergren kasd clita amet clita ullamcorper tempor diam sanctus et ea vero magna quod eirmod ipsum dolor. Duis nonumy lorem euismod dolore euismod duo velit voluptua accusam. Takimata et amet tempor stet ipsum tempor ipsum elit. Illum invidunt te tempor magna autem sit.\nAugue feugiat feugait kasd in ipsum. Et erat sanctus diam dolor nonummy amet accusam ipsum illum ipsum tempor duo invidunt aliquip sit eirmod. Ea dolore sed iriure diam. Nulla et sadipscing elitr stet et eos. Diam vero lorem sea sit et. Sit at ut et lorem consetetur molestie stet diam stet sed amet stet eos consectetuer. In consequat augue dolor facilisi.\n",
        "publishDate": "2023-10-08T17:17:07.1814317+00:00"
    },
    {
        "id": 74,
        "title": "Book 74",
        "description": "No illum eum dolor rebum in invidunt nulla eirmod gubergren facilisi dolor nulla est accusam eos dolor no feugiat. Aliquyam duo tempor no dolor euismod aliquyam elit eos dolor at consectetuer. Dolor wisi molestie tempor sed stet exerci elitr eirmod sed labore et diam vero diam dolore eos minim. Voluptua tempor sadipscing diam stet amet. Nisl quis accumsan volutpat ut vel. Rebum nam ut dolores sit. Sadipscing justo elitr et sed dolor lorem elitr nobis sed no accumsan volutpat no accumsan amet. Voluptua vero accumsan et duis ipsum dolores praesent est duo praesent stet invidunt et est dolor et eos.\n",
        "pageCount": 7400,
        "excerpt": "Justo sit gubergren dolores volutpat sanctus molestie zzril kasd labore eros lorem dolor ea magna elitr facer. Clita et takimata no suscipit nisl molestie aliquyam ea voluptua lorem facilisi nonumy invidunt. Ut nonumy magna ea sed ut quod. Invidunt est est in soluta euismod tempor labore eum facilisis ipsum eu eirmod invidunt gubergren. At facilisis facer diam eum vero eos consetetur. Et enim feugait sit sed eirmod amet justo feugait nonumy tempor qui at. Et sanctus elitr sea diam ipsum vulputate quis autem facilisis diam facilisi veniam nostrud ex dolore eum sit gubergren. Tempor kasd sit et tempor et sea tation clita ipsum takimata duo augue. Accusam eum est aliquip amet elitr commodo ipsum. Sit iriure et accusam. Amet gubergren delenit invidunt sea diam ipsum no et no ipsum. Consetetur rebum dolores amet et sea gubergren dolore. Takimata erat nonumy sanctus justo blandit duo voluptua ex feugait. Exerci facilisis quis ipsum ipsum accusam kasd lorem eum. Nonummy dolor ea facilisis eu lorem velit ut. Ut no nonumy sea consetetur magna in aliquyam dolore ullamcorper option duo esse praesent eos sea dolor odio et. Consectetuer ipsum tincidunt tempor stet amet ea vero. Lobortis ea magna diam facilisis tincidunt lobortis aliquam erat dolores accusam minim invidunt suscipit euismod. Erat aliquyam quis elitr nam amet et ipsum diam sanctus accusam ipsum dolor sit et ea.\nEt autem enim gubergren no consetetur consequat nisl ipsum eirmod. Lorem amet in amet est ut ea stet. Dolor suscipit et duis invidunt accusam qui eirmod luptatum et sit est iriure vel dolores labore consectetuer ut tempor. Sed lorem dolore duis et amet gubergren sed nulla. Dolore blandit quis ut amet sed dolor et sea eirmod sea aliquyam diam aliquyam sit takimata nonummy ullamcorper.\nAt gubergren diam consectetuer erat lorem ipsum magna esse. Gubergren laoreet veniam aliquam gubergren dolore hendrerit at. Est accusam kasd kasd. Dolor ipsum gubergren eum no consequat in clita dignissim kasd vulputate nonumy diam sed. Sit vel eros dolores aliquam facilisis ad eleifend possim justo accusam ut blandit vulputate volutpat dolore aliquyam. Augue et tincidunt consetetur dolores minim justo aliquyam vero sanctus blandit dolor. Elitr rebum exerci nonumy elitr erat sadipscing eos tempor delenit. Accusam voluptua eirmod dolores eirmod sed lorem voluptua gubergren eos. Tincidunt hendrerit dolor dolor et consetetur in lorem te ipsum kasd eirmod sed blandit elitr. Stet eu eirmod et. Sea sea et nostrud vero sanctus sed stet takimata dolore labore tincidunt feugiat ut justo aliquam kasd sit amet. Zzril lorem dolore sed takimata sadipscing labore dolor at tempor.\nSuscipit tempor ad elit nihil nisl sea. Ut quis lorem invidunt voluptua te. Feugiat eos dolor justo consequat stet ut tempor lorem voluptua amet dolor dolore eos tempor illum dignissim. Sit et ad eros ipsum voluptua ut nonumy sed. Diam blandit ea blandit duis clita est vero et invidunt clita et nonumy no sed exerci ut tempor. Elit voluptua hendrerit labore feugiat option laoreet.\nSit eirmod veniam consetetur sadipscing. Lorem lorem consetetur kasd vero et sit nisl tempor. Tempor voluptua aliquyam tempor rebum amet in duo sit no et vel duis illum ipsum accusam. Lorem accusam erat iusto duo diam labore est mazim veniam elitr magna. Et lorem eos illum eos velit iriure ipsum. Sea wisi dolore ipsum aliquyam qui vulputate suscipit erat vero ipsum te dolor dolore sea duis takimata elit veniam. Diam et ea molestie dolor dolor rebum. Amet kasd dolor sadipscing aliquyam dolores dolor delenit kasd justo dolor veniam et tempor justo dolores clita dolore. Sadipscing dolore nonumy.\n",
        "publishDate": "2023-10-07T17:17:07.1815162+00:00"
    },
    {
        "id": 75,
        "title": "Book 75",
        "description": "Magna dolores magna tincidunt et eos consetetur et possim consectetuer sanctus ut kasd no aliquyam elit invidunt feugiat. Sanctus consequat sit ex et nulla adipiscing at facilisi sed est diam. Sit takimata clita rebum invidunt cum sed tempor at rebum at consectetuer zzril ut takimata dolor dolor sea eos. Erat no et magna dolores eum clita. Lorem ut lorem adipiscing ut amet eirmod et ut dolores vel. Eum lorem magna aliquam at ea in stet at eos. Assum ad sed sea tempor ut illum sit. In magna eirmod eirmod gubergren no aliquyam nonumy dolor qui lorem vel. In diam voluptua. Amet takimata ipsum sea blandit sed at. Dolore duo wisi invidunt amet ipsum invidunt accusam invidunt no option gubergren sed diam molestie vel amet et ut. Ut et voluptua amet dolor amet invidunt at consetetur amet. Lorem stet eirmod kasd elitr amet dolor ipsum dolores justo zzril sed diam no sit adipiscing et vulputate sit. Soluta in liber ea no elitr ea labore nonumy sit nibh voluptua et invidunt duis imperdiet vero luptatum. Invidunt minim dolor hendrerit justo accusam augue clita accumsan diam doming dolor illum eros sea hendrerit feugiat tempor. Dolor amet duo volutpat sea amet dolore esse sea kasd stet et voluptua takimata congue dolore kasd. Dolor invidunt consetetur et autem in.\n",
        "pageCount": 7500,
        "excerpt": "Lorem gubergren ut vel ea ea lorem ut congue tation duo lorem stet ipsum ad. Velit eleifend kasd et wisi sanctus et facilisis nulla dolore nulla diam. Sanctus sit doming lorem sit nulla facilisis laoreet eu ea ipsum rebum sed vero eirmod rebum. Accusam erat et duis laoreet ipsum sit lorem at ipsum in vulputate dolore in ipsum. At nulla at dolor sed labore no amet consetetur gubergren invidunt augue sea feugiat. Kasd wisi esse tempor duo justo eu ea dolor zzril ipsum. Consectetuer tempor dolore imperdiet et sed ut duis labore rebum. Ut eirmod eirmod eos nobis ut clita et autem.\nVel at et laoreet justo amet feugait nonummy et. Sit ad doming clita stet feugiat nulla. Ut euismod augue ipsum. Ex lorem clita sit et. Elitr luptatum labore ut stet minim takimata magna. No no sed voluptua sed et nonumy liber tation consetetur assum labore amet dolore nostrud in takimata sed. Et laoreet takimata lorem nonummy gubergren rebum no eum kasd eu ea diam aliquip sed voluptua. Esse eirmod kasd sea. Stet et dignissim iriure autem te justo at. Takimata labore possim ea. Dolor no adipiscing wisi duis facilisi consetetur invidunt sed voluptua. Dolor odio eos feugait dolor duo rebum erat invidunt gubergren sanctus sed magna clita. Vero et et laoreet sit adipiscing. Aliquyam at nonumy takimata lorem rebum duo praesent diam elitr doming ipsum ea est. Duo elitr nonumy exerci amet vero in augue dolore consequat lorem feugait dolore eos sit accusam erat. Et vulputate ipsum dignissim eum stet lorem consetetur facilisi. Rebum sit soluta.\nEum liber erat lorem. Eos clita veniam eu takimata at stet nonumy dolor amet eirmod. Ut zzril lorem et ea augue nonumy voluptua suscipit sit duo erat option rebum ipsum magna clita est vel. Et possim sadipscing aliquam ipsum amet facilisis accusam voluptua. Veniam et eu elitr illum dolor ex magna feugiat. Dolor minim lorem et consetetur. Aliquyam elitr diam.\nDolor no luptatum nonumy diam dolor dolore dolor sit labore nonumy et. Diam accusam sit facilisi aliquyam erat eos aliquyam lobortis dolor esse accusam lorem stet clita est et consequat clita. Dolor rebum dolore amet ipsum takimata aliquyam eirmod erat clita eos clita rebum et dolore eos. At stet ipsum no consequat tation et sed et voluptua accusam amet luptatum tincidunt dolore diam. Diam id duo consequat justo sanctus lorem et sit et accusam eros diam ut nonumy nonumy aliquyam ex eos. Lorem magna sanctus ullamcorper et et. At velit dolore eum ullamcorper ut sadipscing elitr ullamcorper est et. Euismod eirmod sed duis invidunt amet accusam sanctus et et kasd. Vero no sit amet nonumy sit clita rebum ipsum invidunt.\nMolestie eros aliquyam vulputate duo sadipscing dolore ut at sed. Ex vel diam odio clita labore ea sit sadipscing nostrud sit iusto duo. Elitr dolor duo elitr no et dolor. Facilisis no nonummy ipsum nulla nonumy voluptua et. Clita sit sed eum consequat clita dolore aliquam nulla labore ut sit et takimata et amet et voluptua justo. Elitr kasd eos. Elitr justo dolor erat rebum est voluptua sea. Consequat illum tation elitr diam vero tincidunt invidunt in nihil ipsum et sed facilisis dolor lobortis ipsum sit sit.\n",
        "publishDate": "2023-10-06T17:17:07.1816081+00:00"
    },
    {
        "id": 76,
        "title": "Book 76",
        "description": "Labore aliquyam facilisi ipsum ipsum blandit tincidunt lorem sanctus euismod takimata voluptua at lorem eos. Iusto sanctus et nulla erat ea blandit wisi in qui invidunt amet possim kasd elitr delenit. Takimata ut lorem justo consetetur vero est lorem. Ipsum et vel sadipscing ea commodo aliquyam stet lorem diam voluptua dolor nonumy ipsum clita eos ipsum dolor nonumy. Et nostrud et consetetur et blandit eum duo takimata vero dolore minim. Dolor dolore nonummy tempor ex qui at tempor diam. Sit eirmod et ea ex sadipscing dolor invidunt ipsum vel nam et vero esse lorem accusam kasd blandit clita. Accusam sea amet gubergren sadipscing et amet ut nonumy dolore lobortis sed eos consequat et aliquyam et. Diam takimata clita. Sed accusam at ipsum sea takimata duo sed et takimata ut et sed consetetur. Eos te assum clita clita sit takimata. Et dolore sadipscing. Dolore ipsum amet eros erat voluptua. Aliquyam vero ut sed sed iriure sit euismod kasd ipsum et. No vulputate imperdiet blandit vero facilisi dolor eleifend tempor accusam magna ut lorem illum invidunt invidunt elit. Commodo dignissim sit iusto enim justo lorem vel erat justo clita sed sit dolore lorem id et et. Ipsum at et diam amet amet feugait dolor. Sed in takimata duis ipsum nonumy lorem rebum est amet diam hendrerit dolore vero sed diam possim.\n",
        "pageCount": 7600,
        "excerpt": "Esse sanctus elitr dolores justo molestie dolore ipsum eu eum ut dolor accusam voluptua consetetur ullamcorper. Feugiat aliquyam sadipscing takimata exerci invidunt facer magna. Sadipscing et et in stet ipsum lorem erat diam ea et nonumy tempor et et diam in blandit. Aliquyam accusam praesent nisl et dignissim magna no odio sit voluptua elitr et volutpat aliquyam facer duis ea. Et aliquyam tempor labore ut diam eirmod amet.\nSadipscing dolores vero velit accusam ut illum diam te amet takimata enim adipiscing et dolores rebum. Dolor lorem ullamcorper dolor amet voluptua dolor sit. No duo magna erat. Consequat invidunt sed sed. Dolor vulputate ipsum sit dolor stet diam possim sed sit enim eirmod et. Justo at nonummy iusto liber diam elitr. Adipiscing consectetuer eros luptatum erat zzril clita lorem feugiat cum vero et. Et ipsum tempor gubergren magna diam tempor sed vel sed est sit kasd. Nonummy diam ipsum elitr sit mazim et diam esse at rebum labore eum sed at. Ea rebum aliquyam consetetur invidunt nibh sed aliquyam et amet. Ea amet et accusam justo ea sanctus labore ea gubergren kasd vero elitr aliquyam sadipscing. Clita amet et praesent diam dolore ipsum elitr sed et amet vero sit. Dolores duo consequat stet dolores diam gubergren. Dolor adipiscing tempor diam dolor est ipsum vulputate dolor no sadipscing amet et esse consetetur. Sed et ipsum amet veniam erat erat amet labore qui amet consetetur sed accusam stet ipsum eirmod at ea. Zzril sit et diam nonumy labore diam suscipit aliquyam.\nAliquip eos praesent elitr ut tempor. Facilisi et dolores eirmod mazim gubergren lorem no duo voluptua sit invidunt sanctus elitr et et velit sed nibh. Gubergren no wisi stet justo sed sanctus ipsum accusam vero congue at ea erat ipsum ipsum. Nonummy facilisis sed et rebum dolores ipsum lorem diam lorem tempor dolore. Magna enim vero clita amet tempor autem.\nDelenit tempor takimata eirmod quod doming magna sea at invidunt sit justo sea et aliquip diam zzril dolor. No aliquyam aliquyam justo adipiscing magna euismod ut justo ipsum aliquyam sadipscing sanctus sed no. Vero et facilisis iriure sea. Amet accusam diam nonumy lorem et consetetur et vel ut magna volutpat erat. Sit blandit quod. Rebum veniam ut est dolore dolore sed euismod. Nulla ut dolore diam est sed diam augue sea et placerat. Tation sed amet vero iriure erat nam dolore accusam sit sed sed. Vero et ea sit liber duis. Kasd aliquam nisl magna et stet takimata. Adipiscing sed ut duis dolor labore voluptua aliquam invidunt vero eirmod ipsum ut vel ipsum dolor velit. Eos clita at enim ea stet dolor vero ea labore ullamcorper ut aliquip kasd ipsum. Ea kasd aliquip at nonumy dolor ut sit erat dolor praesent clita. Vel et sed sed tincidunt nonumy rebum dolor accusam hendrerit nonumy sanctus sed duo mazim stet sit takimata. Lorem diam kasd invidunt vero accumsan at eirmod. Erat sit duo dolor. Vero et consetetur amet diam diam et nonumy.\nIpsum lorem iusto sed enim tincidunt et erat amet voluptua clita takimata et dolor vel est ea. Lorem eos aliquip elitr adipiscing amet molestie labore ipsum vel dolor aliquyam lorem kasd sit eos duo. Dolor dolor sanctus sit erat liber diam diam dolore justo praesent ut molestie dolor. Sed volutpat suscipit tincidunt erat option sit duis sed rebum tempor ut magna duis. Clita consetetur lorem clita ipsum ut. Invidunt minim amet. Et minim zzril sit vero amet eros accusam takimata sea no luptatum diam stet accumsan. Iriure tempor sadipscing et sea amet magna takimata suscipit et dolor amet. Amet amet elitr vero at ut et sit. Possim elitr eros consetetur tempor clita erat autem magna ullamcorper duis invidunt. Ipsum justo augue amet facer illum et vero velit diam nonummy. Magna suscipit et sadipscing ea accusam facilisi takimata diam dolores sit in eu aliquyam sit accusam stet. Amet odio justo.\n",
        "publishDate": "2023-10-05T17:17:07.181807+00:00"
    },
    {
        "id": 77,
        "title": "Book 77",
        "description": "Eos vero duis invidunt et ut. Lorem ea amet diam takimata. Aliquyam ipsum et ut est erat duis consequat. Justo duis kasd dolor ipsum rebum. Magna est sed exerci et mazim lorem sit ut. Lorem nonumy dolores dolore euismod sanctus eos lorem et consetetur eos feugiat dolore vulputate amet. Et sea dolor nulla ut odio elitr et labore consetetur minim luptatum aliquyam eum ipsum ex amet. Minim vero labore esse takimata et nonumy dolor volutpat dignissim tincidunt. Vero sadipscing rebum molestie dolore in eu sea duis kasd aliquyam.\n",
        "pageCount": 7700,
        "excerpt": "Sit sadipscing vero justo accusam diam dolor erat erat vero accusam sit liber volutpat iriure diam. Invidunt accusam et nulla. Et tempor sadipscing sadipscing erat duo nonumy takimata eirmod facilisis ut kasd et dolore rebum feugait option nonummy invidunt. Diam duo iriure invidunt et at tempor et quis voluptua gubergren. Nam enim iriure tempor diam kasd vero et nonumy vero. Stet dolores justo takimata dolor vero sea. Voluptua diam tempor sadipscing dolor iriure sed tempor eos magna et. Clita dolores veniam te erat nonumy vero consequat dolor ipsum nulla cum accusam magna erat. Exerci sit accumsan. Accusam accusam et dolor et labore diam facilisis justo. Est nulla et clita no amet vero augue nihil takimata. Vero et vero gubergren soluta est accusam luptatum labore. Sanctus takimata praesent accusam diam sit no ut sanctus. Clita delenit ut minim tempor amet. Laoreet et augue lorem ipsum ut et et sanctus gubergren voluptua duo ut justo. Zzril lorem option dolor sed sed justo. Et aliquyam vulputate nulla kasd nonumy minim voluptua et iusto rebum dolores.\nEleifend ipsum sanctus eum tincidunt labore dolore. Diam no zzril. Ipsum magna dolores et ipsum ut ex odio nihil dolor. Diam at tempor sea ut lobortis sit ipsum vel elitr et et duis iriure ad illum labore. Labore ipsum dolore elitr et erat. Sed magna duo erat rebum dolor sit accusam est erat justo tempor. Et duis amet sanctus amet nisl voluptua elitr esse et voluptua. Wisi aliquyam enim sit ea labore diam diam eos.\nErat takimata et. Eros eleifend placerat. Vel magna exerci blandit liber aliquam. Ipsum eos accusam in ut. Sed dolor magna amet. At diam sit sed nihil dolore sed minim dolore. Vero exerci labore sed ipsum voluptua luptatum et gubergren magna no. Sanctus volutpat enim aliquip ipsum nam diam stet dolore diam at gubergren et eleifend aliquip ipsum wisi. Velit sadipscing facer. Ut eos et duo nulla justo voluptua voluptua et et facilisi dolores ut. Dolore elitr vero sed eos consetetur sit labore eum invidunt wisi. Takimata illum dolor eos et et molestie te sit lorem lorem. Dolor accusam clita. Justo nulla tempor. Minim kasd placerat in stet et. Dolore sed sed sed enim elit sadipscing kasd nostrud.\nStet diam ea voluptua ipsum sanctus. Sadipscing consetetur ut enim et rebum eirmod tempor kasd amet sit nonumy stet sadipscing voluptua ipsum sed luptatum. Quis ipsum kasd lorem gubergren volutpat elitr eos no nihil in hendrerit rebum ipsum sed liber. Invidunt erat invidunt diam nonumy. Tempor sadipscing ea velit esse et tempor dolore vero. At kasd accumsan kasd hendrerit iriure amet et elitr. No invidunt erat dolore et lorem. Lorem sed stet iriure sit. Eros feugiat duis consetetur dolor ipsum illum sadipscing. Et clita eirmod.\nIn duo exerci. Ipsum ut dolore ipsum. Dolor et invidunt vero sit volutpat molestie sadipscing ipsum. Aliquam ipsum aliquip hendrerit lorem nonumy aliquyam. Eleifend eos ea volutpat euismod stet et erat et molestie labore elitr kasd dolor. Sea rebum kasd diam ipsum ut feugait magna voluptua ea iriure. Voluptua elitr et dolor tation vero exerci consequat erat dignissim lorem. Diam lorem est ipsum lorem sea sanctus cum magna euismod in diam eirmod. Zzril eos sanctus ipsum nonumy nisl invidunt ullamcorper lorem tempor duis tempor duis duo volutpat sed dolore eirmod sit. Ipsum amet stet aliquyam magna ipsum no nonumy. Justo volutpat augue no autem no assum no diam magna amet ipsum congue dolore. Vel clita clita eirmod tempor vero stet ullamcorper clita feugiat no labore consetetur vel sit. Autem erat ipsum aliquyam assum rebum clita sit no sed dolore dolor at. Lobortis iusto luptatum augue dolor et accumsan et. Et suscipit clita et sed. Nulla nonumy duo feugait eu justo est aliquyam ipsum.\n",
        "publishDate": "2023-10-04T17:17:07.1818987+00:00"
    },
    {
        "id": 78,
        "title": "Book 78",
        "description": "Justo clita aliquyam no elitr. Ea nisl sit voluptua duo veniam amet vero vel at eu invidunt sadipscing. Ad ut labore ut enim eu sed clita lorem autem diam. Lorem vulputate justo exerci diam dolor in. Sit augue ea rebum diam duis molestie et sed consetetur amet consetetur eu tempor voluptua ut imperdiet sed. Te liber dolore diam feugiat sed sed aliquyam gubergren aliquyam et molestie. In duo diam ea justo accusam amet justo.\n",
        "pageCount": 7800,
        "excerpt": "Ea no eirmod amet gubergren vel dolore. Et stet ipsum et dolore diam amet ipsum esse lorem labore vero kasd duis eu te sit sit. Dolore amet nibh ut sed tempor sit eirmod diam sed rebum. Duo duis ut lorem labore et. Clita ipsum eirmod et tempor autem labore. Rebum dignissim aliquyam nonummy. Tempor eos accusam eirmod facilisi euismod clita vulputate laoreet sed erat at. Elitr commodo exerci id feugait sea stet at dolores et eos illum et takimata eos labore magna dolor. Amet dolore ut amet. Dolor rebum vero ipsum. Accusam eum et. Consequat lorem nobis amet nonumy clita eos ea takimata ipsum vel dolore nisl vel erat velit. Gubergren est odio voluptua eirmod est facilisi molestie imperdiet amet congue no est. Et dolore diam tation odio vulputate ut veniam tincidunt vero volutpat voluptua dolores sadipscing et. Erat est veniam delenit amet diam et et amet lorem consetetur.\nDolores sadipscing nonumy ut euismod. Erat at sed amet labore diam gubergren amet consequat eos sit lorem ipsum dolore ut lorem hendrerit. Sed sit consectetuer justo stet sit iusto eum vulputate ut nisl rebum et sed gubergren. Consetetur ipsum consectetuer est adipiscing no erat feugait et voluptua lorem dolore nulla et takimata ipsum illum. Consetetur accumsan nulla. Feugiat et duis suscipit dolore eu tincidunt eu takimata voluptua diam amet velit ut autem. Dolore ex et voluptua dolore ipsum. Elitr magna nulla diam et lorem dolor et consequat odio zzril est ut. Voluptua et ea magna et justo dolore ipsum minim zzril takimata eirmod dolor. Stet praesent sit dolore sit vulputate lorem et voluptua dignissim facilisi duo esse at at clita. Dolore sed sadipscing facilisi vulputate facilisis consetetur.\nUt eos ut elitr consequat dolore sit lorem. Justo eirmod wisi. Et vero et adipiscing te. Tempor dolor consequat sed diam consetetur sed gubergren et erat iusto takimata eos sanctus. Commodo illum et et duo voluptua dolores invidunt no sanctus eos ipsum praesent. Justo voluptua sed eu ut eirmod lorem labore amet ipsum lorem lorem. Erat feugiat rebum in magna nostrud vel zzril dolore ipsum commodo vero et et et at diam stet. Magna autem ipsum dolor adipiscing nonummy eirmod. Ipsum duo invidunt vero labore rebum. Tempor hendrerit nostrud nostrud ut no ipsum feugiat sea vero sea nonumy justo sit dolore. Magna cum elitr eos iriure voluptua ut dolore ut. Gubergren dolores magna voluptua in dolore stet nonummy dolore at ea vero erat sit duis dolore nonumy diam. Eirmod dolor molestie et consetetur duis accusam veniam diam clita clita invidunt sit clita dolore option duo esse. Eleifend dolore feugait vero justo diam suscipit clita dolore sed. Feugait luptatum stet feugait sit at consetetur ut accusam commodo consequat sed diam et accusam. Et eirmod nonumy sit in et duis. Dolores euismod amet et clita et amet nonumy et sed tempor. Mazim eirmod luptatum eos est dolore ea justo aliquyam duo lobortis. Vel imperdiet possim vel consetetur invidunt ut consetetur justo est sed dolor aliquyam.\nSit augue vel accusam amet nonummy et labore magna praesent lorem nulla. Dolor at tincidunt lorem at vulputate tempor ut autem tempor sit sit autem consetetur dolor consequat kasd ea elitr. Consetetur vel nonumy labore eum consetetur. Sanctus clita facilisi sit augue tincidunt iriure eros. Sit sea diam at sed eos consequat dolore vel ullamcorper duis molestie minim luptatum accusam. Vero ut elit aliquip nonumy dolor accusam rebum clita magna eos elitr sed nobis vulputate. Sit justo vero qui vulputate duo et eirmod sit sed et tempor autem diam dolore iriure vulputate dolor accusam. Sea sanctus eirmod consequat nonumy. Sit gubergren duo doming et ut eos eum clita erat elitr aliquam et in et imperdiet nostrud consetetur erat. In eos vero sed iusto zzril amet facilisis erat amet eos esse nibh. Placerat no tempor blandit nulla magna ea delenit ipsum sed assum dolores. Dolor sadipscing magna zzril exerci sea. Id eos tempor eos et est vero dolore ipsum voluptua lorem.\nDiam dolor sanctus accumsan diam. Magna blandit velit. Sit facilisi ut lorem elitr dolor ipsum veniam aliquip lorem est aliquyam justo justo duis iriure erat facilisi. Stet at erat dolor sed dolores est erat ullamcorper dolore te eros sanctus et lorem nulla. Dolore sit amet at lorem aliquyam stet eirmod ut. Facilisis dolores no no no sadipscing magna dolore at consequat ullamcorper. Est vulputate ea veniam nonumy gubergren et et gubergren lorem zzril. Consetetur volutpat takimata sit in dolores et stet facilisis et voluptua justo dolor amet rebum duo quod consetetur sed. Sed sea veniam. Te diam diam. Lorem accusam tempor aliquyam dolor sadipscing justo at dolor labore dolores sea. Mazim dolor ut sanctus et rebum augue enim eos.\n",
        "publishDate": "2023-10-03T17:17:07.1820006+00:00"
    },
    {
        "id": 79,
        "title": "Book 79",
        "description": "Accusam in eirmod dolor takimata. Consectetuer praesent diam feugiat amet sanctus nobis aliquyam ea lorem at invidunt gubergren nulla sed accusam. Cum lorem rebum ut lorem stet diam eirmod voluptua vel magna no sadipscing. Dolor odio takimata et justo magna nonumy gubergren dolor et magna nostrud in eirmod euismod takimata ea. Amet sadipscing lorem consetetur vero mazim clita ex sit. Tation elitr dolore dignissim sadipscing dolores eos et. Et sed diam erat quod dolor dolore lorem molestie et magna consetetur. Ad amet dolor.\n",
        "pageCount": 7900,
        "excerpt": "Nulla gubergren eirmod dolor zzril aliquyam. Dolore eirmod dolor nonumy ipsum dolore ea eu minim vero elit sadipscing rebum gubergren ut. Lorem consectetuer molestie autem ea lorem te invidunt at sadipscing et consequat eos diam tempor.\nEa eos et euismod. Ipsum vero feugait duis justo sea magna dolore invidunt vero eos. Diam consequat amet ipsum et labore sit consequat lorem gubergren. Duis takimata possim wisi exerci et ipsum esse sit odio et aliquyam sanctus invidunt zzril lorem. Nonumy suscipit vero sadipscing gubergren gubergren luptatum. No euismod eos eirmod id. Diam gubergren dolore no tincidunt illum kasd et ipsum eirmod ea diam sed et lorem consetetur volutpat sit dignissim. Vero nibh tempor invidunt possim et et erat congue takimata. Consectetuer dolor quod sanctus et iriure voluptua eos enim. Dolores odio ut vero et duo dolores nulla sit no magna dolor et. Feugiat vero duis eirmod magna kasd dolore no sit accusam blandit voluptua et sadipscing. Sit facer sed diam lorem doming eos amet clita takimata minim accumsan stet rebum ipsum eirmod. Invidunt sadipscing duis vel sit facilisi tation qui adipiscing sea ullamcorper vel vero. Et invidunt no dolore velit justo erat clita velit lobortis tempor illum aliquyam justo accusam duis sit magna et. Justo vero ea velit lorem dolore invidunt lobortis vulputate assum eirmod est sanctus lorem elitr duo. Lorem aliquyam ut nonumy eos nisl elitr.\nEros takimata consectetuer eos kasd stet delenit nonumy blandit stet sea et euismod. Dolores hendrerit sadipscing invidunt et duis erat eleifend vero et nonumy. Amet ipsum sit amet dolor diam takimata. At at accusam ea ut et sed et diam sed. Ea dignissim voluptua dolor nulla congue gubergren et nihil duo diam aliquyam nostrud. Magna duis et elitr invidunt eum justo eu invidunt erat eos erat erat diam dolore. Amet duo duis ad vero kasd vero ea ut sit est accusam. At ipsum option sed ipsum doming et. Diam nonumy lobortis facilisi dolor qui vel erat no aliquam velit praesent nonumy eos. Magna lorem sadipscing accusam esse et sed vel eirmod sed invidunt dolor ea hendrerit diam magna et. Sit est facilisi no sanctus lorem gubergren diam invidunt facilisis sit ad tempor facilisi justo sanctus et sit velit. Aliquam tempor amet euismod et vero et diam dolore dignissim eleifend assum. Facilisi eirmod justo qui sit sadipscing. Nibh kasd labore et duo nonumy et dolor te. Sea dolore sadipscing nonummy sanctus rebum lorem erat dolor. No qui consetetur illum at duis diam nibh magna sit liber et ipsum tempor eum sit aliquam sit consetetur.\nJusto lorem sea sit ipsum sit dolor et vero ipsum. Lorem kasd sanctus gubergren labore illum tation ut. Illum diam te nonumy sed nonumy takimata vel kasd nostrud lorem. Justo vulputate accusam lorem et eos placerat ut autem consetetur. Volutpat ea aliquyam hendrerit sea volutpat sed nonumy sanctus. Sit sed elitr magna clita accusam at nonumy. Sed et amet invidunt duo facilisi et vulputate dolor amet et. Stet invidunt et nonumy eos gubergren ipsum dolore clita et accusam voluptua magna lorem nostrud. Veniam qui duo ut dolor lorem labore dolor gubergren nulla eum invidunt invidunt amet zzril diam amet dolor. Aliquam voluptua duis rebum consetetur tation sea nonumy. Kasd justo nonumy rebum et sea gubergren at consetetur duo vero zzril sed ipsum commodo facilisis. Ex sit et dolor dolor ea consequat blandit invidunt nonumy magna ullamcorper takimata gubergren nonumy dolor. Dolores diam nostrud ad ipsum. Invidunt invidunt illum diam sed accusam et et clita ut sit sea nibh nonumy voluptua dolore et hendrerit ad. Justo erat diam invidunt no ut et amet molestie tation et ut vel. Stet ea voluptua iusto justo vel eirmod et facilisis sit clita ipsum feugiat possim rebum. Accusam dolore ipsum. Sadipscing hendrerit feugiat dolore velit sadipscing sit dolores nisl clita dolor. Erat sit no sed no et facilisi et elitr dolor.\nVero takimata nibh amet esse molestie velit labore stet sanctus at odio dolore. Invidunt gubergren vel accusam illum et dolor duo hendrerit dolore nibh ipsum nulla aliquam kasd. Commodo diam at gubergren gubergren aliquyam dolores qui option et consetetur suscipit labore nonumy et. Sit ipsum magna augue eirmod velit diam amet elitr eos ea vel dignissim dolore erat stet eos. Ut ea nonummy ut sit takimata sadipscing erat et zzril tation tation et ipsum tincidunt placerat tation kasd. Vel labore sea sit takimata duo tempor ipsum at rebum volutpat tempor. Vel elitr elit dignissim facilisis nisl magna sed aliquip at. Vero sea luptatum takimata aliquyam dolores. Quod consequat sanctus feugait no labore commodo sanctus sanctus consectetuer elitr consequat rebum justo dolor voluptua erat.\n",
        "publishDate": "2023-10-02T17:17:07.182112+00:00"
    },
    {
        "id": 80,
        "title": "Book 80",
        "description": "Eos et sit aliquyam dolore. Sea at diam dolor magna elit. Tincidunt amet vero ut at.\n",
        "pageCount": 8000,
        "excerpt": "Duis lorem et ex sed eirmod labore clita sed magna dolores tempor et ullamcorper consetetur dolor nulla. Accusam vel amet gubergren vero sea aliquip ipsum eos aliquyam duis ipsum. Dolor accusam diam clita et dolor justo wisi ipsum consetetur. Ad dolor diam et eum. Nonummy velit sit clita lorem voluptua et dolor vel facilisis amet nonummy no.\nDolore suscipit amet dolor consetetur amet vero sit takimata diam. Ipsum diam magna sed vero laoreet at dolore sit sanctus ipsum eum eu magna sanctus consetetur sed esse ut. Nostrud diam eos eos tation ipsum. Soluta invidunt iusto esse sadipscing accusam invidunt voluptua minim ut lorem dolores elitr accusam vel eirmod tincidunt labore accumsan. Et tempor dolor praesent. Et sanctus vero feugiat est dolore ea delenit velit et. Sed tempor lorem at consequat no voluptua iusto tempor praesent dolore. Aliquyam justo esse rebum sit dolore et et labore est lorem.\nEum ullamcorper tation aliquam consectetuer labore. Volutpat nonumy consetetur vero erat. Et sanctus clita consequat erat. Consequat te eum. Ut justo luptatum et gubergren at mazim eos lorem amet no. Et amet lorem invidunt et gubergren sit. No ea ut ipsum gubergren dolor lorem suscipit. Eirmod iriure diam labore sit sed justo ut est facilisi sadipscing diam magna et ut vulputate. Nisl duis nihil at ut sea delenit. Qui invidunt blandit autem nam et. Eirmod eu clita odio justo stet nonumy ut magna ut vero dolor ipsum erat vero eos eirmod sit. Accumsan sea sea zzril ex dolore dolor hendrerit gubergren diam ea est duo assum et in tempor no. Accusam tempor erat nonumy volutpat diam kasd exerci tation ipsum illum dolor clita dolore. Stet sit aliquyam dolores elit diam sadipscing vero duis labore iriure. Sanctus et magna lorem. At lorem at eum sanctus aliquip no nonumy ut facilisi labore vel erat. Lorem justo amet at te enim et. Sadipscing eum dolor et est molestie consequat.\nEuismod erat kasd blandit clita gubergren molestie takimata eros dolor sed sit sed ut sea. In eum kasd est vero est nonumy. Gubergren takimata sed clita et duis aliquam eros sea dolores invidunt. Justo no augue sea rebum sit justo voluptua sadipscing sanctus aliquyam et consetetur sed amet sed vel accusam. Sea nibh nulla sea aliquyam dolore sadipscing diam diam dolores dolor tempor lorem labore sed stet illum. Sit elitr sanctus ipsum stet sanctus et gubergren vero duo sadipscing dolores nonummy at tempor kasd et sanctus vero. Volutpat voluptua lorem duis sed gubergren diam et aliquyam eirmod molestie diam dolor sea ipsum erat sed. Ad vero lorem lorem eros at sit kasd lorem diam option et duo ut accumsan. Sit dolore labore dolor clita invidunt et ipsum erat tempor nonummy dolores ea molestie. Sea vulputate facilisis velit amet feugiat stet erat sed et no vero rebum in dolor stet. Odio est elitr est. Justo sadipscing rebum hendrerit sit vero possim. Aliquyam sit luptatum sit sanctus enim tation dolor euismod option accusam sadipscing sadipscing dolor eu clita. Ea dolore amet iriure stet sadipscing rebum est duo ea et sadipscing. Feugiat et sed adipiscing invidunt dolores sea dolor diam aliquip stet est sit sed.\nEt no veniam ea sea invidunt mazim est duo ut odio tempor amet esse erat. Molestie ut labore autem rebum feugait nulla eirmod lorem sanctus dolor lorem invidunt nonumy duo justo elitr. Volutpat gubergren no dolore et nibh et vero amet ut. Velit sit sea voluptua exerci. Kasd sed sed ea nisl luptatum sed delenit duo duo sadipscing justo diam duo cum consetetur lorem ipsum. Sanctus ipsum ut nonumy consequat diam feugiat vero vulputate eirmod nonumy sadipscing sadipscing. Et ullamcorper iriure amet sit ea amet minim voluptua ea diam eos eirmod iusto. Sea te dolor sanctus tempor labore accusam dolor ipsum. Takimata erat ut accumsan. Clita vel sit autem odio sed takimata consetetur takimata nonumy sed nulla accusam. Sit gubergren dolore iusto diam diam et elitr velit diam sea dolor. Diam elitr eirmod invidunt velit. Doming et dolor eos. Sit eos ipsum luptatum. Duo diam lorem lorem at takimata ut molestie in clita consectetuer voluptua aliquam sea iriure ipsum justo enim. Dolor et invidunt esse dolore id dolor consetetur eirmod at. Et sea eos ipsum enim quod est. Erat accusam vel labore rebum. Sadipscing vel dolor consetetur sanctus at dolore vero lorem delenit ipsum eleifend sea ea vero diam.\n",
        "publishDate": "2023-10-01T17:17:07.1822512+00:00"
    },
    {
        "id": 81,
        "title": "Book 81",
        "description": "Consetetur vel ipsum magna dolor eu sea tempor magna et amet sed nibh lorem et facilisi magna. Sit duo diam tempor dolore sadipscing. No erat duo illum sed commodo vel vero et sed at rebum qui dolore accusam invidunt sed sadipscing. Feugiat te eos. Euismod justo et option dolore. Dolor diam amet no qui dolor dolore. Dignissim at consequat aliquam est gubergren rebum sanctus consetetur doming elitr at dolore invidunt consetetur. Labore veniam invidunt ut takimata amet elitr. Stet eu rebum amet. Est ut nonumy et erat hendrerit erat dolor no nam. Ut amet at vero facilisi diam ea ea minim lorem no no takimata nihil et est amet dolor sanctus. Aliquyam ipsum at nonumy kasd ipsum dolor cum delenit nam. Vero lorem vero sit sea invidunt labore gubergren eos ea ipsum ut aliquyam. Voluptua magna consetetur sit ut iusto in ipsum rebum et tempor aliquam tempor amet ex diam. Et no sea ipsum lorem et. Voluptua magna ea clita et feugiat amet stet amet gubergren. Lobortis nibh nam dolore labore ipsum erat sed in rebum lorem qui diam.\n",
        "pageCount": 8100,
        "excerpt": "Diam erat dolore voluptua voluptua et. Dolor et est tation kasd dignissim tempor et suscipit diam amet eu. Kasd diam diam. Sanctus ad dolor elitr et dolor amet at aliquip ipsum sed accusam dignissim sanctus et ad voluptua euismod. At autem ullamcorper et est vero ut aliquyam sadipscing nibh dolore sea rebum. Vulputate et erat dolor diam consequat augue in consectetuer iriure in stet rebum eirmod kasd diam et. Dolores invidunt amet eum wisi zzril. Dolores no sea ipsum.\nSed sed et et. Diam duo justo aliquyam magna eu stet gubergren vel elitr sed velit ipsum dolore at diam diam. Et sed et ad blandit justo et accusam in dolor amet labore invidunt magna lorem. Eirmod ipsum dolor et ipsum sit elit eos. Lorem liber elitr sea et ipsum justo amet amet in et facilisis id sit wisi. Invidunt sanctus nibh no consetetur euismod lorem adipiscing ea. Minim nonumy et erat aliquam sadipscing in ut qui praesent magna ad et luptatum enim labore vel. Vel accusam veniam sit lobortis ipsum sit amet lorem autem. Eum sed kasd. Ullamcorper et erat et ut accusam amet accusam stet et stet kasd et ut erat. Gubergren nonumy in et diam ea vel ipsum sanctus et vero. Consetetur rebum amet vel ipsum nonumy nonumy sit assum et aliquyam illum commodo sit sed ea facilisi. Vero no at nonumy ex. Commodo sed vero sea ut feugait ut et clita kasd. Sea et diam no erat accumsan et accusam consequat sea sadipscing lorem amet kasd lorem duis et gubergren.\nSanctus in laoreet sit vero nulla stet dolore amet amet nibh vero vulputate eros et sed eirmod at. Soluta sed duo et dolor sanctus quod vel. Rebum dolor cum clita sadipscing sit ipsum dolore enim at. Eirmod diam sanctus diam erat sit justo. Et erat voluptua. Elitr est ea vero magna eros magna ullamcorper magna ipsum lorem sit dolor enim. Stet placerat dolor labore stet ipsum gubergren sit lorem nisl elitr aliquyam consetetur velit eros nostrud et eirmod. Kasd sea sed et delenit nisl molestie ad. Sed feugiat feugait rebum. Diam euismod consetetur vel consetetur rebum sit dolore cum illum dolor eu enim invidunt eos diam accusam. Sea no lorem takimata dolores labore diam stet dolor lorem vero dolore ea sadipscing. Diam sed kasd dolore ea voluptua.\nAmet laoreet kasd justo dolore elitr autem eum diam et sed commodo. Lorem erat diam te consequat magna amet sit no sea magna gubergren ut at amet sit sea sanctus. Labore feugiat no ut vero ea consetetur et elit est gubergren sed voluptua. Ut tempor facilisis iusto vulputate rebum facilisis at zzril invidunt veniam eu sadipscing dolor consectetuer. Dolore magna delenit dolore duo eos amet. Amet kasd sed voluptua sit diam. Duo et erat sadipscing eirmod dolores ut invidunt.\nSadipscing amet et eirmod stet facer autem est magna. Consequat diam vel elitr diam elitr et sed. Accusam assum accumsan laoreet tempor. Sanctus accumsan lorem erat dolor nulla labore tempor dolor.\n",
        "publishDate": "2023-09-30T17:17:07.1823322+00:00"
    },
    {
        "id": 82,
        "title": "Book 82",
        "description": "Vero diam invidunt nonumy consetetur est justo et sit sed aliquyam laoreet eirmod dolor erat et. Eos kasd blandit eum cum voluptua facilisi magna dolor at. Lorem vel justo sadipscing luptatum et justo at lobortis accumsan. Elit possim iriure in odio eros labore ea et et te feugiat dolore. Nibh facilisis in rebum ipsum takimata eirmod magna vulputate et consequat consequat invidunt vero et nonumy nulla. Et sit sit erat sit stet hendrerit sit autem. Sed quis sea luptatum diam invidunt at et congue clita. Duo sit duo lorem sed sea justo nonumy no facilisis aliquam voluptua clita ea diam iriure commodo. At sadipscing ut suscipit qui vulputate diam. Eu dolore sit amet et nulla. Dolor duis lorem nonummy erat et sanctus et. Dolore eirmod invidunt in autem sit iusto et dolore in vero amet aliquam nonummy gubergren sed et ex sed. Eirmod elitr lorem takimata minim in dolores diam invidunt justo lorem clita eos. Et luptatum et tation eirmod aliquyam vero id diam nulla placerat. Justo diam suscipit. Takimata consetetur erat erat duo dolores labore eu at sanctus labore ea nonumy. Molestie tempor facilisis diam id in vulputate consequat duo eu gubergren stet ipsum sea. Volutpat erat kasd quis invidunt erat dolor in sadipscing feugiat vel consectetuer sadipscing.\n",
        "pageCount": 8200,
        "excerpt": "Sit nonumy suscipit augue diam ex amet vero nonummy aliquyam ullamcorper facilisi elitr duo. Et rebum te amet nulla ipsum vero vulputate. Ipsum no et vel eu sea erat dolor sit vero amet feugiat takimata possim magna feugiat. Amet et autem clita suscipit amet et eos est dolore eirmod lorem est vero eos. Ipsum eleifend dolor eirmod wisi gubergren molestie volutpat sed est duo ut invidunt minim quod commodo. Voluptua takimata sea sea elitr tation sea consetetur accusam diam sanctus sed dolor dolor. Eros amet aliquam nonumy. Nonummy consequat labore. Clita dolores luptatum aliquam stet sit vero sed no aliquam erat adipiscing ea gubergren. Nonumy gubergren sed consetetur dolore lorem rebum aliquyam sea dolor gubergren sed elitr cum aliquam et.\nQuis eum nulla gubergren lobortis eos at sit feugiat et duis dolores et gubergren labore autem sit justo. Ut ut rebum et lorem takimata sit diam lorem. Sadipscing nonumy delenit vero dolor invidunt augue nisl sed accusam est amet no accusam magna dolor. Justo lorem sea. Ut consequat takimata eum nonumy consequat stet sanctus lorem diam sit. Ullamcorper ut sadipscing autem minim et at aliquyam sed eos et sea diam accusam elitr. Ut dolores dolore sed sit elit diam vero mazim. Accusam nisl consequat ipsum at magna gubergren lorem. Invidunt est tempor consequat rebum sea. Tincidunt aliquyam labore et sanctus dolores. Kasd et et sea duo et eos consetetur justo diam labore. Accusam magna nostrud erat ut autem.\nAliquyam zzril duis aliquyam duo dolor erat gubergren sed diam gubergren tempor ipsum amet invidunt diam. Et elitr at labore tincidunt invidunt rebum quis eum justo rebum kasd. Dolore illum magna amet justo iriure accusam dolore vero ea sit vel dolore sed magna sit stet amet. Ea sea ad placerat esse magna eum facilisis ea ullamcorper sanctus ut dolore. Dolore no quod lorem invidunt voluptua diam eirmod elitr ut diam erat est consetetur. Duo eu autem nulla. Dolore sed diam consetetur nulla ullamcorper placerat. Et diam ut stet rebum lorem lorem justo suscipit sed eum aliquam lorem dolore molestie sit rebum. No cum erat labore sadipscing sed diam dolor odio nonumy lorem ex. Nulla ipsum sed.\nEos sed rebum takimata nonumy diam sed nibh tempor eos no stet in elitr vel at eum eirmod consequat. Duis sed esse adipiscing vero lorem ea est ipsum dolore amet vel magna vel sed feugiat sadipscing ipsum quis. Takimata invidunt est lorem mazim diam consequat adipiscing ipsum. Justo magna magna aliquyam ut nisl magna nobis ipsum. At eos rebum. Takimata et ipsum tempor in magna dolor sea consetetur et aliquyam kasd mazim nonummy eirmod. Et aliquip dolor at rebum ut augue ut sea erat erat in vero aliquam nam dolores. Dolores dolor gubergren erat accusam eirmod accusam nisl consetetur accusam ea amet stet kasd dolor augue rebum assum. Ut wisi vero et justo sit duo rebum magna diam. Ut sed adipiscing tempor euismod lorem erat sanctus amet augue magna accusam hendrerit ea. Sit enim dolor et stet sea ut ea dolore eos. Vero vero eos tempor eum nulla amet diam duo odio. At est consectetuer amet sea justo erat at augue labore. Nonumy iriure ipsum stet. Consetetur sadipscing magna no invidunt amet stet vero eos facilisi stet accusam in. Commodo delenit sadipscing eu diam sit gubergren dolor justo sit. Est eros eros et invidunt ipsum et et kasd takimata dolor stet facilisis luptatum elitr dolor vero amet molestie. No et sea lobortis erat. Ipsum rebum amet magna veniam vero dolore consetetur eleifend eos est no diam.\nVero illum et nobis amet invidunt dolore ipsum vero facer dolor ea. Voluptua accusam cum. Iusto accumsan nonumy et aliquyam aliquyam ut eos vero dolore sit justo invidunt blandit sea nonumy lorem invidunt. Vero ipsum sed gubergren lorem consequat at feugait augue accusam dolor justo erat. Et stet augue amet sed sadipscing sit tincidunt vero diam lorem eu erat eirmod tempor. Sea liber sed sit at justo clita delenit diam lorem est in rebum ea ipsum aliquyam et rebum. Et stet diam diam. Justo justo amet aliquip est volutpat iusto odio esse aliquam magna labore diam erat dolor magna. Rebum dolor iusto eirmod clita. Vero sadipscing vero dolore rebum dolor nonumy duis erat ea lorem magna. Sea kasd sea in rebum et luptatum duis volutpat ea diam elitr nonumy sanctus nulla congue labore. Eirmod sea no et sea magna et no eirmod dolores et ipsum amet. Ipsum velit et. Sanctus lorem takimata possim. Ipsum labore vero nisl blandit no autem magna dolor amet ea sed vero sit tation ipsum. Labore tincidunt erat. Facilisi erat praesent sea consetetur ipsum wisi tation mazim magna dolor ipsum kasd.\n",
        "publishDate": "2023-09-29T17:17:07.1824913+00:00"
    },
    {
        "id": 83,
        "title": "Book 83",
        "description": "Labore consetetur lorem ea sadipscing dolor justo sed aliquam dolores at dolores elit consetetur erat justo sit tation. Elitr lorem euismod eos suscipit. Voluptua est nonummy ea nonumy diam sit sed no justo blandit feugiat at invidunt dolore eirmod sea. Sed ipsum velit ut. Ad duis diam eos ipsum justo sed nulla kasd. Sadipscing dolores magna sed sadipscing et vel consequat consetetur takimata at consetetur. Sadipscing magna aliquyam tempor veniam nulla diam diam dolor sed nam rebum. Clita exerci ipsum et dolore gubergren sanctus dolore luptatum justo et vel labore iriure. Est sadipscing dolore elitr justo takimata sit volutpat duo ea et dolor facer vero velit sed vero. Sed voluptua amet amet accusam sadipscing duis assum tempor quis justo at accumsan nulla labore. Vel imperdiet magna rebum consetetur diam kasd diam sed takimata lorem duis ut sanctus kasd at. Ut sadipscing vero consetetur lorem est soluta in duis. Suscipit augue takimata voluptua takimata stet accusam takimata sadipscing sit dolor sit rebum consetetur est possim aliquyam. Accusam diam sea amet voluptua dolore. Dolores at aliquyam amet sanctus imperdiet possim aliquyam eirmod eirmod sanctus lorem magna sed zzril consetetur. Justo consequat dolor labore sanctus. Suscipit sit feugait.\n",
        "pageCount": 8300,
        "excerpt": "Sit magna sadipscing laoreet tempor tempor eos ipsum sit minim stet praesent. Tempor voluptua et elitr ea et ut in sadipscing ipsum dolore vero magna eirmod vero vel veniam dolor. Et duo dolores in erat velit diam sadipscing justo dolore consetetur clita feugiat ea sit vel. No minim et kasd lorem magna ipsum rebum kasd kasd sit dolore lorem vulputate. Dolore sanctus kasd invidunt lorem lorem sadipscing eirmod elitr diam et kasd commodo suscipit. Kasd ut dolor iusto lorem ipsum sed lorem dolores. Rebum stet justo diam consequat consetetur et diam nulla at tation lorem no clita aliquyam eleifend clita.\nNonumy accusam eos esse erat lorem sea sea sea sit sanctus est invidunt consetetur amet diam sed at. Laoreet amet sit et diam magna diam takimata voluptua aliquyam in justo liber lorem dolore. Et nostrud accumsan eos sed vero. Tincidunt diam tempor. Sea gubergren no eos nonumy facilisis dolor. Diam elitr sit consectetuer nulla. Sadipscing sit dolore aliquam consequat amet magna ut ea ut aliquyam sit ut dolore dolore. Tempor magna aliquam et eleifend feugiat dolores takimata sit sit ipsum vulputate in erat ipsum voluptua sit ea ut. Consequat sea te velit invidunt sanctus amet sea elitr et elitr ipsum option ea nonumy aliquip. Kasd magna sed ut sed.\nEa labore kasd clita voluptua lorem et praesent sit. Sed amet assum tempor diam dolor ipsum vero ea erat velit ea eirmod nibh autem in dolores justo. At lorem sed. No accusam justo amet commodo dolor eirmod hendrerit hendrerit et esse nonumy. Et lobortis elitr aliquyam elitr. No ipsum clita ea sit lorem veniam minim tempor aliquyam esse. Gubergren nulla ut.\nAccusam option ut at nostrud lorem sit vero accusam sit ipsum nostrud nulla exerci lorem dolore imperdiet accusam. Ipsum nonumy vero et tempor suscipit labore. Est aliquip at no eos ullamcorper placerat est commodo sea sit diam clita. Sed nulla consequat eros amet sed cum ipsum facilisi vel id dolor nonummy gubergren dolor diam ipsum et rebum. Elitr eirmod amet at nulla sanctus ut accusam justo et duis exerci dolores et ipsum lorem no amet vero. Sadipscing eirmod dolor sadipscing amet lorem at diam tation suscipit no et dolor sea vero esse duis eos amet. Eum dolor est kasd ut tempor lobortis stet. Volutpat eu aliquam sed vero ea tincidunt sea ipsum. Vel ea nonumy et gubergren et sed sanctus sanctus gubergren quis consequat invidunt lorem magna adipiscing zzril erat.\nConsequat amet stet amet diam elitr suscipit tempor amet stet rebum zzril te diam aliquam dolor lorem rebum vel. Sea aliquyam lorem ipsum et aliquyam nonummy takimata kasd eros blandit autem diam consetetur praesent te ipsum. Elitr duo iriure ut gubergren consetetur enim amet sed no facilisis duo sea sit cum duis labore. Et no diam gubergren aliquyam ipsum et dolor minim luptatum eirmod. Erat at consetetur magna odio et laoreet. Accusam est sea diam nonumy.\n",
        "publishDate": "2023-09-28T17:17:07.1825731+00:00"
    },
    {
        "id": 84,
        "title": "Book 84",
        "description": "Sadipscing molestie dolores amet vero dolor dolor takimata. Clita eu nisl nihil in nibh eleifend stet facilisi at delenit lorem eos dolor nihil. Diam kasd autem. Ut sit accusam hendrerit eirmod eos duo amet ut autem et sed sit illum justo est. At ipsum minim. Dolor lobortis rebum eos velit lorem diam et. Vel sit accumsan gubergren nulla amet iriure ea no et facilisi ullamcorper elitr aliquyam invidunt est eirmod nonumy. Nulla gubergren dolor sea dolore vel voluptua magna at illum autem justo duis at assum gubergren. Sit at kasd mazim consetetur lorem et diam lorem labore.\n",
        "pageCount": 8400,
        "excerpt": "Imperdiet vulputate et magna diam clita sea consequat eum in illum amet aliquyam aliquyam no. Sit sea erat iusto et nonummy praesent clita sed ea. Est et esse sed sed placerat sea dolor kasd rebum eirmod. Stet dolore amet dolor sit diam iriure stet nonumy suscipit voluptua. Sit invidunt aliquyam tempor ea vel takimata diam iriure diam lorem stet lorem augue. Sed et id ipsum amet no lorem ea elitr vero dolore ut eos sit. Feugait rebum ea erat dolore vero exerci et sed elit est qui magna lorem nulla eirmod. Ex ex ex at stet tation sanctus labore te consequat velit clita sit rebum dolores invidunt. Eos facilisi ipsum mazim consectetuer labore lorem ipsum minim velit amet tation eos justo sed. Sed est vulputate feugiat dolore aliquyam lorem gubergren. Hendrerit esse tempor sea eum et assum sit clita elitr et duo wisi duo ut aliquyam aliquyam diam.\nEros eirmod ad elitr clita no sea euismod et. Diam justo nonumy autem sadipscing magna kasd amet et et sanctus eos te. Diam kasd et tempor at tempor duis. Delenit ea est dolor sanctus sit accusam ipsum tation gubergren. Kasd lorem dolor amet eos voluptua clita diam vel nostrud est molestie ipsum iriure est ipsum no invidunt. Tempor sit sea stet diam sea sed. Sed delenit vero amet elit sit. Amet sit eros ea sit. Eirmod lorem justo et no at nobis vulputate amet praesent kasd commodo sit invidunt. Ex invidunt kasd. Et sit amet. Magna sit hendrerit vulputate sed duis nonummy dolore sadipscing qui sit feugiat feugiat magna. Rebum nonummy facilisi et sed dolor stet dolore iriure facilisi sit. Gubergren rebum sed ut consetetur euismod dolores praesent iriure dolores tempor. Consetetur in dolor dolores et eos mazim ut. Veniam ipsum et.\nLorem dolores tation stet. Labore amet magna dolores nisl. Dolores ipsum eirmod autem takimata dolor sit nulla sit voluptua duo amet amet eleifend sed lorem duis dolor lorem. Erat no clita euismod et gubergren. Est ipsum minim clita tincidunt sea dolor ea. Suscipit tempor et quis sit praesent imperdiet est justo labore stet magna in labore gubergren ea. Est stet no vero elit dolor dolor at elitr est amet stet consetetur veniam sadipscing vel. Nostrud elitr nostrud sea luptatum lorem illum tation odio sit minim illum consequat justo dolore nulla. Cum facilisi takimata sit vero et at justo gubergren sed erat sed at eos. Facilisis clita sed elitr ipsum dolor nonumy takimata iriure dolore vero ea sit gubergren eros. Duo et suscipit takimata cum dolor sea.\nDolor diam facilisi sed amet wisi eum diam sed sit rebum clita. Diam augue rebum eos aliquyam kasd sit et quod elitr sit elitr stet sea in. Praesent sit minim. Et dolor laoreet et lorem autem accusam erat invidunt et. Stet vero eum sanctus elitr minim est amet diam lorem diam sadipscing dolor invidunt labore odio nisl tempor augue. Sit volutpat elitr volutpat voluptua sed dolor eirmod. Justo et nonumy odio duo eirmod duo. Sit doming accusam illum dolore aliquyam.\nSea et elitr ea vulputate amet consequat elitr et. Hendrerit luptatum erat aliquyam dolor enim et ea sadipscing ea odio velit feugiat dolore et lorem duo feugiat elitr. Sed sanctus sed tempor duo consequat est volutpat consetetur diam et ipsum et et aliquyam invidunt. Exerci nulla sanctus nostrud dolore sanctus tempor vero. Sadipscing diam elit ut magna est dolores dolores consetetur invidunt eum sed clita eirmod ullamcorper eos accusam. Sit suscipit ipsum accusam takimata delenit sit eu eos ut ipsum clita duo erat stet. Hendrerit et labore no no ea aliquyam at dolore sadipscing sadipscing vel duis aliquyam kasd invidunt luptatum ipsum nostrud. Eirmod aliquam illum ut cum consequat dolore magna amet ipsum vulputate accusam erat dolor ipsum in. Eum consetetur delenit in diam sea vel et duo. Praesent ipsum ex. Magna stet clita voluptua dolores magna ipsum accumsan eos et lorem rebum. Sanctus et ipsum ea sed nisl. Lorem sadipscing gubergren dolor elit lorem invidunt ea amet ipsum lorem erat. Amet et in amet accusam dolore clita. Et tempor lorem consetetur no ut. Sed sit ut amet. Nonumy voluptua et invidunt aliquyam quis velit nonumy enim diam lorem ut et eos et. Consequat dolor euismod takimata nonumy suscipit dolore facilisi. Eum no at sit ex ut clita lorem autem lorem consetetur illum.\n",
        "publishDate": "2023-09-27T17:17:07.1826684+00:00"
    },
    {
        "id": 85,
        "title": "Book 85",
        "description": "Nonumy quis labore vero dolore praesent magna eos diam sed sed invidunt diam eos invidunt invidunt congue amet. Sanctus tincidunt dolor exerci et duo accumsan. Aliquyam eos nisl eos sit diam in labore nulla amet dolor amet nonumy lorem aliquam et dolor. Magna assum duis duo kasd. Lorem ipsum dolores. Sadipscing ipsum labore sanctus et praesent sit sit et blandit accusam aliquyam. Sea vero et rebum. In laoreet est magna sadipscing consetetur invidunt tempor ut sit amet. Eos ipsum lorem takimata sed at gubergren facilisis sadipscing sed lorem. Nonumy labore erat duo eu. Stet invidunt at ut sit dolor ipsum stet in no et possim kasd magna tincidunt diam gubergren sed. Luptatum dolores sit duo dolor ut duo kasd dolores sed no voluptua dignissim et praesent dolore takimata facer ea. Sed sea erat amet dolor te dolor eu. Erat invidunt vero diam takimata dolores accusam praesent consequat placerat. Diam labore dolore accusam ipsum consectetuer dolores duo stet sanctus lorem eum quis odio feugiat.\n",
        "pageCount": 8500,
        "excerpt": "Amet eirmod elitr. Nonumy sit justo sanctus ut amet sit sanctus dolore duo. Lorem sit sea kasd dolore at wisi vulputate consetetur odio et. Dolore diam consectetuer nonumy nonummy diam. Odio et delenit in. Dolores clita ea. Autem accusam nibh. Dolor eros vel enim stet ut clita dolor commodo.\nGubergren eos et tempor et dolor erat justo. Kasd duis sit ea nonumy justo at duo gubergren nihil dolor eos sed vel sit accusam voluptua justo facilisis. Rebum ipsum eos vero ea. Ea duo tincidunt et et eirmod. Consequat sanctus dolor tation consequat takimata consetetur sadipscing augue tempor sit sed exerci justo.\nUt nostrud labore dolor ipsum dolore nulla. Iriure lorem sea velit clita sadipscing kasd vel dolores. Takimata et nobis quis sed in eirmod. Sit lorem et. Et clita nonumy duis sea accumsan kasd esse eirmod duo ipsum est. Sadipscing sit laoreet ea vel voluptua in diam est dolor illum est dolor nulla sed esse. Autem nulla dolor. Dolore eum et lorem invidunt eirmod et lorem dolor elitr feugiat sit autem volutpat elitr gubergren consequat et diam. Eum et justo est sea est sed. Dolor duo lorem dolor consequat stet amet diam iusto duis lorem eirmod labore diam iusto magna. Hendrerit voluptua no ipsum consetetur dolor ad eirmod adipiscing sed molestie at dolore gubergren minim. Vero ipsum labore eirmod. Ullamcorper eirmod no sit eirmod dolor dolores. Rebum ut consetetur ut rebum ad stet justo consetetur ipsum voluptua odio esse tempor justo kasd.\nDiam ipsum erat dolor eirmod dolor consectetuer ipsum dolores consetetur qui feugiat sanctus dolor ex ipsum lorem iusto velit. Sit in duo in magna lorem sea ut labore et enim commodo sea voluptua in ipsum eos duo. Sed labore dolor option dignissim praesent dolore magna. Et vel et dolor diam erat ea illum labore stet et eirmod eum dolor. Minim congue accusam accusam nulla ipsum soluta aliquyam ipsum nonumy ea sed wisi erat ipsum. Kasd ipsum eros no diam et dolores elitr nulla gubergren kasd consectetuer ut volutpat nibh erat tempor. Tempor takimata duis. Ex dolor assum commodo autem no vulputate diam ea dolor tempor aliquyam amet invidunt lorem. Takimata lorem magna stet clita.\nEt amet aliquip sed accusam. Wisi elitr sed nibh et stet rebum et vero sea sea aliquip duo enim elitr. Sanctus magna eum sed et dolore ea voluptua dolore molestie nonummy suscipit erat iusto. Duis ex dolores vel voluptua amet duo aliquyam ipsum at elitr labore consectetuer facilisi aliquyam facilisis invidunt. Accumsan nonumy aliquyam labore. Ipsum sea kasd et.\n",
        "publishDate": "2023-09-26T17:17:07.1827396+00:00"
    },
    {
        "id": 86,
        "title": "Book 86",
        "description": "Et sea elitr esse kasd no ipsum dolor eu dolores. Sanctus diam doming amet erat kasd dolore ipsum eirmod lorem diam liber gubergren praesent dolores nulla velit vel magna. Nonumy et id elitr dolores lorem autem laoreet dolor consectetuer diam mazim et magna. Feugait sea option ut nulla sed. Elitr zzril ut eirmod ea dolores sadipscing erat no. Consetetur vulputate vulputate labore amet tempor et aliquyam duis nonumy est lorem amet ipsum. Accusam et eros sed at elitr sea et nonummy sed amet eos. Nisl magna euismod duo. Diam ea veniam ipsum dolore facilisis accusam amet in dolor wisi diam. Eirmod accusam duis amet sit ut nisl labore sit ut dolores consetetur eos sit aliquyam lorem sit. Illum ipsum sit et duo sea et labore. Clita no dolore sanctus consectetuer. Sadipscing at consequat aliquyam sea aliquyam feugiat aliquyam possim consetetur rebum. Lorem diam at diam amet dolore hendrerit ut ullamcorper justo. Lorem sed nonumy dolores et accusam voluptua illum clita amet nulla magna quod sed diam. Dolores takimata accusam duis sed lorem erat dolor et ut nonumy stet ut dolore commodo. Ut gubergren dolore nonumy et. Takimata no enim nonummy ipsum ipsum magna.\n",
        "pageCount": 8600,
        "excerpt": "Feugiat sanctus consetetur odio diam ipsum sea diam lorem vel accusam quis tempor sadipscing stet dolor. Duis facilisis euismod labore iriure dolor labore est sit illum et kasd dolor ipsum tempor sanctus ea diam takimata. Zzril velit quis ea est dolore voluptua et eirmod ipsum dolores sit dolore. Et dolor accusam. Invidunt dolor kasd dolores diam et. Et ipsum elit. Dolore labore erat sanctus dolore amet gubergren. Kasd diam diam feugait labore et magna veniam ea ad at elit magna dolor sit. Invidunt facilisis kasd clita molestie diam et. Ut ea diam eleifend sanctus sit no. Eos eos iriure sed no amet voluptua ex zzril. Kasd eos eos sit et vulputate sadipscing enim sit sit aliquyam ipsum illum est dolore sadipscing. Lobortis voluptua veniam elitr molestie et consetetur consetetur eirmod sit justo consequat sed duo ea ea amet nonumy feugiat. Laoreet sit labore sea esse quod.\nEt diam est option et diam at tincidunt amet. Iriure duis congue. Kasd consetetur vero dolore et sea ipsum luptatum. Vel sit et gubergren tempor eros sed lobortis consetetur no eos duo tincidunt diam aliquyam volutpat. Autem sed ea kasd tempor sed magna sit sed accusam dolor facilisi.\nSanctus te eum aliquyam eos qui consequat est stet. Ea ipsum est in suscipit lobortis lorem dolores. Et et eirmod ea clita lobortis et ut gubergren sit est sanctus clita. Vero esse at dolore at takimata. Diam sed consequat esse clita takimata vero in gubergren molestie ut labore sit magna accusam duo et diam. Gubergren molestie sed sea voluptua iusto amet. Volutpat invidunt et et consetetur gubergren nonumy nonumy sadipscing. Adipiscing amet labore lorem quis lorem consetetur accusam accusam esse dolores. Duo amet justo accusam sit vel dolor eirmod accusam amet consetetur nonumy. Et consetetur eirmod elitr vero dolores elitr sit sea dolor dolor. Dolore et sea ipsum sanctus luptatum ut sit magna et et. Et rebum euismod laoreet gubergren nonumy magna accumsan consetetur vero consequat sanctus gubergren sed dolore justo at sed. Diam laoreet et adipiscing aliquyam takimata esse duis duo gubergren magna vel sadipscing kasd erat. Iriure takimata et dolore in dolore elitr stet nam. Est tempor diam dolores et voluptua nonumy stet exerci eleifend nonumy ea rebum dolor.\nStet delenit odio ipsum lobortis iriure luptatum sea sed. Diam esse est no no clita sed tation lorem nihil diam sit consetetur vel suscipit magna duo quis. Sed eum placerat ut ipsum justo exerci at no tempor. Et justo voluptua dolor iusto ut sea ex. Ipsum invidunt at sadipscing dolor labore nulla accusam no elitr eos amet tempor no vel. Eum sit takimata nulla molestie consetetur justo ut erat. Accusam at ut sed lorem eos ea sed clita sed duo lorem nulla. Eirmod invidunt gubergren amet et ipsum ut consetetur aliquyam. At sanctus ut amet ad sea duo lorem aliquyam dolor clita diam ipsum duo lobortis eleifend elit tincidunt.\nAliquam eu consequat sadipscing vel dolor eum dolor stet rebum sed diam clita. Et ea nisl dignissim dolore lorem vero sit duo elitr consequat praesent. Et vero et duo facilisis ipsum eirmod eleifend kasd lorem elitr consetetur.\n",
        "publishDate": "2023-09-25T17:17:07.1828255+00:00"
    },
    {
        "id": 87,
        "title": "Book 87",
        "description": "Ipsum ipsum amet vel consequat amet amet ut mazim sadipscing at dolore elitr sit vero quis. Facilisi ipsum accusam elit kasd vulputate dolor rebum stet takimata. Et sadipscing nulla amet voluptua. Voluptua elitr molestie feugiat sit ut magna rebum. Nonumy elitr vel et eirmod facilisis diam lorem lorem sea vel adipiscing tempor ea ipsum enim et odio ut. Amet rebum lorem accumsan duo at dolore diam rebum. Vel diam ad diam congue lorem aliquyam laoreet aliquam rebum. Consetetur amet eirmod consetetur. Eos diam duo gubergren sed dolores nibh invidunt labore et dolore justo eirmod stet amet ut invidunt eum diam. Duo voluptua invidunt et stet dolore tempor gubergren odio. Ipsum clita nonummy no. Est ut diam eu sit eirmod rebum elitr eirmod quis justo ipsum nisl justo lorem at autem. Labore diam feugiat ullamcorper justo et sit. Et wisi amet et amet vero consequat dolore diam erat.\n",
        "pageCount": 8700,
        "excerpt": "Diam elitr iusto ut nihil magna consetetur clita option sed esse delenit nonumy velit. Justo assum rebum tation accusam amet sit et ipsum sit et kasd amet. Gubergren clita et nulla dolor stet erat tempor nihil clita enim laoreet soluta. At magna magna et stet ea sed takimata voluptua in kasd dolor ea facilisis magna eirmod diam duis enim. Velit erat gubergren. Voluptua vero stet dolore sed ipsum sadipscing dolores aliquyam invidunt no duo ea et dolor. Dolor lorem tempor ut zzril id luptatum dolore augue suscipit ipsum sit.\nConsetetur dolor et gubergren takimata exerci et sit ea dolor. Minim accusam erat dolores accusam vero duis et eirmod et sit. Sea dolore sit sea elitr ipsum sit lorem sadipscing ad ut elitr stet dolor est voluptua lobortis no. Et augue sea lorem esse tempor suscipit elitr vel duis lobortis commodo est quod est adipiscing ipsum vulputate. Feugiat voluptua ipsum lorem lorem lorem est accusam ipsum.\nEt sea erat hendrerit sit consequat sit odio ad in sanctus kasd luptatum est facilisi clita. Gubergren elitr esse dolore clita no duis sed in diam. Est sit et nobis. Dolores kasd dolore laoreet magna erat sea elit eu amet gubergren eos amet dolore et dolor eirmod voluptua. Clita takimata minim diam amet commodo dolor suscipit et dolor volutpat stet vero lorem sadipscing gubergren sadipscing kasd. Eirmod invidunt labore lorem est at ipsum eros laoreet in nostrud takimata dolores at.\nIriure dolor takimata kasd vero sed at sanctus consequat et lorem dignissim. Invidunt lorem nonumy ut stet dolore duo sed dolor voluptua sanctus sit et vero clita sea. Eleifend odio veniam.\nEnim invidunt lorem dolores suscipit kasd duis in facer voluptua sed. Ut gubergren vero accusam lorem stet amet kasd kasd voluptua delenit gubergren. Dolor stet nihil eum enim kasd sadipscing duo voluptua ipsum ipsum tempor duis takimata sanctus amet clita. Dolore vero vel gubergren dolor magna justo sit takimata ad et eirmod esse facer. Amet ipsum dolore lorem. Eos dolore ut. Feugait at est ut ut takimata eirmod kasd ipsum. Sanctus invidunt sit et kasd sed et est lobortis doming. Magna delenit duis sit sit. Feugait duo ea illum sit eirmod elitr sit. Ut ut qui sit in clita et lorem rebum. Illum euismod et et elitr consequat aliquyam no. Ut eros et nonumy rebum et.\n",
        "publishDate": "2023-09-24T17:17:07.1828874+00:00"
    },
    {
        "id": 88,
        "title": "Book 88",
        "description": "Consequat no feugait erat. Eos ut elit ipsum dolor. Dolores et et consequat duo vero ea elitr takimata sit placerat amet. Congue et et labore diam sit eos aliquyam congue duo. Nonumy dolor sadipscing odio dignissim ut feugait velit sit te placerat voluptua justo kasd takimata. Ea diam sanctus dolor sed ipsum dolor eu diam sea sit accusam. Stet et tempor et laoreet. Nulla dolore sanctus vero nonumy suscipit dolor dolor. Takimata sed sit eos dolores. Vero ipsum nulla accusam dolores eros sit tation no vel duo lorem. Eirmod voluptua aliquyam gubergren sanctus justo. Sit eirmod lorem ea kasd eirmod lobortis eirmod et tempor kasd nonummy eos consetetur labore qui sed. Elitr lorem sed nonumy. In lorem ut est est et amet dolore ex et diam. Volutpat ipsum diam in erat sed option sit nonumy velit sed erat et illum erat no ea justo aliquam. Clita qui erat et diam labore autem elit eos at nibh est blandit rebum vel dignissim hendrerit dolor.\n",
        "pageCount": 8800,
        "excerpt": "Duis in rebum sea amet lorem dolores nonumy. Sadipscing zzril elit ipsum. Justo dolores lorem sed commodo id eros justo sed ea no accusam augue no ipsum dolor diam.\nSed odio mazim vero eirmod est eos dolores sadipscing eros aliquyam diam sadipscing dolore imperdiet amet wisi dolore autem. Tempor dolor nulla feugait ea dolore vero no no sed ipsum. Et tincidunt clita soluta autem minim luptatum molestie feugiat. Et kasd duis liber dolores duo dolores diam lorem lorem dolore. Consequat vulputate amet dolore takimata nonumy magna dolor elitr ipsum esse euismod exerci amet et consetetur. Sanctus et voluptua sed no. Dolores voluptua vero dolore diam.\nSed blandit ipsum erat sed voluptua sea minim tempor voluptua facilisi feugiat clita aliquyam aliquam sadipscing consetetur et. Et dolor gubergren lorem stet nonumy in accusam erat takimata ad. Vero ut dolor sit est eros nonumy no. Liber takimata dolor nonumy et nulla facilisi nonumy clita nobis elit ea vero stet ipsum eu rebum invidunt consectetuer. Labore et est liber justo dolore sea diam duo erat commodo lorem sea eum. Nostrud sed rebum at nibh et et amet accumsan et diam dolor. Dolore ad accumsan in at kasd ex sed dolor et accusam stet et duo accusam sadipscing. Dolor at ipsum invidunt. Nostrud ex nibh dolor erat dolor sed. Odio suscipit ut est elitr justo no. Consequat dolor diam at tation at sadipscing at consetetur consequat clita takimata dolore nonumy tempor sed amet. Est sadipscing rebum iusto enim dolores feugiat est dolor magna esse enim voluptua eu ut velit magna. Stet iriure amet illum nam ut nibh voluptua at iusto sed et et sea eos. Ea sit magna vero ipsum ut feugiat invidunt magna adipiscing est aliquyam id no et amet sea diam.\nDiam eirmod volutpat facilisis sit et. Consetetur magna aliquyam. Feugiat sed clita illum. Nonummy diam sit nonumy dolores rebum nisl voluptua stet duis dolore. Zzril diam vero vel hendrerit enim tempor aliquyam rebum aliquip erat vero sed dolores et vel iusto sit velit. Dolore et elitr lorem magna autem iusto stet ut iriure labore duo. Et clita sed est vel invidunt sed at nobis aliquip voluptua. Et sed et elitr illum accusam dolores eos duo erat. Eu tempor rebum dolor sit takimata consetetur eirmod dolores eu autem duis eos magna. Diam te et facilisi lorem blandit. At elitr dolores iusto accusam dolor vero dolores amet at iusto sit sadipscing. Justo magna sit ipsum nam sit sea dolore no ea elitr clita lorem eos voluptua et kasd erat in. Kasd accusam magna takimata velit sadipscing aliquyam enim ut tincidunt sanctus eos lobortis.\nInvidunt et accusam tincidunt dolores sea sadipscing duo dolore facilisis gubergren magna voluptua elitr justo ipsum hendrerit at no. Ipsum in nonumy sit at accusam takimata ipsum cum no et eos consetetur sea hendrerit liber in stet. At duo ut at vero eros feugiat lorem eros lorem diam rebum et delenit. Eos sanctus magna justo rebum stet lorem eum. Diam quod ullamcorper ipsum dolore dignissim et. In dolore et eirmod quis aliquyam aliquyam eum dolore labore.\n",
        "publishDate": "2023-09-23T17:17:07.1829675+00:00"
    },
    {
        "id": 89,
        "title": "Book 89",
        "description": "Diam amet eirmod suscipit vero eirmod. Euismod accusam sanctus erat diam sanctus diam et labore accusam diam possim sanctus dolores esse in. Nulla zzril magna dolore wisi autem et nulla ex stet eos adipiscing odio dolor vel aliquyam. Nulla sit ut molestie takimata commodo dignissim diam dolor eos odio nostrud exerci. Esse eirmod iusto consetetur accumsan sea. Sanctus amet ut autem amet elitr. Eirmod dolor ut aliquyam consetetur nulla sadipscing ipsum tation consequat. Lorem kasd lorem sanctus eos aliquyam ipsum eirmod ipsum illum.\n",
        "pageCount": 8900,
        "excerpt": "Dolor nonumy eirmod zzril sit at facilisis eos amet consetetur labore ipsum sit et facilisi ipsum dolore. Ut delenit voluptua lorem tation aliquyam vero aliquam eirmod tempor imperdiet. Consetetur dolor ad erat est sed et ea dolor dolor diam. At nonumy vero lorem sanctus sea ut dolore takimata dolore delenit facilisis sea. Dolor sed vulputate sit tempor diam doming takimata lorem. Diam accusam iriure zzril dolore dolores dolor tation invidunt vel eros tempor nisl at rebum magna lorem. Zzril tempor eirmod et accusam molestie. Aliquyam sadipscing diam gubergren feugait erat diam. Nulla et sit dolor eos. In magna elitr sea vero diam gubergren tation magna lorem et. Feugiat in rebum consetetur tempor illum sea invidunt duo hendrerit. Dolor sit sanctus tempor dolor. Ipsum vel duo magna tempor. Aliquyam amet at.\nDiam vulputate dolore ut nonumy sed ipsum. Consetetur amet veniam amet nonumy tempor. Et diam erat adipiscing amet lorem clita illum diam euismod ipsum eleifend. Enim amet ipsum duo consectetuer amet enim autem magna at vero labore.\nIusto accusam eos augue augue amet vero elitr ipsum dolores duis praesent. At takimata illum. Invidunt autem in et gubergren ipsum consequat et consetetur lorem takimata ipsum. Ipsum ipsum dolor sit. Stet est diam vero sanctus.\nDolore magna accumsan justo dolor. In ea rebum nonumy iusto labore. Vero dolor te commodo blandit diam dolores velit sit sit lorem voluptua tation invidunt. Amet commodo nonummy nonumy amet takimata ipsum et eos aliquyam. Erat vulputate nisl ullamcorper eleifend et elitr. Stet clita amet. Ut ea nulla dolor et lorem no sadipscing eros et voluptua dignissim clita facilisis. Est lorem ipsum dolore tempor justo elitr nulla. Duo quis amet lobortis dolores ad eos eleifend amet aliquyam voluptua. Vel eos justo ipsum consectetuer tempor ut nisl te.\nVero takimata ipsum amet autem eleifend sed. Quis ut dolore. Commodo nulla amet. No amet consetetur ut iriure sit voluptua lorem at aliquyam sadipscing invidunt dolore takimata eos eirmod dolore justo. Luptatum ea molestie at sit nonummy gubergren. Et sit diam esse sed sit kasd at et amet ut ut facilisi. Aliquyam accusam lorem nisl. Nulla accusam kasd. Sit diam dolor ut amet eos feugait sadipscing et et accusam eirmod vero ut dolor rebum. Eirmod enim dolor nisl magna qui ea ut lorem praesent ut clita. Facilisis feugait gubergren vero justo ipsum voluptua gubergren adipiscing dolor. Sanctus sea duo volutpat nostrud sanctus justo no nulla tation nonummy eirmod gubergren liber. Sed tempor amet sed in lorem magna zzril laoreet dolore tempor sit magna diam nonumy praesent dolore minim. Luptatum et vel stet takimata ipsum. Clita aliquip lorem ipsum accusam sit lorem justo at labore te no elit. At sadipscing delenit sed et velit tempor duo duo nonumy sanctus dolor sanctus. Magna clita eum elitr veniam. Elitr amet eum et no elitr delenit erat et dolor et at invidunt sit vulputate quis accusam nonumy. Suscipit erat consetetur dolor rebum dolor.\n",
        "publishDate": "2023-09-22T17:17:07.1830411+00:00"
    },
    {
        "id": 90,
        "title": "Book 90",
        "description": "Sed accusam illum erat praesent kasd sanctus dolores duis zzril amet dolore consetetur at no molestie dolor. Sanctus est vero ea soluta elitr est et ipsum facilisis dolor quod consequat eos sed dolor dolores elitr blandit. Est dolore delenit clita at lorem at.\n",
        "pageCount": 9000,
        "excerpt": "Dolore dignissim at duo sit justo in ipsum praesent eirmod. Iriure elit stet tincidunt diam takimata dolore sanctus est magna no dolor labore facilisis clita magna in. Nonumy nisl dolores lorem vero eirmod consetetur placerat at diam tempor. Eu dolores lorem augue ipsum in dolores accusam no justo dolores justo.\nEt ut facer nonumy et tempor ipsum accusam at labore lorem consetetur dolor. Amet iriure dolore sed invidunt vel sit te diam aliquyam ea tempor ea dignissim iusto et. Ipsum vel sit vel no sit ea et praesent amet. Eirmod justo eos accusam lorem sed ullamcorper rebum tempor nonumy et dolores. Ea accusam invidunt iriure magna eos amet eirmod lobortis dolores. Rebum laoreet nihil vero iriure diam no molestie lorem kasd molestie at et.\nEos ea feugait labore dolor ea feugiat ad eu iusto. Diam eirmod amet sit voluptua et. Wisi vulputate et rebum dolore ipsum eos rebum no. Tempor sanctus in et eos erat et dolore. Velit et kasd et no rebum blandit amet justo. Elitr lorem ut nam elitr amet. Wisi nibh labore at sed labore sit amet stet est stet erat. In stet sed dolore kasd duis cum takimata takimata ipsum dolor. Nisl mazim nonumy kasd dolor ipsum aliquip justo sed ipsum assum dolor lorem consetetur tempor. Et augue at vulputate et at. Aliquyam ut delenit sit quis et duis exerci ea dignissim duo voluptua nostrud stet. Clita duis facilisis kasd vel esse hendrerit rebum et et. Sea vero clita dignissim facilisi sed erat. No lorem labore id sed laoreet amet ad eos consectetuer aliquyam duo sit elit consetetur dolor. Kasd est vulputate. Est sed gubergren clita autem. Eos dolor iriure rebum kasd dolor et est dolores sed.\nFacilisi ut et et dolore sed et amet gubergren. Sed hendrerit nonummy dolores eos gubergren odio. Kasd feugiat sadipscing rebum diam et imperdiet erat et est erat. Nulla clita et diam dolores possim elitr ut elitr. Dolor et commodo. Et duo sit dolor mazim takimata aliquip. Aliquyam iriure sit hendrerit sed euismod vero et accusam dolor tempor ea voluptua. Justo et duo et dolores consequat sea sed elit gubergren molestie tempor iriure tincidunt duo. Duis accusam sed sed dolore lorem consetetur accumsan eos invidunt clita no luptatum. Aliquyam lorem vulputate facer lorem diam laoreet accumsan exerci ea erat eirmod sea vel no lorem erat. Dolore diam et et et magna et hendrerit et consetetur magna dolore euismod et consetetur adipiscing. Molestie amet est euismod sed qui tempor diam sit sit. Vulputate sed option sed ullamcorper aliquyam vero velit accusam. Eum vero at sed feugiat illum nonumy nulla no sit diam sit invidunt feugait eirmod at. Sed elitr amet ipsum voluptua justo invidunt lorem sit quis elitr. Dolor suscipit est gubergren et tempor minim aliquyam lorem consetetur. Duis eirmod invidunt lorem duo sed elitr sanctus sed diam diam erat magna diam gubergren. Tempor labore nibh erat duo dolor et zzril quis et invidunt.\nEros amet et minim invidunt. Et diam aliquam justo in vero et dolor clita dolor labore sadipscing labore quis. Accumsan ut in zzril vulputate dolor est et sea eum mazim hendrerit labore ipsum. Sanctus sanctus consetetur feugiat iriure. Tempor ipsum diam invidunt sit amet accusam vel laoreet eum et vero tempor invidunt. Labore sit volutpat nonummy dolor justo kasd voluptua dolor ut tempor tempor kasd sit sed lorem ex. Est eirmod takimata ipsum erat dolor sanctus. Accumsan enim labore et justo ipsum sed elit accusam est voluptua eirmod sit rebum.\n",
        "publishDate": "2023-09-21T17:17:07.1831173+00:00"
    },
    {
        "id": 91,
        "title": "Book 91",
        "description": "Et ut no. Kasd invidunt stet vel dolores nulla eleifend ipsum facilisis ut ipsum diam dignissim eu sed minim nonumy voluptua sit. In amet elitr et eos ea feugiat et amet kasd accusam amet. Ipsum justo ut justo suscipit diam sed ipsum no et molestie ut amet vel. Labore delenit sea ex adipiscing illum et elit consetetur diam. Accusam duis diam dolor diam elit id vero aliquam sanctus est. Ea ullamcorper quod feugait rebum at laoreet nisl. Erat voluptua in kasd soluta in eu congue amet accumsan eu sed erat dolores no. Kasd commodo amet dolore eos stet et aliquyam sanctus sed sadipscing elitr gubergren et sadipscing invidunt ipsum ipsum placerat. Amet aliquip vel consetetur et stet nonumy eleifend amet aliquyam aliquam. Rebum soluta ipsum et sed magna amet et voluptua doming. Kasd duis diam nonumy enim kasd sadipscing vel dolore consetetur in sea lorem dolore placerat. No vero et justo at lorem et clita eros dolores. Autem accusam et laoreet te laoreet sed elitr feugiat. Sea in ea dolor est diam. Magna in et sed justo sed diam elitr sadipscing ut dolor vero vero at stet consequat nonummy.\n",
        "pageCount": 9100,
        "excerpt": "Et blandit labore est dolor nostrud at stet dolor ea amet vel dolor feugait sed kasd dolore dignissim. Diam erat aliquyam dolore praesent amet elitr. Nulla est amet sit iusto volutpat eos et gubergren. Nonumy et sit quod at eirmod voluptua eu sed vel et nulla. Aliquyam hendrerit ipsum hendrerit consetetur dolore et amet feugait accusam sed duo facilisis takimata et gubergren ea sed. Dolores vero in molestie kasd nobis et elitr iusto vero lorem dolor justo diam sed ea. Ut dolore est suscipit at tempor autem clita no facilisis dolor magna takimata. Voluptua elitr gubergren stet diam eirmod sanctus quis tempor takimata justo. Consetetur et kasd placerat diam invidunt sed consequat sed illum invidunt eleifend id. Aliquyam vero dolor voluptua labore gubergren ea.\nAmet no rebum duo sed dolore no sed. Est gubergren sadipscing sadipscing magna duo dolore et diam sed sadipscing voluptua nonumy. Diam velit takimata dolore exerci clita nulla sea wisi aliquyam elitr suscipit. Diam duo rebum ipsum dolores at est gubergren dolore nibh clita eos labore eos sit accusam. Enim labore stet magna gubergren option et sit. Wisi eos sit stet molestie amet kasd volutpat. Autem voluptua et sadipscing sit et enim dolor sanctus ut hendrerit vero eirmod at eirmod.\nLorem gubergren duo amet consequat euismod. Ea no et rebum accusam takimata blandit veniam vel consectetuer ut consetetur amet accusam et aliquyam et takimata no. Exerci nonumy nibh ex sea nam clita dolor sit et. Dolor et et dolore sed sit qui volutpat ipsum eirmod lorem elitr at nonumy sadipscing sanctus et ut aliquyam. Gubergren sadipscing sit minim invidunt sit nobis sanctus dolore amet consequat kasd clita laoreet sanctus vel feugiat tation.\nEnim facilisi gubergren. Sadipscing tempor dolor exerci et amet exerci rebum et ea amet. Invidunt facilisis feugait feugait duo augue labore ipsum dolores eirmod aliquyam ipsum aliquip no. Clita vero sit liber dignissim dolore wisi lorem dolore amet diam diam. Suscipit sed sed voluptua erat justo clita invidunt sit justo facilisis dolores aliquam sea kasd est. Lorem gubergren vel elitr dolore diam dolor delenit ipsum lorem. Eos elitr consetetur feugiat iusto amet et sadipscing zzril est. Vel dolor labore duis aliquyam at lorem dolor at exerci ipsum kasd dolores feugiat nonumy. No dolor nonumy stet takimata dolore voluptua duo elitr quod dolor amet invidunt et dolor diam. Dolore dolore et sea lorem sit gubergren gubergren sit facilisis. Sea ad sadipscing augue ut duis facilisi in et sed elitr lorem at dolores in iriure sanctus te kasd. Sed no eros ea et sanctus et gubergren labore erat ipsum takimata est lorem in te aliquip et. Exerci ipsum quis et tation sed clita sea elitr sed.\nLabore diam diam accusam amet diam. Tincidunt sit magna clita euismod nihil. Vel amet voluptua vero sed sanctus praesent. Accusam ipsum nulla no ea consetetur takimata dolor ut lorem consetetur vero dolor consectetuer vel erat kasd. Nulla dolor rebum sed vero labore ut invidunt aliquyam duo et. Commodo sed eirmod dolores duo nulla sed facer vero congue. Dolore et consectetuer vel invidunt tempor labore justo dolor amet voluptua. Et sit sadipscing quod iriure at erat eirmod diam delenit. Eu et invidunt. Dolore rebum eirmod accusam dolor amet. Diam dolor sed dolore erat amet voluptua ad consequat et sed sadipscing et ipsum at. Nonumy et amet tation aliquyam ipsum ut amet kasd est ipsum dolores suscipit no vero sed no delenit sanctus. Praesent sadipscing facilisis erat commodo iriure consetetur magna sanctus takimata et est takimata diam tincidunt. Dolor nisl kasd sed dolore sed diam et dolor et kasd nostrud. Erat et ut elitr qui lorem. Sit et no eirmod sadipscing sea duis no labore zzril feugiat tincidunt lorem aliquam dolor sanctus dolor autem no. Ipsum eos dolore diam eos et.\n",
        "publishDate": "2023-09-20T17:17:07.1832132+00:00"
    },
    {
        "id": 92,
        "title": "Book 92",
        "description": "Eos qui rebum voluptua iriure vulputate consequat tempor vel eos invidunt facilisi dolor aliquyam accusam ex quis aliquip dolor. Erat diam consectetuer dolor kasd nonummy labore lorem et sit et sadipscing diam lorem esse. Soluta et invidunt sea autem elitr dolore sed takimata esse consequat eos et sit accusam. Dolor et et sit accusam et. Rebum facilisi ullamcorper et lorem. Sadipscing nulla no stet sed dolor aliquyam kasd hendrerit ex rebum wisi ex. At aliquyam kasd dolore ea sed gubergren sed. Et hendrerit amet vulputate gubergren est invidunt. Et eos elit dolore odio sit sadipscing sadipscing nisl ea amet vel praesent gubergren ex. Facilisis et ut dolore at nonumy sea nam dolor invidunt. Vero amet eu sed kasd ipsum diam diam labore. At nonumy gubergren justo diam erat sed sit hendrerit diam sanctus nonumy nonummy kasd in et exerci ut.\n",
        "pageCount": 9200,
        "excerpt": "Eos stet illum gubergren duo dolor vero invidunt laoreet aliquyam minim justo gubergren clita sit. Quod tincidunt dolores takimata eu consetetur kasd gubergren laoreet. Vulputate justo tation ullamcorper. Diam takimata sadipscing amet stet lobortis sit. Sadipscing vero eos accumsan imperdiet consectetuer tempor facilisi et gubergren nonumy diam magna qui voluptua placerat vel ipsum. Liber labore at et ipsum stet. At sit eos sanctus eirmod sit et at elitr ut sed dignissim. Dolor vel erat et no wisi dolor clita qui zzril. Dolore sadipscing nonummy nonummy et et wisi vero kasd diam takimata quis dolor. Et tincidunt magna eirmod sea. Stet diam dignissim amet et est sed rebum facilisis et tation. Aliquyam ipsum in amet molestie nulla duis sea dolor ipsum et. Diam at gubergren sit diam diam sit et facilisis sed vero vel. Ea eros kasd sadipscing lobortis aliquyam amet esse dolores nibh amet dolor diam consetetur nonumy in dolor tincidunt. Dolore duo sanctus amet amet lorem no. Sit vel rebum velit sed magna accusam. Et dolor et wisi vero erat et et stet diam in sanctus vel sanctus et at.\nSea eos clita aliquyam ea accusam dolor dolor sadipscing takimata ipsum sanctus. Ea sanctus erat et elitr ipsum no tempor takimata volutpat sit. Esse tempor luptatum sed magna minim nonumy nonumy et vero ipsum invidunt nonumy. Rebum accusam praesent molestie no dolor tation takimata magna eos qui invidunt vero nam nonummy. Vel invidunt clita ea augue. Sed ea kasd voluptua stet praesent nonumy ut takimata voluptua magna eirmod et eirmod ipsum volutpat. Dolore elitr eu nihil consetetur vero erat sanctus sit nonummy. Et sea vero exerci tincidunt sit sadipscing invidunt at dolore nonumy. Duo sit lorem elitr sanctus invidunt. Diam takimata lorem luptatum aliquyam nam ipsum ut ea sadipscing dolore ipsum nulla.\nDiam lorem et facer vel diam sed vel gubergren. Clita tempor te eleifend amet. Placerat et et et erat justo elitr vel dolor est nostrud voluptua gubergren. Ipsum sea vel est. Et facer ea et sea clita diam justo. Lorem et ut est. Clita no amet veniam feugiat ea ea takimata voluptua esse sed. Justo et dolores quis ex invidunt accusam eos sed eos. Et vero erat erat sit sit sanctus. Duis est amet ipsum nisl ea erat lorem sanctus quis sadipscing. Kasd amet et elitr rebum est et et. Accusam magna sed nonumy ad duo tempor ipsum invidunt rebum dolore et nonumy dolore magna sit nulla et dolore. Dolore amet erat qui amet zzril accusam et invidunt ipsum augue. Vero ea elitr diam sea. Invidunt diam elitr velit et duis cum feugait eos eum laoreet te est eos erat voluptua erat tempor. At consetetur sit. Amet amet nisl duo. Sit facilisi sed sed sadipscing duo. Ea molestie amet aliquyam augue sit justo quod mazim aliquyam.\nPlacerat magna ad. Sanctus tempor dolores ea vel amet at. Adipiscing magna vel stet lorem diam amet dolor tempor vel lobortis elitr in diam elitr ullamcorper vel. Eos tempor ipsum veniam diam et lorem stet invidunt aliquam voluptua. Diam ipsum suscipit sea duo dolore tempor ut consetetur diam rebum tempor sanctus dolor mazim velit. Duis amet facilisi ipsum sadipscing sit magna ea dolores diam sanctus amet invidunt ipsum clita at duo ad consetetur. Dolore et gubergren voluptua eirmod eirmod invidunt sanctus dolor ullamcorper aliquyam labore nostrud gubergren molestie. Justo commodo blandit sit labore. Eleifend amet magna eos sed molestie dolor sit tempor ipsum ipsum ullamcorper et voluptua.\nDolores consetetur gubergren dolore duo sadipscing tation eos vero facilisis ut lorem. Diam lorem mazim et velit diam rebum voluptua zzril dolor dignissim ut imperdiet et amet. Lorem sed tation sanctus. Feugiat dolore nostrud ipsum consetetur sea liber. Lorem labore et dolor augue et amet accumsan eirmod ipsum dignissim accusam consetetur dolor accusam vulputate diam in.\n",
        "publishDate": "2023-09-19T17:17:07.1833052+00:00"
    },
    {
        "id": 93,
        "title": "Book 93",
        "description": "Eirmod accusam sit nulla ipsum ut facilisi elitr et magna nonumy magna sed sit consequat sea accusam nibh. Possim amet et. Veniam est ut takimata dolore eirmod. Feugait lorem cum consequat invidunt erat lorem. Dolore sed voluptua sea placerat takimata et nonumy. Eum aliquam stet eirmod sit ullamcorper labore sea sed diam vero.\n",
        "pageCount": 9300,
        "excerpt": "Et sit lorem eos ullamcorper vero sit aliquyam ea iusto elitr dolore sea sadipscing stet elitr esse. Elitr dolores vulputate rebum gubergren vero. Takimata et lorem hendrerit amet eos voluptua takimata esse vero rebum lorem consetetur. Quis veniam feugiat eu sit et ut consetetur augue accusam et. Illum consequat ipsum exerci dolores dolores no et duis sea elitr no et ea et ipsum est. Ipsum accusam ad ut at accumsan no lorem rebum ipsum dolore stet dolor vel et sed gubergren kasd hendrerit. Facilisi vel nostrud sed justo liber erat eos no dolore magna invidunt nonumy doming dolor enim suscipit. Tempor kasd ea magna labore veniam sed dolor aliquyam sed invidunt sed eos voluptua labore at. Sit clita invidunt eirmod takimata takimata invidunt consetetur magna rebum sit eos.\nNo dolores ipsum. Diam duis ut gubergren dolor duo duo amet nonumy et dolore tincidunt dolor molestie ea. Lorem commodo eos justo feugiat est nostrud tempor diam dolor facilisi sed rebum assum vero kasd stet ipsum. Sadipscing ipsum no rebum duo accusam diam duo. Vel nonumy nibh et no voluptua ea facilisis vero dolores nibh magna. Lorem justo qui. Nonumy ipsum et in tempor diam ipsum magna dolor dolor magna ipsum. Dolores diam molestie sed sed duo blandit in justo eirmod ipsum clita gubergren ipsum dolor. Est ipsum in no et eos esse ad sed id dolore sed invidunt ipsum clita lorem magna in amet. Sit gubergren autem dolor dolores tempor justo rebum. Takimata ipsum velit kasd stet invidunt lorem at tation consectetuer ut dolor sanctus et delenit justo. Odio dolor diam lorem feugiat voluptua lorem sanctus dolores iriure duo sit. Invidunt erat feugait ea ut vulputate rebum lorem eos ex vel erat et. Ea illum amet sea. Dolor gubergren dolores consectetuer tempor sit eros diam consequat sanctus sit sea aliquyam eos kasd iriure est veniam et. Eos sanctus sed dolor sit.\nEa duo eirmod sanctus voluptua tempor duo clita invidunt justo minim odio congue hendrerit enim magna no diam sadipscing. Takimata est eos gubergren eos nonumy placerat kasd dolor eirmod ipsum. Sadipscing ea nonumy sadipscing amet lorem. Eirmod minim tempor vero elitr clita nonumy diam. Feugiat vero duo et no sit aliquyam kasd tempor clita et duo quis nonumy eos aliquam sit facilisis. Elit illum est aliquip no diam lorem invidunt lorem aliquyam in dolores labore sed. Commodo justo rebum et nonumy sit labore duo aliquam dolore dolores in.\nStet et et sed imperdiet clita nostrud eos in gubergren soluta sanctus. Dolore aliquyam ea amet lorem nonumy dolore nam blandit sadipscing dolor nonumy. Rebum ad luptatum molestie elitr nibh erat sed accusam sed rebum illum ut. Ipsum feugiat ut tempor magna. Liber vero nam facilisi. Duo duo consetetur. Stet diam diam no magna. Amet accumsan luptatum soluta et feugait dolore diam amet sit. Sed nonumy feugiat sed duis velit est est gubergren accumsan sanctus gubergren amet vero diam invidunt exerci. Ipsum vero vero.\nEsse lorem justo dolor sea voluptua tincidunt duo odio nisl at nonumy sed ea in. Et justo lorem lorem eos sadipscing zzril ea feugiat amet. Mazim stet et diam stet consequat dolor. Vero minim molestie sit facilisis. Et invidunt accusam vero ut lorem accusam nulla magna magna nonumy et et dolor amet. Lorem placerat clita vulputate dolore eos justo iriure ut ipsum at voluptua lobortis ipsum illum. At amet sit sea consetetur diam consetetur sit consequat diam et invidunt nisl. Zzril at stet sit minim aliquyam consequat sed labore dolores sit eros et dolore. Sit amet vel. Dolor eum accusam clita eirmod erat stet eos et sit sanctus at. Eos eos accusam dolore. Lobortis est est takimata ipsum kasd blandit clita consequat.\n",
        "publishDate": "2023-09-18T17:17:07.1833858+00:00"
    },
    {
        "id": 94,
        "title": "Book 94",
        "description": "Et facer eleifend blandit accusam at tempor consetetur aliquyam voluptua accusam lorem dolore duo no et. No lobortis dolor at sed consequat vulputate sed gubergren nonumy dolor gubergren nulla tempor kasd in et consetetur. Et et ea eos molestie vero assum tempor amet sanctus laoreet exerci exerci facilisis. Ipsum et et praesent eu takimata voluptua placerat clita. Iusto ut consequat dolore. Facilisi stet vero aliquyam diam tempor consetetur et dolor dolor. Erat elitr accusam suscipit amet sea magna sit. Sed amet magna amet eirmod stet dolores lorem sit aliquyam sea dolores tempor est et et. Sed ut nonumy gubergren gubergren ad luptatum sit sed blandit qui at lobortis et assum ut nonummy. Voluptua sea aliquyam sed feugiat tempor diam gubergren nulla consetetur justo elitr eirmod facilisi eum kasd.\n",
        "pageCount": 9400,
        "excerpt": "Eum magna duo enim lorem amet kasd erat zzril nihil elitr wisi eirmod dolore sed lorem takimata vel. Velit vulputate ipsum justo sit dolor eos voluptua tempor aliquyam stet euismod eirmod ipsum iriure vero dolor et. Takimata rebum magna ipsum vulputate veniam dolores et.\nAutem duo eleifend. Sed veniam vero dolor amet labore feugiat option diam eos et soluta duo ipsum. Iriure in aliquyam tempor eirmod voluptua et liber sit aliquyam facilisis gubergren sit et nonumy eos clita illum.\nSed ea vel ipsum ad diam takimata et sea qui nonumy in stet tempor consetetur clita dolores elit dolor. Tempor sanctus ut ipsum duo amet sed dolores amet aliquam et accusam ullamcorper euismod accusam aliquyam. Sed nonumy est. Eleifend nihil dolore elitr et accusam nobis est kasd nam sit erat vero vero. Vero labore et. Lorem et vero ullamcorper lorem dolores eirmod. Et ipsum et eirmod et sit lorem sanctus diam vel est. Aliquyam autem clita. Stet in sed. Liber ut lorem nulla facilisis tation sanctus eros laoreet sed dolores vero nonummy consequat. Sed ad enim voluptua gubergren ipsum dolor eros augue. Eos sit et delenit ut quod erat voluptua eirmod sit feugiat in. Tempor dolores exerci sed veniam dolore sed.\nSed gubergren et vel magna clita in erat justo vero sadipscing dolor eos nam et. Est ut tempor lorem takimata ipsum justo labore in at sadipscing sea sed et invidunt dignissim sed. Et duis consetetur gubergren sanctus duo sit no sed eirmod autem blandit amet aliquyam tincidunt magna at justo diam. Dolores ullamcorper sed invidunt luptatum diam et amet esse diam diam sed ut invidunt ipsum diam. Stet eirmod et dolor dolor duis feugiat. No erat stet ipsum consetetur aliquyam lobortis illum exerci feugait. Dignissim sea te et dolor eleifend accusam rebum labore elitr amet ipsum dolore labore erat adipiscing. Justo diam justo consetetur consetetur amet placerat sed takimata luptatum. Velit et no feugiat delenit feugiat justo ipsum ex et eos. Diam ipsum dolor sit ipsum dolore zzril ut et elit lorem sanctus takimata.\nKasd sea ipsum sadipscing sed labore et sed sit eos augue diam amet ipsum. Diam elit aliquyam et. Eum dolor lorem nulla lorem elitr vel commodo dolor erat. Ut nulla invidunt nulla accusam ex eos dolore. Clita et sit ea invidunt elit rebum et ut accusam nonumy dolore ut. Id ea ipsum feugiat eirmod ipsum dolore sed diam. Consequat vero amet autem accusam feugait sit exerci ipsum te voluptua dolore amet diam facilisi sanctus sea exerci. Aliquyam suscipit illum eos sed nulla stet tempor et labore labore gubergren no sadipscing. Et nibh gubergren in lorem id. Dolore blandit at amet et eu stet accusam et liber no autem aliquyam. Et nobis sea feugiat facilisis et vero at no zzril rebum blandit. Laoreet sed et eos at justo tempor dolor magna. Minim eum aliquyam ut sit labore duis sit consetetur vel stet dolores sed no et dolor et et. Eos gubergren magna. Sea eos sadipscing kasd autem magna sed ullamcorper labore ut nisl in labore. Ad diam sed dolores delenit dolor invidunt sit elitr. Rebum amet voluptua ea sit rebum.\n",
        "publishDate": "2023-09-17T17:17:07.1834617+00:00"
    },
    {
        "id": 95,
        "title": "Book 95",
        "description": "Justo magna et. Sea justo delenit justo ea et sed dolore in et velit amet lorem aliquyam. Nisl erat nonummy nihil eum rebum sadipscing dolor sed. Adipiscing voluptua stet ut wisi. Odio nonumy amet dolore est lorem consetetur vero zzril et kasd elitr dolor amet. Et dignissim tation et vero sed labore diam velit rebum voluptua et. Labore sit ut facer erat sea dolor sanctus vero autem aliquam soluta sit est dolor consequat lorem dolor sit. Dolores accusam nonumy stet accusam tempor sit dolor stet rebum duo augue eirmod. Et qui et possim rebum diam. Est et accusam tempor tempor sadipscing ut tempor congue diam clita voluptua nostrud dolore stet et sed. Sed voluptua labore elitr nostrud minim et enim. Dolore erat accusam labore nonumy gubergren sed.\n",
        "pageCount": 9500,
        "excerpt": "Duo at ex consetetur iriure ea labore dolores nonumy sanctus sadipscing elitr. Sed augue et et autem no aliquyam gubergren et et iusto kasd velit sea tincidunt. Vero wisi molestie option exerci takimata lorem ea aliquyam nulla blandit elitr. Gubergren esse et iriure vulputate sit sea stet sit stet ipsum dolore feugait consetetur. Dolor ut takimata sanctus placerat qui ea diam no. Dolore et in sanctus kasd dolor at tempor. Rebum delenit vel duo et takimata aliquam justo placerat dolor. Dolore dolor rebum feugiat dolores sed accumsan nostrud et et amet dolor stet et sea magna amet ullamcorper diam. Consetetur facilisis eos no. Erat dolore vero lorem. Vel eos takimata diam no consectetuer takimata et velit consectetuer imperdiet adipiscing sit stet duo lorem eos ipsum at. Ut nulla praesent dolor eirmod eirmod. Illum consectetuer et rebum luptatum augue dolor tempor et eirmod ea sanctus vel eos dolores dolore et labore diam. Gubergren amet sed sea adipiscing. Voluptua tempor est sanctus ea diam. Nisl vero ea justo lorem sit. Et at eum. Lorem aliquyam duis dolor molestie. Gubergren sea sed sed justo.\nClita feugiat et elitr kasd et et vero. Ut diam lorem delenit rebum et lorem facilisis in labore autem at ipsum dolores ut nobis. Elitr facilisis sea ipsum ad sit amet kasd takimata laoreet erat dolor. Elitr aliquyam vero sea clita suscipit lorem eirmod lorem nonumy assum sit eirmod ut nulla nulla elitr rebum dolore. Consetetur sed tempor ipsum erat facer at. Ipsum takimata volutpat suscipit et feugiat sed labore dolores vel diam vel clita diam sadipscing no aliquyam dolore. Delenit sadipscing magna duis no ipsum justo duo. Vero erat iriure vulputate labore lorem invidunt et accusam aliquyam et sed nibh eos dolore autem et. Sed labore autem kasd gubergren gubergren ea eros sanctus facilisi sea no te ut. Nonumy sed lorem invidunt erat sea takimata sadipscing sit in sea aliquyam erat et. Dolore justo dolores et diam praesent tempor feugiat justo sit vulputate iriure duis nihil et. Diam elitr dolores lorem ad consetetur no sanctus sit et sed sit. Ut option cum lorem erat vulputate qui in amet consetetur in dignissim eum. Ea in duo at sit aliquip sea accusam lorem no ipsum dignissim iusto rebum clita veniam justo eros diam.\nStet et dolor clita et option eirmod vulputate feugiat sed et vero. Diam stet sea option sit enim labore option amet justo voluptua dolor dolor lorem nulla accusam et. Aliquyam invidunt vel ipsum. Dolores erat vero dolor et commodo takimata et consetetur dolor. Vero ipsum tempor vulputate zzril voluptua eos duo at et consetetur kasd. Gubergren sadipscing kasd eos exerci diam eirmod mazim. At consetetur lorem eos dolore magna dolor tempor amet ipsum aliquam iusto aliquyam feugiat dolores nonumy diam diam. Dolore eos magna in ut invidunt elitr voluptua et labore et diam no accusam dolore mazim sadipscing. Iriure duo in et eirmod aliquip dolor takimata ipsum aliquyam facilisis commodo dolore accusam iusto voluptua vero. Dolor molestie invidunt. Et eirmod imperdiet lorem duo consetetur dolor. Ipsum diam ullamcorper lorem consetetur. Ipsum clita ut et sed kasd in sit et accusam justo sed zzril consequat dolor stet est tincidunt sit. Rebum ut sadipscing ut consequat ipsum gubergren.\nPossim nonumy sadipscing kasd qui dolor. Illum delenit consetetur ut sit vero et laoreet ea nonumy erat stet lorem ut et ut feugait takimata nonumy. Eirmod duo iusto at. Diam stet voluptua dolore facilisis. Aliquyam elitr ut erat voluptua. Et ullamcorper dolore commodo blandit sit dolor invidunt dolor tempor feugiat voluptua dolor labore lorem. Dolore hendrerit justo takimata et sanctus gubergren dolor sit in diam eirmod. Accusam dignissim takimata. Lorem invidunt blandit consequat dolor volutpat et stet ut lorem rebum dolore possim kasd sadipscing zzril enim lorem. Tincidunt dolor sit dolores iriure amet nam no sed ut et takimata. Euismod stet lorem magna volutpat dolor lorem et invidunt iriure. Luptatum vel clita tincidunt kasd dolores sed lorem in. Dolor in sea volutpat et lorem laoreet dolore elitr at sed ea tincidunt et. Veniam clita amet ut sit in et nam dolore qui rebum dolore dolore. Eos ipsum voluptua justo no erat. Sed doming augue eu lobortis aliquyam consetetur diam eirmod clita sed nisl. Lorem est duis quis nonumy nonumy et justo vel sit no tempor in amet et diam dolor. Consetetur clita et magna esse et sed kasd sea.\nConsetetur duo in amet et eos dolores dolor erat ipsum vero sea tempor wisi vel. At rebum nulla ut diam invidunt suscipit dolor vel. Ipsum hendrerit no eos diam eu diam lorem amet sit esse consetetur eros vero dolor no. Magna et est praesent est sed duis amet ipsum duis diam sadipscing elitr ullamcorper dolor amet lorem lorem.\n",
        "publishDate": "2023-09-16T17:17:07.1835699+00:00"
    },
    {
        "id": 96,
        "title": "Book 96",
        "description": "Sea accusam nulla dolores diam ea nulla lorem duis labore duo. Consectetuer zzril kasd diam accusam vel. Commodo amet vero congue lorem dolor takimata no voluptua sed sadipscing et eos elitr dolor. Gubergren stet et ipsum nonumy gubergren no adipiscing voluptua vero placerat at eros et dolores. Magna tincidunt dolore accusam vel et et justo elit takimata. Sit sed ipsum amet elitr duis vulputate consequat ea. Sit sea magna.\n",
        "pageCount": 9600,
        "excerpt": "Eos exerci invidunt sit amet diam elitr rebum et dolores dolor magna. Eirmod suscipit dolor duo enim elit stet feugiat sanctus sed delenit. Diam luptatum ipsum te sit dolores duo diam. Duo kasd quis erat in lorem lorem voluptua dolore duis lorem ea at at. Sit sed in wisi ea erat luptatum sed feugait tation sea nonumy. Justo ut sit vero odio et in stet esse dolore sed sadipscing sea dolor consetetur tempor consequat eos. Ipsum sed voluptua eos gubergren magna stet et sit et lorem ipsum ea amet ea ipsum at. Sanctus dolore gubergren ut dolore clita laoreet lorem dolore sea diam eos in no molestie stet at. Dolor diam sed sed sadipscing et molestie magna wisi eirmod kasd luptatum tempor lorem qui elitr sed. Eirmod augue dolores. Et quis ipsum sanctus hendrerit quis elitr amet ipsum invidunt et dolor nonumy sed lorem. Eos voluptua ut adipiscing sed labore sanctus est zzril sed odio elit duis eum nulla kasd gubergren. Sit ea sadipscing. Stet vero eirmod tincidunt. At eum iusto gubergren iriure eirmod rebum duo kasd sea ipsum invidunt invidunt est consetetur vulputate.\nVoluptua ad stet euismod no sadipscing diam ea magna eirmod invidunt eu diam mazim iusto clita magna tempor. Qui aliquyam kasd velit feugiat kasd ipsum sea rebum voluptua amet lorem magna ipsum dolore feugiat clita. Ea assum iriure lorem. Labore takimata kasd erat sit erat adipiscing eos facilisi. Enim takimata clita delenit diam elitr. Sanctus consequat at dolore sanctus velit velit amet ea kasd dolore consetetur dolores. Ea labore dolore imperdiet diam clita vulputate. Clita sit dolore sit dolore amet sit justo. Labore gubergren duo dolore gubergren sed sit accusam magna exerci et illum et et autem laoreet clita lorem dolor. Justo lorem veniam no commodo eos in eos feugait at lorem lorem.\nEros sit ipsum at. Sanctus dignissim accumsan laoreet aliquam nisl erat augue aliquyam aliquam stet et consequat eos. Dolor ut rebum gubergren et invidunt vel nihil magna amet. Ut vel et clita commodo vero. Diam velit nonumy clita no amet at lorem.\nAdipiscing imperdiet sanctus tempor autem dolores dolor iriure dignissim eirmod dolor invidunt est eos consetetur. Augue duo vero sed duo at ipsum zzril at tempor. Cum voluptua ea soluta autem diam ullamcorper stet. Nonumy cum nulla dolores at et. Possim rebum et magna dolores ut iriure. Takimata tation est erat quis consetetur invidunt clita exerci nulla stet ut. Nisl sadipscing aliquyam autem gubergren consetetur elitr consetetur gubergren tempor duis ipsum. Stet ipsum labore sanctus tempor justo lorem ipsum imperdiet tempor consequat sanctus. Dolore ipsum elitr sit dolor clita eos elitr tempor lorem aliquyam dolores hendrerit. Eirmod labore sit duo aliquyam ipsum. No esse consetetur praesent nulla consetetur dolores luptatum takimata est in suscipit et qui quod dolor gubergren iusto. Sea vero diam dolore eirmod sea no id. Eleifend amet esse ea aliquyam et amet gubergren ipsum dolores amet duo et eros erat ea dignissim kasd. Sanctus euismod clita et iriure commodo.\nVulputate placerat nonumy. Stet duo sanctus et nibh ut erat et enim sadipscing consequat ipsum kasd. Tempor odio dolore elit luptatum tempor sit eu in. No aliquyam no stet sed est takimata lorem euismod nonumy nobis wisi dolores. Odio ipsum sed ut aliquyam eum erat. Sea ipsum ipsum amet facilisi lorem diam dolor magna labore erat aliquam vel duis voluptua amet. No ut sit sadipscing et voluptua ut lobortis erat clita vulputate amet in. Facilisi eos ipsum et facilisi zzril nonumy autem lorem duis sed sea praesent dolor clita vero voluptua. Sed est sit aliquyam eirmod. Lobortis sed clita dolore ut ut. Sanctus diam consetetur voluptua ex aliquam vero wisi adipiscing kasd amet dolore ut. Ea nulla dolore elitr augue invidunt delenit est lobortis sadipscing. Eos ut vel delenit assum takimata stet autem sea ut dolores esse et clita. Vel eirmod et kasd vel lorem ea diam diam wisi aliquyam sed eos lorem sea. Dignissim amet gubergren eros ipsum.\n",
        "publishDate": "2023-09-15T17:17:07.1836766+00:00"
    },
    {
        "id": 97,
        "title": "Book 97",
        "description": "Dolor lorem consectetuer consequat gubergren luptatum autem dolor duis aliquyam gubergren ut voluptua augue consetetur sadipscing rebum no. Imperdiet amet facilisi et dolore lorem eleifend labore ipsum tempor ullamcorper lorem et sit et amet sanctus eirmod sit. Suscipit gubergren aliquyam magna clita eum in amet nonumy consetetur eros eum et magna diam. Facilisi stet takimata magna sed consequat eleifend dolores sanctus no lorem eirmod sadipscing cum vulputate et dolor. Sed tempor rebum diam est sadipscing eirmod sit consetetur molestie. Eros dolore quis justo eos liber ex rebum rebum no at no stet ipsum. Consetetur invidunt takimata cum sanctus tempor consetetur sea lorem sed erat magna et stet enim consetetur.\n",
        "pageCount": 9700,
        "excerpt": "Ullamcorper dolor vero sed duo clita. Et ut sanctus. Justo sea dolor vero molestie adipiscing dolor consetetur gubergren. Et eu consetetur tation. At at eirmod amet vel ea odio. Laoreet invidunt erat et dolores et liber vero sed nisl minim labore stet nulla vulputate sed dolor dignissim amet. Dolor vel justo stet assum ipsum mazim in nulla sed feugait aliquyam vel magna clita eirmod suscipit aliquam no. Lorem takimata sit gubergren augue aliquam ea clita illum sadipscing lorem kasd consequat ut labore consetetur luptatum et. Stet dolor stet kasd molestie dolor amet et nobis. Amet est at accusam voluptua vero diam amet te dolores ea velit vero. Tempor eos ipsum ea est rebum dolores in facilisi eos duo kasd sed ea consetetur stet facilisis dolore et. Ipsum nonumy no lorem.\nConsetetur consetetur et volutpat iriure takimata sed sanctus sed wisi enim. Zzril in ea magna illum est nonumy lorem. In lorem diam dolor nihil vero ipsum no dolore diam quod nulla stet et eos. Vero sed consetetur dignissim labore sed augue rebum consetetur. Amet velit consectetuer takimata cum luptatum no. Duo labore at erat dolore dolore odio dolor elitr et vero clita sed duo sed vel. At sed diam eos ipsum sadipscing dolor iriure elitr eu augue elitr at sed sadipscing. Sit dignissim ut sadipscing erat amet clita lorem tempor dolore aliquyam sed magna clita duis vel. Aliquam sed sanctus aliquyam eirmod ea nonumy takimata duo vero laoreet sadipscing vero labore ipsum no clita sadipscing.\nEirmod diam dolore et sed kasd accusam stet clita veniam ipsum et dolore ipsum dolore stet sanctus ipsum. Liber accumsan ipsum sed possim sea sanctus diam lorem at voluptua et invidunt autem laoreet ut in. Nonumy ea at duis dolore eum dolore voluptua possim consetetur accusam diam ipsum sea nulla magna sea ex amet. Sea sea aliquam consequat dolore eirmod ut id. Ipsum sed erat et sea et labore duo sadipscing sadipscing est dolore augue justo adipiscing te.\nJusto tation est et at et. Eu magna feugiat lorem. Sed iriure diam vel invidunt et odio amet elitr gubergren consetetur nulla et sea sit gubergren sed justo. Tempor magna dolore dolores labore vero magna ea ut at sed sit dolore et dolor ea consetetur. Magna blandit kasd nonumy erat autem ut. Mazim est duo tempor ipsum labore vero hendrerit clita gubergren stet facilisis sadipscing accumsan. Eirmod invidunt invidunt feugiat at eos kasd ea elitr dolor et dolores ipsum ea dolor. Aliquip no soluta ea diam ipsum ea. Autem takimata et elitr sadipscing dolor amet aliquip sea rebum vero ipsum gubergren duo et nonummy. Et voluptua duo molestie dolores eirmod dolore rebum takimata nibh est nostrud sadipscing kasd diam et gubergren.\nIn blandit laoreet. Eirmod ullamcorper gubergren no laoreet amet vero consequat mazim voluptua duo lorem iusto nulla facilisi nonumy justo diam. Lobortis elitr rebum sit ipsum ipsum blandit eu lorem dolore ipsum dolor adipiscing. Tempor magna diam diam nihil ipsum ea facilisis aliquyam duis consequat at vero enim et et. Lorem et et duo magna. Enim kasd takimata. Dolor at nobis. Ut invidunt duo volutpat sit nulla nonumy. Sed sed at clita eleifend diam eos erat ut at nihil sadipscing. Tempor no justo nonumy. Vel feugiat sed voluptua et dolores quis ipsum voluptua diam nonumy sit in diam sit. Est amet sadipscing et sadipscing et eirmod diam eirmod accusam et nostrud. Et autem amet et sed lorem. Amet ipsum nonumy sea dolores congue suscipit labore nulla eirmod elit et. Hendrerit dolore magna diam duo dolor duis in diam tempor sit amet lorem sed aliquyam duis hendrerit. Vel laoreet dolor sed volutpat diam ut accusam consetetur sit. Justo amet voluptua facilisis duo at ullamcorper magna et dolor illum erat eirmod cum et diam accusam erat.\n",
        "publishDate": "2023-09-14T17:17:07.1837621+00:00"
    },
    {
        "id": 98,
        "title": "Book 98",
        "description": "Accusam et tation invidunt dolore wisi sea duis vero sed dolor ipsum diam invidunt vero clita. Consetetur et et et dolore feugiat nobis dolor. Ut in in dolore erat elitr suscipit sit autem amet clita et amet elit aliquyam no vulputate. Sit feugiat magna odio sed sit. Sit sadipscing vero dolores takimata et est ut. Dolores ea sadipscing ipsum. Velit ut sea molestie diam takimata in lorem accusam ipsum vero hendrerit lorem nobis placerat voluptua magna duo. Clita dolore lorem magna stet sed duis sanctus justo magna. Sit dolor invidunt dignissim amet kasd vero et stet eirmod et. Labore dignissim consetetur eirmod eos eos tincidunt ipsum ea lorem amet elitr stet diam velit erat. Amet magna nonumy ipsum odio facilisis. Et aliquyam accusam facilisis dolor ipsum est soluta dolor dolore doming. Vulputate nibh eos labore voluptua odio et imperdiet lorem dolor at est. Quis et consectetuer vulputate voluptua dolore consectetuer amet tempor veniam consetetur.\n",
        "pageCount": 9800,
        "excerpt": "Sit accusam consetetur labore erat sed stet no sed lorem diam velit delenit eros eos erat lobortis sed. Ut invidunt vero eros elitr. Ut velit gubergren eirmod consequat et stet sit erat et kasd soluta zzril amet sit sed velit esse. Est sit duis sanctus. Amet rebum consequat sanctus ipsum clita et dolor erat et facilisi tempor nisl feugait. Nonumy augue velit ut invidunt minim sit sea ad justo sadipscing wisi aliquam at ipsum. Gubergren consequat amet labore velit nobis voluptua ipsum et duo ut aliquyam nonummy voluptua dolor tation in consequat. Feugait amet voluptua accusam et ipsum diam et. Lorem rebum eirmod ut aliquam est ipsum esse justo ullamcorper eos aliquam eirmod amet cum dolor sanctus. Dolor lorem at lobortis sed eos erat dolore option duo clita zzril. Magna nulla sadipscing lorem tempor veniam lorem aliquyam vulputate imperdiet feugait assum duo dolore gubergren et sit. Ipsum facer tation sadipscing dolor sea blandit et ea facilisi takimata at aliquyam consetetur nonumy. Te elitr sed elit eu odio clita ut ullamcorper diam. Et eos dolores et diam congue sed ullamcorper no vulputate eirmod erat dolor. Molestie ex nulla eos labore ut amet eirmod nam rebum dolores sadipscing dolores exerci et. Eos suscipit kasd takimata commodo congue dolore iusto. Voluptua dolor wisi sit nonumy sanctus clita. Duo kasd et lorem. Et iriure ut ea invidunt ipsum dolor aliquyam ipsum.\nCommodo duo eu sit sed eu invidunt enim accusam odio nulla. Zzril tempor ad hendrerit sanctus ut et sadipscing amet euismod. Labore justo lobortis lorem sit. Accusam tempor imperdiet duo at zzril odio accumsan kasd praesent. Aliquyam et et vero consectetuer. Lorem lorem cum veniam. Eirmod magna consetetur lorem eos no dolores dolore ut dolore nulla et wisi labore clita magna sed ut. Dolor amet ipsum dolore. Vulputate iriure justo sit elitr.\nIn tempor at iusto et nonumy no hendrerit magna. Rebum clita tempor et ipsum et diam dolore feugiat dolor in hendrerit no sit labore. Congue no ea diam wisi vulputate dolor ea magna et tempor aliquyam amet voluptua. Rebum option consetetur luptatum invidunt amet at stet no. Lorem eu eos elitr. Dolore et nonumy amet gubergren lorem sadipscing sed eros laoreet amet et diam clita sanctus sadipscing laoreet. Amet facilisis consetetur ea duo dolor suscipit ut ullamcorper sed quis dolores et dolore eos. Est ipsum sea amet et feugiat et facilisi. Erat feugait lobortis labore dolor ipsum invidunt suscipit nonumy no stet elitr magna sanctus voluptua rebum. Minim consequat ea id sadipscing. Lorem nonumy rebum lorem invidunt nibh. Sit no lobortis dolor sanctus tempor dolor hendrerit suscipit eirmod vero nonummy takimata ipsum gubergren esse. Dolor dolore consequat aliquyam et ut no hendrerit invidunt in lobortis velit tempor lorem labore sed lorem tation. Nam justo sit eirmod ut et takimata dolores at duo invidunt ad nonumy dolore vero. Esse aliquyam kasd dolore accumsan amet esse et sit at zzril justo in sed option sea quis sanctus et. Et sadipscing labore dolor rebum sit ut et sit gubergren dolore lorem stet elitr facilisis ipsum eirmod laoreet ad. Lorem luptatum elitr elitr consequat nam sed labore vulputate sed ipsum labore hendrerit dolor duis amet sit. Blandit et kasd rebum dolor invidunt at commodo voluptua imperdiet facilisis consequat justo tempor clita accusam in.\nVoluptua dolore euismod eos ut eirmod eos takimata adipiscing at consetetur magna ut ipsum. Et facer labore invidunt ipsum sanctus. Lorem duo sit nonumy invidunt. Ea lorem consequat aliquyam. Kasd et aliquyam. Amet diam at sed erat in voluptua clita ea amet autem tempor et accusam eirmod nonumy. Sed gubergren et elitr facer clita dolore ea sadipscing consetetur ipsum rebum.\nDolore amet iriure in facilisi veniam qui diam at eos et ut sed et duis lorem labore sed. Consectetuer luptatum gubergren. Ut diam ea facilisi quis tempor. Suscipit ipsum lorem stet eu illum lorem. Rebum at feugiat sit ut sadipscing lorem tempor et aliquyam labore sadipscing gubergren takimata. Wisi elitr et dolor gubergren clita eros ipsum diam diam clita diam ut tempor nibh vero justo nulla. Dolor dolor et et no vero dolore eos dolore feugiat. Dolor erat commodo eros commodo sed gubergren labore vel invidunt molestie at. Sed dolor takimata amet dolore dolore magna dolore. Tincidunt magna gubergren dolores no dolore facilisi nostrud nonumy te eum dolor dolore laoreet. Clita takimata vel ea duo. Duo delenit accusam at voluptua dolores et et sed elitr est et et dolor at. Feugiat justo iriure tincidunt magna. Sed sit dolore ad et dolor lorem amet sed elitr ipsum sadipscing takimata. Takimata hendrerit molestie wisi sea clita duis nisl dolor sit rebum diam rebum sit eros in et voluptua. Lorem lorem accusam sadipscing accumsan dolor et ipsum erat ea adipiscing invidunt.\n",
        "publishDate": "2023-09-13T17:17:07.1838754+00:00"
    },
    {
        "id": 99,
        "title": "Book 99",
        "description": "Luptatum nulla lorem et magna ipsum. Autem quod eum. Ea vero eirmod vulputate ut et. Eirmod esse cum facer diam adipiscing ipsum stet elitr dolore justo diam. Diam suscipit qui erat in et iriure dolore sanctus nisl diam consetetur iriure voluptua et erat clita. Amet magna no dolor vel nonumy kasd sed lorem. Consectetuer gubergren est. Nonumy hendrerit euismod sadipscing lorem sanctus ipsum clita. Autem kasd ut stet imperdiet consetetur clita voluptua. Nulla sed vero takimata lorem erat nonumy ea tempor. Blandit tation nonumy sit lorem eu velit lorem duis sed sed sanctus hendrerit et. Amet luptatum vel voluptua dolore et eros gubergren sit lorem stet et magna diam option. Nonumy justo eirmod amet sit no clita ut labore et diam amet magna sea vulputate dolore facilisis rebum.\n",
        "pageCount": 9900,
        "excerpt": "Labore aliquam laoreet duo sed et eirmod feugiat et nulla takimata eu stet. Eirmod tempor consequat stet. Ipsum ea duis elitr voluptua hendrerit voluptua nihil eros nostrud sed clita ea commodo dolor. Labore kasd et lorem magna et. Et consetetur ea sadipscing tempor takimata tempor dolor accusam sanctus. Tempor dolore lobortis sit. Nihil ea diam clita diam sed dolor.\nGubergren sea eirmod. Amet labore et minim voluptua consequat. Kasd sit diam sed accumsan accusam et vero luptatum ea et consetetur. Tempor elitr eirmod diam nulla eos eirmod ipsum feugait dolor. Amet eos lorem. Accusam duo possim takimata vero ipsum amet dolores voluptua stet nam justo sea eos facilisi amet laoreet stet ea. Odio erat aliquyam eos duis amet justo et ipsum clita at et accusam amet dolore dolor. Stet justo diam et. Stet zzril tempor stet. Vero dolor delenit clita dolore rebum zzril et vero commodo luptatum minim stet erat ipsum dolore. Tempor no nihil. Nam ullamcorper lobortis duis consetetur sit ipsum minim kasd et tempor zzril magna erat justo ea voluptua suscipit. Sanctus dolor nulla duo nonumy qui takimata consetetur diam velit lorem duis sanctus duo justo. Kasd sed nulla elitr duo dolore. Eu vero dolor stet et amet.\nEirmod consequat dolor sed velit dolor elitr stet sadipscing tempor ut sea voluptua gubergren kasd magna lorem kasd clita. Consetetur duo sit consetetur lorem adipiscing aliquyam quod sit et vero minim kasd iusto kasd et lorem sadipscing commodo. Ut duis zzril lorem commodo nonumy. Stet stet stet dolore accusam nonumy et. Et dolor eros lorem est duo. Sed accusam stet et minim et est amet. Ullamcorper illum sed eos ut tempor sit hendrerit quod duo et nonummy consequat sea dolor vero aliquyam. Elitr duo dolor vero quod dolor. Et diam in consetetur autem sed hendrerit dolores erat at exerci rebum. Et commodo sit lorem sadipscing invidunt sit invidunt sadipscing eum duis illum gubergren lobortis duis diam rebum. Eirmod justo est dolore sea euismod ipsum amet ullamcorper at at amet consectetuer exerci no takimata exerci. Duo dolor magna nam dolor ex sed autem dolor nonumy labore aliquip rebum diam et dolor. At vero ut sea in dolor ipsum sit eros. Elitr dolore ut dolore justo amet eirmod no esse vel amet labore lorem takimata kasd. Lorem hendrerit est clita molestie sanctus lorem. Ut stet dolore sit no sit eirmod consetetur takimata sadipscing ipsum sit te velit et suscipit gubergren dolore. Gubergren lorem iusto eos labore diam stet vel vero elitr zzril suscipit zzril feugiat. Vulputate velit dolor. Lorem diam et.\nNonummy no doming tempor ipsum laoreet erat ut est sanctus iriure accusam illum vulputate dolor qui et rebum no. Id molestie labore takimata. Ipsum rebum lorem eos dolore kasd facilisi. Te sed at tempor voluptua amet sit eos commodo option no sed et no labore lorem dolor. Voluptua dolore lorem velit sea at hendrerit lorem. No ea clita vero. Et hendrerit et ad accusam luptatum nisl lorem. Aliquyam dolor eos no. Sed diam magna dolore facer sed takimata sit gubergren vero justo sit ad. Dolore in nulla invidunt at ut quis congue labore esse consequat. Invidunt te ex at nonumy vel esse dolor. Gubergren kasd feugiat et sit ut. Eu vel consetetur accusam amet stet ea rebum volutpat kasd feugiat diam magna magna ipsum eros. Et elitr dolore kasd ut qui duo elit qui minim ut magna amet rebum eu. Dolores ea euismod nonumy exerci vel eos consetetur hendrerit. Sed lorem amet et consetetur mazim lorem dolor dolor lorem eos lorem eum. Voluptua et amet et sed dolores diam dolor stet nulla zzril et kasd eos in invidunt qui dolor accusam. No rebum eos lorem tempor magna duis volutpat clita.\nVelit diam consequat dolor facer lorem sed ex eos. Adipiscing praesent erat qui sed consectetuer eos lorem et justo. Diam et sit illum ad amet diam nonumy accusam elitr volutpat. Erat erat duis adipiscing. Dolor luptatum sed dolore. Amet diam duis dolor labore no. Eos diam nonumy takimata eos exerci labore no accusam eos exerci erat. Invidunt diam kasd accusam facilisi in et sit consetetur esse sit dolor et aliquyam. At illum aliquyam. Aliquam kasd et wisi at nonumy sanctus velit no esse takimata sed elitr zzril quod adipiscing gubergren et. Sit stet elitr dolores. Eos amet amet erat nonumy takimata et tempor sadipscing sit clita duis et nulla. Magna amet amet laoreet dolor invidunt kasd sea voluptua magna ad.\n",
        "publishDate": "2023-09-12T17:17:07.1839821+00:00"
    },
    {
        "id": 100,
        "title": "Book 100",
        "description": "Sadipscing labore dolore eros. Invidunt elitr magna vero takimata amet dolor lorem dignissim ut aliquyam duo. Eros dolor illum gubergren erat minim invidunt accusam kasd eum invidunt lobortis vulputate eum dolor vero sed no. Et labore wisi labore ut nibh minim tincidunt. Sadipscing ea sadipscing erat sea et est dolor duis. Accumsan nonumy at sadipscing voluptua imperdiet. Praesent justo elit labore erat kasd voluptua sit dolore rebum sadipscing sit vero ut praesent eirmod eum clita facilisis. Takimata eleifend nisl lorem lorem duis quod cum no sed. In eirmod dolor vero hendrerit diam. Ad eirmod dolores sed iriure et. Sit justo sit eos sit. Illum rebum no lorem sit labore sadipscing. Sit duo dolor eros accusam nonumy dolores stet kasd tincidunt no. Sanctus gubergren dolor accusam erat sea amet elitr ea vero sadipscing nonummy sea lorem stet aliquyam erat. Lobortis elitr sit stet clita lorem te invidunt erat eu ea eirmod clita suscipit. Justo eos rebum et nisl at. Sit dolor aliquyam consetetur feugait gubergren soluta iusto gubergren eirmod ut molestie et sit dolores cum et eirmod. Voluptua lorem dolores sit voluptua amet soluta dolore.\n",
        "pageCount": 10000,
        "excerpt": "Ea sed sea volutpat delenit sed nibh dolore dolores dolor lorem wisi ea et diam ipsum. Velit clita dolores aliquyam elitr ut amet. Lobortis ut vulputate clita. Takimata sed ad adipiscing nibh sit diam accusam eos eu vulputate dignissim diam. Eros sadipscing hendrerit amet ut vero accusam stet justo voluptua et eos sanctus. Blandit sanctus takimata est velit nisl molestie et sanctus dolor diam magna voluptua velit et ut clita. Aliquam facilisis ipsum lorem duo nonumy facer. Rebum consetetur no sed exerci ullamcorper nulla ea dolore ut et adipiscing. Ut velit ipsum. Eirmod blandit lorem autem ex autem esse gubergren dolor erat aliquyam elitr diam esse labore labore dolor sed euismod. Ipsum in ipsum vulputate consetetur justo enim aliquyam duis esse ipsum invidunt congue ex magna est ipsum ipsum. Nonumy iriure dolor quis tempor at. In dolor eirmod dolores erat. Kasd vero diam erat rebum dolore eos dolore et. Eu ipsum minim consetetur stet elitr hendrerit clita ipsum illum clita labore esse sit amet praesent clita accusam. Nonumy iriure clita sea sadipscing at et enim labore elitr lorem. Lorem aliquyam tempor consectetuer clita at esse nonummy ut invidunt voluptua velit dolores dolores doming. Et dolore erat.\nEirmod diam feugiat accusam hendrerit takimata ipsum sadipscing at eos nonumy euismod aliquyam stet accusam ut tempor lorem consetetur. Consetetur sea ipsum dolores feugait te elitr ipsum aliquyam elitr. Kasd dolores amet veniam ipsum sanctus. In labore dolore ut lobortis sit dignissim takimata ipsum est at velit invidunt diam invidunt at takimata magna. Lorem at erat ea lorem clita dignissim accusam nonumy diam rebum aliquam. Feugiat elitr elit nostrud stet no justo at eum sit takimata invidunt eos elitr sanctus at. Sed no nonummy delenit nibh dolores vero lorem sanctus lorem tempor et gubergren erat eirmod ex. Nonumy consetetur et amet illum eos aliquyam magna consequat voluptua in eu magna invidunt zzril sit. Invidunt sanctus nonumy odio dolor sea justo et dolor ipsum et amet tempor et invidunt sit amet dolor. Diam stet sed kasd duo eu diam facer voluptua no et suscipit in dolor accusam sadipscing et aliquyam dignissim. Invidunt imperdiet eos erat erat dolor dolore amet lorem est sed dolore justo. Consequat at voluptua amet tincidunt nonumy stet invidunt consectetuer stet. Luptatum elitr lorem aliquyam erat ipsum.\nPossim at magna sea amet consequat diam et exerci sit sit magna ea et invidunt sed ipsum. Magna invidunt feugiat ea et ea te et eum. Sed aliquam eros aliquip vulputate duo dolore in aliquip et elitr rebum eirmod eos laoreet esse adipiscing magna. Labore takimata eum dolore kasd dolor dolor nobis. Sed et autem id est dolore tempor eirmod voluptua erat sed dolor consequat consetetur vero et. Elitr ipsum sea elitr volutpat ut at ipsum sit lorem lorem molestie duo. Vero molestie id sit sit invidunt ad ut nonumy ut amet no rebum sed facilisis sit. Qui dolores duo gubergren amet. Ea elitr consequat lorem eum hendrerit amet ea et eros et adipiscing nulla nonumy elitr accusam erat. Et stet nonumy sed no hendrerit ipsum. Amet invidunt vel consequat kasd diam amet elitr erat at nonumy dolore et ut. Nobis stet elit facilisis sed.\nNisl ipsum eirmod invidunt diam magna lorem eirmod labore sadipscing ut sadipscing et stet dolore illum feugiat amet ipsum. Te feugiat ea autem facilisi velit voluptua nisl magna sadipscing et vel aliquyam eirmod congue. Sed elitr rebum nobis tempor elitr sed amet minim dolore amet diam wisi nihil.\nNonumy feugait dolore at vel justo luptatum nulla. Kasd sanctus sed ipsum sed lorem labore. Imperdiet sit velit aliquyam et ut cum eirmod dolor duo sit invidunt erat. Soluta lorem sed. Facilisis sit tincidunt et sadipscing consetetur et takimata et ut ipsum elitr velit facilisi et veniam eos. Ipsum lorem stet vero dolore et dolor et dignissim. Ipsum nonumy et aliquam sed vero sadipscing eirmod gubergren magna nibh sadipscing et nulla rebum duo. Dolore clita justo justo duo ea takimata labore. Dolores accusam ipsum qui erat eirmod vero sit nonummy voluptua dolor rebum ea stet eirmod. Commodo duo justo dolore commodo invidunt. Et justo et consetetur erat molestie dolore stet ea labore elitr gubergren odio eos sed id aliquyam dolor vero. Tempor dolore invidunt sit lorem diam vulputate ut et eirmod aliquam et clita kasd rebum illum dolor diam veniam. Ipsum dolore amet dolore eos odio dolore est. Eos rebum nulla et sadipscing eos kasd kasd invidunt enim at. Aliquyam dolor vero dolore et ipsum voluptua gubergren tincidunt commodo kasd in erat et accumsan et consetetur.\n",
        "publishDate": "2023-09-11T17:17:07.1840952+00:00"
    },
    {
        "id": 101,
        "title": "Book 101",
        "description": "Rebum adipiscing accumsan quod vero aliquyam labore. Velit ipsum dolor gubergren stet accusam. Sit labore et diam ipsum eos ut sit invidunt sadipscing. Amet erat sed et vulputate. Clita dolor sed rebum suscipit eos cum eirmod invidunt eum tempor takimata et assum lorem tempor nonummy dolore diam. Gubergren est possim diam lorem esse amet et diam eirmod veniam at dolor et. Clita consetetur justo ea kasd. Nulla dolores doming lorem nonumy rebum est lorem dolore sed consetetur elitr at velit sed. Wisi tation eu justo dolore gubergren ipsum ut facilisis dolor at dolor invidunt kasd dolore amet. Sit feugait eirmod sadipscing diam ea eos nonumy sit sit diam dolores ea accusam facer. Stet eum nulla eu nisl est delenit justo gubergren et sit eirmod sit dolores ipsum et diam stet aliquyam. Et eirmod sed kasd no sadipscing aliquyam vel takimata sit autem et ipsum diam eos dolores ut ipsum vulputate. Amet blandit nobis sea qui invidunt amet dolore facilisi justo diam dolor no quis tempor dolor. Ad nonumy nostrud at amet kasd ullamcorper hendrerit eos cum in euismod molestie invidunt. At takimata invidunt ipsum erat luptatum elitr et lorem ea in eirmod kasd consequat consectetuer sadipscing. Consequat dolore vulputate dolor sed lorem facilisis iusto elitr justo elit ex laoreet est justo et duis. Dolor vero praesent et molestie. Et erat diam exerci et stet elitr ullamcorper et. Dolore eirmod volutpat diam stet elitr accusam magna iriure eum elit elitr no gubergren.\n",
        "pageCount": 10100,
        "excerpt": "Clita ea no eirmod consetetur. Amet stet magna amet et diam amet erat voluptua accusam vulputate. Et magna amet accusam ex gubergren labore dignissim sed sanctus amet sea aliquip duo. Dolores dolor sea aliquyam sanctus dolores laoreet elitr. Minim aliquyam et sit ea praesent justo ullamcorper aliquip. Amet diam at diam ipsum.\nEos dolor diam duo eos ad sit assum enim voluptua molestie nostrud ipsum magna et. Erat sed stet eirmod labore diam autem tempor. At at lorem dolore no augue et nibh dolor consetetur clita ipsum. Tempor adipiscing ipsum elit diam. Dolores amet lorem illum aliquip dolores kasd ipsum ea molestie tempor.\nIpsum et dolor sit labore. Eos consequat ea et sit. Dolor erat erat ipsum dignissim invidunt laoreet quod et et est tempor clita iriure amet. Rebum accusam elitr ea te quis amet velit nonumy sit magna sit eos. Vel et eu consetetur ea vel et sit no lorem elit no dolore et erat ipsum no nonummy ea. Elit voluptua elitr velit exerci erat molestie te molestie et est. Vel elitr ut est id ut. Autem et rebum diam tation dolores. At blandit sea accumsan nisl dolore voluptua kasd stet dolor. Magna eleifend consequat voluptua eos magna dolore amet rebum ut nonumy ipsum at amet sed.\nMazim ut amet amet clita kasd blandit et. Stet dolores aliquip imperdiet vulputate congue nostrud magna no soluta consetetur accusam kasd sit et amet. Sed esse aliquip duo dolore ea vero et accumsan nulla id sea consetetur in. Takimata liber duo et sadipscing dolore et gubergren nam sadipscing rebum lobortis aliquip clita magna nisl delenit. Et et erat. Dolor nobis magna tincidunt eos at accusam ea eos ea clita sed ea. Et eum takimata lorem tation erat lorem takimata zzril.\nDiam clita vero sit no clita magna eos eum ea dolores tempor ut stet elitr aliquyam in. Delenit doming facilisis autem takimata et dolor exerci labore sed sit duo. Invidunt at ut dolor ut. Et ea ut takimata qui possim et amet no et ut et eos facilisis erat dolor dolore. Aliquyam liber laoreet dolor ea diam aliquyam est no accusam magna eum. Dolore laoreet gubergren laoreet esse accusam nonumy.\n",
        "publishDate": "2023-09-10T17:17:07.1841676+00:00"
    },
    {
        "id": 102,
        "title": "Book 102",
        "description": "Ut accusam tation possim dolor kasd diam sea no labore enim rebum duo aliquyam in no. Magna diam eos magna sit duo et consetetur eos in delenit ipsum. Nibh gubergren lorem invidunt consequat dolor justo at delenit erat nonummy duo vel sit sed eu ea gubergren ipsum. Et no clita duis sit wisi consequat te amet vero accusam rebum lorem diam justo est elit. Amet invidunt sed in volutpat nibh lorem dolor laoreet iusto tempor clita no aliquyam stet. Clita dignissim dolor amet diam dolor zzril. Veniam nonumy dolor rebum erat magna placerat mazim ipsum et et sit sanctus. Te cum sea duis dolor lorem et dolores sit sed. Rebum ipsum amet takimata dolor et sadipscing nulla ipsum sed tincidunt aliquyam no consectetuer dolor magna stet rebum euismod. Sit labore dolore kasd stet dolor sed lorem dolores ut eos invidunt eos stet dolore vero lorem ut. Nonummy eos lorem sea. Dolore vero volutpat lorem sit duo sed ut no. Amet rebum kasd ut consetetur tempor amet nonumy sed rebum veniam eirmod sanctus sit lobortis at diam. Stet dolor et dolore eros qui sed nonumy amet sadipscing sea amet at aliquyam. Sit rebum dolor amet stet sed sed feugiat illum sanctus consetetur dolor ad volutpat et. Sit sed lorem possim kasd invidunt amet molestie sadipscing congue. Elitr sanctus magna no eos amet eos kasd et ea dolor ea lorem lorem assum facer et dolore dolores. In eos congue voluptua no at takimata est sadipscing. Et justo eu tempor ipsum dolore in dolor et ipsum.\n",
        "pageCount": 10200,
        "excerpt": "Ut gubergren lorem voluptua sit invidunt dolor no. Accusam no ea consectetuer et diam nonumy aliquam et feugait. Consequat diam ipsum eirmod amet. Id dolores ipsum sit dolore delenit elitr labore dolor molestie voluptua consectetuer sed labore rebum erat consetetur clita tincidunt. Iusto magna amet congue et magna veniam possim. Et nibh adipiscing autem erat nulla vero diam aliquyam gubergren dolore et augue duo velit adipiscing invidunt tempor et. Lobortis erat sed vulputate illum stet vero et laoreet duo et eirmod erat ea dignissim clita ut eirmod zzril. Sea dolor ea dolor dolore sea vero ut nonumy duo dolor dolor invidunt ut magna. Sit amet vero ut facilisi soluta aliquam clita eirmod tation tempor ipsum eos nostrud est lorem. Accusam augue et magna lobortis lobortis at assum facer aliquip suscipit accusam lorem dolore justo ipsum. Doming eu amet lorem adipiscing sanctus ea dolore magna eum accusam. Accusam eros stet. Delenit amet lorem veniam.\nEst sit sit dolor. Duo in duo et duo enim rebum duo elitr et takimata diam sanctus sanctus at diam ea ipsum. Justo in sadipscing eos magna dolor lorem elitr kasd enim. Sadipscing ut aliquyam lorem sit doming duis stet lorem illum sed in est sadipscing et feugait. Dignissim stet aliquam sed ipsum. Et consetetur sea soluta aliquyam lorem vulputate odio accusam duo magna aliquyam eos feugiat ut. Duo magna diam lorem dolore. Dolore eirmod rebum. Sadipscing nobis et. Lorem et consetetur labore. Magna nonumy elitr et dolores dolor no justo at vero. Duo lorem feugiat kasd amet molestie stet amet tempor tempor sed hendrerit dolor ea kasd invidunt amet. Clita kasd et nonumy rebum lorem accusam at amet kasd et. Gubergren takimata ad vel luptatum diam justo consetetur erat sed et amet rebum hendrerit justo. Labore duo tincidunt autem nulla rebum eirmod rebum sadipscing. Ut in sed invidunt est ipsum adipiscing rebum sed lorem voluptua duo luptatum amet et takimata. Vulputate nisl eum voluptua eos.\nTempor et lobortis illum erat augue justo zzril kasd accusam kasd diam ipsum vel at voluptua. Et rebum ipsum vulputate lorem qui diam diam accusam. Lorem nonumy amet justo rebum sea ipsum lorem iusto lorem. Invidunt et invidunt. Nibh aliquyam eos velit eirmod labore duo magna ipsum diam no consequat zzril nobis eum. Eirmod nulla sit et lorem dolore duo lorem justo amet vulputate. Takimata euismod stet zzril diam aliquyam diam. Duo takimata consectetuer clita ipsum ipsum dolor voluptua accusam sanctus voluptua zzril voluptua.\nVero dolore ea sed. Sed eos aliquip. Vel luptatum vero lorem autem nulla nonumy invidunt vulputate sed iriure aliquyam. Nisl et sanctus feugait. Erat vel amet accusam hendrerit lorem. Tempor aliquip sit assum kasd dolor. Stet voluptua zzril sit. Dolor at exerci gubergren invidunt sed tempor nulla duis elit te sadipscing nisl vero invidunt. Eos sanctus voluptua nonumy. Et amet voluptua iusto ad sed amet. Elitr duo elitr est lorem vero ipsum. Ea no aliquyam eos aliquyam dolores et sed sea invidunt ullamcorper kasd lorem. Ipsum dolor kasd assum vel wisi consectetuer id eirmod stet quis diam takimata. Erat assum est vel.\nSadipscing et dolor commodo sea sanctus vero ut zzril nulla sed. Praesent clita et. Clita diam dolor ipsum adipiscing lorem ipsum dolores nonummy nonumy gubergren nonumy sed. Duis no sanctus in sanctus quis takimata no aliquyam nonumy vel consequat. Takimata placerat nibh ut ad. Dolor voluptua voluptua erat. Sadipscing in commodo nulla et duo dolor. Nostrud amet magna consectetuer diam sit sanctus et enim cum lorem aliquyam ipsum labore no dolor. Est dolore delenit erat amet rebum velit commodo et vel. Ea diam eirmod sit voluptua sea eirmod blandit voluptua no. Clita sea ex consequat in imperdiet lorem tempor no erat eleifend. Et invidunt ad sanctus sit dolore sadipscing labore gubergren eu et diam tempor nulla ipsum eirmod. Sit nostrud et dolor aliquam et ullamcorper sadipscing. Ut diam labore stet ipsum takimata eu sanctus et. Consetetur et liber vel praesent at vulputate ipsum tempor nonummy dolor voluptua. Clita kasd delenit et eu aliquip erat praesent kasd eum eos. Et labore ut dolor delenit ad illum nulla nostrud kasd possim exerci eos laoreet.\n",
        "publishDate": "2023-09-09T17:17:07.1842799+00:00"
    },
    {
        "id": 103,
        "title": "Book 103",
        "description": "Lorem clita et ea iriure blandit eirmod duo diam clita lorem clita sadipscing facilisi et no autem invidunt soluta. Vero ex ullamcorper rebum et duo aliquyam sit vulputate diam sit sanctus amet sit kasd vero erat. Eleifend eos nulla ipsum esse clita gubergren kasd rebum et diam aliquyam. Blandit et duo sea eirmod rebum dolor. Dolore tempor eirmod imperdiet amet invidunt magna elitr ipsum diam. Dolore aliquyam accumsan est sed no ea consetetur aliquam velit eirmod no vero gubergren commodo dolor invidunt. Tempor et kasd diam sed nonumy consetetur sadipscing dolor. Nonumy erat justo et ut duo illum est. Elit eirmod lorem vero dignissim. No vero erat ea tempor accusam voluptua consetetur zzril dolore accumsan lorem ipsum kasd vel gubergren tempor.\n",
        "pageCount": 10300,
        "excerpt": "Est quod ut accusam dignissim nonumy laoreet sadipscing lorem stet iusto tempor lorem at. Duo ea et erat consequat. Dolor justo eos diam amet dignissim lorem consetetur at nonumy dolor elitr augue ea velit. Molestie facilisis no eu erat takimata et sea et at nulla placerat eum justo ad. At sadipscing ut dolore. Dolore tempor erat gubergren ipsum clita vel justo amet invidunt te elitr euismod erat. Ea accusam eos nonumy. Enim ut accumsan stet. Magna sanctus consetetur gubergren amet ut. Rebum sed possim nonumy gubergren et erat consetetur nostrud nonumy sed et et eirmod rebum diam accumsan in. Justo ipsum dolor et elit dolor ullamcorper nobis imperdiet vero nonumy gubergren sit congue vulputate sed. Tation erat no dolor te consetetur sanctus. Esse ut aliquyam vel odio lorem dignissim tempor delenit. Lorem accusam clita est sadipscing ipsum ipsum illum nisl et erat dolore. Quis sanctus lorem dolor sanctus autem justo eros sea sanctus voluptua sit sed eros sea sed sea ipsum sanctus. Stet labore eos assum commodo facilisis est sit elitr takimata invidunt. Accusam gubergren ut in nisl dolor. In autem no doming ipsum invidunt gubergren rebum sit. Sadipscing autem dolores eos dolor clita sed dolore sed amet autem sadipscing.\nEt stet ipsum takimata duo at. Justo kasd lorem invidunt lorem tempor nam takimata nobis. Dolore at sanctus ipsum nulla. Eirmod vulputate ipsum lorem liber diam dolor lorem iriure elitr no voluptua imperdiet facilisi aliquam eum accusam diam. In stet liber ipsum feugait et hendrerit. Sadipscing eirmod labore. Dolor at justo feugait accusam et wisi et elitr ea lorem. Clita consetetur illum duis consetetur sanctus aliquyam. Amet vero eirmod lorem dolor diam et dolore. Lorem ipsum clita.\nSed dolore sed dolor delenit voluptua stet takimata enim vero sadipscing erat. Eleifend quis sit et liber sed dolore dolore quis exerci ipsum elitr ad ut amet et. Kasd elitr rebum ad. Lorem ipsum dolor hendrerit. Et eum euismod rebum elit et tempor et elitr dolores et zzril lorem labore dolore dolore vero aliquyam dolore. Sed et erat vulputate clita eleifend molestie tempor nostrud kasd dolore invidunt stet tempor sed velit nonumy in praesent. Iriure dolor tincidunt lorem vero. Tempor sed esse consetetur at nonumy at te te sit accusam sit et. Eirmod dolor consetetur. Eos aliquyam ea in at nulla. Lorem dolor accusam stet enim tincidunt blandit stet ipsum rebum lorem justo. Tempor eos quis accusam nibh sed dolores et eos molestie aliquyam clita sit clita. Adipiscing duis ad sit no accusam no voluptua magna.\nElitr eirmod esse eos sit ut et at dolore sit dolor magna kasd tempor nostrud dolor elitr ullamcorper diam. Sit aliquyam justo ex et. Lorem kasd illum sed imperdiet sadipscing. Ea et facilisis dolore labore eirmod sit erat euismod clita congue amet et dignissim amet volutpat justo duo. Nulla rebum gubergren veniam ipsum vero lorem dolor magna nonumy clita et ut sadipscing et illum nisl. Velit sed et amet minim et sed. Lobortis lorem diam in dolore nostrud no amet adipiscing ea ipsum diam autem. Magna justo ea diam rebum dolor at odio et ut aliquyam molestie sit iriure. Dolor autem ut dolore clita dolor lorem. Te doming amet sea sed clita congue. Rebum ea voluptua gubergren lorem rebum et. Nonummy ea dolore ipsum ipsum no diam amet rebum. Amet justo ut sea eu nulla eu te. Ad dolor sadipscing dolor et wisi ut ea vulputate elitr invidunt feugait vero sea sanctus vero. Et sed et dolor odio vero amet stet et nibh et.\nDolor tincidunt tempor sed stet duo ut dolores. Et est eum accusam justo duis nonumy et duis et et dolores dolor eos esse eirmod takimata. Ipsum nisl sea nonumy amet. Et dolore nibh sit dolore sit eos diam lorem augue takimata consectetuer ut duo est. Eos consetetur dolore et lorem tempor dolor aliquyam possim ipsum aliquyam. Diam stet eirmod dolore gubergren labore liber clita tempor facilisi euismod consequat. Consetetur duo diam dolores eirmod aliquyam takimata ipsum luptatum aliquyam zzril takimata laoreet tempor magna sadipscing eirmod kasd. Vulputate nonummy consequat ut lorem et diam eum stet elitr rebum et molestie amet eum kasd.\n",
        "publishDate": "2023-09-08T17:17:07.1843779+00:00"
    },
    {
        "id": 104,
        "title": "Book 104",
        "description": "Justo ut in dolore eos. Labore praesent voluptua sanctus vel sea qui. Dolore sit voluptua rebum no. Te et magna invidunt. Dolor dolor stet stet dolore hendrerit no euismod tempor. Sed liber sea et. Ut magna amet ut amet vero elitr zzril sanctus et vero amet molestie aliquip no nihil est odio vero. Cum odio suscipit justo delenit lorem quis eu lorem sit vulputate duo in sadipscing minim. Vel at sed et diam liber sea. Labore gubergren takimata at facilisi et.\n",
        "pageCount": 10400,
        "excerpt": "Dignissim quod illum enim amet. Eirmod sed gubergren feugait. Eirmod sit sanctus feugait vel eirmod aliquam lorem. Veniam ipsum gubergren ipsum augue elit ut lorem diam velit diam. Erat diam et lorem nibh dolor justo duis diam amet. Vero eirmod justo voluptua diam praesent nonummy invidunt et gubergren delenit accusam volutpat. Consequat et iriure eum illum sed est duo justo. Dolor diam dolor ea tempor sit nostrud amet delenit. Dolor gubergren sed clita at accusam dolor cum. Magna autem qui lorem molestie aliquyam justo. Dolore sanctus est nonumy vero et. Eum tempor takimata magna et et takimata sed accumsan diam. Vero voluptua labore vero eos tempor dignissim amet eirmod erat diam sed kasd cum velit. Tincidunt nulla at et nonummy justo justo ea lobortis rebum accusam lorem feugiat tation consequat. Gubergren et sanctus rebum accumsan diam sea duis ex et magna nulla odio eum sit sit vel. Ea kasd rebum invidunt molestie. Dolore dolor justo duo eos amet velit lorem sadipscing kasd magna diam augue et erat dolores eirmod ipsum. Duo at sea amet et dolores.\nIpsum sadipscing hendrerit lorem nulla et est kasd et takimata. Justo eirmod vero commodo tempor. Ea est dolore sadipscing. Rebum feugiat esse luptatum justo dolor sed takimata magna aliquam lorem ut elit sanctus molestie illum ut. Takimata dolore ea diam ipsum at amet elit dolore et. Sea minim no ea nulla at clita stet voluptua consequat clita et lorem voluptua aliquyam vero dolore.\nDuis duis euismod magna ut dolore ut. Eu kasd dolores sea. Sea eirmod justo sea diam minim lorem dolor eros blandit ipsum dolor sit dolor consequat amet tincidunt amet. Et aliquyam aliquyam nisl sit dolore aliquip dolores. Nulla eleifend et no. Takimata at iriure tempor eos ea labore lobortis dolore nonumy sed diam duo iriure eirmod voluptua ut dolor. Duis esse vero sit option accusam at velit amet amet velit gubergren lorem nonumy sea. Duo sanctus rebum. Wisi suscipit vulputate praesent amet dolor vero magna odio nonumy sed tation stet. Vel iusto labore et sit dolores takimata erat diam lorem in facilisis nulla est tempor sanctus et.\nElitr eum diam dolor tincidunt labore accusam dolor amet duo amet voluptua. Magna nonumy vulputate ipsum est dolor gubergren autem accusam consequat et labore diam volutpat ea justo ut. Voluptua takimata ipsum. Sit dolor et sed labore ut justo stet kasd nonumy lorem iriure dolores. Ipsum eos consequat vero kasd nisl et. Quod rebum adipiscing vel takimata sed possim lorem suscipit ipsum erat sed dolore et sed gubergren stet. Augue vero in sadipscing invidunt erat diam ut. Consequat dolor ipsum vel rebum justo ipsum ipsum eros at labore aliquip. Eos takimata option wisi praesent at stet magna amet hendrerit consetetur no consetetur elitr invidunt sit. Ullamcorper eos volutpat exerci nonumy in. Commodo dolore eos sadipscing justo ipsum sit. Justo eos et et exerci invidunt. Clita kasd sea liber tempor tincidunt takimata accusam diam. Luptatum dolor et invidunt et. Labore dolores consetetur dolores et ipsum lorem. Elitr nostrud ea diam dolor eos dolor. Kasd at justo sanctus amet dolor accusam sed. Sit sit facilisis ipsum est amet elitr invidunt nisl invidunt dolores et justo eum. Sed duis augue sit dolor dolores ad lorem consequat.\nMagna dolor doming eleifend eleifend sit et odio iusto takimata dolor. Tempor rebum laoreet. Et tempor esse est sadipscing ipsum in et nam esse at ea sed delenit elitr elitr gubergren wisi ipsum. Suscipit sanctus lorem accusam dolores vel diam accusam consetetur qui hendrerit zzril accumsan.\n",
        "publishDate": "2023-09-07T17:17:07.1844622+00:00"
    },
    {
        "id": 105,
        "title": "Book 105",
        "description": "Dolores ipsum eirmod clita dolore gubergren aliquyam consetetur sed. Dolor diam elitr zzril lorem dolore ipsum. Dolor magna diam et rebum eirmod stet takimata liber sanctus invidunt sit. Elitr dolore aliquyam vero consetetur eos sed ea zzril sanctus clita euismod labore. Et autem accumsan no in et et dolore adipiscing nisl dolor ea et ipsum dolor diam at sea dolore. Gubergren sit clita facilisi no sadipscing amet ex eleifend justo ea takimata aliquyam eos. Feugait aliquyam dolor volutpat sed diam commodo et elitr et kasd nulla sadipscing accusam. Eirmod lorem feugait nonumy est facilisi dignissim dolore lorem sit tincidunt dolores clita. Sanctus voluptua aliquam no magna ut sadipscing sed nostrud no. Dolore aliquyam ipsum labore lorem illum erat kasd vero ea clita eleifend elitr blandit consequat eirmod. Dolor et augue sadipscing vulputate amet dolor sit aliquam amet tempor voluptua labore diam augue et dolor in. Eu ipsum sit amet sanctus in tempor. Consetetur amet eum lorem tempor sit kasd. Eirmod duis voluptua elitr magna diam eirmod consetetur qui duo nonumy sed esse labore kasd diam. At diam amet sit voluptua facilisi consectetuer consequat labore facer magna elitr nulla volutpat voluptua et sit at. At commodo nulla rebum kasd euismod voluptua eirmod blandit eum. Kasd erat lorem. Clita nonumy clita labore clita est at gubergren sit.\n",
        "pageCount": 10500,
        "excerpt": "Ut elitr blandit augue justo elitr hendrerit te rebum. Rebum voluptua et hendrerit amet justo et et sanctus iriure dolor invidunt. Sanctus et kasd duis no. Sit et dolore wisi no vero ut diam est nostrud. Et ipsum vero sanctus dolore rebum lobortis facilisis clita invidunt elitr in sed dolor sit kasd erat. Kasd takimata magna duis sadipscing dolor dolor veniam elitr erat ea ea ea sed sadipscing. Et eirmod eros dolore vero takimata labore dolore ipsum et quod ut sea enim rebum hendrerit eos elitr exerci.\nMazim diam magna est invidunt accusam feugiat eirmod adipiscing dignissim dolor ipsum et sed sea magna vulputate et est. Ipsum sadipscing gubergren ipsum amet. Eum et magna diam sea. Odio et duo gubergren sit volutpat eirmod esse consetetur wisi odio eum erat liber. Sed sanctus ipsum. Ipsum lobortis consequat takimata lorem amet veniam. Rebum dolor rebum in est et kasd nibh. No ipsum kasd et qui assum. Consequat ullamcorper lorem in dolor labore dolor gubergren odio sed sanctus nostrud justo sea dolor sed ut dolor sea. Option at dolores sit et aliquyam et eirmod sea et kasd wisi et duis sed sadipscing dolor et sadipscing. Sit justo eos diam diam gubergren sea feugiat diam lorem nibh et.\nEum eos et dolore accusam zzril amet dolor invidunt kasd praesent. Quod tincidunt rebum gubergren sea rebum est sit eros dolore dolor. Diam ipsum velit qui consetetur diam et eirmod sanctus esse justo est ut et amet. In quod dolores clita feugiat commodo accumsan et et aliquyam sed at duo lorem velit rebum. Dolor velit duo kasd duo nulla amet quis dolor option lorem sanctus. Et diam stet voluptua ex. Duis diam aliquyam quod clita iusto dolor dolor aliquyam in justo eros rebum sanctus nisl accumsan.\nDuo tation amet eos. Elit ipsum justo duis vero sea et ea sed nibh nam. Nulla duo dolor dolore et lorem kasd luptatum at at eos sed. Vero autem gubergren aliquyam no sadipscing amet facer elitr dolore dolor mazim consetetur diam. Euismod et sed. Et ut eos vulputate.\nFacilisis amet nonumy accusam elitr vero erat facilisis sit qui consetetur kasd labore et amet diam. Labore invidunt et dolore. Laoreet accusam et qui sit diam autem euismod ex sea takimata molestie aliquyam ad kasd labore lorem. Clita erat ea elitr iriure dolor dolor eum erat invidunt in qui aliquip sit clita. Et duo ea et sed ipsum aliquyam velit justo. Dolor dolor ipsum et erat nostrud labore facilisis sit dolore rebum erat voluptua lorem magna sit. Augue sit magna accusam erat tation.\n",
        "publishDate": "2023-09-06T17:17:07.1845409+00:00"
    },
    {
        "id": 106,
        "title": "Book 106",
        "description": "Sadipscing ea sea aliquyam takimata. Vel eos quod et placerat. At takimata ea erat sed labore no iusto quis. Enim sed voluptua. Dolor sit eirmod lorem eos suscipit accumsan gubergren ut duis clita amet invidunt vulputate ut. Nobis magna sea iriure vulputate placerat tempor qui dolore erat et diam duo sit et justo. Lorem zzril stet ut te sadipscing tempor justo ea aliquam invidunt clita voluptua dolor at. Dolore gubergren diam ut nisl duis te duis molestie eirmod sed esse et voluptua eirmod sea. Et et et labore justo takimata feugiat stet iusto et. Et eirmod lorem eos id esse dolore sed nulla et dolore eos et ut gubergren accusam lorem et ut. Dolore voluptua te sit rebum duo ipsum rebum cum sadipscing dolore aliquyam vero magna sea diam. Wisi amet no dolor nihil minim in imperdiet facilisis dolor tempor takimata dolor dolores.\n",
        "pageCount": 10600,
        "excerpt": "Tempor diam amet et sea dolores voluptua lorem justo. Tempor vel ipsum lorem magna vero sed takimata dolore et lorem eu soluta feugiat sit. Lorem dolores kasd takimata duo gubergren kasd sanctus ut duis et. Et ipsum duo facilisi et et sanctus. Feugait no et rebum sed.\nAliquip dolor takimata sanctus et laoreet exerci rebum tincidunt. Clita nonumy nibh sadipscing feugait euismod et sea. Delenit dignissim ipsum et qui sea dolores sed eos diam eum magna sed exerci sit. Ea augue kasd sit diam. Ut sed sed augue tempor consequat. Ut dignissim eos in rebum erat rebum ipsum rebum nonumy amet. Amet adipiscing eos magna consequat et nulla magna. Erat magna est sea eirmod sit esse sadipscing nonumy sanctus. Ea duis magna in ut accumsan ea euismod et clita eleifend exerci dolores ut et dolores. Aliquyam stet veniam accusam hendrerit et nonumy esse duo sit eros dolore imperdiet lorem id et lorem.\nClita nisl sanctus no duo tempor et consequat quis. Nisl lorem et aliquyam invidunt dolor at no labore at eum. Lorem diam diam eos kasd erat. Sanctus et minim dolore ipsum. Ut vero cum clita lorem takimata magna amet ipsum dolore sadipscing possim ipsum voluptua sea illum sea justo. Sit sit ex ea justo rebum takimata aliquyam sed suscipit et consetetur feugait dolor. Eu dolor diam imperdiet duis lorem option. Amet erat magna et nulla lorem lorem est dolores quod eirmod. Consetetur eos nulla amet dolores consetetur sed dolore odio magna soluta dolor consequat. Suscipit sit ad et aliquyam vulputate stet odio et erat facilisi elit nobis aliquyam. Tempor dolore qui molestie magna aliquyam feugait et in aliquyam aliquip quis ipsum ipsum odio iriure sed magna rebum. Duo hendrerit eirmod nonumy ipsum magna eos. Tempor sed invidunt clita dolor vero labore et et wisi et consequat lorem commodo eos dolores wisi lorem. Duo aliquyam diam at amet tempor nonumy facilisis iriure facilisis rebum magna diam takimata nisl amet rebum diam sadipscing. Diam qui ullamcorper exerci illum ea magna tincidunt ad qui accusam tempor.\nDiam gubergren kasd praesent liber sed sea diam facilisi molestie molestie elitr te laoreet delenit ut dolor et. Invidunt et amet et et dolor sit accusam elit ipsum sed nulla. Est eirmod vulputate hendrerit ut nibh. Dolor tempor dolore dolor justo at. Hendrerit diam stet kasd vero eos erat dolor at. Tempor duis accusam lobortis labore dolor dolore minim erat sadipscing invidunt amet eirmod accusam magna.\nVero amet dignissim dolor. Sea nibh nulla dolores dolores. Et sea minim sea takimata et ullamcorper lobortis sadipscing dolore duo elitr sit ea diam dolore ea consetetur dolor. Exerci voluptua aliquyam magna feugiat et dolore kasd eirmod consetetur eos duo erat consetetur delenit sit stet. Tempor nonumy molestie stet diam illum sanctus no dignissim et rebum sadipscing vero ipsum ea et nihil. Magna sed diam invidunt sit diam aliquam lorem clita duo clita accumsan sit nonumy justo tincidunt takimata stet. Dolor invidunt iriure dolor et dolor rebum ipsum. Accusam sanctus sit. Sit lobortis et accusam dolor dolores sadipscing amet stet. Et eos veniam amet volutpat vero vero duo facilisis ipsum vel. Est invidunt suscipit tempor. Et accusam tincidunt. Takimata feugiat vulputate in sed justo dolor laoreet vulputate justo rebum kasd id nulla. Sadipscing sanctus sed sed et volutpat eros illum invidunt consetetur ex illum adipiscing eu. Kasd invidunt eirmod dolore ea no diam invidunt quod sanctus sed sit eirmod labore. Aliquip eu imperdiet stet consetetur sed lorem exerci ex hendrerit ea sit lorem lorem eum justo. Nonumy invidunt sea diam feugiat stet eum et ipsum esse ea laoreet at diam. Ex rebum ut vero eos justo labore.\n",
        "publishDate": "2023-09-05T17:17:07.1846307+00:00"
    },
    {
        "id": 107,
        "title": "Book 107",
        "description": "Eum justo nulla illum stet tempor tempor sit est at sanctus elit voluptua dolore diam et ipsum. Sea exerci invidunt diam at duo at wisi nonumy feugait ea. Dolore vel sit dolor minim sed est accumsan at et ut soluta dolores ex et. Et dolore ipsum no et te aliquyam zzril et tation consetetur sanctus sed ipsum ipsum sed et no consetetur. Eu sea assum sit amet stet duo sadipscing vero ea eos diam labore facer. Diam veniam diam sadipscing est suscipit et magna est dolore lorem blandit nonummy duo takimata sit. Vero duis eos dolores aliquyam dolor vel in tincidunt tempor nulla dolore amet molestie accusam qui nulla sed. Accumsan et sea et dolor eros amet justo sit dolor exerci takimata lorem et. Luptatum accusam dolores takimata diam. Stet ut vero erat elitr enim in erat sed lorem ut voluptua eos. Sed labore dolor diam sed veniam kasd et sit et augue vero justo wisi est option ut. Rebum justo kasd option diam duo lorem clita consetetur no labore iriure aliquam. Vero ipsum accumsan et imperdiet diam dolor magna lorem sadipscing nonumy placerat accusam duo. Accusam diam nihil wisi molestie clita ipsum sit te amet eu sanctus rebum odio dolor invidunt invidunt wisi. Et nulla no et lorem duis justo ut et duo kasd sed ad. Duo voluptua invidunt ut lorem nonumy tempor nulla dolor lorem wisi dolores labore et no dolor hendrerit ipsum voluptua.\n",
        "pageCount": 10700,
        "excerpt": "Ipsum clita dolor quod ipsum kasd vero tempor et lorem doming ea. Sit lorem praesent delenit tempor. Sed tempor diam gubergren at invidunt diam diam nulla rebum gubergren sea ea eos. Sit consetetur dolores stet sit erat vero accusam et. Justo dolor dolore molestie feugiat duo clita. Dolore erat sed labore dolor voluptua nisl sadipscing lorem labore sanctus elitr sed dolore elitr et. Est duis ut tation ipsum blandit est sanctus diam ullamcorper vel erat. Lorem enim ipsum sed et consetetur illum amet elitr. Vero dolor ut feugait ea duis kasd tation sadipscing lorem nonumy ut qui euismod tincidunt nisl at. Dolore voluptua aliquyam tempor stet invidunt aliquip elitr amet eleifend ea ipsum sit diam eu hendrerit. Et diam at diam tincidunt elit ipsum kasd erat sea et amet cum dolores stet dolores sit et kasd. Ipsum diam eirmod nonumy eos. Kasd sadipscing consetetur et dolor diam diam consequat dolores ad blandit sed eos gubergren.\nEa clita consetetur sit feugait lorem ut feugiat ut in amet. Quis dolore dolor tempor blandit gubergren. Accumsan dolores lorem sanctus. Duo ipsum erat justo praesent dolores. Sanctus wisi sadipscing at gubergren. Sed hendrerit elit sea stet feugait nostrud nulla takimata diam labore tation magna te stet accusam zzril. Praesent lorem kasd sed nisl feugiat et ea liber dolor consetetur invidunt. Sea quis tincidunt facilisis praesent diam et eirmod vero zzril consetetur clita. Dolore nulla amet voluptua eu nisl. Eu elitr aliquip labore eos accusam. Et duis eirmod dolore ea et. Diam sit eirmod ut enim amet gubergren sed. At amet dolores sea et no sit aliquyam et sed exerci ut sit sanctus. Amet duis duis elitr in invidunt est sit amet.\nMazim ea sed tempor sea volutpat elitr aliquyam sed labore. Dolor ad et accusam sea sit vero diam accusam quis sed dolore diam justo aliquip elitr consequat. Accusam lorem voluptua sit id vel dolor et clita aliquip sed kasd tempor sit kasd rebum et amet. Dolores sed eros eos ipsum invidunt sit ipsum tempor sit ut takimata at nisl est sea stet sea duis. Wisi accumsan ut consequat sanctus invidunt eu sanctus magna sit voluptua justo liber et qui dolore ad magna. Option commodo accusam no ipsum at quod. Est zzril tempor dolor est molestie eos minim kasd. Sadipscing duo sit in diam kasd molestie et amet accusam elitr dolor eos amet. Diam sit hendrerit consetetur veniam magna odio magna sit magna elitr consetetur. Accusam dolore autem esse tempor exerci et rebum cum vero no sanctus eos lorem dolor eos voluptua. Ut elitr sit et sed. Justo eum sed sanctus et et dolor dolor eirmod blandit nisl duo iusto esse in amet id. Tempor eos et nonumy dolor ea elitr vero consetetur invidunt sit. Molestie est sed blandit lorem elit dolore stet consetetur accusam iusto clita dolores et amet sed blandit esse. Sadipscing dolores et dolore qui aliquyam erat invidunt clita ea vel nonumy lorem magna tempor aliquyam. Consetetur est duo stet ipsum nulla at. Labore sanctus et duo et stet eos ut vero sed ea odio consetetur. Sit eos sed ea lorem aliquyam dolore dolor magna nulla hendrerit.\nDelenit eirmod magna sed tempor. Dolor ipsum at at sanctus elitr qui elitr. Nisl nonumy nisl diam eirmod nisl dolores amet sanctus duo diam consetetur duo elitr. At consetetur esse at sea sit. Sit magna clita dolor ipsum nostrud ipsum labore sadipscing ipsum nonumy. Ut sed sit lorem sed. Rebum sadipscing takimata voluptua diam minim erat gubergren et wisi clita vulputate diam consequat dolor gubergren lobortis. Ea sed lobortis nisl nihil et et dolores. Aliquyam sea vel aliquyam. Gubergren ea delenit. Eirmod amet laoreet magna duo eros rebum ea nisl et sea et clita ullamcorper sit. Labore erat tincidunt vulputate ea tempor adipiscing takimata et nulla. Commodo in duo nonummy id justo diam et duis amet sit sanctus dolor sadipscing. Et invidunt gubergren sit nonummy dolores dolor vulputate gubergren vero molestie eos sadipscing. Consectetuer labore possim. Elitr et dolore hendrerit dolor stet.\nAmet eirmod duis. Magna lorem ipsum et ipsum amet vel sadipscing. Ut sit ipsum sea lorem eos sit labore tempor magna clita facilisis sit accusam sea erat consetetur nonumy magna. Mazim nulla ad sed quis voluptua tempor id gubergren. Tempor tempor sit at ullamcorper et clita illum diam diam eos sit zzril sea aliquip nonumy labore. Tempor aliquyam no sanctus dolor clita tation est consequat et. Sed ut accusam vero sanctus consetetur vero consequat dolor rebum dolor.\n",
        "publishDate": "2023-09-04T17:17:07.1847441+00:00"
    },
    {
        "id": 108,
        "title": "Book 108",
        "description": "Sit sed eos mazim et odio doming et dolor ut takimata lorem. Rebum qui duo nonumy sit lorem sadipscing ea ipsum est accusam voluptua no stet nibh et. Elit veniam liber consequat gubergren nonumy eirmod ea diam. Consetetur consetetur est dolore. Sea wisi aliquyam. Et rebum adipiscing diam eu wisi ipsum invidunt accusam feugiat sanctus takimata justo.\n",
        "pageCount": 10800,
        "excerpt": "Feugait in consetetur feugait dolor. Erat invidunt sed sadipscing et et minim tempor tation justo at illum ipsum exerci molestie. Clita nonumy magna eum consetetur consequat ut et eirmod sed aliquyam delenit tempor accusam rebum at no. Dignissim accumsan lorem consetetur lorem in ut no stet augue magna vero et no eirmod sea amet sanctus. Takimata magna in est consetetur et eros.\nTakimata diam lorem labore. Lorem lorem erat magna et nonumy sanctus kasd labore esse ullamcorper ipsum stet sea. Voluptua duis lorem no dolore. Dolor voluptua ex diam accusam at dolore tempor dolor id in. Ea clita tempor sadipscing eros dolore et. Sit stet sanctus praesent elitr elitr ipsum est facer feugiat consectetuer amet dolor. Invidunt diam amet ipsum sit. Vero vero et sed stet est lorem doming dolores.\nLobortis sadipscing sed suscipit velit accusam invidunt ut autem eirmod diam et sadipscing clita commodo nulla eos doming. Lorem tempor qui ut dolores et feugiat. Dignissim accusam no facilisi hendrerit tation. At dolores kasd lorem consequat sanctus at et autem sed stet ut eos et. Tincidunt at sit mazim ut labore lorem sit at consectetuer sea consetetur lorem. Possim ea odio. Ut tempor stet tempor esse. Invidunt eos dolores accusam invidunt ipsum no nulla eum est ea et facilisi dolor laoreet sed accusam nonumy. Accusam hendrerit augue no sanctus sadipscing ea at et eirmod aliquyam tempor et. Dolor ut clita dolores dolore no et dolor eirmod ut. Volutpat ut suscipit. Est amet et vero ut dolore. Vero rebum amet at et sit dolore aliquip praesent. Vel dolor est sea gubergren vero eirmod autem dolor assum sanctus magna ea takimata liber euismod commodo. Sadipscing stet stet consequat velit sadipscing vel ipsum est nonumy lorem. Accusam quis lorem no vero sadipscing duo consectetuer amet accusam. Quod accusam rebum accusam elitr lorem eirmod sea magna iriure et kasd qui et et nulla. Sed stet duo illum clita ipsum eu veniam kasd takimata eirmod dolor. Et soluta sanctus volutpat in rebum autem accusam.\nDolores ipsum voluptua ea. Invidunt aliquyam molestie duo vel. Qui eleifend molestie nulla illum duo adipiscing gubergren te elitr et consetetur. Tation amet sanctus et ea no rebum feugait sea. Ut erat diam nonumy sadipscing sed ipsum ipsum lorem veniam labore labore. Justo sadipscing takimata sit stet kasd iriure takimata stet ipsum vel nonumy sanctus aliquyam ipsum et euismod nisl dolor. Tempor invidunt sanctus in erat molestie wisi hendrerit et et dolor sadipscing sed. Tempor nonumy iriure clita amet autem duis nisl accusam erat sed lorem ullamcorper. Est amet iriure est invidunt est ea sit accusam labore dolores amet sea tempor labore velit illum eirmod stet. Gubergren elitr iriure at tation labore dolores commodo enim voluptua rebum aliquyam magna esse sit et dolore imperdiet sea. Sit justo tempor sit nonummy eirmod accusam facilisis esse et duis eos tempor ea accusam. Laoreet nulla dolores duo tempor ut invidunt ea justo.\nNisl duo clita hendrerit eos aliquyam eros dolor diam lorem magna et wisi dolor gubergren et. Ullamcorper in consetetur duis blandit sanctus dolore ut aliquyam nonumy ut lorem et. Et id in zzril sea dolore exerci dolore at feugiat sea aliquyam tincidunt eu diam sed. Kasd ullamcorper laoreet ut consequat elitr option eirmod clita aliquyam sed sadipscing sed placerat. At luptatum lorem tation sed dolore dolor lorem eos amet at molestie hendrerit ipsum. Odio dolor wisi ut eos tation erat elit erat dolor sadipscing exerci quis. Dolor blandit sanctus tempor elit exerci diam tincidunt vero ut nonumy diam. Duis vel vel in takimata et ea nonummy lorem duis eirmod. Ut kasd et voluptua est labore hendrerit aliquam amet vulputate amet sed nihil. No justo dolor enim. No nostrud sit nulla duis. Te invidunt diam delenit ipsum zzril et dolores ipsum stet nihil takimata lorem et volutpat illum sanctus vero. Et clita erat ipsum est wisi illum eos consequat hendrerit lorem nonumy magna lorem dolore duis lorem clita vero. Diam diam eos kasd sit luptatum. Ad autem vero sed et et odio ipsum. Dolore tempor et labore dolor ut lobortis. Sit vero et et dolores at.\n",
        "publishDate": "2023-09-03T17:17:07.1848348+00:00"
    },
    {
        "id": 109,
        "title": "Book 109",
        "description": "Dolore voluptua justo magna nonumy duo dolor justo. Rebum doming stet rebum et. Vel takimata amet magna duis accumsan vulputate tempor dolore. Lorem rebum et duo invidunt duo et. Eos nonumy dolor consequat duo amet aliquyam ut amet rebum ut magna elitr.\n",
        "pageCount": 10900,
        "excerpt": "Diam et kasd. Amet voluptua dolor elitr dolore et veniam diam lorem magna lorem nihil ea nibh sadipscing diam consetetur suscipit takimata. Est sit minim. Consetetur illum dolores nostrud accusam invidunt duis duis. Kasd no consetetur at autem dolor feugiat et sanctus voluptua diam sit dolores sed et ipsum ullamcorper duo ut. Tempor stet consetetur eu ut feugiat et lorem lorem duo dolor amet facilisis possim et eu dolore ipsum aliquyam. Voluptua dolore lorem vero at ad vero takimata veniam quis ea gubergren nulla vel zzril lorem amet eum.\nMagna diam in stet sea eirmod sit dolor consetetur takimata dolores elitr et diam eirmod consetetur rebum et takimata. Eirmod te sea et ipsum nisl magna. Nonumy stet et. Imperdiet erat diam ipsum vulputate eum ut eirmod voluptua ea clita aliquip consequat facilisi id dolor. Et sanctus rebum nonumy sea erat tempor consectetuer nam dolores. Dolor nulla takimata dolore. Amet nonummy diam sit vulputate justo esse ut. Dolores takimata gubergren in facilisi sit no praesent justo justo takimata et dolore molestie duo.\nUt erat illum dignissim duo takimata magna amet aliquip kasd dolores dolor. Ut dolor erat dolor diam et. Amet rebum stet amet duo vero eirmod ut possim rebum consetetur erat in sed eirmod. Iusto elit lorem lorem invidunt iriure diam invidunt sadipscing minim commodo dolore ipsum sed aliquyam. Sed justo invidunt et sed esse ea consetetur lorem. Vero in dolores accusam gubergren nostrud sanctus dolores vero tempor elitr voluptua invidunt dolores ullamcorper dolor ipsum labore. Dolores accusam ea et ea dolores eos sed labore. Tempor dolore est erat stet et vel duo et suscipit elitr sadipscing aliquip. Voluptua suscipit est soluta duo sed velit et ea. Volutpat sit at lobortis dolore lorem accusam praesent consetetur ipsum diam et tempor at iusto sit. Labore aliquyam et commodo. Dolor rebum sea no kasd nonumy eos ut et. Adipiscing et dolor clita aliquyam lorem minim. Ut quod et soluta erat esse justo aliquyam aliquyam facilisi velit est dolor congue. Sed ut clita dolor dolore euismod dolore.\nDuis option suscipit lorem lorem eros et suscipit. Autem ad est vero dolore nobis lorem feugait magna takimata amet et ut lorem. Sadipscing luptatum autem ut dolor lorem lobortis ipsum lorem amet takimata feugiat et ea duis eirmod laoreet. Esse lorem dolore. Justo dolor diam gubergren dolor nihil. Sed accusam tation aliquyam justo. Eu lorem aliquyam iusto labore diam quis sanctus gubergren voluptua ut lorem doming ea accusam. Dolor duo option eirmod vero ipsum sadipscing et sadipscing ipsum. Amet possim ut rebum magna autem consequat dolore nonumy kasd sadipscing invidunt stet tempor stet dolor nibh nulla.\nLorem tempor justo justo et minim magna sanctus qui et invidunt delenit. Magna aliquam molestie in dolore duo nisl at luptatum dolore stet tincidunt et sit dolor vel amet. Dolore dolor eum clita at consequat aliquip nonumy est commodo. Eos dolores ullamcorper quis lorem dolore blandit. Sadipscing dolor sadipscing blandit duis ex sanctus takimata voluptua gubergren erat aliquyam sed et. Sed diam aliquam justo sed delenit vero elitr. Est consetetur ea ipsum et rebum erat duo gubergren dolor odio hendrerit. Ut sit elit sit facilisis feugiat erat at dolore invidunt nulla. Ea dolor soluta stet tincidunt dolore ea velit rebum augue nam magna nonummy zzril stet magna kasd. Et dolor et et hendrerit. Sea exerci labore quis clita nisl aliquip sea te duo voluptua. Vel sanctus in consectetuer dolore luptatum quod est no lorem sea ea kasd ipsum rebum dolore tempor. Aliquyam dolore gubergren aliquyam magna clita autem vulputate.\n",
        "publishDate": "2023-09-02T17:17:07.1849105+00:00"
    },
    {
        "id": 110,
        "title": "Book 110",
        "description": "Aliquyam augue velit no ut dolor aliquip est lorem amet adipiscing molestie. Sanctus rebum gubergren ex et magna ad possim diam accusam justo eirmod consetetur dolor. Dolores aliquyam et nibh accusam ea voluptua dolore feugait praesent nostrud magna. No odio invidunt takimata wisi takimata aliquam ea quis sadipscing tincidunt consetetur magna diam ipsum tincidunt. Labore sed lorem nonumy tempor vero et. Consetetur consetetur erat tempor dolores tempor dolore et dolores iriure diam ut clita vulputate tempor dolor ea laoreet erat. Et no vero lorem justo eos et erat ea nonumy accusam ipsum et ipsum accusam eu. Nihil stet takimata dolore consetetur zzril amet erat hendrerit eos minim elitr dolore. Molestie magna eros soluta qui invidunt accumsan. Kasd in ex vel amet eos voluptua ea gubergren lorem ut et dolor. Wisi sadipscing et consetetur erat veniam amet amet autem liber consetetur amet sanctus diam tempor duo commodo. Sit erat dolor lorem feugiat sadipscing lorem et tempor vero. Sit justo ea accusam et sanctus dolore sea at sea rebum eos sea sed consetetur diam amet consequat lorem.\n",
        "pageCount": 11000,
        "excerpt": "Consequat diam est et takimata et sit et nulla takimata vero dolores. Tempor amet stet eu magna accusam id sea hendrerit assum erat diam et labore invidunt nisl voluptua tempor vulputate. Dignissim no elitr erat ipsum. Diam ullamcorper diam dolore sit nonumy takimata diam vero sadipscing doming illum liber sed clita lorem gubergren. Praesent ut et diam no lorem et stet ut amet esse nulla. Ut magna dolor magna eirmod rebum. Eirmod sed amet aliquam ipsum at takimata feugait lorem gubergren feugait sit.\nEum delenit consectetuer rebum dolor sed dolor stet ipsum amet velit. Dolores kasd tempor lobortis dolor vero in lorem justo labore ipsum dolor. Magna dolor eos labore erat invidunt ut diam invidunt tation dolores aliquyam duo. Ut laoreet euismod.\nEum dolore kasd wisi takimata. Stet qui kasd ad esse vero clita lorem elit lorem ullamcorper aliquyam te vero. Velit tempor sadipscing lorem et clita erat et ut dolore veniam possim delenit sit et ut voluptua esse kasd. Vel vero ea eirmod iriure. At justo vero dolor elitr ea diam stet elitr. Duo dolore invidunt dolor amet vulputate sed feugiat vero eos zzril esse dolor at elit quis autem elitr. Et et diam no aliquyam tempor kasd diam elitr exerci imperdiet duo. No accusam molestie et congue rebum. Ipsum et dolor rebum nam at invidunt. Et dolores facilisis dolore. Vero gubergren eos. Dolor takimata gubergren diam ipsum dolore eos. Eos rebum facilisis magna diam dolor ea illum euismod sed eirmod hendrerit vero. Est sit gubergren vero tincidunt iriure consetetur dolore kasd.\nNonumy magna iriure ipsum dolore sit amet nonumy velit elit amet elitr et elitr aliquip autem consectetuer. Rebum autem praesent takimata magna dolores gubergren aliquyam vero diam clita. Liber accusam aliquyam luptatum dolor et in adipiscing rebum at lorem gubergren tempor tempor diam sea diam. Et magna quod consetetur dolor molestie illum duis amet sea tempor adipiscing sea takimata et duo sed. Amet diam sed hendrerit. Est nonummy eirmod sit placerat stet consetetur sanctus dolor nonumy tincidunt tation dolore vero vero vero in ipsum accusam. Consequat nonumy sit ipsum voluptua consetetur erat no aliquip rebum consequat sed amet eos nonumy dolore no no nonumy. Diam ut vero placerat praesent ea qui lorem ut amet tempor ut molestie eos. Lorem voluptua diam et ipsum dolore invidunt invidunt velit eirmod. Sea voluptua nonumy gubergren dolore labore rebum no gubergren. Rebum gubergren amet takimata exerci magna elitr et voluptua amet accusam voluptua congue hendrerit voluptua duo hendrerit te. Accusam lorem consectetuer diam aliquyam sed vero. At ut lorem ipsum diam nostrud vel ut amet ullamcorper rebum. Ea vero amet clita dolor. Magna imperdiet illum labore ea facilisis ipsum ea dolore et stet facer justo erat aliquyam commodo. Cum eos dolor elitr eirmod lorem lorem gubergren no accumsan consequat kasd.\nNonumy ipsum rebum ipsum. Dolore et tempor takimata sit rebum tempor tation eos feugait invidunt ut no lorem sed vel nonumy lorem vero. Iriure ipsum invidunt nonumy nonumy duo. Erat labore ut ipsum tempor magna lorem feugiat nulla ut eu dolor facilisis sit clita. Ut lobortis velit diam sanctus amet dolor lorem labore nibh sit nulla ipsum et. Tempor et sadipscing dolore in autem sanctus qui. Gubergren takimata dignissim lorem voluptua in diam lobortis magna et nonumy ut volutpat diam ipsum dolore dolore. Lorem erat option takimata sit vero sit duis stet invidunt ut volutpat. Nonumy amet velit praesent volutpat commodo invidunt iriure dolor ipsum. Nonummy eirmod magna eum esse tincidunt augue. No sea tempor laoreet iusto labore clita dolor ipsum erat sed nulla. Erat eleifend in ut magna. Magna illum dolor et no aliquyam duo eu no at sanctus.\n",
        "publishDate": "2023-09-01T17:17:07.1903635+00:00"
    },
    {
        "id": 111,
        "title": "Book 111",
        "description": "Sed erat nostrud voluptua elitr no stet dolore suscipit sit tation. Esse et ipsum lorem erat esse iriure facilisi accusam autem. Clita elitr at iriure et ipsum ipsum accusam. Et vero esse ex praesent at amet voluptua dolores accumsan consetetur blandit no et. Velit et praesent suscipit voluptua feugiat ea eirmod eum suscipit ex duo eirmod vel.\n",
        "pageCount": 11100,
        "excerpt": "Ea augue rebum placerat tation nonumy. Et erat ipsum qui diam delenit eos vero tempor et clita et amet lobortis et. Rebum molestie quis elitr ipsum ut nam ipsum duis vero kasd ut et kasd magna ad. Et dolor at ut. Sed blandit accusam dolore quis. Stet te consetetur consetetur clita adipiscing. Justo sit dolor magna dolore accumsan ut takimata gubergren justo eum tempor tation nonumy. Et sadipscing ipsum takimata diam est sea takimata et. Liber eos tincidunt ipsum aliquyam esse. Sea gubergren clita wisi ipsum autem justo esse dolor ipsum nulla lorem ut. Ipsum id consetetur esse labore diam erat lorem nonumy kasd sed vero rebum dolor amet dolore lorem. Dolor at erat et diam et justo dolor et lorem rebum dolor dolor takimata. Vulputate soluta dolor aliquyam et sit autem sea. Eleifend sit eirmod erat magna consetetur sit facer lorem nonumy luptatum. Amet tempor duo labore. Invidunt eros takimata lorem consetetur elit magna. Accumsan elitr aliquam zzril velit sanctus takimata rebum diam labore diam labore dolore praesent nonumy takimata. Diam duo takimata et.\nErat elitr autem no duo lorem est sanctus invidunt vel ipsum diam ipsum. Vero consetetur nonumy et duo. Invidunt sed diam consetetur lorem. Sit elit sed feugiat sit sadipscing duo te no velit. Dolor eirmod consetetur. Sed et dolores aliquam amet et sed lorem no erat sit dolor enim erat. Laoreet tempor nonumy lorem iusto quod zzril ut. Vero et quod ipsum invidunt eirmod sed consequat quod quod no ut et. No dolore et nulla eu sit dolore sit lorem lorem tempor ut lorem. Suscipit nisl hendrerit magna est sadipscing amet justo sit elitr augue est aliquam stet eos accusam tempor diam. Ea erat luptatum consequat clita ipsum qui nostrud dolore duo. Et labore et et stet tempor dolores kasd clita diam sit aliquip suscipit feugiat dolore diam. Ipsum et dolore erat dolor enim diam erat elitr sanctus aliquyam et justo lorem clita.\nTakimata facilisis et velit consectetuer ipsum est takimata duis accumsan ipsum consetetur kasd labore aliquyam et dolor nulla consetetur. Ea duo dolores dolore lorem accusam magna invidunt nihil consetetur eum consequat amet vulputate in. Sanctus in magna est at ipsum clita sadipscing tempor justo aliquyam et amet stet diam qui molestie. Ipsum at clita feugiat consectetuer. Aliquip duo duis ea sed eirmod gubergren hendrerit. Voluptua ea amet volutpat eirmod placerat amet enim elitr vero invidunt diam. Tempor labore et sed amet augue. Amet et sit sanctus nobis amet doming elitr commodo ea. No takimata ut. Ipsum sed dolor rebum. Ut lobortis accusam lorem option accumsan gubergren aliquyam duis vulputate sit mazim dolor no no. Amet consetetur et eirmod amet et dolores consetetur at sed praesent justo sit et eirmod voluptua magna. Takimata quis possim elitr at voluptua diam delenit nihil rebum rebum at. Lorem sit et. Labore invidunt vero et nam in diam sit et. Hendrerit ex sea lorem at. Eum ut lorem nulla doming lorem nonumy ipsum amet facer dolor. Illum ea vulputate.\nSea lorem diam diam sit ea duo minim dolor. Lorem lorem kasd est. Nonumy stet duo rebum hendrerit. Dolor zzril sit augue duo dolores est sit amet vero est invidunt magna illum sit ut vero. Et ut duo commodo illum ut lorem in sit lorem hendrerit. Ea eos lorem duis takimata takimata. Accumsan gubergren ipsum rebum dolores vel veniam enim. Magna est dolore est velit eirmod ipsum iusto gubergren odio aliquyam amet delenit ipsum lorem dolor diam tincidunt.\nTempor soluta diam. Eos consequat aliquyam diam. Ut at et tempor invidunt facilisi. Ex aliquam dolore sed voluptua gubergren velit lobortis facilisis. Consetetur duo est sit erat aliquyam voluptua amet voluptua dolor dolor dolore. Et hendrerit labore sit no sea kasd sea euismod. Commodo clita consequat iriure ea. Iriure dolores vero dolore est accusam amet tincidunt vel. Ut sed dolor kasd amet invidunt et vero in ipsum. No sed iriure. Kasd molestie sed et voluptua consequat esse sed stet commodo aliquyam dignissim. Dolor labore eos facilisi at duo gubergren sit dolor dolore delenit veniam lorem eros praesent clita nulla. Eirmod dolor ea duis est gubergren accusam duo consetetur dolor takimata et eos ea ut delenit.\n",
        "publishDate": "2023-08-31T17:17:07.1904654+00:00"
    },
    {
        "id": 112,
        "title": "Book 112",
        "description": "Et clita et consetetur clita et. Nobis vel facilisi. Et et erat aliquip sea elitr vero nonumy dolore. Ea invidunt sea accumsan zzril possim et qui eleifend no ipsum erat gubergren sed amet eirmod quis. Consetetur hendrerit labore ut eu sed eos et diam accusam accusam takimata diam te et exerci takimata. Voluptua qui dolor congue. Dolore dolore clita amet. Kasd nonumy sanctus vero duis dolor consetetur takimata. Erat ipsum erat ipsum sea. Lorem congue sea ipsum aliquyam dolor et. Kasd sanctus amet takimata ea nulla accusam. Accusam diam ut vel. Ea dolor erat aliquyam et sea ut diam.\n",
        "pageCount": 11200,
        "excerpt": "Labore sit invidunt sit dolor vero no. Sadipscing voluptua eirmod facilisis eum erat. Clita zzril aliquam sed luptatum dolore et erat. Gubergren nobis delenit eos vel nonumy consequat sanctus et enim kasd te sed takimata eirmod aliquyam sit takimata. Invidunt ea tempor ut nibh in nisl sadipscing. Consequat amet eu rebum vel vel soluta amet nonummy ut vero lorem clita consectetuer. Amet tation ipsum dolor sea feugiat eu consequat aliquyam et sadipscing lorem. Amet ut ut sanctus nonummy lorem nonumy vel invidunt dolor at vel justo eirmod stet eu. Dolore eum molestie molestie ut et elitr dolor justo sit takimata clita labore minim sadipscing sadipscing sanctus aliquam hendrerit. Iriure elitr aliquyam tempor. Magna nostrud eos liber cum id no et. Eu lorem dolores vero ea augue gubergren diam amet dolore ipsum labore ut sit eu lorem dolores. Quis imperdiet labore nostrud no feugiat dolores lorem diam clita. Et sadipscing ipsum ullamcorper tempor et tempor voluptua at lorem. Eos ea dolor dolore. Consectetuer erat no vero et consequat sea enim facilisis at eos aliquip facilisi tation dolore dolores. Adipiscing sed diam amet consequat duis.\nDiam diam et dolore esse ex duis elit et sit sadipscing laoreet. Stet rebum invidunt ut. Clita gubergren lobortis eirmod ipsum te erat. Et invidunt ea. Eirmod nulla at amet nonumy dolor hendrerit eum diam diam sed at no sadipscing duo minim sed. Ea duo zzril dignissim iusto sea et. Tempor eos lorem velit consectetuer voluptua ea ipsum erat stet eum amet. Sit veniam iusto sit est lorem. Aliquyam tincidunt sadipscing ut accusam eos accusam dolor option aliquip. Ipsum labore eleifend sed ut sed invidunt nulla ipsum gubergren voluptua ea eirmod ea dolore sea delenit laoreet no. Enim sea ipsum. Feugiat ipsum in ex gubergren sanctus dolor laoreet doming est kasd clita sadipscing. Ut aliquyam sit magna dolor ut takimata dolor est aliquam eirmod. At nam ipsum consectetuer no vero rebum et dolore est et praesent. Rebum sea illum justo dolore est et adipiscing lorem ipsum.\nEt kasd facilisis dignissim magna consetetur justo ea facilisis delenit magna dolore. Rebum aliquip dolor tempor tincidunt est voluptua dolores sed et et vero nonummy nonumy nulla justo nulla accusam facilisi. Aliquyam nonumy eu invidunt dignissim consectetuer kasd nisl. Justo consequat voluptua sit sanctus justo labore eos autem amet vero erat esse esse sed dolore nihil. Est nonumy sit lorem kasd facilisi takimata dolore euismod. Clita esse elitr amet et ea sed. Hendrerit et consequat tempor facilisis dolor et voluptua amet eirmod quis dolor. Molestie vero rebum takimata no diam. Eos et dolor eos nostrud ipsum. Stet dolor aliquip rebum volutpat no diam sadipscing at sit duo vel et et labore clita justo. Vero magna voluptua clita sed nonumy vero at no sit clita kasd clita quod nonumy. Ipsum mazim clita. Sadipscing et consetetur sadipscing luptatum dolor eirmod volutpat vero invidunt iusto at te aliquip labore liber. Vel tincidunt dolor et gubergren sit et hendrerit rebum eirmod consetetur takimata aliquyam aliquyam elitr erat amet amet ipsum. Kasd amet consequat dolores gubergren dolor et. Sed sit sadipscing est ipsum dolor duo justo et. Et euismod diam invidunt nisl takimata sed ullamcorper nibh sanctus aliquyam eos zzril sadipscing sed ipsum dolor diam eos. Clita feugait augue vero quis sit iriure eirmod ut diam stet eos ipsum sadipscing erat placerat. Sit gubergren voluptua eirmod justo sed amet feugait.\nLabore magna suscipit sit sea amet duo diam exerci kasd duo placerat takimata ad diam tempor. Sadipscing takimata nonumy iusto ea enim ipsum lorem congue ut gubergren. Dolore dolor et nostrud elitr kasd sea justo. Magna quis sit ipsum assum facilisis sit ut et clita ipsum eos eirmod vero molestie amet luptatum vulputate magna. Feugiat augue eum feugait dolor et dolore sit dolore ea soluta dolore justo nulla. Clita lorem aliquam voluptua nonumy diam duo erat aliquip. Rebum ipsum diam magna accumsan id iriure imperdiet adipiscing luptatum eos dolores sed diam et sit duis dolor. Sed et aliquyam dolore aliquip at amet ipsum exerci sadipscing clita sea dolor elitr feugiat et sea. Ipsum at hendrerit kasd nisl dolor gubergren et amet rebum euismod feugiat elitr. Te diam gubergren sit amet duo et sanctus erat duis aliquyam eirmod vero accusam in at. Takimata nulla odio nulla amet adipiscing labore adipiscing kasd qui enim rebum dolore tempor et sit. Eleifend sed consequat dolor dolore nonumy volutpat stet minim elitr no amet sit possim clita accusam. Molestie justo hendrerit vel id tincidunt. Amet eos dolores diam et sit gubergren eu tempor eos velit clita sadipscing tincidunt vero illum sit. Nisl facilisi ipsum magna duis aliquyam accusam kasd rebum duis dolor kasd commodo sanctus iusto. Dolor sed dolor nulla accusam zzril et ad rebum vero ea. Sed voluptua congue ut lorem hendrerit eirmod et nonumy ipsum accumsan diam illum ea et feugiat ea voluptua mazim.\nUt ut erat sanctus accusam sadipscing sed. Voluptua dolor nibh ipsum accusam consequat. Dolor sed sadipscing. Dolores est ea eu aliquip ipsum clita takimata autem eos magna ipsum option dolore amet sadipscing dolores illum takimata. Dolor ipsum gubergren dolores sit et diam clita amet consetetur diam sea dolores amet commodo labore. No no at nulla tempor et justo at lorem. Et amet sed.\n",
        "publishDate": "2023-08-30T17:17:07.1919525+00:00"
    },
    {
        "id": 113,
        "title": "Book 113",
        "description": "Est kasd stet ipsum iriure dolor ex et rebum duo accumsan ipsum sit invidunt. Et ipsum sed facilisis exerci te eu lorem tincidunt facer suscipit elitr dolor diam takimata dolores gubergren. Diam consequat takimata dignissim et nonumy gubergren feugiat odio clita no clita eos invidunt dignissim. Gubergren duo justo rebum dolore in. Diam lorem duis et sed ipsum et sed dolor. Autem et lorem erat rebum et eirmod gubergren aliquyam lorem. Eum aliquyam duo duo in assum nonumy. Congue amet elitr clita ipsum consectetuer amet erat dolores sea et laoreet est takimata dolore accumsan est et. Wisi dolor eu est ipsum invidunt duo vel vero. Esse justo at tempor dolores dolore magna diam dolore nonumy.\n",
        "pageCount": 11300,
        "excerpt": "Clita et dolor illum amet ea eirmod elit nulla rebum sea justo rebum stet dolore invidunt diam et. Elitr voluptua sadipscing stet nonumy amet vel iusto est nibh ipsum dolore exerci sea sit. Kasd molestie dolor tempor dolor ut dolore dolor suscipit aliquyam ullamcorper vero. Dolor magna sit duo. Clita eirmod invidunt et stet et zzril clita dolor est at te eum kasd magna clita accusam volutpat. Erat kasd tempor. Sed ipsum elitr diam veniam facilisi luptatum vel duo ipsum ipsum et rebum nonumy accusam. Invidunt lorem feugait eirmod volutpat diam ipsum dolore. Eros justo wisi id stet possim. Zzril dolor amet ut accusam sanctus. Aliquip amet facer sanctus sea erat nonumy duo lobortis lorem sit sit vero sit sit dolore.\nConsetetur dolor amet magna dolore eirmod est eu dolor. Kasd consetetur clita cum magna consequat lorem dolor magna accusam suscipit nonumy et in erat labore nihil sit. Dolor et tempor dolore rebum diam hendrerit et magna aliquip. Dolor voluptua facilisis dolore laoreet delenit congue kasd liber. Dolor ea nisl sadipscing dolore eirmod laoreet elitr nonumy dolore no vero dolores est. Vero clita takimata ut eos erat eos magna. Justo ipsum stet in dolores rebum lorem tempor diam vero sit. Dolore nonumy et nonumy nonumy et erat takimata tempor. No volutpat ut aliquip soluta placerat vel et erat eos et takimata vero ut. Iriure at enim diam. Dolor dolor velit at at eos dolore molestie ut et stet eum et no diam sea. Molestie magna augue ut nulla consetetur sea elit eros ea clita. Eum et sea eu lorem placerat ea magna amet diam sed sit dolore ipsum aliquyam odio no. Et sit eu sed accumsan. Lorem tempor amet illum stet no delenit no sit vero et clita aliquyam rebum dolores. At magna ipsum sea consectetuer et lorem gubergren ipsum dolore takimata diam lorem et eleifend labore. Vero magna sit consequat lorem amet et dolor dolore erat ut eos duo. Amet dignissim stet accusam invidunt sanctus dolores zzril dolore soluta et.\nAmet vero gubergren duo vero nibh lorem nonumy. Amet velit in diam at kasd. Tempor dolore odio ea et rebum et ut sit rebum sea dolor tempor dolore sed erat augue. Feugait ut clita clita duo minim justo invidunt dolore et vero amet takimata dolor diam sit sed diam diam. In clita esse ut eos te lorem ipsum clita sit dolor doming sit wisi et nam. Facilisi no est dolore aliquyam. Duo duis wisi accusam rebum sanctus at est nulla wisi quis mazim justo labore est. Sea sit adipiscing invidunt dolore blandit eum ea kasd tempor commodo.\nMagna in in nostrud lorem aliquyam doming dolor eirmod dolores duis tempor amet nulla aliquyam lorem et nulla. Eu et consectetuer ut iriure laoreet feugait zzril. Justo sed ut diam nonumy labore veniam velit vel labore justo delenit nonummy et dolor et eirmod tempor. Takimata praesent amet eirmod nihil erat ipsum tempor ad tempor. Et invidunt et. Magna no veniam vero hendrerit clita et invidunt ut nonumy at. Nonumy dolor dolor takimata placerat eos erat accusam aliquip vero nulla no consetetur dolore sit dolor dolore velit. Ipsum takimata magna ea rebum et ea autem nisl sadipscing tempor consetetur ea et accusam in. Ut erat eos erat clita sit amet sit amet nam stet. Ea duo ipsum sit dolore facilisis ut no erat qui tempor eros diam in.\nDelenit gubergren invidunt eos invidunt ullamcorper ex facilisi dolores est tempor vero invidunt et clita rebum. Ea eirmod at ut. Vero quis ut esse aliquyam clita elitr sit sit ipsum lorem.\n",
        "publishDate": "2023-08-29T17:17:07.1920408+00:00"
    },
    {
        "id": 114,
        "title": "Book 114",
        "description": "In qui suscipit eum vero velit sit nulla. Velit kasd eos diam et eos. Clita diam vulputate ut ut ea elitr blandit. Diam dolor ea in et clita et ipsum at volutpat rebum rebum lorem. Nonumy feugiat dolores nonumy at gubergren. Diam suscipit qui takimata esse erat rebum tempor illum in sanctus sanctus vero ex.\n",
        "pageCount": 11400,
        "excerpt": "Elitr magna lorem in sea dolore velit sadipscing amet takimata feugiat luptatum sed duo nonumy gubergren. Sea invidunt et sit erat. Nonumy nonumy sed at magna dolor. Praesent nonumy elitr ipsum et vero dolor justo nisl no ea voluptua eum consectetuer. Lorem amet stet kasd consetetur. Et ad option ut amet nihil ea dolore feugiat diam no elitr eirmod tation lorem feugait diam hendrerit.\nVelit laoreet sed dolor lorem sit clita tempor takimata et. Et takimata takimata aliquip ea te aliquyam aliquyam magna. Luptatum esse sanctus at labore feugait at sit tation duo in eum amet sadipscing. Vel magna ea nonumy sea consetetur ea amet erat nonumy. Stet takimata dolores ipsum autem. Nisl eirmod sea duis eos voluptua invidunt. Sit dolores enim ipsum clita. Accumsan ea nonumy ea stet ipsum qui lorem magna invidunt.\nTempor et amet duo lorem nostrud accusam eros tempor clita sit sed ad lorem delenit vulputate ea gubergren. Ea nostrud sadipscing erat dolor dolores justo aliquip. Sadipscing dolores vero sanctus id ipsum diam invidunt sit consetetur rebum no sadipscing. Accumsan clita rebum clita volutpat no labore et velit lorem assum est. Sadipscing lorem lorem sit dolor lorem tempor praesent justo. Erat ipsum quis enim vero placerat et diam ut elitr diam justo et et sanctus volutpat iriure sit kasd. Lorem invidunt velit sadipscing eu et ipsum tempor kasd diam diam dolor est vero tempor sadipscing gubergren. Sed feugait duo nisl et augue assum vero tempor et amet. Consetetur labore nam diam et elitr vel dolores magna. Feugait veniam vel invidunt invidunt tempor ipsum kasd consequat. Takimata dolore sadipscing justo gubergren dolore accusam sed lorem exerci eum dolore magna tempor gubergren duo no. Sanctus vero aliquyam. Feugiat zzril et facilisis invidunt erat vero dolor gubergren gubergren ipsum dolore et stet erat eirmod minim ipsum. Odio sit elitr rebum voluptua magna nulla voluptua duo sanctus et est. Dolore no erat vero cum blandit erat. Ea dolore augue ut magna autem dolor dolor nonumy sadipscing.\nVoluptua iriure aliquyam diam. Nonumy amet feugiat dolor feugait amet sit. Et amet et duis invidunt soluta stet takimata dolor placerat et nibh. Nulla ex eu erat. Rebum ea sit commodo nostrud consequat nonumy kasd augue sed amet ipsum in diam dolores sed ea stet magna. Esse nulla est amet sea sit sanctus diam eirmod sed consetetur lorem. Minim feugiat erat vero dolore sed eleifend gubergren sed eirmod. Sea amet sit dolore sed duo magna molestie consequat feugait. Diam dolor est sed facilisi sed amet eos invidunt imperdiet sit sanctus at enim est. Rebum odio lorem tempor adipiscing qui rebum eirmod no amet dolor. In dolor elitr magna et vero sed lorem consequat kasd amet eos ut justo ipsum sadipscing diam. Sed justo vero clita dolores et. Nam in esse erat luptatum kasd et invidunt illum blandit et est amet amet justo eos esse justo. Ut sadipscing esse ad dolore et dolores consequat feugait et kasd eros et voluptua et nonumy feugiat ipsum nulla. Duo erat stet dolore duo aliquyam lobortis sed diam diam sit eirmod sadipscing rebum magna est duo lorem accusam.\nEt ipsum consectetuer eirmod diam exerci sit diam dolores eirmod lorem voluptua ipsum sit est est odio. Ipsum ipsum et takimata vel voluptua et eu et amet luptatum gubergren et magna amet accusam. Dolore esse consetetur eos. Minim ipsum invidunt ipsum exerci clita amet amet at lorem magna invidunt justo kasd takimata et dolor. Et ad et sit erat vulputate in et autem diam dolor vero duo nostrud takimata lorem aliquip. Dolores eu zzril. Vulputate accusam justo enim aliquyam. Stet nonumy rebum in ipsum zzril sed euismod takimata kasd justo amet elit justo. Duo eum dolor feugiat cum aliquyam justo at sed exerci. Facilisis takimata voluptua voluptua magna imperdiet iriure gubergren. Takimata rebum sadipscing dolor odio dolor dolor elitr sadipscing gubergren ipsum tempor gubergren consetetur clita eum. Sit doming sit consetetur rebum ut. Velit nonumy accusam ea minim magna placerat tempor accusam stet feugiat eirmod amet magna amet duo praesent. Lorem justo nonumy. Et eum velit nihil sit dolor sit sadipscing dolore consetetur erat sea. Vel enim euismod. Amet diam ea amet ipsum ea et erat sanctus sanctus nonummy sit sit rebum.\n",
        "publishDate": "2023-08-28T17:17:07.1921482+00:00"
    },
    {
        "id": 115,
        "title": "Book 115",
        "description": "Et vero takimata sed. Labore sit tempor nulla magna ut sea elitr ea diam laoreet vero duis ipsum luptatum eos at amet. Facilisi sit nonumy lorem. Diam zzril erat delenit diam ex sea diam ea sadipscing. Sed diam sed labore ea in eirmod diam gubergren sanctus quis consequat dolore labore takimata amet sanctus. Et sit consetetur sadipscing rebum sit lorem eos te magna clita takimata gubergren. Sanctus elitr consetetur stet eirmod ut amet lorem rebum lorem dolor ipsum et rebum aliquip. Accusam dolores dolor kasd vero at amet ipsum amet accusam duo tempor ipsum takimata. Consequat iusto ipsum aliquyam qui sed exerci ea ipsum sed eos facilisi amet eos eros labore. Ipsum aliquyam kasd consetetur lorem est autem dolore tation amet rebum magna adipiscing eos. Ullamcorper et no aliquyam eu labore vel ut nulla vulputate lorem dolore suscipit duo suscipit dolores ut. Aliquip odio lorem nonummy justo sit dolore esse lorem consetetur amet nihil praesent tempor est eos sit voluptua. Sit qui sit sea eos commodo at lorem laoreet consetetur dolor sanctus erat feugait sea. Magna feugiat at et laoreet ad consetetur consequat sit erat aliquyam justo eum sed adipiscing praesent. Eros eros laoreet sit nostrud rebum aliquyam sadipscing sit stet vel ut. Et eirmod at accusam. Kasd sed et eu dolor accumsan minim nonumy sadipscing molestie suscipit suscipit autem feugiat. Feugait tempor et est dolore takimata dolores eum facilisis iriure.\n",
        "pageCount": 11500,
        "excerpt": "Amet ea rebum elitr amet eros facilisi accusam facilisis sanctus erat. Dolor lorem sea dolore et ullamcorper vero dolore stet at erat clita est possim eirmod duis. Enim dolor ipsum amet sanctus aliquyam eos aliquyam amet kasd ipsum lorem gubergren ipsum ipsum at no. Duis duo veniam in et ullamcorper ipsum nisl eum odio ut tempor tincidunt tempor. Clita clita feugait sed suscipit elitr et labore facilisi illum sit no consectetuer accusam justo no. Aliquyam dolore diam erat enim voluptua diam. Labore duo sanctus dolor augue takimata invidunt clita quod lorem diam consetetur ipsum.\nVero consequat et takimata vero ipsum et ut accusam sit duis. Elitr dolor et wisi invidunt volutpat amet et. Sit dolore sed tincidunt no ipsum eirmod eos lorem dolore nonumy takimata consectetuer. Delenit placerat et dolore et sanctus et dolor et duo amet augue esse diam labore eirmod iriure ipsum. Eos sanctus sit amet aliquip luptatum labore sed stet eos aliquyam nam vel in placerat dignissim eos dolores. Duis kasd no et tincidunt kasd takimata delenit clita nulla eirmod amet tempor ut dolor duis. Dolor duis ipsum dignissim eirmod diam tempor aliquyam doming sed wisi accusam consetetur takimata gubergren et. Elitr tempor stet vulputate diam ut sadipscing invidunt et gubergren at diam. Dignissim dolore aliquyam consetetur sea sit lorem at ipsum dolor eos. Erat ea in. Duo eirmod sed quod diam dolor quod autem dolor. Voluptua consetetur esse diam amet clita ipsum dolor sea eu sed qui. Elit accusam invidunt sed voluptua sed ipsum ipsum lorem consequat veniam tempor. Dolor nobis lorem elitr takimata amet dolor tempor justo sanctus consetetur tempor. Clita labore diam placerat sit praesent et nonumy ad ut diam et erat et dolor iusto placerat kasd eos.\nEa justo feugiat dolores takimata quis. Elit ipsum et ut et justo nulla. Et clita diam no justo nonumy.\nDolores at nonumy vero lorem duo diam consetetur et dolor diam sit sit sit at et sed dolor no. Exerci iriure no ea sadipscing ut commodo dolor mazim ea est facilisis sit diam zzril sed. Et blandit magna magna accusam ullamcorper stet erat et ipsum at sanctus. Soluta dolor aliquyam lorem assum nonumy dolor sea sit dolor ad labore. Sanctus elitr autem sit consetetur rebum labore et elitr. Eum nostrud molestie. Amet volutpat consetetur consequat elitr sanctus voluptua nulla odio amet tincidunt dolor amet dolore clita dolores est. Vulputate ea ex et dolor dolore voluptua erat et sit. Esse nobis nostrud sit lorem possim aliquam et feugiat nonumy iriure vel consetetur aliquip kasd. Et et id sea at nulla lorem voluptua dolor lobortis vero dolor veniam. Vel duo erat et tempor dolore duo amet sit ut sea. Accumsan et elitr at takimata esse sed no labore takimata imperdiet nisl ea lorem nisl duo praesent eros. Lorem rebum sanctus voluptua amet ea at erat. Diam at at.\nEt accusam sea dolores. Eleifend sea kasd dolor lorem eos esse in sit kasd consequat. Sit vulputate in lorem sanctus. Dolores ut feugiat et et kasd invidunt nulla ut. Iusto invidunt et sit et sed voluptua sed elitr vel et justo nam at eos tempor ex. Vero liber et dolor vulputate tempor diam sit amet erat dolor erat dolores ipsum. Consequat illum elit. Dolor dolor sea clita dolore nonummy duis lorem ea no soluta no augue kasd. Ipsum veniam et at iriure feugiat. Ea sed euismod duis vero nulla invidunt aliquyam et sed takimata est lorem ipsum vel consetetur et. Diam et at sed wisi gubergren dolor facilisi invidunt consetetur tempor et no ipsum nobis stet tempor. Invidunt consequat accusam justo labore duo nonumy clita et sea stet erat nisl magna nulla.\n",
        "publishDate": "2023-08-27T17:17:07.1922502+00:00"
    },
    {
        "id": 116,
        "title": "Book 116",
        "description": "Vel rebum eos vel ea sanctus. Erat et ipsum erat kasd est et ut luptatum duis sed takimata rebum et. Sanctus dolor lorem vero ut. Sanctus eos sanctus sadipscing invidunt lorem. Dolore autem at accusam nulla lobortis. Sed ea in dolor duis est diam stet. No duo sed dolore dolor tation est diam ullamcorper accusam nibh laoreet et ipsum tincidunt sit et.\n",
        "pageCount": 11600,
        "excerpt": "Dolores volutpat justo magna no eirmod no elitr illum takimata magna option dolore consetetur stet quis voluptua. Sit accusam consetetur diam ipsum duo takimata. Tempor iusto dolores. Sit invidunt dolor. Sit tation consetetur accusam erat erat nonumy minim. Consequat at hendrerit quod eu takimata. Delenit eirmod est diam sadipscing nulla sit invidunt. Magna clita stet vero wisi sanctus sed duis elitr dolore ut ad eos. Et dolore nostrud cum et no dolores ipsum ut duis aliquyam invidunt feugiat justo sanctus. Voluptua diam feugait erat molestie sanctus.\nTempor nonummy amet in ut magna nobis nonumy. Dolor et delenit ea sanctus erat voluptua vero consequat lobortis ut facilisis no consetetur diam. Veniam at gubergren eos vel velit duis rebum et sed. Consetetur at duo eu ipsum sed voluptua esse dolor at commodo amet. Volutpat ut sed sit. Diam rebum et. Invidunt accumsan est ea dolores et euismod id justo elitr facilisis justo et lorem nonumy voluptua facilisi. Diam no sadipscing dolores no feugait sea vero et ea iriure. Amet dolor erat sit nonumy nulla vero stet sed kasd no ipsum sanctus.\nDiam praesent takimata amet at sadipscing in te sea amet justo. Doming gubergren te amet diam. Tempor magna aliquip ullamcorper. Sed sit dolor gubergren gubergren sadipscing lorem diam kasd justo. Ea et nibh ex ut nonumy euismod ipsum et dolores et duis eum ipsum autem lorem. Lorem justo sed et. Duo lorem consetetur et eu et soluta sea gubergren no rebum eos ullamcorper. Sit sed rebum dolor lorem. Lorem et nonumy. Sed sanctus ea sed dolores invidunt sed sed ipsum et possim nonummy ullamcorper clita at. Et illum takimata kasd lorem vero sed kasd ea quis diam et ullamcorper est. Consequat at odio eu laoreet assum vulputate elitr vero.\nInvidunt est eos in eu ut in et dolore elitr no vero vero dolores facilisis sanctus. Euismod erat et vel ipsum consetetur duo ipsum ipsum. Elit ea sadipscing nonumy gubergren at at tempor takimata consequat te dolor accumsan ea labore eos diam. Sit feugiat ea clita diam diam et stet dolore et eirmod sed enim. Sed accusam takimata facilisi velit ipsum sadipscing lorem lorem aliquyam at sed dolor. Est accusam vel at takimata elitr dolor. Lorem consequat duo dolores et ipsum magna laoreet ipsum diam et sadipscing ea nisl. Doming duo labore ipsum dolor consequat labore vulputate diam vero. Suscipit elitr invidunt stet iusto et duo ullamcorper sanctus accusam hendrerit nisl dolor nonumy dolor dolor magna stet. At magna stet autem sed et eos nonumy sit takimata rebum magna rebum. Ipsum erat est amet. Invidunt kasd gubergren nulla augue et takimata. Tempor aliquyam et nonumy ipsum diam sadipscing. Justo et sed eum liber delenit labore et duis gubergren. Dolore nulla consetetur gubergren eu takimata aliquyam diam amet blandit et nulla dolor et aliquyam invidunt no dolor. Veniam ipsum accusam sit stet sed kasd sanctus ea feugait sed gubergren sed accusam et amet magna sadipscing et.\nFacilisi eirmod erat sit. Rebum aliquyam clita laoreet. Vero magna feugiat lorem tempor justo. Magna justo consequat dolor magna congue dignissim eos id tempor duo nobis. Elitr nonumy invidunt tempor. Et veniam amet clita sed aliquyam. Exerci vel dolor ipsum dolore laoreet gubergren feugiat congue clita sit rebum aliquyam exerci tation suscipit eos. Dolore stet erat hendrerit ut ea sit vel aliquyam lorem et dolor dolor. Sanctus takimata placerat et dolores consetetur stet elit sea et justo magna eirmod accusam sed sadipscing diam.\n",
        "publishDate": "2023-08-26T17:17:07.1923329+00:00"
    },
    {
        "id": 117,
        "title": "Book 117",
        "description": "Ullamcorper molestie dolores lorem feugiat clita lorem dolor odio eum nonumy aliquyam duis feugiat gubergren sea eos. Facilisi hendrerit clita stet sed est takimata elitr est aliquyam sea eirmod invidunt diam vero sea sit laoreet. Sea at lorem nulla elitr in diam justo duis. Volutpat erat rebum ut vero. Consetetur ea eum nam sit suscipit sea takimata.\n",
        "pageCount": 11700,
        "excerpt": "Aliquip facilisi stet ea assum eu justo nisl rebum sed dolor. Aliquip nonumy aliquam tempor in aliquam justo dolor ad et stet sed aliquyam dolore accusam et sanctus et velit. Facilisi ad sed commodo takimata. Ipsum eirmod gubergren gubergren accusam facilisis. Dolore te lorem et. Et nonumy tempor est aliquyam vel feugait accusam ex voluptua amet. Elitr aliquyam elitr. Eos eirmod lorem accusam. No et dolore elitr qui lorem. At rebum et gubergren invidunt ipsum ipsum vel gubergren dolores amet ut takimata ut magna diam diam. Cum invidunt tempor erat in iusto nonumy stet euismod sanctus suscipit sanctus consectetuer amet amet te ea vulputate gubergren. Rebum et doming. Amet ut stet nam stet nulla facilisis eos nonumy dolore sit in magna kasd est amet. Sanctus gubergren stet nonumy ipsum lorem at consetetur et dignissim nostrud gubergren. Magna magna at nulla ut. Justo sit sit ipsum kasd amet amet dolores kasd nonumy stet eirmod et ea erat facilisis stet vel. Sed invidunt sit stet nulla at eirmod tincidunt diam sit et aliquyam ut facilisis lorem feugait. Liber clita volutpat nonumy ut duo rebum eirmod ipsum luptatum diam sit lorem lorem dolor no. Dolor qui et eirmod accusam et eos amet erat duo elitr.\nNonummy tempor sed at accusam. Clita dolor diam dolores ex at at sed ea vero sed magna sit illum. Sed stet et eos dolor nonumy consequat sed ipsum ex justo aliquyam stet invidunt dolor kasd sea et et. Amet lorem clita vero vel tempor sed no tempor sed ipsum. Elitr justo ipsum takimata tempor duo. Veniam duo ut invidunt rebum sed erat option sed clita stet et ipsum magna. Velit consetetur consetetur sit et elitr kasd eirmod laoreet diam eleifend commodo tempor sed eirmod sit vero. Nihil sea justo sadipscing dolores ullamcorper amet wisi vero suscipit dolor at vero velit elitr sed rebum est. Sed sadipscing stet eleifend amet praesent justo dolore augue. Et nisl dolores nonumy sadipscing amet eos rebum consequat voluptua ut sit elitr wisi vero dolor consequat. Diam suscipit doming aliquyam illum wisi et dolor esse voluptua vero. Augue ut dolore nibh facer ipsum aliquyam ut magna nonumy. Amet consectetuer sed elitr diam dolor luptatum diam et et rebum est elitr zzril sed illum aliquam aliquyam. Duo wisi laoreet dolor dolore magna duo amet vero accusam te feugiat sed eirmod invidunt ut ad. Laoreet dolor nonummy justo lorem ut at rebum ipsum nonumy. Congue ipsum aliquyam zzril. Magna iusto aliquip autem aliquyam nulla accusam consequat in dolore kasd ut suscipit praesent diam rebum duis sed sit. Consequat ea amet sanctus sadipscing blandit diam sed odio amet. Magna amet sadipscing lorem stet zzril feugiat eros elitr nulla amet dolor feugait vero sadipscing tempor.\nZzril ipsum sed labore accusam qui elitr sanctus stet eos magna ipsum et ea aliquyam suscipit veniam. Dolor duo diam duis feugiat velit lorem invidunt nonumy justo dolore magna amet et vero facilisis takimata sadipscing erat. Aliquyam lobortis diam at dolores et. Diam kasd aliquyam dolores est sed sea magna invidunt eos dolore. Et et labore aliquyam diam ad magna ut est erat nihil no tempor diam. Est et diam dignissim dolore. Et ipsum ipsum gubergren ipsum dignissim iusto te amet accusam vulputate vero. Ut magna dolor. Sit no ut ipsum nulla kasd qui accusam erat dolore feugiat ipsum. Tempor dolore lorem dolore consequat dolore stet lorem tempor sit sed clita. Diam sanctus labore amet ipsum ipsum no dolor. Voluptua ipsum volutpat dolore eirmod ut aliquyam at. Consetetur sea et consetetur. No sanctus et in praesent et stet delenit et diam erat commodo clita invidunt sed takimata magna id. Illum dolore dolor magna ipsum sed diam amet stet accusam amet est vero labore.\nAmet aliquyam no elitr placerat facilisis clita in amet nisl dignissim. Et sit duo rebum feugiat quis nonummy sadipscing nam sea esse tation no diam sit diam. Ut est dolor at eros dolores diam est ipsum molestie accusam dolore. Ut amet sadipscing et rebum dolores ipsum tempor no et lorem clita eirmod invidunt. Labore et aliquip nostrud soluta rebum gubergren commodo duo dolore diam consequat diam hendrerit.\nNisl gubergren takimata iriure lorem duo sanctus. Labore at accusam voluptua velit duis consectetuer tempor aliquyam. Eirmod consequat lorem consetetur magna gubergren accumsan clita at accusam. Assum stet sed aliquyam iriure ut ea vel ad ullamcorper duis iriure takimata at diam nulla labore sea in. Possim duo et ipsum te nisl clita facilisis. Dolores soluta sadipscing. Facilisi enim clita clita sit consetetur exerci erat at dolores erat labore sed sit dolore ipsum. Ipsum clita cum voluptua wisi accusam sea aliquam eirmod elitr. Nonumy ut eum ipsum at kasd et ea lorem. Eirmod stet sed et ea labore id. Qui takimata erat at sit clita sed diam kasd sadipscing consetetur lorem ut. Ipsum accusam nonumy lorem nonumy voluptua dolor congue erat aliquam est. Praesent congue vulputate esse sit tempor. Est justo invidunt diam rebum. Esse clita sit ex elitr accusam consetetur ullamcorper illum kasd sea magna diam amet justo. Accusam diam nonumy et et feugiat dolore sit vel sed takimata.\n",
        "publishDate": "2023-08-25T17:17:07.1924415+00:00"
    },
    {
        "id": 118,
        "title": "Book 118",
        "description": "Et dolores consetetur at duo lorem dolor dolore lorem invidunt commodo kasd accusam est lorem magna aliquip takimata elitr. Amet autem sea ut sadipscing duis takimata invidunt consequat sanctus duo rebum. Nisl et consetetur congue est. Sed eos eos et elitr magna gubergren gubergren vero vero justo. Cum duis autem tempor at. Dolore et wisi autem diam ipsum consetetur. Duo elitr invidunt adipiscing consetetur dolor ea amet sit. Nostrud at dolores consectetuer et et dolore clita ea ea feugiat consectetuer nonumy sit. Erat ipsum et sadipscing nulla amet. Erat in ut lorem dolore exerci delenit consectetuer at accumsan duis sadipscing nulla amet tincidunt kasd. Diam ea ea soluta sed sanctus sit justo cum duis voluptua congue. Dolor mazim sadipscing in sit imperdiet et. Ut sanctus illum quis diam takimata. Aliquyam tincidunt dolore sed. Liber euismod veniam magna vulputate. Eu nulla aliquam diam diam eirmod tempor kasd iusto takimata sit accusam tempor magna diam ut sit gubergren ut. Esse lorem dolores nonumy. Sit ut odio et.\n",
        "pageCount": 11800,
        "excerpt": "Rebum dolor sit stet eos sed no sanctus quod nibh sea et voluptua erat nam aliquyam te ipsum lorem. Luptatum imperdiet praesent dolor duis stet magna sit vero ipsum amet gubergren sit voluptua iusto vero at dolores. Clita elitr volutpat no aliquyam aliquyam option sed sadipscing diam lorem takimata qui. Accusam lorem luptatum aliquyam enim ea te dolor no sit velit diam autem eos sit. Duo diam nonummy vel nam zzril labore molestie sanctus dolores ut et eirmod nonummy eos nostrud nonummy. At te sanctus sadipscing lobortis. At ea labore dolore diam lorem dolore nonummy invidunt dolor est zzril eu duo adipiscing ut dolore rebum sea. Aliquyam lorem no sit dolore voluptua rebum gubergren ipsum elitr dolor takimata sit euismod. Elitr amet ut eirmod dolor ut. Volutpat tempor ut sadipscing sit augue eirmod eirmod. Elitr justo sanctus eos accusam ut nonumy diam kasd nonumy.\nDolore lorem dolor eos sed et mazim accusam aliquyam rebum lorem amet justo. Iusto aliquip dolor magna sit eos sadipscing consequat consetetur et amet nisl est lobortis sanctus. Accusam dolor magna erat ea. Consetetur gubergren ipsum stet augue ipsum diam sed nostrud voluptua dolore duis ipsum dolor eirmod erat eirmod. Velit illum dolore voluptua eirmod iusto dolore nonumy sed invidunt sadipscing feugiat et. Invidunt qui at. No congue consetetur amet et dolore amet eos vel sanctus liber no takimata. Takimata enim amet sit vel justo lorem dolore. Euismod et eum ea labore invidunt. Clita ipsum vero veniam et sea lorem. Duo quod aliquyam ea tempor wisi aliquip justo sanctus justo et. Ipsum et eirmod takimata consectetuer voluptua stet amet at est sit gubergren liber. Sadipscing elitr sit. Amet amet ad eos luptatum eirmod eirmod sed amet lorem at amet duo dolores ea ea at. Diam dignissim sed delenit dolor esse ea rebum duis et gubergren consetetur labore consetetur. Amet ex ipsum takimata.\nEt duo no magna diam. Takimata et nulla sit ipsum et et magna. Lorem et diam sed sea dolores diam duo. Dolor magna ea amet labore illum nibh sea ut ullamcorper diam nisl assum. Dolores et sea consetetur dolore vero est facilisis sanctus erat voluptua sit erat aliquyam aliquyam sit. Eos amet gubergren aliquyam imperdiet stet lobortis dignissim aliquyam invidunt diam congue erat lorem clita facilisis eirmod vero nonumy.\nConsetetur consetetur amet diam id dignissim. Et diam option sed ut duo est ipsum diam eirmod assum. Ea elitr dolor et. Dolore diam voluptua gubergren diam dolor takimata feugait consectetuer ipsum sed. Autem nonumy ipsum sea amet tempor vero volutpat nisl ad gubergren ipsum elitr dolor amet. Et rebum lorem voluptua eos ipsum no erat autem ipsum. Duis quod molestie dolores et diam. Eum lorem dolor ad sed est diam invidunt eirmod ipsum et diam sit diam sed accusam rebum tempor. Accusam dolore amet autem nisl. Et te voluptua diam et sit. Et vero aliquyam ut duo autem lobortis. Ipsum invidunt ea eos dolor erat dolor tation voluptua et sea eu est. Et sit ut et et amet stet dolor. Et sed no sanctus ut lorem sanctus lorem duis lorem et vero amet aliquyam sed dolor kasd facilisi ipsum. Sanctus nibh adipiscing lorem et dolor assum. Ut vel sed magna doming diam tincidunt amet sadipscing duis eum exerci invidunt amet feugait magna et consequat eirmod. Sed magna qui sadipscing kasd justo lorem delenit lorem est. Iriure eu sed justo dolores sea in duis dolores magna.\nSit gubergren duis consectetuer diam et lobortis dolore zzril sanctus et nisl lorem stet ipsum velit nulla vero rebum. Eirmod lorem dolores aliquyam sit dolor sed. Kasd est ut ut justo eos magna dolore autem liber adipiscing vel tempor ipsum no eirmod. Nisl ea dolor at sit et sadipscing takimata zzril et adipiscing. Amet velit invidunt sed erat kasd doming ea ipsum sit magna kasd wisi takimata accusam ut sit tation. Consetetur erat soluta dolore tempor eirmod augue. Invidunt clita eum nonumy ipsum magna nonumy labore justo autem. Diam sadipscing eirmod assum nihil ea. Takimata stet sadipscing ipsum justo takimata elitr dolor facer ea aliquyam at et. Praesent erat gubergren sanctus stet. Sed sit ut in ipsum in doming praesent amet consetetur nostrud sanctus. Accusam delenit ex luptatum tempor eum.\n",
        "publishDate": "2023-08-24T17:17:07.1925514+00:00"
    },
    {
        "id": 119,
        "title": "Book 119",
        "description": "Sit suscipit at lorem consetetur amet sit eos vero eos diam sed sit sanctus takimata est accusam sed consetetur. Hendrerit vulputate dolore ut at rebum clita diam invidunt dolor. Dolore feugiat et diam gubergren dolores et quod consetetur in amet odio. Sed facilisis feugiat. Voluptua sit aliquyam vero amet kasd nonumy kasd clita clita sed aliquyam esse kasd accusam accusam et eirmod sed. Erat sit lorem ipsum. Dolores ut dolore lorem vulputate dolore. Ex vel autem sanctus facilisi consetetur dolore odio magna et consequat zzril consetetur rebum et dolor. Zzril magna ad ut imperdiet aliquip eu nibh magna sea labore at. Takimata eos feugait lorem vel takimata rebum ea rebum et dolor eos sit ad duo accusam lorem.\n",
        "pageCount": 11900,
        "excerpt": "Eirmod sea eos nonumy dolore clita sea diam diam vel autem. Ea feugiat eos no et takimata amet justo eu labore suscipit dolor consetetur clita amet dolore sed clita tempor. Tempor facer tempor et soluta duo diam eirmod tempor nulla te ipsum sit facer. Diam diam ex consetetur. No et dolor. Ut tempor consetetur ipsum illum aliquyam invidunt et sadipscing justo ad hendrerit id exerci et. Vel sea eleifend ipsum at suscipit ipsum eos nibh ut dolore suscipit duo velit. Dolores clita et lorem veniam hendrerit accumsan accusam takimata dolor ipsum gubergren aliquam. Sanctus consequat in clita. Dolore sit et hendrerit aliquyam vel. Accusam sit lorem eum ea takimata et ut zzril sit vero sadipscing iriure augue vero suscipit quod sadipscing. Sit dolor commodo ipsum soluta no consetetur ipsum. Dolores ipsum accusam dolor consequat et erat clita eos erat rebum amet nisl adipiscing.\nNonumy erat luptatum sea rebum enim amet volutpat sea invidunt eros dolor. Sit dolores est. Ut vulputate ea voluptua vero in accusam diam nonummy consequat ea erat te velit. Aliquyam magna quis invidunt kasd nonumy at dolor consequat. No ut rebum aliquyam stet voluptua stet takimata ex dolore dolore. Vulputate ea odio nonummy dolore praesent magna dolor assum augue duis. Dolor dolores duo erat consetetur accusam kasd illum magna justo in diam sanctus sit sit ut ipsum et. Invidunt lorem stet voluptua stet vel feugiat takimata facilisis et accumsan et nobis eirmod sit erat clita sea. Rebum gubergren kasd eu dolor sit eos. Euismod invidunt amet takimata sadipscing ut nisl consetetur elit et sed eirmod ipsum. Stet ex sed et accusam diam dolor eirmod duo est amet accusam sea sea at dolores lorem. Laoreet dolores sed iusto voluptua. Nulla esse consetetur quis ipsum dolore accusam esse et sit lorem sea justo dolor clita sit rebum tempor dolor. Nibh facer exerci rebum justo magna labore labore augue eu et lorem nulla stet nibh lorem gubergren magna. Sed labore eum liber takimata lorem dolores dolor ut sit dolor ipsum lorem aliquyam. Tation diam voluptua aliquyam consetetur accusam in tempor diam ut sed ipsum lorem sanctus lobortis sea autem no. Invidunt sed aliquyam ut dolor gubergren.\nDolore stet justo quis. Invidunt stet et velit diam. Eu magna ut dolor odio accusam sanctus takimata amet sed stet magna magna at lorem ea. Eros est in. At labore sea amet accusam hendrerit gubergren iriure ut zzril duo no amet aliquyam sit ea magna no. Diam lorem luptatum sed ut eu eirmod sit dolore accusam. Sed dolor ipsum labore ex sadipscing congue ipsum amet magna dolor clita luptatum. Sit consetetur qui dolor eleifend magna sanctus duo facer cum ea gubergren aliquyam et dolor. Assum amet elitr at dolores ex kasd sea amet gubergren est et elitr nobis accusam sadipscing sit. Diam nonumy justo lorem labore diam dignissim ipsum amet. Justo id illum laoreet amet commodo clita takimata. Eos amet veniam et nulla odio lorem et et.\nAutem eos no. Et stet ea molestie clita dolor sea. Suscipit amet no consectetuer dolor ipsum. Vulputate diam stet ut sed eirmod sadipscing nonumy tation aliquip clita sed clita eirmod sea sit aliquyam esse zzril. Et molestie diam enim invidunt. Iriure no eirmod justo ut tempor sed volutpat clita ipsum labore et magna clita sea vero eos dolore. Qui sit option. Consetetur duis labore sed facer sanctus tempor stet duo diam rebum. Ut dolor et zzril. Et diam sit no duo clita lorem accusam duo sea lorem consetetur enim ex duo sadipscing nibh nostrud nisl. At takimata veniam amet volutpat ut aliquyam sit. Vero sanctus ipsum ut ea lorem justo vel aliquyam tempor illum aliquyam. Et dolor et duo ipsum eirmod amet lorem possim vero ex sit vero illum. Dolor tation praesent dolore ipsum est consetetur odio duo at. Eleifend lorem no at et eos ipsum et ut blandit. Ut illum sadipscing liber stet ex dolore clita hendrerit nostrud velit sea kasd dolore te. Diam nonumy clita vel dolor nulla et voluptua sit et ea. Feugiat sed takimata aliquyam kasd nostrud est. Nonumy kasd veniam et eos velit nonumy sed ea te dolor quod no assum augue.\nVero facilisi consetetur no et et ipsum hendrerit vel magna lorem dolor sed. Accusam diam accusam minim amet sed voluptua et rebum justo eos. Lorem aliquyam vulputate sed consetetur iriure sanctus takimata eirmod sit kasd kasd justo facer accusam tempor erat. Eos iusto sea ea.\n",
        "publishDate": "2023-08-23T17:17:07.1926557+00:00"
    },
    {
        "id": 120,
        "title": "Book 120",
        "description": "In voluptua illum sit duo ipsum hendrerit. Kasd augue in labore ipsum wisi esse molestie diam et suscipit. Praesent amet sadipscing justo takimata ut elitr takimata imperdiet feugait duo sanctus. Vero nostrud duo diam sanctus vulputate ut tempor vel labore diam sit est labore dolore. Est ad eum at nulla ea sadipscing consequat eu consetetur dolore gubergren consequat dolor invidunt ipsum. Diam vero sanctus dignissim et clita in eirmod sadipscing dolores iriure lorem nonumy ut. Consetetur invidunt et sadipscing diam. Exerci gubergren dolores ut dolores duo sea. Laoreet sit ea sed amet nonumy dolor diam molestie sed et amet consequat in ipsum nihil vel sed sadipscing. Et ea vulputate tempor nulla blandit molestie ea eirmod lorem tempor stet amet rebum esse dolor delenit. Et at erat esse accusam eum eos nonumy rebum eos kasd molestie esse diam at lobortis sea at ipsum. Sit et consetetur et assum. Invidunt facilisis lorem eirmod ipsum magna et illum duo duo vel ex stet no lorem blandit suscipit. Ipsum invidunt zzril dolores diam sed lorem feugait lorem nulla facilisis voluptua elit ea dolor. Sed delenit diam sed et gubergren aliquip eirmod elitr sed eos eros illum nonumy consequat. Nibh soluta dolor ipsum consectetuer invidunt. Accusam dolore clita accusam takimata sanctus adipiscing takimata amet soluta et lorem magna at aliquyam takimata eros. Feugiat nulla ipsum sanctus rebum erat diam sanctus clita dolore. Eirmod augue nulla.\n",
        "pageCount": 12000,
        "excerpt": "Justo consetetur hendrerit diam erat et gubergren labore lorem vero takimata eos. Nonumy consequat autem. Lorem est kasd sed consequat duo eirmod amet et sadipscing et sed sed nonumy. Est magna gubergren ipsum ipsum lobortis et amet dolor rebum consequat. Ipsum tempor sadipscing facilisi sed aliquip dolores vero esse magna invidunt ipsum voluptua feugiat clita voluptua nonumy diam. Augue ut kasd duo luptatum stet magna ipsum amet blandit dolor. Diam dolores diam eu sed sed aliquip elitr diam amet. No eos amet eos voluptua et sadipscing consetetur sanctus takimata suscipit et sanctus elitr et kasd. Feugiat ipsum dolores sed no tempor. Et lorem ipsum lorem lorem lorem ipsum eum ipsum justo dolor. Et diam est. Nibh accumsan takimata nisl eirmod et et tempor placerat illum gubergren clita mazim consetetur vero. Liber est dolore.\nEirmod sit ipsum no clita. Invidunt diam invidunt facer justo consetetur elitr nostrud illum dolore. Est diam diam nulla clita consectetuer sadipscing. Lorem at amet. Sea amet tempor vero. Lorem dolor et clita elitr in invidunt ipsum dolor amet diam sit aliquip.\nDuis diam sit vel vel sed diam eos in eos takimata kasd sed tempor. Sea aliquip praesent ut accusam. Sit duo erat et vero. Sed in dolor ut odio diam nam vero praesent consequat est sed magna. Dolore kasd nonumy ea sit nulla diam invidunt tempor exerci ut magna vel aliquip. Et et dolor sit sadipscing minim consetetur no magna lorem et ea eum gubergren quod imperdiet eros. Facilisis consetetur diam aliquyam dolor erat in accusam sadipscing sit.\nSanctus in est nonumy dolore kasd ipsum facilisis tempor nibh vel dolor labore rebum nonumy diam no. Minim kasd elitr sea dolor sea nonumy elitr sea et ut iusto laoreet clita ea ut congue sit. Esse liber dolore sea sit dolor amet no nonumy erat. Wisi et diam vero eirmod dolore.\nIriure dolor sed duo amet luptatum sit dolore takimata vero aliquip. Ut et ipsum sed consectetuer aliquyam ipsum. Sea invidunt eos amet rebum dolore dolore amet doming ea ut vel nonummy labore. Eleifend amet sit magna. Vel blandit in qui justo duo rebum sit invidunt dolore nostrud nonummy erat wisi liber sed.\n",
        "publishDate": "2023-08-22T17:17:07.1927326+00:00"
    },
    {
        "id": 121,
        "title": "Book 121",
        "description": "Est dolor amet quod nonumy ut wisi eos. Sit erat dolor dolor amet ipsum voluptua te sed eum augue dolore amet dolores vel duo ipsum nonumy sit. Et duis sed dolores consequat dolor sanctus et voluptua. Sit sit sit lorem rebum et assum aliquyam. Erat ipsum lorem ea autem invidunt kasd no. Sadipscing sadipscing accumsan amet erat lorem lorem lorem. Aliquyam minim dolor tempor sadipscing labore doming elitr kasd invidunt elitr ipsum stet eum volutpat. Duo ea amet dolore amet magna sadipscing eirmod accumsan eos dolores est et ipsum.\n",
        "pageCount": 12100,
        "excerpt": "Sadipscing euismod nulla lorem ad elitr gubergren assum et vero at voluptua duo illum aliquyam. Sed diam justo esse iusto et ea amet takimata gubergren elit. Dolores velit no consectetuer no iusto euismod sanctus et justo exerci at est lorem sit id lorem labore et. Clita in delenit sanctus eu. Duis aliquam gubergren nostrud voluptua facilisi illum diam. Ea ea exerci sit ad diam eos et sanctus zzril sadipscing dolore dolore sit accusam diam diam justo. Eros erat diam lorem lorem est et gubergren. Diam mazim est stet ea qui dolor erat aliquyam luptatum et et hendrerit stet sea. Dolor odio dolore vero et dolore odio ea takimata dolore sadipscing takimata clita nulla sit. Aliquyam te at eirmod iriure ea duo erat amet vero. Tation dolor et tempor et et augue ipsum dolores nonumy invidunt vero eleifend et. Ut sit nulla accusam amet in.\nInvidunt dolor cum quod nostrud tempor assum. Sea dolor dolores ea stet ut amet gubergren sadipscing duis et erat. Consetetur invidunt sed clita sed sadipscing amet lorem sed in sea justo dolor ut. Dolore tation ut ex sed dolor diam aliquyam autem sanctus volutpat consequat sanctus. Quis invidunt duo no amet elitr sea euismod dolore invidunt consetetur lorem luptatum ea dolor no sit vero. Duo erat qui delenit. Sit eleifend commodo lorem no ullamcorper sadipscing takimata at molestie. Placerat sea tincidunt dolor consetetur justo lorem. Et vero at et duis erat nonumy gubergren eum tempor labore eirmod no vulputate erat. Amet sea invidunt sit te minim tempor gubergren consetetur amet feugiat aliquam diam diam est. Sanctus stet ea gubergren voluptua aliquyam est duis vero iriure lorem lorem. Duis lorem sit sed ipsum sit lobortis et eu zzril dignissim invidunt ea no. Wisi aliquyam mazim.\nLorem eleifend wisi takimata nulla lorem. Nisl suscipit accusam lorem nostrud dolores ipsum sit amet nonummy nonumy et. Aliquam ut diam dolor iriure dolor consetetur accusam sadipscing consetetur invidunt lorem eleifend accusam vulputate et. Tation lorem lorem nibh dolor mazim suscipit volutpat elitr ipsum stet no et sed lorem. Lorem eos molestie et wisi autem molestie eirmod. Nostrud nulla ut consetetur stet rebum ut clita iusto et sed vel. Volutpat tincidunt diam ipsum cum diam dolore in. Ipsum accusam rebum consequat diam lorem at accumsan stet consequat et no quis diam eirmod ut erat eirmod eum. Consetetur ut ut kasd amet rebum no clita lorem amet nam laoreet ut. Diam rebum congue dolore et dolor ipsum et lorem et kasd duis. Ea lorem at et diam dignissim sea et ad adipiscing ipsum ipsum no nonumy elitr est dolores diam dolore. Erat amet at vero ea adipiscing clita lorem clita lorem enim facilisis tempor. Amet accusam diam hendrerit volutpat sanctus. Autem vel sit sit dolor et iriure gubergren kasd invidunt augue et clita sed. Sed sit sadipscing nibh exerci voluptua iusto no rebum dolore consetetur nobis amet et eros consequat erat qui ipsum.\nTakimata erat erat zzril molestie eirmod labore erat justo eirmod ullamcorper erat aliquyam. Tincidunt magna diam zzril sadipscing elitr eos. Hendrerit et labore ea nulla invidunt sea ipsum takimata rebum congue vel. Et stet gubergren at tempor ullamcorper feugait amet ipsum blandit molestie ea. Labore amet eirmod est lorem ullamcorper stet aliquyam sea. Magna wisi vel ea kasd illum dolore imperdiet lorem sit eos. Dolores magna placerat sanctus lorem rebum placerat ipsum. Eum sit justo dolor sea rebum dolor no. Illum erat sed sed facilisis vero no elitr ea nonumy lorem eos tation et at dolor consequat sea. Duis ipsum et vel lorem magna cum wisi euismod stet dolor volutpat. Tempor eos et et et voluptua dolores duo magna clita duo sit volutpat wisi diam vel eum. Feugait accumsan assum consetetur nonumy invidunt ea sanctus. Kasd ipsum veniam aliquyam imperdiet in et aliquip dolores praesent eirmod vero nam vero no duo sed ipsum.\nDolor rebum labore dolore. Sadipscing sit te elitr et lorem eirmod euismod ea diam duis sit consequat molestie. Sadipscing ea eirmod justo nostrud labore tempor nobis ut. Ipsum vulputate amet at stet feugiat ut dolore eos ipsum congue delenit. Duo duo eirmod iriure sanctus labore duo dolores. Clita et euismod et et et placerat vero takimata minim dolore ipsum. Kasd sadipscing diam dolor elitr diam ipsum at dolor nonumy minim accusam odio amet voluptua. Rebum ad in suscipit exerci et clita nonummy magna sed vulputate sadipscing. Dolor invidunt dolor voluptua. Diam accusam facilisis lorem quis diam. Magna in amet dolores iriure justo et ea ex eros sit amet diam gubergren aliquip.\n",
        "publishDate": "2023-08-21T17:17:07.1928305+00:00"
    },
    {
        "id": 122,
        "title": "Book 122",
        "description": "Accusam dolor ut eum nibh est ipsum ea sit. At justo stet gubergren. Ad elitr tincidunt consectetuer duo enim invidunt est vero dolore rebum dolore diam soluta dolore eos qui. Labore et elitr hendrerit sanctus invidunt et elitr dolor erat magna nam duis in duo. Amet lobortis duo eos stet sed ut dolor. Autem amet ea clita adipiscing rebum rebum. At sed nibh ipsum molestie vel placerat sea takimata clita dolor justo duo et ut tempor sit invidunt vero. Duis sit lorem ipsum. Dolor sea qui et aliquyam possim suscipit dolores nihil duo rebum sea in augue justo. Ea aliquam adipiscing duo nulla voluptua sit iriure ea dolor. Clita no elit kasd suscipit vero erat velit vero eirmod tempor aliquyam eos magna. Aliquyam ea elitr stet no nisl sea aliquyam eos lobortis takimata ea ipsum et iriure vero. Dolores sadipscing ut sea duo dignissim sea ea lorem diam sed. Diam nulla voluptua tempor dolore liber justo. Ipsum vulputate suscipit clita nihil dolore hendrerit commodo erat ut. Ut stet vel clita autem sit rebum labore iriure. Ipsum lorem dolore luptatum suscipit et magna aliquyam clita et sit justo sanctus laoreet ipsum. Sanctus at et diam feugiat invidunt duo et elitr. At et stet facer tation.\n",
        "pageCount": 12200,
        "excerpt": "Lorem esse vel sed amet nonumy voluptua clita ea dolores et justo. Facilisis gubergren rebum erat diam. Ut dolores nonumy erat esse dolor at et sed ea duo possim. Sit ea ipsum duis nobis in gubergren ipsum euismod amet gubergren. Lorem lorem et amet duo sit labore aliquip lorem ea vulputate rebum id gubergren magna nonumy vero eu dolor. Autem te sit aliquyam invidunt kasd elit clita erat delenit vero ipsum quis gubergren eirmod. Sit ut feugait ipsum labore nonumy vero velit sadipscing iusto. Mazim nihil facer luptatum kasd clita elitr placerat vero tempor lorem voluptua hendrerit nonumy ipsum et. Sed et amet labore accusam suscipit consetetur iusto takimata lorem dolores takimata tempor. Odio soluta et eirmod iusto facilisi et clita dolore consequat consequat consequat aliquyam. Takimata dolores sea invidunt consectetuer sit. Accusam accusam diam et eirmod erat no est stet id ut. Ipsum at placerat erat sit voluptua ea sed aliquyam diam ea autem in ipsum stet vel diam. Erat iusto tempor eirmod amet feugiat magna sit labore sea ut takimata nibh diam aliquip enim velit. Praesent no facilisis gubergren ut consetetur ea ea takimata elitr et tempor dolores sit eleifend sit.\nAmet rebum in gubergren placerat dolores et laoreet et eos te tempor magna. Dolores sadipscing nulla. Elit accusam invidunt sadipscing. Justo magna nonumy eleifend ipsum consetetur clita euismod amet rebum. Rebum laoreet feugiat takimata et feugait ea dolore gubergren sadipscing est et gubergren gubergren amet suscipit minim vulputate. At dolore takimata diam elitr est ut dolores sed erat et wisi. Eos diam diam rebum duis eos invidunt at blandit eos et et delenit tempor sanctus placerat doming. Magna labore ipsum nonumy minim facilisi dolore. Magna nonumy ut et ipsum velit sed at magna blandit ea takimata at nulla est sanctus takimata nonumy quis. Diam consectetuer sed in ex sed diam nulla no labore elit accusam dolore augue et magna amet. Et eros est invidunt takimata euismod sadipscing eirmod no ullamcorper commodo nulla magna eos ipsum vero elitr. Ea wisi at at ipsum dolore. Sit labore nonummy voluptua clita est vero ullamcorper aliquyam duo et. Sed stet elit adipiscing rebum erat ipsum. Clita ipsum consetetur vero ut hendrerit molestie et ipsum lorem sed in diam esse gubergren no sit.\nInvidunt at sadipscing dolor est rebum eirmod sit. Ut magna sit voluptua rebum amet sea eum feugait ea sit. Ea tation ipsum voluptua suscipit diam adipiscing vero. Molestie amet et invidunt dolores takimata et sit nonumy dolore tempor eirmod dolor. Laoreet sea dolor ipsum diam tempor velit labore dolore sit diam blandit. Sanctus voluptua eum at laoreet sed nonumy nulla minim veniam. Dolor sadipscing nonumy elitr volutpat takimata ea ex suscipit at. Duo iusto voluptua elitr dolor ea lorem dolor lorem. Praesent possim ea takimata sadipscing. Erat kasd no blandit sanctus veniam magna sit. Nonumy consetetur consectetuer at dolore sanctus stet minim vero sea at et gubergren aliquyam eos sed ipsum. Te veniam et vero labore nonummy est. Hendrerit dolor accusam sea at no et sit sed et sanctus et. Exerci lobortis diam nulla amet justo et stet aliquyam ut tincidunt. Sit erat lorem nulla dolore gubergren sanctus ipsum diam augue adipiscing et. Nobis elit tation et nonumy ut eos et. Tempor kasd amet consequat dolores sea dolore elitr augue kasd ea amet accumsan aliquam accusam. Dolor kasd lorem odio ea gubergren justo est elitr duis.\nSed sed vel. Sanctus volutpat molestie consetetur erat eu consetetur zzril eos qui ut ut diam amet. Kasd duo nisl. Justo eos erat tempor gubergren at facer placerat justo est et. Erat ut vel consetetur takimata nonumy sit sed sed dolores dolor delenit duis tation elit. Te accusam sadipscing autem nam dolor dolore sit tempor nonummy vero justo. At voluptua dolore takimata velit illum luptatum. Sanctus et et et. Illum suscipit lorem et at amet consetetur takimata aliquyam magna facilisis duo nibh takimata aliquyam. Takimata amet ea voluptua ea sit ut diam facilisi amet erat rebum tincidunt nonumy. Odio tation consetetur stet. At duo nam.\nWisi erat erat dolore nonumy sanctus eos et in et vel hendrerit amet vel sit erat stet stet stet. Aliquyam eleifend eros et no at et duis voluptua gubergren. Nonumy sed sit magna eum stet sea duo hendrerit takimata duis et nonumy at sed nulla nihil. Sit kasd lorem nulla amet. Duo nisl praesent vero vel lorem te ea nonummy voluptua aliquip praesent dolor ea et et sanctus. Sadipscing congue diam ad erat est aliquyam dolore eos facilisis voluptua volutpat invidunt magna. Takimata augue nonumy magna et est ut erat consequat eirmod rebum et sit ut feugiat stet. Sanctus in duo nonumy elitr justo dolore vero amet molestie feugiat et eirmod stet diam ut minim. Tempor vel ut et vero sea dolor. Eu suscipit invidunt dolores et. Et sit clita te magna amet ea sanctus sea vulputate eirmod blandit et magna nostrud voluptua. Magna dolore dolore sed aliquyam sed amet wisi voluptua et lorem diam no ut sed clita. Lorem sed sit ipsum nulla clita nulla vero et dolores labore at. Eirmod lorem ipsum esse. Labore veniam dolore invidunt sit clita.\n",
        "publishDate": "2023-08-20T17:17:07.1929658+00:00"
    },
    {
        "id": 123,
        "title": "Book 123",
        "description": "Aliquyam kasd stet lorem gubergren. Nam duo magna volutpat at. Facilisi accusam suscipit lorem. Kasd et sed elitr et aliquam nam facilisi.\n",
        "pageCount": 12300,
        "excerpt": "Aliquam iusto delenit justo eirmod takimata ipsum et dolor erat et nam takimata justo dolores sanctus dolore sed. Dolore at ipsum dolor sed in sit eu stet aliquyam tation. Et et ea eirmod stet nobis consetetur. Dignissim qui takimata amet eu et vero vero nostrud vero sed sanctus sed ea lorem sit minim voluptua justo.\nAccumsan diam ipsum diam. Lorem elit mazim. Et diam iusto sadipscing sanctus duis nisl. Veniam dolor invidunt vulputate vero accumsan ipsum consequat laoreet. Dolores consequat diam eirmod dolore nonummy sadipscing kasd veniam tempor est no et dolore invidunt in consequat. Dolor justo elitr consetetur nibh. Sed eos amet vero vel molestie aliquam takimata justo accusam volutpat no no ut elitr elitr et amet. Ipsum voluptua accusam autem duis dolor. Ipsum wisi dolore ea et et lorem dolor nulla no dolor sit amet. Blandit dolor no veniam takimata voluptua dolor ipsum amet gubergren dolor stet sit sed et suscipit.\nEt voluptua nulla lorem voluptua et dolor id diam sea quis aliquip. Duis labore vel adipiscing voluptua elit est possim at kasd dolore aliquam et. Nulla id minim. Labore sit justo ad nonumy blandit delenit et quod quis. Nisl amet voluptua ad ut elitr clita gubergren te. Sed est diam delenit consetetur nonumy nisl est sit. Sit voluptua in facilisis amet vero aliquyam amet dolores ut sanctus tempor dolor sea. Dolor sed takimata tempor iusto rebum. Dolor gubergren est dolor sed dolor. Invidunt aliquyam lorem facilisi et nulla sit est. Stet duis sit volutpat dolor accumsan qui sed consetetur. Kasd no justo. Duo erat stet labore eos sed magna lorem et at et. Vulputate laoreet no doming sit et facilisis. Consetetur sea amet sit takimata dolor gubergren ea.\nEt et voluptua dolore elit duis lorem magna et amet dolor hendrerit veniam enim sit. Lorem sadipscing gubergren elit in eirmod rebum gubergren soluta eu duo dolores consetetur doming justo odio volutpat kasd et. Hendrerit takimata sit amet et ea sit ut facilisis dolor euismod exerci ad eirmod. Dolores lorem eirmod autem velit facilisi sit et sit no ipsum. Sit elitr gubergren consetetur justo erat eos nihil sadipscing vel no sed ut eirmod sed nulla sit.\nOdio nonumy ipsum consequat dolores aliquyam ipsum invidunt iusto mazim diam amet elitr diam stet iusto sadipscing. Sed at dolores dolor gubergren ex ut eum nulla et autem at dolores duis dolores. Option dolor lorem hendrerit quod stet odio sadipscing duo. Ipsum sit amet dolor erat labore ut vel nostrud at nulla aliquyam sed clita dolor accusam duis voluptua takimata. Voluptua elitr dolor ut nulla. Ut laoreet dolore erat lorem.\n",
        "publishDate": "2023-08-19T17:17:07.1930234+00:00"
    },
    {
        "id": 124,
        "title": "Book 124",
        "description": "Sanctus commodo dolore enim duis sadipscing ipsum in lorem ut no no justo justo invidunt eirmod laoreet dolore elit. Nulla eum kasd sea. Euismod rebum voluptua. Duis illum et erat takimata sed kasd et euismod lorem et no. Volutpat dolores lorem ipsum nonumy eum accusam ut eos aliquyam placerat justo consequat no ipsum vero laoreet duo. Accusam erat takimata diam velit gubergren stet duis at ea dolor amet ipsum voluptua iriure voluptua consetetur ut exerci. Dolor et sit te commodo amet aliquyam hendrerit feugiat sanctus. Ipsum justo ipsum ullamcorper justo facilisis diam dolores eirmod gubergren labore sit amet voluptua vel sadipscing sit diam. Imperdiet aliquam gubergren dolor kasd dolor. Ea kasd tempor. Odio ea et nonumy amet feugait amet in aliquam dolore ipsum liber velit dolor labore kasd. Ut magna eos labore commodo rebum diam doming elitr et et. Ut dolore aliquyam aliquyam feugait diam justo sadipscing. Aliquyam voluptua magna sea diam qui sadipscing stet et. Duis lobortis ullamcorper aliquyam rebum rebum et est duo nostrud nostrud. Iusto et erat ipsum lorem.\n",
        "pageCount": 12400,
        "excerpt": "Aliquyam ipsum lorem labore sit accusam sanctus. Voluptua ipsum aliquyam invidunt eu et molestie augue est dolor dolor ipsum et. Ut ex blandit et gubergren et kasd aliquyam consequat vel invidunt eos sadipscing. Dolor et ut no sanctus facilisi. Vulputate accusam vero aliquyam labore labore accusam suscipit tincidunt et accusam vero consequat dignissim facilisis. Dolores consetetur ipsum augue sit rebum eu amet no diam diam ut duo. In aliquyam sed consetetur aliquyam amet clita ipsum. Vulputate in nonumy no diam lorem eos kasd consetetur blandit et. Rebum lorem sadipscing ut at ullamcorper. Velit takimata amet est est ipsum eos ut zzril ullamcorper nostrud dolor eirmod stet dolore. Vero et est. Ut sed dolor eum ad ipsum eirmod euismod voluptua duo et lorem eos eirmod eirmod ut sadipscing. Sit kasd wisi nam praesent lorem cum ut dolore diam. Eirmod justo ad justo erat hendrerit veniam accusam dolore.\nGubergren erat eleifend magna vel est eos sit duis commodo vulputate nulla elitr amet dolor dolor consetetur nulla sed. Et ipsum dolore eirmod ea nonumy ut eos luptatum accusam stet kasd sea nonummy amet invidunt takimata et diam. Vel magna at amet et nonumy accumsan at vero sadipscing duo te et. Sed clita ipsum minim amet sit lorem labore dolor sadipscing labore nibh eos amet nibh. Sed vero tempor stet nihil ut et invidunt vulputate invidunt eu sea ea vero dolor. In ea vulputate labore diam minim dignissim sed dolor. Commodo et facilisi molestie dolor elitr stet duis ut. Dolor sed elit sanctus nonumy stet et delenit rebum minim ipsum sed diam ex ipsum gubergren sit. Lorem facilisis et ut ipsum ipsum liber euismod clita justo nonumy placerat dolor. Nonumy doming invidunt justo amet. Eos et vulputate accusam sed et nonumy accusam sadipscing nonumy et delenit. Et te diam. Dolores eirmod amet duo consequat wisi. Te elitr veniam lobortis nisl duis sit soluta dolores eu gubergren vel vero aliquip ut accusam esse ut eirmod. Invidunt sea doming at nonumy lorem est ut dolore eleifend rebum ipsum in molestie nonumy.\nAt rebum autem nisl amet vel dolore kasd ipsum et labore in. Dolor duo sit erat dolores ipsum diam est ea exerci eos dolore accusam ut qui sit. Suscipit eos eirmod soluta sed lorem wisi commodo et tation stet stet elitr dolores ut facilisis ipsum ipsum augue. Sit ut elitr eos feugiat feugiat et sed. Erat magna stet adipiscing elitr eum et eos consequat dolor aliquyam ex.\nVeniam erat sed invidunt dolor accusam vulputate laoreet magna accusam nihil dolor ut magna magna et duo. Sadipscing sed diam no labore rebum sit eirmod invidunt lorem kasd dolor dolore et erat laoreet autem magna vulputate. Et magna elit et lorem elitr eirmod erat voluptua ut sea nibh labore sit nisl dolor takimata. Ut sed justo lorem ipsum erat sed aliquyam nonumy ea amet eos sit nibh lorem erat. Elitr minim adipiscing ea iriure diam sit dolore dolor amet odio dolores magna id dolore ea. Possim sed ea nulla luptatum stet ut erat ipsum sanctus tempor ad ea. Ea est lorem lorem eos dolor dolores exerci dolor.\nQui in ex rebum at et sanctus dolores lorem tempor magna. Ex et ea consequat ea dolor lorem commodo lorem elit no diam sit voluptua. Gubergren eos ut diam diam no eirmod dolor voluptua lorem dignissim illum invidunt sea doming ea. Consetetur facilisis sed accumsan mazim sed dolor eos. Duo clita invidunt duis ipsum velit dolore te dolor consetetur ea. Vel labore sit at consetetur ut iriure sed et sea dolore dolore vel amet justo ut velit invidunt. Et lorem diam amet voluptua clita gubergren sit dolor amet consetetur at ut sit cum duo elitr sed kasd. Accumsan vero luptatum et kasd diam lorem kasd ipsum praesent erat et ea kasd. Est et et justo.\n",
        "publishDate": "2023-08-18T17:17:07.193119+00:00"
    },
    {
        "id": 125,
        "title": "Book 125",
        "description": "Ut sed sed eos dolor et clita dolore diam autem sanctus in. Nulla tincidunt nonumy nonumy ut invidunt sed ipsum dolor wisi justo vero nostrud iriure accusam lorem dolor ut diam. Magna vero amet et gubergren ut accusam veniam erat voluptua et at diam sed nobis diam. Nisl ullamcorper amet. Aliquam tempor feugait et dolores elitr doming placerat commodo in voluptua sit consectetuer. Lorem diam commodo duo mazim ea facilisis et et nihil augue dolor feugiat diam luptatum consequat eum. Consetetur labore magna tempor stet sit elitr duis consetetur et stet sit et sed nostrud iusto commodo. Velit sit stet erat minim lorem magna dolor nulla accusam et. Vero justo stet vel dolor delenit no et.\n",
        "pageCount": 12500,
        "excerpt": "Voluptua no ipsum no takimata ipsum. Vel blandit vero kasd diam sit sadipscing labore vel ipsum magna sanctus sed consetetur iusto. Aliquam amet consetetur vulputate enim id rebum clita adipiscing dolore laoreet exerci. Erat et iriure nostrud sed elitr dignissim sanctus erat ut et accusam dolor takimata doming sed kasd. Dolor diam accusam dolores stet clita invidunt qui sed ex clita aliquyam takimata accusam lorem. Minim magna tation ea sit sit invidunt dolore feugiat gubergren et ad lorem molestie tempor labore magna kasd. Sea lorem clita no elit ut sed dolor et vel ipsum sed ea diam dolor sed magna. Augue no labore justo ut nam sit diam cum lorem accusam sit sed sed. Et elitr aliquyam justo et diam sea duo duis justo nam aliquyam dolore takimata sea sit clita eos. Takimata dolor takimata est feugait diam. Diam ipsum sed amet adipiscing ad et dolore adipiscing ipsum eos sed no. Sanctus sed nisl lorem consectetuer facilisis nam et et ipsum gubergren consetetur lorem accusam. Gubergren invidunt aliquip quis et liber vulputate nonumy duo ut diam gubergren labore elitr stet erat.\nMolestie aliquam clita laoreet sanctus vero vel et eos dolor option diam placerat ad erat magna tincidunt kasd velit. Tempor takimata justo sit justo ut kasd. Takimata at stet blandit nonumy magna sit sit ea nisl feugiat eum magna dolore et.\nConsetetur kasd sadipscing ullamcorper id praesent magna kasd consetetur dignissim ut option. Ipsum lobortis stet ea autem magna labore. Duo kasd dolore. Elitr duo nibh lorem amet consetetur elitr erat tation voluptua. Lorem in clita sadipscing elitr elitr consetetur consetetur takimata accusam. Diam sea enim sit ullamcorper dolor takimata. At aliquam diam consetetur dolore lorem diam aliquip dolore consetetur et ut. Consetetur ipsum id takimata elit eirmod elitr et vero duo takimata aliquyam laoreet option odio eos stet eirmod sed. Dolore amet invidunt kasd. Vel consetetur dolor odio elit lorem facilisi consectetuer ut gubergren. Vero quod eos rebum rebum odio dolor aliquip sit ipsum stet ea tempor eu justo nam sed clita dolor. Duo labore sed nonumy augue diam tempor exerci justo consectetuer diam ipsum hendrerit praesent lorem justo et sadipscing. Autem magna cum feugait luptatum nonummy at autem nonumy te kasd elit nonumy dolore et tempor diam amet. Blandit feugait qui voluptua consequat sit diam gubergren erat. Sed sit facer labore sit voluptua sed vel mazim. Nibh in at ipsum sit et est velit et eos. No molestie ea eum erat voluptua est et sea. Consequat et sed et quis accusam doming tempor vero dolor ut et aliquam.\nUt et at sea amet sed nonumy vero voluptua velit illum at quis et ex kasd stet. Et est no dolor sanctus feugait qui vero ipsum zzril et sanctus minim ea eos clita labore. Magna amet clita delenit dolor est ipsum ipsum erat eum invidunt duo. Sed kasd eos. Stet et accusam zzril molestie nonumy invidunt rebum sadipscing ipsum et. Ut consequat ipsum et sed aliquyam justo lorem velit sea tempor amet aliquyam elit eos. Invidunt vulputate magna consetetur aliquyam nulla dolor diam duis takimata. Et voluptua justo ut erat dolore invidunt. Gubergren tempor magna dolor dolore sadipscing et accusam stet qui. Sed lorem et consetetur diam amet eirmod voluptua dolore diam. Hendrerit elitr et duo sit veniam dolores lorem. Erat ea lorem stet aliquip est nulla lobortis dolor iusto. Et volutpat duo zzril elitr sanctus dolore mazim invidunt dolore sanctus sadipscing. Gubergren sit sanctus vero sanctus dolor kasd lorem sea lorem et. Est invidunt vero iusto sadipscing soluta vero nulla commodo kasd sanctus at et et diam. Eum blandit et vero sanctus nibh iusto exerci amet magna elitr sanctus. Dolor rebum volutpat dignissim lorem tempor dolor sea. Elitr dolore dolore ea nonumy ipsum.\nNonumy volutpat takimata consequat sed no. Sadipscing in dolor autem adipiscing facilisi stet gubergren sit et labore dolor nam et ipsum dolor. At suscipit in labore sed diam amet vero dolores ipsum elitr possim duis. Eos vero nonumy diam rebum exerci sed at sit erat ipsum ea lorem accumsan dolor nisl sadipscing. Dolore nisl et et praesent. Dolor ea dolore vero sit nonumy accusam et ea consequat gubergren facilisi sea sit. Magna nonumy labore sit clita aliquyam ullamcorper diam stet sanctus rebum voluptua et. Sed sadipscing ipsum sanctus sed no et stet illum sed. In labore dolor dolore ipsum doming elitr aliquyam ea sit clita tempor eum ut vero vero nostrud eu volutpat. Erat et dolore euismod eum sea amet clita vulputate sanctus dolor euismod consetetur nonumy. Nonumy diam eros ipsum aliquyam et et dolor et duis nonumy diam ut duo. Vero ea dolores esse sed amet erat at eirmod diam te sanctus clita eum. Enim consetetur lorem dolor erat ea dolore amet eirmod duis et in gubergren. Nonumy erat duis dolor tempor dolore eirmod. Aliquyam quis elitr hendrerit suscipit sit sea ut dolores dolores. Et et amet. Dolores nonumy sit sed lorem erat kasd sit aliquip sit option wisi. Sit ut elitr clita magna takimata ut duis no et nonumy erat sed velit kasd ea hendrerit tempor.\n",
        "publishDate": "2023-08-17T17:17:07.1932347+00:00"
    },
    {
        "id": 126,
        "title": "Book 126",
        "description": "Eos autem stet dignissim diam. Feugiat amet rebum vero aliquyam. Et dolor accumsan rebum. Aliquip elitr gubergren accusam kasd facilisis dolores. Stet facilisi veniam et aliquyam diam ut diam sed iusto erat gubergren velit eirmod et. Erat lorem ipsum at vero gubergren consetetur clita ut diam et. Consequat et veniam at duis ea kasd amet. Iriure labore aliquyam eos et sed voluptua tempor et et dolores et sit quis augue invidunt elitr ea.\n",
        "pageCount": 12600,
        "excerpt": "Duis dolores sed est at ut duo erat diam sed. Kasd voluptua eos dolore ipsum sanctus sit no magna duo cum dolor justo magna autem. Dolore rebum dolores lorem ex et erat hendrerit sed gubergren et ad in sadipscing magna dolore est ipsum. Diam clita diam ea volutpat eos euismod nisl te dolor. Eos et erat no takimata ea eos sanctus sea eirmod eos et. Velit et at praesent nisl tempor sit. Accusam duo suscipit. Cum ipsum erat magna. Dolor voluptua sadipscing.\nNostrud amet luptatum invidunt esse clita sadipscing diam duo vel sanctus sanctus diam dolor ea takimata lorem. Erat consequat sit ipsum accusam diam lorem. Vero dolore et tempor dolor nostrud eos vel dolore ullamcorper dolor consequat. Nonumy ipsum magna wisi eos ullamcorper ipsum et et et dolores. Tempor delenit gubergren clita veniam consetetur kasd dolore et eirmod amet sed dolore nonumy ipsum takimata no exerci. Sanctus dolor tempor diam autem odio lorem et delenit at eum. Ea dolores labore gubergren consetetur et amet rebum et suscipit ipsum aliquip dolor ipsum vero. Et et placerat consectetuer laoreet kasd gubergren nonumy et dolore et congue clita gubergren vel. Id autem congue eos ipsum aliquyam sea nisl gubergren. Sea kasd mazim dignissim eirmod dolore dolor erat molestie nulla labore. Consequat est facilisi amet. Nonumy elitr sit dolor ullamcorper diam rebum sanctus accusam eos justo eos lorem rebum eirmod eos at.\nKasd et sit qui praesent labore. Nonumy facilisi dolore diam id eu ipsum ut esse clita elitr. Dignissim eirmod feugiat stet ipsum takimata dolor sanctus nibh nibh sit. Dolore vel erat stet ipsum in in ut duo clita eirmod. Elitr vel sed amet esse duo sadipscing dolor dolore nihil enim sea tempor. Labore dolor diam sed rebum sed gubergren sed dolores vero ipsum. Eirmod sit accusam vero at nulla option eirmod in elitr diam dolore dolor. Clita tempor at lorem ipsum hendrerit. Lorem eirmod consetetur feugiat nonumy dolore eu adipiscing aliquyam tempor est ipsum dolore magna sadipscing aliquam sea justo gubergren. Amet sed sea qui vero. Tempor no lobortis consequat justo iusto et rebum et sit at nibh. Kasd accusam tincidunt sed duis ut clita diam. Sed amet volutpat. Elitr feugiat sed labore dolor exerci nonumy duis consetetur accusam vero nulla takimata kasd molestie dolores. Sit gubergren amet lorem dolore esse consetetur sit sadipscing aliquyam nulla at sed dolore at eirmod nonumy facilisis.\nEt amet eirmod eirmod sadipscing dolores illum consequat dolore exerci sed sit justo tempor zzril iusto dolores ea. No dolores magna aliquam nonumy elitr et dolor aliquyam amet diam et lorem sed stet. Duis facilisi clita et consequat lorem at justo. Et dolor magna est. Magna eirmod vero lobortis sadipscing eirmod lorem stet no amet est lorem stet ea. Nonumy dolor delenit nisl lorem eirmod magna eirmod sadipscing.\nSanctus eleifend ipsum sanctus sed. Rebum eirmod ipsum ipsum imperdiet et est et. Eirmod vel et dolores dolores nulla at. Amet ipsum esse duo nonumy stet esse et aliquyam diam eirmod consequat dolores sadipscing. Est takimata ut vero consequat at veniam ut sea. Nibh lorem labore stet. At magna euismod sed sea ipsum accusam. Sea voluptua in ipsum zzril sanctus blandit gubergren. Nonumy gubergren clita gubergren dolore ut diam ut ipsum feugiat nibh et eos.\n",
        "publishDate": "2023-08-16T17:17:07.1933123+00:00"
    },
    {
        "id": 127,
        "title": "Book 127",
        "description": "Elit eirmod dolor sanctus accusam sadipscing esse aliquam nisl nostrud amet. Elitr et amet ex sed invidunt dolor et vero sed. Tincidunt dolor soluta aliquyam accumsan in in. Diam qui nonumy eos clita est kasd nonumy magna eos. Nonummy erat accusam tempor ut stet takimata dolore. Ea sit sadipscing elit lorem magna elitr dolor eirmod tempor kasd aliquyam. Ea ea amet ipsum eirmod soluta sit. Sed est dolore dolores dolore labore et te dolores nibh dolores sea labore sed aliquyam. Vero lorem elitr nonummy dolores illum sadipscing dolore at ea. Magna et magna ea est dignissim vero odio sed eleifend. Dolore diam aliquam labore et et euismod ipsum vero dolore nonumy ipsum consetetur iriure et zzril. Stet elit lorem. Duo autem accusam amet ipsum diam sit esse. Aliquam magna kasd dolore dolores ut clita dolor stet rebum dolore nonumy no erat magna dolor accusam qui. Sanctus aliquyam lobortis nibh eleifend ut cum aliquam ipsum et duo ipsum dolores sit kasd dolor zzril. Clita facilisis tempor lorem dolore sit et dolores dolores vero vel diam diam dolore elitr. Dolore dolores et sadipscing feugiat no vel amet rebum ut amet amet amet eirmod ipsum diam.\n",
        "pageCount": 12700,
        "excerpt": "No diam sadipscing velit erat tation ipsum molestie iusto at ipsum elitr diam volutpat kasd dolor. Eum invidunt odio stet ipsum magna et tincidunt exerci est odio nobis. Facilisis takimata sed. Eos sit justo ipsum duo nonummy nulla consetetur eirmod ullamcorper dolor et erat consetetur et dolore accusam. Sed tincidunt accusam sanctus feugait mazim kasd takimata dolor tation dolore. Ea dolor sit nonummy duis at stet. Voluptua nulla sed duo ea no et ipsum et amet sit et et sanctus. Ipsum facilisi dolores. Feugiat tempor quis voluptua est stet sed elitr amet. Consectetuer feugiat invidunt aliquam et ipsum consequat amet ea et amet et nonummy gubergren ullamcorper eos augue dolor takimata. Ipsum nonumy amet invidunt dolore duo illum dolor tempor lorem ullamcorper commodo iusto dolore labore et ipsum. Mazim ut ex eu nonumy veniam facilisi iriure. Sit sit magna labore elitr et qui dolores.\nDiam tempor ea stet magna ea clita justo. Wisi amet euismod vero quod erat at praesent duis eum sit ipsum rebum suscipit sea. Option sanctus at no sit justo kasd gubergren adipiscing kasd. Vero sed clita quis voluptua nulla no magna amet quod rebum liber est eu et. In in gubergren vero dolore euismod lorem consequat gubergren vulputate ut ut eum clita et eros consequat eum. Dolor rebum aliquyam at dolore lorem vero at diam ut ut ut ad aliquip ea ullamcorper blandit lorem tempor. Dolor autem aliquip ex lobortis justo elitr ut volutpat diam dolor eos feugait. Delenit accumsan voluptua magna nam et nibh consequat ut. At aliquip sanctus et sit eirmod illum autem sit magna ipsum. Te clita aliquyam nibh kasd et nonumy feugiat ea clita consetetur invidunt tempor elitr ipsum invidunt tincidunt dolores.\nAt nonumy consetetur amet dolor diam nisl consequat sit sadipscing te erat. Ut ea duis veniam aliquyam elitr aliquip clita. Sit augue consetetur accusam sed lorem vero id. Sed ut consequat adipiscing liber sit. Aliquyam labore labore vulputate consectetuer eirmod invidunt dolore accusam dolore sed et.\nIn eirmod no delenit eirmod magna accumsan euismod amet. No et sea ea dolore. Nonumy nulla eirmod et amet vero lorem aliquam vero stet amet erat justo nulla vero sea. Sanctus ut dolores hendrerit ut erat tempor ea aliquam et dolores minim amet stet tempor nibh sit. Qui labore et clita justo duo est velit at justo. Takimata et sed sit invidunt ipsum rebum eos feugiat lorem. Clita takimata stet nonumy. Takimata in amet at magna et eos sadipscing ut clita diam esse ut ut aliquyam sadipscing sit diam zzril. Elitr facilisis aliquyam diam takimata lorem lorem sit tation et dolore illum sed feugiat ipsum. Voluptua nibh voluptua et dolor ipsum nostrud sea voluptua sed sanctus nulla hendrerit illum nibh ipsum zzril. Amet sea enim possim dolores dolores stet nisl. Esse zzril hendrerit est sit et dolores labore iusto sanctus sea. Consetetur dolor lorem ea erat erat eos sit voluptua sed clita justo et.\nIllum tempor minim tincidunt sea clita ut diam elitr labore eos sanctus at nibh amet eos te et elitr. Voluptua vero tempor nonumy tempor sed sea at sea. Accumsan ut ea illum ex vel consetetur blandit amet diam duis at stet erat nonumy sed. Lorem in est.\n",
        "publishDate": "2023-08-15T17:17:07.1934021+00:00"
    },
    {
        "id": 128,
        "title": "Book 128",
        "description": "Vel et kasd voluptua enim vero in duo lorem elitr dolor accumsan consetetur nonumy diam elitr. Ipsum facilisis elitr et duo nonumy duo gubergren tempor et amet sadipscing et magna et esse veniam sanctus zzril. Dolore aliquyam ipsum voluptua magna. Aliquip eos vero at amet sit sanctus minim sanctus no gubergren ut eu erat imperdiet ea magna. Kasd voluptua labore consetetur ad diam dolore sit hendrerit. Justo eos at et sed et ipsum sea erat sanctus sit consetetur invidunt diam vero iriure.\n",
        "pageCount": 12800,
        "excerpt": "Diam tempor amet at elit dolor ea est dolor amet vero labore elitr ipsum voluptua. Sadipscing labore consequat dolor gubergren sit voluptua. Sed ipsum diam dolores dolore laoreet clita tempor vel quis vero sanctus sea quod vero. Amet invidunt magna sea invidunt assum. Ipsum vulputate et labore sed et sit accusam option clita voluptua eu diam sanctus dolore commodo consetetur at vulputate. Nihil mazim et sed praesent no aliquip consetetur. Rebum sit dolore suscipit et accusam ea et facilisis sed eros ipsum. At amet dolore kasd kasd et consequat takimata.\nDuo duo tation gubergren ut suscipit consequat. Ullamcorper dolor quis. Consetetur nostrud vero nulla invidunt dolore eos duo nulla gubergren labore lorem enim dolor sit nisl volutpat. Et eos sea volutpat rebum sanctus. Gubergren dolore et at dolor et dolor et vulputate ex est invidunt. Consequat duo amet esse lorem facilisi illum ex. Et gubergren sadipscing consequat diam feugait tempor sea amet augue justo labore voluptua sit tempor sadipscing. Sadipscing praesent nisl sadipscing consetetur diam volutpat invidunt clita takimata eos eirmod enim at. Vero dolore kasd sed magna stet diam sed aliquyam consequat est at duo sadipscing doming duo eum autem ut. Dolor sit et at aliquam elitr vel et.\nVero magna takimata ipsum consequat facilisis dolore no amet nonumy lorem in. Ea eirmod molestie duo kasd. Accusam diam hendrerit amet dolore justo diam consequat et no tation dolores. Possim ut vero sea justo aliquip amet justo kasd esse sit magna at consetetur lorem ipsum. Invidunt vero invidunt amet aliquyam tempor magna. Iriure sanctus volutpat. Elitr lorem tempor. Ad tempor facilisis sed duis ea dolore wisi et sed et eros congue invidunt vel lobortis nulla vero. Labore ea takimata nulla ipsum no. Iriure diam consetetur voluptua justo et dolor diam consetetur vero duis clita at. Sadipscing ipsum labore ipsum rebum aliquam est et. Stet aliquyam zzril no lorem nonumy. Vel nonumy dolore sea. Lorem voluptua diam no lorem. Et in clita kasd illum nisl et sed consetetur et suscipit dolores suscipit et eu.\nFacilisis eirmod lorem mazim tempor ipsum id dolor aliquyam dolor magna et duo sed sed ea. Labore dolore ut sit eum magna nonumy stet delenit sit elitr clita sit. Sed no vero quis nonumy qui odio dolor exerci eros diam dolor ut labore. Voluptua amet sed sit clita et amet sadipscing ipsum duo sea gubergren. Vulputate justo ipsum in blandit laoreet laoreet sea consetetur. Eirmod ea erat magna iriure sanctus placerat takimata feugait et vel esse nonumy rebum. Labore gubergren vero tempor voluptua elitr dolore te diam sed. At nonumy invidunt et feugiat aliquyam eleifend vero invidunt tempor sea dolor tempor. Et kasd luptatum sadipscing ut ipsum stet hendrerit gubergren ut clita dolores et erat sadipscing. Est doming accusam dolor consequat ut et nulla.\nNonumy eum suscipit iriure at sea ipsum amet clita dolore consequat volutpat sed nonummy nonummy dolor sed ut. Erat nostrud dolore adipiscing dolore kasd stet duis sed eirmod eos diam nonumy et accusam stet ut aliquyam vulputate. Erat tempor et et nonummy vero voluptua cum. Mazim nulla at vulputate sanctus. Et takimata clita voluptua diam clita no sanctus clita stet no veniam gubergren accusam augue et eos ullamcorper at. Amet assum et lorem feugait kasd nonumy accusam enim elitr eu consequat praesent. Ea takimata justo lorem sea nulla sed aliquyam. Invidunt erat adipiscing duis eu. Amet nulla zzril exerci eirmod diam ut eos sea molestie et ea tempor vero justo. Voluptua no gubergren tincidunt nisl lorem dolor et amet hendrerit sed nibh. Sit erat amet diam placerat sit. Dolores no quis et aliquyam vel ea aliquyam kasd. Sed eos nonumy esse amet molestie invidunt sea vero dolor accusam sit praesent praesent no vero sea et. Commodo et rebum takimata ut ipsum stet aliquyam et consetetur tempor nisl.\n",
        "publishDate": "2023-08-14T17:17:07.193488+00:00"
    },
    {
        "id": 129,
        "title": "Book 129",
        "description": "Magna congue quis lorem amet sit et dolor et rebum lorem dolor adipiscing quis dolor. Takimata amet vulputate dolore nulla elitr autem lorem esse diam tempor in. Rebum lorem et voluptua erat vel et ipsum enim no dolore magna suscipit et ea molestie eirmod delenit volutpat.\n",
        "pageCount": 12900,
        "excerpt": "Tempor te dolore magna. Diam ipsum kasd duo lorem. Wisi magna ullamcorper sadipscing imperdiet accusam nisl at. Dolore sea magna amet dolor et gubergren amet clita lorem quis eleifend nulla vero diam aliquyam feugait amet et. Et tincidunt zzril no sed illum. Facilisi sed elitr dolores sadipscing kasd takimata invidunt stet sed dolore rebum eos. Takimata eirmod justo stet et gubergren takimata dolor aliquyam ipsum dolor eos ea kasd dolor in lorem no aliquyam. Ipsum velit dignissim dolore duo est nobis et ea blandit. Dolore consetetur feugiat gubergren. Nulla sit no accusam justo no sed eirmod at molestie nonummy sit nonumy. Nonumy accumsan vero et voluptua dolor duis invidunt amet kasd nonummy ut et sed voluptua duis erat. Labore molestie rebum gubergren labore dolores magna consetetur eum volutpat feugait aliquyam no. Commodo kasd iriure ipsum sea justo lorem nonummy. Consetetur amet ut consetetur labore diam. Sit facilisis exerci dolor nonummy vel sed aliquyam nostrud. Amet dolore lorem sit iriure ea dolor accusam aliquip et amet eos suscipit kasd delenit facilisi tempor molestie no. Vero sit duo aliquyam est sit at. At dolores dignissim zzril nostrud sit vero. Invidunt odio duis vel ipsum et dolore lorem dolore eos sadipscing ipsum dolore eirmod rebum dolore et takimata et.\nTation vero ea sea ullamcorper sit esse invidunt ut amet. Tempor quod et dolores lorem vero in sit ipsum rebum magna dolore. Sadipscing rebum invidunt invidunt et sed accusam duo diam. Kasd sit labore diam hendrerit diam gubergren dolor vel sed eirmod sea. Duo sed enim dolor diam dolore et velit stet elitr diam ea eum no et et. Ut invidunt sadipscing lorem te accusam et magna duis vero magna. Consequat laoreet duis consequat nonumy duo assum sit consequat soluta justo consetetur lorem feugiat ipsum. Clita gubergren dolores labore et sadipscing. Dignissim justo accusam elitr minim stet lorem et in dolor sed aliquyam hendrerit clita eirmod ex elitr nibh lobortis. Lorem dolores et sit erat sit rebum et stet sea ipsum stet sed aliquip stet eu blandit autem. Consequat dolore voluptua voluptua elitr clita sit vel stet vel autem voluptua et dolor justo lorem justo dolor accusam. Amet adipiscing option stet consequat lorem clita velit tempor lorem consectetuer sit. Ex dolore at facilisis diam vero labore erat duo illum. Ea dolore id et et ipsum diam iriure. Et ea tempor labore stet at labore sit. Autem ea kasd duis eu qui delenit at qui sed sed eu labore facilisis ea consetetur dolore aliquip sed. Praesent ut accusam sanctus tempor consectetuer ipsum nonummy. Et et erat labore dolores elitr aliquip feugait ipsum dolore diam aliquam sed.\nEt ea et sea et diam amet possim sadipscing diam. Ullamcorper sadipscing sanctus vel sit et et sanctus ex stet elitr eu et labore. Ut et et assum clita sea dolor at diam stet zzril enim feugait sit. Sit in et et ad clita dolor vero accumsan vero. Accusam ipsum ipsum ullamcorper suscipit amet diam at lorem. Takimata vero sadipscing et elitr ut et eos dolore et sadipscing est justo amet vel autem gubergren velit. Wisi sit nibh augue id. Lorem lorem ipsum et rebum et duis dolor ea nonumy eirmod sed. Takimata nibh molestie lorem sadipscing et tempor dolores erat sit diam gubergren accumsan esse takimata sea sit aliquyam gubergren. Dolor eirmod magna ipsum diam dolor sit id hendrerit.\nConsetetur aliquip sea diam. In gubergren labore diam dolor qui tincidunt ipsum tempor sanctus sea ipsum sed nonumy. Sea vero sadipscing qui tempor amet invidunt ea sed nonummy dolore at elitr diam labore eos dolores doming luptatum. Labore vel et lorem et consectetuer sed lorem. Sadipscing nonummy blandit ipsum lobortis lorem molestie sit facilisi. Rebum mazim ipsum. Illum aliquam vel. Stet lorem dolor sed sed consetetur consetetur aliquyam clita eos sadipscing dolor magna.\nLorem dolore lorem ea voluptua. Invidunt enim diam gubergren nam commodo et ea lorem takimata aliquyam. Amet rebum amet dolore ipsum ipsum iriure at in sed exerci ut accusam duo. Aliquam ipsum iriure illum lobortis eirmod erat gubergren. Vero magna ipsum vero eirmod ea sed esse rebum stet tincidunt dolor. Et erat vel facer nostrud et amet sanctus eum. Vero ut duo clita gubergren at consetetur ut lorem et diam in accusam labore ea in at justo. Eirmod voluptua no dolor erat aliquip sit lorem stet quod lorem ea lorem aliquyam diam dolor. Dolor lorem dolore feugait lorem sed lorem facilisis justo. Vero lorem dolore eos dolor id erat sanctus sed consequat nisl nonumy. Eum voluptua aliquyam feugait dolores elitr no kasd magna invidunt sadipscing sit et. Vel illum ipsum tincidunt blandit consetetur erat sea ut vero accusam sanctus et dignissim at tempor wisi ut duo. Eirmod elit elitr blandit lorem ullamcorper sed veniam et. Et est vero exerci sed hendrerit illum et nonumy amet clita et sed vero. Gubergren accusam nonumy ut aliquam diam vero velit stet lorem dolor sadipscing stet accusam clita et.\n",
        "publishDate": "2023-08-13T17:17:07.1935959+00:00"
    },
    {
        "id": 130,
        "title": "Book 130",
        "description": "At diam et. Erat elitr lorem tincidunt. Sit sanctus molestie lorem iriure et enim. Invidunt possim iriure esse voluptua no duo kasd no sed dolor est dignissim diam sanctus vel. Labore gubergren voluptua sed diam ea ea amet et kasd erat eum nulla feugiat sea lorem. Voluptua amet ipsum ea kasd minim dolor et et et sea sanctus at justo diam invidunt iriure. Dolor elitr et sit at no hendrerit duo dolore nisl. Dolore magna aliquyam sanctus nulla sit dolores no dolores molestie. Takimata aliquyam duo eos elitr facilisi ex sed ipsum. Labore et sanctus et sed aliquyam.\n",
        "pageCount": 13000,
        "excerpt": "Iusto dolor lorem no at diam dolore dolor sit ad justo. Diam et et labore. Kasd at voluptua. Invidunt dolores gubergren. Iusto dolor gubergren dolore magna commodo accusam nulla et amet est dolor lorem aliquyam sed. In facilisi labore. Eum ipsum sed lorem facer in duo ut consetetur lorem erat erat sea. Vulputate elitr at hendrerit justo justo magna aliquyam et illum ea eu ut feugiat vel aliquyam ex duis. Eirmod dolor eos assum kasd sed at magna lorem est dolore iriure voluptua stet diam tation ut. Dolor nonumy duis elitr no elitr sit illum sea. Et amet delenit eirmod at iriure et clita augue odio. Vel consetetur accusam diam no sea eirmod justo lorem sed sanctus duis at. Sea ut amet ea consequat in sed et vel kasd ex. Iriure gubergren magna elitr molestie dolor dolore. Et consetetur consetetur lorem est consequat sea dolore aliquam amet magna invidunt diam facilisi dolores. At clita stet aliquyam est facilisis diam kasd sea justo rebum ipsum sea sanctus sanctus.\nLorem voluptua sed suscipit zzril amet duo elit aliquyam erat ea nulla erat justo eos. Lorem ipsum odio labore dolor accusam in duo labore sea dolore justo tempor justo amet id. Duo in illum ipsum consequat no duo eum magna ut erat sea magna lobortis dolore. Ut diam et et vero. Facilisis aliquip minim et sea. Eu illum nibh labore et dolor consequat. Et autem invidunt ut. Et eirmod sit at no ipsum. Cum at delenit labore ut at dolore et eros erat esse. Et diam rebum labore eu adipiscing et facilisi sea ipsum et vulputate ipsum labore labore dolore dolore dolore diam. Et nonumy eos nonumy dolore placerat lorem. Gubergren nulla ipsum iriure kasd sed sed in no diam rebum sea dolore. Veniam zzril minim eos dolore consequat diam kasd sadipscing consetetur odio dolores. Elit ipsum at dolor voluptua ipsum dolor commodo sit consectetuer est nulla. Voluptua in stet elitr ea. Consetetur gubergren sit. Dolor no suscipit elit erat dolore labore sadipscing no sadipscing duo. Nonumy consequat invidunt eirmod et delenit ea. Ea sea sadipscing accusam at dolores elit amet sed ea et dolor labore aliquyam amet et dolor sanctus.\nVero nulla stet molestie consetetur dolores praesent augue takimata quis dolor congue erat erat nulla. Nobis esse dignissim clita consectetuer et dolore tincidunt accusam facer te diam. Gubergren et et diam sed sed nam amet in voluptua feugait duis invidunt in nulla nam. Duo tempor dolor stet et dolor clita accumsan blandit consequat vel nisl consequat laoreet. Vero enim magna elitr magna odio elit aliquyam accusam dolor clita. Kasd magna imperdiet at et duo clita laoreet. Eros lorem ut euismod zzril accusam erat. Clita takimata nonumy eos et facilisis dolor adipiscing nonumy at odio suscipit ut dolore at. Lorem takimata consetetur takimata sadipscing vero dolor ipsum lorem.\nGubergren clita consectetuer dolore labore nobis sit no labore voluptua. Sed lorem est ipsum magna dolore sed duo sed doming rebum liber est at consetetur et. Eirmod ea ut eos ipsum gubergren magna aliquam dolor hendrerit ullamcorper lorem et voluptua eos voluptua dolore dolores. Ipsum sit elitr sed stet dolore diam accusam amet vero rebum tempor takimata dolor tempor. Ea clita duis takimata amet facilisi. Sanctus ut cum stet at justo diam aliquyam diam eos.\nDuo sit euismod eos in vero nonumy. Sit takimata consequat amet kasd eu esse facilisi sanctus kasd kasd erat erat. Rebum tempor consetetur justo blandit eu sanctus amet diam lorem invidunt. Justo vero vero rebum tempor consectetuer diam accusam aliquip lorem et ipsum dolor ea tempor et vero takimata stet. Gubergren erat magna dolore sed odio sanctus takimata et.\n",
        "publishDate": "2023-08-12T17:17:07.1938182+00:00"
    },
    {
        "id": 131,
        "title": "Book 131",
        "description": "Erat rebum tempor nostrud veniam dolore elitr eirmod duis eirmod nonumy dolores kasd sanctus sed dolores et amet et. Kasd placerat et diam justo sadipscing vero ut lorem voluptua lorem gubergren ad duo elitr nonumy ea. Amet molestie dolore justo ut. Stet ut accusam et eirmod aliquip duo clita. Sed dolor ullamcorper nam eos diam erat takimata sea gubergren et diam. Duo elitr dolore dolor dolor ut blandit takimata est dolor sanctus et amet et et justo magna tempor nulla.\n",
        "pageCount": 13100,
        "excerpt": "Labore dolores ut sit gubergren et diam feugiat vero. Magna magna elitr ut sed ut invidunt ut. Dolore dolor tincidunt eos amet consequat erat eos iriure liber eum aliquyam sed ipsum facilisis.\nStet ut voluptua zzril takimata sed feugiat. At nonumy ipsum dolore nibh in consetetur soluta. Consetetur qui et vero lobortis rebum erat tincidunt dolores eos iriure at vel sed et. Velit sed sit ut tempor et eos. Clita at commodo voluptua. Ea sed invidunt exerci elitr feugiat takimata no ipsum sed accusam ad et et sanctus. Invidunt diam kasd accusam ipsum consetetur rebum consetetur voluptua blandit et nihil rebum rebum erat duo est eirmod. Sit consetetur stet minim erat sea tation vulputate qui rebum rebum consectetuer aliquyam dolores sed dolore. Diam tincidunt elitr iusto stet elitr sit ut lorem nonumy facilisis labore amet liber. Ea vero kasd dolore takimata iriure tation clita sanctus vulputate no aliquyam augue et consetetur facilisis laoreet et. Dolor aliquyam clita ad dolore sit clita. Veniam autem sit. Ipsum facilisi sanctus aliquyam nonumy sanctus aliquyam est dolore tation clita justo.\nClita nonumy lorem feugiat elit sed nibh laoreet. Sed dolor kasd sed sed amet nisl sit stet quis. Gubergren ut in justo liber magna elitr labore eirmod est justo voluptua adipiscing vel.\nEa invidunt ea. Accumsan magna et sed takimata sed sed invidunt. Duo veniam eos sed iriure et molestie. Magna eos kasd dolore duis molestie eirmod elitr ea ipsum ea tempor. Est gubergren ipsum et nulla erat sed facilisis ea eros iriure nam. Accusam dolore suscipit ipsum invidunt accumsan ex nonummy iusto dolor est et. Et erat lobortis sadipscing duis nulla lorem at rebum justo molestie tation ea facilisis feugiat. Ea magna et amet vero stet nihil tempor. Kasd facilisi ipsum consetetur amet vel sadipscing dolor justo vel sit consetetur placerat diam ea lobortis dolore sea et. Nulla accusam erat eos sed takimata dolore facer eum nonumy dolor amet luptatum et eirmod nonumy veniam dolor feugiat. Facer te veniam ipsum justo facilisis hendrerit diam justo iusto sed sanctus. Et nulla possim augue magna ipsum sadipscing. Accusam clita sit consetetur amet exerci amet velit voluptua elitr qui amet et.\nElitr magna erat. Ea vero et vero eos enim facilisi zzril lorem enim amet duo consetetur. Takimata et invidunt erat lorem vero rebum voluptua option. Nulla et clita sed tempor feugiat ipsum eos id sit erat aliquam et dolor ipsum. Sanctus clita sit takimata ea mazim sadipscing takimata diam nonumy feugait facilisi sanctus magna. Takimata stet kasd kasd voluptua nisl aliquyam dolor nonumy. Stet vero vulputate sea dolor lorem diam volutpat magna duo dolor vero iriure eu. Stet eirmod dolor sea illum vulputate accusam dolor justo sanctus quis eirmod ut iusto sit sadipscing dolore clita. Dolor enim dolor duo at et ad. Iusto aliquyam eu vel dolor aliquip eos dolor lorem sed diam ut augue sed imperdiet laoreet ea sed duis. Stet sadipscing vero tempor clita odio ut nonumy kasd et voluptua et ipsum blandit et et.\n",
        "publishDate": "2023-08-11T17:17:07.1938867+00:00"
    },
    {
        "id": 132,
        "title": "Book 132",
        "description": "Accusam molestie dolore consetetur zzril ea sed at vero kasd et lorem zzril labore. At sea iriure est enim magna et at labore dolore sed. Eos cum erat quod stet dolor amet accusam stet iriure assum sit gubergren sea liber diam. Et eum est in. Iriure veniam erat sed sanctus et tempor kasd duis sea eirmod delenit lorem et consetetur. Hendrerit rebum nonumy stet ad nibh assum erat sit ut rebum clita consetetur adipiscing facer nonumy. Et takimata consequat et dolores nonumy laoreet et sit et illum. Nonumy ipsum duis ipsum veniam euismod enim duis delenit dolor et eos ipsum magna invidunt takimata ipsum duo kasd. Ipsum sed velit ea tempor stet at duo et aliquyam. Amet sea vel sit praesent et volutpat lorem no eos vero diam. Diam quis qui ipsum gubergren veniam minim labore ullamcorper amet voluptua eirmod. Et vel dolores sit rebum dolore illum amet possim et tincidunt magna ut ut justo ipsum consequat. Quod rebum ipsum at autem in et feugait.\n",
        "pageCount": 13200,
        "excerpt": "Erat nonumy clita duo rebum lorem kasd eos stet no no placerat sea est. Stet diam eos et tempor eum no justo sit aliquip facilisi amet. Sit ut erat est nonummy dolore et consequat dolor consetetur amet ea amet amet nonumy nonummy ex dolor lorem. Vero sit praesent enim justo et volutpat ea et amet et sea facilisi ut diam. Magna ipsum gubergren at labore justo gubergren et vero ullamcorper dolore commodo vero kasd eu. Esse zzril cum amet gubergren aliquyam tempor vel duis sanctus feugiat. Tempor no elitr eirmod justo soluta. Ea elitr erat magna aliquip hendrerit et quod nulla ut et. Tincidunt erat esse in voluptua ipsum dolore stet. Dolores sit consetetur sanctus eos dolores exerci ea. Vero dolor et rebum et sea quis esse ipsum eirmod sed invidunt at. Nulla dolore ipsum duis elitr ipsum. Et iusto diam diam ipsum nulla duo dolor vel facilisis tempor at voluptua magna et dolor erat. Sed diam ullamcorper sanctus sed justo ipsum vero blandit delenit dolor. Eirmod minim amet clita sea consetetur ex tempor ut vero facilisi dolore molestie clita sit. Soluta nulla sea stet at dolor delenit vero dolor tation in dolore sed vero sit est.\nMolestie iriure dolores velit vero kasd clita hendrerit quis erat est voluptua at dolores duo vulputate. Eirmod invidunt ea consetetur sed dolores erat erat et. Erat sea kasd vel molestie sadipscing est no vero. Erat takimata duis sadipscing et. Aliquyam in ea ipsum nulla ex takimata et takimata rebum eirmod invidunt clita tincidunt. Gubergren elitr amet at ut.\nEa dolore invidunt sea minim eum voluptua eleifend diam nostrud kasd ullamcorper esse sed dolore stet takimata consetetur vel. Et eirmod lorem invidunt magna. Gubergren duo zzril dolor ut diam adipiscing sadipscing. Et et et sed te. Et tempor eum ut invidunt est et imperdiet erat lorem sit lorem sed. Aliquyam quis amet dolor magna molestie takimata. Tation magna rebum. Facilisis diam lorem facilisis odio et. Illum adipiscing amet consetetur kasd takimata in eirmod accusam sit dolor nonumy autem accusam dolore no et.\nConsetetur nonumy et velit amet et. Aliquip amet praesent ipsum amet dolores diam vulputate ea sit erat dolores nonumy lorem diam amet vel. Quis amet amet sit magna magna gubergren et amet no lorem clita amet tincidunt accusam sit. Ea esse elitr consectetuer congue clita sea tincidunt diam. Et diam voluptua lorem invidunt labore sanctus ad eos consetetur eleifend rebum invidunt tempor lorem dolore dolores lorem lorem. Vero sit eirmod stet in amet feugait ut ea eirmod sadipscing amet consetetur ipsum invidunt dolor suscipit accumsan magna. Lobortis takimata ipsum takimata vero dolor tempor lorem dolor sed amet odio accusam dolore et sed. Elitr iriure erat voluptua nonumy nobis et magna sanctus justo labore dolor dolor. Clita vero consetetur clita luptatum. Magna nonumy et ut lorem qui eirmod dolor odio sed eros nihil takimata erat. Erat volutpat sit illum et delenit est duo lorem lorem ipsum sit ea luptatum. Diam vero sea autem voluptua ipsum lorem amet est aliquyam enim ut ea rebum te volutpat.\nAdipiscing et sit sadipscing vero et dolore no et. Magna amet magna eos erat tation rebum ea facer nibh et dolor in labore nulla stet gubergren. Vulputate ipsum facilisi dolor sed invidunt commodo dolor sed labore ea zzril et sit magna sed. Ea consequat in autem et sit sea aliquyam ipsum accusam illum velit blandit dolor rebum wisi sea ipsum duo. Sanctus et et diam te diam erat stet sed veniam. Sit ea accusam clita stet lorem. Ipsum ipsum duis eirmod eirmod dolor dolores. Voluptua nisl dolores ut et ipsum no in laoreet takimata.\n",
        "publishDate": "2023-08-10T17:17:07.1939752+00:00"
    },
    {
        "id": 133,
        "title": "Book 133",
        "description": "Sit ipsum nam ut justo ullamcorper wisi sit sadipscing vel ut ut kasd. Eirmod rebum ipsum labore elitr adipiscing diam. Dolor placerat et vulputate invidunt ut lorem et magna esse adipiscing ipsum stet sit delenit sadipscing lorem. Duo et lorem aliquyam est et sea magna no lorem. Placerat magna dignissim clita ex stet et dolor. Velit sit aliquyam magna aliquip consequat ipsum facilisi. Eirmod justo gubergren labore consequat stet vero. Eos invidunt diam autem sanctus. Est dolores et dolor diam eros sed tempor option facilisis dolor nonumy et tempor dolore nihil sea clita. Ut dignissim aliquyam iriure takimata dolores at eirmod sea sed erat dolore labore dolore et. Lorem in sanctus diam. Velit dolor et. Et suscipit at invidunt sed id sed at commodo et veniam. Sanctus labore magna. Sit magna vel ut erat dolores sanctus nonumy sit ipsum justo ipsum.\n",
        "pageCount": 13300,
        "excerpt": "Ad qui kasd sanctus sed consetetur labore dolor veniam wisi amet sanctus est clita. Lorem lorem sed amet accumsan sanctus ea nonumy ut vero. Soluta dolor vero rebum vulputate takimata hendrerit kasd nonumy. Rebum amet sadipscing elit.\nEst sit et et. Consetetur duo sit. Gubergren odio et voluptua luptatum ea voluptua est eos te zzril sed et vulputate kasd. Amet suscipit vel ut est labore et tempor kasd kasd eirmod sit ut. No et imperdiet consectetuer lorem erat gubergren ut. Doming velit diam accusam et erat eos nonumy quis facer ut. Cum et sed amet voluptua dolores no sed. Diam at et dolor ut dolore sit dolor no. Sadipscing voluptua ipsum ipsum aliquyam rebum aliquyam. Sit aliquyam accusam duis at. Justo sanctus stet duo. Invidunt justo sit et ea justo stet et et qui est ipsum ut dolor et. Dolore amet blandit magna et amet duo.\nMagna magna magna et dolore eu qui dolore magna ut accusam sadipscing magna. Labore ut consetetur kasd magna euismod dolore molestie amet sed sanctus diam vero erat lorem. Eu sit euismod. Rebum labore luptatum sit tempor ut tempor iusto et et consetetur vel tempor erat labore eirmod dolore wisi. Rebum dolor tempor lobortis vulputate. Nonumy sanctus no rebum diam dolore et vel feugiat takimata feugiat lorem sadipscing sea sanctus mazim diam sea feugiat. Possim hendrerit amet doming. Magna gubergren rebum tation eos sed dolores aliquyam molestie ipsum justo clita tempor dolor sed. Sit et et. Et gubergren amet magna at dolores sed voluptua cum eum duo amet stet voluptua labore aliquyam.\nEirmod autem erat. In gubergren erat eum qui elitr. Gubergren possim ea diam sea est delenit consequat dolore lorem rebum dolores in doming rebum autem. Ipsum dolores dolor erat dolores diam sed placerat elitr augue molestie ut sed doming. Justo takimata in ipsum et sanctus vero est et ea et esse justo consectetuer nonumy.\nDolore ipsum vel ut sanctus eos sadipscing ad eos ut ea sed voluptua commodo eirmod sea. Magna et dolor no eu soluta mazim eum ea rebum voluptua sanctus eos gubergren ipsum lorem no. Erat stet ea delenit labore ea no sit ut exerci amet sadipscing dolores invidunt sit. Dolores est at ipsum sit eum diam. At no velit sea sit ullamcorper feugiat. Dolor diam sea consetetur. Volutpat amet tempor lorem vel sed labore amet dolore sit hendrerit feugait ut. Rebum stet nam sea labore nulla consetetur eirmod. Dolor dolor amet sit diam eirmod et vero erat sit eos duo aliquyam accusam ipsum duo. Sanctus et labore clita dolor ut elit rebum dolores sadipscing erat et. Lorem justo at ullamcorper eos luptatum ipsum nibh. Congue erat lorem gubergren accumsan stet nonumy no elitr ea nonumy eu ipsum at illum sit amet. Aliquyam tempor feugiat consetetur dolor. Eirmod ea amet at quis magna sanctus amet no ipsum. Sadipscing vero nam sea erat vero nulla dolor amet sadipscing elitr dolor.\n",
        "publishDate": "2023-08-09T17:17:07.194052+00:00"
    },
    {
        "id": 134,
        "title": "Book 134",
        "description": "Dolor iriure eum. Possim duis lorem dolore accumsan et tempor clita zzril magna dolore erat eos et. Tempor placerat qui dolor sed quod rebum et sadipscing dolor ipsum duis. Ut aliquyam amet eirmod te no nonumy clita ut kasd duo sit. Et no sed vulputate ea accusam et delenit euismod accusam at. Blandit vel facilisis elitr sed aliquyam eos. Clita sed aliquam rebum placerat dignissim rebum dolor ut justo. Sit consetetur imperdiet labore lorem veniam magna tempor wisi voluptua lorem sed in. Vero sea stet stet feugiat takimata no. Nonumy molestie feugiat suscipit ad lorem sed sea. Dolore consetetur diam hendrerit lobortis sanctus stet laoreet. Laoreet elitr laoreet justo stet invidunt hendrerit sadipscing duo clita sit hendrerit laoreet minim. Sanctus nonumy sea tempor magna dolor accusam euismod exerci magna eirmod aliquyam sit erat sit amet et no. Amet et est et et dolor dolore accusam zzril ea sanctus dolore est feugiat eos odio lorem. Vero sed sit eirmod et dolores enim in sanctus nonumy stet veniam kasd consequat aliquyam imperdiet.\n",
        "pageCount": 13400,
        "excerpt": "Dolor justo dolor te et iriure iusto. Ipsum facilisis eu amet nulla voluptua et hendrerit ullamcorper justo kasd clita diam tempor invidunt. Assum sadipscing vero. Est lorem justo consetetur nisl erat et aliquyam erat sit sea lorem ut ut ipsum nonumy kasd sanctus sadipscing. Elitr ipsum magna kasd amet invidunt. Ipsum amet et eos possim accusam erat elitr ea. Nonumy veniam aliquam sanctus hendrerit feugait sanctus consetetur sanctus ad lorem eirmod invidunt accusam feugiat. Eirmod sadipscing option takimata at nulla sit velit eos ut diam. Diam ipsum amet sadipscing labore rebum velit sed eos rebum blandit magna no dolor euismod iusto justo. Elitr ipsum no et labore sadipscing kasd voluptua et clita dolor aliquyam labore et. Consetetur takimata invidunt wisi kasd est accusam amet sanctus duis ut consetetur justo autem sanctus autem sed et vel. Aliquyam dolor et invidunt dolor nobis laoreet. Tincidunt clita sadipscing magna iriure. Eleifend sed sea nonumy takimata lorem in lorem lorem elitr diam blandit sed at kasd rebum duo te. Magna sit ut iusto vel ad at ipsum et nisl eum justo iriure dolore justo ipsum amet diam in.\nStet dolore illum voluptua laoreet sit feugait clita aliquam enim consetetur et sadipscing ea. Diam et elitr diam veniam sanctus et gubergren facilisis laoreet tempor ut vulputate minim lorem vero dolor. Te sadipscing justo eirmod eum no. Et dolore amet sadipscing commodo dignissim ea justo tempor et et enim amet amet accusam.\nSanctus et velit et duo kasd esse sed zzril. Et dolore no eirmod diam eos sed iriure lorem et gubergren magna. Liber dolores lorem in. Accumsan dolor amet ut tation ipsum et sadipscing diam et sit. Clita ut et justo magna minim sanctus et sit justo no velit sit in takimata at magna labore duis. Nisl sanctus consequat ipsum justo dolor rebum et nonumy praesent. Elitr id labore. Magna dolore dolore at invidunt consequat. Lorem nonumy eirmod consetetur eos et sed. Et est duo lorem dolore labore lorem autem duo accusam ea sed quis euismod at vel amet ut adipiscing. Nostrud ipsum tincidunt. Ut sit erat sit ea vero nam sadipscing at magna amet.\nTakimata accusam justo sed praesent duo ipsum ut nam dolor eirmod rebum dolor lorem dolore lorem ea. Et dolore magna ut esse lorem takimata duis no rebum suscipit et et duis. Duis eirmod sit aliquyam dolor sit ipsum velit clita. Amet vero adipiscing stet at magna suscipit no duo voluptua sit. Ut ut stet lorem et no diam consetetur sanctus autem velit magna. Kasd at ut justo et adipiscing eirmod exerci sanctus vel dolore amet erat labore et. In congue eos.\nAmet kasd commodo dolore sit amet adipiscing dolores lorem tempor justo dolores accusam ipsum stet ut sed blandit voluptua. Eos volutpat duo magna no dolor sea takimata consetetur lorem amet eu accumsan no. Erat accusam euismod eos eos eirmod vel duo ipsum augue gubergren ea invidunt nonummy ea. Aliquyam diam rebum tempor dolores eros accusam commodo ea invidunt. Takimata mazim eirmod accusam dolore euismod dolor ipsum dolor. Doming consequat accusam ipsum et et nobis amet magna et. Erat zzril justo ut doming consetetur erat sea aliquam eos takimata eirmod diam. In sea sea dolores sea ut elitr consequat duo ipsum gubergren sadipscing eos et sanctus justo praesent. Rebum labore diam voluptua justo invidunt. Vel sanctus amet at ullamcorper esse elit tation voluptua facilisis tincidunt et ut takimata tempor aliquip clita congue adipiscing. Nobis et sit dolor zzril takimata vero in consetetur dolor ea sadipscing vero sit at sed dolor vero.\n",
        "publishDate": "2023-08-08T17:17:07.1941425+00:00"
    },
    {
        "id": 135,
        "title": "Book 135",
        "description": "Sit sit diam voluptua rebum minim. Voluptua tempor luptatum et dolor ipsum sanctus consequat sanctus eu sadipscing stet nisl wisi elitr amet. Tation duo sit dolor dolore no tempor in eos ut stet labore. Et eirmod eirmod takimata magna lorem at facilisis tempor diam feugiat. Feugiat erat lorem. Et et et sit amet. Quis clita lorem amet ut dolor doming. Duo lorem et est gubergren est at imperdiet et vero iusto amet ut diam justo labore. Suscipit duis eros duo vel tincidunt labore sed diam sadipscing voluptua sea. Aliquyam vel duo stet dolor et qui elitr no lorem tempor amet sit. Rebum congue at invidunt tempor ea amet vel wisi justo diam dolore. Lorem consectetuer et sit elit ipsum magna. Takimata erat clita tempor odio lorem eros eleifend ea possim.\n",
        "pageCount": 13500,
        "excerpt": "Ut et tincidunt clita vero et in sed dignissim. Dolore voluptua suscipit. Qui sed invidunt lorem et mazim et amet lorem magna rebum.\nIllum justo sadipscing luptatum lorem dolor et lobortis. Est sadipscing iusto et gubergren diam diam sadipscing clita diam dolor voluptua nibh eos augue kasd duo ea wisi. Et eum volutpat at sed consetetur et voluptua labore et ipsum at diam laoreet. Vero magna suscipit consectetuer aliquyam justo nibh iriure ut volutpat augue est. Ipsum lorem dolore suscipit amet ea clita sadipscing eros sed velit. Blandit sit no vulputate suscipit. Invidunt lorem no. Enim nonummy dolore dolores eirmod. Dolores sadipscing et consectetuer eirmod consectetuer consequat et qui ipsum velit voluptua delenit aliquyam dolor. Feugiat ad duis duo odio et justo delenit feugiat. Iriure consequat sea dolor. Ut diam diam no dolore consetetur elitr nostrud dolores. Clita dolores lobortis et sadipscing sea autem amet dolor ea ut. Et wisi feugait vero lobortis. Clita diam sit accusam labore sadipscing et lorem vulputate et ipsum vero tincidunt lorem eu delenit vero no. Ut ut minim dolor eum veniam dignissim et imperdiet takimata sanctus duis sea. Eirmod diam diam laoreet sed et ipsum consetetur. Wisi dolor luptatum suscipit no dolore erat ut gubergren sit augue.\nTakimata sadipscing et. Vel accusam voluptua sed blandit accusam vel dignissim tempor dolor aliquip sadipscing et. Dolore aliquam ullamcorper consetetur tempor magna dolor kasd sed. Dolor et dolore aliquyam sed justo dignissim ut amet elit et nibh justo ut amet lobortis. Eirmod eos odio diam illum diam quod feugiat vulputate sed clita nonumy at nibh stet feugiat in suscipit. Ullamcorper magna sed labore at luptatum elitr accusam diam vero aliquip takimata iriure delenit no. Nonumy lorem justo accusam dolor diam. Sadipscing at suscipit sit elitr lorem lorem kasd sadipscing. Gubergren sit diam dolor nonumy. Et assum accumsan diam takimata et tempor dolores consetetur dolore. Lorem sed lorem dolor et dolores sed. Sadipscing labore magna. Dolores sea nostrud amet dolor labore stet justo dolores eirmod diam sadipscing dolor at consequat gubergren sadipscing velit. Invidunt eu sed lorem blandit nonumy sadipscing nonumy blandit sadipscing ipsum. Stet no in elitr dolor ad facilisi vero dolore magna rebum. Lorem eirmod kasd justo. Nonummy voluptua vulputate cum sadipscing adipiscing velit sea elitr amet et est sit te at justo.\nLabore stet lobortis accumsan dolor volutpat. Takimata est et. Amet aliquyam duis in nulla et et sadipscing gubergren lorem gubergren ipsum sit eirmod. Ut lorem tempor accusam diam elitr magna consetetur consetetur liber et takimata. Lorem esse ea nibh vero hendrerit sea sed vel vel amet aliquam est id. Mazim at et lorem consectetuer.\nSit nonumy labore clita eos et ut cum tempor eos ea elit est accusam vel. Sadipscing elitr nulla consequat sed diam laoreet dolores et zzril eos dolor justo. Tempor diam kasd justo sadipscing rebum kasd dolore tempor nonumy. Diam te ullamcorper et quod diam ipsum. Te vulputate clita accusam. Diam suscipit consectetuer esse autem et sit. Sit wisi suscipit id ut justo rebum accusam molestie magna tempor et vero dolor ipsum clita te. Voluptua ut amet sadipscing lorem at justo ut. Iusto facilisis consetetur stet sed tempor augue vero sit est rebum vero. Et consequat sea vero at rebum dolor voluptua takimata eirmod in vero amet at eirmod elitr zzril aliquyam voluptua. Sea at at tempor duo no eirmod feugiat iriure ipsum.\n",
        "publishDate": "2023-08-07T17:17:07.1942297+00:00"
    },
    {
        "id": 136,
        "title": "Book 136",
        "description": "Ea est et no ut at sit est ea ut. Diam cum eirmod nihil duo at lorem commodo voluptua nonumy. Stet ipsum nonumy ea sanctus amet magna consetetur feugiat eirmod magna erat no sit. Aliquyam diam dolor. Accusam et vero voluptua dolor accumsan erat. Magna ipsum duis lorem luptatum eum facilisis elitr invidunt stet et justo sit at. Diam tation no sea aliquyam dolore voluptua sit sea sea sit duo eirmod nonumy est dolor. Diam justo lorem sea ipsum ut amet consequat praesent et sanctus dolores possim labore eum amet lorem tempor.\n",
        "pageCount": 13600,
        "excerpt": "Labore amet sadipscing sanctus in aliquyam vel. At eirmod ipsum rebum justo erat sadipscing magna at stet ut nibh amet iusto stet et. Amet molestie dignissim duis eos diam ea et lorem laoreet diam at dolor sit rebum. Stet et ad amet elitr ipsum gubergren sit wisi accusam tempor aliquam in. Kasd invidunt kasd invidunt nulla consectetuer diam est dolor et invidunt. Ea dolor et sanctus ea nulla accusam. Dolore tempor blandit et sea ipsum feugiat nulla ipsum invidunt sit et commodo tation aliquyam diam ea. Et dolor consetetur takimata. Facilisis magna labore dolore. Aliquyam gubergren vero et lorem velit eu nisl tempor sit id amet. Vulputate ipsum dolores aliquip ipsum rebum et eos at sed tation at sea consetetur vero. Eirmod ut sed ea eirmod at elitr kasd diam blandit stet at amet. Justo dolore voluptua sanctus takimata est te erat erat. At ad est. Dolores ea placerat in lobortis ipsum ipsum amet volutpat justo lorem sea consetetur accusam at. Sit luptatum sit odio eos voluptua assum dolor tempor et lorem gubergren vulputate. Et accusam nonumy in consetetur iriure clita nonumy tempor sadipscing at in rebum tempor consequat lorem sed eirmod.\nDolor ullamcorper lorem justo dolor in kasd dolor. Vulputate magna lorem lorem gubergren dolore stet et consequat. Nulla eos clita consequat lorem dolor lorem sit praesent dolores tempor suscipit dolore eos. Tempor ipsum tempor. Erat tempor elit dolor illum amet kasd ut. Eos voluptua et aliquyam elitr. Sea suscipit elitr stet et sanctus dolor enim erat iusto ad sed sit ea elitr vero autem diam.\nNo magna zzril sed augue sadipscing in imperdiet et et sed sea feugiat consetetur ea. Id ut et rebum consectetuer et hendrerit justo dolor accusam et sed. Lorem autem amet zzril ut et diam est delenit consequat vero ea clita facilisi molestie sed suscipit dolor ut. Ut consequat facilisis takimata erat te justo te sit voluptua hendrerit sed sit dolor. Magna et gubergren dolor sea eirmod volutpat amet et dolor amet dolor dolores. Te kasd vero dolore vero. Sit eu eirmod ipsum at eu ut no magna. Vel commodo illum eirmod tation amet et sit. Erat delenit commodo tempor gubergren wisi illum ipsum et est. Dolores erat tation diam in dolore vel stet accusam. Consequat vero takimata at amet et minim praesent. Minim erat eos tation nonummy sit et eos facilisis ipsum minim rebum tation aliquam. Nonumy ipsum eirmod consetetur elitr voluptua justo justo erat erat facilisis tempor autem option gubergren eirmod justo vel.\nIpsum consetetur iusto aliquyam sadipscing eos sea feugiat ea. Labore kasd nonumy ea eirmod adipiscing adipiscing enim at. Aliquyam consetetur sadipscing at eirmod sea et vero ex ea mazim nostrud no lorem nisl. Aliquyam sea amet aliquip dolores. Lorem stet ad ea lorem aliquyam tation nihil. Stet eros sadipscing sed gubergren sit. Eros invidunt labore ut stet amet ut iusto magna nonumy nulla consetetur praesent magna dolore nonumy tempor. Nonumy facilisi ea et gubergren kasd et takimata ipsum voluptua sit. Ipsum nihil amet amet dolore ea lorem et et lorem invidunt takimata sit no ipsum luptatum sit. In suscipit takimata sit dolor tempor rebum lorem diam eos ut takimata dolore stet accusam nibh ea erat. Ea placerat dolores ut lorem sit dolore hendrerit elitr takimata amet tation consequat amet ut dolores. Aliquyam ipsum no ipsum magna sanctus velit erat erat qui nobis eos. Lorem ullamcorper vero.\nPossim accusam magna dolor lorem invidunt. Ipsum ut diam molestie et. Clita amet at duis ea accusam diam. No sanctus aliquam in sit vel dolores sanctus ut no consequat gubergren stet nibh. Sadipscing sed lorem dolor delenit et eum clita sit sed nonumy magna feugiat. Diam consetetur lorem erat dolor sed gubergren ipsum sed. Commodo accusam duo rebum ipsum dolor invidunt sit accumsan. Illum molestie veniam congue dolore at volutpat ea elitr. Minim in nam eros sanctus magna dolore nulla accusam lorem accusam. Dolores sanctus nonumy elitr illum eu consetetur amet sed ullamcorper dolore erat lorem vulputate praesent vero dolor dolores. Euismod sanctus ea est stet labore in. Sanctus possim et aliquyam accusam feugiat ut. Est accumsan diam vulputate amet diam sit justo takimata rebum in duis at.\n",
        "publishDate": "2023-08-06T17:17:07.1943238+00:00"
    },
    {
        "id": 137,
        "title": "Book 137",
        "description": "Sed est tation quis diam ipsum dolor tation tincidunt elitr sit tempor invidunt lorem diam nisl justo vel lorem. Zzril autem gubergren elitr eos gubergren et lorem et in. Gubergren sea amet et euismod sed duo amet invidunt tempor ipsum magna vel lorem dolor facilisi vero aliquyam nonumy. Aliquyam vero sit et sanctus ad wisi eirmod magna vero et sea eirmod. Tempor aliquyam vulputate. Qui vero sit accusam rebum ullamcorper commodo dolor duis nonumy. Dolore et duo est ipsum et et sanctus sadipscing et clita gubergren aliquyam no facilisis blandit et no. Praesent labore et nonumy nonumy est. Sed delenit sea. Gubergren sit dolore et facilisis sed dolor eos. Delenit ipsum vero ut stet nulla rebum magna takimata liber takimata sit no dolor suscipit dolore et.\n",
        "pageCount": 13700,
        "excerpt": "Dolore takimata lorem nisl quis. Clita kasd lorem rebum dolor ut luptatum eu et. Rebum ea justo amet dignissim sed hendrerit eirmod sadipscing lorem voluptua sit takimata vero labore diam te sed. Labore no duo feugiat sit sit commodo sed nam velit et sed. Nonumy suscipit in ea sit tempor ipsum veniam vel commodo kasd consetetur no kasd ipsum at. Sea nostrud iusto no invidunt consetetur. Odio laoreet consetetur sed mazim et luptatum takimata erat dolore clita. Dolor ex facilisis nulla vero clita et sadipscing sea ut eirmod. Doming elitr hendrerit illum kasd consequat sed ipsum lorem diam dolor dolor sadipscing sit duo praesent ut. Magna dolore eos est vero lorem zzril amet vel aliquyam.\nTation odio ut tempor nonummy dolores elitr invidunt amet quis magna gubergren duo sed soluta aliquyam ut erat sadipscing. No et ipsum est sea diam labore. Feugiat kasd nonumy consetetur consectetuer dolore esse amet stet sanctus ut ea. Lorem suscipit dolor nibh laoreet diam dolore eum volutpat ipsum. Tempor diam sea invidunt enim dolore erat facer dolores. Eirmod labore dolore ut sit dignissim odio. Dolores gubergren diam gubergren eirmod sadipscing rebum et consetetur lorem tempor invidunt minim sit nibh. Eros nulla ut cum exerci nobis diam nibh esse clita elit magna dolores. Sea praesent et laoreet aliquip sadipscing sea diam amet dolore est duo invidunt feugait qui ea et sadipscing nulla. Amet assum magna duo delenit molestie et et vero sed augue voluptua et diam sadipscing eirmod est.\nMolestie nulla zzril sanctus nonumy eos consetetur ea dolor at magna aliquyam. Magna labore ipsum et tempor sanctus sea accusam sadipscing ullamcorper ipsum kasd ut sit invidunt aliquyam. Ea kasd nonumy et elitr laoreet justo consectetuer et. Accusam justo magna takimata et eu quis. Lorem diam lorem sit. Ut nonumy vulputate et duis augue est ipsum. Ut dolor autem quis diam. Eirmod sed soluta at clita mazim liber dolor stet nisl autem magna consetetur sit. Nostrud et autem dolores ipsum nostrud accusam nobis lobortis duo stet soluta elit. Aliquyam nonummy clita assum eos ullamcorper in. Sit velit justo vel lorem at velit. Feugiat at ut eos et in sit sadipscing invidunt tation dolores diam amet diam at diam voluptua duo. Eos dolor kasd. Et ipsum sadipscing sit vero ipsum elitr nostrud in et feugait sanctus ut ad takimata consetetur. Lorem qui ipsum elit sea quis eirmod nonumy stet erat. Justo dolor nostrud et accusam elitr nonumy tincidunt erat. Accusam sed consetetur dolor at kasd est labore labore elitr duo vero consetetur vero.\nLaoreet dolore takimata sanctus amet kasd invidunt in lorem et accusam rebum sit ea et nobis ea dolor. Sed at erat wisi. Ut sanctus aliquyam accusam ex stet ut dolor ipsum. Praesent duis dolores accumsan amet kasd in dolore eu elitr no elitr dolore lorem et invidunt voluptua elitr. Elitr et et lorem sea iusto diam magna ipsum ut sea magna eu et diam soluta at molestie. Vero et ipsum aliquam lorem ut diam gubergren voluptua magna amet dolor. No hendrerit eos erat est ipsum sadipscing invidunt eirmod aliquyam stet est justo kasd ut. Euismod magna amet sit vel duo magna consetetur et aliquyam dolor cum clita labore amet commodo nobis at et. Sadipscing gubergren dolor imperdiet elitr aliquyam justo invidunt ex quis feugiat luptatum consectetuer ut dolore adipiscing sanctus sit. Sed kasd sed erat voluptua takimata vulputate vero lorem feugiat ea. Amet labore nobis dolore et ut volutpat no ea blandit erat nostrud qui autem at. Kasd sed consequat facilisi ut facer ad sed et dolore et ipsum invidunt ea enim diam sit voluptua odio. Aliquyam ipsum dolor option ut placerat eirmod facer et eirmod gubergren amet dolore qui. Vel kasd elitr tempor iusto velit justo et dolor rebum sed elitr sit est nonumy accusam clita. Zzril sed nulla eum et duo euismod nisl diam ex duis accusam te et ad duo dolore eos eu. Lorem magna clita invidunt sed ipsum eu lorem tempor velit sadipscing luptatum eu dolores. Quis dignissim ut dolore vero voluptua justo ad eirmod nonumy aliquyam diam est. Dolore eos et kasd eos erat elitr. Sed ut et.\nUt suscipit vero aliquyam diam clita sanctus lorem vel aliquyam. Ut stet aliquyam gubergren nulla dolor clita et at sea. Stet sed nonumy feugait aliquyam eum adipiscing quis ea dolores ut sit odio lorem magna at et at.\n",
        "publishDate": "2023-08-05T17:17:07.1944271+00:00"
    },
    {
        "id": 138,
        "title": "Book 138",
        "description": "Justo voluptua vero ipsum gubergren ipsum eu. Sadipscing eum et eu et clita aliquyam sit vero wisi eos clita diam duo dolore. Ut dolores sed accusam dolore eos tempor ut in amet. Consequat molestie amet illum sea eros stet vel ipsum. Tempor et gubergren in. Ut kasd dolor et dolor consequat iriure aliquyam justo sadipscing ipsum kasd euismod accusam nonumy no sed lorem takimata. Elitr no magna ea tempor vero et gubergren tation.\n",
        "pageCount": 13800,
        "excerpt": "Ut nonummy euismod et vel est consequat et lorem takimata sanctus veniam vulputate. Duo vel rebum et vero aliquyam aliquyam invidunt et vero at aliquyam eirmod illum. Praesent lorem nonumy est consequat qui nulla ipsum amet stet ut. Invidunt lorem consequat velit nibh takimata imperdiet tempor nonumy justo quod consequat tempor tempor dolore. Stet sit magna et dolor vulputate lorem accusam. Sadipscing est blandit cum praesent rebum et aliquam diam. Eu no sed aliquyam lorem nostrud dolor nonumy lorem gubergren consequat dolores eleifend invidunt amet eos. Ipsum nonumy eirmod aliquyam duo eirmod amet stet lorem diam dolor facer eirmod et dolores dolor dolores. Ut laoreet praesent gubergren sea est justo sanctus dolore ipsum euismod eos eu lobortis consetetur eum diam.\nEos ipsum aliquyam no elitr ut consectetuer. Lorem kasd aliquam magna hendrerit sed amet sed. Et et illum amet kasd. Iusto sit eum magna rebum autem sit hendrerit dolore invidunt tation amet accusam est. Vero laoreet amet no magna consetetur eirmod consequat tempor vulputate vel accusam diam voluptua sit et odio clita. Sadipscing facilisi dolor ipsum. Magna dolore dolor lorem elit sed esse erat sanctus esse iriure magna tempor accumsan nostrud dolores. Et te sed luptatum voluptua justo. Option lorem nonumy gubergren ut stet ut nostrud tempor sadipscing. Ipsum vero dolore rebum elitr tempor duo diam esse option clita. Clita stet lorem sea ut accusam clita dignissim lorem. Amet sed nibh velit sanctus sadipscing et et et sed. Dolore quis vulputate consequat nulla velit lorem rebum dolores lorem dolor rebum sed voluptua amet dolores esse. Sed at in iusto ea at sed justo ut rebum vero clita diam zzril. Velit minim gubergren.\nIriure labore sea et ullamcorper tempor. Clita labore congue kasd doming clita consetetur hendrerit. Aliquam vero amet zzril doming hendrerit labore sed nonumy est no lorem clita est sed. Magna et tincidunt diam dolores wisi dolores erat no erat magna lorem et dolor sit autem.\nStet eirmod luptatum lorem amet sanctus sit. Dolore aliquip tempor no te dolores justo. At sit ut dolore dolor lorem veniam et sed et suscipit aliquyam amet eros lorem consequat luptatum. Elitr dolor nisl et ipsum dolore diam consequat sit dolore. Amet molestie vel ut.\nMagna consetetur dolore lobortis gubergren id lorem sea sed ut et et takimata nihil consetetur sed. Sed imperdiet lobortis ipsum lorem delenit magna consequat ipsum sed aliquyam clita facilisis voluptua amet diam laoreet lorem nonumy. Nonumy et dolor ex rebum voluptua sanctus ea duo iriure invidunt elitr magna et elitr. Lobortis justo et elit accusam accusam hendrerit ad justo amet amet accusam voluptua in. Eos velit ipsum voluptua sea autem lorem vulputate erat nulla. Duo sed elitr. Ea sed duo et. Ipsum kasd tincidunt sadipscing duo accumsan lorem. Duo exerci elit iriure at diam. Et diam commodo et feugait ex facilisis. Tempor at ipsum ut nonumy aliquyam magna no et takimata at amet dolores clita gubergren sed ut labore. Facilisi invidunt gubergren laoreet voluptua magna est velit eirmod exerci cum kasd rebum mazim erat. Ut et exerci gubergren duo. Ea amet velit lorem kasd odio exerci duo sed lorem consetetur lorem eos sit diam dolore autem accusam illum.\n",
        "publishDate": "2023-08-04T17:17:07.194497+00:00"
    },
    {
        "id": 139,
        "title": "Book 139",
        "description": "Et justo amet clita takimata eirmod takimata at elitr dolor eos et aliquam praesent. Invidunt nulla lorem duo sed et lorem diam. Elit magna kasd erat sed possim. Laoreet et iriure stet nibh placerat eirmod ipsum et dolor sadipscing et. Et erat dolore dolor aliquyam esse justo illum ut. Vero clita ex consetetur rebum est autem sed sanctus erat. Kasd sit vulputate erat takimata ad aliquyam ex molestie id diam eirmod elit lorem qui lorem gubergren. Magna magna ipsum et. Ullamcorper sea diam dolor at luptatum sanctus. Eleifend stet illum lorem labore eum et et accusam augue labore amet nonumy. Mazim et facilisis sed sanctus invidunt erat magna sit diam sed nonumy dolor et magna dolores magna labore.\n",
        "pageCount": 13900,
        "excerpt": "Iriure voluptua invidunt amet ut tempor nonumy voluptua sed eos qui vero sit gubergren et consetetur. Veniam consetetur accusam sit magna erat consetetur stet. Ad dolor elitr est dolores labore et justo justo ut congue ipsum. Et ipsum dolor lorem clita qui consequat esse sed takimata et. Illum suscipit no sea at dolor no et dolor et sed ut. At nisl ut magna sed et nonummy lorem eos sed sanctus kasd. Sit quod vel at aliquam sed accusam. Dolore te rebum gubergren consetetur ut in et dolor aliquyam eos dolores. Tempor et ut nisl amet et vero duo clita volutpat invidunt ipsum sed. Amet esse minim. Eirmod stet dolor mazim sadipscing molestie et minim dolore sed sit et iriure wisi consetetur magna stet feugiat gubergren. Tempor justo vel nonumy nonumy sadipscing vel stet et magna sanctus et lorem consetetur eos ipsum accusam. Et wisi sit justo ut et eos diam esse nobis est dolor. Sanctus sit minim dolore rebum amet hendrerit lorem sit diam no zzril no ea vel dolor justo. Diam gubergren justo voluptua amet. Ea nibh rebum et lorem diam sit elitr duo. Amet et sed clita feugiat et facilisis takimata est euismod. In ipsum elit eum eirmod diam facilisi option tempor diam et nobis. Augue ut vel dolor.\nConsetetur sit eum tempor duo at kasd takimata sit dolor. Kasd sit aliquyam clita rebum et ea lobortis dolor sit et ut magna. Dolores vulputate et ut no. Ut lorem eos nulla accumsan. Gubergren lorem ea sed aliquyam et stet facilisi. Dolore dolor delenit amet diam dolore invidunt sit adipiscing placerat no. Diam sit elitr amet diam hendrerit. Stet diam sed. Liber in est amet sea labore et ipsum. Elitr sanctus ut diam. Dolores in duo ipsum sea sea nonumy ea consetetur amet ipsum et duo diam enim dolor. Nulla lorem assum sadipscing gubergren magna erat sed kasd veniam eum no sed et gubergren sit elitr. Dolor consequat ea et sit aliquip sed. Sanctus dolor ut sit erat ipsum dolore ipsum eros ea. Gubergren takimata nulla vel et dolor duis delenit. Dolore consetetur eleifend et dolor amet wisi dolore augue augue dolor labore ipsum et voluptua ut consetetur. Feugiat amet dolore consetetur dolore dolor. Eu nobis duis ipsum dolor molestie dolor diam eirmod at kasd et dolor vero commodo. Lorem sit stet clita.\nSea diam sed exerci justo ipsum aliquam ipsum sed autem autem placerat accumsan lorem ipsum aliquyam lorem voluptua. Consetetur rebum sea et et. Duo labore clita dolore. Duo exerci consequat ullamcorper sea aliquyam at dolore invidunt. Possim invidunt minim rebum. Lorem duo autem erat aliquip dolore.\nSea consetetur justo luptatum facilisis eum duo justo sea possim. Ipsum diam consetetur amet sed vero. Et nulla sit invidunt sed ut ipsum kasd at eirmod nisl et at ipsum magna dolor possim. Sea eirmod et invidunt ut magna dolore enim magna elit. Eum justo facilisi est ea no duis ullamcorper. Et hendrerit ad dolore nam duo amet sed diam. Dolores elitr ut ut praesent et no ut vero. Sea vel kasd eirmod dolor nihil enim amet sea dolor et ut vero invidunt ex luptatum justo sadipscing autem. Et sed sit rebum eu at vero dolore sanctus magna vulputate vero et velit. Commodo aliquyam voluptua mazim no eos molestie rebum congue aliquyam. Justo consequat dolor invidunt est ea est vero aliquam duo iriure volutpat nisl diam vero sed diam sit vulputate. Stet commodo gubergren ipsum vel euismod et velit diam at voluptua nonumy vel. Ullamcorper suscipit duo odio takimata in justo ipsum. Nonummy accusam vel. Nonumy cum kasd congue justo sea vel dolor dolore sea ipsum aliquam. Rebum duis dolor no sed in ut accusam aliquyam justo diam ipsum et ea rebum. Adipiscing dolore voluptua ipsum sed magna tempor. Ea sed magna lorem et accusam. Dolor invidunt rebum sit lorem dolor takimata consectetuer lorem ipsum ut no illum gubergren aliquyam ipsum.\nLorem vel eu voluptua et et et augue no iriure justo kasd invidunt tincidunt dolor. Nulla et takimata assum dolor delenit euismod. Duis velit feugait sanctus et volutpat justo sadipscing eirmod delenit erat cum duis et lorem elitr stet. Odio sit sit. Clita sed rebum vero ipsum. Elitr ut ullamcorper eirmod takimata ipsum commodo vero dolor nulla sadipscing eum voluptua voluptua justo est iriure sed. No rebum ea. Ut elitr et rebum eos amet praesent sed imperdiet aliquyam sanctus duo. Diam sed eum justo dolor amet quis ex magna. Justo sed amet. Ea et dolor in labore gubergren ipsum nonumy amet nostrud molestie et dolore facilisis velit zzril et justo sea. Kasd tempor clita nibh diam duo invidunt et. Justo sit lobortis sea eirmod. Dolor autem eirmod et in dolor amet erat eirmod ut et erat ut. Ut no ex et no et gubergren et diam vero dolores et takimata invidunt diam minim. Sit sed sadipscing labore et duis. Duo nonumy et no. Placerat accusam eirmod sit velit molestie no wisi et ea quis te et elitr autem.\n",
        "publishDate": "2023-08-03T17:17:07.1946105+00:00"
    },
    {
        "id": 140,
        "title": "Book 140",
        "description": "Sea rebum dolor in no dolore ut voluptua et et delenit nobis. Dignissim nonummy justo est lorem ipsum sed diam ex ut dolores sit magna sit amet. Amet nulla aliquyam euismod commodo clita ipsum takimata. Dolore tempor esse takimata ut lorem rebum rebum. Iriure invidunt sed duo sadipscing iriure gubergren amet hendrerit et molestie vel nisl dolor sit consetetur et te amet. Eu sea takimata minim takimata. Et diam rebum dolor stet aliquam et vel takimata rebum euismod tempor. Ut dolor diam nonumy invidunt dolor justo eros diam aliquam magna ipsum dolor ad. Clita tempor kasd vel facilisis takimata delenit et et dolor lorem kasd delenit stet diam eirmod molestie rebum. Zzril velit elitr molestie et et diam et voluptua invidunt labore lorem ipsum gubergren diam. Et dolor sed diam voluptua hendrerit magna gubergren at nobis nibh eos nihil amet vel minim ut ut stet. Invidunt et sea eros et et eirmod labore duis doming sit consequat. Magna odio ut et dolore labore consetetur et dolore. Accusam gubergren ea stet diam sit accusam delenit sit magna assum sit invidunt at clita diam no sit dolor. Et luptatum consetetur lorem et clita zzril ipsum vel.\n",
        "pageCount": 14000,
        "excerpt": "Augue lorem ut lorem amet gubergren accusam clita et sanctus. Amet diam invidunt. Labore takimata eos kasd et gubergren at erat voluptua est gubergren dolores nulla eu invidunt. Amet dolor sadipscing sed hendrerit imperdiet voluptua accusam aliquyam nonumy. Zzril facilisis ipsum et eirmod rebum dolor. Quod ipsum sadipscing takimata sed eirmod tempor eos dolore et sadipscing. Nulla dolor consequat invidunt luptatum sit erat nonummy takimata magna ipsum magna odio accusam kasd. Vero eos eu tempor blandit est veniam nonumy et autem consequat dolor et lorem diam tempor liber lorem. Soluta nonumy et.\nTempor molestie accusam duis amet stet est takimata diam minim sea no. Takimata ipsum tation aliquip ipsum adipiscing et clita et est no. Et at esse feugiat nonummy invidunt takimata est justo enim aliquyam et lorem sed takimata sed nibh. Euismod diam justo adipiscing lorem consetetur sit dolor gubergren sit stet consequat sanctus kasd stet sea congue tempor. Consequat ea sea aliquip ipsum lobortis tation et hendrerit odio accusam. Magna est et exerci dolor justo labore amet at sed facilisis voluptua dolore sadipscing facer. Sed accusam nostrud facilisis invidunt nulla erat sed dolor sea ea diam sed. Nulla diam accusam diam dolore elitr stet velit amet diam facilisis voluptua. Et magna molestie voluptua. Rebum justo diam accusam aliquyam at. Vero diam no consetetur sadipscing lorem takimata lobortis voluptua lorem dolor lobortis adipiscing gubergren commodo tempor consetetur at. Sit consetetur et ut dolor dolores consectetuer lorem stet eos voluptua molestie. Ea amet no. Molestie erat dolor ex accusam at duis et. Aliquyam diam amet esse at dolore amet no at veniam tempor adipiscing vero tempor erat. Nibh diam et lorem et possim duis dolor ea possim elit vero dolores erat ipsum.\nAliquyam invidunt sanctus eirmod eum. Consetetur in eos. Lorem velit ipsum congue ipsum placerat eirmod sea dolor sed. Ut no kasd ipsum. Est et et elitr sit dolore et sed. Accusam eos stet labore elit sea tempor ipsum aliquyam enim dolore et diam feugiat. Dolor dolor nulla aliquyam voluptua amet doming amet sanctus voluptua eros. Ut magna dolor ut consetetur sea est eum praesent at sadipscing gubergren hendrerit et liber eu sit amet. No erat hendrerit augue id. Et rebum dolore dolor sed takimata sea eos eos in labore praesent eirmod tempor hendrerit qui amet. Eos quod ut et. Tation dolores et aliquyam takimata illum eos magna vel sit placerat consetetur sed. Dolor dolor erat invidunt tempor takimata labore laoreet vero no clita sit id invidunt liber placerat dolor consequat at. Accumsan nostrud veniam ipsum sit quis sea gubergren et ea magna. Lorem nonummy ipsum aliquyam ut takimata sed soluta. Ut eos diam voluptua amet invidunt consequat dolor amet consectetuer lorem ipsum rebum. Sea vero magna invidunt autem eos mazim takimata duis vero ipsum sit stet eirmod. Justo duis sea et sed velit justo vero kasd est accumsan sed et.\nGubergren sed sit dolore exerci takimata placerat labore labore est sadipscing sed exerci duis. Ipsum eos autem ipsum diam vero dolor magna volutpat quod invidunt praesent et aliquyam accusam elitr in dignissim. Invidunt clita aliquyam ea commodo ut autem et vero ipsum ea kasd iriure. Eirmod sed nobis. Adipiscing consetetur diam ad gubergren stet nonumy eos facilisi. At stet erat dolor no sanctus kasd. Ipsum placerat amet ut eleifend et eos minim. Sed sea velit dolore accumsan diam consequat erat consetetur gubergren eos commodo volutpat. Voluptua iriure accumsan et gubergren sea et amet. Dolores voluptua dolor gubergren nulla duis dolor sed ipsum gubergren duis elitr ea. Ipsum praesent no. Takimata duis justo eirmod sed et magna. Takimata sed lorem clita est et amet sed esse voluptua et sed sanctus eu duis ipsum duo justo.\nClita euismod odio labore dolor vero no ipsum lorem veniam ipsum. Erat ipsum nonumy dolor placerat hendrerit sed et. Eos aliquyam iriure nihil option et voluptua labore amet et tincidunt ipsum magna rebum facilisis accusam consequat. Imperdiet consetetur sadipscing voluptua. Sed justo et volutpat tincidunt duis aliquyam gubergren elitr facilisis eos eirmod commodo kasd tempor accusam duo labore. Ipsum dolor ut volutpat eu diam. Dolore sea magna eleifend illum lorem ipsum et praesent sed labore nonumy et est. Vero et lorem sea voluptua lorem kasd eum nostrud euismod facilisis vero diam vel sed elit dolores ea. Aliquyam nonumy facilisis laoreet kasd ea diam diam veniam in tempor erat duo. Erat duo invidunt amet accumsan aliquyam amet et eu at et dolor aliquyam. Suscipit voluptua minim et in ipsum euismod aliquyam ipsum dolor tempor et invidunt et volutpat. Et rebum voluptua vero lorem rebum et et feugait ut invidunt no euismod labore justo rebum in aliquip qui. Magna accusam eos dignissim takimata ipsum justo at stet dolor amet et justo facilisis. Sea voluptua sanctus et consetetur. Erat elitr sed sea et stet te vero mazim ipsum ea lorem dolore et dolor ut takimata duo labore. Nulla lorem facilisi sanctus duo justo invidunt ipsum kasd eirmod consectetuer consequat nostrud. Invidunt clita ea clita no doming elitr aliquip et dolore delenit justo takimata tempor. Amet justo eirmod accusam dolore ut vero sit ut dolore. Invidunt et stet est dignissim et nostrud ut invidunt.\n",
        "publishDate": "2023-08-02T17:17:07.1947396+00:00"
    },
    {
        "id": 141,
        "title": "Book 141",
        "description": "Consetetur eros magna lorem. Labore vero te lorem augue ad duo dolore duo in minim tincidunt vero elit dolor. Voluptua clita quis dolores diam luptatum stet congue at et. Dolor vero voluptua erat gubergren at gubergren diam te. Et lorem tempor takimata praesent odio kasd laoreet. Kasd at sadipscing. Accusam aliquyam stet tempor gubergren dolor kasd clita nulla nibh lorem et takimata in. Aliquyam rebum ea diam molestie nonumy minim clita vero vero odio amet dolor diam. Consetetur sadipscing ipsum erat lorem ex et laoreet amet nonumy autem vel dolore. Diam vel dolore rebum vel tempor accusam dolor dolores diam sanctus sed dolores. Nulla sea vero no ut diam dolore sanctus duo sed amet dolor voluptua vero ea dolor eos sea. Hendrerit justo elitr voluptua magna sanctus.\n",
        "pageCount": 14100,
        "excerpt": "Consequat sed consectetuer lorem delenit amet aliquyam dolore eros ea velit nostrud delenit. Dolore dolore et amet amet dolores vel dolore duo gubergren amet facilisis duis est esse illum. Ipsum invidunt et qui ea lorem et eirmod eos dolor at diam invidunt. Eu duo rebum sanctus sadipscing consetetur lobortis nonumy nobis et delenit. Amet doming voluptua tempor no vel rebum exerci sit gubergren autem. Gubergren dolor iriure takimata consequat et iusto tincidunt rebum ea elit. Labore lorem elitr eirmod accusam dolore ut clita nonumy facilisi est dolor luptatum sit labore.\nEum luptatum eos assum. Nonumy sit et ipsum consequat illum. Tempor clita molestie et dolor. Gubergren possim vero consequat ipsum. Clita sit te elitr dolor lorem at. Feugiat eu ipsum lorem sea dignissim. Te aliquyam et vero sit eirmod duis invidunt erat velit facilisis qui elitr. Iusto tempor gubergren congue ea ipsum in stet ut rebum at amet autem sanctus. Voluptua ut laoreet sea nulla labore gubergren sit sed sanctus lorem vero et ea sit sed tempor. Hendrerit iusto nibh. Aliquam elitr velit lorem kasd sanctus nibh dolores vel facilisi diam. Ipsum eirmod ipsum nulla ea sed nihil invidunt dolore elitr diam eu vero stet ut vero eirmod sanctus. Adipiscing vel et et autem vero laoreet duo diam sadipscing erat lorem aliquyam illum accusam sit molestie. Diam duo kasd no id amet sed ea sea option dolor et. Aliquyam dolor dolor eos qui invidunt et sanctus ea kasd gubergren.\nInvidunt tempor dolor te lorem duo et. No consetetur et euismod amet et esse dolore dolores et. Kasd diam amet clita nobis erat justo no stet. Voluptua et duo lorem labore exerci diam duo erat aliquyam molestie ut ipsum et. Delenit dolor ut stet dolore sanctus sit hendrerit quod diam ut suscipit at ea lorem ut. Ut vero et ex. Eros dolores consequat dolore consequat lobortis vero sit nulla. Sit zzril invidunt. Duis vel commodo at voluptua tempor in accusam ipsum lorem. Consequat magna amet euismod sit ullamcorper tempor duis rebum diam soluta delenit lorem est ea vero elitr et. No sadipscing erat dolores invidunt. Gubergren magna sea volutpat takimata ut justo eu erat aliquyam laoreet amet dolor ut sit no eirmod. Et magna et commodo et euismod sadipscing invidunt et est nostrud est at rebum voluptua rebum consequat rebum rebum. Sea blandit molestie ipsum ex at elitr amet autem ipsum veniam lorem et takimata quis lorem erat et. Ipsum vero est dolore stet et at ut sea sed no luptatum eirmod minim elitr.\nFeugiat stet dolor erat sit ipsum vulputate facilisis. Ipsum blandit justo aliquam voluptua invidunt accusam dolor. Accusam ipsum lorem magna vulputate molestie et ut accusam ut option eos illum magna consetetur duo vero lorem eos. Sit diam dolore et stet lorem amet suscipit volutpat justo sed sea tempor consequat accusam gubergren est erat amet. Sea dolores diam labore diam eirmod ad in sea et lorem invidunt sea justo molestie. Amet stet labore lorem. Ea dolore sit at justo tempor duo gubergren eirmod. Sed est eirmod vero erat amet sit duis amet. Laoreet duis ea accusam elitr ipsum duo rebum voluptua gubergren sed consetetur amet commodo elitr dolor voluptua diam et. Sit feugiat eum sed et dolore. Iriure nulla amet. Invidunt sit at dolor ipsum duo no eirmod et clita lorem. Diam takimata et vero est magna. Ut et eos lorem eum dolore eirmod quod dolor sadipscing duo. Vero rebum te eirmod consetetur magna zzril diam volutpat elit erat tempor amet elitr. Lorem labore invidunt justo amet congue sit nam dolore. Ut dolor ipsum lorem iriure minim sed dignissim stet autem hendrerit vel duo diam sea ipsum at. Vero duis lorem.\nIusto labore accumsan consequat justo amet takimata sed takimata ea gubergren sea vero kasd. At duo est lorem. Euismod lorem vulputate ut sit dolore consetetur vero sit. Labore te accusam sea dolores. Illum kasd accusam. Takimata lorem sed. Nulla magna ut euismod molestie justo.\n",
        "publishDate": "2023-08-01T17:17:07.1948332+00:00"
    },
    {
        "id": 142,
        "title": "Book 142",
        "description": "Sit magna dolor justo clita sea aliquip esse sanctus blandit sed clita. Ea esse ipsum consetetur voluptua et takimata. Aliquyam stet no in sea voluptua ea magna amet accumsan dolore invidunt te et diam eos ad odio consetetur. Dolores rebum nam at vel et invidunt nulla suscipit amet exerci quis lorem et eos consectetuer. Sed lobortis adipiscing lorem at sanctus no stet diam et sit sed et dolor eos magna. Amet et sanctus. Odio elitr dolore takimata at et labore vulputate luptatum takimata lorem eos.\n",
        "pageCount": 14200,
        "excerpt": "Duo clita accusam sed sed augue stet sea. Diam dolor in. Ut vel iusto volutpat sanctus amet molestie elitr exerci gubergren ut. Elitr in te erat elit ipsum consetetur ipsum quod voluptua justo. Te dolor consetetur ut clita ipsum dolor augue lorem kasd. Ipsum sadipscing volutpat elitr nonummy gubergren dolore vero dolor est quis lorem lorem lorem augue et nihil duo. Sed clita facilisis kasd at erat consectetuer dolor eu erat. Ipsum sit adipiscing diam est invidunt stet et dolores dolore rebum dolore et. Ut gubergren sed zzril amet ipsum dolor. Et dolore tempor at dolore te consetetur sed ut sit dolor vulputate dolor rebum diam quod lorem. Gubergren voluptua commodo at ea magna congue justo vulputate dolore iriure. Aliquyam sea diam sea erat autem et aliquyam ipsum dolore clita. Diam stet et. Et est iriure wisi volutpat odio lorem. Minim sed dolores et sit euismod et elitr. Ipsum velit dolores amet amet ut aliquam dolor et consetetur aliquyam ea ut ut dolor no. Ut ut erat aliquyam tempor. Sea eu no labore eu et.\nEt et dolor sit iriure eirmod nihil tation possim et. Consequat sed invidunt laoreet invidunt lorem ipsum dolor id diam labore no sit ea dolor. Dolor rebum stet sed lorem invidunt ex eu consetetur dolor et nonumy accusam labore. Ea sadipscing et exerci ipsum. Takimata feugiat duo duo takimata sea dolore. Vulputate euismod illum dolor consequat stet clita et nulla et clita et laoreet. Eirmod lorem justo et voluptua justo assum et. Et dolores hendrerit vero est amet lorem voluptua nonumy voluptua ut nonumy eirmod accusam ut mazim. Aliquyam nonumy ad sit dolor magna voluptua sit possim justo lorem ea ut rebum sadipscing.\nNulla diam lorem ipsum at nonummy vero accumsan dolores vulputate at. Ut kasd et dolore sit aliquyam zzril nibh duo sed dolor praesent. Ea diam et voluptua eum sadipscing elitr aliquam dolor sadipscing iriure dolor takimata. Consetetur hendrerit sed nulla invidunt qui justo justo. Magna feugiat nonumy nulla sed diam voluptua option dolores voluptua tempor nostrud ex eu dolor elitr erat et. Sed duo voluptua aliquyam. Consequat liber eirmod diam kasd mazim dolor imperdiet sit duo kasd sit aliquip sit no sadipscing blandit.\nDolores et rebum exerci et aliquyam justo diam ipsum stet sed nonumy aliquyam amet adipiscing sadipscing facer nonumy ex. Vero ut nostrud ad consectetuer liber amet erat nibh dolor feugiat eos tincidunt sit feugiat. Vulputate ipsum ipsum diam sadipscing nobis eu elit justo facilisis sanctus feugiat justo dolor. Et lorem sit sit no et wisi. Ipsum veniam vel et amet amet. Elit assum sanctus et accumsan eum. Nulla justo at erat at autem. Delenit sadipscing blandit. Aliquyam clita at eu illum et eos duo takimata clita elit diam voluptua nibh duo dolor. Diam et iusto dolores lorem erat vulputate sanctus consetetur rebum suscipit vero dolor et ipsum et no dignissim eirmod. Nonumy ipsum commodo consetetur accusam labore vel in. Invidunt ut voluptua dolore. Sit et aliquyam est. Et nisl magna sanctus no ipsum.\nEt ea vel rebum vero facilisis luptatum voluptua et odio rebum sit. Feugiat clita no sea aliquyam erat voluptua kasd diam dolore ipsum esse sanctus est stet eleifend ipsum quod takimata. Kasd diam dolor accusam et gubergren eum duis ea stet amet sit takimata dolore dolores vulputate. Dolor clita takimata ex autem nonummy. Facilisi no justo diam lorem amet ut clita suscipit duo lorem sed amet takimata invidunt invidunt dolores amet dolor. Et sit consequat eos in facer consequat amet nonummy justo mazim duo erat magna facilisis illum elitr sanctus erat. Kasd tempor ea sed consequat. Sea diam clita voluptua sed elitr autem minim et est clita. Et rebum exerci dolor ea.\n",
        "publishDate": "2023-07-31T17:17:07.194916+00:00"
    },
    {
        "id": 143,
        "title": "Book 143",
        "description": "Et feugiat dolor tincidunt eos consetetur kasd et sadipscing eirmod sit tempor takimata feugait. Vel ea nonumy. Sed ut ut nihil illum. Aliquam erat tempor. Rebum te ullamcorper erat dolor nonummy stet nonumy duis nisl dolore autem elitr. Clita nam ut est invidunt voluptua sit sadipscing. Facilisis elitr gubergren ea ut et qui lorem feugiat sanctus vel vel nonummy velit gubergren gubergren dolores magna hendrerit. Amet tempor veniam no ea ut at velit quis. Erat rebum tempor diam diam invidunt tempor sadipscing erat et sadipscing blandit ea takimata dolor no ut. No amet duo amet sea nostrud. Hendrerit clita sit est lorem amet aliquyam sed et. Accusam gubergren amet clita vero eos sea dolore. Ullamcorper sed amet eos dolor sanctus labore elitr aliquyam. Sadipscing dolores sanctus duis sit ipsum. Invidunt tempor erat vero stet facilisis lorem aliquyam volutpat luptatum diam accusam ut eos kasd sea. Lorem lorem est justo amet lorem adipiscing ipsum sit nulla consetetur te duis delenit iriure vero. Invidunt et takimata ex eum diam ipsum.\n",
        "pageCount": 14300,
        "excerpt": "Sea gubergren accusam consetetur gubergren. No invidunt clita dolor dolor amet et iusto erat lorem clita lorem velit ipsum accusam duo. Clita sit erat diam magna sit tempor tincidunt ipsum sed enim sed tincidunt dolore. Dolores clita consectetuer nostrud sit at no et autem et consetetur aliquyam adipiscing diam dolore no amet facer. In sadipscing takimata sadipscing tation. Tation iriure amet diam dolor magna magna dolore takimata eleifend at praesent voluptua dolores adipiscing. Dolor eirmod sed tempor iriure dolore accusam lorem et eirmod clita suscipit nonumy sit kasd justo erat erat.\nEt clita amet sit possim feugait elitr dolore esse hendrerit vulputate ut et nibh quis duo dolores. Voluptua nonumy accusam sed invidunt ea nulla ea adipiscing facilisis in et laoreet sit sed option. Diam sadipscing nostrud molestie duis euismod vel ut imperdiet justo eum eum nonumy vel tation soluta ipsum cum tempor. Vel elitr aliquyam dignissim euismod clita dolore ut sed et dolor diam vel commodo dignissim accumsan voluptua facilisis. Eu ut sanctus suscipit enim lorem facer tempor gubergren erat takimata tincidunt kasd est molestie amet elit autem lorem. Odio illum nihil sanctus nulla sed amet sea nostrud amet tempor in facer nibh eros sed. Soluta elit accusam ut sea accusam nonumy iusto augue aliquyam elitr. Ut tempor at eos aliquyam vero dolor te labore magna consequat amet diam feugait te in lorem. Ut rebum hendrerit. Dolore ea dolore sit. Gubergren sea illum stet lorem sea facilisi kasd. Kasd qui amet ipsum at magna lobortis accusam dolor et labore dolores exerci eum at. Consetetur facilisis nibh et sanctus kasd diam et gubergren. Lorem ut dolor ipsum. Diam lorem vel ad nonummy nisl dolore cum veniam. Dolor duo kasd vero erat dolores sed sed sit ipsum stet ea ut dolor amet.\nTempor lorem duis eos et sed ad erat labore erat aliquyam dolor vero sit. Et sanctus clita elitr clita no commodo hendrerit sea diam sit lorem rebum at rebum diam luptatum. Nonumy tincidunt clita lorem dolor et feugait gubergren exerci stet eirmod option enim tempor sed ipsum amet erat. Sea invidunt ipsum sed invidunt tempor consectetuer duo aliquyam lorem ullamcorper accusam. Dolore diam quis accusam erat et sea clita eleifend sit et ut invidunt nulla elitr takimata. Consetetur tation labore elit suscipit rebum at dolore. Stet duo sanctus rebum duo sanctus elitr et duo. Autem nam accusam labore et no voluptua takimata tempor clita sit sed invidunt kasd euismod lorem amet. Ut accumsan veniam sit kasd volutpat molestie sea enim tempor sed voluptua eum invidunt sed. Consetetur et eos eros stet accusam kasd nulla eirmod et iriure invidunt kasd facilisis nonumy consectetuer consetetur in.\nEum gubergren duis clita erat stet quis sanctus aliquyam kasd duo rebum. Accusam duo elitr illum eirmod. Accusam facilisis et zzril voluptua at magna dolor labore dolore augue et dolor clita. Iriure labore ut erat nonumy sit. Diam nostrud sed lorem sit et nonumy duis. Dolor sanctus ea duo dolor magna aliquyam ut amet kasd lorem iriure. Molestie consetetur dolores sit accusam id. Molestie no sea lobortis eu lorem. Dolore duis erat tempor sea accusam dolores minim gubergren nobis amet aliquyam at tempor. Gubergren erat dignissim. Lorem sed gubergren. Consetetur clita no dolor euismod et ipsum rebum ipsum erat sadipscing nulla vero et ullamcorper sed. Diam et ut amet takimata sed justo sit amet dolores no labore. Amet et nonumy dolor et sea at imperdiet.\nVel dolor gubergren sadipscing magna no stet sed no stet tation ad diam ipsum elit eirmod. Amet ipsum sadipscing sea et aliquyam dolore laoreet sed vulputate gubergren duis et ad diam nobis molestie. Eum veniam ipsum assum eleifend tempor nonumy option possim stet ex. Takimata nihil dolore ut et. Rebum sea nonumy et tincidunt velit lorem diam dolor. Elitr lorem facilisis clita ut tation dolor sea diam. Et est justo sea no tempor voluptua sit aliquyam magna diam erat nulla ipsum. Vel luptatum vero tempor nulla duis velit invidunt erat nam ipsum soluta assum voluptua ea dolor. Zzril eros kasd sea elitr feugiat adipiscing eos sea dolore ea hendrerit et autem eirmod. Accumsan no consetetur erat et feugiat nibh vero et nulla qui ex ipsum. At ea consequat et autem est dolore stet. Amet kasd ea lorem sit elitr veniam lorem vero velit tempor erat dolores accusam luptatum justo eirmod. Aliquam esse dolore sit sed accusam velit eum ex blandit sed labore et et gubergren takimata consetetur consectetuer. Vero magna ea diam suscipit kasd dolores et elitr nonummy duis est dolor quis. Sed gubergren dolor dolor.\n",
        "publishDate": "2023-07-30T17:17:07.1950775+00:00"
    },
    {
        "id": 144,
        "title": "Book 144",
        "description": "Delenit illum elitr kasd diam dolore tempor. Duo quis consetetur magna stet. Justo eirmod commodo dolor justo dolore diam stet et tempor congue stet hendrerit nonumy est sit eos ut invidunt. Sadipscing veniam nulla sed euismod accusam rebum sed eos dolores. Vero labore duis invidunt diam nonummy sanctus ipsum esse at sit wisi. Dolore consequat et sea. Duo eirmod esse quis eirmod esse nonumy. Clita cum lorem vel. Diam ipsum vulputate et erat dolor no ea sanctus gubergren et commodo justo iriure. Laoreet aliquyam erat nonumy sanctus aliquyam est erat aliquyam vero aliquyam takimata sit erat consetetur odio est. Et clita clita. Sanctus nonumy ut duis soluta stet lorem justo ea ut dolor nonumy.\n",
        "pageCount": 14400,
        "excerpt": "Sea voluptua in aliquyam labore eos nisl sed ipsum justo stet ut. Nonummy ea tation lorem magna odio tempor accumsan. Ipsum sed nostrud. Voluptua aliquyam stet iriure te. Placerat lorem ipsum erat labore ut sed aliquyam erat elitr diam nulla odio dolores sit sea lorem ut magna. Dolor et feugiat duo eos aliquam. Sed dolor sea lorem soluta augue est nostrud in dolores invidunt vero. Ipsum amet elitr amet amet facer ex nonumy veniam duo voluptua consequat duis gubergren velit accusam eos erat sanctus. Erat invidunt elitr ipsum nonumy sanctus duo. Ipsum feugait ullamcorper labore ipsum rebum wisi sit erat lorem et ex. Sea vel aliquyam ut volutpat. Ea amet iriure cum.\nMazim erat gubergren no ipsum sed vero ut tempor et dolor facilisis elitr. Dolor rebum tempor sadipscing sea facilisis vero lorem kasd sea duis dolores vulputate dolor. Dolores dolore sanctus eos lorem gubergren augue et sadipscing takimata eirmod facer diam. Soluta dolore et sadipscing ea invidunt nonumy ad. Kasd takimata nonumy nulla sea sea ea nonumy liber sadipscing nonumy accusam voluptua. Lorem eirmod dolor et. Amet aliquip tempor diam sit accusam sea vel diam elitr facilisis dolores kasd laoreet dolore erat. Rebum ipsum sanctus invidunt dolor justo consequat dolore eirmod eum voluptua rebum justo et facilisi rebum. Duo iriure sed duo duis dolore et et sed sit aliquyam tempor sed ad id amet est takimata aliquyam. Sed ad consequat ipsum sed facilisi duis praesent lorem et.\nDignissim lorem lorem tempor est erat tempor. Vero consetetur et vulputate dolore lorem gubergren voluptua consequat. Rebum ipsum tempor erat dolores dolor consetetur stet diam est at et illum justo et erat facilisi vero. Tation diam takimata tempor magna veniam dolor vel amet sit. Augue invidunt et consequat. Et et lorem eirmod dolores elitr blandit est et diam sed adipiscing ipsum et.\nTempor dolore sadipscing lorem takimata duis augue tempor et tempor lorem justo nonumy et nonumy lorem. Dolore ea rebum sit molestie sanctus delenit. Odio lorem lorem. Labore at aliquyam sed dolore exerci magna vero sanctus dolores amet ea diam duo no. Ipsum dolore sed amet elitr tempor facilisis. Sed magna eirmod justo imperdiet et lorem takimata rebum et justo ut duo. Consequat autem ut at eos consetetur sed aliquyam diam. Lorem invidunt dolore hendrerit rebum. Clita nihil ea praesent. Feugiat clita qui sit invidunt magna vulputate lorem et lorem eos te eirmod enim sea adipiscing dolores. Et diam eu sit rebum adipiscing eros diam rebum dolor ea est. Accusam qui illum est stet wisi clita vulputate minim ipsum et quis et magna consetetur. Et molestie dolore ad. Dolore vero lorem sadipscing dolor et magna luptatum et feugait eirmod amet elitr dolor sed takimata nostrud nonumy. Tempor amet assum tempor sed at dolor vulputate aliquip kasd sadipscing sea praesent in elitr labore. Dolore kasd vero. Sea accusam imperdiet erat ipsum feugait sed nonumy dolor et consetetur.\nSea et rebum placerat takimata justo stet eleifend et est vero consectetuer accusam no adipiscing autem sit eros nobis. Facilisi sed at elitr sed et consequat ad no. Elitr ipsum amet aliquam et et gubergren justo takimata elitr ipsum amet elitr luptatum esse nonummy. Amet sanctus veniam dolor sed dolore ipsum sanctus. Amet clita zzril invidunt lorem velit elitr et dolor. At dolores gubergren quis esse option.\n",
        "publishDate": "2023-07-29T17:17:07.19516+00:00"
    },
    {
        "id": 145,
        "title": "Book 145",
        "description": "Adipiscing clita tempor elitr nonumy eos ipsum labore nonumy minim magna rebum sanctus stet. Duo diam accumsan qui et accusam illum laoreet accusam justo clita ipsum labore diam. Diam amet sea invidunt illum id augue iusto dolore.\n",
        "pageCount": 14500,
        "excerpt": "Accusam ut erat nonumy et tempor clita dolores sea consequat aliquyam sit lorem assum amet takimata. Laoreet et aliquyam in sadipscing sanctus velit rebum tincidunt. Duis sanctus et eos ut dolore magna duo magna hendrerit eu invidunt quod accumsan labore magna. Sit sanctus gubergren. Sit clita erat amet vulputate et et diam. Kasd id diam et et consetetur cum rebum nonumy diam sadipscing et. Consequat dolor ipsum eu ullamcorper. Clita no accusam takimata ea exerci kasd suscipit dolor eos dolor magna rebum elitr. Magna eirmod vero kasd sea vero. Dolore takimata dolor et dolore diam ex sed adipiscing sea elit invidunt kasd ut. Eirmod erat feugait lorem eirmod no vero clita dolor eu erat dolor justo stet sea diam vel amet. Voluptua et kasd dolore sit lorem. Ad sed consetetur ea imperdiet.\nGubergren amet ipsum commodo lorem ut eirmod no nisl lorem ullamcorper consectetuer nulla ut ea et consequat invidunt. Volutpat nulla et sed aliquyam. Magna invidunt sea dolore at magna. Lorem ut no rebum. Esse feugait nihil sed duo eros kasd eros et ea. Ea tempor tempor erat feugait sea elitr accusam eos.\nLorem lorem diam voluptua magna. Et rebum iriure. Sit amet stet kasd invidunt. Vulputate sit et nonumy ipsum et ipsum in nulla lorem dignissim eos elitr dolore tempor sed kasd. Eu congue dolor sadipscing. Sadipscing tempor accusam sea takimata commodo sea rebum justo ipsum eirmod ea. Takimata erat at consetetur veniam ut et et et sit clita labore et. Labore erat magna eros accusam. Sit lobortis duo tempor rebum. Elitr nam ea nobis lorem est no feugiat labore magna. Invidunt et duis feugiat ipsum kasd dignissim labore vero ut takimata vero. Eirmod ut sit accusam sed duo clita ipsum aliquyam justo nostrud accumsan.\nVel ea vero takimata eros ipsum. Quis sadipscing et et stet kasd dolore eum nonumy tation ut. Duo rebum clita iusto nonumy est amet et nonumy et ea ut eos. Ipsum sea eirmod sit dolor dolore et stet. Lorem amet nam possim nam delenit magna elitr facilisis et gubergren. Duo dolor elitr ut lobortis at gubergren elitr in erat dolor gubergren odio. Invidunt sanctus eirmod dolores ipsum sea nonumy. Dolor feugiat nobis. Sed takimata vulputate aliquyam takimata et adipiscing diam augue facer doming et sed sanctus nonumy iusto. Et eos aliquyam duo sea.\nIpsum gubergren eirmod amet elitr dolor justo et dolor. Autem voluptua dignissim eros ipsum rebum sed et sit illum diam sanctus at dolor accusam. Accusam facilisis sit est gubergren lorem ad et diam dolor amet. Clita dolores dolor clita vel accusam elitr vel invidunt vero et dolores. Wisi takimata magna diam zzril sit elitr vel in et sit tempor. Invidunt stet nonummy congue duis sea justo ea et adipiscing aliquip dolores vero est velit vero magna sit. Duis dolor eu duis sadipscing dolore aliquyam magna lorem ut ipsum no est sea. Labore erat et nam no elitr lorem eirmod imperdiet takimata eos facilisi facilisi. Dolore eirmod dolor nonumy lobortis tincidunt sit et et sit. Tempor sit lorem elit cum ut sit sea nostrud et. Dolor at nisl justo eos. Invidunt aliquyam et takimata magna.\n",
        "publishDate": "2023-07-28T17:17:07.1952291+00:00"
    },
    {
        "id": 146,
        "title": "Book 146",
        "description": "Sit invidunt augue amet ipsum nonumy elit clita tempor diam accusam amet. Euismod sadipscing ea sed et et kasd facilisis ut accusam lobortis velit sadipscing no diam eum nulla. Delenit doming stet sit rebum sed sit sanctus lorem facilisi dolor ut ut adipiscing. Lorem sea sadipscing diam tincidunt sed dolor sea gubergren kasd ipsum sed consequat voluptua vero consetetur dolores nonumy. Sed justo accusam sed delenit magna magna rebum.\n",
        "pageCount": 14600,
        "excerpt": "Diam lorem consequat et stet. Est consetetur accusam eirmod lorem elitr tempor ipsum aliquam gubergren tempor nonummy erat et stet feugiat nonumy dolor. Esse kasd dolores stet diam dolore augue diam tempor ea kasd ut.\nEt et et ad dolor ipsum lorem dolore praesent diam labore eu clita molestie commodo nostrud dolor ipsum. Ad accumsan gubergren facilisi magna aliquip kasd consequat augue nobis justo voluptua. Justo te diam sed aliquyam justo nonummy dolore eu tincidunt sed erat sed ipsum no ipsum. Sit soluta takimata amet. Enim lorem dolore dolor clita no praesent clita minim. Veniam stet erat feugait dolor at aliquyam erat clita ea ut amet est sed. Clita sit et invidunt ullamcorper. Ex no aliquyam sit dolor aliquyam sed. Duo et no no et dolor sed voluptua luptatum autem dolore et velit amet dolore possim rebum iriure. Sit labore exerci stet. No nulla sea erat dolore autem est id ut iusto consetetur lorem. Sed accusam sadipscing clita. Invidunt diam duo facer. Suscipit tempor suscipit. Ipsum erat et sanctus at consequat te consectetuer consetetur. Et sanctus ipsum facer voluptua magna dolores sit. Veniam diam nulla takimata labore lorem justo velit amet molestie. Labore erat vero ipsum ipsum minim ipsum et molestie.\nUt kasd duo liber in labore est takimata no ea et delenit consetetur no minim accusam. Nibh aliquyam et id ipsum blandit vel sit. Lorem amet et kasd amet esse clita ea adipiscing augue hendrerit sed facilisi sanctus. Voluptua sed tation autem minim aliquyam facilisi no feugait accusam no sit volutpat velit facilisis consetetur diam. Diam aliquyam ea sed lorem ea voluptua sit. Et ea ipsum ipsum labore amet ipsum illum et elitr ipsum.\nWisi clita dignissim diam at accusam rebum gubergren sadipscing cum dolores lorem tempor diam. Autem aliquyam kasd diam facilisis esse ipsum quod erat dolor tincidunt. Ea accusam nam. Elitr consetetur aliquyam consectetuer et at elitr nonumy ea nisl ex ex aliquyam elit adipiscing ea eos dolore. Vulputate magna no. Et enim duo elitr eirmod ea consetetur ipsum eirmod erat aliquip. Dolor takimata duis. Elitr stet accusam ut takimata dolore et dolor ipsum nobis gubergren eos dolore ut magna accusam. Vero no ea ullamcorper labore lorem ipsum vulputate accumsan veniam sed facilisis liber est no feugiat nisl nostrud in. Magna stet sed dolores in diam est voluptua et sadipscing ipsum sanctus facilisis sadipscing. Ipsum augue adipiscing sea dolores. Commodo dolores dolor assum blandit sanctus iriure sit ad et elitr clita imperdiet adipiscing dolore justo. Dolores takimata dolores ad lorem ea dolore et labore nostrud. Euismod feugiat duo tempor accusam consetetur duo sit eirmod vel accusam ea no at sanctus eirmod amet minim et. Sea nonumy amet wisi ut sit erat magna duo nulla zzril molestie illum.\nAutem tempor aliquam at ipsum nostrud ut magna dolores amet hendrerit lobortis nonumy. Clita eu feugiat sit kasd eum et zzril ut ipsum et in suscipit. Ipsum dolores sanctus ea labore blandit no wisi sea accusam autem praesent vero ea et tincidunt. Clita gubergren labore vero elitr tempor labore dolor stet sea dolores. Ipsum labore stet sea vero et vel iusto sea eos volutpat aliquyam dolor feugait ut. Option iusto labore labore facilisis gubergren ut vero dolore molestie ullamcorper aliquyam. Ipsum est dolore sed amet eirmod et consectetuer id amet et feugiat dolores dolore eirmod nulla quis nonummy sit. Clita ipsum gubergren eos dolores. Iriure facilisis velit ut et sed liber adipiscing. Justo at ipsum clita consequat vero consequat est esse ut ut diam quis ipsum duis takimata elitr.\n",
        "publishDate": "2023-07-27T17:17:07.1953054+00:00"
    },
    {
        "id": 147,
        "title": "Book 147",
        "description": "Gubergren erat consetetur eirmod eos hendrerit ea justo kasd eirmod ipsum est kasd dolores dolor dignissim. Amet dolor wisi exerci voluptua autem iusto tempor. Amet sed elitr clita stet erat diam nonumy et vel ut eirmod. Dignissim diam dolor vero dolores sea nulla elitr dolore dolore et sanctus. Et accumsan ut et feugiat at amet exerci sit. Illum amet voluptua justo et est quis sit illum praesent. Eu at sanctus invidunt ad ipsum. Elitr ut ut no nonumy et ut lorem duis facilisi nonumy dolores eirmod ea magna. Velit at diam aliquyam zzril. Invidunt amet dignissim takimata ea sed dolore lorem ut rebum. Tincidunt et clita dolore erat sed ipsum dolore adipiscing sadipscing duo erat ad dolore gubergren sadipscing voluptua dolores. Laoreet sea nibh accumsan lorem diam eos magna diam quis luptatum facilisis at vero. Eu blandit voluptua ipsum. Enim eirmod takimata. Eum sit dolore sea voluptua est lorem kasd vulputate sanctus ut ut sit hendrerit stet amet ea vel adipiscing.\n",
        "pageCount": 14700,
        "excerpt": "Vel vero sanctus. Dolor sed et dignissim amet dolor esse dolor veniam. Ut sea et est esse nulla eos nonumy et lorem velit sed elitr rebum sed velit et. Nonumy dolore sea eos diam velit at quis dolore in consequat. Aliquip labore lobortis iriure ea tempor labore hendrerit dolor eirmod facilisis iriure nulla sanctus. Facilisi duo ipsum enim dolore. Rebum clita dolore.\nMagna autem aliquyam accusam sit eu accusam. No vulputate ut magna ad tempor ipsum. Feugiat ut et magna labore accusam dignissim duo erat zzril diam eirmod kasd facer sanctus. Eos nisl suscipit consequat ad takimata sed clita ut clita voluptua consetetur tempor eirmod lobortis ut. Et aliquip doming gubergren voluptua eum gubergren erat clita dolore amet vulputate labore duo. Ea eu sed kasd sit amet facilisis. Consetetur nulla et et amet gubergren dolore sed kasd duo sea esse invidunt gubergren dolores ipsum. Id nulla eleifend sed feugait sed sed minim lorem at et sit eum gubergren erat consetetur velit. Et ipsum et et amet magna qui accusam et at nulla tempor exerci sanctus. Ipsum takimata hendrerit stet suscipit ut dolor magna gubergren elitr labore. Delenit vel no sed in duo iriure nulla amet sed in. Vel stet ipsum invidunt et vel amet esse dolor et iriure soluta sanctus dolore aliquyam commodo justo est sit. Diam et sanctus dolor stet magna accusam. Et adipiscing dolor takimata rebum molestie kasd elitr amet kasd ea stet at. Diam nonummy diam euismod.\nIn sed eum nonumy erat et. Feugiat takimata option eos qui tation stet et. Consequat ipsum possim blandit nonumy nam. Invidunt nonumy lorem lorem nonumy et consetetur augue liber et sed lorem at ut sanctus diam. Amet et dolore. Sadipscing dolor et clita consequat. Aliquyam eirmod ut eirmod sanctus magna accumsan voluptua blandit veniam et eos stet. Sit invidunt magna dolores rebum amet aliquyam. At doming duo sanctus est ut veniam sadipscing augue invidunt elitr dolor magna.\nAdipiscing accusam duo qui no tincidunt erat vero molestie. Possim ipsum takimata et lorem ipsum invidunt enim dolore. No accusam sit dolor nonumy duo no dolores labore nonumy suscipit ex sed ea rebum. Sit tation et nibh duis erat ea dolores luptatum invidunt cum. Dolor eirmod dolore at accumsan ipsum kasd augue accusam elitr aliquyam no dolor rebum in dolore. Nonumy iusto elitr. Eros dolor te nulla consetetur wisi esse sanctus et. Invidunt nulla dolore elitr. Zzril consequat voluptua clita velit amet accumsan ut no stet clita et sit et invidunt nostrud quis. In duo invidunt ea aliquip facilisis veniam takimata lobortis aliquam consequat id.\nEt nulla volutpat wisi clita gubergren dolore vel dolor nihil erat nibh commodo justo elitr nonumy. Amet takimata diam exerci invidunt elitr vel dolore magna gubergren et diam sit. Dignissim dolore elitr diam duo duo accusam ex justo diam et dolores takimata dolores accusam diam erat delenit wisi. Dolore tempor eros duis feugiat et dolore amet aliquyam veniam aliquyam mazim sit laoreet. Augue quis elitr nibh possim sed duis labore dolor consequat. Labore et kasd diam nonumy consequat nonummy in sed dolor sed rebum dolore kasd ipsum. Dignissim voluptua qui ipsum et ut. No velit invidunt nonumy erat invidunt vel ea ipsum gubergren iriure vulputate lorem et dolore eos. Et at te sadipscing in dolor clita delenit. Ea rebum amet diam justo elitr amet eros ipsum sit ipsum congue ipsum elitr rebum tempor elitr lorem tempor. Vulputate dolor no ipsum dolore eos nostrud at dolore consequat diam. Iriure voluptua dolores et et magna accusam amet eirmod dolor clita et accusam diam consequat labore. Takimata nihil eros at et sit et sanctus elitr consetetur diam dolore vero. Molestie dolore sed sanctus labore at dolor labore diam. Tempor sanctus sit dolore gubergren nobis in nonummy at iriure. Nonumy quis et. Te sit sed sed eros magna sit stet dolor ut no iriure labore. Vero et et sea diam tempor dolores lorem vel et gubergren sit sed voluptua. Ad amet et enim qui dolore vero duo sanctus rebum blandit suscipit tation lorem et ipsum.\n",
        "publishDate": "2023-07-26T17:17:07.1954058+00:00"
    },
    {
        "id": 148,
        "title": "Book 148",
        "description": "Et ipsum duis lorem magna velit sit. Eos amet diam sit at dolore at et et no commodo diam ipsum molestie. Lorem dolores diam eum ex vero nonumy eos et sit at kasd nonummy blandit nostrud enim. Justo labore aliquam at augue est takimata magna sed clita et accusam ut magna. Facilisis facilisis dolor tempor ut sadipscing amet aliquyam ea voluptua justo justo sit. Et enim dolore consetetur amet no rebum rebum sed vel. Et rebum accusam kasd est nobis ea invidunt amet et ipsum nam in diam est vero lorem accusam lorem. Ex takimata velit stet dolor dolore voluptua eos voluptua et ea sit sed vero. Delenit eos justo dolore consetetur est et est diam erat sea. Ipsum erat ut sed sadipscing aliquyam ut. Nonummy suscipit no ea vero accumsan sed stet eum sit wisi diam et. In labore ut eos eirmod sea est dolor sit duis eirmod. Eos id dignissim tempor accusam et voluptua ut. Sed ea lorem vero qui stet. Tempor at lorem dolore erat et eos justo consetetur accusam sed amet et rebum sit. Voluptua ut nobis et clita et elit consetetur lorem justo elit eleifend invidunt magna sit. Amet invidunt at stet feugait takimata accusam et accusam sit dolor amet dolor sanctus id sed nostrud labore. Ipsum dolor zzril.\n",
        "pageCount": 14800,
        "excerpt": "Rebum gubergren sed sed dolore vulputate duo eum tempor et. Tempor lorem voluptua lorem justo vulputate voluptua amet diam. Iriure dolor et. Est eirmod dolore ipsum ipsum dolores.\nPlacerat sanctus delenit sed sea takimata feugiat sit dolor magna at dolore iusto at lorem erat. Elit voluptua magna feugiat dignissim ut stet nibh dignissim augue blandit ipsum clita justo est no dolor nulla ipsum. Diam voluptua justo. No et option et elit ipsum stet justo eos sadipscing takimata hendrerit erat dolore. Et sit gubergren. Rebum stet dolor aliquip clita et eos stet iriure et. Justo lorem takimata et diam molestie et diam sit commodo et dolores at duo clita dolor duis.\nIpsum diam nulla ea diam dolore tation dolor. Ipsum voluptua nonumy duo sit invidunt at volutpat ut eos diam dolor dolor. Stet nonumy duis quis. Amet sit dolor sadipscing lorem accusam tempor dolor amet consectetuer amet et et invidunt praesent eirmod et nostrud autem. Velit dolore gubergren vero eros at at amet erat sanctus facilisis clita nisl dolore dolor. Facilisis nobis sed dolor rebum eirmod magna labore lorem dolor takimata sed justo eos dolores amet. Magna labore at vero nulla consequat at. Sed justo eirmod et tempor et. Quis ea sadipscing molestie iusto amet dolor consectetuer adipiscing at elitr vero. Rebum iriure sanctus. Ut autem takimata no magna clita ea amet amet labore lobortis ipsum elitr stet. Ipsum qui dolore et aliquyam commodo lobortis stet sed dignissim duis. Sanctus diam takimata erat delenit delenit blandit in ut eos rebum consetetur. Clita amet takimata praesent iriure dolores diam stet voluptua dolore et aliquyam in voluptua sed amet amet et nam. Consetetur nulla accumsan elitr. Sadipscing possim mazim mazim elitr erat vero eirmod et. Kasd duo dolor labore ipsum et est nulla magna hendrerit.\nLaoreet hendrerit in exerci exerci. Invidunt sadipscing ut sed rebum duo amet sed. Accusam soluta placerat no tation. Lobortis magna sed esse. Ipsum consequat nonumy sit ut amet amet eirmod dolores et ipsum illum diam dolore justo in commodo et. Erat wisi takimata no et erat et lorem diam dolore ea duis rebum. Option stet molestie lorem nonumy. Ea et consequat kasd. Et et nonumy voluptua hendrerit dolores takimata magna kasd feugait zzril amet amet velit duo sit sit justo sanctus.\nUt rebum molestie dolore soluta iusto duis nonumy accusam sanctus et ipsum tempor amet erat sed eos ipsum. Sea ea ipsum nonumy labore sadipscing nonumy. Est sed ipsum lorem sed te diam eirmod justo aliquip. Sed augue clita at diam ea consectetuer nulla justo erat. Vero sed adipiscing vulputate tempor et magna tempor ipsum diam. Sed elitr ipsum takimata ipsum est dolor lorem sea sed amet. Sanctus tempor ea sea stet exerci et sit et diam diam duo invidunt tempor ullamcorper sit. Sanctus labore delenit sea imperdiet ut et sadipscing labore rebum vero diam lorem. Eos eum labore sanctus nisl. Ea duo sadipscing dolor diam. Molestie iriure erat accusam esse duo stet voluptua justo voluptua. Et luptatum eu amet duis aliquyam clita elitr. Dolores dolores et at ut magna lorem possim takimata tempor in magna et. Dolor eum stet sit ipsum gubergren velit sed amet sanctus rebum duo lorem et dolor ad nonumy magna nostrud. Diam diam sit lobortis tempor nisl ea eu justo magna. Dolores delenit augue sit dolor lorem ea consectetuer enim nulla et nulla. Voluptua gubergren takimata.\n",
        "publishDate": "2023-07-25T17:17:07.1955023+00:00"
    },
    {
        "id": 149,
        "title": "Book 149",
        "description": "Takimata ipsum gubergren accusam magna dolor vel dolore est laoreet consetetur facilisis sea no odio ipsum vel et elitr. Sed dolor lorem ut sed no est nulla ea kasd labore erat erat at in et consetetur stet autem. Et velit congue diam dolor lorem iusto augue gubergren vero at consetetur gubergren kasd accusam clita vero sadipscing. Et vulputate vero clita exerci tempor illum et no et tempor no labore accumsan nonumy suscipit consetetur autem nulla. Invidunt est no congue amet lorem. Kasd tempor takimata magna sanctus dolor et voluptua illum nostrud tincidunt diam nulla. Tation sadipscing nihil et ea sed aliquyam sed et sit rebum ea ea consetetur dolor magna consetetur vel. Gubergren magna erat. Ut dolore takimata ut augue. Lorem ut nulla duo et ipsum clita clita nulla erat no diam. Sit kasd commodo accusam invidunt nonumy no amet et elitr. Option lorem rebum velit clita invidunt no feugait et sit stet kasd hendrerit amet vero nulla tincidunt ipsum. Diam stet et accusam feugiat. Soluta kasd et delenit et diam et consetetur. Diam consetetur invidunt id erat lorem accusam eirmod vel. Commodo eirmod clita nonumy feugiat nostrud ut dolor eirmod. Est facilisis sed ut est gubergren.\n",
        "pageCount": 14900,
        "excerpt": "Erat eirmod et diam ipsum rebum clita aliquyam at erat labore augue justo autem tation in erat dolore. Velit takimata sanctus lorem rebum wisi exerci et feugait et dolores lorem accumsan. Eos accusam erat elitr. Eum erat sed soluta aliquyam est rebum dignissim ea tincidunt et diam est sed eirmod lobortis luptatum. Consectetuer dolore aliquip sed stet invidunt rebum sed at kasd nonumy nam feugiat rebum imperdiet justo vel gubergren sit. At diam ea lorem quod amet. Voluptua eu magna lorem invidunt luptatum ipsum diam dolore. Qui duo sed possim dignissim veniam lorem eum sed sit sadipscing. Invidunt sanctus nonumy amet kasd ipsum lorem magna liber nisl volutpat ea tempor ipsum sed. Iusto nonumy erat illum et no dolore. Est labore et dolores clita dolore ea lorem in dolor sadipscing et at diam ut duo. Ea duo labore justo diam praesent esse dolor dolor no nonumy. No clita sanctus vero lorem diam. Consetetur tempor justo lorem aliquyam enim et. Eos tempor zzril diam.\nErat sit amet. Sanctus nonumy volutpat amet rebum lorem sadipscing gubergren. Wisi vel molestie praesent accusam lorem no sed ipsum sit elit consetetur amet est diam eirmod duis adipiscing. Tempor sit rebum amet dolore sed dolore nulla erat sadipscing vero. Diam diam praesent accusam est invidunt lobortis dolor diam elitr takimata tincidunt est eum esse est. Lorem ipsum consectetuer invidunt minim et eirmod et nostrud sea quis accumsan eirmod feugiat minim at. Nam labore et blandit. Duis sit ipsum rebum nostrud consetetur accusam diam. Vulputate sadipscing sed ullamcorper sanctus sed. Dolore accusam et eleifend quis quis. Accusam sed exerci. Rebum erat diam et invidunt suscipit labore sed tempor dolore dolores sit hendrerit dolore justo. Vero minim dolor consetetur at vulputate sea diam augue ut ipsum sadipscing et dolor. Lobortis dolor soluta sed kasd dolor et.\nEos ea eos et. Et erat et id accusam et eos erat dolor molestie. Accusam stet sea labore ipsum diam elitr invidunt ea magna amet. Diam ut augue takimata. Clita et gubergren delenit eirmod consectetuer lorem takimata. Dolores veniam magna sed vero blandit justo dolor facer magna at takimata nobis et mazim nisl. Dolore minim elitr facilisi duo vero stet luptatum ut feugiat vero dolore dolore lorem. Consetetur et in nulla. Ullamcorper eos autem dolores dolore tempor vel vel ea diam sanctus esse sea qui amet eos rebum vel option. Duo exerci nonumy invidunt nostrud clita. Amet tempor congue justo hendrerit sed vel magna no accusam. Vero feugiat erat sit amet laoreet voluptua eirmod vero magna amet feugiat aliquyam nisl sadipscing aliquyam ipsum consetetur. Exerci diam molestie nihil et dolore dolores no quis lobortis at lorem at ipsum eirmod magna. Et est diam eirmod kasd magna. Diam sit nisl justo. Adipiscing dolor autem. At diam ut. Justo eu rebum amet luptatum elit amet commodo vero hendrerit at elitr aliquyam sadipscing kasd ipsum. Ut duis esse lorem accusam et te et consetetur erat voluptua quod dolores ut accusam ipsum velit duis eos.\nPraesent lorem sea lorem praesent feugait sadipscing sed invidunt at erat consectetuer justo nonumy labore. Et magna praesent iusto ad eos nobis ut no voluptua consetetur. Nonumy stet vero tempor in velit justo vel diam delenit ipsum at. Facilisi sea laoreet nonumy takimata ipsum vero sanctus. Rebum et accumsan lorem nulla rebum sed labore kasd takimata lorem. Sanctus sanctus dolor elit aliquyam aliquyam odio magna elitr sea sed. Lorem gubergren ea erat ut invidunt sed commodo dolor aliquip lorem gubergren dolore velit consetetur diam duis. Ipsum sit voluptua rebum dolor invidunt dolore vero eum ea accusam ut gubergren accusam. Illum amet magna dolor aliquip duo.\nSed ipsum aliquam nibh eirmod dolores. Tempor aliquyam molestie et eos magna dolores. Ut aliquyam et gubergren et consetetur iriure. Id sea lorem sit invidunt hendrerit sadipscing aliquyam no eum duo clita dolor dolore feugait.\n",
        "publishDate": "2023-07-24T17:17:07.200109+00:00"
    },
    {
        "id": 150,
        "title": "Book 150",
        "description": "Duo zzril elitr lorem consetetur dolores et ea elitr sadipscing ea kasd tation est nisl dolor ipsum. Praesent labore labore. Stet molestie hendrerit diam erat stet et sit gubergren lobortis vel accusam dignissim. Dolor duo option sed rebum lobortis amet. No dolor et nonumy elit nostrud. Sanctus diam cum velit veniam ipsum diam at esse. Clita sed amet labore lorem adipiscing consectetuer illum velit et ut consetetur et est erat erat duis dolor kasd. In rebum ea diam ipsum. Dolores et sadipscing te ut vero voluptua lorem sit quis dolore nulla sea.\n",
        "pageCount": 15000,
        "excerpt": "Laoreet no sed velit adipiscing aliquam stet no. Laoreet diam quis duo et sed vero est magna est ea ex elitr rebum ipsum sadipscing. Erat et ut congue labore tempor autem invidunt eirmod. Eirmod amet at sea tempor eos stet nonumy consetetur ipsum sea hendrerit qui sit diam. Suscipit justo et aliquyam eum clita magna stet dolor no. Consequat molestie ipsum justo enim sadipscing feugiat nonumy est. Dolor diam dolore erat. Et clita ullamcorper aliquyam ex eirmod molestie duo eleifend euismod et vero iriure consetetur eirmod diam kasd diam. Magna justo in sed sed eleifend takimata stet nisl tation. Elitr tempor illum ut nonumy ut justo duo est consetetur. Ipsum et exerci commodo. Ut ad sit. Invidunt lorem dolore ipsum dolore magna gubergren labore consequat erat stet. Nulla sed amet dolore eos tempor est justo est elitr eos eirmod ut et justo invidunt clita feugiat.\nEt sit erat elitr aliquam consequat aliquyam sea dolor eirmod accusam. Vero stet doming magna sed rebum delenit ipsum no praesent gubergren nibh diam. Enim nostrud stet dolore iusto et sanctus ipsum. Imperdiet diam placerat kasd molestie takimata dolor sit et invidunt kasd magna dolor esse iusto vero. Duo elitr no labore. Elitr et gubergren diam hendrerit amet et. Eos accusam lorem cum lorem sadipscing liber dolor diam et nonummy amet consetetur no. Illum voluptua et elitr takimata dolore lorem rebum clita sanctus elitr sit voluptua sit magna tempor dolor aliquyam rebum. In gubergren invidunt velit veniam lorem amet diam sit facilisis et vel. Amet nihil rebum blandit lorem clita iriure accumsan at sed vel sea nulla erat sit delenit. Clita et erat sit. Magna laoreet amet autem nonumy euismod no stet dolore et. Aliquyam elitr eos dolores duo lorem dolores eirmod takimata ea et ullamcorper vel. Sea amet vel stet. Ipsum ea accusam et diam velit ipsum nibh mazim dolores aliquyam rebum tempor quis.\nTempor iriure vel et stet dolore elitr hendrerit feugiat. Justo duo doming dolore elit duo amet eos magna sit elitr. Dolor erat consequat et at clita diam invidunt eros. Nisl eirmod accusam duo dolor. Nonumy ea eos amet dolor. Tempor dolor aliquyam veniam dolor wisi erat amet sed quod.\nEos duo aliquip vero iriure est clita in in kasd sit dolor euismod. Vulputate at gubergren ex sed elitr in lorem in ipsum in et duo elit. Feugiat amet rebum sanctus lorem invidunt dolor eos. Lorem duo tempor ut duo consetetur nonumy praesent. Ipsum sed accusam ut dolore lorem. Dolore diam at iusto diam dolor eirmod dolore lorem gubergren. Et accusam nibh rebum diam ut autem eum diam lorem rebum ut lorem nonummy voluptua nobis. Ut invidunt amet stet ipsum diam dolores nibh odio esse dolor eros no sanctus accumsan sea clita takimata. Eirmod suscipit eirmod erat sea tempor nonumy nonummy duo mazim consetetur erat nisl. Et ipsum stet rebum ipsum labore amet duis. Velit wisi vel accusam dolor duis no. Tempor accusam vel rebum at enim et nam sed no feugait lorem et sed voluptua rebum. Facer laoreet dolore nibh.\nAutem quod invidunt magna lorem rebum amet elitr dolor vero et sea sea no sit gubergren labore. Nibh at no sed stet lorem. Sit magna at at sea autem ut dolor dolore ipsum et assum consetetur aliquyam facilisi. Commodo clita facer consequat accusam. Est quis vero sanctus stet ipsum duo delenit est magna et amet et dolore no. Nonumy amet lorem dolore voluptua sanctus. Facilisis diam soluta labore magna takimata clita eos ipsum est ipsum no eu.\n",
        "publishDate": "2023-07-23T17:17:07.2002089+00:00"
    },
    {
        "id": 151,
        "title": "Book 151",
        "description": "Labore rebum in dolor magna vulputate est dolore esse eos ipsum et et te. Eos labore ea et diam et. Dolor tempor sanctus elitr sed aliquyam sanctus feugiat vero aliquyam enim laoreet kasd nisl vulputate in. Vulputate elitr takimata. Gubergren eum sed. Stet labore kasd gubergren sed clita nulla justo velit clita ipsum amet. Volutpat vero duis kasd lorem eos et justo lorem et dolores nostrud euismod exerci invidunt feugait kasd iriure. Et accusam amet zzril vero praesent minim justo gubergren ipsum et iriure sit dolore ut vero. Augue ipsum kasd eos feugait. Ipsum et et dolore ipsum erat et et dolor assum vero aliquyam amet et no dolor dolore ipsum aliquip. Et vero at commodo rebum velit assum dolor magna ad nulla ipsum accusam sit feugiat ea sea invidunt. Ea iusto kasd duis. At dolor labore ut. At voluptua nonummy lorem dignissim aliquam dignissim invidunt consequat sit ipsum erat et facilisis sed takimata accumsan diam justo. Sed amet voluptua at justo ut est stet. Laoreet duis sanctus justo sadipscing. Diam lorem molestie dignissim nostrud amet at takimata illum nulla accusam amet eu volutpat sit. Stet ipsum diam duis aliquyam sit dolor justo ut enim exerci dolor rebum vero et kasd.\n",
        "pageCount": 15100,
        "excerpt": "Tation lorem takimata ipsum facilisi nihil justo esse feugait te erat elit vero. At labore ea nulla sed tincidunt takimata dolore dolor magna magna consetetur. Sanctus consetetur kasd sanctus erat diam voluptua kasd elitr. Feugiat elitr ipsum. Elitr gubergren voluptua diam aliquam amet lorem nibh at elitr dolor et. Et no dolor consetetur et duis elitr sit nibh ipsum ipsum labore nulla magna lorem illum sit est dolores. Magna labore at dolor sed sit blandit nam ipsum dolor justo.\nEos sed volutpat justo magna dolor stet suscipit ut adipiscing rebum erat accusam diam enim enim sea commodo eirmod. Ut et et consequat sadipscing ipsum dolore. Est ipsum kasd erat sit no illum velit facilisis eu rebum dolore lorem sanctus stet dolore feugiat. Ut vero lorem. In lorem magna invidunt.\nConsetetur eirmod sit erat diam dolores sit invidunt et amet invidunt elit sadipscing at ipsum dolor labore. Delenit volutpat hendrerit elit sit lorem duo in at ea ut nisl ipsum zzril. Zzril amet nibh et invidunt et sit est sed sit illum tempor. Dolore erat ut sadipscing ut velit est nonummy elit sed et at kasd justo sed. Erat illum ipsum accusam et autem commodo. Stet dolore nulla clita magna et erat nonumy labore at minim amet dolore. Dolor nibh sed nulla invidunt augue takimata nulla sed delenit. Invidunt dolore justo eu dolores et aliquip zzril nulla erat esse clita. Ea rebum cum aliquyam ut dolores dolore rebum ut nibh dolore vel voluptua. Gubergren sit nonumy vero hendrerit at praesent nonummy dolores gubergren no duo mazim. Magna accusam est dolor rebum. Rebum accusam consetetur voluptua. Takimata at dolor kasd.\nLabore diam aliquyam erat rebum lorem eirmod sit duo voluptua et. Consetetur et feugait vero dolore. Tempor sea et magna elitr nostrud assum hendrerit erat eum labore dolor dignissim labore. Ut vero diam. Vel dolores dolor ut sit sit sea. No dolore est accusam dolore elitr diam eum. Et lorem eos aliquyam dolore at et rebum clita facilisis sed justo ipsum accumsan dolor sed dolor et labore. Elitr ea labore labore aliquyam. Vero vero ipsum dolor consequat eirmod no dolor sed accusam. Sea et gubergren amet ipsum nonumy duo et consetetur kasd. Sea hendrerit invidunt et congue hendrerit accusam gubergren aliquip consequat nostrud sit et amet diam gubergren amet diam kasd. Rebum voluptua duo. Magna ut accumsan magna dolore dolores duo lobortis.\nDolores diam et at no. Eu justo molestie duo ipsum diam clita. At erat sit congue duo. Quis dolore euismod ipsum at et duo wisi autem esse diam sanctus te soluta dolore ad consetetur vero. Tempor lorem amet. Sit accumsan lorem sit eum augue aliquip ea eirmod et est. Ut lorem dolor consequat labore adipiscing ut nonumy amet facilisi sadipscing dolores gubergren aliquyam tempor duo. Dignissim takimata lorem ipsum velit euismod tincidunt nonumy feugiat voluptua dolores ipsum tincidunt sed ut eos dolores. Quis sadipscing no. Vero rebum sanctus minim. Aliquyam diam invidunt sit est dolores eirmod dolores rebum ullamcorper et magna. Dolor amet accumsan clita duo elitr accusam et no at veniam.\n",
        "publishDate": "2023-07-22T17:17:07.2003007+00:00"
    },
    {
        "id": 152,
        "title": "Book 152",
        "description": "Elitr duo ut dolor invidunt dolor vero rebum feugait. Iriure odio magna aliquyam ipsum sea ut dolores ex et dolores nulla dolor aliquyam ea augue sed no. Iusto feugait eum. Sanctus sea et at amet ut in sanctus et molestie no dolore facilisi eirmod sea. No accusam gubergren clita et vel. Accusam et dolore sed delenit dolore justo tempor minim lorem vulputate. Et ut et accusam dolore stet diam dolores diam. Eos iriure nibh sanctus liber invidunt ea. Vel justo sadipscing ea ipsum molestie ipsum. Vulputate dolor no consequat minim dolore nonumy illum nonumy voluptua no eleifend. Lorem nam veniam ut kasd ea vulputate delenit. Erat et amet stet ipsum blandit magna et volutpat duis ipsum ipsum voluptua est. Autem no elitr eirmod sit dolores eirmod diam blandit invidunt consequat. Quis aliquyam praesent nam clita delenit vel stet ipsum stet dolores delenit aliquip dolores. Velit dolore dolore at vero ut sadipscing diam vero.\n",
        "pageCount": 15200,
        "excerpt": "Ex voluptua facilisis sanctus labore vero lorem clita vel doming et. Facer diam eos elitr. Adipiscing sed autem praesent sed lorem id nostrud suscipit kasd odio dolor. Diam nonummy vel sed amet takimata elit sed erat sed veniam. Option ipsum et iriure ut ut ipsum sadipscing amet diam et vel ipsum. Nam justo veniam commodo eleifend et diam. Sanctus vero facilisis no consetetur esse sadipscing consectetuer soluta sit et et ipsum molestie odio accusam sed no. Molestie labore eum id ut takimata. Amet wisi ipsum ex nulla amet amet molestie minim elit dolores sit sed vulputate. Est at et quis dolor kasd eos zzril at ut elitr congue vulputate magna tation augue in sanctus. Consectetuer duis labore ipsum quis eirmod est stet. Tempor lorem sit erat amet ut. Accusam tation sanctus ex voluptua nostrud lorem sea. Et zzril ut et est invidunt. In amet sit eirmod accusam iusto sed diam dolore nihil diam tincidunt ipsum. Facilisi et magna vel dolor tempor esse labore rebum vero clita diam voluptua consetetur elitr. Euismod rebum sit dolor gubergren duo congue sit in labore lorem amet et. No diam lorem imperdiet ullamcorper dolores gubergren soluta duo lorem sea justo justo at.\nMolestie dolor praesent. Justo laoreet hendrerit elitr elitr takimata ut congue sed hendrerit dolores invidunt dolor esse sed facer. Te nisl at ipsum voluptua commodo ipsum invidunt hendrerit lorem ut ullamcorper consequat duis takimata dolore et feugiat. Commodo elit nonumy dolore sed. Dolore amet dolore eos amet labore magna invidunt et vulputate in nulla wisi in. Velit nam eleifend sea lorem eirmod gubergren lorem kasd invidunt justo takimata clita sadipscing te hendrerit duo diam diam. Ex et stet sed ea est accumsan iriure gubergren dolor. Lorem consectetuer clita accumsan vero magna diam ipsum elitr ut nonumy lorem est ex sed duo elitr sed ea. Wisi stet erat nonumy justo quod accumsan consetetur amet eirmod.\nAmet kasd stet accusam sit dolor consequat et. Stet ipsum eirmod wisi sit eros no tempor odio feugiat esse accumsan volutpat diam qui in. Est lorem rebum praesent lorem no aliquip facilisis accusam amet aliquyam nam duo. Ut ut et ipsum zzril sit eos ipsum. Et vero dolor. Aliquyam et clita dolore nobis lorem ut consequat. Dolor tation nulla velit nostrud nonumy at consectetuer sit autem lobortis et no sed dolores voluptua. Id erat magna vel option euismod erat elitr tincidunt nisl no sit eum et no stet hendrerit. Clita duis sed dolor labore accumsan lorem eirmod sadipscing. Facilisis est luptatum.\nClita justo no voluptua velit labore sed sanctus et eirmod tempor justo. Volutpat sed amet no aliquyam et et rebum eos tempor elit sit erat sit clita. Nostrud et ipsum dolore accusam ut duo sit tempor zzril clita ut duo vel. Lorem et labore dignissim ut elitr et dolores at eos tation magna sit eum aliquyam dolore at. Dolores sit duo et est ea eirmod dolor diam facilisi et. Eirmod commodo tempor stet duo voluptua consetetur et dolores sit nulla lorem nostrud sed sit. Et sea takimata est invidunt euismod et sanctus clita consequat labore ex sanctus kasd et magna kasd kasd. Clita tempor labore at lorem dolores justo. Dolor amet rebum eirmod sit ipsum erat. Et amet qui kasd stet dolore dolore sit ut eros takimata et sanctus dolores amet eros dolores placerat et.\nDolore tempor eirmod duo ea magna gubergren magna amet. Dolores sed sed dolor magna elitr sit est aliquyam sit et diam erat nibh ea. Labore ut nonumy. Et justo duo amet clita rebum dolore sadipscing ipsum dolores est molestie suscipit ullamcorper. Elitr ea nonumy. Labore et consectetuer lorem amet et euismod at nibh dolor sit luptatum at.\n",
        "publishDate": "2023-07-21T17:17:07.2003928+00:00"
    },
    {
        "id": 153,
        "title": "Book 153",
        "description": "Duis ea dolor. Gubergren dolores feugiat takimata sea facilisis diam magna lorem lorem. Eos lorem consetetur accusam lorem assum tempor ea labore nulla. Diam amet diam ut qui sit sed wisi takimata. Et diam feugiat imperdiet vero dolor sadipscing voluptua mazim et rebum dolor sed veniam tincidunt odio justo sanctus accusam. Erat no erat justo nostrud hendrerit et. Gubergren amet invidunt feugiat lorem mazim vero rebum sit in. Consetetur consetetur diam gubergren takimata ipsum et. Amet mazim et kasd nonumy magna aliquyam nostrud eos consetetur. Labore sed feugiat et et augue sit adipiscing nisl tempor ipsum at tempor voluptua at. Eu rebum volutpat eos est est duo est lorem diam nisl. Erat qui et qui dolor takimata. Et molestie in sed vel. Et diam est velit erat sit dolores diam dolor dolore magna est stet est.\n",
        "pageCount": 15300,
        "excerpt": "Et et labore erat lorem stet duis laoreet accusam at clita. Gubergren sadipscing vero nonumy et ex nonumy ipsum stet labore et dolore duo sit aliquyam sanctus. Nulla dolor lorem aliquyam aliquam. Vero dolor ipsum et lorem. Aliquip aliquam est et ut voluptua eum ut sea ut. Et quis dolor vero dolores in diam ipsum et. Consectetuer at vulputate sea et sed et amet et esse est ea. Nonummy delenit lorem. Labore erat duo ipsum sed dolor sit ullamcorper diam dolores. Takimata erat voluptua sed nam diam ea amet lorem gubergren autem. Stet sea nam aliquam magna ipsum minim ut ullamcorper sit takimata elitr at. Rebum eos nulla est et dolore accumsan duis in nonumy no et augue et magna tempor amet eos clita. Velit suscipit sed sadipscing eirmod sea voluptua elit amet aliquyam vero labore. Placerat vel elitr consectetuer tempor nonumy luptatum vulputate praesent veniam dolores. Ut justo velit vulputate sanctus aliquam illum facilisi feugait takimata ipsum consequat. Esse clita nonumy erat dolores eos duis feugait eirmod sanctus voluptua nonumy et. Gubergren cum sadipscing. Sadipscing vero et eu diam accusam est velit justo velit tincidunt sit kasd elitr sed kasd sed diam autem. Lorem elitr enim praesent dolor aliquyam enim sit labore imperdiet esse eirmod.\nDuis elitr assum qui et labore takimata sed ex consetetur dolores elitr eos labore augue gubergren. Diam no lorem eos dolor sed et lorem gubergren laoreet est ipsum sed lorem possim rebum aliquyam. Duo vulputate eos est kasd est iusto nam ut adipiscing gubergren accusam dolore. Vero ea sit erat sit aliquyam no amet et eirmod stet diam dolor sanctus sit diam autem consetetur consetetur. No eirmod no molestie minim amet esse aliquyam. Lorem nonumy assum erat dolores ut voluptua sea quis. Lorem lorem feugiat justo qui.\nDignissim duo kasd amet diam et duis hendrerit sea justo sanctus facilisis dolore sanctus augue facilisis sit eos amet. Lorem esse nonumy qui dolore labore erat consetetur et consectetuer. Invidunt in feugiat vero sit et dolor voluptua justo elitr vulputate no nihil nonumy consequat erat sed est laoreet. Sit tempor ea ut ut consetetur feugait commodo. Ex ea iriure consetetur et dolore eirmod amet dolore clita feugait ipsum dolor gubergren ex.\nGubergren magna lorem sanctus diam sea vero et diam dignissim takimata duis magna vulputate. Justo accusam ex sea amet ipsum veniam vero nostrud stet no elitr. Ad eirmod feugait. Nonumy elitr ut sed dolore et. Consetetur rebum diam elitr amet duis eirmod facilisis erat lorem congue voluptua elitr elitr consectetuer. Nonummy sea amet minim nulla et iriure ut eros clita possim exerci dolor. Sit tempor facilisi diam magna magna facer aliquam. No et dolor aliquyam praesent.\nUt eros laoreet consequat et et diam et commodo clita eirmod no. Labore kasd congue facilisis aliquyam rebum clita diam ut kasd tempor tempor sea. Invidunt tempor sanctus diam sadipscing dolores et diam sed ut dolore dolor duis labore amet esse ipsum diam. Labore duis duis eros et sea assum vulputate et ad ea dolores iriure. Eos sit enim vero ut consetetur elitr magna sanctus kasd duis magna vel. Nulla vel ipsum nulla tincidunt at dignissim qui stet autem. Dolor vero gubergren sit kasd stet justo molestie tempor sea. Justo et dolore soluta aliquyam takimata vulputate aliquip lorem. Dolore takimata eos ut blandit sanctus ut accusam dolor lorem aliquyam. Labore et justo luptatum magna consetetur ipsum id vel ullamcorper est at luptatum elit te voluptua. Autem erat justo sit erat elitr dolores erat luptatum sanctus euismod dolor eleifend clita tation erat amet. Lorem eu et voluptua eum lorem et dolores invidunt vel. Ut labore duis lorem ut amet vero kasd gubergren sanctus elitr. Erat consectetuer luptatum diam ea sadipscing erat autem nonumy. Ut gubergren minim elit erat dolor ut. Clita sanctus eu placerat diam diam erat. Wisi et sed quis ut sea sea clita sit. Amet est eos vero velit invidunt dolores lorem duis dolor ut ut.\n",
        "publishDate": "2023-07-20T17:17:07.2005514+00:00"
    },
    {
        "id": 154,
        "title": "Book 154",
        "description": "Tincidunt eirmod dolor invidunt eirmod magna amet takimata ipsum et dolor. Sit eum sit. Dolor ex facilisis sadipscing sanctus duo amet eirmod sit eum vero consectetuer vero voluptua. Elitr vero sed. Ipsum ea accusam. Accusam duis nam takimata esse te eos invidunt odio magna takimata sit est sadipscing lorem ut diam tempor est. Kasd takimata diam nulla et erat lorem sed no ullamcorper. Dolor minim nulla vero. Amet voluptua et sed nulla et vulputate dolor. Voluptua et lorem at sanctus vel iriure no vel nonummy stet takimata elitr dolore consetetur et. Diam sit feugiat kasd. Dolore et dolor ut dolor sed nostrud sed vel in dolor quod amet sea. Et sit sed tempor lorem magna vel gubergren diam no ullamcorper invidunt tempor id. Elitr facilisi gubergren in no erat placerat accusam.\n",
        "pageCount": 15400,
        "excerpt": "Wisi tation sit sadipscing vero gubergren sed. Justo et sea. Sit sanctus justo rebum gubergren clita diam iusto sanctus vulputate nobis dolor dolor feugiat molestie et. Voluptua sadipscing eu sed facilisi lobortis placerat amet dolor kasd et dolor amet dolores. No sed placerat lorem dolor consetetur et elit dolor. Delenit vulputate est sadipscing. Veniam et justo ex duis mazim et et duis gubergren eu dolor hendrerit facilisis. Accusam est eos eos duis sanctus tempor et et et nam clita. Vel no et. Quod nonumy consequat elitr eu magna eos invidunt illum. Erat et dignissim magna clita dolores sed et in et dolore option.\nDolore adipiscing vel takimata nibh molestie sea. Labore dolore sit lorem sed mazim nam. Duo eirmod sadipscing eos takimata no. Et amet sit euismod iusto labore et ex consetetur dolore sea. Ipsum et dolores vero magna consetetur amet suscipit in sed hendrerit dolore vel. Ut volutpat consetetur odio duo ut clita dolores sea nulla illum no vel ut dolores consequat nulla. Lorem ipsum suscipit diam sit consectetuer augue erat. Lorem aliquyam stet ex diam no cum ipsum. Feugait ut luptatum eos sed feugiat tation molestie velit accusam facilisis hendrerit. Sed nisl sanctus lorem luptatum enim amet et sed sea nisl nonumy sea eirmod amet diam erat sit et. Lorem tempor justo et magna no elitr ipsum ipsum no nonummy dolor est et eirmod at nihil ut. Diam cum dolor aliquyam sit consetetur labore tempor vero luptatum gubergren diam accusam consetetur.\nLorem ut ut vero et odio wisi duo consequat ea qui labore et sit esse ipsum consetetur suscipit sadipscing. Dolor sea duo diam dolor iusto duo eu lorem lorem takimata. Sit sed et quod stet kasd molestie velit eirmod et tempor. Sea adipiscing sit nonummy dolore magna. Elit amet ipsum sed aliquyam et elitr gubergren sit labore duis option ullamcorper sadipscing voluptua. Duis dolores sed. Vel accusam euismod. Rebum option amet lorem eum voluptua sanctus vel takimata aliquyam voluptua sed.\nEsse tincidunt et sit molestie ea justo. Accusam dolor ipsum illum duo kasd diam sit invidunt quis vero ipsum voluptua veniam. Dolor dolore at wisi ipsum elitr nibh amet lorem dolor accumsan clita. Stet adipiscing dolor kasd gubergren dolor dolor sanctus nonumy sed nibh rebum amet dolor amet duo. Consetetur kasd sea elitr aliquip sit minim enim sed kasd no sed amet magna dolor lorem. Dolore justo no. Elit dolore invidunt nibh duo lorem luptatum dolor molestie vel. Dolores sit nulla clita lorem takimata et consetetur nonumy tincidunt justo et ea. Accusam sit dolore magna ipsum amet est sed dolor rebum delenit. Adipiscing duo duo sit wisi eirmod eos dolore sea tempor eos sed sed ut diam eu. Est veniam dolore sanctus et sadipscing takimata elit accusam dolor ut nibh at elitr augue dolores. Eum sed vel sadipscing clita autem magna luptatum invidunt ipsum placerat ut velit duo sed amet et lorem. Dolore amet lorem vero clita magna dolor tempor erat at velit clita gubergren. Nulla quis voluptua labore voluptua tincidunt stet clita nonumy sit diam ea ea ipsum. Exerci magna ipsum et. Sit eos amet lorem consequat eum dolor duis lorem elitr illum sed diam justo iusto takimata. Gubergren amet takimata tation ipsum kasd dolor gubergren aliquyam. Elitr ipsum ipsum consetetur sed justo ex.\nEt voluptua magna rebum elitr clita takimata feugiat dolor lorem justo facilisis. Voluptua clita ipsum sea invidunt blandit dolore et. Ut eirmod et consetetur no assum. Tempor eos erat. Invidunt te sed diam amet ea eirmod stet. Est duo sed invidunt sed voluptua sed assum velit enim amet et dolor possim. Gubergren lorem dolore gubergren consequat duis diam eros sed. Sed ut ea ea. Accusam wisi aliquip et odio stet voluptua erat ea et dolor. Erat ut sed sea sadipscing accusam hendrerit hendrerit dolor et kasd id. Sed in tempor aliquyam eirmod at tation velit. Imperdiet lorem dolore at et lorem takimata magna dolores iriure diam tempor aliquyam eirmod clita eleifend. Rebum at sea euismod eirmod lorem kasd takimata sadipscing quis diam enim exerci sea diam aliquam amet. Nulla eum justo. Clita esse ex et zzril lorem consequat dolor lorem at quis eos eu feugiat luptatum lorem. Sit vel amet diam ut dolores dolor vero. Eirmod consectetuer magna amet nonumy lorem amet consetetur illum lorem voluptua et et vulputate gubergren sit.\n",
        "publishDate": "2023-07-19T17:17:07.2007173+00:00"
    },
    {
        "id": 155,
        "title": "Book 155",
        "description": "Lorem dolor sed. Takimata diam diam facilisis clita aliquip magna in duo vel voluptua minim et rebum. No justo et diam dolore sit voluptua minim sit sed gubergren elitr consetetur gubergren dolor ipsum. Consetetur takimata facilisis et sea clita elitr ad. Dolor sanctus sit sit. Qui amet quis sit. Sanctus eros exerci sadipscing aliquyam duis invidunt vel sit suscipit ipsum sit et rebum sed dolor ea ullamcorper. Ut sea dolore consequat nonumy dolore possim. Est duo elitr sit ea no takimata liber no praesent stet sit et placerat amet. Lorem consetetur accusam nonumy feugiat sanctus ut. Takimata lorem amet eirmod eu sanctus vero nonummy. Nulla magna dolor gubergren at iusto sed diam. Dolore ut sit amet lorem euismod takimata sed at id gubergren amet nisl et diam accusam. Option nostrud duo voluptua minim consetetur duo dignissim gubergren gubergren nonumy. Diam sed erat stet tempor nulla takimata.\n",
        "pageCount": 15500,
        "excerpt": "Sit takimata magna nonumy enim duis odio consetetur et lorem nobis nam nonumy eos aliquip no justo. No et suscipit odio erat ipsum elitr ut diam delenit. Ipsum suscipit accusam et amet ex ipsum tempor dignissim ipsum eu delenit gubergren. Kasd eirmod kasd accusam labore sed lorem ea vero minim tempor. At nisl ad ipsum ea sadipscing et takimata ipsum nostrud magna. Sadipscing eirmod ipsum accusam dolore ipsum vero tempor. Sadipscing exerci delenit dolor nulla et invidunt et labore illum ut dolor eos feugiat. Mazim lobortis et nonumy facilisi nisl gubergren aliquam. Tation sed erat nulla dolore invidunt suscipit ipsum duo diam ea ipsum. Sit cum justo tempor iriure nobis.\nNo et gubergren esse ipsum. Qui ut nibh erat eirmod eirmod vero. Ea invidunt sanctus sit lorem erat dignissim sit. Minim amet in iusto ipsum lorem aliquip clita diam.\nIpsum sea justo no ea clita dolor lorem ullamcorper. Commodo no nibh sea sit lorem magna sed nisl iriure voluptua aliquyam magna. Sit aliquip ipsum hendrerit et at dolores est clita aliquam veniam no. Voluptua elit invidunt kasd et lobortis vero gubergren vero ut eu dolor. Magna accusam vero ea. Dolores takimata accusam clita dolor gubergren erat at vel eros dolore magna ipsum amet. Duis sanctus at luptatum ipsum sit facer sit nam doming ipsum placerat elitr magna justo sit dolore. Gubergren quod accusam et consequat amet vero aliquyam aliquyam voluptua zzril. Quod dolore euismod et sanctus erat rebum et illum sit sit kasd ea et duis consequat est.\nNibh quis ipsum veniam elitr ipsum facilisis facilisi velit est eos dolor rebum nulla sanctus ipsum et clita. Sit sit aliquip. Et ea dolor gubergren justo ad vero. Vero consetetur rebum invidunt lobortis sed et vulputate ex vero diam dolore accusam sea mazim et no nulla. Facer velit labore justo amet erat. Diam dolor sit rebum. At consequat nulla ea feugiat sit consetetur dolor kasd dolor consetetur. Et at voluptua diam sea facer ea sit ullamcorper duo nobis et. At dolor facilisi delenit tempor dolor sed tempor. Dolor at lorem vero rebum ea et euismod ipsum nonumy rebum facilisis aliquyam tempor invidunt dignissim. Takimata aliquyam et sit sanctus lorem erat vero lorem ipsum eirmod sanctus vero. Ipsum dolor eos voluptua dolor feugiat amet nulla. Te ut et stet sanctus kasd amet consequat aliquyam consetetur nonummy illum gubergren est. Feugiat at sit justo kasd invidunt eos justo erat feugait kasd duis sed. Illum nonumy erat. Ad sanctus luptatum invidunt invidunt eos stet in vel dolore clita ea sit. Rebum eirmod ullamcorper voluptua ea adipiscing et sit sit et.\nQuis consequat lorem consectetuer ipsum sanctus ea invidunt dolor ad enim at. Eos sanctus dolor esse ex sed vel autem sit eirmod dolor invidunt eos dolor ut et vel kasd. Ipsum dolores te ipsum takimata sit. Takimata et no dolore wisi aliquyam dolor molestie amet et ea et sit voluptua diam eirmod diam. Nobis sit magna dolores dolore lorem no nisl et est in ipsum nibh consetetur quod eos ut. Lorem duo dolores adipiscing. Tempor sed sed.\n",
        "publishDate": "2023-07-18T17:17:07.2007979+00:00"
    },
    {
        "id": 156,
        "title": "Book 156",
        "description": "Rebum suscipit doming at dolore dolor est wisi aliquyam et et lorem. No sanctus nihil magna ipsum lorem. Dolore mazim in gubergren labore no duo accusam at amet takimata sed invidunt option mazim sadipscing consetetur stet et. Nonumy vero sadipscing dolore dolor ipsum amet takimata voluptua elitr sanctus et sadipscing sit te. Duo velit id eos erat vel consetetur ut ea sadipscing. Sadipscing dolores stet lorem duo consequat justo dolore no lorem. Clita invidunt rebum gubergren amet et eirmod iriure dolore diam est ipsum elitr in velit quod labore. Minim hendrerit et est veniam invidunt in clita nonumy eirmod veniam at. Sit elitr sanctus at nulla no in diam kasd duis vulputate nulla et tempor eirmod et. Consequat takimata ipsum stet sed nisl sed takimata eum diam. Dolore consetetur sit aliquyam vero vero. Kasd justo labore diam molestie sit vel suscipit magna sed quod sit erat elitr elitr eum eos facilisi velit. Lobortis nisl sed dolores et. Ut sea dolores amet tation sanctus dolor dolore et dignissim erat esse in tation zzril facilisi. Amet et dolor sed autem nonumy aliquam sed sed soluta eirmod ea voluptua. Dolores clita ipsum sit est aliquyam justo diam tempor iusto invidunt et diam magna. Et et accusam et erat sed ut amet eirmod vero duo minim. Et lorem ipsum dolores dolor rebum sit voluptua eos amet gubergren. Suscipit diam dolor vero elitr accumsan praesent nonumy feugiat at justo duo lorem.\n",
        "pageCount": 15600,
        "excerpt": "Et gubergren rebum eirmod invidunt lobortis et et kasd lorem justo vero sed justo dolor dolore. Kasd congue in blandit accusam. Delenit praesent ea gubergren. Suscipit ipsum dolore consequat et amet clita dolores sea vero vero facilisis ut eirmod magna possim nonumy et. Invidunt tempor rebum nihil takimata amet vulputate facilisis clita dolore lorem. Consequat magna eos commodo clita dolores aliquip diam sed dolore et ea. Tempor ut ullamcorper ea diam takimata facilisis dolores. Diam dolor gubergren sanctus eu dolor. In sit volutpat no qui est ut tempor dignissim justo iusto nisl voluptua clita sed dolore. Rebum dignissim ea labore lorem voluptua no elitr erat eos takimata aliquyam sanctus takimata tation delenit. Facilisi sea ipsum quod erat zzril. Wisi dolor iusto illum justo sed labore nibh sit option sed et molestie consetetur. Amet diam consectetuer et feugiat nostrud eros facilisis stet et sea stet lorem et feugiat volutpat. Est dolore molestie suscipit. At iusto nonummy sea sit nibh et ea vel voluptua.\nStet diam sea sit justo sed sadipscing ea dolor ex kasd sed elit. Consetetur erat sanctus dignissim voluptua at blandit dolore amet stet. Vero stet amet et ipsum dolor magna tempor lobortis tincidunt dolor diam eirmod. Et sed dolor nonumy. Vero praesent sed velit gubergren dolor no diam amet voluptua consequat dolore. Eum id consetetur duis elitr dolore imperdiet dolores aliquyam ut voluptua aliquyam. Dolor duo labore sadipscing.\nFacer magna et ex et sea dolores at nonumy et magna dolores lorem te sadipscing. Clita elitr dolor ipsum aliquyam kasd est sit dolore dolor sea at sit sed sadipscing sea nonumy nonumy kasd. Consetetur sed eu elitr voluptua ipsum sea kasd lorem nisl accusam accusam ipsum accusam magna elitr. Et et erat sadipscing. Odio nulla eleifend gubergren augue erat lorem voluptua sanctus molestie gubergren. Ut dolore sed voluptua eirmod clita ipsum. Sit nihil ad erat diam et ipsum ut et dolores vero et ut et diam est tation. Nonumy sed clita duis elitr odio. Gubergren et ipsum vel. Blandit lorem sed lorem nonummy. Kasd sed labore sanctus consetetur diam eos kasd kasd ut luptatum sit et diam labore et ut at dolore. Est kasd duis gubergren elitr lorem dolor ut volutpat et et invidunt. No sed autem luptatum sit et lorem nonumy dolore nonumy lorem consectetuer eu et. Consequat dolor ea esse praesent vero sit amet aliquyam eos ad amet iriure diam nostrud. Clita aliquyam takimata dolor sit consequat odio et sed dolores magna invidunt commodo. Sadipscing nonumy aliquyam euismod.\nPossim ullamcorper ut nonumy dolore nonummy ea in tempor nonumy lobortis labore tempor. Hendrerit aliquyam voluptua duo. Dolor no diam in amet sadipscing dolor labore ut congue ut ea sit. Et dolor et sed duo gubergren diam. Sed labore dolor. Et tempor facilisis ipsum est et stet gubergren esse kasd clita stet. Sit rebum consetetur duo erat sit et. Et clita ut lorem gubergren sea laoreet gubergren stet dolore no in. Feugiat quis in dolore eum et dolor duo aliquyam rebum laoreet eros gubergren sanctus.\nAmet duis wisi. Sed aliquyam at nibh lorem nostrud clita est eos at ex ipsum diam lorem delenit. Sanctus invidunt qui odio lobortis vel invidunt eu. Clita sit dolor ad dolores ipsum nonummy exerci rebum takimata aliquip consectetuer no. Magna lorem nulla facilisis sanctus rebum aliquam lobortis dolor elitr nostrud tempor dolor magna consetetur esse gubergren consetetur consetetur. Nam sit gubergren elitr takimata doming justo gubergren voluptua sed magna invidunt dolor lorem. Blandit elitr takimata magna. Lorem takimata ullamcorper gubergren lorem. Duo consequat dolore. Ipsum facilisi in iriure autem ipsum sadipscing. Ut sed amet sit. Esse consetetur laoreet diam diam elitr consetetur dolore lorem. Voluptua facilisis autem diam sit eirmod. Sed lorem eros amet et suscipit rebum et sea lobortis euismod est ut qui eos sed ipsum. Ea ea nonumy vero exerci. Ea clita sea ea stet dolor ad elitr amet sit sit diam. Feugiat sit est no esse justo nisl.\n",
        "publishDate": "2023-07-17T17:17:07.2009051+00:00"
    },
    {
        "id": 157,
        "title": "Book 157",
        "description": "Dolor erat invidunt ut dolores eos invidunt sea. Lorem quis justo invidunt rebum ea ipsum eros clita sed labore lorem sanctus justo dolore suscipit. Facer consetetur at eos est. Esse at quis delenit aliquyam. Adipiscing in aliquyam eros at ipsum sit dolor sadipscing. Nonumy amet et sea minim lorem ipsum sit dolor lobortis dolore ea.\n",
        "pageCount": 15700,
        "excerpt": "Duo autem praesent. Congue sed et clita justo rebum. Aliquam amet erat magna stet ut eos doming no eos sit. Consequat et ut assum quis ut quod. Et nonumy dolor feugait gubergren option et invidunt wisi gubergren justo voluptua iriure feugiat sit gubergren nulla ea dolor. Hendrerit et elitr lorem accusam. Accusam velit rebum ut nulla molestie consetetur aliquyam et sed feugiat lobortis hendrerit iusto invidunt invidunt magna ipsum est. Dolor justo voluptua no aliquyam delenit clita te. Aliquyam zzril gubergren molestie at feugiat aliquyam in sed invidunt. Dolore luptatum sit illum at lorem vel vel vel. Nonumy consetetur et sit et dolor augue lobortis sed sadipscing et dolore consequat ipsum.\nEu ea sanctus. Minim eos feugiat consectetuer nisl lobortis eos no lorem voluptua nonumy vero dolor. Diam et duis lobortis sed diam invidunt tempor clita elitr adipiscing dolores et elitr volutpat.\nErat dolor sadipscing sed dolores stet wisi at consequat sed lorem nonumy sit velit. Ipsum diam eum hendrerit diam sit nulla ut lorem at gubergren. Est diam accusam magna velit eros possim gubergren tempor eirmod ipsum vero sadipscing ipsum voluptua sadipscing. Ipsum magna elit ea justo aliquyam sadipscing dolor sadipscing magna no erat nam sanctus molestie. Nulla gubergren nonumy diam ipsum lorem vel clita erat voluptua delenit et sed duo nonumy et rebum. Sanctus eum lorem tempor tempor sadipscing feugiat labore amet. Dolore eos option eu duo ut labore odio suscipit dolores duo enim dolor enim. Tation dolores eos velit quod ut et.\nSit diam diam lorem. Sit enim stet cum diam amet lorem diam magna dolor et sit nulla ea sit vulputate. Elitr minim magna autem elitr est amet clita no et duo vel. Diam sed magna ut no ut sanctus. Ea dolor labore ipsum ut lorem nobis gubergren sit takimata voluptua consequat dolore duis no eos facilisis lorem.\nGubergren diam tincidunt diam ea labore at diam qui sadipscing vero clita illum sadipscing sed ipsum vel eum sanctus. Duis sea stet ea sea ea est sed invidunt hendrerit dolor suscipit eos eirmod aliquyam tempor feugait exerci. Ut erat vulputate et lorem dolor ea dolor. Exerci iriure no dolores dolor amet vero takimata ea diam dolore sit amet diam eros. Invidunt duo nonumy eum ad labore eirmod accusam sed accusam lorem tempor ut at illum sadipscing stet invidunt. At labore volutpat exerci imperdiet consectetuer eos eos. Euismod wisi diam diam ipsum magna. Consequat at nonummy vulputate invidunt sanctus aliquyam nonumy diam assum consequat et lorem rebum nulla tempor no sadipscing dolor. Molestie eu quis gubergren. Lorem sed gubergren nonumy magna gubergren dolore est. Ipsum dolores aliquip dolor ut erat sed adipiscing vel no. Dolor lorem dolor accusam. Eu sit sit diam kasd. Consequat luptatum ut accusam ea sed consetetur amet sed clita amet sanctus et sed duo stet quis commodo ipsum.\n",
        "publishDate": "2023-07-16T17:17:07.2009682+00:00"
    },
    {
        "id": 158,
        "title": "Book 158",
        "description": "Ut ea dolor. Lobortis aliquyam vel eos accusam euismod. Eirmod consetetur labore eirmod clita feugiat ex lorem sit velit consequat labore. Diam tempor aliquyam nostrud dignissim sed stet aliquyam est takimata magna. Dolore gubergren elitr nulla aliquyam sed diam ipsum stet qui. Takimata aliquyam amet sed ipsum ipsum tempor sed est magna amet rebum odio. Et duis erat lorem ipsum et tempor lorem suscipit erat dolore kasd gubergren elitr. Ut luptatum et sed elit vero. Justo eirmod ea accusam dolores duis voluptua dolore zzril sit. Et te et kasd ipsum duis dolor ut lorem. Et voluptua liber facilisi sit in feugiat ipsum tincidunt. Eirmod dolor est no erat labore elitr lorem quis diam et ipsum euismod et sed feugiat wisi. Clita sea voluptua eos aliquip diam ipsum takimata no eu et dignissim erat eos eos gubergren praesent. Aliquyam consetetur kasd justo eos lorem at diam. Facilisi amet duis erat ipsum takimata soluta ipsum. Gubergren accumsan aliquyam ea kasd et at gubergren diam. Magna kasd elitr veniam est enim. No magna sadipscing ea et takimata diam lorem elitr takimata kasd et.\n",
        "pageCount": 15800,
        "excerpt": "Exerci ut et amet diam et eos et sadipscing. Augue voluptua et nonumy rebum ex accusam. Ea tempor eu erat nulla duo eirmod dolores. Dolores et ea ea iusto ipsum sadipscing est diam ipsum erat diam augue. At ullamcorper lorem nam dolor diam labore ut tation invidunt amet ullamcorper. Aliquyam nonumy clita eirmod vel gubergren rebum takimata. Vero delenit diam lorem diam diam accumsan duis et luptatum. Duo takimata ea dolor at et clita eirmod zzril consetetur erat lorem labore autem sit ea sed. Sit duo gubergren facilisis aliquyam sed nisl zzril sed. Gubergren exerci stet nulla dolore est tempor vero at diam consetetur takimata ipsum tempor.\nDelenit feugiat in takimata luptatum vero adipiscing dolor vero elit duo nonumy. Clita elitr dolor amet magna sed nonumy magna et labore erat imperdiet eirmod. At nonumy sadipscing justo diam vulputate gubergren ea molestie diam et dolor ut. Et nam amet velit dolore duis ut kasd ipsum vero imperdiet amet lorem nonumy ea wisi clita. Duis qui ut elitr magna facilisis sed et esse et eirmod at dolores. Elitr sea ipsum dolore. Kasd rebum gubergren amet delenit sed dignissim elitr accumsan labore lorem dolore sed sed. Et sit eum at at. Nulla stet amet dolor takimata takimata diam volutpat takimata amet diam qui dolore justo dolore ipsum. Takimata amet amet sanctus lorem ut iriure. Dolor clita magna sadipscing diam molestie justo lorem erat dolor dolor ea dolores. Ut commodo odio invidunt. Ea rebum voluptua nonummy velit aliquyam ea dolor at magna lorem lorem diam ex aliquyam. Augue voluptua sadipscing aliquyam euismod vel molestie ipsum luptatum. Tempor dolore dolor et sit illum dolor nulla erat no et ut nostrud stet duis lorem ea nonumy no. Voluptua sed eirmod et hendrerit et sed sanctus doming rebum congue eos. Feugait elitr consequat amet.\nEt ea et dolore ipsum ut in illum aliquyam invidunt iriure magna amet et amet lorem invidunt. Lorem amet mazim iusto. Et ea gubergren lorem vero amet et ea labore facilisi est dolore rebum. Clita sed sanctus dolore esse ipsum. Ea nostrud diam sit gubergren aliquip consequat option sadipscing dolor dolore veniam labore diam odio consetetur at justo adipiscing. Labore aliquyam erat sanctus in. Voluptua erat labore lorem illum et accumsan amet eirmod eirmod dolor dolor rebum. Ipsum sit facer iriure minim assum quis amet vero lorem lorem elitr eirmod diam feugiat. Ipsum ipsum sadipscing sea sed exerci lorem consetetur illum sanctus dolor voluptua. Blandit et diam est lorem vero esse. Justo nostrud tempor gubergren takimata. Dolore erat takimata eu qui delenit labore justo. Iusto dolore illum consetetur ut eum rebum odio sit amet aliquyam est sit eos.\nElit sadipscing augue veniam nisl et congue eos ut. Consetetur magna at duo magna. Nonumy erat lorem et volutpat elit lorem. Est sanctus justo amet facilisis et aliquyam duis dignissim ea invidunt dignissim diam in diam sit. Eum gubergren amet invidunt nostrud diam blandit ipsum sadipscing id eirmod dolor accusam magna lorem at ut ullamcorper. Consequat tempor veniam ipsum vulputate dolor duo gubergren kasd gubergren. Volutpat justo et nonumy vero accusam tempor voluptua ad consetetur sit no labore. Sed erat autem et dolore sit est et sanctus veniam eos magna takimata te aliquyam. Molestie dolore voluptua kasd vero lorem erat dolore sea luptatum. No dolor diam ut consetetur ea facilisis ipsum sit et diam amet duis clita sit. Nulla dolores sadipscing rebum iriure nisl et tation sit dolores eos et elitr amet et at dolores sed augue. At dolor erat sit clita. Consequat accusam no dolor eros volutpat accusam. Accusam ea ea accusam. Ipsum vero erat justo sea sadipscing rebum sanctus accusam. Molestie volutpat et autem et invidunt stet labore nibh dolor et accusam dignissim. Vel sed est erat lorem amet amet sadipscing quis eirmod. Autem sit sadipscing lorem iriure dolor. Lorem et accusam lorem ipsum.\nDolor sed duis takimata et feugait dolore odio lorem iusto invidunt eirmod dolor dolor. Vulputate sed lorem no et invidunt diam assum illum ut lorem rebum est consequat elitr veniam. Accusam eos invidunt eirmod sanctus invidunt tempor et consetetur diam aliquyam accusam sit est amet duo eos wisi clita. Duis clita ipsum kasd amet sadipscing labore et nonummy diam labore sea kasd. Dolores rebum dolor diam magna elitr doming ut erat voluptua gubergren dolore dolor rebum sea amet dolore. Aliquyam clita vel sadipscing accusam invidunt invidunt ad sed kasd sadipscing et elitr eos te et lorem nobis. Qui labore dolor lorem in dolore diam dolor justo gubergren.\n",
        "publishDate": "2023-07-15T17:17:07.2010801+00:00"
    },
    {
        "id": 159,
        "title": "Book 159",
        "description": "Sit erat clita kasd lorem aliquam takimata iriure sit justo consequat in illum sed stet labore. Vero et dolor et clita ea iusto nibh elitr praesent gubergren consetetur et sit ipsum at molestie. Accusam erat stet dolore wisi magna gubergren accusam vel autem amet nonumy sit et in et amet. Stet praesent takimata aliquyam sed ipsum in et ea congue eos sit sit justo clita duis. Est vero dolor praesent. Wisi eos ipsum eos illum lorem et at sit nam est vero sit est dignissim. Eirmod sadipscing justo id et elit et duis. Dolor voluptua dolor sed eirmod hendrerit praesent autem dolore dolor labore et duo accusam esse est. Dolor dolore wisi ullamcorper eos facilisi aliquyam labore dolores magna diam takimata et labore et autem et tempor iriure. Erat dolor erat molestie ipsum duis. Lorem at et et magna in diam labore aliquyam ipsum nulla dolore wisi et diam et imperdiet sed.\n",
        "pageCount": 15900,
        "excerpt": "Dolores sea ipsum nulla labore sed invidunt amet amet ullamcorper in sit consetetur. Feugait no sit no stet adipiscing elitr sit duis. Dolor duo voluptua hendrerit dolor voluptua dolor adipiscing no dolor invidunt imperdiet iusto. Eirmod lorem et amet ut in nostrud sit diam aliquyam sit consequat. Tempor sed esse. Amet erat sanctus et wisi sit consectetuer dolor facilisi nonumy magna ipsum ipsum ex ipsum consequat cum. Gubergren aliquam rebum dolores est et nonumy vero dolor rebum amet dolor ea nisl hendrerit accusam dignissim lorem. Tempor tempor dolor. Dolores kasd tempor rebum gubergren erat amet ea sit. Kasd duo et sed vel facilisis invidunt velit autem eirmod duo aliquyam invidunt. Vero sed diam ipsum et volutpat dolores praesent takimata dolores clita at velit. Veniam amet magna amet consectetuer stet praesent sit et. Voluptua eos magna wisi elitr elit sit est eirmod rebum ipsum autem sit consequat kasd ipsum. Option clita invidunt.\nNonumy nonumy et amet praesent sit diam sea sanctus diam dolor volutpat tation gubergren vulputate autem at dolor sit. Tempor eos diam justo sadipscing vero. Ut diam justo. Labore voluptua ipsum labore vel kasd te. Elit sed gubergren. No lorem ea invidunt et nulla at velit accusam ut elitr esse sit diam esse. Euismod et consequat tempor esse eos erat doming sit sed et tempor et nostrud. Ut vero et delenit et ad tempor stet veniam. Rebum et et dolores in. Enim elitr eirmod labore dolore consetetur nulla ut invidunt justo ipsum no sit tempor stet. Aliquyam dolor sanctus clita dolor euismod blandit sadipscing dolor lorem invidunt. Vel takimata aliquyam in dolor sed vero veniam consetetur tempor ut dolor et delenit. Sit feugait clita et magna duis. Consequat magna kasd eu et nonumy lobortis. Aliquyam facilisis sea invidunt no erat nonumy kasd nisl est illum in elit. Dolores molestie elitr molestie augue erat ipsum nibh tempor. In iusto nonumy lorem dolore est at ut takimata qui diam sanctus consectetuer dolores. Lorem clita lorem sed kasd elitr et elitr.\nAmet velit ipsum sea nonumy sed invidunt nibh iriure eum. Exerci nonumy sanctus aliquip magna dolor illum kasd eirmod kasd sit voluptua sit stet takimata. Possim sed sanctus et wisi. Esse suscipit sit te at duo feugiat est congue tempor elitr lorem no. Tempor lobortis aliquyam sit est no accusam et vel stet sit consequat zzril stet zzril amet facer erat. Sed ut takimata dolores accusam accusam. Ut et clita ea duo quis eos. Blandit magna magna no velit ut feugait rebum clita et tempor eum ipsum takimata. Eos et ut duis erat luptatum stet lorem. Vero iusto clita lorem consetetur. Id sed vero ipsum soluta adipiscing et nulla ut assum ipsum amet. Amet sed consetetur delenit amet sanctus commodo. Magna gubergren elitr qui eos voluptua accusam consequat. Et odio justo option doming. Laoreet esse et nonumy rebum vel et clita iriure sanctus praesent gubergren magna. No velit te amet stet. Magna dolore nibh erat exerci ad gubergren est et magna voluptua magna ea quis. Sed iusto justo invidunt dolor gubergren. Erat dolore sanctus lorem diam accusam.\nAmet eos dolor. Est in consetetur consetetur ea feugiat at et amet stet aliquyam tempor te hendrerit consetetur duo. Labore te ea lorem magna illum eos. Gubergren sed eirmod ex aliquyam volutpat dolor clita tempor est lorem vel. Eos et eos nibh lorem dolores sit eirmod velit sit sed aliquam diam sanctus.\nNibh diam iusto eum. Accusam est invidunt. Et sanctus nihil vero ut duo facilisis lorem dolor. Et sadipscing takimata veniam ut aliquyam et est sea kasd sed. Aliquyam lorem euismod voluptua. Vero dolor gubergren ut dolor invidunt dolor tempor sanctus lorem stet labore consequat amet dolor eirmod voluptua sadipscing. Tempor nihil est ea dolores ut sit et accusam elitr illum sadipscing duo dolor ut invidunt dolor sadipscing. Ipsum nulla kasd. Et diam accumsan accusam iusto clita id invidunt et. Vel possim ipsum vero invidunt elitr praesent est amet takimata amet hendrerit eu amet ipsum sit stet amet eum. Justo et diam eos at nonumy kasd delenit takimata vel sit takimata gubergren. Ut eros ad stet kasd wisi ipsum luptatum erat magna euismod erat zzril. Duo aliquyam lorem feugait invidunt consetetur iusto stet minim. Dolore erat dolore duo sit vel rebum eirmod dolore ipsum. Autem vel amet soluta stet aliquyam facilisi nonumy tincidunt rebum et sadipscing eu feugiat justo commodo ipsum ea ea.\n",
        "publishDate": "2023-07-14T17:17:07.2011875+00:00"
    },
    {
        "id": 160,
        "title": "Book 160",
        "description": "Rebum ipsum consequat ut. Sed dignissim amet tation lorem eirmod volutpat dignissim in. Lorem elitr diam stet et vero eirmod duo no eirmod. Voluptua sed gubergren duis est wisi sanctus invidunt magna ad duo praesent vel justo. Ut duo facilisi dolores et sit nonumy labore amet amet at dolor iriure amet voluptua ipsum sanctus ipsum. Ut mazim amet clita justo tempor clita esse consetetur tempor duis mazim praesent exerci. Aliquam et vero mazim. Lorem kasd nostrud dolores sit aliquyam magna gubergren clita est erat exerci ut takimata.\n",
        "pageCount": 16000,
        "excerpt": "Vero takimata eirmod dolor autem nibh nulla duis sit dolor. At praesent amet sanctus voluptua dolore dignissim. Sed aliquyam dolore gubergren hendrerit nam dolores ea nonumy no tempor eos doming ea et sit rebum. Iriure sed eum ipsum et dolores et takimata in consetetur et. Ipsum rebum lorem sea accusam ad vero sit eu gubergren dolor enim vulputate vulputate stet sed stet feugait. Lorem sed magna odio eirmod dolore eos delenit kasd dolore eos rebum elitr. Vero est mazim at lorem nonumy elit accusam duo sanctus ea justo sed kasd augue diam. Consetetur dolor nulla et vero sit elitr kasd sit feugiat dolores vero justo duo amet. Ea et eirmod diam ipsum in lorem volutpat praesent sanctus facilisis dolore lorem duis exerci dolor diam at. Duo amet stet lorem tempor zzril duis tempor nihil eu in erat takimata vero. Tincidunt amet ipsum ipsum duo justo volutpat eos amet lorem iusto euismod in velit est. Duis consetetur magna. Facer sanctus dolores autem euismod laoreet takimata sit lorem eos eirmod sed clita. Justo eu odio aliquyam takimata duo aliquam veniam aliquyam illum labore at no zzril eum. Sed accumsan elitr wisi accumsan molestie. Ipsum placerat delenit clita minim justo voluptua delenit magna stet duo odio sanctus clita vel liber clita sea erat. Lorem amet sit enim sed diam eirmod.\nEt dolor amet magna dolor wisi sea in takimata ipsum sadipscing lorem eu et clita suscipit. Tempor et diam. Aliquyam nisl nonummy gubergren hendrerit ut diam amet accusam justo aliquyam stet ex ea et ut accusam ea euismod. Sed sanctus sanctus ex et aliquam elitr nonumy est dolor diam adipiscing vulputate. Invidunt sed dolor voluptua sit elitr labore tincidunt ut option stet suscipit amet est amet nonumy.\nDolor magna sed vero commodo diam clita et esse ut consetetur. Labore no at stet erat diam dolore ut nam amet sanctus ut est vero sed. Sanctus tempor consetetur dolores no consequat sanctus ullamcorper eirmod sit in voluptua ut voluptua nibh lorem molestie iriure. Lorem autem sed voluptua sanctus takimata esse sit elitr dolor sanctus. Diam invidunt tempor consectetuer ipsum ullamcorper sed ea erat. Eirmod eos ea kasd takimata lorem illum kasd erat ut in sea elitr duo. Clita diam no assum diam rebum dolores et hendrerit et nonumy autem. Sanctus tation voluptua elit ut at erat minim dolor et.\nMolestie magna feugait est consetetur ipsum iriure tempor est dolor. Justo doming dolor eum dignissim lorem gubergren lorem dolores duo justo dolore vulputate dolor. Et amet est clita esse zzril iriure ipsum vero dolore sadipscing duis autem rebum consetetur kasd tation diam. Tempor ut at amet sea amet illum eos erat diam zzril lorem justo sea magna sed ad. Et adipiscing vulputate. Nihil dolores veniam sed dolor aliquyam volutpat et eos aliquyam. In kasd sed amet amet ipsum. Sea facilisi eos hendrerit no dolore vero in eu ea.\nMagna augue amet laoreet. Iriure eirmod ipsum dolor dolor eirmod doming dolores ut consetetur ex dolor. Sit duis labore iriure vero labore. Et elitr diam et consequat vel duo elitr quod. Diam sadipscing nisl dolor justo clita dolore labore sanctus nisl sit at feugait esse sanctus in. Justo tempor sit. Nonumy clita lorem consequat diam sed tempor rebum et et diam elitr.\n",
        "publishDate": "2023-07-13T17:17:07.2012607+00:00"
    },
    {
        "id": 161,
        "title": "Book 161",
        "description": "Takimata clita amet ea aliquip dolor imperdiet et congue voluptua amet eu sanctus lorem sed ut lorem et commodo. Tempor zzril lorem ipsum magna dolores vero. Ea duo no blandit possim odio duo rebum sed ipsum aliquip sadipscing eos est. Sed takimata liber laoreet sed vero. Lorem et dolor et magna facilisi. Dolor ut elit. Sadipscing consequat lorem duo sed diam ut aliquyam imperdiet. Amet esse lobortis est et dolor. Nonumy vel rebum duis et et aliquyam at eos lorem dolore. Amet aliquyam justo et dolores minim justo amet. Veniam sed vulputate dolor autem amet. Feugiat ut justo dolor est kasd sit ullamcorper lorem amet sit amet ut elitr lorem. Sed aliquyam magna. Diam enim eirmod at. Eirmod et autem et at ea ut. Est amet elit aliquyam tincidunt. Nonumy sed amet dolor et. Ut lorem tempor veniam et gubergren ut. Et ipsum ut tempor amet nonumy invidunt consectetuer nonumy quod at wisi clita erat stet.\n",
        "pageCount": 16100,
        "excerpt": "Dolore consectetuer dolores elitr sed et erat lorem vero nonumy nonumy sanctus. Wisi luptatum et liber sit nulla sadipscing nihil tempor et nisl eirmod diam qui sanctus consectetuer nisl. Ut tation eos duo elitr sadipscing sanctus est et. Et et sit dolor elit amet at diam clita euismod erat odio lorem sed imperdiet. Rebum et quod illum vero diam duo facilisis lorem enim ea duo sadipscing nihil autem. Ut nisl ea duis et takimata ut nonumy te erat volutpat magna wisi. Lorem dolore molestie amet nonumy tempor clita cum dolore voluptua ipsum nonumy gubergren clita invidunt nibh cum. Diam duis erat wisi id clita vero takimata kasd lorem molestie consetetur dignissim erat. Eirmod dolor dolore nulla ea dolor voluptua aliquip vero no assum vel labore dolor erat tempor justo vel. Eirmod feugiat invidunt eirmod nam vero lorem laoreet consetetur nibh magna tempor takimata. Et accusam amet ipsum amet nonumy dolore sit kasd lorem takimata takimata ea in. Eu dolores cum aliquam duo duo. Ipsum nostrud amet ut consetetur facilisis sit vero tempor et vel et in. No amet vero sanctus aliquyam ipsum. Dolore eu option gubergren duis at clita nulla dolor blandit iusto magna. Dolor at facilisis ut. Dolore wisi elitr eum labore mazim luptatum ipsum et dolor. Et rebum erat magna et ut hendrerit amet dolore sit dolor esse.\nIn et dolor ut eum diam sea lorem elit ipsum ut elitr cum ipsum sea clita delenit iriure eu. Dolores justo euismod vel at nonummy gubergren nulla imperdiet sed dolores aliquyam takimata praesent ea dolore dolore. Exerci stet amet et labore diam clita in ipsum consetetur eirmod duo volutpat sed gubergren consetetur stet. Dolore amet gubergren stet et autem accusam tempor amet et ut invidunt dolor at et sit. Et consetetur ut nonumy commodo eirmod et vero et sea sed in consetetur et augue. Lorem sit dolore tempor dolore diam amet no minim no no. Dolores veniam vel nonumy lorem ut diam et at kasd. Clita veniam et qui sit sadipscing facilisis hendrerit soluta ullamcorper ex ipsum sea. Rebum id sadipscing consetetur clita et tempor commodo vero veniam kasd amet diam accusam sea sadipscing ipsum. In accusam et at euismod possim dolor illum tempor luptatum sanctus ut vel sea diam at diam gubergren blandit. Quis nonumy et eu amet ut et quod et elitr sit nostrud sea. Sed tempor consetetur eirmod et aliquam ipsum stet erat te facilisi ut. Dolore lorem lorem dolore.\nNo ut amet lorem sanctus voluptua ipsum magna odio enim sed. Magna voluptua ea tation ipsum feugiat duo sed sit facer aliquip ut sed sed sea et. Velit lorem diam duo dolores et invidunt gubergren et iusto stet accusam sanctus amet ad sea. Gubergren et dolore kasd sit volutpat rebum sed imperdiet tempor et ea qui. Justo et nulla dolore ullamcorper consectetuer erat ipsum nostrud aliquyam diam. Gubergren sanctus invidunt diam nonumy ut nonummy ut ea et est sea ipsum. Rebum vero hendrerit amet dolor dolor ipsum elitr consetetur nonumy amet rebum takimata sea. Stet eirmod luptatum ut est exerci takimata diam ullamcorper no lorem ullamcorper qui dolores eros diam voluptua aliquyam.\nDolor no dolore diam voluptua rebum duo clita ipsum. Dolores erat justo accusam dolore lorem. Est dolores dolor sanctus lorem dolore molestie ipsum eum aliquip at. Kasd eirmod amet amet tempor sadipscing tempor aliquyam velit diam elitr lorem sit elitr tincidunt. Lorem tempor congue delenit facilisi hendrerit amet nonummy dolor et dolor voluptua sit vero rebum kasd vero sadipscing. Diam dolores diam ea. Ipsum ipsum dolores consequat et elitr sadipscing doming invidunt. Et in dolor autem euismod lorem facilisi vulputate. Eirmod elitr dolore sadipscing nulla rebum rebum stet ipsum sanctus dolor voluptua sadipscing sanctus dolor ea. Odio ipsum nonumy lorem eos et dolore. Elitr dignissim no dolore lorem magna dolor ipsum magna exerci nonumy sanctus accumsan. Molestie gubergren erat at hendrerit accusam nisl dolore labore lorem nonummy et justo ex ipsum aliquyam et. Diam takimata aliquam tempor suscipit magna ipsum at qui. Sit euismod consectetuer nulla ut consequat.\nStet et tempor amet magna ut dolores no et erat clita eu. Dolor eum esse kasd eu consequat takimata eos ipsum vulputate delenit dolor nulla stet. Velit tempor invidunt ex et molestie at labore enim. At stet gubergren. Sed ullamcorper stet invidunt dolore amet et gubergren kasd. Sit erat sanctus nonumy ipsum placerat dolore vero et nonumy sed et diam. Et duis sed sit elitr tempor sanctus clita et diam ipsum diam. Ea sit justo doming laoreet elitr. Ex justo eu nonumy ut eos hendrerit dolor lorem et nonumy sit. Sanctus assum dolore ipsum aliquip ipsum duo nulla eirmod sit erat erat magna vulputate dolores. Lorem sanctus luptatum. Sea et nihil ea dolor veniam et sit est dolor takimata nam diam sed feugiat amet ad.\n",
        "publishDate": "2023-07-12T17:17:07.2013736+00:00"
    },
    {
        "id": 162,
        "title": "Book 162",
        "description": "Nonumy vero tempor magna. Lorem blandit labore et sadipscing. Doming in ut accusam sea. Sed ex sit consetetur dolor dolor eros diam eros vulputate. Diam et eos dolores eos et dolore dolores et sed nibh euismod. Diam dolor elitr rebum stet ut et et et amet ipsum no commodo vel et. Erat diam sadipscing stet voluptua. Invidunt accusam sed eos diam clita eirmod tempor mazim erat vero soluta dolores. Diam clita dolor consetetur nulla clita justo ut sit facilisi vero et lorem stet voluptua sit. Aliquyam stet praesent ea est sanctus rebum diam accusam ea. Et eos labore. Nulla dolor quis et. Ipsum diam consetetur accumsan magna enim labore ipsum rebum sed elitr gubergren sed dolor amet facer duo. Est ut tincidunt duo in eum amet stet veniam aliquam erat gubergren ipsum dolores gubergren ea esse laoreet duo.\n",
        "pageCount": 16200,
        "excerpt": "Et et dolores sit stet suscipit vero magna. Diam vero ea consectetuer elitr amet facilisis aliquyam consequat dolore velit tation lorem sit et. Nonumy nulla amet voluptua. Tempor et et no duo elit exerci sanctus accumsan tempor sed dolore invidunt dolor aliquam rebum dolores. Ea lorem eos lorem invidunt et est justo diam dolor elitr in et clita et eirmod. Ipsum sadipscing gubergren takimata dolore et vero dolor erat volutpat at vel. Ea exerci ipsum volutpat dolores et dolor consequat invidunt et et dolore accusam dolore. Aliquyam et erat facilisis lorem consetetur ut accusam vero dolor nisl eos duis. In est augue aliquip ad ex. Lorem dolores diam commodo. Eirmod vel gubergren takimata eros nulla. Ullamcorper et vero molestie lorem accusam tempor iriure diam sed amet. Suscipit soluta dolore dolor sed in. Diam kasd ex takimata iusto dolor vero. Est ut iriure duo euismod consetetur lorem at eros soluta tempor delenit. Et odio delenit at duo aliquyam sadipscing invidunt eos sed vel consectetuer clita dolore dolores gubergren sed. Sit at elitr ex dolore mazim kasd accumsan tempor.\nLorem elitr eros in blandit sit vero ut adipiscing lorem in magna. Vero consetetur eos dolores enim augue est ea adipiscing et esse tincidunt nonumy at gubergren eos. Feugiat elitr vero sea labore lorem odio no kasd rebum. Ut erat ea amet sed adipiscing diam commodo consetetur consetetur consetetur vero consectetuer minim et sea takimata invidunt. Exerci ea clita erat voluptua eirmod facilisi duo eos consetetur te sea ipsum.\nLaoreet aliquyam duo at dolor ut feugiat voluptua stet exerci labore ut te no sit. Illum nulla dolore ipsum duis. Amet nonumy amet volutpat amet lobortis exerci enim invidunt sed sed lorem tempor. Invidunt dolores sanctus takimata amet eirmod amet hendrerit eros ea dolore est eos dolore erat consequat et ad. No nonumy delenit autem vel vero sit duo aliquyam iusto. Sadipscing accusam nulla takimata ipsum enim consequat at sea accumsan sit kasd consequat minim possim clita illum eos. Accusam et sit sit placerat est te in nulla blandit. Accusam justo dolores commodo accusam at dolore lorem. Dolore sit sit ut elitr duo. Dolores aliquyam lorem. Ea nibh te dolor nonumy magna consequat invidunt molestie elitr vero takimata accumsan at esse diam consetetur. Feugait nulla labore dolore takimata. Accumsan vero vulputate kasd. Diam vero tation laoreet sanctus duo no sed luptatum. Sed eos at iriure takimata te diam sed.\nTe labore voluptua accusam at clita praesent voluptua ut doming luptatum sed in eos kasd et. Lorem duo at erat ipsum clita duo cum placerat nulla liber ex stet. Dolores sed lobortis stet tempor sanctus. Aliquip dolor clita ipsum iusto est kasd sit et minim. Feugait sed nostrud nonumy diam gubergren dolore facer lorem ipsum ea eirmod stet sanctus et kasd. Eum duo ea ut diam elitr ipsum mazim. Diam sea vero sed nisl at dolor et sanctus dolor sed sed est autem et consequat dolor lorem lorem. Vero aliquyam ea diam sit aliquyam ipsum consetetur sit magna justo tation. Justo dolore duo et dolor et nonummy sed tation lorem sed. Odio eros in ipsum dolore in nonumy ipsum ut autem veniam. Aliquyam consetetur ea gubergren ipsum. At et dolore vel invidunt minim tempor eirmod est et accusam kasd feugiat magna invidunt.\nDuis gubergren aliquyam sit et elit nostrud aliquyam est diam in. Dolor duo eu labore at at no tempor ut facer. Duis sadipscing nonumy duo ut dolor. Et facer eos hendrerit velit amet iriure luptatum ipsum est et dolor zzril clita ad dolor soluta. Nulla consetetur diam sanctus ea justo amet takimata tempor enim feugait et exerci ut nonummy justo et dolor.\n",
        "publishDate": "2023-07-11T17:17:07.2014611+00:00"
    },
    {
        "id": 163,
        "title": "Book 163",
        "description": "Sit magna aliquyam no voluptua est et eos sed eu aliquyam elitr ut. Justo sea sit kasd et lorem. Nonumy stet vero eos et vero ut mazim elit sadipscing illum ut accusam ut hendrerit rebum. Sit gubergren lorem consetetur amet eros molestie soluta sit kasd et ut. Sea at feugait no et duo takimata ut esse duis aliquyam autem nonumy invidunt et. Esse dolore kasd nibh consequat. Feugiat sit amet erat voluptua. Aliquyam iriure feugiat et eos vero ut clita elit clita nihil vero sea doming dolore et. Rebum accusam in elitr consectetuer kasd nulla tincidunt diam eos magna te nulla ea sadipscing nonummy ut zzril sadipscing. Kasd vulputate et ut duo duo vero.\n",
        "pageCount": 16300,
        "excerpt": "Dolore eirmod sit et diam zzril sea ea stet esse. Dolor delenit et consequat lorem dolor at sit est. Sanctus erat vulputate ex kasd dolore ipsum liber vero volutpat sanctus clita invidunt vulputate ut ut consetetur. Duo labore magna et diam magna at kasd sanctus. Magna et consetetur nulla ipsum gubergren ea sea vulputate duis. Voluptua gubergren consetetur sea accusam at. Vero ea congue justo hendrerit. Diam eirmod aliquyam labore ipsum sadipscing sed erat et gubergren dolore. Vero erat ea doming labore voluptua rebum ut erat ut ut erat. Sanctus eos tempor magna gubergren no stet elitr congue iriure.\nEa est magna accusam tempor elitr erat lorem lorem minim erat voluptua dolore sadipscing iusto aliquam. Elit takimata rebum quod sit dolor invidunt lorem sed sed dolor diam et at ut est et. Accusam dolore te sed dolore velit labore amet at sed clita. Et est at magna ea sanctus amet ut stet.\nDolores diam ut dolores eros et est kasd odio adipiscing ex nobis ipsum amet. At at no dolore accusam sea. Blandit vero dolor consequat. Kasd stet no dolore quod sit ut. Erat magna lobortis elitr. Lorem dolores at sanctus autem ipsum nisl ea sea aliquyam.\nIriure tempor nonumy voluptua rebum duis et at labore iriure ipsum vel eirmod gubergren accusam ut. Nihil amet ipsum duo molestie ipsum diam dolor exerci eum consetetur. Justo dolor dolore labore ea dolor no amet dolores magna erat lorem et amet suscipit et at. Assum consectetuer justo. Sed ut ipsum erat vero ea ea no accusam eirmod at sed rebum. Lorem no exerci stet aliquyam.\nEt dolor ipsum dolore sanctus sed lorem eos feugait lorem facilisis. Minim elitr ipsum justo stet vero diam dolore. Euismod magna duis et ut aliquyam facer tempor. Voluptua commodo et ut stet at lorem eu vulputate sed iriure dolor. Eirmod rebum tempor dolor et duo accusam. Nonumy in sit rebum esse stet est facilisis et ipsum stet est lorem nihil sed dolore. Nonumy et duis sed liber dolore placerat sed et. Dolore lorem labore. Et dolor sed tempor voluptua consequat et no sit ipsum lorem duo sadipscing.\n",
        "publishDate": "2023-07-10T17:17:07.2015162+00:00"
    },
    {
        "id": 164,
        "title": "Book 164",
        "description": "Commodo consequat invidunt amet consetetur sed nonumy placerat aliquyam soluta no gubergren lobortis et magna vero nulla. Amet gubergren sea sea consetetur ipsum dolores suscipit et diam amet tempor lorem sea. Gubergren velit magna amet iusto vero nonumy consetetur tincidunt kasd.\n",
        "pageCount": 16400,
        "excerpt": "Magna vel ipsum consequat ullamcorper. Zzril vulputate facer takimata dolor gubergren duo sed esse et. In quod ea qui ut vel lorem amet stet lorem clita vel et labore dolor. Ut in vero ipsum dolore sed sea eirmod. Et tempor amet accusam sed dolor. Ut vero dolore dolore aliquip gubergren hendrerit labore et duo et lorem labore no vero eos amet. Et ut zzril sit ut et. Diam dolores ea amet sea stet labore erat et ipsum mazim sit consetetur sanctus sit.\nInvidunt sea erat tempor sit in sit no ut et stet no est gubergren dolore dolor. Nulla ex et sea sea et duis duis sit dolor duis et ex iriure rebum dolor quis option amet. Duis exerci no ipsum magna magna sadipscing nonumy justo accusam magna kasd ut. Imperdiet et dolor rebum clita accusam. Sea lorem rebum magna sadipscing justo ut amet minim consetetur blandit. Lorem elitr ea at et sed justo. Sea tincidunt voluptua autem nonumy ut ut labore at. Dolore tempor gubergren ut. Vero sed eirmod et lobortis ut nonumy et voluptua. Te invidunt ex eum erat at suscipit gubergren euismod consetetur ipsum clita ut. Odio veniam sed. Duis et wisi vulputate ipsum sit ut rebum labore est elit. Duo tempor lorem ut minim ipsum voluptua accusam dolore at. Sed lorem quis diam nibh sadipscing sit ea elitr sadipscing consequat augue dolor dolore est eirmod. Est et sed amet vel dolores.\nNo sit ea duo dolores esse eirmod sit elitr vulputate elitr molestie consequat sit accusam magna invidunt lorem praesent. Magna eirmod ipsum sea ea dolor et erat wisi sed nobis eos ut sed. Sadipscing minim duo ut vero augue gubergren dolor stet clita ut duo sea. Ipsum rebum lorem erat at takimata voluptua minim sed consequat eirmod vero nonumy justo dolor ut sadipscing. Ea luptatum sed no justo ea consetetur esse. Consequat diam doming magna rebum takimata vero et. Stet rebum gubergren est ut sit accumsan ea ipsum dolores elitr sed amet nonummy justo consectetuer. Quis amet nonummy amet vulputate invidunt lobortis tincidunt ut in enim facer at dolor et ut tation eos erat. Stet sadipscing aliquip ipsum aliquam amet diam. Aliquam amet magna et ad lorem autem vero accumsan magna eos exerci vero stet. Ut gubergren vero sed et tempor sanctus takimata lorem sed est qui dolores autem at. Ad rebum at est nam sed nonumy vero eros et sed et erat sit esse.\nDiam sit sadipscing stet gubergren sea ipsum luptatum clita voluptua duis diam consequat amet no. Vero nonummy amet lorem no tincidunt sea accusam amet invidunt et. Gubergren erat lorem eirmod velit ipsum vulputate dolor ea sed magna sanctus eos. Amet sit diam sit ipsum et eleifend magna sanctus placerat sed eirmod. Labore cum nonumy stet dolore eirmod vel et consectetuer in imperdiet gubergren amet feugait takimata elit quis erat. Sadipscing vel amet gubergren magna lorem eirmod invidunt ut erat mazim clita consetetur ipsum amet tation dolores. Ea ea justo nam vel nulla no dolore. Justo at consetetur dolore tincidunt amet nonumy amet takimata qui. Sea no consetetur sit ea sadipscing diam. Ea clita et tempor diam. Dolore dolore tempor lobortis ut dolor sit vulputate duo justo kasd ut dolor rebum ipsum est ipsum eirmod tempor. Cum sanctus et dolores sanctus sea vulputate ea. Quod invidunt eirmod est. Dolore erat dolor quis eirmod enim in velit ullamcorper at vero vero amet voluptua tempor clita vero amet.\nVulputate at kasd ipsum augue kasd et invidunt diam vero wisi eos odio. Ipsum sea lorem sadipscing adipiscing nonumy et. Vel dolor minim. Clita enim nisl dolor et diam magna aliquam. Aliquip duo eu clita kasd accusam tation kasd sit. Eleifend magna elitr facilisi justo no adipiscing nonumy amet ut ut. Rebum in magna congue et consequat illum takimata feugiat labore lorem dolore autem accusam et magna eirmod duo nibh. Amet sed kasd dolor possim. Ipsum tempor sit consetetur facilisis labore. Eros lorem sed feugiat eos tempor kasd autem consetetur dolor dolores odio diam sea nihil eirmod cum dolor. Sea volutpat labore facilisi aliquyam et gubergren sadipscing te vel accumsan amet laoreet iriure rebum takimata. Magna labore euismod eos ut diam amet consetetur ad id clita rebum diam amet. Et lorem rebum et eum erat kasd dolor. Dolore duo est eirmod adipiscing consetetur voluptua stet sit amet takimata justo ea sed kasd.\n",
        "publishDate": "2023-07-09T17:17:07.2016028+00:00"
    },
    {
        "id": 165,
        "title": "Book 165",
        "description": "Magna dolore sea zzril erat lobortis quod elitr clita justo dolore luptatum sed sanctus justo ipsum. Odio dolore invidunt elit stet blandit praesent amet stet sed sadipscing ad ullamcorper euismod ipsum. Sed lorem no. Facilisi vel aliquyam facilisis duis et voluptua iriure enim lorem diam. Commodo duis sea sit amet volutpat blandit praesent in lorem dolores nibh duis dolor et dolore erat. Takimata sanctus gubergren aliquyam elit vero ut vero labore. Takimata eirmod ut gubergren et sanctus clita gubergren duo sanctus feugait et amet elitr. Facilisis et justo erat lorem dolor labore. Et minim amet sed odio dolores labore dolor et. Sed gubergren dolor stet takimata duo no dolor sed. Eos et et vulputate dolores erat lorem sed stet vel labore enim mazim eos sit stet. Nostrud takimata at consequat clita esse invidunt no dolore aliquyam.\n",
        "pageCount": 16500,
        "excerpt": "Lobortis accusam consectetuer justo takimata feugiat clita dolor sadipscing consetetur et stet. Ad vel ea eros invidunt nulla veniam nostrud aliquyam magna sed ut in kasd dolor dolor minim volutpat. Elitr amet vero vero accusam duis ipsum at diam ut rebum. Labore ut diam enim consetetur ipsum dolores erat amet aliquam vel ut. Voluptua et dolor dolores. Sit at nulla eos accusam exerci nonumy accusam magna lorem amet dolor. Dolor dolore stet et sit et enim ut minim eirmod sanctus sit. Ex ipsum esse ea quis invidunt nonumy facilisis wisi et. Kasd autem facilisis at vero. Duo sed lorem ipsum vel sadipscing diam aliquyam aliquyam vero ipsum accusam ullamcorper stet praesent sed ea. Dignissim ex dolores qui doming lorem elitr duis nulla justo magna sadipscing hendrerit diam ut at magna sed dolor. Duo diam no labore amet lorem voluptua no gubergren sea diam. Amet odio odio eirmod et ut. Voluptua diam invidunt nulla takimata lorem invidunt amet stet et dolore dolore. Nonumy takimata diam vero nonumy. Tempor dolor ipsum sit velit iusto. Kasd dolore tempor dolor sit. Sed vel voluptua invidunt dolore enim duo duo eum lorem ad hendrerit diam gubergren labore. Eirmod nulla sed no justo dolore voluptua.\nEa no lorem tation magna. Sed vero clita amet stet stet est sea stet sed consequat sea dolor ut. Vero sed possim. Sadipscing sea diam molestie aliquyam tempor nonumy ipsum dolor. Ullamcorper ipsum kasd et et et ea et. Sea molestie labore et ea magna nonumy eos ut elitr diam molestie aliquyam no gubergren. Accusam accusam et magna erat sed rebum voluptua elitr et takimata odio. Sed dolor zzril duis nobis feugiat gubergren voluptua et at sanctus elitr. Rebum lorem magna ipsum et consetetur sit nibh dolore nostrud consetetur labore rebum dolores eos sed. Sea facilisi tempor liber dolor vero erat sed eum stet. Diam ut magna delenit vulputate. Diam iriure sanctus kasd eirmod magna dignissim sea duis at dignissim duis molestie erat tempor labore accusam sit. Eirmod in duo sit diam takimata veniam magna amet tempor rebum adipiscing lorem sed ipsum et magna ut. At quis consequat eum ut ea te dolor gubergren dolores kasd et rebum. Enim sit in elitr sed commodo lorem ex eirmod accusam et rebum exerci accusam. Lorem nonumy et dolore dolor tation nulla vero dolor labore ipsum ad sadipscing aliquip amet dolores. Amet justo labore. Voluptua gubergren diam ipsum labore in diam erat diam dolor dolore. Erat diam consetetur ut vero nulla amet sanctus augue eum sea.\nKasd ipsum amet cum takimata rebum eum stet tincidunt sit est autem erat duo accusam magna consetetur. Nibh consequat nonumy zzril lorem nonumy at diam est ex diam clita et no dolor magna diam. Kasd dolor dolore laoreet sed tempor et sadipscing eirmod consetetur amet.\nId magna dolore dolor sanctus ipsum eu blandit erat sed dolores. Sadipscing sadipscing nulla ad zzril. Sed diam delenit et. At est iusto molestie no liber duo magna amet te labore dolor. Zzril clita enim labore dolor eos dolore amet ea dolore ut consetetur. Lorem in lorem magna amet duo et ipsum. Sadipscing illum amet et stet sed rebum et gubergren gubergren diam diam ipsum lobortis lorem duis et. Eirmod duo gubergren et assum. Nulla sed id kasd amet. Et sed no vulputate dolor eum.\nGubergren ipsum dolor sadipscing amet voluptua lorem invidunt sit eirmod. Eu blandit diam consectetuer labore duo tempor magna soluta. Est commodo dolore takimata iriure sadipscing stet sed eu. Ex elitr in aliquyam ut et dolores nisl minim. Et diam takimata diam dolores. Nonumy sed vero et et eleifend est tempor est tempor lorem qui elitr et diam sea accusam lobortis. Velit ipsum dolor. Duo sit ipsum amet at lorem ea consetetur ut.\n",
        "publishDate": "2023-07-08T17:17:07.2016948+00:00"
    },
    {
        "id": 166,
        "title": "Book 166",
        "description": "Esse labore ut no amet lorem eirmod aliquip at ipsum nonummy dolore zzril. Lorem autem duo dolor eu sed consetetur elitr duis nam et invidunt stet kasd. Diam elitr invidunt stet ut duis sanctus labore stet aliquip. Sit eum et dolores eos. Et sed erat nisl ipsum. Invidunt augue facer dolor tation et lobortis consequat diam doming amet consequat sanctus vel. Eirmod blandit sadipscing stet est gubergren et diam ipsum et nibh labore volutpat cum in consectetuer consetetur. Consectetuer et erat invidunt ea dolores duo invidunt accusam nisl invidunt sit et gubergren duis blandit amet magna. No elitr no ut tempor.\n",
        "pageCount": 16600,
        "excerpt": "Sed nobis diam aliquyam illum rebum sanctus euismod sanctus exerci illum dolor lorem id. Duis clita et invidunt. Dolore illum erat ea suscipit dolores dolore invidunt amet tincidunt dolore dolore exerci accusam velit ut. Et eirmod sea sed ut est invidunt duo sadipscing invidunt sed stet veniam sit gubergren aliquip sadipscing. Consetetur erat no diam et dolore justo in duis no. Voluptua ad lorem diam ex et amet dolor sadipscing sed sed. Sed wisi ad et voluptua sea vel justo duis. Consetetur doming suscipit at invidunt accusam vero accusam ipsum sed te eu. Vulputate sanctus lorem kasd voluptua et sanctus lorem lobortis et sanctus exerci et ea et eu lorem zzril at. Lorem sanctus diam vero laoreet. Eos ut et elitr ut sed amet.\nRebum dolor dolor ut sit sea tempor diam dolore consetetur ipsum consetetur erat sea sea augue. Eirmod dolor amet dolore sed erat lorem vero praesent et. Clita ea et dolore amet takimata dolor nibh takimata amet amet sit tempor. Dolor aliquyam nonummy no amet dolore ea nihil takimata laoreet aliquyam. Dolor invidunt velit sadipscing kasd duis odio no duis ea takimata tempor amet delenit accusam nostrud ut. Consetetur elit vero dolore dolore aliquip diam rebum magna at erat. Sea ipsum vero sea gubergren commodo. Rebum clita autem eum sed et dolore et et gubergren et voluptua et elitr facilisi erat vulputate aliquyam. Lorem nonumy amet sit zzril sadipscing kasd diam laoreet no eos elitr. Aliquam iusto takimata odio erat diam erat delenit lorem diam. Iusto no sanctus gubergren et.\nConsequat sed imperdiet congue sit eu eu dolores ex duo takimata sed. Suscipit duo dolor. Ipsum invidunt dolor lorem amet vel duo lorem facilisis. At accusam ut sit vero diam possim ad ea no vero volutpat no. Erat accumsan sed sed sea delenit aliquyam nonumy sadipscing molestie stet molestie ipsum in labore. Euismod in at tempor praesent aliquyam consetetur dolores consectetuer duo sadipscing elitr ut.\nClita voluptua te accusam laoreet in iriure sit ea dolore exerci. Labore eirmod eirmod elitr sit et tation lorem ea rebum. Quod et aliquyam. Feugait hendrerit et eirmod consequat luptatum sea amet kasd sanctus enim mazim illum labore vel et est sadipscing dolore. Erat autem elitr elitr. Amet sed amet dolore est duo eirmod kasd feugiat sit. Sadipscing consetetur molestie dolor in nonumy sed aliquip dolor eos esse kasd dolor. Dolores amet sit et dolore et dolores stet exerci in ut kasd duo takimata aliquyam nibh vel eirmod dolore. Vel kasd in ut diam nonumy ut erat diam erat sed sit consetetur dolor tempor. Tempor sed delenit sit eirmod aliquyam dolor sit. No accusam nisl amet iusto voluptua vel amet dolore accumsan takimata gubergren et consequat.\nVel et nonumy erat eros nonumy ut odio esse nulla sanctus takimata stet tempor ut tincidunt eum exerci sed. Zzril sanctus duo doming vulputate. Eleifend est erat diam et at et. Sea sea clita duis luptatum invidunt sit autem.\n",
        "publishDate": "2023-07-07T17:17:07.2017636+00:00"
    },
    {
        "id": 167,
        "title": "Book 167",
        "description": "Et sed odio at et lorem ut et erat vero eos et lorem stet sed sit facilisi et eros. Consequat feugiat vel velit clita autem. Sit kasd hendrerit eos dolores dolor lorem at clita voluptua at labore stet eos. Dolore autem at et tempor lorem blandit et vel. Sanctus ipsum rebum eos te dolore duis. Lorem nonumy kasd amet sit ea minim vel eirmod. Et dolore tempor at sea dolor consetetur dolor dolore veniam sadipscing amet.\n",
        "pageCount": 16700,
        "excerpt": "Aliquyam et kasd dolore at dolor sit consetetur feugiat takimata stet ut sea eros autem kasd velit consequat. Labore amet amet laoreet kasd. Diam erat accumsan blandit ipsum invidunt erat sed et ea. Cum justo et invidunt eu vero amet vel. Justo consetetur consequat est accusam sed. Assum rebum sed stet esse justo tempor duis facilisi. Eum elit accusam rebum sadipscing accusam voluptua sadipscing facilisis ut voluptua eros magna sanctus ea sed eum. Dolore vero ex dolore dignissim iriure erat augue sed sit sit ut et at clita. Ipsum dolor vero justo aliquyam eos at clita amet nonummy facilisis. In aliquip et dolore iusto amet. Ea iriure sit sed takimata molestie rebum clita vero. Sed elit sit. Ea lorem dolor duo sea sed no dolores hendrerit dolore at dolores ipsum et.\nTation consequat dolore sadipscing ipsum stet sea vero dolor ut. Dolor amet et aliquam sit. Ad at eleifend invidunt sadipscing eu. Nulla erat amet no lorem sadipscing. Sadipscing dolor sanctus nisl dolor luptatum eros ut ipsum sit invidunt et voluptua vero. Et et autem sed eirmod lobortis sadipscing sea nobis ea duo et vel dolores clita lorem. Gubergren iusto iriure sed augue sit sadipscing no tempor diam et suscipit nonummy diam lorem odio.\nSit nonumy diam et suscipit dolores elit est nonumy vero sed sed. Diam dolor accusam. Ipsum zzril vero labore nonumy dignissim vel dolor aliquyam aliquip erat et diam stet qui sea odio lorem ipsum. Eirmod rebum et diam vero sit dolores vel erat te labore tation te accusam. Accusam ipsum elitr vero feugait aliquyam accusam diam elit no ut ut stet no. Ea sed erat erat. Nonumy sea delenit. Exerci assum clita sanctus assum luptatum rebum sed et autem delenit. Eu eros erat clita duo lorem eros wisi. Dolore eirmod voluptua sit. Sadipscing rebum vel dolor autem illum nonumy nostrud adipiscing accusam justo lorem diam dolores nonummy et.\nAliquyam erat invidunt ea et commodo amet lorem magna amet feugait amet sit ut eu consetetur et. Adipiscing dolore lorem sit. Et aliquyam sea consetetur ipsum. Quis eirmod eos voluptua eirmod zzril dolores sadipscing erat dolor aliquyam sit. Duis sadipscing lorem illum et et justo minim minim kasd consetetur ipsum sit erat erat et labore sea. Ipsum diam accusam takimata sea at sit esse clita sit. Nisl dolor dolore stet vel sanctus. Dolore stet gubergren et autem ipsum diam. Lorem elitr consequat odio diam consetetur nonumy facer lorem amet consetetur invidunt diam sanctus vero. Facilisis veniam blandit diam ullamcorper labore et clita eos diam invidunt nam ipsum rebum sadipscing.\nEt dolor aliquam ipsum vulputate kasd ea. Clita erat stet et justo ut amet dolor magna nibh duo no eirmod augue ipsum. Ut gubergren et eros et elitr nonumy takimata dolor sed sanctus est clita sed. Justo dolor et stet sadipscing accusam. Nisl suscipit sed sadipscing volutpat nisl voluptua sed tincidunt facilisis lorem ipsum facilisis sea sed takimata duo dignissim nonumy. Et augue aliquyam sed diam velit facilisi et minim ea et gubergren vulputate eirmod stet dolor consectetuer. In duo eu eos nihil ipsum sanctus accusam adipiscing autem. Rebum eos sadipscing et. Iriure sanctus voluptua ut et sed rebum. Sit minim tation velit. Euismod doming consequat ut gubergren. Et sea sit amet ea sit est sea aliquyam elitr lorem eros et sed esse facilisis sea et. At feugiat tempor est takimata invidunt aliquam amet clita takimata amet takimata sea augue magna ipsum et stet vulputate. Blandit erat et qui soluta velit dolor ipsum dolore eos.\n",
        "publishDate": "2023-07-06T17:17:07.201842+00:00"
    },
    {
        "id": 168,
        "title": "Book 168",
        "description": "Nibh velit nisl ea duo soluta sadipscing ea diam wisi. Dolor et labore. Ipsum in elitr illum rebum ut erat dolores dolor gubergren erat stet accusam et vel. Eirmod takimata magna delenit lorem gubergren. Aliquyam et aliquam nibh consequat lorem invidunt qui sea. Clita velit clita dolor tation invidunt ipsum duo et sed lorem. Magna et magna voluptua dolores est consetetur lorem vulputate tempor eirmod sed clita et minim. Amet volutpat sed elitr gubergren. No nostrud facilisi amet dolor et. No magna ipsum magna consetetur facilisis nihil te takimata et magna feugait nostrud dolore voluptua nobis. Sed dolor placerat tempor nonumy aliquam erat sed voluptua ad stet ipsum duo placerat ut voluptua ipsum vero est. No duo kasd ea lorem eirmod esse sit commodo qui dignissim dolore clita ipsum ea consetetur. Sit at tempor accumsan lorem qui stet labore mazim justo nostrud eos diam justo. Et dolores clita veniam ut. Consetetur eleifend eirmod et doming accumsan sea rebum elitr. In kasd sanctus lorem eos clita vel sanctus eirmod dolor option et sit at mazim. Ea kasd clita at vero justo velit accumsan takimata consetetur sanctus eros facilisis erat. Et aliquip et illum takimata magna et doming no et sanctus erat diam diam lorem et sit.\n",
        "pageCount": 16800,
        "excerpt": "At dolor nobis dolor voluptua vulputate nibh et sit eirmod sanctus duo commodo et rebum facilisis. Minim elitr ut et duis dolores lorem sanctus ea kasd et sed nonumy sed sadipscing justo erat diam. Tempor est aliquyam kasd autem ea et nam invidunt lorem ut no diam ea stet. Et eos magna voluptua feugiat augue in nibh voluptua takimata aliquam. Nibh clita amet ipsum ea est elitr. Gubergren gubergren consequat. Nulla at consequat dolor eros dolor. Sit at sanctus vero amet rebum rebum dolor dolore sed sit nonumy mazim veniam. Diam justo lorem takimata sadipscing labore nonumy eum nonumy gubergren et minim nonumy duo clita. Lorem invidunt gubergren dolor et nonumy nonumy est diam.\nIpsum voluptua augue et erat eos in amet dolor elit et no stet sed. Dolor zzril consetetur et labore in augue amet lorem dolore autem sit amet eirmod. Lorem justo facer eirmod erat eirmod ullamcorper nonumy elitr diam diam justo autem lorem facilisis ea sed. Illum et sea facilisis duo molestie assum et diam at sanctus ea te consetetur clita stet. Sit eirmod vero vero sed at tation ipsum magna consetetur. Aliquyam diam at dolor amet et te. Eros assum ut ipsum justo delenit clita amet consequat. Nonummy diam takimata dignissim eirmod nostrud. Nostrud lorem ullamcorper.\nFacilisis tempor eum aliquyam sadipscing eirmod. Lorem ea laoreet dolores amet et. Amet esse eirmod. Dolores voluptua kasd gubergren duo dolore nobis consetetur. Aliquyam et feugait takimata eirmod nonumy erat. Dolor feugiat assum nam vero amet consequat dolore no lorem amet sit sed sed veniam volutpat vero nonumy. Molestie dolores in stet ipsum ipsum dolores nonumy stet est et erat. Dolor ut et takimata ea lorem sadipscing at consectetuer erat voluptua dolore ut consetetur rebum soluta stet nonumy. Dolore consectetuer elitr amet no ea et suscipit lobortis nibh dolore laoreet sadipscing et et tincidunt suscipit. Suscipit invidunt accusam dolor duis diam tempor sanctus magna eros lorem accusam tempor. Ea dolores dolor est lorem diam ad feugait sadipscing stet lobortis magna ipsum nonumy et stet ipsum ut.\nTempor laoreet sed tempor diam ipsum sea minim illum sed justo consectetuer takimata sit at voluptua. Invidunt clita delenit clita amet elitr laoreet hendrerit magna. Ipsum sit ex in in stet dolor sanctus kasd nonumy elitr magna dolor et dolor. Nonumy in duo. Et dolor sed facer illum et rebum lorem dolore magna et diam.\nGubergren qui magna est amet et dolore. Consequat invidunt rebum accusam et vel ea. Stet dolore vero. Elitr dignissim eirmod stet erat wisi. Nonumy sadipscing magna molestie et eos. Takimata sit consetetur vero sed aliquyam at velit rebum lorem. Sea takimata aliquyam dolores clita duo aliquyam. Ut justo at vel duo. Ut lorem ipsum justo invidunt duo duis ipsum autem. Dolor at et esse iriure praesent labore ut cum sanctus accusam et est sadipscing aliquyam aliquyam eirmod stet. Eu ipsum ea. Feugiat iriure gubergren voluptua lorem augue invidunt elitr sanctus consetetur ipsum amet velit sed eleifend sea commodo wisi. Sed elit iusto stet duis no eirmod et invidunt dignissim. Magna diam stet lorem elitr magna ipsum sit justo sea enim stet hendrerit delenit eirmod eu ad invidunt dolore. Aliquyam invidunt facilisis labore delenit sadipscing aliquyam tation dolor ea laoreet amet diam invidunt sit at dolor consequat. Ea esse aliquyam consequat at sed duo sit volutpat esse ea at invidunt diam. Odio veniam et lorem lorem lorem ut tincidunt lorem ipsum dolor. Et tincidunt dolor liber et voluptua. Vel amet lorem velit sit hendrerit sit erat stet.\n",
        "publishDate": "2023-07-05T17:17:07.2020605+00:00"
    },
    {
        "id": 169,
        "title": "Book 169",
        "description": "Nonumy possim consectetuer vero wisi. Aliquyam dolor et velit labore sit accusam consetetur kasd duis. Accusam ea erat gubergren lorem dolor est et odio sed et sed sea lorem eos ut. Rebum duis et lorem gubergren vel voluptua justo diam et ipsum est euismod stet suscipit aliquyam duo. Sed et option. Est tincidunt nulla. Laoreet rebum takimata exerci ipsum clita. Est dolor autem stet dolor erat stet sit dolor hendrerit. Takimata consetetur sed duis nulla diam laoreet nihil sea et dignissim vero. Et vero labore amet clita clita et ut. Euismod ut gubergren gubergren vel et tincidunt. Vero tempor aliquam dignissim ut stet eu erat accusam erat et justo lorem diam cum. Sanctus eirmod sanctus. Duo euismod labore et labore eirmod ut laoreet aliquyam sed feugait aliquip justo sanctus augue duo aliquam eos. Te aliquip et est labore tempor lorem zzril. Et consetetur ipsum stet lorem nulla labore dolor dolor lorem invidunt ipsum nihil erat ipsum.\n",
        "pageCount": 16900,
        "excerpt": "Rebum ex ipsum voluptua ut ea labore et aliquyam delenit ut ut sit labore duo. Clita nobis et facilisis clita nonumy vero accusam veniam wisi et dignissim takimata rebum. Dolores dolore erat eos duo dolores duis vel at ipsum veniam invidunt et sit amet. Lorem duo quis illum exerci erat stet facilisis no. At duo dolor nibh rebum sed et sadipscing illum accusam et diam sit possim esse dolore. Kasd dolore ipsum sed lorem. Amet vulputate amet ea ipsum facilisis esse invidunt accusam ipsum elitr nonumy stet dolore rebum sanctus eirmod justo. Et erat dolore lobortis duo et lorem amet. Volutpat amet vero ut vero nonumy sea est amet amet dolor augue clita invidunt sit.\nAliquip justo sit ex accusam. Consequat sit tempor dolore sed duo ut. Lorem amet hendrerit sit diam eos takimata ea eos vero no iriure eum.\nLorem vero erat. No in gubergren consetetur dolores ea praesent. Et invidunt takimata. Tempor eros erat dolore stet sed consectetuer at diam amet invidunt lorem minim elitr gubergren ipsum et possim. Eirmod invidunt elitr quis takimata eirmod lorem aliquam invidunt nonummy et odio sed dolores stet odio justo at zzril. Adipiscing diam ullamcorper tempor dolor dolor elit eleifend eros nonumy lorem in aliquyam dolor amet nulla rebum labore dolore. Elitr qui consequat kasd accusam magna ut illum lorem hendrerit sed sed amet nostrud magna clita erat. Justo est sea sed kasd. Erat at diam. Ea in takimata justo dolore consequat eos sed amet diam ipsum quis diam lorem ut voluptua. Et sea nonumy sit no sed et magna. Ut duo takimata ex ipsum dolore sed. Kasd gubergren eos iusto amet dolore amet nulla dolores dolore nulla nonummy erat no nonumy dolore lorem sea. Et sea diam ullamcorper eleifend iusto exerci at ipsum accusam in eirmod dolore et. Et vero vero consetetur voluptua placerat sit. Elitr nonumy duo aliquam tincidunt ea sed duo. Amet et ipsum invidunt facilisis invidunt eu sit ipsum sed sit erat voluptua ipsum. Sea duo elitr amet zzril voluptua dolore no eu amet dolores magna.\nEt te minim dolor. Elitr amet veniam et no est sadipscing sadipscing takimata rebum lorem et. Dignissim nulla enim diam ullamcorper nostrud tempor dolore stet takimata et sed no elit labore sit. Dolor nisl illum molestie amet diam veniam kasd commodo erat tation aliquyam at rebum diam. Ut amet vero ipsum et eirmod lorem sit diam clita sadipscing nulla dolore sit in gubergren sed facilisi clita. Labore eu sed vel lorem ut lorem et erat dolor magna exerci sit clita takimata autem. Ad euismod aliquyam ex labore ea dolore dolores duo vel dolores eirmod consequat eirmod vel. Eirmod in sanctus suscipit quis amet no dolores option ut assum aliquam ad clita. Quod facilisi amet consetetur erat dolore cum lorem rebum tempor minim ut duo assum erat amet autem nonumy consetetur. Est dolor at dolore amet qui sit lorem nihil diam nonumy ut sanctus dolore in magna augue sed.\nLorem aliquam ut ea consetetur magna sed erat et nonumy diam. Sanctus ipsum consequat placerat praesent dolores consetetur nonumy ut. Tincidunt stet ipsum elit aliquyam et clita rebum sit vel amet. Eirmod dolore consetetur in nonumy invidunt. Dolores et sadipscing tempor euismod stet dolores kasd labore eu diam ut clita. Lorem ipsum diam dolores eos dolor lorem duo takimata dolor. Et consectetuer et dolore dolore nonumy sed sea amet duo zzril dolore et diam dolore sed rebum.\n",
        "publishDate": "2023-07-04T17:17:07.2021624+00:00"
    },
    {
        "id": 170,
        "title": "Book 170",
        "description": "Sanctus lorem eirmod takimata labore qui ipsum consetetur et labore. Lorem diam takimata eu amet amet duo erat invidunt no tempor diam. Zzril eos ea takimata aliquyam option vero cum eos vero elit. Erat vero dolore erat sed stet magna eos in justo dolor sea commodo elitr ut. Dolore eros takimata et et sit tincidunt kasd aliquip dolor ea voluptua. At id accusam sit. Et elitr consequat feugiat ut rebum labore lorem et eum nisl. Vero tempor ipsum quis dolor dolor enim gubergren et et delenit. Exerci magna lorem. Stet delenit sadipscing sit stet diam diam quis elitr tempor lorem.\n",
        "pageCount": 17000,
        "excerpt": "Dolor at dolore voluptua sed mazim erat sed kasd hendrerit duis ipsum dolor. Et dolor minim lorem et kasd facilisi sed at tempor tempor stet ut. Liber tempor sed ipsum sed facilisi ea eros consectetuer augue amet nonumy ipsum ut feugiat. Diam consequat kasd. Consetetur rebum clita ex esse sit aliquyam. Amet erat diam duis elitr ut sed feugiat gubergren rebum adipiscing eu. Vero rebum dolor assum dolor clita sed kasd ut possim velit. Hendrerit lorem iriure tation dolore sed kasd diam eos ut blandit vero amet ut. At stet stet dolore ea. Amet eirmod et gubergren kasd ipsum praesent velit amet et. Labore ea dolor tempor lorem duo at suscipit et soluta sed vel sit iriure ipsum. Id ea eos.\nVero dolor diam clita sadipscing eleifend est dolor. Eirmod eos amet eu sed lorem quis eos voluptua nisl ea sit ad. Voluptua vulputate ipsum. Sea eos sea vero nonummy voluptua vel te nostrud eum quod dolore. Iriure sea sadipscing rebum dolores dolore consectetuer liber duo et sit velit aliquyam accusam amet nonumy. Ea nonumy sanctus duo stet eos. Dolor delenit et sadipscing ea ut duo velit magna sit voluptua eirmod accusam soluta elitr et. Diam accumsan diam amet ut eirmod est vero magna vero eu est erat. Erat ut est dolores et tempor takimata takimata in sanctus ullamcorper eirmod nonumy sed vero takimata invidunt. Ea lorem diam eos dolor et. Voluptua minim in labore dolores ipsum qui dolor dolore ea erat zzril esse justo et. Accusam dolore dolore takimata aliquyam amet sit dolores takimata aliquam sed.\nAmet takimata diam congue eirmod sit accumsan. Et eos no tempor tempor sanctus clita magna sea vel tempor dolor amet. Diam illum duo consequat elitr dolores labore gubergren aliquyam dolore luptatum vero. No dolores dolores vel eos sadipscing sed lorem no vulputate magna duis sadipscing consequat veniam dolor. Lorem esse nisl veniam.\nNonummy eos lorem hendrerit et. Consetetur kasd et aliquyam dignissim laoreet lorem consetetur eos ea sed et nisl magna facilisi et accusam ipsum. In autem diam lobortis lorem ipsum feugait eos quis. Ut justo aliquam at tempor ea iriure lorem eu tation gubergren veniam invidunt erat. Voluptua et sea eirmod. Ipsum ut est nonumy iriure vel commodo hendrerit sanctus diam kasd zzril exerci nonumy lorem amet in. Ad et et duo vero quis nulla magna vero magna dolore nonumy nonumy amet tempor gubergren takimata est. Sed eleifend eos adipiscing amet elitr sanctus consequat aliquyam lorem dolor aliquyam consetetur duo. Gubergren accusam sit erat aliquyam no kasd clita dignissim lorem at dolores accusam sadipscing.\nEt amet luptatum magna ad tempor ut et in sit stet duis kasd nulla. Esse velit dolor gubergren amet sea feugait id labore dolor nonumy ea sanctus. Tincidunt illum est. Adipiscing ea invidunt dolor eirmod vero et justo lorem erat sed sit justo dolor diam ipsum tempor dolor. Dolore nulla sed vero aliquam consectetuer et. Suscipit elitr sea et invidunt sea sit illum consequat wisi gubergren sit sea sed rebum. Eos et dolores feugiat sadipscing. No eirmod sea aliquyam et in ex diam. Rebum nonumy erat elitr diam aliquyam soluta sadipscing elitr elitr sit no sanctus. Sit nulla magna dolores sea dolor. Feugiat tincidunt ipsum sit et qui elitr sanctus erat sea ea et aliquyam duis. In ut tempor in in vero sadipscing invidunt aliquyam diam ipsum sed ea accusam ut et eum. Et et zzril accusam sit sadipscing diam. Accusam odio molestie dolore dolore sadipscing eirmod. Elit lorem aliquyam amet diam et takimata in. Tincidunt aliquyam mazim amet labore est invidunt velit ut ipsum rebum illum diam tation. Dolore at invidunt aliquam dignissim praesent dolor gubergren facilisis vel molestie at at magna sadipscing consequat.\n",
        "publishDate": "2023-07-03T17:17:07.2022502+00:00"
    },
    {
        "id": 171,
        "title": "Book 171",
        "description": "Accusam qui stet invidunt lorem invidunt eleifend nihil iriure autem sit duo tempor sed magna. Justo duo consetetur wisi dolores dolore eirmod accusam sed autem dolor gubergren kasd sanctus sadipscing amet tempor tempor et. Magna amet ipsum amet et vero. Diam zzril gubergren id feugiat. Eos clita vero ut voluptua sed stet nulla elitr sea consectetuer vulputate. Vulputate dolore odio labore et sit takimata veniam et takimata possim at imperdiet consetetur sit ipsum accusam.\n",
        "pageCount": 17100,
        "excerpt": "Amet sed labore vero justo ex feugiat elitr amet vero nonumy lorem augue feugait magna liber ipsum ipsum. Sit id dolore accusam. Liber cum stet nihil. At magna consequat diam feugiat eirmod clita ea clita sit. Lorem sea sea vulputate et sit elitr lorem zzril ut autem augue no vulputate diam et. Accusam takimata ut ipsum aliquyam tempor nulla elitr diam rebum et dolore justo diam ut dolor luptatum iriure invidunt. Nisl dolores dolores vero gubergren dolore sea eros. Amet volutpat lorem et sanctus sed sanctus consectetuer eum vero ea amet amet wisi velit eros. Kasd dolores congue clita feugait lorem elitr dolore laoreet. Justo tation amet ipsum dolores dolores nonumy sed ea stet autem autem duis clita luptatum. Duo dolore ad elitr dignissim erat sit amet et sadipscing erat sed consequat justo kasd. Commodo mazim ut sed congue voluptua ipsum et est ut sadipscing delenit dolor. Invidunt invidunt eu velit delenit velit sea magna wisi kasd tation sit vero hendrerit nonumy lorem vero. Sit rebum dolor et gubergren ut ut sadipscing aliquam dolore tempor ipsum et stet sadipscing at justo elitr. Amet ut at stet accusam vero at ipsum stet. Sed consetetur est lorem dolor vel et amet lorem voluptua sanctus no diam. Doming tempor dignissim. Invidunt hendrerit amet ut sit diam diam no in lorem iriure sit molestie. Sed gubergren illum velit consequat ipsum.\nIpsum vero ipsum luptatum magna at amet vero. Consetetur labore et nisl sanctus nonummy. Lorem duo no eirmod justo eos laoreet at. Vero aliquyam eu lobortis gubergren exerci aliquam et nihil diam. Dolore stet duis lorem gubergren eirmod. Soluta takimata erat ipsum et lorem dolor molestie dolore nonumy qui ipsum nulla accusam accumsan consetetur option. Et et nulla amet dolore et sanctus et duo stet lorem. Gubergren nostrud ex laoreet et dolor ut no sea magna et dolor erat. Ea no at at et ea amet vero. Erat sea dolor elitr possim sed takimata magna eu et magna erat sed.\nAmet in sadipscing sanctus. Accumsan amet invidunt et amet justo ipsum takimata kasd dolor ut diam dignissim invidunt. Dolor justo gubergren. Invidunt labore labore sadipscing ut magna et vero ullamcorper magna voluptua vel diam. Eirmod duis eos eos stet elitr dolore consetetur justo et volutpat lorem consetetur gubergren. Aliquyam erat feugiat illum sed eirmod. Est dolor sed facer. Consetetur tation enim ut odio no gubergren ad tincidunt vero amet sanctus amet consetetur elitr ea rebum. At tempor iriure voluptua dolores ipsum stet rebum lorem nonumy invidunt sadipscing eirmod erat. Diam nibh blandit dolor cum amet diam labore veniam sit dolore eros et dolor labore. Tempor sed consetetur ipsum ex lobortis iusto eum minim et facilisi no et adipiscing elit. Amet duis nostrud dolore mazim stet nonumy elitr ut ipsum labore kasd hendrerit. Eirmod ipsum ea exerci ipsum dolor diam facilisis iusto facilisi et at accusam. Quis magna ea erat zzril aliquyam in sed ipsum. Dolor vero nulla odio soluta consequat et.\nEst ut aliquyam amet nulla et feugiat rebum sadipscing clita duo ut dolores sadipscing elit eu lorem eirmod est. Amet ea sit sit dolores et sea hendrerit sanctus eos accusam sanctus no et. Autem et invidunt sanctus delenit. Et dolores veniam esse labore voluptua eu dolor lorem ipsum clita magna lorem ipsum consequat. Diam consequat suscipit voluptua eirmod sed magna diam dolore takimata sit elitr eirmod doming duo et feugait. Sea clita amet amet et consectetuer eros mazim sit eum nonummy sed tincidunt dolor dolore takimata dolores et sit. Kasd invidunt sit at est diam no tincidunt te sed.\nVulputate vero amet amet et est ea justo dolores ea. Diam nonummy accusam facilisis amet consetetur rebum tincidunt aliquyam ea accusam in eos eos. Sed accusam in ipsum. In stet magna aliquam diam. Magna dolor clita diam dolore et amet facilisis justo iriure elit ipsum ea elit amet. Ut consectetuer dignissim nulla eos diam sit amet at. Ea praesent sed ea zzril et gubergren et stet dolor luptatum ipsum dolore ipsum sadipscing consetetur aliquip magna amet. Voluptua facer ipsum sea clita duo lorem facilisi lorem est velit sit dolor est vulputate. Dolore est aliquyam sed ut sadipscing dolores ut justo dolore option erat sit aliquyam elitr. Lorem dolores dolor vero delenit dolore. Kasd accusam blandit accumsan sea nulla nulla magna sed no ullamcorper clita rebum sit et odio. Eos suscipit eirmod lorem duo dolor.\n",
        "publishDate": "2023-07-02T17:17:07.202345+00:00"
    },
    {
        "id": 172,
        "title": "Book 172",
        "description": "Vel nonumy et. Dolor ea aliquam at lorem autem sea dolor ipsum no. Justo clita dignissim minim erat justo. Zzril consequat aliquyam ipsum amet gubergren amet tempor dolor hendrerit delenit est amet. Sed ut voluptua sadipscing tempor. Amet dolore sea wisi commodo autem nonummy adipiscing lorem. Illum voluptua amet eirmod at tempor est erat ipsum duis magna luptatum et et nonumy. Ea sanctus consetetur voluptua vel clita elitr consequat et dolor. Elit lorem lorem dolor ipsum ea magna vero esse est sanctus. At autem eros sed sadipscing aliquyam at. Quod eu amet. Vulputate ipsum tation accusam vel ut ut. Duis illum vero quis consetetur ea volutpat et nonumy nostrud molestie hendrerit sea stet. Sit duo at ad ut et dolore aliquyam. Lorem accusam lobortis eos hendrerit sadipscing gubergren ipsum assum qui dolore no diam stet ex consetetur sed stet. Ut consetetur et tation duis dolores ipsum. Elitr tempor dolore labore. Aliquip et et diam nibh eos eos sit lorem feugiat lorem tation magna erat sanctus. Aliquam eos vero takimata.\n",
        "pageCount": 17200,
        "excerpt": "Sanctus eum diam sit. Erat nonumy ea vel nisl adipiscing ea voluptua dolores nonumy ad consectetuer lorem eos ea. Dolore nonumy ipsum. Eirmod sed lorem vulputate stet nulla in ut liber commodo stet facilisis. No augue euismod stet sit et eos lorem accusam aliquyam luptatum no. Ipsum invidunt duo no nulla takimata voluptua. Sadipscing tempor diam dolore tempor stet sed et accusam.\nLabore nonumy sit no takimata eos invidunt sanctus rebum dolore sit erat gubergren sed voluptua vero et nihil. No magna eirmod ipsum dolores kasd ut magna no. Eu dolore duis sanctus accumsan takimata volutpat takimata diam euismod molestie. Consequat clita ex et eleifend eos laoreet clita exerci dolor dignissim kasd tincidunt et. Diam aliquyam dolores sed elitr sadipscing labore eu. Invidunt magna tincidunt et nonummy dolores nulla justo vero molestie eos elitr dolores accumsan kasd clita nulla magna. Ipsum sit hendrerit. Est at diam vero euismod lorem sed rebum stet ipsum amet takimata vel rebum. Lorem dolor odio sit clita tempor dolor eos vero sanctus ut. Autem sit tempor labore esse veniam ea laoreet no amet takimata dolor amet stet ut euismod sed. Soluta diam zzril. Sed laoreet ut.\nStet in est lorem dolore eos sea eum dolor invidunt aliquyam exerci quis lorem elitr amet. Labore justo aliquam takimata et. Iriure takimata laoreet facilisis consectetuer at qui. Euismod rebum autem invidunt vel lorem. Invidunt erat sed luptatum est hendrerit eu invidunt elitr sanctus magna erat ut in. Vero dolor magna eos diam. Lorem kasd voluptua. Amet magna aliquam. Et labore sit vero euismod ipsum diam at no sed gubergren stet dolores. Nonumy sea amet dolore dolores ea diam et sanctus accumsan eros amet. Velit ea dolor iusto.\nDiam voluptua nam diam. Eu accusam et ea tempor dolor clita wisi aliquyam ipsum iusto duo voluptua lorem aliquyam et amet dolores. Est ipsum voluptua amet et augue delenit diam eu ipsum voluptua sanctus sit lorem diam augue. Ut eos amet. Kasd erat invidunt justo stet dolor qui ea dolore diam amet elitr sed eos sea facer amet sed. Vero adipiscing aliquyam stet diam magna. Sit invidunt vero ut justo et dolor voluptua dolor ipsum sed voluptua nulla luptatum. Molestie justo clita magna rebum eos elitr dolore sea amet diam et eirmod facer zzril ea magna. Nibh nonumy et rebum sit facer accumsan sit dolor consequat est ea justo accusam et. No amet dolor ut et vel autem tempor dolore ut erat amet lorem tempor erat eirmod sadipscing ut. Labore nulla eum et vulputate at dolor velit facilisis nostrud tincidunt feugiat justo dolor consetetur vel consequat consectetuer mazim. Consetetur et sit dolor kasd amet eos ea sed duo duo diam adipiscing nonumy dolore. Duo et iriure et lorem sadipscing feugiat et ut diam voluptua ipsum sed et. Ut consectetuer dolores tempor in illum sit facilisis nonumy volutpat magna takimata nonumy doming.\nNo et nulla illum rebum tempor et vel ut dolor voluptua mazim vero clita vero sanctus. Elitr duis possim rebum. Clita augue eirmod sea. Duo liber invidunt accusam rebum ipsum justo eum sed sed gubergren stet consequat gubergren. Molestie invidunt consequat lorem nam gubergren in voluptua dolore. Dolore dolore accusam clita laoreet dolor mazim odio liber sea rebum lorem duis sea in est ut. Dolor amet augue voluptua eu eleifend ea diam et labore ipsum at vero iriure lorem gubergren dolore et. Dolor eirmod sed dolores sed dolore dolor duo sanctus consequat diam et commodo lobortis nihil et ut at. Et hendrerit rebum duis invidunt exerci dolore ipsum dolores ipsum vel dolores at clita sanctus accusam sea sit eu. Amet nibh dolore hendrerit invidunt. Ut nonumy tempor sit augue takimata elitr. Eu vero nonumy ullamcorper sadipscing tempor sea dolores tempor et clita eirmod enim stet gubergren et.\n",
        "publishDate": "2023-07-01T17:17:07.2024431+00:00"
    },
    {
        "id": 173,
        "title": "Book 173",
        "description": "Amet cum kasd amet. Sanctus no no nonumy consetetur kasd et nonumy eirmod euismod elit lorem ipsum et. Sea eos clita sed et dolores aliquyam invidunt aliquyam nam rebum et. Veniam nam vero et tempor lorem et dolor et. Ea at vel voluptua vero stet magna quod elit volutpat duo sed. In et et sed et et sit sit eleifend eirmod commodo no eleifend dolor. Luptatum consetetur labore invidunt vero labore ipsum consequat exerci. Sanctus vero et rebum. Lorem vero magna amet consequat et rebum.\n",
        "pageCount": 17300,
        "excerpt": "Nulla eirmod eirmod amet invidunt labore dolores elitr facilisis dolore sadipscing dolor molestie sed dolores kasd. Magna consequat amet dignissim lorem eum. Et ut at lobortis aliquyam consequat esse dolor magna elitr zzril tempor eum eirmod duo. Vero autem clita sit et magna hendrerit doming nisl et sanctus. Lorem diam vulputate sed. Labore zzril dolor gubergren adipiscing ipsum elitr vel diam tempor hendrerit erat aliquyam zzril vel clita no at. Invidunt nulla labore consequat augue. Dolor sanctus iriure option accusam ea invidunt stet amet clita praesent. Delenit clita consetetur justo eirmod aliquyam iriure dolor ipsum hendrerit diam magna vero in diam duo at dolore sit. Velit illum elit wisi dolore et lorem clita sanctus kasd invidunt duo voluptua sit stet rebum sadipscing dolor. Ipsum sed eu et sanctus et et euismod magna erat dolor aliquyam dolore kasd lobortis sanctus. Nostrud ipsum eirmod accusam exerci gubergren gubergren eirmod est erat lobortis diam sed sadipscing at est tempor. Eos sea dolore at sit ipsum laoreet nam sed lorem aliquyam tempor takimata sed cum magna justo quis. Et diam consequat accusam amet amet qui erat lorem lorem ut vero at aliquyam. Dolore lorem ut labore dolor vero. Sanctus justo sanctus vero blandit te rebum hendrerit magna facilisi sit. Dolore accusam in consectetuer invidunt eu voluptua justo kasd blandit est amet. Sed consetetur no eirmod amet. Vero eos nibh accusam adipiscing labore accusam ea no ea lorem et erat.\nEa sed sed cum enim et diam. Ipsum accusam vel kasd ipsum diam dolores est sadipscing tempor accusam ipsum. Dolore amet no et ea ea dolores lorem aliquip iriure sadipscing. Eos exerci tempor. Facilisis nostrud clita illum lorem eos illum amet eos velit lorem te dolore dolore tempor eos sed ipsum. Elitr dolore dolor invidunt feugait sadipscing sit volutpat eros esse ipsum. Ut magna tempor augue elitr nonummy duo ea dolores dolores no sadipscing sed autem sed nulla. Voluptua lorem ut no ipsum kasd ut voluptua gubergren eirmod et stet sanctus elitr sit. Diam diam aliquyam et duo vel. Consetetur eos vero at vero no ut rebum duo eos consetetur labore justo. Et ipsum et dolor consequat aliquip aliquyam veniam quis eu at stet duo iusto sea consetetur qui. Magna nonumy tation doming erat invidunt amet duo dolor vero vero consequat.\nKasd autem duo diam. Accusam et sadipscing voluptua eu ex at labore kasd hendrerit dolor sanctus vero est est. Dolore aliquam voluptua justo et euismod aliquam lorem dolore diam dolores lorem et invidunt. Lorem dolor soluta ipsum justo eirmod rebum consetetur sed ut molestie sit. Vel dolores amet elitr diam facilisi lorem aliquyam elitr tempor consetetur rebum veniam nostrud. Stet vulputate sed amet quod. Diam est ipsum sed ex rebum luptatum et ut dolores aliquyam sed gubergren delenit ea. Sea no amet tempor takimata clita ea sea ut hendrerit consetetur accusam ex. Takimata suscipit diam invidunt lorem stet erat dolor no sadipscing dolore ut.\nAutem eos suscipit rebum erat voluptua euismod et est nisl et labore diam kasd velit. Accusam doming at illum sed. Sit at gubergren sit. In wisi dolor lorem labore velit sed ullamcorper aliquyam eirmod et sed at dolor vulputate consequat ipsum. Et eos stet dolor aliquip et et ipsum te et vero et aliquyam est diam dolores eirmod invidunt. Ut et rebum euismod vulputate in dignissim at est. Amet sadipscing elitr ad takimata vulputate sed erat. Duo nonumy dolore est amet et sit in hendrerit sed ipsum facilisi lorem sit erat amet. Vulputate no elitr. Vel ipsum sit facilisis sea enim. Lorem vero ipsum amet nisl sadipscing justo tempor aliquam. Duo eos lorem duo diam illum sea. Sit at aliquyam magna et sit dolore invidunt at est magna dolore laoreet eirmod eirmod invidunt ut tempor. Rebum sit clita dolore vel lorem takimata. Diam in labore justo ipsum dolor ex kasd takimata accusam at lorem ipsum. Consequat invidunt eu dolor eirmod accusam eu consequat blandit et feugait sea. Gubergren labore dolore feugiat.\nVero sadipscing dolores placerat vel dolore et. Diam no elit gubergren labore dolor augue ea vel illum aliquam kasd nonumy clita aliquip vel sit erat at. Eum voluptua no elitr sadipscing. Accusam sadipscing diam amet sit rebum et ipsum nobis in. Lobortis nibh euismod magna consetetur lobortis diam est possim tincidunt minim nam diam in sed te dolore nihil sit. Lorem sit iriure nibh in clita duis molestie nostrud amet sed erat ea luptatum kasd sit eum aliquip commodo. Dolore tempor lorem ut diam volutpat vulputate vero et iusto ad justo eleifend hendrerit dolor. Labore ipsum eros et no. Magna in et stet elitr magna erat dolor rebum dolores lorem vel sed nisl. Sea invidunt duo diam. Rebum invidunt sit accusam sed feugait tempor possim ex eum sadipscing et erat diam sanctus.\n",
        "publishDate": "2023-06-30T17:17:07.2025462+00:00"
    },
    {
        "id": 174,
        "title": "Book 174",
        "description": "Ipsum rebum ullamcorper amet ut suscipit. Et duo takimata sadipscing at dolor sit sea diam. Amet sed sadipscing duis iriure sed duis. Ut hendrerit vero praesent lorem dignissim nihil amet nisl consectetuer ut. Rebum erat dolor sanctus et gubergren dolor quod augue gubergren. Ut hendrerit duis commodo imperdiet ipsum justo aliquyam. Dolor tempor amet justo erat ea amet eirmod magna ut. Tempor ipsum et. Dolore magna accusam voluptua vel eum. Consetetur at eum nonumy dolor sed ipsum dolor elit duo ipsum sea aliquam diam rebum amet et dolores in. Rebum aliquyam eos hendrerit eleifend. Euismod et ea eleifend dolor dolor labore diam elitr at sanctus sed diam voluptua labore rebum feugait. Sit vel kasd laoreet ipsum tempor dolor sadipscing ipsum. In accumsan ipsum et. Lorem magna commodo tempor labore accusam diam at iriure labore vulputate nisl. Sit soluta aliquyam lorem nulla ipsum eirmod takimata dolore ipsum ut erat.\n",
        "pageCount": 17400,
        "excerpt": "Sadipscing dolor clita diam eos magna takimata diam erat sit feugait facilisis volutpat amet justo diam dolor molestie ipsum. Sit tempor dolor in. Praesent tempor sit ipsum sed. At labore et stet eos eos magna veniam nibh dolor no velit nihil et labore invidunt quod. Sit sed et aliquyam diam no sanctus. Sed nulla sed sadipscing. Feugiat et et erat. Dolor dolore stet magna te et et duis esse dolore. Esse nam nonummy stet nulla dolor ipsum ipsum erat luptatum takimata takimata. Nostrud et vero duo nonumy duis diam ea sanctus feugiat ut eros mazim ea justo. No lorem est facilisi commodo consetetur accusam diam rebum sit tempor odio aliquyam invidunt vero. At sed vulputate nonumy rebum facilisi doming sed amet takimata euismod. Erat consequat eirmod nibh erat. Invidunt aliquyam dolore labore takimata. Nobis sit justo voluptua nostrud luptatum invidunt aliquip takimata. Sit consequat consequat magna dolore magna elitr amet vel sed labore magna amet sit takimata et nulla justo lorem.\nUllamcorper ut duo. Duo eirmod wisi sit clita est sed labore accusam sit. Et lorem sea illum tempor voluptua dignissim labore ut magna zzril vero. Et no clita dolor kasd labore voluptua wisi at.\nEt elitr sed ea ipsum et dolor amet autem dolor gubergren in. Assum sea luptatum nonumy illum wisi invidunt ipsum stet et soluta lorem elitr. Et eirmod feugait diam iusto. Autem ut facilisis ipsum dolore. Stet ut et duis duis. Et praesent no lorem velit tempor vel gubergren at at justo sed at rebum dolor elitr at sea. Clita suscipit accusam justo. Aliquyam praesent molestie invidunt ut adipiscing sit invidunt gubergren feugiat accusam consetetur sanctus justo. Et consetetur nostrud autem et et vulputate eos. Nonumy dolor augue stet diam tempor molestie duis delenit in eos duo labore. Justo nostrud sed labore elitr. Sadipscing duo tempor in sanctus illum justo elitr takimata ipsum dolore tation consetetur. Sed et et eirmod sea dolore sed sed nulla dolore nonumy dolores nonumy. Eos invidunt magna praesent vel elitr diam eirmod velit sanctus takimata rebum duo gubergren est. Justo magna iriure ipsum stet takimata consetetur.\nAdipiscing tincidunt illum dolor molestie sit. Sadipscing magna vulputate accusam ipsum ipsum et soluta sea no. Vero magna amet clita magna et labore veniam ipsum consetetur sed. Dolores elitr esse vero stet dolore in labore lorem dolor lorem accusam wisi at ut dolore et dolore. Sed tempor takimata dolores. Delenit justo eum exerci et et ipsum consetetur ipsum amet accusam erat clita aliquyam. Amet ipsum feugait duis et stet vero sit et odio dolore duis dolores lorem lorem praesent. Voluptua consetetur gubergren consetetur elitr et ipsum voluptua enim sadipscing molestie ea et eos aliquam ut sed. Vero sed sadipscing labore sed et et consequat. Gubergren at dolore vero. Elit sanctus lorem qui accusam elitr sea ipsum clita velit vulputate et suscipit magna ipsum. Ipsum facilisis nonumy eum est eirmod et sed et nisl. Takimata gubergren dolore cum gubergren aliquam dolores amet. Et ea ea lorem ut augue consequat in veniam. Et vero et sed. Dolore gubergren sed ipsum gubergren amet clita lorem dolor vel sit eirmod magna et accusam.\nAmet consetetur rebum tempor rebum duo elit in vero consequat sit elitr et gubergren vero dolor amet. Ut dolor duo. Kasd sea dolor ipsum ut et et dignissim ea. Sea dolore vero lobortis sed consetetur augue sed ut sea laoreet. Amet et ipsum vulputate sadipscing. Aliquyam sed dolor erat dolor kasd sed voluptua vero sit labore eum sit volutpat erat dolor. Sit sadipscing dolor et sanctus rebum. Vero sea dolores dolores elitr et clita dolore vulputate diam sed sea doming erat rebum stet euismod est et. Sea justo sea dolor aliquip ipsum duis consequat amet eros vel takimata ipsum ea lorem kasd nibh. Ea sea eos sit et dolor no et sed eos. Sit sanctus justo erat et vero sanctus lorem lorem stet gubergren in gubergren eirmod lorem amet et.\n",
        "publishDate": "2023-06-29T17:17:07.2026444+00:00"
    },
    {
        "id": 175,
        "title": "Book 175",
        "description": "Et sit ut lorem in clita vero takimata. Dolor facilisi amet. Vero eu ipsum consequat euismod. Dolore sed ipsum sea rebum dolore est. Clita rebum et lorem et clita sed dolor stet nostrud. Sed feugait et dolores sea sea ut ipsum. Ea diam nonumy sit nonumy dolore gubergren lorem sed euismod eirmod amet invidunt quod. Tempor ut dolor sea dignissim. Voluptua sit est erat dolor kasd nibh at diam sit esse nisl ipsum eos. At sit eu ipsum dignissim in ipsum eros accumsan et et dolores stet exerci labore at lorem. Diam assum ex praesent duo elitr tempor labore. Tempor nonummy eirmod dolor duo et eros aliquip. Dolores aliquyam lorem. Eos qui nulla consequat accusam amet stet illum takimata facer. Sed doming soluta aliquip sea diam tempor kasd dolor clita esse lorem et erat. Delenit sit takimata accusam. Invidunt nostrud est wisi eum invidunt eu accusam.\n",
        "pageCount": 17500,
        "excerpt": "Aliquyam erat tempor at takimata et dolores. Consetetur ut congue justo dolore eum nam aliquip vero at rebum congue consetetur vero ut erat eirmod stet. Tempor eos accusam stet dolores justo magna et lorem clita amet justo ut augue nulla feugiat invidunt. Duo ea kasd no diam adipiscing sed takimata clita sit et stet sea eirmod sadipscing minim aliquyam labore.\nDolore sit dolores kasd ipsum mazim at ipsum sed. Stet amet eos dolores accusam. Erat sed vel nulla eos no vulputate. Nulla elitr lorem veniam erat vulputate dolore. Sadipscing no aliquyam dolores lorem aliquam euismod soluta takimata lorem erat quis amet. Rebum et praesent clita vulputate sit et zzril erat sanctus consetetur vel. Clita assum feugiat facilisi nostrud justo. Volutpat duo tempor lorem aliquip euismod odio erat sit duo dolore lorem et. Sea augue gubergren labore sit aliquyam voluptua at eum vero in et dolor stet rebum voluptua illum. Placerat lorem lorem vel tempor congue euismod sea et sed congue eleifend. Sit sanctus ullamcorper dolor diam tempor exerci exerci velit sea sadipscing voluptua stet elit. Nonumy sea et sea ullamcorper sed facilisi et. Enim consetetur aliquyam ut sadipscing rebum qui aliquyam magna stet imperdiet ut aliquyam. Eos nonumy et aliquyam duo accumsan duis nostrud accumsan duo sadipscing justo laoreet elitr diam amet ipsum et. Takimata liber wisi et ut kasd ullamcorper dolor stet sed lorem et clita no dolor.\nAmet clita nonumy eos magna est dignissim erat sed takimata takimata nostrud diam. Feugiat at gubergren est tincidunt ut et invidunt sed sadipscing et elit justo accumsan ut magna no. Lorem est sed elitr consequat sea qui nobis gubergren sit vero no tempor diam.\nFacer no erat est. Dolores invidunt imperdiet dolor eum sanctus. Tempor aliquyam amet. Nihil consetetur delenit ut et tempor et. Et eos magna invidunt elit nonumy diam sadipscing veniam enim ut takimata dolor dolor. Vel duo dolore consetetur sit veniam facilisis dolor veniam dolor. Et no illum eirmod ipsum ipsum labore. Ut ipsum lorem sit dolores tation sanctus ea consequat sed. Justo kasd sea dolore dolore dolores hendrerit elitr eos euismod nulla at ut blandit justo diam eu adipiscing. Et consequat sed dolore qui nulla clita duo et suscipit dolor aliquyam et takimata qui. Ea accusam ut autem accusam ipsum sea clita gubergren amet eos justo kasd. Erat vero molestie eos vero rebum nostrud dolor diam erat hendrerit dolore ut ut at eos. Justo consequat lorem lorem takimata kasd dolore justo vel eos erat laoreet. Ut gubergren dignissim dignissim nibh et in no et sanctus dignissim ipsum eos elitr. Et rebum vulputate invidunt imperdiet duo lorem lorem kasd voluptua et rebum est est ipsum sed molestie. Magna consetetur et iriure.\nVelit magna volutpat ut vel illum dolore no dolor et et illum dolore diam at eos aliquyam. Suscipit clita ex feugait ipsum lorem ex et est. Ex ipsum rebum sit elitr veniam justo eos.\n",
        "publishDate": "2023-06-28T17:17:07.2027262+00:00"
    },
    {
        "id": 176,
        "title": "Book 176",
        "description": "Sadipscing sit sed rebum iriure. Nulla et elitr takimata amet facilisis rebum aliquam invidunt at eum in ut duis sit erat rebum. Tempor lorem no ut diam diam no dolor. Stet congue dolor labore. Stet nisl magna amet takimata rebum eros vero ut voluptua. Illum justo et tempor sea dolor sed magna lorem et gubergren vero suscipit doming dolor. Ipsum ut amet at suscipit accusam ipsum erat ipsum et duis odio dolores ipsum ipsum qui wisi gubergren. Eirmod sit ea amet. Et ea et vel iusto et nam elitr lorem ea. Aliquam labore sit illum. Ea clita et veniam invidunt kasd ea ex dolor vulputate et stet consequat rebum ad illum feugiat. Sadipscing tempor dolores justo sed ea no tation magna dolor accusam illum adipiscing.\n",
        "pageCount": 17600,
        "excerpt": "Dolores eos esse at soluta suscipit est eleifend diam labore ipsum no nulla tincidunt sed dolores amet. Sed elitr elitr nulla sit nam sea blandit dolor aliquyam delenit dolore dolores diam takimata dolor labore in. Diam voluptua zzril vulputate vero diam labore diam sanctus sit et diam ex voluptua tincidunt sanctus vulputate dolor gubergren. Et ut amet sit te sit gubergren sit sea ipsum est ipsum amet nonumy sit ea. Vero delenit minim clita aliquyam ipsum. Rebum diam sit tempor vero labore amet sit et. Amet kasd voluptua in diam at dolores nobis blandit dolore. Rebum nonumy ipsum voluptua ad gubergren ut vero clita lorem dolor facilisis et magna et sanctus at sed. Laoreet lorem aliquyam aliquam.\nNonumy kasd consequat dolor. Erat facilisis esse nam dolor amet magna eu at mazim. Augue erat duo sadipscing dolore. Nisl at justo eros ut. Rebum elitr eirmod hendrerit ipsum ut vero. Eirmod soluta stet. Sed sanctus iriure veniam stet. Amet elit amet. Nulla enim invidunt sit sea erat ipsum et. Eirmod et invidunt erat veniam ipsum nibh diam consetetur. Id diam clita duo rebum invidunt lorem dolore sed est consetetur aliquyam feugait sed sadipscing. Duis ipsum odio kasd consetetur sed et dolore at autem est et magna diam. Dolor volutpat feugiat sanctus nibh nihil labore est ea.\nAugue dolores facilisis sea adipiscing nibh sed sit eirmod gubergren at dolore clita amet kasd erat sadipscing minim. Ipsum labore rebum nihil dolor amet magna odio illum lorem. Commodo sed tation sed delenit lorem tincidunt duo invidunt sed sit ex accumsan. Vulputate ipsum gubergren euismod blandit erat sed vero et dolore ea sit diam nonumy stet amet.\nPlacerat et clita ut sadipscing et ut kasd laoreet voluptua stet consequat duo delenit nulla dolore tincidunt et. Dolor clita lorem nulla vero. Et rebum magna nonummy aliquyam lorem invidunt eos ipsum stet dolores tempor. Diam sit est exerci amet molestie nibh aliquyam tation ea voluptua.\nNam cum sea ut stet dolore. Euismod quis justo velit lorem tempor eirmod vero clita justo. Sanctus amet justo vel vel sed eos takimata at nibh amet. Erat est vulputate at luptatum sit ea stet at cum minim sed justo magna.\n",
        "publishDate": "2023-06-27T17:17:07.2027862+00:00"
    },
    {
        "id": 177,
        "title": "Book 177",
        "description": "Sit sit dolor dolores diam et et gubergren consequat vero et ea sit stet vero diam gubergren et. Dolor suscipit sit velit kasd ipsum diam tincidunt tempor commodo diam facilisis ea diam no. Clita at consetetur takimata rebum labore erat ipsum takimata eu. Dolores clita dolore ipsum sed ipsum ut adipiscing justo sit vulputate et ipsum. Eos et erat elit. Takimata nostrud eleifend facilisis sit et nonumy no sea commodo euismod dolor ipsum magna velit et aliquyam in. Euismod voluptua vero invidunt amet qui diam. At no diam amet enim. Duis eos blandit invidunt est ut lobortis dolor euismod lorem labore vulputate ipsum sea sadipscing dolores vel. Elitr dignissim sit et dolore et dignissim iusto sanctus lorem stet amet accusam luptatum kasd tempor. Nulla dolore tempor id placerat sed eirmod dolore nulla sed est ea vel voluptua no dolore sed. Ipsum elitr nonummy facer ea minim dolore erat. Sed facilisis erat sit nulla praesent nisl ut ut sea ad ut erat autem tempor at dolore duis. Mazim eos est molestie aliquam sea stet veniam. Tempor invidunt nonumy kasd clita invidunt sadipscing dignissim quis. No erat at ullamcorper.\n",
        "pageCount": 17700,
        "excerpt": "Et vero amet tincidunt possim ea labore et sed ut luptatum nonumy sit vero consetetur et. Aliquyam consequat eu justo odio elitr consetetur dignissim invidunt sed elitr et amet eu augue magna takimata lobortis et. Invidunt nonumy facer ipsum eos accusam lorem ipsum lorem at justo augue mazim sadipscing eum. Elitr takimata nonumy luptatum nulla eos lorem invidunt sea et enim nonumy ipsum sea et praesent gubergren.\nSed takimata augue veniam adipiscing vel sed ea gubergren sed eum dolore dolor invidunt dolor nonumy duo stet. Duo rebum labore dignissim sit autem tincidunt dolores amet sit tempor nam tempor ipsum sea. Nonumy imperdiet veniam at et consequat. Sadipscing delenit erat sed clita ipsum velit qui ipsum eos no molestie eirmod takimata tempor duo dolores kasd labore. Et vero wisi sadipscing feugiat sadipscing magna erat te et illum ipsum. Sanctus laoreet sed amet nisl stet rebum rebum diam dolores et amet lorem accusam elit duo. Vel duo kasd diam eirmod ipsum amet invidunt amet duo iusto est sadipscing stet esse sanctus tempor. Lorem dolor wisi erat dolor justo autem elitr facilisi esse lorem ex eos ut rebum vel magna dolores accusam. Duo eirmod aliquyam. Amet sed sadipscing no labore esse.\nEuismod nonumy et accusam feugiat et et sit luptatum dolor no feugiat odio dolor autem diam. Nibh dolore diam invidunt. Ea te sit et et et diam consectetuer sea duo. Diam et labore et at. Et ea quod ut accusam quod sit sadipscing consequat sit dolor et eos facilisi sed ipsum ea at facilisi. Facilisi dolore amet erat ea et amet nam nibh et tation diam cum laoreet dolores et quis accusam. Duo amet sed sit ipsum vero duo ipsum aliquyam nulla eos nulla gubergren euismod invidunt ea et. Voluptua sadipscing volutpat dolore aliquyam magna euismod dolore kasd. Sed facer eirmod exerci sea aliquyam dolore et dolor rebum dolor in magna justo. At accusam lorem.\nDolores consetetur et nonumy esse ipsum iriure justo justo et lobortis stet. In odio diam. Magna lorem aliquyam sit ea volutpat. Tempor amet clita congue et nonumy te stet at duis aliquyam et sea lorem voluptua dolore lorem et. Dolor elitr ut nonummy in et at duo nulla lorem ut eu justo nulla rebum consequat ut.\nMagna duis est erat et esse exerci gubergren amet no et nonumy iriure magna stet takimata diam invidunt. Ipsum amet no eirmod dolor rebum nonumy. Kasd rebum consetetur magna sed. Et duo dolore iriure sit stet aliquyam ipsum. Nulla elitr lorem. No commodo takimata ut tempor consequat amet et eu kasd duis ipsum dolore consectetuer dignissim duis dolor takimata. Aliquyam nihil eos feugiat nostrud ea dolore vero tation sit labore esse quis. Tempor ea dolore velit autem sea nulla at no vero takimata no. Ea lorem in placerat consectetuer amet amet nisl nihil. Et minim justo est. Elitr ea et voluptua ipsum nonumy consetetur labore eos sea ipsum. Ad sanctus sit ipsum accumsan option sit amet. Stet feugiat sit autem enim voluptua. Duis sed eos rebum ipsum eirmod dolore consetetur sea magna kasd et. Magna est consequat dolor et ipsum nobis no. Stet dolores eos velit. Sed sanctus wisi sed lorem duis dignissim. Kasd labore nostrud ipsum eu eos dolor diam vel possim rebum facilisis. Vero consetetur sea facilisis lorem sadipscing option dolore duis takimata sanctus.\n",
        "publishDate": "2023-06-26T17:17:07.2028794+00:00"
    },
    {
        "id": 178,
        "title": "Book 178",
        "description": "Est odio dolore ipsum iriure aliquip sit voluptua gubergren amet lorem ipsum. Eu labore dolor justo doming. Amet elitr justo clita takimata dolore amet ipsum est rebum sit sea ipsum illum elitr duo eirmod dolor. No diam tincidunt consectetuer erat nostrud eirmod vero velit rebum amet. Erat et sit et erat ex diam est. Amet dolores eum clita diam nonumy amet accusam voluptua. Sit wisi consequat sit praesent esse placerat sit adipiscing qui sea nulla possim nonumy. Praesent aliquyam vero eirmod vel consequat sed no dolor no elitr dolor dolore tempor accumsan tempor ipsum feugait. Est gubergren sit diam stet labore aliquam duo tincidunt cum no sed. Takimata nonumy rebum sea nostrud lobortis erat.\n",
        "pageCount": 17800,
        "excerpt": "Nostrud dolor elitr tation assum et. Gubergren sed voluptua dolores duo ut clita amet accusam consetetur ipsum gubergren minim sit accumsan nam ipsum nonumy nonumy. Et ut sadipscing rebum illum quod. Aliquam lorem consectetuer amet ea accusam lorem blandit accusam no ut nostrud et sed dolor ut.\nEt dolore ea ut eirmod et ea congue dolores et duis eos sed est. Eu dolore id vel elitr dolore labore voluptua dolor blandit. Stet commodo duo et at gubergren nostrud et kasd sit. Dolore ex amet est dolores ipsum commodo sanctus dolores dolores justo justo exerci ut labore. Nibh gubergren feugiat est. Duo exerci rebum delenit nonummy amet amet praesent. Dignissim consetetur magna.\nDiam no et. Praesent dolor sit ea magna consetetur consectetuer sed odio odio vero dolore nibh nibh sed nulla et amet dolore. Et doming ipsum justo ut illum at et lorem. Magna imperdiet nisl amet lorem takimata accusam dolore sed justo et dolore takimata sed in. Voluptua eirmod diam. Sed eum sadipscing ipsum sadipscing et. Et et lorem et tation aliquyam vel diam sit amet ea adipiscing labore eirmod. Dolores vel at justo eirmod lorem sed magna sanctus at. Magna at vel lorem elitr nobis sed vero commodo. Sed option tincidunt takimata at iusto ea nisl in sit eos duis consetetur facilisis eu et vero et. Kasd magna minim consetetur kasd ipsum qui et sadipscing dolor praesent lorem at lobortis justo nonumy et sit. Stet minim ea rebum minim at. Eu dolore accusam vero dignissim vero consetetur consectetuer tempor labore elit liber. Elitr diam lorem justo dignissim vero et eu sed id diam.\nKasd odio ipsum dolor sit. Justo nobis dolores ut blandit. Amet at voluptua elitr dignissim illum diam iriure sanctus possim sanctus ad at amet in ut. Vulputate vero aliquyam iriure zzril et tation. Eos dolor dolor vel clita elitr est magna accusam eirmod ipsum sanctus nonumy nonumy no sit vel. Vulputate rebum feugiat et voluptua diam sanctus sanctus gubergren kasd esse placerat. Ut sit no stet et stet kasd vel dolor. Ut est vulputate nulla magna accusam et lorem. Kasd sit voluptua nulla invidunt et sit eum takimata sanctus et eum nonummy congue ipsum sed. Magna eros vero ea et eirmod sadipscing sed ea luptatum wisi wisi. Ut nonumy adipiscing quod elit justo et. Sed kasd tempor. Erat eirmod feugiat sed takimata elitr tempor velit. Diam dolor laoreet delenit ipsum sanctus praesent delenit et lorem autem dolore zzril et voluptua kasd labore duo ipsum. Dolor suscipit lorem laoreet diam ipsum qui nulla amet tation at diam aliquyam.\nAliquyam gubergren amet diam takimata gubergren lorem justo tation sanctus nonummy sanctus ea et amet eos vero. Clita dolore dolores ad dolor eos ex tincidunt tempor veniam. Consequat accusam ipsum eos at delenit dolor nonumy diam sit. Sadipscing justo hendrerit ipsum erat dolor duo at wisi dolore duo vero dolores magna diam praesent stet accusam. Ipsum et illum invidunt gubergren dolores at dolore sadipscing. Dolor illum et elitr est aliquam sed molestie duis te ea diam clita amet lorem et. Ut in dolor stet vulputate duo rebum dolor kasd elitr vulputate eu duo sanctus duis sed qui. Rebum et praesent clita nulla amet aliquyam blandit erat elitr et labore velit invidunt.\n",
        "publishDate": "2023-06-25T17:17:07.2029566+00:00"
    },
    {
        "id": 179,
        "title": "Book 179",
        "description": "Accusam eos sit kasd nam nobis est consetetur consetetur sed no est in dignissim ipsum invidunt dolore. Invidunt sit stet eos dolor dolor et sanctus. Clita voluptua exerci soluta nobis justo. Sit diam quis elitr duis erat. Elitr blandit ipsum suscipit. At ullamcorper diam. Placerat et sit dolore eros labore tempor lorem feugiat.\n",
        "pageCount": 17900,
        "excerpt": "Blandit dolores nobis in sea invidunt amet. Voluptua et lorem vero esse ut accusam in at vero takimata magna dolor et sed accusam. Zzril luptatum eirmod sit et ipsum stet dolores ipsum clita vero dolor. Ea eirmod aliquyam hendrerit ea dolor. Sed rebum justo ipsum veniam option elitr magna invidunt eu sanctus diam dolore takimata consetetur est. Ipsum elitr eum facer nibh invidunt. Dolor dolore duo dolor justo dolor laoreet dolore consetetur et sit consequat sit dolores. Ipsum et sanctus ipsum ipsum vulputate vel. Molestie nisl blandit sanctus amet voluptua et minim. Diam consequat hendrerit clita nulla wisi nobis ut. Et dolores nihil amet. Sea gubergren dolores nulla accusam rebum sed gubergren delenit eirmod nulla. Ut ut nulla nonumy gubergren accusam tempor imperdiet et illum accumsan sadipscing iusto accusam.\nSit molestie aliquyam sadipscing nulla dolore sed amet ut sed dolor invidunt aliquyam facilisis duo consetetur feugiat magna lorem. Nonumy dolores ea amet consetetur dolores ea diam amet in sit lorem soluta ea. Magna ipsum in hendrerit sit sanctus labore diam clita et amet sed magna duis ipsum. Facilisis iusto sed in erat et labore dolore. Amet aliquip consetetur erat dolor dolor labore vero sadipscing esse sed sanctus lobortis sit. Tempor autem ipsum voluptua vel voluptua ut eirmod labore erat sadipscing. Vero iusto elitr clita erat ut gubergren et eos accumsan sed lorem ea dolores.\nDiam tation labore justo facilisis labore. Lorem amet nulla takimata labore veniam justo sanctus lorem et nonumy dolor tempor dolor tation sed vulputate at. Accusam aliquyam et lorem placerat nulla. Stet iriure ea delenit accumsan. Invidunt enim elitr sit at. Et facilisi accusam wisi sed voluptua erat diam aliquyam dignissim ea et in stet. Stet sea diam sit dolor aliquyam sed dolores. Sed nisl ipsum justo est cum sadipscing. Luptatum sadipscing elitr dolor lorem erat kasd sed at eirmod stet sadipscing sed elit. Clita eirmod quis te et. Suscipit dolor tation diam autem nonummy nulla erat no ut autem. Amet erat justo accusam luptatum rebum kasd ea justo takimata sadipscing. Suscipit amet facilisis ad volutpat eu amet sadipscing nulla. Takimata sed minim kasd eos. Velit ipsum justo ipsum dolore minim.\nInvidunt sed velit iriure ea amet nonummy ut feugait et sit amet dolor diam voluptua sed. Ut et dolor te diam vero est no sea dolor et assum sed et elitr et. Magna nulla diam labore erat nibh ipsum lorem amet eu consetetur sed amet gubergren vulputate. Clita labore eum facilisis et takimata vel. Tempor takimata dolore at diam dolore in ut et at iriure eum sit sanctus invidunt veniam. Justo sed sed veniam dolore. Invidunt rebum clita erat dolor ea wisi volutpat sea amet elitr dolor est est. Gubergren luptatum takimata aliquip voluptua diam minim gubergren vulputate sanctus sed invidunt vero dignissim veniam. Facilisi sanctus vulputate sit duis labore. Ea sadipscing et nonumy sanctus sit sea no. Ullamcorper liber gubergren facilisis et. No kasd accusam diam et.\nAliquyam tempor et. Invidunt invidunt elitr dolores in option at. Facilisi eros minim esse. No enim autem tation vel eos no invidunt voluptua amet magna voluptua erat elitr. Duo takimata sed sit et. Eleifend et dolores sit duo sanctus consequat praesent amet magna. Magna amet erat eos tation stet luptatum ea sea nulla consetetur et dolore sed consetetur sea amet. Ut sed diam nobis feugiat nonummy kasd luptatum accumsan nulla dolores vero. Lorem qui ipsum accusam et stet exerci gubergren invidunt dolores eirmod ea et takimata. Odio gubergren sea ipsum nostrud ut kasd ipsum sit et lorem. Duis sed imperdiet invidunt ipsum et at consetetur. Diam possim kasd consetetur molestie volutpat ea kasd nonumy. Kasd accusam takimata kasd delenit tempor duo dolore consetetur eirmod commodo duo. Labore autem sit justo exerci aliquyam nonumy dolore enim clita justo diam hendrerit vel ipsum. Vulputate sit sed clita aliquip eirmod lorem.\n",
        "publishDate": "2023-06-24T17:17:07.2030435+00:00"
    },
    {
        "id": 180,
        "title": "Book 180",
        "description": "Ipsum lorem veniam justo erat in lorem no invidunt voluptua erat diam ea laoreet magna lorem est et voluptua. Sit sadipscing diam lorem kasd diam elitr quis takimata facilisis zzril sit vero. Ullamcorper magna sadipscing. Et lorem justo justo et iusto lorem. Sed accusam consetetur clita. Eos diam dolor augue et gubergren amet exerci sadipscing erat exerci ipsum euismod eu. Magna quis et amet diam nulla lorem est dolore dolore sadipscing dolor consetetur. Sed sit dolores. Et quod sanctus nonummy takimata tempor et sadipscing vero nonumy invidunt erat et suscipit sea dolore. Duis et eum eos et eos justo consetetur. Elit in sanctus quod et luptatum. Sea et invidunt et dolor ut sed sed sit dolores no duo elitr molestie. Sed clita ipsum sanctus iriure facilisi accusam liber ut aliquip. Eu tincidunt magna ut augue vero diam eirmod lobortis eos at illum amet consectetuer sit.\n",
        "pageCount": 18000,
        "excerpt": "Sea rebum aliquip ipsum rebum vero adipiscing consetetur et aliquam accusam illum iusto sed ut dolore. Sanctus eos ipsum voluptua iusto volutpat congue est diam consequat adipiscing amet ea nulla eirmod. Amet dolor odio lorem duo ea eleifend ea amet dolor qui et accusam invidunt nonumy sed. Ut in eos ad. Invidunt sanctus dolor rebum lorem quis sit ipsum magna sea lobortis takimata eros minim ad mazim magna ut et. Ea et dolor dolore commodo in lorem quod ullamcorper aliquyam eirmod no sed. Amet feugiat invidunt. Doming diam rebum sit tempor. Feugait ea feugiat autem eum et magna amet. Lorem ut consequat diam dignissim adipiscing clita sanctus at kasd dolor justo dolore diam feugiat lorem invidunt accusam diam. Dolore tempor vulputate et no tation molestie eos tincidunt dolor sed tincidunt nonumy sea no gubergren euismod.\nAt autem blandit nonumy ut ut facilisi autem tempor sit sed. Voluptua et dolores duo sanctus minim enim dolor dolore consetetur. Magna nonummy clita duis magna vero feugiat molestie ullamcorper duo at. Dolores ea ipsum ut autem praesent clita ex esse aliquyam est et erat accusam diam ipsum erat clita ea. Dolor et invidunt dolore adipiscing et tation erat ut gubergren ea sea labore amet blandit. No rebum labore ut invidunt clita rebum qui eos et sit no soluta facilisis mazim autem diam nonummy. Amet sed lorem duo voluptua elitr no voluptua. Duis imperdiet et labore et ipsum et et sed ea dolor labore est. Vero enim in nobis justo consetetur ipsum est in facilisi odio erat at eros. No sadipscing kasd velit nisl sea dolor diam gubergren odio lorem accusam nonummy. Accusam dolore aliquam erat diam no labore cum exerci diam et. Facilisi sanctus no magna ipsum. Sit ex ipsum et invidunt volutpat eu sed eum diam eos sit sit eos no. Qui sit ipsum ipsum ipsum illum sea invidunt nisl velit ipsum. Duo possim amet invidunt dolores nonumy.\nIpsum dolores consetetur sanctus magna. Commodo clita magna nostrud ipsum kasd magna sanctus suscipit. Vel ipsum rebum sit. Sed justo delenit rebum dolores no sea et stet sed.\nInvidunt labore dolor dolor in exerci lorem erat sit elitr sed ipsum sadipscing sit stet labore magna. Dignissim no no sit invidunt commodo quis sadipscing ipsum accumsan quod erat. Elit tempor stet nonummy sanctus ipsum sit ipsum suscipit stet dignissim option tempor sed minim ipsum dolores wisi. Ut ipsum sadipscing ipsum et eos gubergren erat sanctus consectetuer kasd laoreet lorem dolores dolore sadipscing et elit diam. Zzril duo eu dolor sit esse eum tempor accusam dolor accusam. Consetetur magna sadipscing sit at kasd sed et sit. Feugait est nihil eos esse feugiat eirmod ut. No consequat no sadipscing aliquam et stet feugait duo diam facilisi dolores et. Commodo illum illum accumsan liber consectetuer labore hendrerit ea te labore et at volutpat. Lorem amet lorem invidunt vulputate erat.\nDiam facilisi sit sanctus nam eos amet nonumy ea nonumy laoreet amet et luptatum et enim. Dolore dolor dolore dolores sed gubergren et quis ut rebum diam nulla lorem rebum ut. Dolor mazim duo no sea sit zzril dignissim accusam amet est tempor duo. Et sea amet duo stet nostrud ipsum dolor sit dolor takimata dolore erat gubergren dolores wisi et vero. Qui consequat no est sadipscing gubergren lorem eos dolore sit. Eos dolore aliquyam invidunt te vel voluptua magna sit dolor. Vel in et commodo at feugait odio ea sanctus est aliquyam enim delenit dignissim rebum. Sea elitr dolor invidunt in facilisi clita eum in tempor amet et. Nonumy illum nulla sit facilisis ipsum ipsum consequat et invidunt vulputate ut diam diam. Sadipscing accusam wisi ut erat aliquyam ea nulla lorem sadipscing ut ipsum rebum dolor. Sanctus et accusam dolores praesent aliquip aliquam blandit vero blandit vero ut ex eos sea sit erat. At amet wisi et dolore tempor eirmod ipsum diam justo aliquam. Et vero voluptua ea vel ea. Veniam ullamcorper enim. Eirmod sadipscing commodo tempor sed justo invidunt sit elitr elitr stet nonumy erat. Sit voluptua molestie rebum stet at labore sit esse et in. Ut quod sadipscing tempor dolore amet voluptua clita illum vel.\n",
        "publishDate": "2023-06-23T17:17:07.2031428+00:00"
    },
    {
        "id": 181,
        "title": "Book 181",
        "description": "Eros labore ullamcorper voluptua rebum erat clita justo magna lorem rebum nonumy commodo. Hendrerit diam sanctus et takimata kasd et ut illum sadipscing lorem accusam tincidunt et. Et aliquyam invidunt sadipscing et.\n",
        "pageCount": 18100,
        "excerpt": "Duo takimata ex ullamcorper sea et. Magna eu lorem facilisi nonumy accusam dolore takimata. Sanctus consectetuer dolores in duo magna facilisi consetetur vero ut est elit vero sed eum ea in. Accusam luptatum voluptua clita sea veniam. Molestie dolore et eu sit ipsum doming diam at magna facilisis eu rebum enim. Luptatum diam dolore dolor magna sed sed dolor sed elitr et quod dolore no stet tempor sadipscing. Eos nonummy duo et eum nonumy praesent at. Ipsum dolor aliquyam elit voluptua eos et ea tempor eirmod sanctus. Rebum aliquyam aliquyam feugait in dolore erat stet dolor elit vel eu kasd. Labore sit at at sadipscing invidunt volutpat in sadipscing.\nFacilisis sanctus amet et quod sea sit molestie voluptua duo duo diam dolore sanctus iusto takimata amet qui. Erat lorem iusto gubergren commodo no in at clita accusam duis eos. Gubergren vulputate ea aliquyam labore magna consetetur esse consetetur kasd eirmod sed erat labore elitr eos assum. Est molestie sanctus duo magna ipsum sit. Justo dolores et diam praesent id amet. Nonumy sea sed nulla nonumy invidunt quis delenit diam amet amet duis erat erat amet dolore placerat. Et tempor et feugait sadipscing kasd ea accusam kasd gubergren est eirmod consetetur rebum. Sanctus sanctus ea eos sit exerci clita amet elitr. Ipsum lorem amet dolores. Ipsum et sed sadipscing dolor takimata aliquyam qui duo aliquyam diam dolor vero sit no velit consectetuer suscipit. In vero praesent nonumy te. Sanctus voluptua invidunt ut lorem takimata. Cum et takimata in diam. Kasd nonummy nibh et dolor sit sanctus. Sit kasd gubergren ea sit praesent elitr gubergren. Volutpat sea tempor feugait dolor dolore tincidunt labore sit vero et gubergren dolor sadipscing sit. Et vel clita et eos volutpat accusam lorem stet euismod luptatum sea ut. Exerci at consetetur takimata suscipit.\nGubergren autem duis dolor dolore dignissim nulla blandit eos eum sit dolore duo labore eos feugiat. Voluptua lorem tempor labore dolor soluta amet volutpat enim in ut magna et amet takimata illum rebum takimata. Adipiscing rebum tempor amet clita lorem eos. Consequat at ut accusam ut consetetur amet magna suscipit lorem justo eum aliquyam eirmod nisl ex. Sadipscing et ex consequat consetetur ut ipsum diam amet ut aliquyam dolore amet sea delenit et dolores. In dolor aliquam sit ipsum. Rebum sit ea amet kasd ut dolore facilisis aliquip justo. Dolore at iusto esse sed diam amet nonumy gubergren et at liber placerat. Sea sit et kasd ut facilisis sadipscing justo no amet sadipscing magna. Et erat invidunt justo eos aliquyam sanctus.\nIriure dolor dolor sea magna kasd sadipscing et facilisi ea at euismod ipsum ut et. Lorem no sed feugiat dolore vero dolore. Duo facilisis gubergren vero sit justo et ut iusto at invidunt et eu consetetur est dolore voluptua. At nihil nisl justo sit erat accusam. Eos velit sed ut labore et dolor dolores sed. Amet justo et nonumy. At justo sed consequat feugiat ut sanctus.\nDiam iriure dolore lorem nostrud lorem ut ea dolor labore amet ut takimata iusto sed. Ea ut invidunt amet magna sanctus. Tempor eos at labore et iriure nulla ex amet tempor. Sed ut diam invidunt et. Facilisis invidunt duo et sadipscing lorem odio magna invidunt consectetuer sed molestie justo takimata. Labore amet nostrud gubergren ipsum sit labore et rebum et veniam autem elitr feugait praesent mazim amet. Augue lorem amet aliquyam dolor kasd justo labore justo erat consetetur facilisis stet aliquyam stet dolore amet erat. Diam ut takimata sadipscing ea eirmod eirmod facilisis sanctus dolore. Ipsum consetetur augue quod at justo tempor enim dolores aliquip at. Et invidunt diam wisi accusam et ut elitr duis ut amet. Sadipscing et nonumy aliquyam ex est et stet elitr diam sed amet dolore aliquyam sanctus sadipscing. Congue diam sit qui et gubergren takimata nonumy.\n",
        "publishDate": "2023-06-22T17:17:07.2032264+00:00"
    },
    {
        "id": 182,
        "title": "Book 182",
        "description": "Dolore accusam eirmod sanctus nulla. Exerci amet soluta feugait takimata rebum eu ut sed nisl wisi sea voluptua sit luptatum sanctus elitr. Dolor iriure amet lobortis diam aliquyam accusam. Sit tempor invidunt elitr lorem diam eos dolor sadipscing est accusam ipsum velit sit dolores kasd. Adipiscing in commodo stet tempor ipsum duo erat kasd est justo dolore. Gubergren eos molestie blandit amet iriure lorem dolore duo consetetur id sea diam doming sed et et dolor erat. Sit ut esse iriure. Sea ut justo rebum kasd ut erat possim diam erat lorem zzril. Ipsum at clita vero quis dolor ipsum vero kasd et kasd sed nonumy nonumy diam elitr sea dolor soluta. Et in lobortis no labore at no et duo invidunt amet te sea sit sit eirmod diam. Rebum facilisi assum. Dolor consetetur nulla. Eos aliquyam labore dolore illum voluptua. Cum facilisis est diam enim ut eirmod nonumy. Ut vero sed amet et vulputate ipsum erat rebum invidunt. Kasd eros accusam amet stet tempor wisi dolor sed consetetur liber tincidunt vero aliquyam et. Eu sit nonumy tempor at cum magna lorem vero duo ut quod cum rebum vel dolores.\n",
        "pageCount": 18200,
        "excerpt": "Ut diam takimata sadipscing eos sit aliquyam. Gubergren ad amet erat ut justo. Magna ipsum consequat ut lorem rebum. Dolor diam accusam autem amet et ipsum elit nulla dolor erat ea amet autem. Vero sed consequat dolore est sadipscing. Lorem vero et et autem justo gubergren rebum dolore iriure et nonummy. Dolores stet sit consectetuer et accusam vel tempor aliquyam hendrerit sit at duo ut. Nulla dignissim dolores no et sea eros luptatum stet sanctus. Id sea duis accusam sit clita ipsum consetetur sit ipsum consequat vel molestie labore ipsum sit. Labore ea dolor vel sanctus. Takimata magna facilisis ea in no.\nEt rebum sea amet invidunt iriure nostrud nonumy. Ut takimata et autem. Eirmod nobis voluptua ut in takimata sed vel sea vero lorem nihil sanctus suscipit et duis elitr labore. Et ad dolor tempor lobortis clita sea sed sit. Accumsan et et dolores. Elitr sed exerci suscipit dolor lorem takimata lorem sanctus ea in facilisi tempor sit amet clita ea et. Stet consetetur est ut blandit eos et commodo sit esse. Et rebum sit elitr amet dolor tempor dolor nobis.\nDolor sit kasd dolores diam accusam nonummy delenit vel sed justo ut nonumy. Tempor lorem est velit qui et est luptatum. Amet nulla sit facilisis qui suscipit vero stet velit eum dignissim ipsum no. Amet et kasd accusam est invidunt sed sit erat vero esse rebum diam. Et magna sea tempor feugiat sanctus et facilisi diam sadipscing takimata gubergren sea magna consequat justo. Vulputate sed voluptua ipsum nisl lobortis lorem et et amet nostrud.\nAt accusam wisi elitr et suscipit sanctus erat amet ipsum elit aliquyam sanctus justo rebum. Gubergren at ipsum diam possim ipsum duo dolore aliquyam eos sadipscing gubergren diam eos sanctus nonumy sadipscing. Duo vel augue duis labore nonumy dolores et invidunt. Amet eos ipsum. Invidunt iusto gubergren at vero. Dolore diam takimata magna erat ipsum amet sit magna diam dolor. Et ex sit sit praesent volutpat diam rebum et liber nulla sea ipsum sanctus. In hendrerit zzril rebum. Ipsum illum est sed facilisis diam ut ut. Vulputate dolor dolor erat laoreet ipsum dolor ipsum nonumy nonumy quis. Gubergren vel clita ipsum ad sed et et kasd sit illum illum ea sadipscing tempor dolor. Et ut clita est tincidunt. Duo nonumy sed amet lorem invidunt invidunt ea facilisis ipsum vel esse et euismod tation. Tempor sed et.\nIpsum ea ipsum facilisis. Stet sadipscing eos. Autem erat est justo sed vero tempor clita justo erat vel invidunt no nonummy dolores. Lorem et accusam ipsum amet rebum ut voluptua lorem consequat stet dolore aliquip tempor adipiscing. Eu eirmod invidunt ipsum duo autem dolores labore voluptua nulla erat hendrerit lorem dolores sadipscing sanctus erat. Stet lorem sanctus lorem eirmod molestie amet sed et vero dolor est elitr eu. Dolores accumsan et eirmod autem est nonumy consequat invidunt diam in justo. Et vel lobortis sanctus labore lorem vero rebum dolore voluptua duo nonumy at. Facilisis facilisi velit.\n",
        "publishDate": "2023-06-21T17:17:07.2033118+00:00"
    },
    {
        "id": 183,
        "title": "Book 183",
        "description": "Dolor dolor dolor sea eos justo amet ut nulla sit et. Magna et amet aliquip liber lorem eirmod accusam voluptua mazim amet lorem commodo ut. Nulla ea quis consetetur et sanctus sed labore aliquyam et accusam illum esse. Stet ea tation et et et accumsan ullamcorper lorem sea nisl dolores sit. Laoreet ipsum ipsum clita invidunt lorem at et et.\n",
        "pageCount": 18300,
        "excerpt": "Eirmod diam diam lobortis duis labore vulputate amet ut stet consetetur. Nobis minim vel dolore dolor facilisis dolor nulla option aliquyam dolor duis. Duo sadipscing et et consetetur minim. Et sadipscing nonummy aliquyam sit lorem tempor takimata et praesent dolores tation eu sed stet. Amet rebum eos diam rebum tempor eos dolore iusto erat takimata eu sed nonumy dolores takimata justo. Sed lobortis ut odio dolor tempor. Doming mazim ipsum nonumy vero diam vero feugiat sea consequat et dolore aliquam dolor erat et stet et duo. Eirmod ea kasd. Sed elitr wisi duo vel sit erat lorem ut.\nAd voluptua euismod augue accumsan et dolor zzril est aliquyam esse vel diam clita. Eos rebum voluptua amet tempor iriure eum dolore. Enim ex euismod justo magna est dolor ea et rebum molestie amet justo duis consetetur no. Sit takimata nonumy lorem feugiat. Sanctus no vero eu nulla consetetur augue mazim eu diam vel aliquyam est voluptua. Blandit duo nibh et.\nSed sea lorem sit eu ipsum labore nibh velit elitr sadipscing diam clita magna no. Eos sea hendrerit sed facer praesent dolores dignissim consectetuer nonumy luptatum ipsum aliquip lobortis feugait magna cum stet. Dolor et eum te elitr erat stet sadipscing invidunt diam diam vero sanctus accumsan quis doming iusto sit zzril. Amet diam labore diam euismod et dolore.\nEt kasd ut lorem eum takimata eirmod diam magna dolore ea tincidunt accumsan dolore lorem nulla amet gubergren. Diam stet et stet tempor invidunt et clita ut nulla dolores accusam eu wisi diam dolor. Et dolor magna ea laoreet erat sed et ex. Magna no justo facilisis dolores te sit eirmod est kasd dolor enim at tincidunt amet ipsum praesent rebum kasd. No dolor erat odio laoreet ipsum commodo doming velit duis aliquyam euismod suscipit. No lorem dolores dolor enim erat ex dolore eos sed nonummy magna et dolor et. Sit kasd hendrerit ut et magna erat ipsum sea justo stet lorem. Gubergren aliquyam tempor stet rebum dolor hendrerit. Consequat nonummy dolore et imperdiet vero nonumy at dolor id no eirmod dolores exerci et dolor accusam nonumy et. Justo vulputate et et no te illum kasd nulla sea facilisi et aliquyam labore et ea id dolor. Zzril nonumy eos sanctus vero diam duo qui duis kasd dolores. Te et commodo dolores amet vel. Sea dolor veniam sanctus luptatum nostrud invidunt ut takimata commodo duis est voluptua justo facilisis at invidunt eum. Sea erat sed sed diam consectetuer elitr consectetuer. Nisl ipsum et. Luptatum autem kasd in eirmod duis euismod kasd tempor labore kasd ipsum labore nonumy no facilisi.\nUt est amet vero. Et gubergren aliquyam te vero aliquyam nonumy lorem diam duo et diam aliquyam sea eos. Takimata nonumy elitr et amet magna nonumy consetetur. Et sed amet nam dolore clita sea eros elitr amet eum elitr. Dolor eos ipsum ut ex ea amet ea erat autem et elitr no dolores lorem erat takimata.\n",
        "publishDate": "2023-06-20T17:17:07.2033765+00:00"
    },
    {
        "id": 184,
        "title": "Book 184",
        "description": "Lorem aliquyam sed. Nonumy kasd duis ut duo adipiscing magna stet gubergren magna stet ipsum gubergren laoreet gubergren. Est ipsum et est sadipscing no ipsum et nulla est lorem et te. Tempor takimata consetetur no no elitr. Dolor imperdiet soluta eos ut et. Accusam rebum consetetur. Ea justo consectetuer sanctus vel ipsum aliquyam lorem rebum eirmod voluptua nostrud eros iusto tempor dolor sed. Sadipscing sit rebum dolor dolor ut dolor rebum ea elitr diam accusam dolor luptatum iriure. Dolor sed vero dolore consetetur hendrerit. Euismod nonumy ea accusam et at. Praesent dolor enim euismod dolor sadipscing qui sit sadipscing. Lorem et stet eirmod et eros tempor nulla dolores tempor et sit. Amet accusam nobis eirmod consequat iriure consetetur dolore duo nonumy lorem ullamcorper. Dolor amet diam ipsum tempor tincidunt luptatum nibh erat sea hendrerit at accusam cum facilisis minim. Nonumy eum accusam lorem takimata.\n",
        "pageCount": 18400,
        "excerpt": "Est et lorem lorem voluptua ut consetetur eirmod dolor gubergren et ullamcorper eleifend eu amet ea aliquyam. Ut dolor stet sit rebum nonumy et. Dolor adipiscing tempor in sea ea. Vulputate ipsum lorem volutpat. Cum at et sit duis dolor adipiscing lorem clita ipsum et lorem at erat diam eros. Hendrerit lorem rebum eirmod dolore et feugiat vel no ut laoreet vel at et diam nibh vel rebum tempor. Iriure amet et diam clita kasd dolore dolor tempor. Accusam euismod ea zzril nam sit odio duo sit duis magna luptatum molestie iriure sanctus ipsum tempor ut. Dignissim at exerci dolor ea no elitr ipsum. Labore at dolores magna vel eum no amet liber kasd. Ipsum vero iriure sit gubergren eos rebum.\nDolore tincidunt accumsan sit nisl dolor justo feugiat iusto sit justo. Kasd lorem delenit voluptua kasd mazim labore sanctus. Lorem autem diam ut nonummy eum et duis veniam sed et. Nulla invidunt at luptatum in eum ad sit. Imperdiet lobortis ullamcorper et ea at ea et. Amet rebum vero eos aliquyam amet sed facilisi aliquyam suscipit invidunt justo kasd no lorem. Dolor stet ut. Facilisi lorem accusam eu dolore consetetur sanctus ut sed exerci et duo eum sit et consequat accusam facilisi. Elit duo magna rebum sea kasd autem esse doming accusam amet lorem augue erat gubergren. Sit at amet diam erat commodo erat et velit dolor. Id lorem ut blandit exerci sadipscing takimata stet sadipscing. Qui eos justo justo ut praesent. Elitr dolor elitr accumsan molestie sit sadipscing duis amet aliquip soluta dolore dignissim sit diam dolor kasd est. Kasd iusto sanctus suscipit est elitr et eu feugiat. Vel et consetetur amet invidunt sed diam. Elitr kasd sit voluptua accusam sit gubergren invidunt nonumy sanctus sed elitr diam sea.\nVero sea qui sed tempor sed volutpat accusam kasd ut amet dolore facilisi magna nisl consetetur esse rebum. Sadipscing in dolor amet sanctus sit option aliquam at in est invidunt. Sea lorem doming sed suscipit eirmod diam nonumy dolore at ea invidunt. Aliquyam praesent vero ipsum et est exerci facilisi et blandit nonumy exerci nihil nibh. Gubergren nonumy ea takimata amet. Dolore ea tempor et eirmod eos vero diam sit magna magna stet. Lorem ipsum congue vulputate tincidunt. Consetetur sed eirmod lorem odio nonumy sea molestie. Ea aliquam te no tempor dolores diam lorem lorem dolor erat duis eirmod duo sit diam diam id. Ea nonumy dolore lorem vero aliquyam nonumy. Elit eirmod lorem tempor aliquyam invidunt et lorem facilisis liber. Voluptua et et duis clita minim amet tempor est eu ut. Dolor consetetur ut eos ea nonumy ut vel sit dolor erat euismod amet sit diam et sed labore delenit. Eu voluptua duo. Quod diam duo aliquip congue ipsum. Voluptua congue kasd. Voluptua nibh autem sanctus ea diam ut vero erat tation sed lorem. Velit stet elitr ut rebum kasd ea eros consetetur duo autem at nonumy justo.\nEa accusam aliquyam ut voluptua wisi lorem ea erat option vel sit. Accusam at ea diam diam justo invidunt clita sit amet eirmod sit diam dolore sit lorem aliquyam dolor est. Eos rebum in lorem ut tempor duo in sadipscing. Duo no et accumsan lorem consetetur et ut rebum consectetuer et. Amet no et suscipit et amet et et lorem est lorem gubergren. Elitr ea kasd nulla sed labore hendrerit duo justo. Sed in labore sed. Luptatum sed ea aliquip. Ea sit elit sea kasd. Et dolor diam vero erat kasd sanctus diam clita. Dolor diam nonumy dolores sed hendrerit dolore ipsum. Clita dolore vero vero consequat nonumy nulla. Et diam aliquyam eos sea diam et. No elitr voluptua eleifend duo lorem vero et amet delenit nobis sadipscing ipsum dolores autem. Adipiscing dolore ipsum takimata et sed clita nonumy accusam amet ea. Et soluta consetetur no dolor dolores consequat dolor lorem dolores sed consetetur no sea erat.\nEa gubergren ut invidunt duo. Ea amet rebum sed illum vel tempor dolor sit ut. Et tincidunt ut. Vero diam ea ipsum eos rebum duis eirmod commodo erat lorem tincidunt invidunt vero nonumy. Amet eu elitr. Nulla velit at sanctus amet qui aliquam. Sea dolores vero et rebum sit sed vero in nonumy quis duis luptatum dolore amet iriure feugiat justo.\n",
        "publishDate": "2023-06-19T17:17:07.2034817+00:00"
    },
    {
        "id": 185,
        "title": "Book 185",
        "description": "Stet eirmod dolor invidunt adipiscing sea facer vel sanctus no eos est no. Ipsum elit feugait ipsum delenit sit duo luptatum. Sanctus diam enim aliquyam et diam nobis quod aliquyam labore ea. Magna accusam facilisi vel est consetetur vero amet illum diam sanctus tempor sea erat lorem. Et vero illum est ipsum dolore. Amet et erat. Amet dolore molestie ut accusam sed sit diam quis tempor quis. Takimata no et consetetur dolores labore nulla et et tempor duo gubergren. Et aliquyam ea nonumy magna dolore option gubergren iriure aliquyam ut dolor.\n",
        "pageCount": 18500,
        "excerpt": "Sit adipiscing ipsum veniam iriure assum ea diam erat sanctus diam vero. Eros hendrerit stet vero sadipscing at sed nam kasd erat velit dolore id rebum lorem et aliquyam. Dolor in duo adipiscing suscipit aliquyam te. Et exerci ullamcorper labore tempor labore sanctus lorem nonumy blandit euismod est elitr et et sed ut. Veniam dolore dolor at et minim lorem nibh elitr magna sed erat et eum commodo consequat. Lorem sit voluptua vel lorem invidunt amet takimata rebum ipsum vero diam vero vel. Imperdiet no suscipit quis sanctus et in sadipscing tempor et dolore at. Dolor vel invidunt voluptua in tempor hendrerit sed no. Et in sanctus dolores magna eos vero. Ut enim takimata. Quod labore ut minim accusam amet takimata diam ea. Lorem mazim duis facilisis nisl luptatum nonumy molestie ipsum exerci assum ut lorem tempor. Ea et et aliquyam erat nonummy voluptua ipsum elitr voluptua ut placerat at dolore sit odio consequat. Et quis dolore ipsum sed aliquyam takimata gubergren ea diam.\nEos ut dolor ut sanctus vero tempor sea dolores labore eos sed nisl ipsum duo at ipsum lorem. Sanctus sit gubergren dolor amet. Vel aliquyam ea voluptua accusam clita. Soluta erat dolore ex dolor tempor sadipscing eos et gubergren facilisi congue molestie. Erat ullamcorper tempor dolore diam kasd justo velit clita rebum justo magna nulla sadipscing at et est enim. Eum eros hendrerit dolores consequat lorem et. Invidunt eos feugait tempor invidunt sea diam illum nulla quis eos dolore wisi nonumy erat blandit laoreet. Vero imperdiet consectetuer clita clita sanctus diam sed consetetur clita eirmod nonumy blandit dolor eros sit gubergren.\nAmet dolore vero labore elitr invidunt diam option diam. Ea sit vero augue suscipit et elitr eum sadipscing amet eirmod voluptua amet duis ipsum nulla diam amet et. Dolor stet stet. Diam eu aliquyam ad tempor euismod ipsum takimata accusam ipsum sed ea rebum voluptua stet diam ipsum. Eos accusam dolores invidunt eirmod stet. Clita praesent eos nonummy voluptua aliquip ipsum. Elitr velit esse consetetur erat et dolores. Dolore eirmod voluptua volutpat. Ut veniam magna consetetur.\nNonumy sanctus autem sed ad et stet wisi sea. Ipsum autem et voluptua diam et no no dolore vero vero takimata ipsum invidunt magna clita kasd diam. Sanctus sit eu magna clita rebum sed consetetur id consetetur iriure et wisi sea accusam. Clita sadipscing no sed amet ipsum in augue est et dolore nulla clita diam commodo sanctus. Ut ipsum lorem. Aliquyam et clita justo sed rebum ea tempor sea. Ipsum eros dolor et. Nobis odio justo ipsum feugait ut voluptua amet dolore. Kasd dolores eros est aliquyam duo sanctus dolores nobis ipsum tempor ipsum.\nEos nibh sadipscing aliquyam sea labore amet sea exerci rebum invidunt et kasd amet sit. Lorem voluptua aliquyam duo iriure autem tation. Erat exerci elitr te tempor et. Lobortis et volutpat congue dolores hendrerit et eirmod ipsum qui at. Augue ea feugiat ipsum sanctus accusam tempor consetetur clita dolores eirmod. Accumsan et kasd dignissim praesent elitr takimata accusam consequat adipiscing et. Nulla et sed tempor sea eirmod et autem ut diam consetetur duo consequat sanctus invidunt esse. Sed hendrerit diam sed ipsum vero ipsum amet feugait accusam sanctus amet lorem nonumy. Nibh amet placerat et consetetur lorem clita vero ut justo dolores duo voluptua diam vero amet nonumy aliquip dignissim. Elitr aliquip est vel amet feugiat. Amet dolore sed et nobis sit clita velit rebum ea. Doming esse nonummy minim duo eirmod no accumsan eos eos dignissim amet dolor dolore dolores et diam sed feugiat.\n",
        "publishDate": "2023-06-18T17:17:07.2035614+00:00"
    },
    {
        "id": 186,
        "title": "Book 186",
        "description": "Sit sea invidunt elitr sea sit duo duo dolor sanctus no dolore nonumy. Lorem kasd amet eirmod sit duo accusam nulla labore commodo tempor et vel ut ut et kasd lobortis. Hendrerit et vero at velit consetetur tempor aliquyam. No et kasd dolore dolor zzril rebum labore delenit sed. Diam odio esse consetetur iusto est labore lorem et dolores at consetetur aliquam esse delenit gubergren. Vero nisl nonumy rebum eirmod et lorem sit tempor nonumy sit dolores accusam amet et consectetuer tempor et. Facilisis aliquyam blandit wisi diam et rebum est ipsum accusam esse gubergren eu odio dolores no sea nonumy ipsum. Eos dolor voluptua volutpat et odio tempor consetetur. Lorem illum aliquyam accusam id lorem et at tempor stet erat sea feugiat. Nonumy eos stet quis eu lorem placerat duo in erat ea. Diam diam dolor duo hendrerit sit justo eirmod. Nostrud diam eirmod eos in sit ut et diam lorem stet consetetur vero wisi. Dolore elitr facilisis diam consetetur delenit eirmod dolor takimata diam no vel feugiat. Elitr et in diam kasd et est at dolor nonumy lorem nonumy ipsum ut sed consequat. Luptatum et id magna dolor assum sed. Vulputate erat voluptua magna nonumy magna accusam at sit justo. Vero lorem rebum dolore et dolor qui vulputate tempor sanctus dolores accusam gubergren et diam hendrerit sed. Eirmod consetetur amet quis.\n",
        "pageCount": 18600,
        "excerpt": "Et congue consetetur clita sea eleifend rebum vel augue erat. Et sit kasd sed labore. Sit sed ipsum aliquyam et dolore. Est tation nulla sed. Vero sadipscing et sea eum. Duo erat takimata at sanctus hendrerit erat eros ullamcorper amet. Est feugiat sanctus dolor dolores dolor justo eros labore sit et esse sea et et. Sit nonumy stet consequat quod. Ut sadipscing adipiscing nonumy dolor qui clita ea velit feugait elit dolor nobis ea justo sea. Congue rebum eu consetetur diam dolore. Amet sadipscing ut et invidunt ipsum consetetur vel sed dolore et adipiscing sea dolore labore zzril.\nStet nisl dolor gubergren duo sanctus laoreet vero dolore rebum. Gubergren labore ipsum iusto amet nonumy dolore ipsum elitr feugiat. Eleifend sit labore. Consequat tempor lorem dolor sea. Dolore exerci ea rebum duo accusam at et dolores tempor iusto stet et molestie eros diam. Sit odio sed magna nulla amet. Takimata sit gubergren clita eos adipiscing at labore laoreet duo erat at diam sea voluptua wisi sanctus eos no.\nTempor amet duis aliquyam eos stet lorem gubergren tempor dolor sadipscing diam esse takimata praesent. Ad sanctus ad elit molestie sed lorem feugait ipsum molestie et et. Et sea ea sit clita justo lorem dolore dolore sit aliquam vero in dolore illum qui enim dolor sit. Nonumy sanctus et diam velit quis aliquyam dolor ipsum te nisl sit et justo. Ad diam lorem at. Duo ipsum nonummy tincidunt. Sadipscing erat tincidunt. Nonumy nonumy velit et exerci lorem takimata sea aliquam lobortis clita exerci. Facilisis eos dolor eros elitr est et dolores voluptua et voluptua stet no. Zzril tation et enim dolore est eirmod stet accusam duo aliquyam facer vero sit sanctus est in. Ipsum eirmod vulputate nulla ut invidunt dolor takimata. Magna rebum eos sed sit duo nulla no ut facer sadipscing eirmod ea ipsum magna dolores aliquyam.\nMagna velit nulla lorem sea magna duis accusam. Sea et nulla ad accumsan zzril stet ipsum. In quis esse. Ullamcorper nonumy duo dolore sit iriure nonumy. Vero clita nonumy dolores voluptua magna nonumy eu. Velit lorem sit et dolor consectetuer at autem eos ipsum ea et. Nonumy tempor clita sit aliquyam sanctus et et illum lorem magna dolores illum et. Sed delenit voluptua eos lorem consectetuer dolor. Hendrerit te lorem et nostrud labore in elitr ipsum eirmod. Eos dolor et. Nulla labore gubergren accumsan est amet ea. Enim kasd labore et praesent diam amet no est tempor amet accusam vero voluptua ea diam vulputate magna clita. Sed ea eos magna diam tempor dolor vulputate diam vero dolor ut dolore ipsum est ea at amet.\nNonumy mazim ea. Consequat duo clita dolore ex magna et. Velit nonumy diam duo erat erat nulla. Id aliquip ipsum aliquyam diam euismod vero vel in. Lorem elitr consetetur dolore magna aliquip vel imperdiet dolor.\n",
        "publishDate": "2023-06-17T17:17:07.2036647+00:00"
    },
    {
        "id": 187,
        "title": "Book 187",
        "description": "Aliquam et aliquyam diam vero dolore laoreet sed. Consequat dolor dolor takimata eirmod suscipit nonumy labore nonummy sadipscing. Sit gubergren et sed hendrerit ipsum euismod sed takimata dolor. Facilisis et sadipscing at amet takimata sed dolores clita est. Ipsum stet takimata justo invidunt. Sea lorem sit ea gubergren. Dolor gubergren ipsum sit lorem sea at kasd odio ea et velit erat ea rebum voluptua illum consetetur. No nisl tincidunt sanctus.\n",
        "pageCount": 18700,
        "excerpt": "Vulputate erat sed amet elitr amet. Zzril eos hendrerit ea illum euismod elitr sea. Eos tempor ex euismod invidunt consetetur lorem commodo et dolores sea invidunt. Delenit eum molestie sit at nulla nulla tincidunt dolore sed. Ut vero takimata et commodo nostrud sanctus dolor accusam no nibh facer. Autem est consetetur sea labore duo. Quis delenit dolor sed et erat sit dolor dolore erat at eros elitr ut voluptua clita tempor et. Eirmod kasd takimata. Odio ut dolor. Justo vero vulputate. Eum rebum sit sea ipsum eos stet aliquyam et erat gubergren facer elitr dolore. Dolore cum clita sadipscing diam sadipscing labore vel ipsum lorem autem magna elitr ea amet ea accumsan sadipscing. Ipsum clita velit sea sanctus accusam. Gubergren autem sed dolor et vero accumsan magna dolor lorem amet magna. Ipsum sed sit vero lorem sanctus hendrerit nonumy eos sed. Ea imperdiet et clita ullamcorper vero tempor stet molestie molestie dolore tempor et sit accusam et dolore dolore exerci. Ea vero ea et sadipscing diam et.\nCongue invidunt invidunt takimata dolor nobis eirmod ipsum vero sanctus clita eos stet. Stet elit ipsum stet sed sit no dolor sed erat autem ipsum laoreet. Erat justo autem clita et dolore vero ipsum autem dolor voluptua amet labore accusam stet est eleifend. Nostrud ut dolor diam labore delenit eirmod sanctus eirmod. Elitr accumsan kasd ea at eos quod sea elitr enim diam. Et elit eirmod quod tempor. Et eum nonumy sed feugiat lorem ipsum at rebum ipsum zzril labore et delenit elitr dolore. Accusam ut kasd justo kasd dolor sanctus stet dolore aliquyam tempor dolore ex eirmod facilisis nostrud lorem. Quis sea amet sea sea iriure. Sadipscing sed sea sea diam iusto volutpat iriure nonummy amet sea voluptua. Vero aliquyam labore erat lorem sit luptatum consetetur amet enim dolor diam et elitr quis.\nRebum sed et magna amet et sed magna tincidunt luptatum aliquyam facilisi voluptua tation. Ipsum ut amet dolores et in gubergren placerat rebum at rebum te no. Takimata nibh ipsum. Eirmod dolore aliquyam no vero liber at nonumy ipsum sadipscing et sea invidunt et sea illum lorem euismod. Magna sit lorem est liber ipsum autem ut amet eirmod odio volutpat et. Velit eirmod accusam gubergren eros rebum sed elitr tempor sit adipiscing accumsan. Eirmod consetetur sit diam. Dolor dolores vulputate voluptua eos eos ullamcorper takimata amet dolore stet sit labore voluptua clita at justo dolore. Labore sit facilisis amet eirmod. Lorem diam dolor et vero erat hendrerit gubergren in et dignissim amet gubergren sit et erat ut elit sit. Invidunt et vero kasd clita ipsum stet dolores dolore dolor blandit ut commodo. Invidunt consetetur sed elitr elitr erat diam no kasd vulputate sadipscing erat sea luptatum stet ipsum dolore magna lobortis. Eos kasd rebum ut lorem lorem et vulputate consequat.\nLabore sed consetetur consetetur sed lorem elitr lorem sadipscing. Kasd vero dolor duo et amet ea ipsum tempor takimata assum amet vero sadipscing no congue elitr. Facilisi aliquyam ea aliquam nam. Elitr sit consectetuer sanctus invidunt dolor illum sea amet in stet elitr stet dolores accusam exerci sit tempor lorem. Et ipsum est duo invidunt ipsum stet est et ipsum ullamcorper. Dolores magna iriure ea dolore no dolores diam euismod aliquyam est tempor aliquyam dolores invidunt voluptua et amet.\nEirmod sadipscing eirmod nonumy feugiat rebum accusam odio. Nulla sed at erat nonumy vero ea diam euismod diam elitr justo gubergren eirmod dolor. Blandit tempor invidunt clita tempor eirmod labore sit dolor ea at sadipscing et dolore duo. Sit placerat kasd. Dolor in et. Et lobortis gubergren et doming facilisi erat lorem invidunt nulla stet diam invidunt no aliquyam ut. Takimata magna velit lorem facilisi blandit takimata no lorem vero vulputate sed stet sit sadipscing diam sadipscing. Sit eum clita eirmod invidunt hendrerit iusto eos dolore odio ullamcorper. Et kasd justo dolore. No ut consetetur facilisis invidunt ea stet facilisi et kasd at voluptua sea justo nibh sadipscing et erat. Sit duo euismod amet gubergren blandit accusam tempor duo amet et tempor no dolore kasd et stet duis eum. Sadipscing dolore kasd sed erat dolor amet diam ipsum erat dolore. Magna diam consequat voluptua ipsum aliquam commodo sit sit luptatum stet sanctus dolore labore et diam aliquyam ea.\n",
        "publishDate": "2023-06-16T17:17:07.203757+00:00"
    },
    {
        "id": 188,
        "title": "Book 188",
        "description": "Laoreet consequat invidunt ipsum dolore ut et augue dolore erat erat hendrerit. Et clita et et sanctus ea veniam et vel magna sit duo nostrud kasd amet magna. Consetetur dolor et dolor congue eu lorem eirmod illum. Consequat eirmod sit tempor lorem vero eleifend gubergren et vel consetetur et et sanctus amet. Ut suscipit aliquyam stet. Diam amet eos eirmod sit no et accusam rebum dolores sed est magna rebum amet nonumy. Dolor consetetur sea sit et et luptatum. Illum sed takimata exerci lorem stet sea iusto clita magna ut.\n",
        "pageCount": 18800,
        "excerpt": "Dolore ea at justo vero nulla dolore eirmod et sadipscing sit sed velit sit invidunt lorem. Est lorem sed lorem justo justo et amet ea erat consectetuer eu justo minim. Lorem nihil wisi erat lorem nihil ad lorem erat magna. Dolor dolore sed nostrud duo. Ea velit minim ut dolore eum stet vel. Amet minim sadipscing eirmod sanctus lobortis duis dolore duis voluptua. Takimata velit no gubergren dolore sed. Kasd accusam no et et aliquip at erat rebum sit magna dolores. Nisl kasd vel dolor. Autem diam sea et dolores erat aliquyam duo tempor aliquip erat aliquyam aliquyam imperdiet ipsum diam dolor eros eirmod. Eirmod sanctus rebum. Sed duo rebum eu takimata sit. Lorem at gubergren ut. Lorem facilisi erat. Ut invidunt duo sadipscing sit et nibh qui sit dolore sit possim ut.\nNonumy diam consectetuer magna option amet vel at vero et at et erat amet praesent elitr minim nonumy. Sadipscing eu eirmod ipsum et. Sed dolore est congue amet lorem ullamcorper. Ipsum stet kasd sit. Eos sit laoreet amet quod dolores at no nihil elitr facilisis tempor eirmod aliquip. Illum commodo sit est et hendrerit justo eirmod. Vel erat voluptua eirmod aliquam zzril lorem est et dolor et stet hendrerit dolores stet eirmod dolor dolore augue. Voluptua sadipscing takimata dolor lorem hendrerit amet stet at at accusam et no duis. Delenit sed accusam et dolor sadipscing. Erat molestie sit iriure sed magna ut. Voluptua ullamcorper te aliquam ut ex eos ipsum possim labore ea. Ipsum stet no labore est sadipscing dolore lorem diam facilisis kasd ea amet tempor ea ipsum diam eirmod consequat.\nTakimata in labore sed tation amet invidunt vulputate voluptua sit eirmod dolore. No et iriure sit in ipsum assum et diam nibh iriure dolore at rebum esse ipsum. Sit dignissim erat facilisis dolor sed aliquyam voluptua wisi eu stet consetetur dolor consequat eos et accusam dolore. Kasd ut zzril ea. Ea dolores rebum esse elit et ipsum eirmod sit no amet duo qui dolore duo feugait dolore euismod. Amet sit augue et erat aliquam vero tempor velit ipsum sadipscing dolore vel diam dolore voluptua magna nulla. Ea vel ut consequat et sadipscing nihil est dolore sed sadipscing diam labore erat hendrerit et ipsum. Consetetur ut sit duo consequat facilisis clita sea diam ea clita eirmod vel aliquyam sit justo kasd nostrud. Duo stet autem ex dolore rebum sed in dolor feugait.\nTakimata duo tempor dolor placerat elitr imperdiet labore sed stet et et dolore sadipscing sadipscing. Vel eos duis labore diam ea aliquyam dolor. Lorem duo eos tempor ut eos eirmod nonumy ut est accusam augue justo te diam. Tincidunt tincidunt velit ipsum dolore duo nonumy et praesent. Vero gubergren molestie.\nDiam ut consequat tempor vero eos vel est diam ut nulla duis eirmod. Erat erat ipsum. Dignissim labore sed no amet lorem dolore erat lorem esse nonumy praesent et. Dolores eleifend luptatum augue accusam facilisi nisl quis amet justo lorem dolores velit. Sit sit molestie dolores diam possim duo dolor amet. Justo lorem ut iriure. Consetetur et vulputate eu takimata aliquyam sanctus elitr ut sed dolore invidunt gubergren nonumy ut kasd dolore sadipscing diam. Ut sit eos. Et ipsum ea accusam tempor consetetur placerat molestie accumsan dolor dolor. Sea ipsum enim te sed est tempor id et ea takimata aliquyam soluta duo. Sanctus nonumy dolores clita sadipscing elitr lorem rebum esse. Dolores lorem sea.\n",
        "publishDate": "2023-06-15T17:17:07.2038377+00:00"
    },
    {
        "id": 189,
        "title": "Book 189",
        "description": "Stet molestie et takimata. Ipsum ullamcorper accusam amet dolore autem eum et et amet ut molestie justo eros esse dolore. Erat in kasd in. Amet eum clita vel sit gubergren volutpat in aliquyam. Aliquyam commodo labore ea duo ea diam sed. Sed dolore kasd erat no esse option et diam diam exerci diam amet eros feugait. Eum et dolor sit sit ut feugait. Et nibh diam diam accusam luptatum justo justo lorem dolor ut sanctus cum ad volutpat et enim iriure.\n",
        "pageCount": 18900,
        "excerpt": "Aliquyam et duo at augue consectetuer mazim magna eirmod laoreet ad et nonumy est aliquam esse. Sit erat odio et invidunt imperdiet duis kasd sit clita voluptua est ut vero diam consetetur eum. No elitr sanctus accumsan lorem vero no ut nulla commodo sadipscing dolores eos consetetur dolor. Ipsum dolores dolor et at aliquyam sit stet voluptua ut feugiat gubergren tempor ut vero rebum rebum. Dolor elit et. No sed takimata labore eirmod et duo dignissim stet dolore kasd. Lorem facilisi dolor voluptua ad accusam laoreet lorem ipsum aliquyam et praesent minim. Sanctus autem volutpat diam eu et amet feugiat facilisi no gubergren dolor sit dolor eum invidunt tation lorem. Eirmod nihil ad gubergren eirmod sit sadipscing lorem facer aliquam aliquyam diam no diam. Est lorem amet quod. Kasd dolores vero labore consetetur amet eos lorem ut soluta mazim lorem diam dolor feugiat nonummy facilisis eirmod. Sed accumsan sed te sadipscing diam tempor sit at justo nihil sadipscing. Dolores lorem in et vero consectetuer dolores tempor invidunt et zzril tempor magna. Rebum takimata no et. Amet aliquip soluta autem ut diam magna accumsan dolore amet luptatum ipsum dolore gubergren justo. Diam rebum sanctus lorem dolor lorem aliquyam consectetuer invidunt stet iusto clita ea vero consetetur illum dolor diam diam.\nEt ut zzril sadipscing sea ut lorem nulla justo et. Kasd eirmod lobortis et laoreet ut stet autem et. Consetetur ipsum enim duo accusam. Est lorem vero elitr vel et laoreet sanctus erat in consetetur nonumy clita quis. Et sadipscing kasd dolor erat justo consequat sea clita diam amet justo ad erat magna et elitr.\nFeugiat aliquyam eum duis rebum consequat dolores ipsum consequat magna invidunt at eirmod. Velit diam kasd facilisi. Sadipscing et diam amet amet dolor et kasd sanctus diam consectetuer feugait ipsum dolor et sed.\nEa sit justo ad possim diam sed nam et duo tation sadipscing. Nisl eum at consetetur gubergren sed consetetur justo consetetur dolore est feugiat labore ea at accusam et minim. Et accumsan ea tation magna vel voluptua rebum gubergren eirmod ipsum rebum et stet vero erat et diam elitr. Qui sed dolor tempor ea. Ut dolor vero odio invidunt sadipscing et vero voluptua duis. Et amet magna labore magna duis elit elitr dolores sit wisi dolor invidunt sed vel congue ea.\nLaoreet consetetur kasd ut augue hendrerit nonumy doming sit no gubergren dolor invidunt duis diam gubergren et. Voluptua in dolores possim sit eu rebum lorem lorem labore wisi tation nostrud accusam elitr tempor vero. Et sadipscing consequat. Sed dolor sadipscing dolore sed nisl sed amet sit sea te accusam. Sadipscing eos dolore ipsum dolor. Voluptua dolor amet aliquyam sed magna eirmod est lorem laoreet amet amet diam nostrud ut dolor ea duis rebum. Euismod no lorem et nam amet. Magna ipsum ea sed sit feugait est te odio eos et ea sit et congue aliquyam. Sit eu dolore kasd vero minim sea est ut in diam duo illum amet. Sed diam ut sanctus duo adipiscing lorem vel et lorem veniam. Sadipscing dolor clita ipsum. Vel in diam vero nihil no dolore dolor nulla odio kasd eirmod dolor quod et sed vel.\n",
        "publishDate": "2023-06-14T17:17:07.2039107+00:00"
    },
    {
        "id": 190,
        "title": "Book 190",
        "description": "Rebum in clita et dolor dolor. Stet gubergren sanctus ipsum takimata eos tempor ipsum eirmod sea et erat lorem gubergren praesent et. At eirmod dolore accusam at mazim dolor magna. Labore sanctus tation vel at nonumy voluptua amet sit aliquyam doming feugiat dolore eirmod dolores lorem est ipsum. Aliquyam sanctus dolor delenit duo.\n",
        "pageCount": 19000,
        "excerpt": "Dolor dolore ea. Tempor no labore ipsum takimata magna vulputate ipsum. Labore placerat est nonummy. Erat dolore clita consectetuer magna iusto invidunt sed. Sit erat et. Hendrerit amet labore at clita erat facilisis exerci consequat amet. Ea invidunt sadipscing invidunt ea iusto facilisi dolor eum voluptua nonumy lorem nihil imperdiet dolor hendrerit et. Duo dolore te at. Clita laoreet ipsum sadipscing aliquyam voluptua ipsum diam gubergren accusam sed ut sit. Labore stet ipsum minim lorem nonumy sed ea clita sanctus dolor gubergren est no. Enim clita mazim vulputate facilisis vero stet. Ipsum sed elitr id amet congue dolores lorem tation et nonumy consequat. Elit in sed.\nEt gubergren veniam sit et lorem vulputate elitr. Diam consequat sit sit sed et ut. Ut sed rebum ipsum sit. Dolor dignissim tempor diam facer accumsan labore. Dolores velit et. Accusam lorem dolor vero accusam et nonummy accusam nonumy volutpat wisi est est minim. Consetetur lorem erat est no justo diam no vel dolores at. Praesent sea ipsum justo tincidunt erat tempor erat duis dolore kasd dolore id aliquyam magna velit. Sanctus et accusam at sit diam esse eos amet. Dolores vulputate augue sea sed feugait dignissim no stet liber lorem diam consetetur dolores ipsum labore elitr. Et aliquyam assum velit sea lorem nonumy dolores sanctus sadipscing sanctus ex rebum. Dolore et in dolor ipsum nostrud et magna eos aliquyam duo justo tempor ea nisl. Vero kasd magna aliquyam vel esse. Euismod magna et in euismod dolor sea iusto sed. Tempor dolores diam duis eirmod invidunt. Justo in voluptua no ut velit tempor invidunt. Dolor zzril consetetur tempor cum veniam invidunt feugait.\nVoluptua at augue. Nonummy takimata accumsan sit dolore rebum eu sadipscing sea vero ipsum sanctus rebum et molestie eos sadipscing consequat rebum. Amet nibh vero facer eirmod. Lorem consequat dolor facilisis gubergren hendrerit te kasd feugait ut dolor clita tempor quis. Sea elitr assum ut eum dolore sit voluptua molestie et vero clita luptatum erat dolor rebum. Vero takimata amet elitr sed dolore veniam sed magna dolor takimata lorem voluptua delenit dolores erat.\nEt nonumy accusam. Stet doming veniam ea nam est nulla consetetur eirmod nulla. Nulla lorem aliquyam diam at dolores gubergren vero tempor lorem aliquyam sit diam eum sanctus takimata. Tempor tempor congue at et eu amet tempor amet voluptua amet consetetur nonumy tempor. Et gubergren erat doming tempor feugait justo at stet ea. Kasd luptatum duis molestie. Amet ipsum duo takimata clita kasd stet duo facer aliquip. At sed ea.\nStet elitr delenit dolores dolor facilisis esse. Vel clita esse gubergren amet accusam at takimata ea. Consetetur sit tempor nonumy voluptua et autem gubergren est eu qui ipsum. Ipsum sit ipsum dolor vero sit et ea accusam no vulputate gubergren labore. Ipsum eos justo voluptua commodo no sit et justo facilisis. Esse nibh dolor at accumsan. Amet erat augue eirmod amet. Vero dignissim sanctus luptatum diam vero tempor wisi invidunt elitr eum nulla tempor invidunt facilisi. Sanctus ea diam nulla mazim aliquyam sea sadipscing ea sed dolore tempor placerat tation ut sanctus in rebum.\n",
        "publishDate": "2023-06-13T17:17:07.2039837+00:00"
    },
    {
        "id": 191,
        "title": "Book 191",
        "description": "Aliquyam dolore sanctus sit eu kasd dolore sadipscing erat et ipsum sit ea sadipscing. Vel gubergren veniam consectetuer consetetur erat stet luptatum kasd sed amet diam. Suscipit dolor lorem vero elitr ut sanctus minim erat magna ipsum. Magna ea ad consetetur id minim iusto delenit dolore. Nulla clita rebum ipsum gubergren et kasd dolores est luptatum labore ut eirmod takimata dolores et dolore stet invidunt. Voluptua feugiat minim est. Dolore volutpat nisl. Ipsum kasd dolor sit consequat eros in gubergren eirmod.\n",
        "pageCount": 19100,
        "excerpt": "Commodo tempor voluptua amet clita eos sed takimata. Ipsum et no vero erat dolore clita rebum gubergren diam diam elit nonumy ex laoreet est est stet. Nonummy at clita placerat sanctus dolor et diam soluta lorem et diam sanctus kasd. Accusam ea ut volutpat rebum et at dolor sit ut. Vero stet est invidunt sit at kasd amet consetetur sit. Nostrud laoreet ipsum. Tation blandit ea praesent eleifend accusam voluptua laoreet erat consetetur volutpat vel lorem sadipscing diam clita ea voluptua takimata. Est dolores et lorem amet nulla sanctus duo nulla sadipscing sanctus aliquyam voluptua. Sanctus iusto ipsum et. Tincidunt amet molestie. At feugait vulputate. Takimata lorem nonumy tincidunt molestie veniam voluptua no no et kasd et invidunt et nonumy sit qui in lorem. Ipsum eirmod erat delenit dolor no rebum erat justo sea dolor.\nBlandit ipsum rebum placerat zzril diam duo magna hendrerit ea et invidunt aliquip magna. Illum laoreet sed sanctus justo sadipscing. Justo ex no ut at. Et sed sit erat eu ullamcorper duo dolores at ut est. Diam sit diam facilisi ipsum vero aliquam sed accusam diam kasd duo ut id ipsum lorem aliquyam erat. Vero et et sea consectetuer rebum dolor nonumy consetetur stet no takimata ipsum tempor sea commodo. Iriure clita ullamcorper eu. Sit aliquyam lorem vel et amet eos lorem dolor esse sit elitr magna et nam sadipscing dolor. Laoreet ullamcorper euismod ea kasd et takimata ea te sit sea magna dolores et praesent. Molestie dolor te nonumy elit. Dolore suscipit duis et kasd consetetur voluptua et elitr. Ipsum labore aliquyam diam consequat illum amet et eos justo ut.\nEt et takimata accumsan ea stet dolores sed consequat feugiat aliquyam vero et dolores diam et rebum at. Lorem gubergren vero labore elitr dolor labore takimata dolor euismod adipiscing minim. Est zzril et ut laoreet accusam takimata clita at duo eirmod. Amet volutpat amet no illum consetetur sea no zzril et gubergren ut molestie enim dolor ea vero. Est ea eirmod ipsum aliquam. Gubergren lorem wisi consetetur accusam facer aliquyam sed hendrerit aliquyam elitr et consequat voluptua assum. In ipsum clita dolore eirmod. Autem sea ipsum et accumsan sea rebum et ipsum. Dolor ex sit vero gubergren dolore tempor no sadipscing et duo sanctus et illum amet magna. Lorem at dolor vulputate ipsum invidunt lobortis sed tation in sit et et diam. Dolore sadipscing ex et erat kasd dolore sadipscing et molestie diam takimata sed takimata aliquip. At sadipscing amet iriure dolor vel iriure dolore ad takimata invidunt erat sadipscing. Elitr et ea erat vero. Diam et aliquip ut consequat dolore invidunt tempor dolor erat dolore dolores. Amet est et diam eleifend stet ut justo accusam in facer quod sanctus sit takimata amet ipsum elitr elitr. At augue feugiat eros. Ipsum ea dolore sanctus tempor sit euismod justo minim consetetur liber ut.\nDolore magna gubergren takimata diam kasd sed at dolore kasd. Consetetur eirmod nostrud sit magna suscipit diam. Ad dolor est. Rebum et lorem ea accumsan nostrud sanctus sit sadipscing nostrud sed. Consetetur et accusam ex rebum consequat sed labore amet nulla sadipscing duis dolores ipsum diam facilisi in lobortis. Magna diam et amet eos eos sit invidunt quis at sea dolore ex euismod lorem at duis elit. Labore aliquyam dolore et facilisi aliquip in nulla ipsum et aliquyam duo no takimata.\nDolore erat lorem ipsum nulla duo ut clita no elitr rebum takimata duo vel stet. Eos dolores stet dolore lorem at eros stet et delenit ipsum magna sed vulputate ipsum consetetur nonumy rebum labore. Erat sit duo amet quis lorem tation feugiat sit dolor suscipit magna gubergren ipsum autem. Invidunt dolores te vulputate et sed duis clita justo est commodo. Euismod eirmod justo et dolor labore erat eos congue accusam invidunt eirmod ea gubergren et rebum sanctus ipsum et. No aliquip takimata et dignissim nulla. Lorem invidunt sanctus aliquyam sadipscing. In tempor eirmod amet. Erat sed sit et stet rebum aliquyam nam at te et sit est dolor labore. Vulputate vero aliquyam et ea vero elitr. Tempor mazim te consetetur tempor no eos kasd zzril ut facilisi nibh laoreet sed facilisi kasd sed. Ut amet accusam justo sit sed sea tempor dolores rebum justo ipsum commodo est et sed vel. Iusto tempor et dolores dolor magna tempor ea amet dolor sed ipsum amet.\n",
        "publishDate": "2023-06-12T17:17:07.2095871+00:00"
    },
    {
        "id": 192,
        "title": "Book 192",
        "description": "Lobortis dolor eros diam tempor iriure eu ut sit et gubergren elitr kasd. Soluta sit consetetur sed diam tation est clita adipiscing commodo autem dolore ea et eirmod no duo diam sit. Dolor adipiscing placerat ea et sit nonumy dolor justo quis sed ea. Kasd sea tempor dolores nulla rebum elit labore nulla takimata sit ipsum est tincidunt ea magna. Takimata rebum sea. Sanctus et lorem erat sed diam volutpat tempor kasd at tation sit vero. Sanctus kasd elitr amet enim esse amet eos vulputate et ut. Eirmod nostrud accusam diam ipsum diam takimata stet no nonumy et eirmod luptatum hendrerit stet dolor. Luptatum velit zzril magna gubergren in justo amet clita rebum vulputate sit dolor kasd quod. Vel dolor no et ut et facilisis sadipscing consetetur no vel exerci. Diam voluptua eros ipsum sea sea placerat amet ipsum amet ea sit vero. Vel et esse sea et sed at duo in lorem ea magna id consetetur odio est dolor no. Magna nobis nonumy kasd sadipscing consetetur vero ipsum adipiscing duo sea consetetur. At aliquyam ipsum vero no sit nostrud nulla stet te cum iusto. Kasd eu dolor ipsum sadipscing elitr takimata in magna tation sadipscing gubergren elitr autem lorem at consetetur. Et gubergren justo est augue sit commodo autem dolor. Lorem duo sed invidunt vero est eos quis accumsan labore at ea clita. Erat dolor est. Duo dolore erat dignissim justo diam accusam at ipsum sanctus justo sit lorem ut sed veniam in clita.\n",
        "pageCount": 19200,
        "excerpt": "Consequat et esse takimata clita iriure erat et nulla amet doming et sed et vero. Dolor aliquyam ea dolor duis diam ut elitr. Eos duo sea eos no sit et at ipsum clita ipsum. In duo mazim eum invidunt. Diam facilisis dolor nostrud esse nonumy tempor at veniam diam enim et sadipscing diam sadipscing ea stet. Et kasd ea consetetur erat sit sadipscing accusam sed ipsum amet nonummy in nonumy facilisis. At adipiscing id sed dolore justo aliquyam et nonumy ut eu elitr invidunt. Nonummy et est magna amet et eos. Sit sit et rebum sed feugiat magna magna sed sed kasd dolor sed kasd. Lorem erat amet ea magna nonumy diam adipiscing ut ut amet accusam vulputate no. Consetetur est dolor voluptua aliquyam no amet velit te et sit sea at et.\nNobis feugiat stet est ut consetetur erat sed amet eos sit feugiat sed vero nonumy. Dolor delenit ea takimata amet ut minim sed amet elitr diam consetetur. Magna lorem wisi vero vel labore nulla dolores ipsum vero amet in facilisis eu sed feugait ex sanctus dolore. Exerci dolor erat velit laoreet dolores et amet in est sadipscing lorem labore kasd dolor eos. Takimata sadipscing consetetur congue amet eirmod takimata zzril et diam. No invidunt wisi invidunt takimata vel facer nibh et. Dolor justo duo exerci gubergren autem illum. Consetetur dolor labore gubergren nonumy duis rebum nam. Dolor commodo velit sea invidunt sed adipiscing ullamcorper. Takimata sea et molestie. Dolor ipsum sed nonumy et diam. Ut sea diam labore eirmod tempor illum elitr diam et et clita rebum sed dolore lorem blandit eum. Suscipit lorem lobortis.\nLabore vulputate vel eu stet amet elitr labore aliquyam vero kasd diam. Ut dolores sed clita volutpat elitr. Ut kasd tincidunt veniam justo ut erat eros vel et sed lorem ut accusam aliquam. Ut ipsum clita et clita ut sanctus lobortis et elitr odio amet sit. Nulla amet dolor labore diam eos. Accusam clita diam dolores duis lorem elitr invidunt clita sanctus vero esse duo consectetuer gubergren dignissim et feugiat. Est et dolor sed sit labore magna ut rebum at ipsum sit magna. Sit soluta diam et lorem dolor et autem justo est tempor dolor nam sed lorem ipsum facilisis. Dolore takimata duo ipsum amet labore eirmod et justo soluta consetetur veniam no. Eum vero consectetuer et liber autem consequat erat sit takimata sit lorem laoreet lorem sit tempor invidunt amet. Duis amet at dolore et elitr nonumy labore tempor clita congue velit et eum et. Sed ut ea clita dolor esse diam velit. Sit in sed ut et illum minim sed magna erat sadipscing erat dolore ut at.\nEleifend aliquam sit ipsum consetetur no hendrerit. Duo erat et tempor dolores vero dolores invidunt duo vero sit gubergren lorem et lorem et eros sed. Diam est dolor kasd sed clita et et sea tempor et invidunt. Ut justo dolore tempor dolore diam stet sanctus at eos vel eum at. Rebum labore et justo at ea hendrerit ipsum kasd labore ut aliquyam voluptua. Dolor gubergren lorem feugait eirmod tempor sed magna quis stet et consequat delenit sed. Sanctus eu consectetuer ea vulputate dolor accusam magna sit lorem et vulputate amet sea labore. Aliquyam ea consequat tempor et lorem velit voluptua iusto aliquyam et odio takimata feugiat diam justo. Sanctus est magna dolores rebum lorem dolore aliquyam lorem dolore no. Eum gubergren eos rebum consetetur voluptua nisl duo mazim eos nulla no rebum consetetur. Duo sit luptatum ex gubergren aliquam consetetur kasd ipsum id labore. Consetetur wisi et nulla sit. Lorem gubergren et. Et clita diam dolor dolor et sea magna aliquyam dolor dignissim in consectetuer aliquyam esse dolor lorem magna.\nAccusam et gubergren nostrud. Dignissim justo consectetuer at erat quis. Sed sea no lorem dolor facilisis dolor labore tempor vulputate facilisis dolore sit dolor dolore feugait sea. Magna vero facilisi et justo est ipsum nulla accumsan minim ipsum takimata est sit kasd dignissim et at accusam. Lorem dolor congue ea diam ea sed sed rebum et esse consetetur sadipscing accusam. Invidunt clita tempor ut et. Ad sit dignissim ea sit adipiscing sed hendrerit id luptatum sea et tincidunt est. Quod eros tation at magna vero ut ea sed in. Nisl ipsum at no lorem diam eu sit dolores velit sed erat vel commodo. Et et gubergren sit ut diam gubergren sed sadipscing ut delenit gubergren sea feugiat. Invidunt mazim nibh dolore magna et rebum ut soluta ea sanctus tincidunt tempor dolores zzril. Accusam dolor duo dolor zzril est. Et gubergren tempor diam dolore takimata duo erat ullamcorper placerat ut ea lorem labore duo gubergren.\n",
        "publishDate": "2023-06-11T17:17:07.2099122+00:00"
    },
    {
        "id": 193,
        "title": "Book 193",
        "description": "Ipsum facilisis sed rebum stet nonumy elitr sit eos elitr duo nonumy et consectetuer. Kasd lorem accumsan consetetur ipsum dolore erat labore eos dolore et ipsum eirmod kasd nostrud lorem kasd. Sea clita ipsum lorem elitr aliquyam sed nisl justo duo et erat magna. Labore dolore consetetur dolores consetetur justo aliquam sit vero sadipscing esse luptatum aliquyam sadipscing no. Adipiscing nonumy eos takimata duo tincidunt blandit takimata stet minim ipsum stet rebum at nibh id nonummy qui. Clita dolores hendrerit no nonumy. Stet accusam sanctus amet et amet elit autem. Dolor dolor est facilisis aliquyam. Justo odio lorem consequat invidunt consetetur et eum.\n",
        "pageCount": 19300,
        "excerpt": "Invidunt kasd no magna labore nonumy erat ut rebum ut blandit eum takimata et clita eirmod. Consetetur at velit. Et eirmod vero sadipscing aliquyam ipsum consetetur dolor duo. Gubergren justo nonumy. Aliquyam no lorem et stet. Accusam duis gubergren voluptua takimata autem.\nDolore et diam volutpat diam facilisi justo eos sit tempor. Invidunt consequat labore veniam suscipit mazim sea justo amet. Erat sit veniam stet dolores qui. At dolore invidunt feugiat accusam magna et sadipscing accumsan exerci sit ea duo et. Clita nonumy sed tempor invidunt ut aliquam dolor dolore facilisis dolores vel ipsum iusto erat nulla. Tempor ex feugiat dolor sit takimata dolore dolor rebum laoreet ut ut clita lorem minim suscipit lorem ut. Et aliquyam eu amet consetetur aliquyam lorem invidunt cum elitr sit assum dolore lorem ipsum minim. Magna voluptua facilisis accusam erat diam eos vel esse dolores odio sadipscing tempor vero ipsum sit. Invidunt erat vero diam ut eos dolor odio. Est vel et takimata ut no voluptua ea labore praesent dolor eum sanctus diam ullamcorper dolores hendrerit illum gubergren. Et justo dolor hendrerit ea dolor eos eirmod sit eos lorem et zzril lorem ut diam ea sed. Kasd dolores est nonumy lorem lorem amet labore justo delenit et iriure ullamcorper aliquyam exerci sed. Stet gubergren sadipscing nostrud invidunt tempor aliquam elit duo rebum magna takimata est.\nAutem labore ullamcorper sed te veniam ipsum sea ea kasd ut sea vel. Tation ipsum eirmod. Molestie vel nonumy justo et at erat est vero magna labore et. Labore amet labore consetetur gubergren hendrerit illum eos ipsum gubergren nobis erat lorem dolore commodo. Option kasd clita elitr dolor esse consectetuer ipsum consetetur veniam diam lorem accusam eirmod et eos consetetur amet esse. Kasd invidunt ipsum eu et clita iriure sanctus nam feugait ullamcorper tation autem magna sed justo eos. Justo augue congue et. Lorem kasd adipiscing. Commodo diam in sit ipsum amet. Feugiat stet stet dolor assum aliquyam no rebum laoreet lorem sit vero ea no. Dolor vel amet ea et vero vulputate tempor ipsum volutpat molestie doming sed duo sed nulla eros lobortis elitr. Eu takimata est sea magna dignissim ut erat facilisis.\nAmet nulla in dolor sadipscing wisi soluta. Augue sed tempor. Labore et cum feugiat dolor stet nonummy. Sit diam eum sit sit eum elitr laoreet dolor sadipscing veniam sed sit eum sanctus dolor suscipit ea. Nonumy no euismod at hendrerit aliquyam at accusam. Accusam nonumy accusam amet labore et eirmod et et erat. Magna laoreet diam voluptua diam commodo invidunt duis nonumy eu luptatum amet illum erat sanctus dolores est duo. Sea ipsum et et liber. Laoreet sit takimata sed mazim labore esse sed no justo et kasd duo et amet ipsum et. Clita eirmod at. Tempor sanctus sanctus et est dolore eirmod invidunt ut diam accusam autem. Invidunt nihil dolore enim id stet. Aliquam nonumy mazim. Tempor sadipscing facilisi aliquam erat in sea dolores. Rebum at sit eos diam aliquyam sed eirmod sed ea sadipscing at. Nostrud elitr sanctus nonumy vulputate dolor et dolor vel ipsum qui ipsum sed clita dolore. Sanctus sed magna nonumy aliquyam amet diam aliquip lorem diam nulla sanctus. Magna voluptua option te illum.\nDolore in invidunt et voluptua dolore. Sed gubergren ipsum dolore justo eleifend aliquam labore velit clita invidunt vero et et. Vero amet accusam justo dolor in voluptua est in dolor nulla voluptua commodo. Iusto no dolor tincidunt sea lorem sed iriure. Kasd invidunt no erat ut vulputate vero te eum ipsum nulla. Sed dolor at. Eos sit et amet eos gubergren dolore. Diam dolor lorem facilisi erat vel dolores et stet quis gubergren amet velit sea erat amet illum amet diam. Vero zzril illum. Accusam vel molestie ipsum justo ex eos dignissim illum tempor sadipscing rebum molestie dolores diam eos dolore erat.\n",
        "publishDate": "2023-06-10T17:17:07.2100051+00:00"
    },
    {
        "id": 194,
        "title": "Book 194",
        "description": "Elitr et lorem luptatum sanctus lobortis consetetur vero nostrud duis dolor. Dolor sit sit consequat dolor justo rebum diam ea. Sed consequat ea ea invidunt duo accumsan et sit sed kasd ut ea quis in. Elitr molestie sanctus voluptua takimata tempor justo. Tation assum amet vero dolores stet et takimata magna dolores sit invidunt dolor. Dolor voluptua consectetuer no et justo exerci.\n",
        "pageCount": 19400,
        "excerpt": "Sed elitr dolor. Erat et accusam. Hendrerit ipsum gubergren et sed labore et lorem labore stet lorem lorem lorem accumsan. Labore duo dolore aliquyam veniam exerci et lorem vero takimata facilisi vero illum. Ut tempor ex at sit consetetur eirmod in eirmod cum elitr lorem magna magna sanctus eos rebum magna ipsum. Aliquyam exerci feugiat duis sed dolore magna sadipscing et. At eum tempor clita lorem voluptua et erat amet zzril diam nulla.\nEirmod dolor illum diam congue lorem consetetur ut odio. Sea sed tincidunt est dolor. In amet nulla et feugiat. Kasd justo dolore erat justo ut dolores et et odio feugiat labore.\nSadipscing et rebum erat et dolores diam diam lorem facilisis. Duo dolore magna eos gubergren vel eos justo in ut sanctus no blandit. Elitr consetetur amet dolor est tation possim delenit et commodo sit. Augue qui clita ut accusam ea. Vero sit lorem euismod dolor tempor dolor sea ea. Nulla rebum eirmod iriure in aliquyam. Sed vero praesent et magna ipsum dolore et eum erat sanctus et takimata duo dolore stet cum diam. In duis ipsum ipsum cum dolores vulputate stet amet amet vero et. In eirmod et. Luptatum eos clita. Est nisl justo hendrerit nonummy est in elit et dolor cum est sed ullamcorper. Accusam voluptua ea lorem elitr nonumy dolor ipsum eos no tempor.\nBlandit ut wisi iriure sed accusam eirmod sadipscing ipsum nisl et dolore magna ea est. Velit lorem at aliquyam rebum. Et nobis eos odio elitr elitr diam sit sit vel ut vero aliquyam magna sanctus eos dolore accusam kasd. Duo tempor elitr vulputate gubergren at dolore nisl labore kasd iriure.\nLorem clita stet accusam dolor. Elitr laoreet ullamcorper diam dolor takimata. Ut eos ad magna erat hendrerit in. Consetetur cum gubergren. Kasd et minim et stet accusam dolor et dolor ut lorem elitr. Accusam at ea eos. Ipsum facilisis sed et vulputate eirmod diam ipsum takimata amet eu eos. No laoreet esse nibh ea amet takimata consetetur lorem. Lobortis diam kasd invidunt accusam erat nobis dolore et elitr feugiat est nonummy. Eros ut feugiat elitr. Et dolor nonumy nostrud iriure tincidunt et esse no at eos et tempor et dolor voluptua erat erat. Et vero sanctus amet stet feugiat et eos sed feugait lorem magna dolores. Duo dolores consetetur veniam doming labore sadipscing labore clita elitr gubergren et voluptua id eos clita amet eum clita. Et invidunt diam molestie amet dolor facilisis nonumy erat voluptua sanctus clita sanctus dolor molestie dolore no erat. Quis sadipscing ut nibh delenit eos et possim hendrerit amet commodo accumsan. Diam at sadipscing ipsum nonumy in ipsum autem esse tempor accusam ipsum. Sed eos ut eos diam lorem. Consetetur et labore dolore et dolor rebum sanctus voluptua sed nonumy option.\n",
        "publishDate": "2023-06-09T17:17:07.2100693+00:00"
    },
    {
        "id": 195,
        "title": "Book 195",
        "description": "Elitr dolore no sea. Velit diam lorem voluptua est molestie consetetur consetetur et dolor kasd ad sed erat lorem magna. Sed vulputate eos tation diam diam voluptua. Ipsum vulputate labore eirmod ad at ipsum labore vel dolores stet. Sea consequat sit ipsum dolor eos erat gubergren iriure augue est dolore. Vel diam et ut eleifend takimata invidunt ut. Sanctus consetetur in takimata molestie accusam duo kasd minim kasd. Sanctus erat duis nonumy. Sadipscing erat dolor clita. Invidunt ea ut tempor et sit nonumy ipsum dolore nonummy sadipscing takimata adipiscing elitr sea eirmod sit dolor dolor. Voluptua ut sadipscing diam sed at dolor aliquyam quis elitr aliquyam nostrud est possim tempor quod. Ipsum ea accusam nulla et erat labore sed lorem sed magna dolore lobortis dolor dolore. Et aliquyam sit at veniam no consetetur ipsum ea ullamcorper eos dolor option. Elitr lorem vel aliquyam hendrerit sit voluptua ea elitr. Gubergren tempor erat labore. Eos takimata autem lorem. Labore accumsan tempor justo vel stet accusam dolores eum kasd takimata molestie labore dolor lorem.\n",
        "pageCount": 19500,
        "excerpt": "At nonumy autem duo dolore tempor clita et ut et sadipscing sed. Ex dolor dolore et tempor dolor. No et erat aliquyam gubergren no magna ea voluptua. Et ut erat rebum duis voluptua adipiscing ut ipsum tempor at invidunt nihil labore sed diam tincidunt. Kasd est tempor voluptua magna rebum est gubergren gubergren blandit lobortis consetetur takimata feugiat. At enim nulla dolore dolor sit elitr dolore autem diam ea diam nulla duo sit dolor ut ex. Hendrerit sit takimata vulputate lorem magna. Velit sit et clita lorem aliquyam veniam.\nMolestie assum at vulputate eu duo eos gubergren invidunt esse lobortis. Elitr stet ad ipsum exerci accusam sadipscing. Consectetuer velit justo consequat sadipscing aliquyam erat. Duo ut ut dolores luptatum rebum facilisis dolore ipsum et at dignissim nonummy dolor lorem diam dolore dolor ipsum. Dolores no sea no justo et tempor rebum illum dolor consectetuer et nonumy takimata. Consectetuer sit vulputate amet clita suscipit ea aliquam dolor zzril facer labore dolor ut aliquip diam erat dolore zzril. Elitr sea et ad eu facilisis duis vel dolor.\nFeugiat consequat accusam ipsum tempor sadipscing ipsum esse voluptua lorem lobortis no veniam erat illum labore erat. Rebum diam sit elitr vero labore in sea accusam dolor suscipit sadipscing nisl erat accumsan. No consequat eu dolore ipsum ad sadipscing ea est duo ut praesent. Ipsum ipsum elitr dolore erat amet. Et diam imperdiet eirmod. Feugiat accusam vulputate aliquyam et veniam at illum tempor justo voluptua ut aliquyam. Dolore kasd invidunt molestie vulputate ipsum gubergren elitr duo lorem stet nonumy sea labore lorem zzril qui amet nibh. Et erat velit ut accusam takimata aliquyam dolore at et vero takimata tempor at. Rebum magna odio et vero et esse. Quis dolores et labore elitr sit sanctus sit est lorem et. Tempor hendrerit wisi feugiat dolore labore sed lorem ut dolore diam sed invidunt lobortis ut voluptua. Sed et at ipsum et voluptua blandit gubergren nulla accusam dolore sed et sed ut enim sea. Takimata est sanctus diam vulputate et. Erat eirmod imperdiet diam dolor esse luptatum et duo sadipscing ut vel rebum clita ad sit. Vero stet amet takimata ipsum magna est amet facilisis tincidunt sed et. Eirmod magna lorem et elitr tempor eos dignissim erat et ea clita ea rebum lorem.\nDuis nostrud ipsum elitr dolores nostrud voluptua rebum et takimata placerat clita blandit amet. Ut vulputate sanctus ipsum euismod. Et euismod erat kasd at erat wisi. Accusam et accumsan nostrud et erat eirmod. Duo est velit sed ipsum no magna ea dolores gubergren eirmod tation tempor at no te diam doming. Magna vero adipiscing nonumy duis sed praesent amet. Et in lorem dolores.\nAccusam labore eirmod consequat erat kasd nihil nihil doming dolores in lorem no sit sea aliquyam et. Duo facilisi consetetur sanctus. Amet volutpat et rebum diam amet tincidunt eum et elitr minim lorem ut in takimata zzril blandit. Amet invidunt accusam no dolore suscipit enim et tempor justo vero ad clita clita sit. Dolor labore no aliquyam sea ea dolores aliquyam. Vel rebum no blandit sea et sed amet aliquyam. Et kasd euismod elitr. Magna takimata duis ullamcorper vero vero rebum blandit esse nam. Invidunt accusam et sadipscing. Justo ea eos sed aliquyam nostrud consequat vel ipsum sed dolore placerat aliquyam rebum. Sanctus et lorem ea duo lorem sadipscing. Aliquyam gubergren id.\n",
        "publishDate": "2023-06-08T17:17:07.2101597+00:00"
    },
    {
        "id": 196,
        "title": "Book 196",
        "description": "Ut at ullamcorper sit sit dignissim sit dolor accusam ea amet lorem nulla lorem accusam amet mazim et aliquam. Magna lorem ipsum placerat takimata eros in voluptua lorem gubergren dolor ut. Et amet diam. Lobortis sit feugiat sit euismod dolor quis ea sadipscing eum dolor. Possim ut autem et ea dolore lorem voluptua ea nonumy ut sadipscing. Dolor sit accusam ipsum vel voluptua dolor consetetur lorem eirmod exerci erat nonummy. Consectetuer tation facilisis ea sit nonumy hendrerit erat laoreet et stet est nonumy et sit nibh et. Illum possim consectetuer nonumy in sit facilisi eirmod lorem dolore illum. Et exerci liber sit accusam eirmod tation at ipsum. Ut sit hendrerit consequat ut aliquyam.\n",
        "pageCount": 19600,
        "excerpt": "In dolor vulputate. At tempor iusto sadipscing duo laoreet at aliquyam diam sed iriure lorem molestie clita et gubergren. Diam justo sed elitr amet. Eum vel qui labore tincidunt accusam et et eirmod. Consequat et blandit. At accusam magna blandit eos zzril sea takimata dolor clita ea. Takimata diam dolor sed et diam duis dolor elitr. Eos et vel no et amet mazim at labore tempor adipiscing sit at. Eirmod eos amet magna eum vulputate consetetur dolores clita ipsum dolor sadipscing molestie sadipscing. Tincidunt et amet duis dolores nonumy ut. Enim nibh clita consequat at. Clita amet lorem dolor consequat sanctus no sea ea lorem ipsum diam. Takimata adipiscing elit voluptua elitr. Aliquyam nonumy duo justo nonumy hendrerit voluptua. Invidunt eos justo elit et lorem magna takimata. No elitr dolor erat aliquyam et consequat id imperdiet aliquyam vero volutpat tempor et tempor velit illum. Takimata sadipscing autem et sadipscing commodo dolor et invidunt et takimata. Tempor et praesent consectetuer accusam et. Diam sed aliquyam diam vero quis augue lorem ea amet nonumy ea amet facer.\nEnim dolore consetetur wisi laoreet magna. Stet dolores lorem sit elitr. Amet et feugiat accusam eos nulla et diam accumsan dignissim accumsan sed lorem et iusto. Sit kasd nonumy sanctus no ipsum takimata sed consectetuer justo sit at amet et est accumsan ut no lorem. Et ad eum ipsum sed dolor diam est vulputate diam eos eirmod sanctus lorem et. Elit invidunt magna ipsum eu diam eirmod ad kasd.\nQui lorem ea eos velit sed clita sanctus eirmod. Sed rebum amet clita ipsum diam sadipscing nonummy sea vel ex lorem facilisis erat vel duis. Ad labore dolore sit invidunt suscipit tempor accusam nonumy iusto amet ut gubergren. Clita sanctus kasd diam. Justo volutpat sed. Rebum et ipsum justo amet ea magna erat nonumy sed iriure. Labore ipsum dolor lorem invidunt. Sed stet tempor consetetur erat ipsum sit nonumy veniam dolore nonumy stet hendrerit nulla sit vero amet duo labore. Sadipscing diam diam amet diam. Et ipsum sed aliquyam enim qui ad amet nibh et amet clita.\nEos sanctus et labore eu. Ipsum aliquyam eos consetetur invidunt commodo et justo magna vel dolor dolore dolores esse. Dolor iriure magna et ipsum. Duis invidunt aliquam congue at sed erat magna invidunt dolores et dolore dolor et ipsum lorem labore. Et duo magna rebum no nonumy no lorem dolores takimata aliquyam amet elitr sit no consetetur. Amet clita eum kasd volutpat sea lorem consetetur. Euismod lorem lorem. Enim nonumy gubergren lorem sanctus ut labore. Diam magna esse ipsum kasd eos.\nEros facilisi eos mazim lorem tation sed nonumy. Rebum voluptua euismod justo sed rebum no est sit quis diam sit eirmod velit sed. Sea qui ad elitr diam et ut sit ipsum elitr labore diam facilisi invidunt. Dolor nam accusam kasd no sed erat ut sit nibh adipiscing gubergren nonummy duis voluptua eirmod dolor at et. Lorem sadipscing dolor voluptua velit sed sadipscing vel duis aliquyam magna eos autem. Sadipscing diam dolores erat aliquam et erat blandit amet illum facer. Justo eos sadipscing. Eu labore iriure consetetur tempor aliquam quis sit accusam cum dolore erat justo.\n",
        "publishDate": "2023-06-07T17:17:07.210238+00:00"
    },
    {
        "id": 197,
        "title": "Book 197",
        "description": "Invidunt clita sed lorem lorem accusam et. Erat sanctus et sadipscing illum lobortis laoreet sit in elitr aliquyam eos eu diam lorem sit. Velit accusam elitr ea iusto amet labore aliquyam dolore lorem. Clita justo amet praesent. Takimata rebum praesent et iriure. Gubergren magna ea sadipscing. Nonumy eirmod aliquyam imperdiet elitr kasd. Nonummy vel ea sanctus sed kasd et. Dolores amet esse nonumy justo ipsum stet. Eros vel tempor labore sea dolore consetetur sea eos sed magna consetetur. Dolor et euismod sit eirmod dolore magna sed at et vero stet et no. Voluptua sed mazim dolor diam molestie nonumy dolor accusam vero sanctus et sanctus nonumy aliquyam duis magna te est. Accumsan consetetur magna magna et magna consetetur ipsum laoreet diam et eros soluta labore labore nisl est suscipit. Sed consectetuer tincidunt tation sea illum sanctus at sanctus vel sed consetetur invidunt iriure consetetur clita eirmod diam te. Aliquyam diam diam congue exerci vulputate magna ipsum et diam autem. Facilisi exerci delenit eleifend ut tempor amet aliquam magna vulputate eirmod ut consetetur lorem.\n",
        "pageCount": 19700,
        "excerpt": "Suscipit amet dignissim rebum euismod labore aliquam et tempor at lorem dolores amet et tempor dolor clita tempor. Accumsan dolore stet sit at vero elitr sit velit ut. Lorem accusam invidunt et sed sea praesent dolore autem eos nonumy consetetur ut consetetur liber vel ipsum stet eirmod. Ea sea dolore consetetur labore et consequat takimata hendrerit molestie gubergren ipsum dolores labore facer sed aliquyam sit dolor. Ut est takimata dolore vel tempor. Diam takimata gubergren et tempor et et diam sit eirmod elitr dolore luptatum at gubergren tation kasd sanctus. Diam ut sit nonummy nobis duo et feugait amet kasd ut amet consetetur dolor sed hendrerit adipiscing aliquyam.\nNihil aliquam dolore consetetur diam eirmod et lorem ipsum takimata minim sit voluptua. Dolore et tempor autem sea dolor accusam gubergren. Rebum exerci eirmod ad labore voluptua dolor gubergren feugiat magna gubergren. Laoreet molestie vel in augue ipsum amet iusto tation gubergren ut. Eleifend et et suscipit. Accusam voluptua nulla dolor est justo nobis sit at ut eos aliquam et aliquyam magna et et accusam et.\nNo lorem et eirmod est amet tempor ipsum dolores consequat est sit eos kasd est invidunt eros. Duo sadipscing lorem vero stet diam tempor id. Sadipscing nulla ut amet velit sadipscing voluptua diam lorem esse delenit lorem eos. Aliquam diam consequat molestie aliquam sadipscing in diam erat eos duo nihil illum in sea elitr sadipscing. Nonumy vero amet possim zzril. Wisi lorem aliquyam magna wisi luptatum clita laoreet consetetur facilisis rebum et sed sea consectetuer nobis ipsum et facilisis. Et voluptua gubergren lorem. Minim iriure stet ipsum.\nLabore nostrud amet et ut. Duo facilisis dolore clita amet blandit. In vero rebum ex diam at nibh erat voluptua lorem dolor aliquyam sadipscing voluptua consequat takimata accusam lorem wisi. Diam feugiat mazim no tempor clita et aliquyam nostrud ea erat. Dolor sanctus quis sea vel sed id voluptua ut iriure at dignissim consectetuer et hendrerit et. Ea gubergren no kasd eirmod sed clita sit ut amet at takimata zzril justo. Est rebum dolor eirmod molestie tincidunt nonummy erat iusto mazim erat ipsum. Tempor suscipit et accusam lorem autem diam lorem eirmod voluptua eirmod sed. Nibh at feugait et justo et iusto clita consequat invidunt duo. Est lobortis in illum. Molestie no nulla odio augue ea aliquyam lorem. Dolor veniam euismod dolores. At gubergren labore dolor ipsum eirmod nisl.\nAliquyam imperdiet et molestie aliquip. Quis sed vel iriure nihil takimata sed lorem sed clita sadipscing facilisis amet consetetur duo sea. Dolores ipsum sea consetetur et suscipit takimata sadipscing eos dolor option sed at elitr. Commodo ipsum rebum kasd dolore et in amet et et takimata diam gubergren no qui aliquyam diam. Sed est accumsan sadipscing vero. Lobortis voluptua lorem vero kasd ipsum voluptua ipsum odio dolore magna feugiat magna sea. Justo sed magna mazim vulputate rebum kasd. Gubergren in et feugait sanctus et clita dolore est aliquyam ut accumsan takimata commodo rebum sanctus lorem. Tempor nisl erat nostrud et lorem dolore dolor dolor voluptua sea blandit aliquip ea nonumy clita. Invidunt sed magna et accusam justo at gubergren soluta amet justo ex ut ea tation sanctus eirmod. Stet ut esse et labore diam no aliquyam sadipscing at molestie sadipscing accusam invidunt consetetur aliquam diam sed rebum. Et labore duo duo assum. Rebum veniam kasd clita et duis sit eirmod no sed minim assum consetetur et veniam diam voluptua.\n",
        "publishDate": "2023-06-06T17:17:07.2103261+00:00"
    },
    {
        "id": 198,
        "title": "Book 198",
        "description": "No at et nostrud invidunt aliquam consectetuer elitr at sadipscing facilisis adipiscing vel sed magna stet et dolore dolore. No elitr dolore voluptua lorem takimata nisl ut soluta. Sadipscing sea soluta amet aliquyam erat magna dolor sit takimata qui accusam diam. Nonummy erat hendrerit eros dolor et amet euismod diam lorem ea dolores elitr nonumy kasd aliquyam et. Nulla est amet accusam dolore diam dolores amet dolore rebum vulputate.\n",
        "pageCount": 19800,
        "excerpt": "Odio et tempor magna tempor ipsum sit accusam vel elitr ipsum magna eirmod aliquyam aliquyam tempor elitr sed dolores. Et clita et erat at sit dolor sed id labore ea nonumy ipsum. Consetetur labore nonumy quod eos ea et ut et clita et vulputate et no tempor. Accumsan laoreet et ipsum nonumy sea consetetur nulla nonumy. Sit consequat amet et gubergren consequat sed diam tempor erat dolore ipsum duo dolor stet stet. Sadipscing dolor ut stet.\nConsetetur kasd sea molestie enim ipsum ea accusam kasd lorem dolore in ut ea takimata et vel kasd. Eos ut et voluptua aliquip et dolore. Justo ut et lorem sed nisl doming sit lorem amet gubergren. Dignissim lorem lobortis accusam euismod ut sed duo dolor dolore et sit sea lorem.\nClita labore vulputate ipsum dolor sea. Aliquip ea et lorem labore takimata ea esse tempor vero ex eos tempor illum. Dolore aliquam dignissim ipsum duis invidunt. Labore sit in elit dolor nonumy. Nonummy nibh in kasd tempor lorem facer kasd stet augue kasd. Gubergren volutpat dolore takimata.\nDolores eirmod dolor accusam eu eirmod aliquyam aliquyam sea delenit tempor lorem clita stet no sed. Dolores iusto clita dolores feugiat sed est takimata. Velit augue ipsum voluptua dolore. Amet molestie duis est lobortis sanctus no facer ea sea sit at vero rebum kasd sed vero aliquyam. Est ut invidunt. Cum sadipscing zzril ea no. Dolores diam eu et ipsum eirmod invidunt. Ipsum iriure est facilisi dolores nonummy sed velit kasd. Vero dolore ipsum facer eu labore sadipscing lorem voluptua. No stet nonumy elitr amet justo sed aliquyam dolor. At nibh et rebum et sit odio. Duo ut et duo kasd et stet dolor dolore sit. Dolore diam sadipscing clita tempor dolore sed cum stet lobortis.\nAliquyam nonumy ut. Ut lorem dolore et dolor sit iriure. Magna elitr sed. Est accusam dolore tempor accusam dolore rebum sit dolore facilisis et dolore erat sanctus sea sea tempor euismod. Erat voluptua dolor dolor mazim et at voluptua tempor rebum sea sed amet volutpat eirmod vel. Invidunt id doming consetetur ut molestie nonumy. Ex lorem sed exerci lorem amet amet amet vel clita aliquyam ut. Erat sed iriure quis duis sanctus vero in sed amet sed autem et eos kasd aliquyam dolor est aliquam. Nulla elitr nonumy dolor dolore enim exerci eros magna commodo vero no. Et takimata et. Soluta nonummy amet ea. Eos diam sit gubergren accusam erat diam ea facilisis takimata nonumy ipsum takimata tempor sed consetetur vero consetetur iriure. Vero autem diam magna tincidunt diam consequat consetetur magna blandit gubergren et iriure facilisis sit.\n",
        "publishDate": "2023-06-05T17:17:07.2103861+00:00"
    },
    {
        "id": 199,
        "title": "Book 199",
        "description": "At magna vel tempor amet duo praesent stet amet dolores ipsum hendrerit lorem sed sit tempor enim sed. Sed justo duo amet dolor amet labore. Dolor voluptua gubergren diam ut nam sadipscing eu sed dolor sit takimata iriure consetetur justo sed elitr dolore et. Diam elitr dolore at dolores diam quod consequat ut dolor erat voluptua kasd takimata. Molestie sed exerci labore tempor congue eum. Nam iusto et aliquyam et sit diam ipsum ea at in et magna veniam ut kasd elitr stet.\n",
        "pageCount": 19900,
        "excerpt": "Elit commodo ipsum tation tempor et magna amet soluta ipsum duo. Dolore eirmod diam tempor dolor dolor. Labore ipsum lorem ea sit nisl ut magna consetetur. Consequat voluptua vero eirmod. Mazim no ipsum consetetur sadipscing kasd invidunt diam justo ipsum et ipsum erat justo esse autem rebum. Lorem sed amet magna amet aliquip est ipsum quod accusam consetetur est dolore sed et. Nonummy dolores dolores sit lorem amet ea accusam delenit dolores diam vero. Nulla no takimata labore eleifend. Clita in kasd ipsum sit diam diam duo ea. Rebum ea consequat. Accusam velit volutpat aliquyam consetetur accusam est clita eos enim at at magna stet stet sit invidunt ipsum.\nKasd veniam magna dolor dolores commodo zzril vel. Eirmod justo dolor. Adipiscing justo takimata sea sed diam amet molestie illum diam.\nAmet no diam est ipsum amet ullamcorper consetetur diam stet elitr. Sed rebum amet accumsan lorem clita esse eos exerci clita wisi consetetur sanctus labore te delenit. Et sit gubergren gubergren et velit hendrerit. Vero sit elitr te no amet dolore diam esse vel sit. Aliquip in et ipsum erat sea amet minim et duis duo ea gubergren dolores velit sit ea consetetur. Consetetur vero dolor rebum et iriure iusto ea stet. Duo velit dolore. Ex sed stet eos ullamcorper aliquyam sit takimata voluptua accusam sadipscing sanctus nulla duis. Sit ut clita amet eirmod dolor esse cum. Sanctus aliquyam accumsan diam et aliquam et eos. Ut et tempor diam diam tempor dolor eos lorem commodo iriure lorem esse.\nElitr et elitr sanctus sed. Ipsum ea ullamcorper duis esse diam diam et. Facilisis sed elit amet iusto iriure dolores duo nulla. Dolor tincidunt ipsum sed eos consetetur. Nulla sit dolore nisl diam gubergren sed enim. Sed accusam clita veniam dolores.\nVolutpat et possim accumsan sadipscing sed ea in ipsum illum tempor sadipscing no lorem vero sed. Dolores enim et vero sit lorem magna invidunt dolor et et imperdiet euismod. Molestie vero ipsum ea justo dolor volutpat diam soluta est iusto suscipit dolore eos rebum nostrud. Invidunt eos nonumy feugait volutpat vel dolore dolores. Sea justo zzril consetetur lorem ipsum. Ipsum praesent ipsum consetetur wisi est rebum sit voluptua clita dolores. Quis aliquam sed voluptua molestie consetetur aliquyam eos vulputate ullamcorper dolores nonumy clita et sit. Ut consetetur sea vero tincidunt. Sea et consetetur minim sanctus feugiat ut justo eu accumsan blandit et sit justo dolores sadipscing sadipscing amet dolor. Est dolor consequat magna dolore dolor nulla dignissim velit. Laoreet dolor eum duis wisi et magna. Eirmod et eum justo velit sadipscing lorem sit stet consetetur exerci elitr sit exerci lorem magna gubergren consetetur. Delenit ipsum hendrerit lorem takimata dolore dolores invidunt. Ipsum eirmod iusto. Erat consequat duis ut clita invidunt no takimata kasd invidunt et labore no id duo rebum. Ea vulputate est tempor ex.\n",
        "publishDate": "2023-06-04T17:17:07.2104547+00:00"
    },
    {
        "id": 200,
        "title": "Book 200",
        "description": "Erat dolore invidunt et takimata erat vero. Velit kasd stet veniam kasd justo justo eos sit ut ipsum clita dolores. Dolor sanctus luptatum eos. Eirmod et sit takimata eum minim erat sanctus et adipiscing et amet ex gubergren nulla at volutpat. Ex invidunt accusam sit volutpat et sadipscing. Magna labore at diam rebum takimata labore amet sea. Justo nisl dolor ipsum. Augue dolor takimata duis labore et. Consequat amet autem feugait. Et ea placerat ipsum dolor ea lorem magna augue magna nostrud invidunt rebum luptatum nonumy vel et aliquyam. Facilisis aliquip lorem at lorem kasd possim elitr sed nonumy autem stet erat justo no stet dolor et clita. Esse ipsum accusam eirmod feugiat et dignissim ut invidunt et dolores magna sanctus vel erat delenit dolor. Mazim eirmod et in accumsan invidunt. Justo duis consectetuer lobortis blandit no. No stet consetetur.\n",
        "pageCount": 20000,
        "excerpt": "Et feugait aliquyam nostrud est takimata sadipscing erat et. Rebum sadipscing rebum sit eos sadipscing. Dolor sit stet labore takimata nihil lorem nonumy delenit erat at dolore eos elitr sed dolore. Justo et at. Est vel zzril sea rebum amet suscipit nonumy sed diam qui te dignissim eum. Ea dolore in clita consetetur accusam vulputate ullamcorper duo aliquyam consetetur rebum eirmod. Magna voluptua takimata wisi gubergren no. Dolor diam mazim dolor lorem lorem nulla sed accusam dolore et magna sed. Voluptua et accusam ipsum voluptua duis erat consequat diam justo dolore. Sit dolor stet imperdiet erat et dolores dolores duo wisi invidunt no. Odio dolore erat clita sed iriure illum sadipscing duo at justo. Stet et autem.\nAmet iusto lorem aliquip dolores aliquyam sed in sadipscing dolore dolor kasd aliquyam. Diam amet sea justo praesent illum consectetuer blandit duis. At dolores aliquip consetetur te dolores hendrerit. Duis et qui feugiat lorem sadipscing est. Nonummy et ut vel invidunt vel amet dolore erat tation diam euismod dolore volutpat enim ex. Sadipscing tempor amet gubergren esse duo et duo aliquyam clita ullamcorper ipsum no takimata ea ut et. Minim amet delenit at eros et et ea lorem duis ipsum erat sit amet justo lobortis kasd consectetuer nonumy. Elitr dolor hendrerit sed takimata et tation erat accusam nisl et id elit dolore dolor dolores dolor duo. Erat sed tincidunt dolor delenit accusam nulla iriure sanctus labore. Sit ea nonumy invidunt amet erat sanctus ut justo et eu eu consetetur ea ut. Tempor et ipsum dolor sea elitr ut at ea ipsum blandit. Sanctus lorem laoreet dolor illum magna tation ut lorem sadipscing molestie eos kasd veniam amet sed nulla. Facilisis tempor accusam justo hendrerit vero vero eu magna lorem aliquyam adipiscing. Feugiat aliquyam vero sed dolor illum illum ipsum stet takimata sit voluptua duis est at. Delenit elitr no.\nSanctus vel takimata nam no luptatum diam dolores consectetuer. Consetetur congue labore takimata diam nobis consectetuer dolore tation amet ea. Aliquyam aliquyam rebum voluptua esse et hendrerit illum clita.\nDolore dolore vel consequat sed consetetur et nisl. Sit et takimata facilisi eu lorem ipsum takimata et magna labore lorem lorem sea dolores ipsum iriure. Clita facilisis voluptua. Elitr eos clita nulla nisl ad magna elitr vel hendrerit veniam dolores est facilisis adipiscing diam et invidunt. Lorem soluta rebum tempor ipsum magna stet zzril labore ipsum kasd accusam vulputate sanctus sit aliquyam. Consetetur dolor amet nisl eros diam iriure. Et ipsum ipsum no est dolor sit et minim est ut diam. Gubergren sanctus accusam dolor feugiat sadipscing velit et nonumy et gubergren sit clita doming ea feugiat feugiat at exerci. Elit enim enim kasd sanctus aliquyam sit amet ipsum dolor labore facilisis dignissim elit ut amet ut liber consetetur. Sanctus lobortis magna mazim consetetur rebum elitr tincidunt. Stet vel sed lorem exerci tincidunt gubergren ut aliquyam in dolor aliquyam stet accusam exerci sit no et. Eros et lorem gubergren dolore erat rebum voluptua tempor at dolores sadipscing tempor at elitr aliquip ea et. Clita no vel accusam. Erat dolore dolore dolore amet molestie duis stet et erat rebum illum sea odio. At autem ea et lorem aliquyam elit rebum diam tempor dolore clita vero nonumy. Est sit option iriure rebum sanctus exerci et veniam.\nTempor ipsum no nibh iriure aliquyam sed voluptua lorem. Euismod dolore nisl rebum magna dolor dolor vero magna. Iusto sadipscing accumsan vero consectetuer justo stet sed diam dolore at tempor. Magna voluptua sadipscing liber consectetuer facilisis sanctus et dolor diam stet amet facilisis elitr adipiscing labore. Lorem sit no elitr voluptua consetetur magna ut consetetur justo dolores ut molestie dolor te lorem ipsum tempor tempor. Feugait zzril iriure sed no accumsan ipsum dolore clita duo sea amet sea dolore dolore sed facilisi.\n",
        "publishDate": "2023-06-03T17:17:07.2105461+00:00"
    }
]
4th book id --------->4
]]></system-out>
  </testcase>
  <testcase name="test_updateBook" classname="api.test.BookTest" time="0.734">
    <system-out><![CDATA[Random Number in Range: 411
HTTP/1.1 200 OK
Content-Type: application/json; charset=utf-8; v=1.0
Date: Wed, 20 Dec 2023 17:17:31 GMT
Server: Kestrel
Transfer-Encoding: chunked
api-supported-versions: 1.0

{
    "id": 411,
    "title": "Milagros",
    "description": "Reinger",
    "pageCount": 408,
    "excerpt": "val.windler@hotmail.com",
    "publishDate": "2024-05-06T15:02:46.6465312+00:00"
}
]]></system-out>
  </testcase>
  <testcase name="test_getBookingByIds" classname="api.test.RestfulBookerTest" time="2.288">
    <system-out><![CDATA[HTTP/1.1 200 OK
Server: Cowboy
Report-To: {"group":"heroku-nel","max_age":3600,"endpoints":[{"url":"https://nel.heroku.com/reports?ts=1703092654&sid=c46efe9b-d3d2-4a0c-8c76-bfafa16c5add&s=BG5gV8cfc8IMoQir9jDc0tcwR1XKEPz4ayAxErPNVoE%3D"}]}
Reporting-Endpoints: heroku-nel=https://nel.heroku.com/reports?ts=1703092654&sid=c46efe9b-d3d2-4a0c-8c76-bfafa16c5add&s=BG5gV8cfc8IMoQir9jDc0tcwR1XKEPz4ayAxErPNVoE%3D
Nel: {"report_to":"heroku-nel","max_age":3600,"success_fraction":0.005,"failure_fraction":0.05,"response_headers":["Via"]}
Connection: keep-alive
X-Powered-By: Express
Content-Type: application/json; charset=utf-8
Content-Length: 37325
Etag: W/"91cd-Dg2ErRwH20gxnLO69vctqQgx8mg"
Date: Wed, 20 Dec 2023 17:17:34 GMT
Via: 1.1 vegur

[
    {
        "bookingid": 2071
    },
    {
        "bookingid": 1418
    },
    {
        "bookingid": 1928
    },
    {
        "bookingid": 4
    },
    {
        "bookingid": 2693
    },
    {
        "bookingid": 2200
    },
    {
        "bookingid": 1899
    },
    {
        "bookingid": 772
    },
    {
        "bookingid": 2085
    },
    {
        "bookingid": 224
    },
    {
        "bookingid": 1785
    },
    {
        "bookingid": 2793
    },
    {
        "bookingid": 23
    },
    {
        "bookingid": 890
    },
    {
        "bookingid": 1292
    },
    {
        "bookingid": 2809
    },
    {
        "bookingid": 2188
    },
    {
        "bookingid": 1522
    },
    {
        "bookingid": 1891
    },
    {
        "bookingid": 2391
    },
    {
        "bookingid": 1055
    },
    {
        "bookingid": 2000
    },
    {
        "bookingid": 1957
    },
    {
        "bookingid": 48
    },
    {
        "bookingid": 2756
    },
    {
        "bookingid": 2787
    },
    {
        "bookingid": 1554
    },
    {
        "bookingid": 975
    },
    {
        "bookingid": 965
    },
    {
        "bookingid": 217
    },
    {
        "bookingid": 900
    },
    {
        "bookingid": 1621
    },
    {
        "bookingid": 2782
    },
    {
        "bookingid": 338
    },
    {
        "bookingid": 1792
    },
    {
        "bookingid": 2730
    },
    {
        "bookingid": 2117
    },
    {
        "bookingid": 1469
    },
    {
        "bookingid": 1868
    },
    {
        "bookingid": 1180
    },
    {
        "bookingid": 606
    },
    {
        "bookingid": 2525
    },
    {
        "bookingid": 1259
    },
    {
        "bookingid": 2356
    },
    {
        "bookingid": 256
    },
    {
        "bookingid": 2159
    },
    {
        "bookingid": 1234
    },
    {
        "bookingid": 1184
    },
    {
        "bookingid": 2142
    },
    {
        "bookingid": 1051
    },
    {
        "bookingid": 2734
    },
    {
        "bookingid": 2894
    },
    {
        "bookingid": 2172
    },
    {
        "bookingid": 2576
    },
    {
        "bookingid": 2263
    },
    {
        "bookingid": 2273
    },
    {
        "bookingid": 1500
    },
    {
        "bookingid": 2417
    },
    {
        "bookingid": 1523
    },
    {
        "bookingid": 2867
    },
    {
        "bookingid": 2029
    },
    {
        "bookingid": 1765
    },
    {
        "bookingid": 835
    },
    {
        "bookingid": 140
    },
    {
        "bookingid": 480
    },
    {
        "bookingid": 1089
    },
    {
        "bookingid": 696
    },
    {
        "bookingid": 1827
    },
    {
        "bookingid": 1851
    },
    {
        "bookingid": 1571
    },
    {
        "bookingid": 130
    },
    {
        "bookingid": 1013
    },
    {
        "bookingid": 2577
    },
    {
        "bookingid": 2307
    },
    {
        "bookingid": 2397
    },
    {
        "bookingid": 2385
    },
    {
        "bookingid": 2210
    },
    {
        "bookingid": 83
    },
    {
        "bookingid": 948
    },
    {
        "bookingid": 2900
    },
    {
        "bookingid": 2244
    },
    {
        "bookingid": 2641
    },
    {
        "bookingid": 156
    },
    {
        "bookingid": 292
    },
    {
        "bookingid": 2642
    },
    {
        "bookingid": 1319
    },
    {
        "bookingid": 2278
    },
    {
        "bookingid": 2677
    },
    {
        "bookingid": 101
    },
    {
        "bookingid": 822
    },
    {
        "bookingid": 485
    },
    {
        "bookingid": 60
    },
    {
        "bookingid": 1439
    },
    {
        "bookingid": 1973
    },
    {
        "bookingid": 2485
    },
    {
        "bookingid": 2165
    },
    {
        "bookingid": 1080
    },
    {
        "bookingid": 1955
    },
    {
        "bookingid": 2517
    },
    {
        "bookingid": 605
    },
    {
        "bookingid": 1070
    },
    {
        "bookingid": 2723
    },
    {
        "bookingid": 2077
    },
    {
        "bookingid": 2421
    },
    {
        "bookingid": 1764
    },
    {
        "bookingid": 1760
    },
    {
        "bookingid": 579
    },
    {
        "bookingid": 421
    },
    {
        "bookingid": 198
    },
    {
        "bookingid": 2437
    },
    {
        "bookingid": 2467
    },
    {
        "bookingid": 1740
    },
    {
        "bookingid": 368
    },
    {
        "bookingid": 2131
    },
    {
        "bookingid": 2561
    },
    {
        "bookingid": 1182
    },
    {
        "bookingid": 188
    },
    {
        "bookingid": 1753
    },
    {
        "bookingid": 1903
    },
    {
        "bookingid": 1777
    },
    {
        "bookingid": 289
    },
    {
        "bookingid": 1931
    },
    {
        "bookingid": 431
    },
    {
        "bookingid": 914
    },
    {
        "bookingid": 1246
    },
    {
        "bookingid": 1193
    },
    {
        "bookingid": 1831
    },
    {
        "bookingid": 1997
    },
    {
        "bookingid": 1925
    },
    {
        "bookingid": 2628
    },
    {
        "bookingid": 1513
    },
    {
        "bookingid": 813
    },
    {
        "bookingid": 2225
    },
    {
        "bookingid": 2630
    },
    {
        "bookingid": 2585
    },
    {
        "bookingid": 1475
    },
    {
        "bookingid": 1689
    },
    {
        "bookingid": 28
    },
    {
        "bookingid": 1908
    },
    {
        "bookingid": 994
    },
    {
        "bookingid": 1058
    },
    {
        "bookingid": 443
    },
    {
        "bookingid": 307
    },
    {
        "bookingid": 2476
    },
    {
        "bookingid": 2591
    },
    {
        "bookingid": 2160
    },
    {
        "bookingid": 570
    },
    {
        "bookingid": 1002
    },
    {
        "bookingid": 1486
    },
    {
        "bookingid": 39
    },
    {
        "bookingid": 2901
    },
    {
        "bookingid": 345
    },
    {
        "bookingid": 510
    },
    {
        "bookingid": 1040
    },
    {
        "bookingid": 2375
    },
    {
        "bookingid": 2842
    },
    {
        "bookingid": 2336
    },
    {
        "bookingid": 687
    },
    {
        "bookingid": 360
    },
    {
        "bookingid": 2238
    },
    {
        "bookingid": 2317
    },
    {
        "bookingid": 2648
    },
    {
        "bookingid": 1443
    },
    {
        "bookingid": 2019
    },
    {
        "bookingid": 2232
    },
    {
        "bookingid": 229
    },
    {
        "bookingid": 2897
    },
    {
        "bookingid": 2618
    },
    {
        "bookingid": 104
    },
    {
        "bookingid": 1820
    },
    {
        "bookingid": 1240
    },
    {
        "bookingid": 2847
    },
    {
        "bookingid": 428
    },
    {
        "bookingid": 167
    },
    {
        "bookingid": 1149
    },
    {
        "bookingid": 1269
    },
    {
        "bookingid": 1118
    },
    {
        "bookingid": 945
    },
    {
        "bookingid": 2167
    },
    {
        "bookingid": 760
    },
    {
        "bookingid": 1113
    },
    {
        "bookingid": 1127
    },
    {
        "bookingid": 195
    },
    {
        "bookingid": 490
    },
    {
        "bookingid": 1754
    },
    {
        "bookingid": 1103
    },
    {
        "bookingid": 2443
    },
    {
        "bookingid": 1354
    },
    {
        "bookingid": 2393
    },
    {
        "bookingid": 2724
    },
    {
        "bookingid": 2051
    },
    {
        "bookingid": 2498
    },
    {
        "bookingid": 136
    },
    {
        "bookingid": 2547
    },
    {
        "bookingid": 1965
    },
    {
        "bookingid": 524
    },
    {
        "bookingid": 2912
    },
    {
        "bookingid": 1701
    },
    {
        "bookingid": 1074
    },
    {
        "bookingid": 94
    },
    {
        "bookingid": 527
    },
    {
        "bookingid": 1159
    },
    {
        "bookingid": 2903
    },
    {
        "bookingid": 7
    },
    {
        "bookingid": 2459
    },
    {
        "bookingid": 1186
    },
    {
        "bookingid": 733
    },
    {
        "bookingid": 13
    },
    {
        "bookingid": 2301
    },
    {
        "bookingid": 2413
    },
    {
        "bookingid": 1483
    },
    {
        "bookingid": 2396
    },
    {
        "bookingid": 2909
    },
    {
        "bookingid": 2478
    },
    {
        "bookingid": 598
    },
    {
        "bookingid": 201
    },
    {
        "bookingid": 1482
    },
    {
        "bookingid": 929
    },
    {
        "bookingid": 943
    },
    {
        "bookingid": 2469
    },
    {
        "bookingid": 1474
    },
    {
        "bookingid": 725
    },
    {
        "bookingid": 864
    },
    {
        "bookingid": 1578
    },
    {
        "bookingid": 2259
    },
    {
        "bookingid": 2184
    },
    {
        "bookingid": 5
    },
    {
        "bookingid": 2892
    },
    {
        "bookingid": 366
    },
    {
        "bookingid": 1322
    },
    {
        "bookingid": 1983
    },
    {
        "bookingid": 1364
    },
    {
        "bookingid": 423
    },
    {
        "bookingid": 222
    },
    {
        "bookingid": 285
    },
    {
        "bookingid": 2333
    },
    {
        "bookingid": 1959
    },
    {
        "bookingid": 954
    },
    {
        "bookingid": 348
    },
    {
        "bookingid": 1756
    },
    {
        "bookingid": 2658
    },
    {
        "bookingid": 877
    },
    {
        "bookingid": 260
    },
    {
        "bookingid": 507
    },
    {
        "bookingid": 1633
    },
    {
        "bookingid": 520
    },
    {
        "bookingid": 2310
    },
    {
        "bookingid": 1357
    },
    {
        "bookingid": 595
    },
    {
        "bookingid": 1738
    },
    {
        "bookingid": 311
    },
    {
        "bookingid": 2781
    },
    {
        "bookingid": 894
    },
    {
        "bookingid": 984
    },
    {
        "bookingid": 2257
    },
    {
        "bookingid": 2140
    },
    {
        "bookingid": 574
    },
    {
        "bookingid": 838
    },
    {
        "bookingid": 2622
    },
    {
        "bookingid": 186
    },
    {
        "bookingid": 88
    },
    {
        "bookingid": 2312
    },
    {
        "bookingid": 17
    },
    {
        "bookingid": 2535
    },
    {
        "bookingid": 996
    },
    {
        "bookingid": 2251
    },
    {
        "bookingid": 169
    },
    {
        "bookingid": 639
    },
    {
        "bookingid": 2119
    },
    {
        "bookingid": 2904
    },
    {
        "bookingid": 454
    },
    {
        "bookingid": 2590
    },
    {
        "bookingid": 2589
    },
    {
        "bookingid": 551
    },
    {
        "bookingid": 2297
    },
    {
        "bookingid": 291
    },
    {
        "bookingid": 2183
    },
    {
        "bookingid": 2090
    },
    {
        "bookingid": 10
    },
    {
        "bookingid": 659
    },
    {
        "bookingid": 1493
    },
    {
        "bookingid": 1577
    },
    {
        "bookingid": 2464
    },
    {
        "bookingid": 472
    },
    {
        "bookingid": 1641
    },
    {
        "bookingid": 1372
    },
    {
        "bookingid": 854
    },
    {
        "bookingid": 1940
    },
    {
        "bookingid": 432
    },
    {
        "bookingid": 2919
    },
    {
        "bookingid": 2226
    },
    {
        "bookingid": 1037
    },
    {
        "bookingid": 2806
    },
    {
        "bookingid": 1608
    },
    {
        "bookingid": 2177
    },
    {
        "bookingid": 2841
    },
    {
        "bookingid": 2530
    },
    {
        "bookingid": 2668
    },
    {
        "bookingid": 1336
    },
    {
        "bookingid": 2075
    },
    {
        "bookingid": 1230
    },
    {
        "bookingid": 927
    },
    {
        "bookingid": 695
    },
    {
        "bookingid": 2614
    },
    {
        "bookingid": 2846
    },
    {
        "bookingid": 97
    },
    {
        "bookingid": 406
    },
    {
        "bookingid": 610
    },
    {
        "bookingid": 1171
    },
    {
        "bookingid": 1849
    },
    {
        "bookingid": 2634
    },
    {
        "bookingid": 1341
    },
    {
        "bookingid": 2455
    },
    {
        "bookingid": 1888
    },
    {
        "bookingid": 2801
    },
    {
        "bookingid": 1722
    },
    {
        "bookingid": 1015
    },
    {
        "bookingid": 2757
    },
    {
        "bookingid": 1020
    },
    {
        "bookingid": 2199
    },
    {
        "bookingid": 390
    },
    {
        "bookingid": 1376
    },
    {
        "bookingid": 2880
    },
    {
        "bookingid": 2315
    },
    {
        "bookingid": 2665
    },
    {
        "bookingid": 2018
    },
    {
        "bookingid": 863
    },
    {
        "bookingid": 1561
    },
    {
        "bookingid": 391
    },
    {
        "bookingid": 200
    },
    {
        "bookingid": 2825
    },
    {
        "bookingid": 1822
    },
    {
        "bookingid": 627
    },
    {
        "bookingid": 2574
    },
    {
        "bookingid": 2039
    },
    {
        "bookingid": 1626
    },
    {
        "bookingid": 2223
    },
    {
        "bookingid": 2130
    },
    {
        "bookingid": 2410
    },
    {
        "bookingid": 785
    },
    {
        "bookingid": 2424
    },
    {
        "bookingid": 1448
    },
    {
        "bookingid": 1213
    },
    {
        "bookingid": 304
    },
    {
        "bookingid": 562
    },
    {
        "bookingid": 2122
    },
    {
        "bookingid": 119
    },
    {
        "bookingid": 2542
    },
    {
        "bookingid": 2828
    },
    {
        "bookingid": 1334
    },
    {
        "bookingid": 146
    },
    {
        "bookingid": 1228
    },
    {
        "bookingid": 2615
    },
    {
        "bookingid": 2147
    },
    {
        "bookingid": 982
    },
    {
        "bookingid": 1
    },
    {
        "bookingid": 2822
    },
    {
        "bookingid": 2041
    },
    {
        "bookingid": 2636
    },
    {
        "bookingid": 2554
    },
    {
        "bookingid": 500
    },
    {
        "bookingid": 2619
    },
    {
        "bookingid": 2107
    },
    {
        "bookingid": 266
    },
    {
        "bookingid": 1570
    },
    {
        "bookingid": 1255
    },
    {
        "bookingid": 2137
    },
    {
        "bookingid": 2387
    },
    {
        "bookingid": 2629
    },
    {
        "bookingid": 2371
    },
    {
        "bookingid": 1339
    },
    {
        "bookingid": 686
    },
    {
        "bookingid": 1183
    },
    {
        "bookingid": 2093
    },
    {
        "bookingid": 1562
    },
    {
        "bookingid": 934
    },
    {
        "bookingid": 2091
    },
    {
        "bookingid": 1858
    },
    {
        "bookingid": 1865
    },
    {
        "bookingid": 1850
    },
    {
        "bookingid": 2110
    },
    {
        "bookingid": 1772
    },
    {
        "bookingid": 2412
    },
    {
        "bookingid": 2247
    },
    {
        "bookingid": 81
    },
    {
        "bookingid": 486
    },
    {
        "bookingid": 515
    },
    {
        "bookingid": 959
    },
    {
        "bookingid": 2362
    },
    {
        "bookingid": 1583
    },
    {
        "bookingid": 2020
    },
    {
        "bookingid": 2688
    },
    {
        "bookingid": 1787
    },
    {
        "bookingid": 1598
    },
    {
        "bookingid": 673
    },
    {
        "bookingid": 1671
    },
    {
        "bookingid": 2431
    },
    {
        "bookingid": 2520
    },
    {
        "bookingid": 523
    },
    {
        "bookingid": 1253
    },
    {
        "bookingid": 2602
    },
    {
        "bookingid": 403
    },
    {
        "bookingid": 2732
    },
    {
        "bookingid": 2
    },
    {
        "bookingid": 189
    },
    {
        "bookingid": 65
    },
    {
        "bookingid": 1026
    },
    {
        "bookingid": 2481
    },
    {
        "bookingid": 1047
    },
    {
        "bookingid": 2235
    },
    {
        "bookingid": 1733
    },
    {
        "bookingid": 1954
    },
    {
        "bookingid": 142
    },
    {
        "bookingid": 1384
    },
    {
        "bookingid": 1134
    },
    {
        "bookingid": 1933
    },
    {
        "bookingid": 376
    },
    {
        "bookingid": 459
    },
    {
        "bookingid": 2652
    },
    {
        "bookingid": 2877
    },
    {
        "bookingid": 956
    },
    {
        "bookingid": 795
    },
    {
        "bookingid": 577
    },
    {
        "bookingid": 767
    },
    {
        "bookingid": 826
    },
    {
        "bookingid": 1082
    },
    {
        "bookingid": 282
    },
    {
        "bookingid": 1424
    },
    {
        "bookingid": 148
    },
    {
        "bookingid": 357
    },
    {
        "bookingid": 2300
    },
    {
        "bookingid": 47
    },
    {
        "bookingid": 825
    },
    {
        "bookingid": 240
    },
    {
        "bookingid": 1200
    },
    {
        "bookingid": 1795
    },
    {
        "bookingid": 2173
    },
    {
        "bookingid": 1588
    },
    {
        "bookingid": 997
    },
    {
        "bookingid": 2284
    },
    {
        "bookingid": 2448
    },
    {
        "bookingid": 63
    },
    {
        "bookingid": 2233
    },
    {
        "bookingid": 1329
    },
    {
        "bookingid": 1403
    },
    {
        "bookingid": 590
    },
    {
        "bookingid": 1222
    },
    {
        "bookingid": 1999
    },
    {
        "bookingid": 2451
    },
    {
        "bookingid": 869
    },
    {
        "bookingid": 1446
    },
    {
        "bookingid": 9
    },
    {
        "bookingid": 2810
    },
    {
        "bookingid": 484
    },
    {
        "bookingid": 53
    },
    {
        "bookingid": 2355
    },
    {
        "bookingid": 736
    },
    {
        "bookingid": 1076
    },
    {
        "bookingid": 1550
    },
    {
        "bookingid": 259
    },
    {
        "bookingid": 655
    },
    {
        "bookingid": 1090
    },
    {
        "bookingid": 277
    },
    {
        "bookingid": 2288
    },
    {
        "bookingid": 2759
    },
    {
        "bookingid": 2742
    },
    {
        "bookingid": 315
    },
    {
        "bookingid": 2067
    },
    {
        "bookingid": 2824
    },
    {
        "bookingid": 1789
    },
    {
        "bookingid": 988
    },
    {
        "bookingid": 150
    },
    {
        "bookingid": 1652
    },
    {
        "bookingid": 887
    },
    {
        "bookingid": 1494
    },
    {
        "bookingid": 2595
    },
    {
        "bookingid": 1615
    },
    {
        "bookingid": 2581
    },
    {
        "bookingid": 448
    },
    {
        "bookingid": 1321
    },
    {
        "bookingid": 2662
    },
    {
        "bookingid": 811
    },
    {
        "bookingid": 1989
    },
    {
        "bookingid": 1109
    },
    {
        "bookingid": 2096
    },
    {
        "bookingid": 1441
    },
    {
        "bookingid": 676
    },
    {
        "bookingid": 716
    },
    {
        "bookingid": 684
    },
    {
        "bookingid": 2113
    },
    {
        "bookingid": 2745
    },
    {
        "bookingid": 1914
    },
    {
        "bookingid": 1736
    },
    {
        "bookingid": 2545
    },
    {
        "bookingid": 912
    },
    {
        "bookingid": 2429
    },
    {
        "bookingid": 337
    },
    {
        "bookingid": 2003
    },
    {
        "bookingid": 874
    },
    {
        "bookingid": 1672
    },
    {
        "bookingid": 2042
    },
    {
        "bookingid": 583
    },
    {
        "bookingid": 2536
    },
    {
        "bookingid": 643
    },
    {
        "bookingid": 1061
    },
    {
        "bookingid": 1871
    },
    {
        "bookingid": 1227
    },
    {
        "bookingid": 2035
    },
    {
        "bookingid": 396
    },
    {
        "bookingid": 1191
    },
    {
        "bookingid": 2833
    },
    {
        "bookingid": 2343
    },
    {
        "bookingid": 343
    },
    {
        "bookingid": 1088
    },
    {
        "bookingid": 1367
    },
    {
        "bookingid": 2858
    },
    {
        "bookingid": 2118
    },
    {
        "bookingid": 445
    },
    {
        "bookingid": 1371
    },
    {
        "bookingid": 2711
    },
    {
        "bookingid": 1132
    },
    {
        "bookingid": 620
    },
    {
        "bookingid": 2384
    },
    {
        "bookingid": 1844
    },
    {
        "bookingid": 653
    },
    {
        "bookingid": 1969
    },
    {
        "bookingid": 958
    },
    {
        "bookingid": 1913
    },
    {
        "bookingid": 352
    },
    {
        "bookingid": 174
    },
    {
        "bookingid": 90
    },
    {
        "bookingid": 1000
    },
    {
        "bookingid": 576
    },
    {
        "bookingid": 2855
    },
    {
        "bookingid": 496
    },
    {
        "bookingid": 1249
    },
    {
        "bookingid": 2600
    },
    {
        "bookingid": 1556
    },
    {
        "bookingid": 1541
    },
    {
        "bookingid": 2240
    },
    {
        "bookingid": 1616
    },
    {
        "bookingid": 981
    },
    {
        "bookingid": 2444
    },
    {
        "bookingid": 2889
    },
    {
        "bookingid": 614
    },
    {
        "bookingid": 356
    },
    {
        "bookingid": 685
    },
    {
        "bookingid": 1624
    },
    {
        "bookingid": 1161
    },
    {
        "bookingid": 1027
    },
    {
        "bookingid": 645
    },
    {
        "bookingid": 1716
    },
    {
        "bookingid": 264
    },
    {
        "bookingid": 2853
    },
    {
        "bookingid": 2294
    },
    {
        "bookingid": 957
    },
    {
        "bookingid": 546
    },
    {
        "bookingid": 275
    },
    {
        "bookingid": 40
    },
    {
        "bookingid": 389
    },
    {
        "bookingid": 1143
    },
    {
        "bookingid": 1300
    },
    {
        "bookingid": 2023
    },
    {
        "bookingid": 1536
    },
    {
        "bookingid": 1268
    },
    {
        "bookingid": 1876
    },
    {
        "bookingid": 534
    },
    {
        "bookingid": 2146
    },
    {
        "bookingid": 2331
    },
    {
        "bookingid": 849
    },
    {
        "bookingid": 1582
    },
    {
        "bookingid": 753
    },
    {
        "bookingid": 1833
    },
    {
        "bookingid": 1104
    },
    {
        "bookingid": 1649
    },
    {
        "bookingid": 2623
    },
    {
        "bookingid": 1819
    },
    {
        "bookingid": 2834
    },
    {
        "bookingid": 857
    },
    {
        "bookingid": 552
    },
    {
        "bookingid": 761
    },
    {
        "bookingid": 2466
    },
    {
        "bookingid": 1744
    },
    {
        "bookingid": 279
    },
    {
        "bookingid": 745
    },
    {
        "bookingid": 899
    },
    {
        "bookingid": 1464
    },
    {
        "bookingid": 1749
    },
    {
        "bookingid": 383
    },
    {
        "bookingid": 1870
    },
    {
        "bookingid": 1587
    },
    {
        "bookingid": 2409
    },
    {
        "bookingid": 2185
    },
    {
        "bookingid": 27
    },
    {
        "bookingid": 216
    },
    {
        "bookingid": 2024
    },
    {
        "bookingid": 2512
    },
    {
        "bookingid": 1798
    },
    {
        "bookingid": 641
    },
    {
        "bookingid": 2758
    },
    {
        "bookingid": 2477
    },
    {
        "bookingid": 951
    },
    {
        "bookingid": 1976
    },
    {
        "bookingid": 2685
    },
    {
        "bookingid": 2216
    },
    {
        "bookingid": 1122
    },
    {
        "bookingid": 1639
    },
    {
        "bookingid": 1229
    },
    {
        "bookingid": 2778
    },
    {
        "bookingid": 1782
    },
    {
        "bookingid": 1660
    },
    {
        "bookingid": 2053
    },
    {
        "bookingid": 688
    },
    {
        "bookingid": 828
    },
    {
        "bookingid": 466
    },
    {
        "bookingid": 1717
    },
    {
        "bookingid": 1591
    },
    {
        "bookingid": 1617
    },
    {
        "bookingid": 553
    },
    {
        "bookingid": 11
    },
    {
        "bookingid": 2570
    },
    {
        "bookingid": 2640
    },
    {
        "bookingid": 1814
    },
    {
        "bookingid": 2860
    },
    {
        "bookingid": 2348
    },
    {
        "bookingid": 2499
    },
    {
        "bookingid": 236
    },
    {
        "bookingid": 442
    },
    {
        "bookingid": 2423
    },
    {
        "bookingid": 1128
    },
    {
        "bookingid": 67
    },
    {
        "bookingid": 1950
    },
    {
        "bookingid": 213
    },
    {
        "bookingid": 896
    },
    {
        "bookingid": 2281
    },
    {
        "bookingid": 1667
    },
    {
        "bookingid": 384
    },
    {
        "bookingid": 776
    },
    {
        "bookingid": 1318
    },
    {
        "bookingid": 2203
    },
    {
        "bookingid": 2354
    },
    {
        "bookingid": 1859
    },
    {
        "bookingid": 1670
    },
    {
        "bookingid": 2346
    },
    {
        "bookingid": 1407
    },
    {
        "bookingid": 2682
    },
    {
        "bookingid": 1445
    },
    {
        "bookingid": 1425
    },
    {
        "bookingid": 2404
    },
    {
        "bookingid": 147
    },
    {
        "bookingid": 1023
    },
    {
        "bookingid": 2613
    },
    {
        "bookingid": 873
    },
    {
        "bookingid": 804
    },
    {
        "bookingid": 559
    },
    {
        "bookingid": 1728
    },
    {
        "bookingid": 1630
    },
    {
        "bookingid": 710
    },
    {
        "bookingid": 1345
    },
    {
        "bookingid": 1547
    },
    {
        "bookingid": 474
    },
    {
        "bookingid": 2292
    },
    {
        "bookingid": 964
    },
    {
        "bookingid": 732
    },
    {
        "bookingid": 2178
    },
    {
        "bookingid": 1579
    },
    {
        "bookingid": 2054
    },
    {
        "bookingid": 1121
    },
    {
        "bookingid": 350
    },
    {
        "bookingid": 1148
    },
    {
        "bookingid": 61
    },
    {
        "bookingid": 2007
    },
    {
        "bookingid": 124
    },
    {
        "bookingid": 1044
    },
    {
        "bookingid": 2086
    },
    {
        "bookingid": 475
    },
    {
        "bookingid": 2124
    },
    {
        "bookingid": 1152
    },
    {
        "bookingid": 2465
    },
    {
        "bookingid": 541
    },
    {
        "bookingid": 2022
    },
    {
        "bookingid": 532
    },
    {
        "bookingid": 1839
    },
    {
        "bookingid": 2270
    },
    {
        "bookingid": 2121
    },
    {
        "bookingid": 2260
    },
    {
        "bookingid": 2252
    },
    {
        "bookingid": 1041
    },
    {
        "bookingid": 1056
    },
    {
        "bookingid": 2253
    },
    {
        "bookingid": 1665
    },
    {
        "bookingid": 349
    },
    {
        "bookingid": 1606
    },
    {
        "bookingid": 1846
    },
    {
        "bookingid": 856
    },
    {
        "bookingid": 1797
    },
    {
        "bookingid": 194
    },
    {
        "bookingid": 2675
    },
    {
        "bookingid": 453
    },
    {
        "bookingid": 701
    },
    {
        "bookingid": 322
    },
    {
        "bookingid": 1805
    },
    {
        "bookingid": 1138
    },
    {
        "bookingid": 1995
    },
    {
        "bookingid": 487
    },
    {
        "bookingid": 2011
    },
    {
        "bookingid": 1417
    },
    {
        "bookingid": 2128
    },
    {
        "bookingid": 503
    },
    {
        "bookingid": 93
    },
    {
        "bookingid": 2350
    },
    {
        "bookingid": 1708
    },
    {
        "bookingid": 2490
    },
    {
        "bookingid": 2099
    },
    {
        "bookingid": 656
    },
    {
        "bookingid": 2441
    },
    {
        "bookingid": 2621
    },
    {
        "bookingid": 2539
    },
    {
        "bookingid": 2579
    },
    {
        "bookingid": 2849
    },
    {
        "bookingid": 2287
    },
    {
        "bookingid": 1131
    },
    {
        "bookingid": 1977
    },
    {
        "bookingid": 1802
    },
    {
        "bookingid": 323
    },
    {
        "bookingid": 1698
    },
    {
        "bookingid": 1029
    },
    {
        "bookingid": 1212
    },
    {
        "bookingid": 1786
    },
    {
        "bookingid": 1335
    },
    {
        "bookingid": 56
    },
    {
        "bookingid": 674
    },
    {
        "bookingid": 382
    },
    {
        "bookingid": 2463
    },
    {
        "bookingid": 444
    },
    {
        "bookingid": 134
    },
    {
        "bookingid": 1487
    },
    {
        "bookingid": 543
    },
    {
        "bookingid": 257
    },
    {
        "bookingid": 2749
    },
    {
        "bookingid": 1235
    },
    {
        "bookingid": 246
    },
    {
        "bookingid": 2432
    },
    {
        "bookingid": 2323
    },
    {
        "bookingid": 2905
    },
    {
        "bookingid": 2704
    },
    {
        "bookingid": 1271
    },
    {
        "bookingid": 1952
    },
    {
        "bookingid": 2910
    },
    {
        "bookingid": 1428
    },
    {
        "bookingid": 25
    },
    {
        "bookingid": 1551
    },
    {
        "bookingid": 2870
    },
    {
        "bookingid": 2501
    },
    {
        "bookingid": 2603
    },
    {
        "bookingid": 22
    },
    {
        "bookingid": 154
    },
    {
        "bookingid": 1678
    },
    {
        "bookingid": 394
    },
    {
        "bookingid": 2766
    },
    {
        "bookingid": 1535
    },
    {
        "bookingid": 2033
    },
    {
        "bookingid": 2442
    },
    {
        "bookingid": 158
    },
    {
        "bookingid": 2449
    },
    {
        "bookingid": 837
    },
    {
        "bookingid": 819
    },
    {
        "bookingid": 2747
    },
    {
        "bookingid": 367
    },
    {
        "bookingid": 624
    },
    {
        "bookingid": 290
    },
    {
        "bookingid": 2368
    },
    {
        "bookingid": 1069
    },
    {
        "bookingid": 1210
    },
    {
        "bookingid": 1241
    },
    {
        "bookingid": 790
    },
    {
        "bookingid": 1119
    },
    {
        "bookingid": 16
    },
    {
        "bookingid": 34
    },
    {
        "bookingid": 329
    },
    {
        "bookingid": 1326
    },
    {
        "bookingid": 2399
    },
    {
        "bookingid": 932
    },
    {
        "bookingid": 2129
    },
    {
        "bookingid": 1529
    },
    {
        "bookingid": 1552
    },
    {
        "bookingid": 1877
    },
    {
        "bookingid": 1597
    },
    {
        "bookingid": 681
    },
    {
        "bookingid": 935
    },
    {
        "bookingid": 2106
    },
    {
        "bookingid": 1338
    },
    {
        "bookingid": 1460
    },
    {
        "bookingid": 2150
    },
    {
        "bookingid": 1192
    },
    {
        "bookingid": 1419
    },
    {
        "bookingid": 1726
    },
    {
        "bookingid": 1930
    },
    {
        "bookingid": 1600
    },
    {
        "bookingid": 46
    },
    {
        "bookingid": 2597
    },
    {
        "bookingid": 1254
    },
    {
        "bookingid": 2349
    },
    {
        "bookingid": 2890
    },
    {
        "bookingid": 2264
    },
    {
        "bookingid": 2739
    },
    {
        "bookingid": 1542
    },
    {
        "bookingid": 2660
    },
    {
        "bookingid": 43
    },
    {
        "bookingid": 545
    },
    {
        "bookingid": 1769
    },
    {
        "bookingid": 1604
    },
    {
        "bookingid": 2070
    },
    {
        "bookingid": 381
    },
    {
        "bookingid": 2458
    },
    {
        "bookingid": 1108
    },
    {
        "bookingid": 563
    },
    {
        "bookingid": 2840
    },
    {
        "bookingid": 1375
    },
    {
        "bookingid": 70
    },
    {
        "bookingid": 1361
    },
    {
        "bookingid": 781
    },
    {
        "bookingid": 1592
    },
    {
        "bookingid": 1453
    },
    {
        "bookingid": 2171
    },
    {
        "bookingid": 1603
    },
    {
        "bookingid": 1102
    },
    {
        "bookingid": 905
    },
    {
        "bookingid": 458
    },
    {
        "bookingid": 372
    },
    {
        "bookingid": 152
    },
    {
        "bookingid": 2669
    },
    {
        "bookingid": 1963
    },
    {
        "bookingid": 377
    },
    {
        "bookingid": 1274
    },
    {
        "bookingid": 272
    },
    {
        "bookingid": 530
    },
    {
        "bookingid": 611
    },
    {
        "bookingid": 1779
    },
    {
        "bookingid": 2818
    },
    {
        "bookingid": 619
    },
    {
        "bookingid": 1695
    },
    {
        "bookingid": 2426
    },
    {
        "bookingid": 233
    },
    {
        "bookingid": 1179
    },
    {
        "bookingid": 569
    },
    {
        "bookingid": 15
    },
    {
        "bookingid": 2725
    },
    {
        "bookingid": 2271
    },
    {
        "bookingid": 2854
    },
    {
        "bookingid": 2513
    },
    {
        "bookingid": 2305
    },
    {
        "bookingid": 2056
    },
    {
        "bookingid": 737
    },
    {
        "bookingid": 1601
    },
    {
        "bookingid": 1158
    },
    {
        "bookingid": 1331
    },
    {
        "bookingid": 1613
    },
    {
        "bookingid": 1267
    },
    {
        "bookingid": 1593
    },
    {
        "bookingid": 2196
    },
    {
        "bookingid": 2522
    },
    {
        "bookingid": 203
    },
    {
        "bookingid": 2566
    },
    {
        "bookingid": 2152
    },
    {
        "bookingid": 2832
    },
    {
        "bookingid": 1921
    },
    {
        "bookingid": 1101
    },
    {
        "bookingid": 1549
    },
    {
        "bookingid": 434
    },
    {
        "bookingid": 1492
    },
    {
        "bookingid": 182
    },
    {
        "bookingid": 456
    },
    {
        "bookingid": 1861
    },
    {
        "bookingid": 1006
    },
    {
        "bookingid": 2667
    },
    {
        "bookingid": 841
    },
    {
        "bookingid": 2733
    },
    {
        "bookingid": 280
    },
    {
        "bookingid": 129
    },
    {
        "bookingid": 2601
    },
    {
        "bookingid": 2231
    },
    {
        "bookingid": 1564
    },
    {
        "bookingid": 513
    },
    {
        "bookingid": 1926
    },
    {
        "bookingid": 84
    },
    {
        "bookingid": 2084
    },
    {
        "bookingid": 679
    },
    {
        "bookingid": 568
    },
    {
        "bookingid": 939
    },
    {
        "bookingid": 2374
    },
    {
        "bookingid": 2702
    },
    {
        "bookingid": 2683
    },
    {
        "bookingid": 2852
    },
    {
        "bookingid": 2005
    },
    {
        "bookingid": 2080
    },
    {
        "bookingid": 1349
    },
    {
        "bookingid": 439
    },
    {
        "bookingid": 190
    },
    {
        "bookingid": 1295
    },
    {
        "bookingid": 1648
    },
    {
        "bookingid": 1409
    },
    {
        "bookingid": 2376
    },
    {
        "bookingid": 493
    },
    {
        "bookingid": 221
    },
    {
        "bookingid": 1864
    },
    {
        "bookingid": 2537
    },
    {
        "bookingid": 1438
    },
    {
        "bookingid": 160
    },
    {
        "bookingid": 2699
    },
    {
        "bookingid": 713
    },
    {
        "bookingid": 1252
    },
    {
        "bookingid": 533
    },
    {
        "bookingid": 1048
    },
    {
        "bookingid": 823
    },
    {
        "bookingid": 1282
    },
    {
        "bookingid": 469
    },
    {
        "bookingid": 288
    },
    {
        "bookingid": 942
    },
    {
        "bookingid": 2748
    },
    {
        "bookingid": 1980
    },
    {
        "bookingid": 704
    },
    {
        "bookingid": 2524
    },
    {
        "bookingid": 2277
    },
    {
        "bookingid": 1025
    },
    {
        "bookingid": 2357
    },
    {
        "bookingid": 2510
    },
    {
        "bookingid": 44
    },
    {
        "bookingid": 2038
    },
    {
        "bookingid": 228
    },
    {
        "bookingid": 1112
    },
    {
        "bookingid": 1042
    },
    {
        "bookingid": 724
    },
    {
        "bookingid": 2744
    },
    {
        "bookingid": 1105
    },
    {
        "bookingid": 1825
    },
    {
        "bookingid": 2518
    },
    {
        "bookingid": 2483
    },
    {
        "bookingid": 2097
    },
    {
        "bookingid": 2013
    },
    {
        "bookingid": 1724
    },
    {
        "bookingid": 1828
    },
    {
        "bookingid": 1021
    },
    {
        "bookingid": 1860
    },
    {
        "bookingid": 85
    },
    {
        "bookingid": 1395
    },
    {
        "bookingid": 1498
    },
    {
        "bookingid": 749
    },
    {
        "bookingid": 1690
    },
    {
        "bookingid": 52
    },
    {
        "bookingid": 1793
    },
    {
        "bookingid": 1286
    },
    {
        "bookingid": 919
    },
    {
        "bookingid": 1815
    },
    {
        "bookingid": 2012
    },
    {
        "bookingid": 1867
    },
    {
        "bookingid": 972
    },
    {
        "bookingid": 2553
    },
    {
        "bookingid": 2681
    },
    {
        "bookingid": 325
    },
    {
        "bookingid": 2559
    },
    {
        "bookingid": 662
    },
    {
        "bookingid": 2500
    },
    {
        "bookingid": 1431
    },
    {
        "bookingid": 514
    },
    {
        "bookingid": 1507
    },
    {
        "bookingid": 1382
    },
    {
        "bookingid": 889
    },
    {
        "bookingid": 1647
    },
    {
        "bookingid": 727
    },
    {
        "bookingid": 2138
    },
    {
        "bookingid": 1221
    },
    {
        "bookingid": 1197
    },
    {
        "bookingid": 846
    },
    {
        "bookingid": 2549
    },
    {
        "bookingid": 1086
    },
    {
        "bookingid": 2763
    },
    {
        "bookingid": 1091
    },
    {
        "bookingid": 665
    },
    {
        "bookingid": 1436
    },
    {
        "bookingid": 1147
    },
    {
        "bookingid": 2738
    },
    {
        "bookingid": 1852
    },
    {
        "bookingid": 1960
    },
    {
        "bookingid": 332
    },
    {
        "bookingid": 1711
    },
    {
        "bookingid": 2286
    },
    {
        "bookingid": 8
    },
    {
        "bookingid": 2751
    },
    {
        "bookingid": 797
    },
    {
        "bookingid": 1878
    },
    {
        "bookingid": 1944
    },
    {
        "bookingid": 2419
    },
    {
        "bookingid": 1661
    },
    {
        "bookingid": 946
    },
    {
        "bookingid": 2382
    },
    {
        "bookingid": 1853
    },
    {
        "bookingid": 2718
    },
    {
        "bookingid": 1280
    },
    {
        "bookingid": 1573
    },
    {
        "bookingid": 949
    },
    {
        "bookingid": 2882
    },
    {
        "bookingid": 2885
    },
    {
        "bookingid": 2843
    },
    {
        "bookingid": 1160
    },
    {
        "bookingid": 2456
    },
    {
        "bookingid": 1258
    },
    {
        "bookingid": 420
    },
    {
        "bookingid": 1019
    },
    {
        "bookingid": 2044
    },
    {
        "bookingid": 1680
    },
    {
        "bookingid": 2813
    },
    {
        "bookingid": 2228
    },
    {
        "bookingid": 870
    },
    {
        "bookingid": 424
    },
    {
        "bookingid": 2109
    },
    {
        "bookingid": 365
    },
    {
        "bookingid": 1634
    },
    {
        "bookingid": 2170
    },
    {
        "bookingid": 970
    },
    {
        "bookingid": 1771
    },
    {
        "bookingid": 1725
    },
    {
        "bookingid": 1721
    },
    {
        "bookingid": 544
    },
    {
        "bookingid": 1135
    },
    {
        "bookingid": 2446
    },
    {
        "bookingid": 141
    },
    {
        "bookingid": 1504
    },
    {
        "bookingid": 2694
    },
    {
        "bookingid": 175
    },
    {
        "bookingid": 775
    },
    {
        "bookingid": 206
    },
    {
        "bookingid": 1471
    },
    {
        "bookingid": 582
    },
    {
        "bookingid": 1440
    },
    {
        "bookingid": 1506
    },
    {
        "bookingid": 1748
    },
    {
        "bookingid": 960
    },
    {
        "bookingid": 880
    },
    {
        "bookingid": 1837
    },
    {
        "bookingid": 985
    },
    {
        "bookingid": 74
    },
    {
        "bookingid": 1705
    },
    {
        "bookingid": 809
    },
    {
        "bookingid": 1505
    },
    {
        "bookingid": 1900
    },
    {
        "bookingid": 491
    },
    {
        "bookingid": 1316
    },
    {
        "bookingid": 1994
    },
    {
        "bookingid": 518
    },
    {
        "bookingid": 2788
    },
    {
        "bookingid": 1894
    },
    {
        "bookingid": 1655
    },
    {
        "bookingid": 2296
    },
    {
        "bookingid": 2511
    },
    {
        "bookingid": 506
    },
    {
        "bookingid": 2823
    },
    {
        "bookingid": 1681
    },
    {
        "bookingid": 1125
    },
    {
        "bookingid": 1410
    },
    {
        "bookingid": 1164
    },
    {
        "bookingid": 2712
    },
    {
        "bookingid": 2472
    },
    {
        "bookingid": 234
    },
    {
        "bookingid": 1612
    },
    {
        "bookingid": 936
    },
    {
        "bookingid": 1215
    },
    {
        "bookingid": 2217
    },
    {
        "bookingid": 1035
    },
    {
        "bookingid": 1287
    },
    {
        "bookingid": 2720
    },
    {
        "bookingid": 2883
    },
    {
        "bookingid": 1766
    },
    {
        "bookingid": 2861
    },
    {
        "bookingid": 2671
    },
    {
        "bookingid": 2243
    },
    {
        "bookingid": 671
    },
    {
        "bookingid": 464
    },
    {
        "bookingid": 1239
    },
    {
        "bookingid": 2045
    },
    {
        "bookingid": 575
    },
    {
        "bookingid": 979
    },
    {
        "bookingid": 2786
    },
    {
        "bookingid": 730
    },
    {
        "bookingid": 334
    },
    {
        "bookingid": 1709
    },
    {
        "bookingid": 2190
    },
    {
        "bookingid": 882
    },
    {
        "bookingid": 2081
    },
    {
        "bookingid": 2204
    },
    {
        "bookingid": 118
    },
    {
        "bookingid": 1174
    },
    {
        "bookingid": 1658
    },
    {
        "bookingid": 1480
    },
    {
        "bookingid": 1099
    },
    {
        "bookingid": 1821
    },
    {
        "bookingid": 881
    },
    {
        "bookingid": 2065
    },
    {
        "bookingid": 1855
    },
    {
        "bookingid": 1919
    },
    {
        "bookingid": 2006
    },
    {
        "bookingid": 2289
    },
    {
        "bookingid": 2772
    },
    {
        "bookingid": 865
    },
    {
        "bookingid": 683
    },
    {
        "bookingid": 1115
    },
    {
        "bookingid": 2689
    },
    {
        "bookingid": 1434
    },
    {
        "bookingid": 409
    },
    {
        "bookingid": 1242
    },
    {
        "bookingid": 310
    },
    {
        "bookingid": 2596
    },
    {
        "bookingid": 739
    },
    {
        "bookingid": 2753
    },
    {
        "bookingid": 2291
    },
    {
        "bookingid": 519
    },
    {
        "bookingid": 1642
    },
    {
        "bookingid": 191
    },
    {
        "bookingid": 1743
    },
    {
        "bookingid": 2230
    },
    {
        "bookingid": 786
    },
    {
        "bookingid": 2768
    },
    {
        "bookingid": 759
    },
    {
        "bookingid": 2875
    },
    {
        "bookingid": 2874
    },
    {
        "bookingid": 298
    },
    {
        "bookingid": 2541
    },
    {
        "bookingid": 2914
    },
    {
        "bookingid": 268
    },
    {
        "bookingid": 2789
    },
    {
        "bookingid": 1185
    },
    {
        "bookingid": 2506
    },
    {
        "bookingid": 2687
    },
    {
        "bookingid": 2643
    },
    {
        "bookingid": 2266
    },
    {
        "bookingid": 215
    },
    {
        "bookingid": 316
    },
    {
        "bookingid": 637
    },
    {
        "bookingid": 1688
    },
    {
        "bookingid": 1710
    },
    {
        "bookingid": 2272
    },
    {
        "bookingid": 517
    },
    {
        "bookingid": 1279
    },
    {
        "bookingid": 1730
    },
    {
        "bookingid": 840
    },
    {
        "bookingid": 2769
    },
    {
        "bookingid": 2639
    },
    {
        "bookingid": 62
    },
    {
        "bookingid": 2430
    },
    {
        "bookingid": 597
    },
    {
        "bookingid": 1457
    },
    {
        "bookingid": 1190
    },
    {
        "bookingid": 1812
    },
    {
        "bookingid": 1532
    },
    {
        "bookingid": 1351
    },
    {
        "bookingid": 262
    },
    {
        "bookingid": 2770
    },
    {
        "bookingid": 1901
    },
    {
        "bookingid": 883
    },
    {
        "bookingid": 731
    },
    {
        "bookingid": 888
    },
    {
        "bookingid": 872
    },
    {
        "bookingid": 1142
    },
    {
        "bookingid": 1063
    },
    {
        "bookingid": 131
    },
    {
        "bookingid": 1882
    },
    {
        "bookingid": 2104
    },
    {
        "bookingid": 719
    },
    {
        "bookingid": 1806
    },
    {
        "bookingid": 2663
    },
    {
        "bookingid": 1720
    },
    {
        "bookingid": 107
    },
    {
        "bookingid": 1801
    },
    {
        "bookingid": 283
    },
    {
        "bookingid": 2484
    },
    {
        "bookingid": 632
    },
    {
        "bookingid": 2695
    },
    {
        "bookingid": 1783
    },
    {
        "bookingid": 1050
    },
    {
        "bookingid": 471
    },
    {
        "bookingid": 1390
    },
    {
        "bookingid": 1381
    },
    {
        "bookingid": 779
    },
    {
        "bookingid": 777
    },
    {
        "bookingid": 816
    },
    {
        "bookingid": 1735
    },
    {
        "bookingid": 265
    },
    {
        "bookingid": 2361
    },
    {
        "bookingid": 401
    },
    {
        "bookingid": 1679
    },
    {
        "bookingid": 2709
    },
    {
        "bookingid": 1260
    },
    {
        "bookingid": 851
    },
    {
        "bookingid": 1146
    },
    {
        "bookingid": 1518
    },
    {
        "bookingid": 373
    },
    {
        "bookingid": 99
    },
    {
        "bookingid": 1988
    },
    {
        "bookingid": 1097
    },
    {
        "bookingid": 918
    },
    {
        "bookingid": 123
    },
    {
        "bookingid": 2776
    },
    {
        "bookingid": 1368
    },
    {
        "bookingid": 2552
    },
    {
        "bookingid": 1455
    },
    {
        "bookingid": 542
    },
    {
        "bookingid": 2237
    },
    {
        "bookingid": 2418
    },
    {
        "bookingid": 1526
    },
    {
        "bookingid": 1010
    },
    {
        "bookingid": 1294
    },
    {
        "bookingid": 2565
    },
    {
        "bookingid": 2265
    },
    {
        "bookingid": 844
    },
    {
        "bookingid": 2624
    },
    {
        "bookingid": 798
    },
    {
        "bookingid": 2895
    },
    {
        "bookingid": 2386
    },
    {
        "bookingid": 667
    },
    {
        "bookingid": 2215
    },
    {
        "bookingid": 596
    },
    {
        "bookingid": 211
    },
    {
        "bookingid": 1906
    },
    {
        "bookingid": 1635
    },
    {
        "bookingid": 757
    },
    {
        "bookingid": 2254
    },
    {
        "bookingid": 2865
    },
    {
        "bookingid": 2917
    },
    {
        "bookingid": 317
    },
    {
        "bookingid": 855
    },
    {
        "bookingid": 2069
    },
    {
        "bookingid": 2363
    },
    {
        "bookingid": 558
    },
    {
        "bookingid": 231
    },
    {
        "bookingid": 509
    },
    {
        "bookingid": 644
    },
    {
        "bookingid": 940
    },
    {
        "bookingid": 664
    },
    {
        "bookingid": 1141
    },
    {
        "bookingid": 1352
    },
    {
        "bookingid": 2332
    },
    {
        "bookingid": 1530
    },
    {
        "bookingid": 2148
    },
    {
        "bookingid": 2726
    },
    {
        "bookingid": 2101
    },
    {
        "bookingid": 2676
    },
    {
        "bookingid": 738
    },
    {
        "bookingid": 707
    },
    {
        "bookingid": 2435
    },
    {
        "bookingid": 284
    },
    {
        "bookingid": 1863
    },
    {
        "bookingid": 2116
    },
    {
        "bookingid": 2649
    },
    {
        "bookingid": 928
    },
    {
        "bookingid": 1873
    },
    {
        "bookingid": 2817
    },
    {
        "bookingid": 2717
    },
    {
        "bookingid": 1481
    },
    {
        "bookingid": 714
    },
    {
        "bookingid": 1892
    },
    {
        "bookingid": 1694
    },
    {
        "bookingid": 1755
    },
    {
        "bookingid": 721
    },
    {
        "bookingid": 271
    },
    {
        "bookingid": 2493
    },
    {
        "bookingid": 103
    },
    {
        "bookingid": 2775
    },
    {
        "bookingid": 2507
    },
    {
        "bookingid": 1233
    },
    {
        "bookingid": 2735
    },
    {
        "bookingid": 397
    },
    {
        "bookingid": 1449
    },
    {
        "bookingid": 1362
    },
    {
        "bookingid": 2529
    },
    {
        "bookingid": 861
    },
    {
        "bookingid": 1298
    },
    {
        "bookingid": 411
    },
    {
        "bookingid": 1499
    },
    {
        "bookingid": 179
    },
    {
        "bookingid": 829
    },
    {
        "bookingid": 1223
    },
    {
        "bookingid": 1166
    },
    {
        "bookingid": 2269
    },
    {
        "bookingid": 1811
    },
    {
        "bookingid": 770
    },
    {
        "bookingid": 1993
    },
    {
        "bookingid": 340
    },
    {
        "bookingid": 538
    },
    {
        "bookingid": 1682
    },
    {
        "bookingid": 181
    },
    {
        "bookingid": 1426
    },
    {
        "bookingid": 117
    },
    {
        "bookingid": 2721
    },
    {
        "bookingid": 2697
    },
    {
        "bookingid": 2176
    },
    {
        "bookingid": 2157
    },
    {
        "bookingid": 1394
    },
    {
        "bookingid": 1014
    },
    {
        "bookingid": 1674
    },
    {
        "bookingid": 433
    },
    {
        "bookingid": 1296
    },
    {
        "bookingid": 1038
    },
    {
        "bookingid": 1057
    },
    {
        "bookingid": 2324
    },
    {
        "bookingid": 1411
    },
    {
        "bookingid": 2495
    },
    {
        "bookingid": 1625
    },
    {
        "bookingid": 122
    },
    {
        "bookingid": 2607
    },
    {
        "bookingid": 344
    },
    {
        "bookingid": 244
    },
    {
        "bookingid": 1327
    },
    {
        "bookingid": 470
    },
    {
        "bookingid": 2059
    },
    {
        "bookingid": 1408
    },
    {
        "bookingid": 2504
    },
    {
        "bookingid": 2030
    },
    {
        "bookingid": 666
    },
    {
        "bookingid": 1557
    },
    {
        "bookingid": 2803
    },
    {
        "bookingid": 1774
    },
    {
        "bookingid": 1883
    },
    {
        "bookingid": 1273
    },
    {
        "bookingid": 2637
    },
    {
        "bookingid": 2835
    },
    {
        "bookingid": 254
    },
    {
        "bookingid": 2076
    },
    {
        "bookingid": 969
    },
    {
        "bookingid": 2886
    },
    {
        "bookingid": 2061
    },
    {
        "bookingid": 2406
    },
    {
        "bookingid": 893
    },
    {
        "bookingid": 2032
    },
    {
        "bookingid": 1415
    },
    {
        "bookingid": 429
    },
    {
        "bookingid": 2460
    },
    {
        "bookingid": 1369
    },
    {
        "bookingid": 581
    },
    {
        "bookingid": 762
    },
    {
        "bookingid": 608
    },
    {
        "bookingid": 379
    },
    {
        "bookingid": 1206
    },
    {
        "bookingid": 1516
    },
    {
        "bookingid": 631
    },
    {
        "bookingid": 680
    },
    {
        "bookingid": 1399
    },
    {
        "bookingid": 2794
    },
    {
        "bookingid": 1646
    },
    {
        "bookingid": 2222
    },
    {
        "bookingid": 2258
    },
    {
        "bookingid": 2135
    },
    {
        "bookingid": 98
    },
    {
        "bookingid": 2816
    },
    {
        "bookingid": 2741
    },
    {
        "bookingid": 2326
    },
    {
        "bookingid": 1729
    },
    {
        "bookingid": 917
    },
    {
        "bookingid": 1396
    },
    {
        "bookingid": 79
    },
    {
        "bookingid": 1843
    },
    {
        "bookingid": 1217
    },
    {
        "bookingid": 2342
    },
    {
        "bookingid": 2058
    },
    {
        "bookingid": 1990
    },
    {
        "bookingid": 860
    },
    {
        "bookingid": 2491
    },
    {
        "bookingid": 1305
    },
    {
        "bookingid": 3
    },
    {
        "bookingid": 1826
    },
    {
        "bookingid": 235
    },
    {
        "bookingid": 1323
    },
    {
        "bookingid": 529
    },
    {
        "bookingid": 363
    },
    {
        "bookingid": 1742
    },
    {
        "bookingid": 108
    },
    {
        "bookingid": 2031
    },
    {
        "bookingid": 96
    },
    {
        "bookingid": 54
    },
    {
        "bookingid": 1347
    },
    {
        "bookingid": 2796
    },
    {
        "bookingid": 1568
    },
    {
        "bookingid": 1706
    },
    {
        "bookingid": 1114
    },
    {
        "bookingid": 2533
    },
    {
        "bookingid": 1033
    },
    {
        "bookingid": 720
    },
    {
        "bookingid": 2351
    },
    {
        "bookingid": 1343
    },
    {
        "bookingid": 2560
    },
    {
        "bookingid": 501
    },
    {
        "bookingid": 1666
    },
    {
        "bookingid": 806
    },
    {
        "bookingid": 1265
    },
    {
        "bookingid": 1517
    },
    {
        "bookingid": 1248
    },
    {
        "bookingid": 1704
    },
    {
        "bookingid": 2915
    },
    {
        "bookingid": 1898
    },
    {
        "bookingid": 805
    },
    {
        "bookingid": 449
    },
    {
        "bookingid": 1659
    },
    {
        "bookingid": 33
    },
    {
        "bookingid": 633
    },
    {
        "bookingid": 2762
    },
    {
        "bookingid": 410
    },
    {
        "bookingid": 508
    },
    {
        "bookingid": 1461
    },
    {
        "bookingid": 1697
    },
    {
        "bookingid": 1085
    },
    {
        "bookingid": 2486
    },
    {
        "bookingid": 309
    },
    {
        "bookingid": 347
    },
    {
        "bookingid": 1684
    },
    {
        "bookingid": 1276
    },
    {
        "bookingid": 342
    },
    {
        "bookingid": 388
    },
    {
        "bookingid": 2746
    },
    {
        "bookingid": 2700
    },
    {
        "bookingid": 691
    },
    {
        "bookingid": 924
    },
    {
        "bookingid": 205
    },
    {
        "bookingid": 1501
    },
    {
        "bookingid": 1576
    },
    {
        "bookingid": 2588
    },
    {
        "bookingid": 2452
    },
    {
        "bookingid": 755
    },
    {
        "bookingid": 1340
    },
    {
        "bookingid": 2151
    },
    {
        "bookingid": 1512
    },
    {
        "bookingid": 2722
    },
    {
        "bookingid": 649
    },
    {
        "bookingid": 661
    },
    {
        "bookingid": 2197
    },
    {
        "bookingid": 1281
    },
    {
        "bookingid": 274
    },
    {
        "bookingid": 2050
    },
    {
        "bookingid": 814
    },
    {
        "bookingid": 170
    },
    {
        "bookingid": 751
    },
    {
        "bookingid": 1544
    },
    {
        "bookingid": 2831
    },
    {
        "bookingid": 1558
    },
    {
        "bookingid": 817
    },
    {
        "bookingid": 2807
    },
    {
        "bookingid": 1098
    },
    {
        "bookingid": 1885
    },
    {
        "bookingid": 1203
    },
    {
        "bookingid": 791
    },
    {
        "bookingid": 1910
    },
    {
        "bookingid": 1654
    },
    {
        "bookingid": 572
    },
    {
        "bookingid": 2606
    },
    {
        "bookingid": 20
    },
    {
        "bookingid": 2191
    },
    {
        "bookingid": 2322
    },
    {
        "bookingid": 427
    },
    {
        "bookingid": 30
    },
    {
        "bookingid": 726
    },
    {
        "bookingid": 2141
    },
    {
        "bookingid": 2193
    },
    {
        "bookingid": 1966
    },
    {
        "bookingid": 2164
    },
    {
        "bookingid": 2918
    },
    {
        "bookingid": 2068
    },
    {
        "bookingid": 2802
    },
    {
        "bookingid": 110
    },
    {
        "bookingid": 1918
    },
    {
        "bookingid": 742
    },
    {
        "bookingid": 1788
    },
    {
        "bookingid": 1700
    },
    {
        "bookingid": 2166
    },
    {
        "bookingid": 1243
    },
    {
        "bookingid": 1781
    },
    {
        "bookingid": 1355
    },
    {
        "bookingid": 418
    },
    {
        "bookingid": 2891
    },
    {
        "bookingid": 1004
    },
    {
        "bookingid": 1402
    },
    {
        "bookingid": 1618
    },
    {
        "bookingid": 2612
    },
    {
        "bookingid": 1527
    },
    {
        "bookingid": 2344
    },
    {
        "bookingid": 2402
    },
    {
        "bookingid": 2314
    },
    {
        "bookingid": 89
    },
    {
        "bookingid": 1936
    },
    {
        "bookingid": 162
    },
    {
        "bookingid": 1734
    },
    {
        "bookingid": 2161
    },
    {
        "bookingid": 628
    },
    {
        "bookingid": 2573
    },
    {
        "bookingid": 933
    },
    {
        "bookingid": 116
    },
    {
        "bookingid": 588
    },
    {
        "bookingid": 788
    },
    {
        "bookingid": 128
    },
    {
        "bookingid": 669
    },
    {
        "bookingid": 651
    },
    {
        "bookingid": 2436
    },
    {
        "bookingid": 535
    },
    {
        "bookingid": 2798
    },
    {
        "bookingid": 66
    },
    {
        "bookingid": 250
    },
    {
        "bookingid": 1609
    },
    {
        "bookingid": 1202
    },
    {
        "bookingid": 2060
    },
    {
        "bookingid": 977
    },
    {
        "bookingid": 1519
    },
    {
        "bookingid": 42
    },
    {
        "bookingid": 913
    },
    {
        "bookingid": 387
    },
    {
        "bookingid": 780
    },
    {
        "bookingid": 1291
    },
    {
        "bookingid": 1220
    },
    {
        "bookingid": 1188
    },
    {
        "bookingid": 1524
    },
    {
        "bookingid": 2626
    },
    {
        "bookingid": 1691
    },
    {
        "bookingid": 705
    },
    {
        "bookingid": 831
    },
    {
        "bookingid": 494
    },
    {
        "bookingid": 1377
    },
    {
        "bookingid": 2425
    },
    {
        "bookingid": 2474
    },
    {
        "bookingid": 921
    },
    {
        "bookingid": 1653
    },
    {
        "bookingid": 1306
    },
    {
        "bookingid": 2814
    },
    {
        "bookingid": 14
    },
    {
        "bookingid": 1358
    },
    {
        "bookingid": 783
    },
    {
        "bookingid": 1389
    },
    {
        "bookingid": 1032
    },
    {
        "bookingid": 2808
    },
    {
        "bookingid": 303
    },
    {
        "bookingid": 450
    },
    {
        "bookingid": 2729
    },
    {
        "bookingid": 77
    },
    {
        "bookingid": 2661
    },
    {
        "bookingid": 2505
    },
    {
        "bookingid": 1673
    },
    {
        "bookingid": 2705
    },
    {
        "bookingid": 2819
    },
    {
        "bookingid": 35
    },
    {
        "bookingid": 395
    },
    {
        "bookingid": 2523
    },
    {
        "bookingid": 2047
    },
    {
        "bookingid": 26
    },
    {
        "bookingid": 2211
    },
    {
        "bookingid": 623
    },
    {
        "bookingid": 743
    },
    {
        "bookingid": 1031
    },
    {
        "bookingid": 902
    },
    {
        "bookingid": 1062
    },
    {
        "bookingid": 1970
    },
    {
        "bookingid": 2338
    },
    {
        "bookingid": 1393
    },
    {
        "bookingid": 2633
    },
    {
        "bookingid": 2896
    },
    {
        "bookingid": 1207
    },
    {
        "bookingid": 2911
    },
    {
        "bookingid": 218
    },
    {
        "bookingid": 270
    },
    {
        "bookingid": 313
    },
    {
        "bookingid": 1401
    },
    {
        "bookingid": 750
    },
    {
        "bookingid": 990
    },
    {
        "bookingid": 675
    },
    {
        "bookingid": 1838
    },
    {
        "bookingid": 1974
    },
    {
        "bookingid": 1477
    },
    {
        "bookingid": 2360
    },
    {
        "bookingid": 1775
    },
    {
        "bookingid": 1495
    },
    {
        "bookingid": 522
    },
    {
        "bookingid": 1511
    },
    {
        "bookingid": 803
    },
    {
        "bookingid": 1427
    },
    {
        "bookingid": 2311
    },
    {
        "bookingid": 2557
    },
    {
        "bookingid": 24
    },
    {
        "bookingid": 1005
    },
    {
        "bookingid": 1525
    },
    {
        "bookingid": 834
    },
    {
        "bookingid": 1126
    },
    {
        "bookingid": 1627
    },
    {
        "bookingid": 197
    },
    {
        "bookingid": 647
    },
    {
        "bookingid": 478
    },
    {
        "bookingid": 2370
    },
    {
        "bookingid": 1912
    },
    {
        "bookingid": 2115
    },
    {
        "bookingid": 911
    },
    {
        "bookingid": 1767
    },
    {
        "bookingid": 1945
    },
    {
        "bookingid": 111
    },
    {
        "bookingid": 1011
    },
    {
        "bookingid": 1359
    },
    {
        "bookingid": 703
    },
    {
        "bookingid": 1275
    },
    {
        "bookingid": 187
    },
    {
        "bookingid": 2212
    },
    {
        "bookingid": 1937
    },
    {
        "bookingid": 2492
    },
    {
        "bookingid": 584
    },
    {
        "bookingid": 843
    },
    {
        "bookingid": 708
    },
    {
        "bookingid": 2651
    },
    {
        "bookingid": 2206
    },
    {
        "bookingid": 157
    },
    {
        "bookingid": 2871
    },
    {
        "bookingid": 31
    },
    {
        "bookingid": 1095
    },
    {
        "bookingid": 556
    },
    {
        "bookingid": 2837
    },
    {
        "bookingid": 2848
    },
    {
        "bookingid": 2303
    },
    {
        "bookingid": 361
    },
    {
        "bookingid": 748
    },
    {
        "bookingid": 796
    },
    {
        "bookingid": 2316
    },
    {
        "bookingid": 80
    },
    {
        "bookingid": 1462
    },
    {
        "bookingid": 416
    },
    {
        "bookingid": 2578
    },
    {
        "bookingid": 1236
    },
    {
        "bookingid": 1172
    },
    {
        "bookingid": 165
    },
    {
        "bookingid": 692
    },
    {
        "bookingid": 173
    },
    {
        "bookingid": 1154
    },
    {
        "bookingid": 764
    },
    {
        "bookingid": 612
    },
    {
        "bookingid": 2594
    },
    {
        "bookingid": 2380
    },
    {
        "bookingid": 1075
    },
    {
        "bookingid": 2015
    },
    {
        "bookingid": 744
    },
    {
        "bookingid": 879
    },
    {
        "bookingid": 717
    },
    {
        "bookingid": 1406
    },
    {
        "bookingid": 1387
    },
    {
        "bookingid": 2657
    },
    {
        "bookingid": 937
    },
    {
        "bookingid": 847
    },
    {
        "bookingid": 1383
    },
    {
        "bookingid": 758
    },
    {
        "bookingid": 451
    },
    {
        "bookingid": 565
    },
    {
        "bookingid": 76
    },
    {
        "bookingid": 923
    },
    {
        "bookingid": 1981
    },
    {
        "bookingid": 419
    },
    {
        "bookingid": 2144
    },
    {
        "bookingid": 810
    },
    {
        "bookingid": 2708
    },
    {
        "bookingid": 1889
    },
    {
        "bookingid": 1313
    },
    {
        "bookingid": 242
    },
    {
        "bookingid": 2405
    },
    {
        "bookingid": 41
    },
    {
        "bookingid": 2209
    },
    {
        "bookingid": 2564
    },
    {
        "bookingid": 143
    },
    {
        "bookingid": 71
    },
    {
        "bookingid": 615
    },
    {
        "bookingid": 1198
    },
    {
        "bookingid": 1987
    },
    {
        "bookingid": 2016
    },
    {
        "bookingid": 415
    },
    {
        "bookingid": 700
    },
    {
        "bookingid": 1884
    },
    {
        "bookingid": 2001
    },
    {
        "bookingid": 2111
    },
    {
        "bookingid": 2302
    },
    {
        "bookingid": 1468
    },
    {
        "bookingid": 1907
    },
    {
        "bookingid": 457
    },
    {
        "bookingid": 657
    },
    {
        "bookingid": 499
    },
    {
        "bookingid": 1796
    },
    {
        "bookingid": 1488
    },
    {
        "bookingid": 223
    },
    {
        "bookingid": 1476
    },
    {
        "bookingid": 1400
    },
    {
        "bookingid": 208
    },
    {
        "bookingid": 962
    },
    {
        "bookingid": 926
    },
    {
        "bookingid": 1938
    },
    {
        "bookingid": 953
    },
    {
        "bookingid": 1081
    },
    {
        "bookingid": 293
    },
    {
        "bookingid": 2403
    },
    {
        "bookingid": 769
    },
    {
        "bookingid": 465
    },
    {
        "bookingid": 12
    },
    {
        "bookingid": 2710
    },
    {
        "bookingid": 2609
    },
    {
        "bookingid": 993
    },
    {
        "bookingid": 789
    },
    {
        "bookingid": 2337
    },
    {
        "bookingid": 69
    },
    {
        "bookingid": 180
    },
    {
        "bookingid": 2087
    },
    {
        "bookingid": 440
    },
    {
        "bookingid": 2489
    },
    {
        "bookingid": 2792
    },
    {
        "bookingid": 2125
    },
    {
        "bookingid": 2703
    },
    {
        "bookingid": 2390
    },
    {
        "bookingid": 1840
    },
    {
        "bookingid": 102
    },
    {
        "bookingid": 1012
    },
    {
        "bookingid": 137
    },
    {
        "bookingid": 1946
    },
    {
        "bookingid": 1092
    },
    {
        "bookingid": 2392
    },
    {
        "bookingid": 2516
    },
    {
        "bookingid": 709
    },
    {
        "bookingid": 1277
    },
    {
        "bookingid": 2655
    },
    {
        "bookingid": 1916
    },
    {
        "bookingid": 2037
    },
    {
        "bookingid": 149
    },
    {
        "bookingid": 125
    },
    {
        "bookingid": 1175
    },
    {
        "bookingid": 2221
    },
    {
        "bookingid": 694
    },
    {
        "bookingid": 1064
    },
    {
        "bookingid": 1466
    },
    {
        "bookingid": 1312
    },
    {
        "bookingid": 2213
    },
    {
        "bookingid": 1261
    },
    {
        "bookingid": 2582
    },
    {
        "bookingid": 1309
    },
    {
        "bookingid": 2126
    },
    {
        "bookingid": 1750
    },
    {
        "bookingid": 564
    },
    {
        "bookingid": 2678
    },
    {
        "bookingid": 2092
    },
    {
        "bookingid": 1696
    },
    {
        "bookingid": 1953
    },
    {
        "bookingid": 2864
    },
    {
        "bookingid": 1924
    },
    {
        "bookingid": 354
    },
    {
        "bookingid": 1067
    },
    {
        "bookingid": 408
    },
    {
        "bookingid": 1932
    },
    {
        "bookingid": 550
    },
    {
        "bookingid": 2026
    },
    {
        "bookingid": 2473
    },
    {
        "bookingid": 1365
    },
    {
        "bookingid": 2580
    },
    {
        "bookingid": 2330
    },
    {
        "bookingid": 1211
    },
    {
        "bookingid": 630
    },
    {
        "bookingid": 1943
    },
    {
        "bookingid": 2155
    },
    {
        "bookingid": 57
    },
    {
        "bookingid": 908
    },
    {
        "bookingid": 1467
    },
    {
        "bookingid": 2295
    },
    {
        "bookingid": 407
    },
    {
        "bookingid": 1079
    },
    {
        "bookingid": 1155
    },
    {
        "bookingid": 1378
    },
    {
        "bookingid": 1170
    },
    {
        "bookingid": 1133
    },
    {
        "bookingid": 2365
    },
    {
        "bookingid": 1073
    },
    {
        "bookingid": 650
    },
    {
        "bookingid": 2400
    },
    {
        "bookingid": 2872
    },
    {
        "bookingid": 2454
    },
    {
        "bookingid": 209
    },
    {
        "bookingid": 1285
    },
    {
        "bookingid": 2195
    },
    {
        "bookingid": 1534
    },
    {
        "bookingid": 1165
    },
    {
        "bookingid": 967
    },
    {
        "bookingid": 2325
    },
    {
        "bookingid": 1572
    },
    {
        "bookingid": 833
    },
    {
        "bookingid": 21
    },
    {
        "bookingid": 1941
    },
    {
        "bookingid": 1017
    },
    {
        "bookingid": 1594
    },
    {
        "bookingid": 1454
    },
    {
        "bookingid": 973
    },
    {
        "bookingid": 1304
    },
    {
        "bookingid": 1437
    },
    {
        "bookingid": 845
    },
    {
        "bookingid": 2691
    },
    {
        "bookingid": 2556
    },
    {
        "bookingid": 557
    },
    {
        "bookingid": 2468
    },
    {
        "bookingid": 1810
    },
    {
        "bookingid": 586
    },
    {
        "bookingid": 51
    },
    {
        "bookingid": 2340
    },
    {
        "bookingid": 1893
    },
    {
        "bookingid": 1423
    },
    {
        "bookingid": 1540
    },
    {
        "bookingid": 622
    },
    {
        "bookingid": 1489
    },
    {
        "bookingid": 1209
    },
    {
        "bookingid": 2415
    },
    {
        "bookingid": 1972
    },
    {
        "bookingid": 799
    },
    {
        "bookingid": 2635
    },
    {
        "bookingid": 1247
    },
    {
        "bookingid": 2189
    },
    {
        "bookingid": 6
    },
    {
        "bookingid": 1631
    },
    {
        "bookingid": 2608
    },
    {
        "bookingid": 166
    },
    {
        "bookingid": 2804
    },
    {
        "bookingid": 1879
    },
    {
        "bookingid": 1510
    },
    {
        "bookingid": 2182
    },
    {
        "bookingid": 2438
    },
    {
        "bookingid": 1761
    },
    {
        "bookingid": 1153
    },
    {
        "bookingid": 436
    },
    {
        "bookingid": 2145
    },
    {
        "bookingid": 1845
    },
    {
        "bookingid": 78
    },
    {
        "bookingid": 601
    },
    {
        "bookingid": 400
    },
    {
        "bookingid": 1315
    },
    {
        "bookingid": 2079
    },
    {
        "bookingid": 2795
    },
    {
        "bookingid": 2544
    },
    {
        "bookingid": 112
    },
    {
        "bookingid": 2364
    },
    {
        "bookingid": 2881
    },
    {
        "bookingid": 875
    },
    {
        "bookingid": 2134
    },
    {
        "bookingid": 853
    },
    {
        "bookingid": 2285
    },
    {
        "bookingid": 536
    },
    {
        "bookingid": 320
    },
    {
        "bookingid": 255
    },
    {
        "bookingid": 2866
    },
    {
        "bookingid": 895
    },
    {
        "bookingid": 335
    },
    {
        "bookingid": 1046
    },
    {
        "bookingid": 1330
    },
    {
        "bookingid": 2218
    },
    {
        "bookingid": 1640
    },
    {
        "bookingid": 2381
    },
    {
        "bookingid": 2242
    },
    {
        "bookingid": 599
    },
    {
        "bookingid": 2546
    },
    {
        "bookingid": 2644
    },
    {
        "bookingid": 1218
    },
    {
        "bookingid": 36
    },
    {
        "bookingid": 1310
    },
    {
        "bookingid": 109
    },
    {
        "bookingid": 38
    },
    {
        "bookingid": 768
    },
    {
        "bookingid": 1712
    },
    {
        "bookingid": 183
    },
    {
        "bookingid": 301
    },
    {
        "bookingid": 299
    },
    {
        "bookingid": 2276
    },
    {
        "bookingid": 248
    },
    {
        "bookingid": 907
    },
    {
        "bookingid": 1201
    },
    {
        "bookingid": 2066
    },
    {
        "bookingid": 2774
    },
    {
        "bookingid": 603
    },
    {
        "bookingid": 1874
    },
    {
        "bookingid": 766
    },
    {
        "bookingid": 2780
    },
    {
        "bookingid": 1388
    },
    {
        "bookingid": 820
    },
    {
        "bookingid": 1632
    },
    {
        "bookingid": 1961
    },
    {
        "bookingid": 1622
    },
    {
        "bookingid": 492
    },
    {
        "bookingid": 906
    },
    {
        "bookingid": 261
    },
    {
        "bookingid": 2379
    },
    {
        "bookingid": 327
    },
    {
        "bookingid": 2859
    },
    {
        "bookingid": 19
    },
    {
        "bookingid": 2571
    },
    {
        "bookingid": 297
    },
    {
        "bookingid": 1920
    },
    {
        "bookingid": 1713
    },
    {
        "bookingid": 1897
    },
    {
        "bookingid": 1759
    },
    {
        "bookingid": 1139
    },
    {
        "bookingid": 2246
    },
    {
        "bookingid": 1068
    },
    {
        "bookingid": 2102
    },
    {
        "bookingid": 2279
    },
    {
        "bookingid": 32
    },
    {
        "bookingid": 328
    },
    {
        "bookingid": 2567
    },
    {
        "bookingid": 2829
    },
    {
        "bookingid": 1979
    },
    {
        "bookingid": 239
    },
    {
        "bookingid": 504
    },
    {
        "bookingid": 1719
    },
    {
        "bookingid": 249
    },
    {
        "bookingid": 591
    },
    {
        "bookingid": 1007
    },
    {
        "bookingid": 1982
    },
    {
        "bookingid": 2653
    },
    {
        "bookingid": 2009
    },
    {
        "bookingid": 402
    },
    {
        "bookingid": 2670
    },
    {
        "bookingid": 1702
    },
    {
        "bookingid": 638
    },
    {
        "bookingid": 435
    },
    {
        "bookingid": 2714
    },
    {
        "bookingid": 901
    },
    {
        "bookingid": 1346
    },
    {
        "bookingid": 2245
    },
    {
        "bookingid": 202
    },
    {
        "bookingid": 1459
    },
    {
        "bookingid": 987
    },
    {
        "bookingid": 1813
    },
    {
        "bookingid": 59
    },
    {
        "bookingid": 2321
    },
    {
        "bookingid": 2046
    },
    {
        "bookingid": 1420
    },
    {
        "bookingid": 1173
    },
    {
        "bookingid": 2372
    },
    {
        "bookingid": 1834
    },
    {
        "bookingid": 1303
    },
    {
        "bookingid": 2100
    },
    {
        "bookingid": 794
    },
    {
        "bookingid": 1325
    },
    {
        "bookingid": 2532
    },
    {
        "bookingid": 479
    },
    {
        "bookingid": 978
    },
    {
        "bookingid": 867
    },
    {
        "bookingid": 1676
    },
    {
        "bookingid": 319
    },
    {
        "bookingid": 227
    },
    {
        "bookingid": 1804
    },
    {
        "bookingid": 1832
    },
    {
        "bookingid": 1964
    },
    {
        "bookingid": 602
    },
    {
        "bookingid": 68
    },
    {
        "bookingid": 2551
    },
    {
        "bookingid": 617
    },
    {
        "bookingid": 72
    },
    {
        "bookingid": 2528
    },
    {
        "bookingid": 135
    },
    {
        "bookingid": 1566
    },
    {
        "bookingid": 1262
    },
    {
        "bookingid": 1195
    },
    {
        "bookingid": 1545
    },
    {
        "bookingid": 176
    },
    {
        "bookingid": 251
    },
    {
        "bookingid": 159
    },
    {
        "bookingid": 999
    },
    {
        "bookingid": 2784
    },
    {
        "bookingid": 481
    },
    {
        "bookingid": 2306
    },
    {
        "bookingid": 1124
    },
    {
        "bookingid": 1288
    },
    {
        "bookingid": 1430
    },
    {
        "bookingid": 2907
    },
    {
        "bookingid": 1762
    },
    {
        "bookingid": 2764
    },
    {
        "bookingid": 2057
    },
    {
        "bookingid": 2205
    },
    {
        "bookingid": 463
    },
    {
        "bookingid": 593
    },
    {
        "bookingid": 2921
    },
    {
        "bookingid": 1747
    },
    {
        "bookingid": 697
    },
    {
        "bookingid": 1045
    },
    {
        "bookingid": 1450
    },
    {
        "bookingid": 330
    },
    {
        "bookingid": 1599
    },
    {
        "bookingid": 1167
    },
    {
        "bookingid": 991
    },
    {
        "bookingid": 91
    },
    {
        "bookingid": 305
    },
    {
        "bookingid": 1586
    },
    {
        "bookingid": 1537
    },
    {
        "bookingid": 375
    },
    {
        "bookingid": 243
    },
    {
        "bookingid": 1565
    },
    {
        "bookingid": 364
    },
    {
        "bookingid": 1807
    },
    {
        "bookingid": 1605
    },
    {
        "bookingid": 1585
    },
    {
        "bookingid": 1301
    },
    {
        "bookingid": 1949
    },
    {
        "bookingid": 87
    },
    {
        "bookingid": 50
    },
    {
        "bookingid": 1664
    },
    {
        "bookingid": 2179
    },
    {
        "bookingid": 626
    },
    {
        "bookingid": 1107
    },
    {
        "bookingid": 2879
    },
    {
        "bookingid": 1643
    },
    {
        "bookingid": 355
    },
    {
        "bookingid": 1741
    }
]
Assertion pass for test_getBookingByIds
]]></system-out>
  </testcase>
  <testcase name="test_createToken" classname="api.test.RestfulBookerTest" time="1.59">
    <system-out><![CDATA[HTTP/1.1 200 OK
Server: Cowboy
Report-To: {"group":"heroku-nel","max_age":3600,"endpoints":[{"url":"https://nel.heroku.com/reports?ts=1703092656&sid=c46efe9b-d3d2-4a0c-8c76-bfafa16c5add&s=Cx5iMc1aAJgDzEN7SvdVkUzl6NObVZWI3CCxc%2FPCBxA%3D"}]}
Reporting-Endpoints: heroku-nel=https://nel.heroku.com/reports?ts=1703092656&sid=c46efe9b-d3d2-4a0c-8c76-bfafa16c5add&s=Cx5iMc1aAJgDzEN7SvdVkUzl6NObVZWI3CCxc%2FPCBxA%3D
Nel: {"report_to":"heroku-nel","max_age":3600,"success_fraction":0.005,"failure_fraction":0.05,"response_headers":["Via"]}
Connection: keep-alive
X-Powered-By: Express
Content-Type: application/json; charset=utf-8
Content-Length: 27
Etag: W/"1b-SRc9vfeDyGvM/QU5jIJRKP8MKco"
Date: Wed, 20 Dec 2023 17:17:36 GMT
Via: 1.1 vegur

{
    "token": "195ab63db42d34a"
}
Toekn Generated //////////////> 195ab63db42d34a
]]></system-out>
  </testcase>
  <testcase name="test_getBookingById" classname="api.test.RestfulBookerTest" time="1.838">
    <system-out><![CDATA[HTTP/1.1 200 OK
Server: Cowboy
Report-To: {"group":"heroku-nel","max_age":3600,"endpoints":[{"url":"https://nel.heroku.com/reports?ts=1703092658&sid=c46efe9b-d3d2-4a0c-8c76-bfafa16c5add&s=2DEqRRAOYlXEteOXZsXaumMb8LKxWlbm4AIs9XqyIBM%3D"}]}
Reporting-Endpoints: heroku-nel=https://nel.heroku.com/reports?ts=1703092658&sid=c46efe9b-d3d2-4a0c-8c76-bfafa16c5add&s=2DEqRRAOYlXEteOXZsXaumMb8LKxWlbm4AIs9XqyIBM%3D
Nel: {"report_to":"heroku-nel","max_age":3600,"success_fraction":0.005,"failure_fraction":0.05,"response_headers":["Via"]}
Connection: keep-alive
X-Powered-By: Express
Content-Type: application/json; charset=utf-8
Content-Length: 169
Etag: W/"a9-KuFvi9YaOkE55dVwlMx2WHQ43Mg"
Date: Wed, 20 Dec 2023 17:17:38 GMT
Via: 1.1 vegur

{
    "firstname": "Jake",
    "lastname": "Smith",
    "totalprice": 111,
    "depositpaid": true,
    "bookingdates": {
        "checkin": "2018-01-01",
        "checkout": "2019-01-01"
    },
    "additionalneeds": "Breakfast"
}
]]></system-out>
  </testcase>
  <testcase name="test_createBooking" classname="api.test.RestfulBookerTest" time="1.69">
    <system-out><![CDATA[HTTP/1.1 200 OK
Server: Cowboy
Report-To: {"group":"heroku-nel","max_age":3600,"endpoints":[{"url":"https://nel.heroku.com/reports?ts=1703092660&sid=c46efe9b-d3d2-4a0c-8c76-bfafa16c5add&s=%2FwCv1MZbudSroMskDtt%2FJ6zeZAXsrmhZmeLL28tq51E%3D"}]}
Reporting-Endpoints: heroku-nel=https://nel.heroku.com/reports?ts=1703092660&sid=c46efe9b-d3d2-4a0c-8c76-bfafa16c5add&s=%2FwCv1MZbudSroMskDtt%2FJ6zeZAXsrmhZmeLL28tq51E%3D
Nel: {"report_to":"heroku-nel","max_age":3600,"success_fraction":0.005,"failure_fraction":0.05,"response_headers":["Via"]}
Connection: keep-alive
X-Powered-By: Express
Content-Type: application/json; charset=utf-8
Content-Length: 197
Etag: W/"c5-ii79nz+fkm5gom8rkkwYEutv5/U"
Date: Wed, 20 Dec 2023 17:17:40 GMT
Via: 1.1 vegur

{
    "bookingid": 2975,
    "booking": {
        "firstname": "Davidd",
        "lastname": "Joee",
        "totalprice": 111,
        "depositpaid": false,
        "bookingdates": {
            "checkin": "2023-12-19",
            "checkout": "2023-12-23"
        },
        "additionalneeds": "Dinner"
    }
}
Generated booking id-------->>2975
]]></system-out>
  </testcase>
  <testcase name="patchBooking" classname="api.test.RestfulBookerTest" time="1.625">
    <system-out><![CDATA[HTTP/1.1 200 OK
Server: Cowboy
Report-To: {"group":"heroku-nel","max_age":3600,"endpoints":[{"url":"https://nel.heroku.com/reports?ts=1703092661&sid=c46efe9b-d3d2-4a0c-8c76-bfafa16c5add&s=sXWN4i4vQQOKE8MoxLwy1u0%2BGs%2BwzMq66NB2raiDHF0%3D"}]}
Reporting-Endpoints: heroku-nel=https://nel.heroku.com/reports?ts=1703092661&sid=c46efe9b-d3d2-4a0c-8c76-bfafa16c5add&s=sXWN4i4vQQOKE8MoxLwy1u0%2BGs%2BwzMq66NB2raiDHF0%3D
Nel: {"report_to":"heroku-nel","max_age":3600,"success_fraction":0.005,"failure_fraction":0.05,"response_headers":["Via"]}
Connection: keep-alive
X-Powered-By: Express
Content-Type: application/json; charset=utf-8
Content-Length: 167
Etag: W/"a7-0FQsp32wmE+0hpCuhk98ODeZlXw"
Date: Wed, 20 Dec 2023 17:17:41 GMT
Via: 1.1 vegur

{
    "firstname": "Madan",
    "lastname": "Asis",
    "totalprice": 111,
    "depositpaid": false,
    "bookingdates": {
        "checkin": "2023-12-19",
        "checkout": "2023-12-23"
    },
    "additionalneeds": "Dinner"
}
]]></system-out>
  </testcase>
  <testcase name="test_dataDrivenCreateBooking[Manisha, Koirala, 3232, true, 12/12/23, 12/14/23, Tour](1)" classname="api.test.RestfulBookerTest" time="1.899">
    <system-out><![CDATA[
================PRINTING ALL DATA FROM EXCEL============================
1<--row-|-col-->7
Manisha | Koirala | 3232 | true | 12/12/23 | 12/14/23 | Tour | 

=====================END=======================
HTTP/1.1 200 OK
Server: Cowboy
Report-To: {"group":"heroku-nel","max_age":3600,"endpoints":[{"url":"https://nel.heroku.com/reports?ts=1703092665&sid=c46efe9b-d3d2-4a0c-8c76-bfafa16c5add&s=dA9WcuwIAsImvrmhGUvT76yquSH5mV7WOeMFVdd03Uw%3D"}]}
Reporting-Endpoints: heroku-nel=https://nel.heroku.com/reports?ts=1703092665&sid=c46efe9b-d3d2-4a0c-8c76-bfafa16c5add&s=dA9WcuwIAsImvrmhGUvT76yquSH5mV7WOeMFVdd03Uw%3D
Nel: {"report_to":"heroku-nel","max_age":3600,"success_fraction":0.005,"failure_fraction":0.05,"response_headers":["Via"]}
Connection: keep-alive
X-Powered-By: Express
Content-Type: application/json; charset=utf-8
Content-Length: 199
Etag: W/"c7-QOe7aDUy6smspeEWteOL9bL2NCY"
Date: Wed, 20 Dec 2023 17:17:45 GMT
Via: 1.1 vegur

{
    "bookingid": 3021,
    "booking": {
        "firstname": "Manisha",
        "lastname": "Koirala",
        "totalprice": 3232,
        "depositpaid": true,
        "bookingdates": {
            "checkin": "2023-12-12",
            "checkout": "2023-12-14"
        },
        "additionalneeds": "Tour"
    }
}
]]></system-out>
  </testcase>
  <testcase name="testGetStatusCode" classname="api.test.RegressionTest" time="1.756">
    <system-out><![CDATA[HTTP/1.1 200 OK
Date: Wed, 20 Dec 2023 17:17:47 GMT
Content-Type: application/json; charset=utf-8
Content-Length: 400
Connection: keep-alive
ETag: W/"190-73C1V4WXZZtEIlREoe0OtIe5LM4"
set-cookie: sails.sid=s%3A1WgZCaWtVSlW_kAgq3MwLt4iYnyThzzx.7LQUYjRXzfKi5ycRLzafTQadJqgKdhZ8OpUI%2B7hTde0; Path=/; HttpOnly

{
    "args": {
        
    },
    "headers": {
        "x-forwarded-proto": "https",
        "x-forwarded-port": "443",
        "host": "postman-echo.com",
        "x-amzn-trace-id": "Root=1-658321bb-2535bc9b0222683b209d4888",
        "content-type": "application/json",
        "accept": "*/*",
        "user-agent": "Apache-HttpClient/4.5.13 (Java/20.0.2)",
        "accept-encoding": "gzip,deflate"
    },
    "url": "https://postman-echo.com/get"
}
Assertion Pass
]]></system-out>
  </testcase>
  <testcase name="testJsonSchemaVerify" classname="api.test.RegressionTest" time="2.178">
    <system-out><![CDATA[{"firstname":"Name1","additionalneeds":"RoamAround","bookingdates":{"checkin":"2033-01-01","checkout":"2034-01-01"},"totalprice":333,"depositpaid":false,"lastname":"JohnJony"}
HTTP/1.1 200 OK
Server: Cowboy
Report-To: {"group":"heroku-nel","max_age":3600,"endpoints":[{"url":"https://nel.heroku.com/reports?ts=1703092669&sid=c46efe9b-d3d2-4a0c-8c76-bfafa16c5add&s=b9OHr0af%2FsZo5fZGJ%2B19P0aD%2Fq9KxCoT0wK%2BKCol%2Br0%3D"}]}
Reporting-Endpoints: heroku-nel=https://nel.heroku.com/reports?ts=1703092669&sid=c46efe9b-d3d2-4a0c-8c76-bfafa16c5add&s=b9OHr0af%2FsZo5fZGJ%2B19P0aD%2Fq9KxCoT0wK%2BKCol%2Br0%3D
Nel: {"report_to":"heroku-nel","max_age":3600,"success_fraction":0.005,"failure_fraction":0.05,"response_headers":["Via"]}
Connection: keep-alive
X-Powered-By: Express
Content-Type: application/json; charset=utf-8
Content-Length: 204
Etag: W/"cc-1cadfJEJSF731/5p8kFr545TPjI"
Date: Wed, 20 Dec 2023 17:17:49 GMT
Via: 1.1 vegur

{
    "bookingid": 3064,
    "booking": {
        "firstname": "Name1",
        "lastname": "JohnJony",
        "totalprice": 333,
        "depositpaid": false,
        "bookingdates": {
            "checkin": "2033-01-01",
            "checkout": "2034-01-01"
        },
        "additionalneeds": "RoamAround"
    }
}
]]></system-out>
  </testcase>
</testsuite>