<?xml version="1.0" encoding="UTF-8"?>
<!-- Generated by org.testng.reporters.JUnitReportReporter -->
<testsuite hostname="LAPTOP-8USUBBG6" failures="0" tests="5" name="api.test.RestfulBookerTest" time="27.532" errors="0" timestamp="2023-12-17T22:10:07 IST" skipped="0">
  <testcase classname="api.test.RestfulBookerTest" name="test_getBookingByIds" time="16.919"/>
  <testcase classname="api.test.RestfulBookerTest" name="test_createToken" time="3.362"/>
  <testcase classname="api.test.RestfulBookerTest" name="test_getBookingById" time="2.390"/>
  <testcase classname="api.test.RestfulBookerTest" name="test_createBooking" time="2.888"/>
  <testcase classname="api.test.RestfulBookerTest" name="patchBooking" time="1.973"/>
</testsuite> <!-- api.test.RestfulBookerTest -->
