<?xml version="1.0" encoding="UTF-8"?>
<!-- Generated by org.testng.reporters.JUnitReportReporter -->
<testsuite hostname="LAPTOP-8USUBBG6" failures="0" tests="3" name="api.test.BookTest" time="10.135" errors="0" timestamp="2023-12-10T15:06:24 IST" skipped="0">
  <testcase classname="api.test.BookTest" name="test_createBook" time="3.671"/>
  <testcase classname="api.test.BookTest" name="test_getAllBooks" time="4.826"/>
  <testcase classname="api.test.BookTest" name="test_updateBook" time="1.638"/>
</testsuite> <!-- api.test.BookTest -->
