<?xml version="1.0" encoding="UTF-8"?>
<!-- Generated by org.testng.reporters.JUnitReportReporter -->
<testsuite hostname="LAPTOP-8USUBBG6" failures="0" tests="2" name="api.test.RegressionTest" time="5.678" errors="0" timestamp="2023-12-20T22:45:54 IST" skipped="0">
  <testcase classname="api.test.RegressionTest" name="testGetStatusCode" time="3.902"/>
  <testcase classname="api.test.RegressionTest" name="testJsonSchemaVerify" time="1.776"/>
</testsuite> <!-- api.test.RegressionTest -->
