<?xml version="1.0" encoding="UTF-8"?>
<!-- Generated by org.testng.reporters.JUnitReportReporter -->
<testsuite hostname="LAPTOP-8USUBBG6" failures="0" tests="3" name="api.test.BookTest" time="24.345" errors="0" timestamp="2023-12-17T22:10:07 IST" skipped="0">
  <testcase classname="api.test.BookTest" name="test_createBook" time="3.602"/>
  <testcase classname="api.test.BookTest" name="test_updateBook" time="0.929"/>
  <testcase classname="api.test.BookTest" name="test_getAllBooks" time="19.814"/>
</testsuite> <!-- api.test.BookTest -->
