<?xml version="1.0" encoding="UTF-8"?>
<!-- Generated by org.testng.reporters.JUnitReportReporter -->
<testsuite hostname="LAPTOP-8USUBBG6" failures="0" tests="1" name="api.test.RestfulBookerTest" time="2.975" errors="0" timestamp="2023-12-18T20:31:37 IST" skipped="0">
  <testcase classname="api.test.RestfulBookerTest" name="test_dataDrivenCreateBooking" time="2.975"/>
</testsuite> <!-- api.test.RestfulBookerTest -->
