<?xml version="1.0" encoding="UTF-8"?>
<!-- Generated by org.testng.reporters.JUnitReportReporter -->
<testsuite hostname="LAPTOP-8USUBBG6" failures="0" tests="3" name="api.test.BookTest" time="30.487" errors="0" timestamp="2023-12-20T22:47:51 IST" skipped="0">
  <testcase classname="api.test.BookTest" name="test_getAllBooks" time="25.763"/>
  <testcase classname="api.test.BookTest" name="test_createBook" time="3.548"/>
  <testcase classname="api.test.BookTest" name="test_updateBook" time="1.176"/>
</testsuite> <!-- api.test.BookTest -->
