<?xml version="1.0" encoding="UTF-8"?>
<!-- Generated by org.testng.reporters.JUnitReportReporter -->
<testsuite hostname="LAPTOP-8USUBBG6" failures="0" tests="2" name="api.test.RegressionTest" time="3.937" errors="0" timestamp="2023-12-20T22:47:51 IST" skipped="0">
  <testcase classname="api.test.RegressionTest" name="testGetStatusCode" time="1.758"/>
  <testcase classname="api.test.RegressionTest" name="testJsonSchemaVerify" time="2.179"/>
</testsuite> <!-- api.test.RegressionTest -->
