<?xml version="1.0" encoding="UTF-8"?>
<!-- Generated by org.testng.reporters.JUnitReportReporter -->
<testsuite hostname="LAPTOP-8USUBBG6" failures="0" tests="6" name="api.test.RestfulBookerTest" time="10.921" errors="0" timestamp="2023-12-20T22:47:51 IST" skipped="0">
  <testcase classname="api.test.RestfulBookerTest" name="test_getBookingByIds" time="2.027"/>
  <testcase classname="api.test.RestfulBookerTest" name="test_createToken" time="1.852"/>
  <testcase classname="api.test.RestfulBookerTest" name="test_getBookingById" time="1.831"/>
  <testcase classname="api.test.RestfulBookerTest" name="test_createBooking" time="1.684"/>
  <testcase classname="api.test.RestfulBookerTest" name="patchBooking" time="1.627"/>
  <testcase classname="api.test.RestfulBookerTest" name="test_dataDrivenCreateBooking" time="1.900"/>
</testsuite> <!-- api.test.RestfulBookerTest -->
