<?xml version="1.0" encoding="UTF-8"?>
<!-- Generated by org.testng.reporters.JUnitReportReporter -->
<testsuite hostname="LAPTOP-8USUBBG6" failures="0" tests="6" name="api.test.RestfulBookerTest" time="22.287" errors="0" timestamp="2023-12-18T20:33:48 IST" skipped="0">
  <testcase classname="api.test.RestfulBookerTest" name="test_getBookingByIds" time="1.912"/>
  <testcase classname="api.test.RestfulBookerTest" name="test_createToken" time="3.453"/>
  <testcase classname="api.test.RestfulBookerTest" name="test_getBookingById" time="10.663"/>
  <testcase classname="api.test.RestfulBookerTest" name="test_createBooking" time="2.411"/>
  <testcase classname="api.test.RestfulBookerTest" name="patchBooking" time="2.260"/>
  <testcase classname="api.test.RestfulBookerTest" name="test_dataDrivenCreateBooking" time="1.588"/>
</testsuite> <!-- api.test.RestfulBookerTest -->
