<?xml version="1.0" encoding="UTF-8"?>
<!-- Generated by org.testng.reporters.JUnitReportReporter -->
<testsuite hostname="LAPTOP-8USUBBG6" failures="0" tests="5" name="api.test.RestfulBookerTest" time="17.202" errors="0" timestamp="2023-12-17T22:12:40 IST" skipped="0">
  <testcase classname="api.test.RestfulBookerTest" name="test_getBookingByIds" time="7.297"/>
  <testcase classname="api.test.RestfulBookerTest" name="test_createToken" time="1.570"/>
  <testcase classname="api.test.RestfulBookerTest" name="test_getBookingById" time="2.634"/>
  <testcase classname="api.test.RestfulBookerTest" name="test_createBooking" time="3.617"/>
  <testcase classname="api.test.RestfulBookerTest" name="patchBooking" time="2.084"/>
</testsuite> <!-- api.test.RestfulBookerTest -->
