<?xml version="1.0" encoding="UTF-8"?>
<!-- Generated by org.testng.reporters.JUnitReportReporter -->
<testsuite hostname="LAPTOP-8USUBBG6" failures="0" tests="3" name="api.test.BookTest" time="46.733" errors="0" timestamp="2023-12-18T20:33:48 IST" skipped="0">
  <testcase classname="api.test.BookTest" name="test_createBook" time="3.208"/>
  <testcase classname="api.test.BookTest" name="test_getAllBooks" time="38.886"/>
  <testcase classname="api.test.BookTest" name="test_updateBook" time="4.639"/>
</testsuite> <!-- api.test.BookTest -->
