<?xml version="1.0" encoding="UTF-8"?>
<!-- Generated by org.testng.reporters.JUnitReportReporter -->
<testsuite hostname="LAPTOP-8USUBBG6" failures="0" tests="3" name="api.test.BookTest" time="12.980" errors="0" timestamp="2023-12-17T22:12:41 IST" skipped="0">
  <testcase classname="api.test.BookTest" name="test_createBook" time="3.151"/>
  <testcase classname="api.test.BookTest" name="test_getAllBooks" time="8.967"/>
  <testcase classname="api.test.BookTest" name="test_updateBook" time="0.862"/>
</testsuite> <!-- api.test.BookTest -->
